WARN: Unable to import optimizer(s) from expr_templates.py: No module named 'sympy'
WARNING: Failed to import handlers from convolution.py: No module named 'torch'.
WARNING: Failed to import handlers from core.py: No module named 'torch'.
WARNING: Failed to import handlers from merge.py: No module named 'torch'.
WARNING: Failed to import handlers from pooling.py: No module named 'torch'.
WARNING: Failed to import handlers from reshape.py: No module named 'torch'.
Total time: 5042.726474523544
Time per execution: 100.85452970027923
Time per epoch: 4.034181191635132
Total time: 5153.905813932419
Time per execution: 103.07811650276184
Time per epoch: 4.123124664306641
Total time: 5161.325625181198
Time per execution: 103.22651268482208
Time per epoch: 4.12906051120758
Total time: 5036.636930465698
Time per execution: 100.73273883342743
Time per epoch: 4.0293095579147336
Total time: 5948.258626699448
Time per execution: 118.96517275810241
Time per epoch: 4.758606913757324
Total time: 26472.356800556183
