#-----------------------------------------------------------
# Vivado v2024.1 (64-bit)
# SW Build 5076996 on Wed May 22 18:36:09 MDT 2024
# IP Build 5075265 on Wed May 22 21:45:21 MDT 2024
# SharedData Build 5076995 on Wed May 22 18:29:18 MDT 2024
# Start of session at: Mon Feb 23 22:19:26 2026
# Process ID: 1690293
# Current directory: /home/youeric/PixelML/SmartpixReal/Muon_Collider_Smart_Pixels/eric/eric_new_smaller_2_23_run/hls_outputs/hls_model_trial_134
# Command line: vivado -mode batch -source vivado_synth.tcl
# Log file: /home/youeric/PixelML/SmartpixReal/Muon_Collider_Smart_Pixels/eric/eric_new_smaller_2_23_run/hls_outputs/hls_model_trial_134/vivado.log
# Journal file: /home/youeric/PixelML/SmartpixReal/Muon_Collider_Smart_Pixels/eric/eric_new_smaller_2_23_run/hls_outputs/hls_model_trial_134/vivado.jou
# Running On        :kdplab01
# Platform          :unknown
# Operating System  :unknown
# Processor Detail  :Intel(R) Xeon(R) Silver 4314 CPU @ 2.40GHz
# CPU Frequency     :2900.000 MHz
# CPU Physical cores:32
# CPU Logical cores :64
# Host memory       :134212 MB
# Swap memory       :4294 MB
# Total Virtual     :138507 MB
# Available Virtual :96830 MB
#-----------------------------------------------------------
source vivado_synth.tcl
# set tcldir [file dirname [info script]]
# source [file join $tcldir project.tcl]
## variable project_name
## set project_name "myproject"
## variable backend
## set backend "vivado"
## variable part
## set part "xc7z020clg400-1"
## variable clock_period
## set clock_period 5
## variable clock_uncertainty
## set clock_uncertainty 12.5%
## variable version
## set version "1.0.0"
# add_files ${project_name}_prj/solution1/syn/vhdl
add_files: Time (s): cpu = 00:00:05 ; elapsed = 00:00:06 . Memory (MB): peak = 1674.051 ; gain = 42.836 ; free physical = 73791 ; free virtual = 91622
# synth_design -top ${project_name} -part $part
Command: synth_design -top myproject -part xc7z020clg400-1
Starting synth_design
Attempting to get a license for feature 'Synthesis' and/or device 'xc7z020'
INFO: [Common 17-349] Got license for feature 'Synthesis' and/or device 'xc7z020'
INFO: [Synth 8-7079] Multithreading enabled for synth_design using a maximum of 4 processes.
INFO: [Synth 8-7078] Launching helper process for spawning children vivado processes
INFO: [Synth 8-7075] Helper process launched with PID 1708139
---------------------------------------------------------------------------------
Starting Synthesize : Time (s): cpu = 00:00:04 ; elapsed = 00:00:04 . Memory (MB): peak = 2105.641 ; gain = 425.629 ; free physical = 73377 ; free virtual = 91217
---------------------------------------------------------------------------------
INFO: [Synth 8-638] synthesizing module 'myproject' [/home/youeric/PixelML/SmartpixReal/Muon_Collider_Smart_Pixels/eric/eric_new_smaller_2_23_run/hls_outputs/hls_model_trial_134/myproject_prj/solution1/syn/vhdl/myproject.vhd:34]
INFO: [Synth 8-3491] module 'myproject_concatenate1d_ap_fixed_ap_fixed_ap_fixed_16_6_5_3_0_config3_s' declared at '/home/youeric/PixelML/SmartpixReal/Muon_Collider_Smart_Pixels/eric/eric_new_smaller_2_23_run/hls_outputs/hls_model_trial_134/myproject_prj/solution1/syn/vhdl/myproject_concatenate1d_ap_fixed_ap_fixed_ap_fixed_16_6_5_3_0_config3_s.vhd:11' bound to instance 'call_ret1_concatenate1d_ap_fixed_ap_fixed_ap_fixed_16_6_5_3_0_config3_s_fu_145' of component 'myproject_concatenate1d_ap_fixed_ap_fixed_ap_fixed_16_6_5_3_0_config3_s' [/home/youeric/PixelML/SmartpixReal/Muon_Collider_Smart_Pixels/eric/eric_new_smaller_2_23_run/hls_outputs/hls_model_trial_134/myproject_prj/solution1/syn/vhdl/myproject.vhd:2670]
INFO: [Synth 8-638] synthesizing module 'myproject_concatenate1d_ap_fixed_ap_fixed_ap_fixed_16_6_5_3_0_config3_s' [/home/youeric/PixelML/SmartpixReal/Muon_Collider_Smart_Pixels/eric/eric_new_smaller_2_23_run/hls_outputs/hls_model_trial_134/myproject_prj/solution1/syn/vhdl/myproject_concatenate1d_ap_fixed_ap_fixed_ap_fixed_16_6_5_3_0_config3_s.vhd:54]
INFO: [Synth 8-256] done synthesizing module 'myproject_concatenate1d_ap_fixed_ap_fixed_ap_fixed_16_6_5_3_0_config3_s' (0#1) [/home/youeric/PixelML/SmartpixReal/Muon_Collider_Smart_Pixels/eric/eric_new_smaller_2_23_run/hls_outputs/hls_model_trial_134/myproject_prj/solution1/syn/vhdl/myproject_concatenate1d_ap_fixed_ap_fixed_ap_fixed_16_6_5_3_0_config3_s.vhd:54]
INFO: [Synth 8-3491] module 'myproject_concatenate1d_ap_fixed_ap_fixed_ap_fixed_16_6_5_3_0_config7_s' declared at '/home/youeric/PixelML/SmartpixReal/Muon_Collider_Smart_Pixels/eric/eric_new_smaller_2_23_run/hls_outputs/hls_model_trial_134/myproject_prj/solution1/syn/vhdl/myproject_concatenate1d_ap_fixed_ap_fixed_ap_fixed_16_6_5_3_0_config7_s.vhd:11' bound to instance 'call_ret2_concatenate1d_ap_fixed_ap_fixed_ap_fixed_16_6_5_3_0_config7_s_fu_153' of component 'myproject_concatenate1d_ap_fixed_ap_fixed_ap_fixed_16_6_5_3_0_config7_s' [/home/youeric/PixelML/SmartpixReal/Muon_Collider_Smart_Pixels/eric/eric_new_smaller_2_23_run/hls_outputs/hls_model_trial_134/myproject_prj/solution1/syn/vhdl/myproject.vhd:2711]
INFO: [Synth 8-638] synthesizing module 'myproject_concatenate1d_ap_fixed_ap_fixed_ap_fixed_16_6_5_3_0_config7_s' [/home/youeric/PixelML/SmartpixReal/Muon_Collider_Smart_Pixels/eric/eric_new_smaller_2_23_run/hls_outputs/hls_model_trial_134/myproject_prj/solution1/syn/vhdl/myproject_concatenate1d_ap_fixed_ap_fixed_ap_fixed_16_6_5_3_0_config7_s.vhd:88]
INFO: [Synth 8-256] done synthesizing module 'myproject_concatenate1d_ap_fixed_ap_fixed_ap_fixed_16_6_5_3_0_config7_s' (0#1) [/home/youeric/PixelML/SmartpixReal/Muon_Collider_Smart_Pixels/eric/eric_new_smaller_2_23_run/hls_outputs/hls_model_trial_134/myproject_prj/solution1/syn/vhdl/myproject_concatenate1d_ap_fixed_ap_fixed_ap_fixed_16_6_5_3_0_config7_s.vhd:88]
INFO: [Synth 8-3491] module 'myproject_dense_latency_ap_fixed_16_6_5_3_0_ap_fixed_16_6_5_3_0_config9_s' declared at '/home/youeric/PixelML/SmartpixReal/Muon_Collider_Smart_Pixels/eric/eric_new_smaller_2_23_run/hls_outputs/hls_model_trial_134/myproject_prj/solution1/syn/vhdl/myproject_dense_latency_ap_fixed_16_6_5_3_0_ap_fixed_16_6_5_3_0_config9_s.vhd:11' bound to instance 'grp_dense_latency_ap_fixed_16_6_5_3_0_ap_fixed_16_6_5_3_0_config9_s_fu_193' of component 'myproject_dense_latency_ap_fixed_16_6_5_3_0_ap_fixed_16_6_5_3_0_config9_s' [/home/youeric/PixelML/SmartpixReal/Muon_Collider_Smart_Pixels/eric/eric_new_smaller_2_23_run/hls_outputs/hls_model_trial_134/myproject_prj/solution1/syn/vhdl/myproject.vhd:2786]
INFO: [Synth 8-638] synthesizing module 'myproject_dense_latency_ap_fixed_16_6_5_3_0_ap_fixed_16_6_5_3_0_config9_s' [/home/youeric/PixelML/SmartpixReal/Muon_Collider_Smart_Pixels/eric/eric_new_smaller_2_23_run/hls_outputs/hls_model_trial_134/myproject_prj/solution1/syn/vhdl/myproject_dense_latency_ap_fixed_16_6_5_3_0_ap_fixed_16_6_5_3_0_config9_s.vhd:174]
INFO: [Synth 8-256] done synthesizing module 'myproject_dense_latency_ap_fixed_16_6_5_3_0_ap_fixed_16_6_5_3_0_config9_s' (0#1) [/home/youeric/PixelML/SmartpixReal/Muon_Collider_Smart_Pixels/eric/eric_new_smaller_2_23_run/hls_outputs/hls_model_trial_134/myproject_prj/solution1/syn/vhdl/myproject_dense_latency_ap_fixed_16_6_5_3_0_ap_fixed_16_6_5_3_0_config9_s.vhd:174]
INFO: [Synth 8-3491] module 'myproject_concatenate1d_ap_fixed_ap_fixed_ap_fixed_16_6_5_3_0_config8_s' declared at '/home/youeric/PixelML/SmartpixReal/Muon_Collider_Smart_Pixels/eric/eric_new_smaller_2_23_run/hls_outputs/hls_model_trial_134/myproject_prj/solution1/syn/vhdl/myproject_concatenate1d_ap_fixed_ap_fixed_ap_fixed_16_6_5_3_0_config8_s.vhd:11' bound to instance 'call_ret3_concatenate1d_ap_fixed_ap_fixed_ap_fixed_16_6_5_3_0_config8_s_fu_232' of component 'myproject_concatenate1d_ap_fixed_ap_fixed_ap_fixed_16_6_5_3_0_config8_s' [/home/youeric/PixelML/SmartpixReal/Muon_Collider_Smart_Pixels/eric/eric_new_smaller_2_23_run/hls_outputs/hls_model_trial_134/myproject_prj/solution1/syn/vhdl/myproject.vhd:2947]
INFO: [Synth 8-638] synthesizing module 'myproject_concatenate1d_ap_fixed_ap_fixed_ap_fixed_16_6_5_3_0_config8_s' [/home/youeric/PixelML/SmartpixReal/Muon_Collider_Smart_Pixels/eric/eric_new_smaller_2_23_run/hls_outputs/hls_model_trial_134/myproject_prj/solution1/syn/vhdl/myproject_concatenate1d_ap_fixed_ap_fixed_ap_fixed_16_6_5_3_0_config8_s.vhd:22]
INFO: [Synth 8-256] done synthesizing module 'myproject_concatenate1d_ap_fixed_ap_fixed_ap_fixed_16_6_5_3_0_config8_s' (0#1) [/home/youeric/PixelML/SmartpixReal/Muon_Collider_Smart_Pixels/eric/eric_new_smaller_2_23_run/hls_outputs/hls_model_trial_134/myproject_prj/solution1/syn/vhdl/myproject_concatenate1d_ap_fixed_ap_fixed_ap_fixed_16_6_5_3_0_config8_s.vhd:22]
INFO: [Synth 8-3491] module 'myproject_dense_latency_ap_fixed_16_6_5_3_0_ap_fixed_16_6_5_3_0_config11_s' declared at '/home/youeric/PixelML/SmartpixReal/Muon_Collider_Smart_Pixels/eric/eric_new_smaller_2_23_run/hls_outputs/hls_model_trial_134/myproject_prj/solution1/syn/vhdl/myproject_dense_latency_ap_fixed_16_6_5_3_0_ap_fixed_16_6_5_3_0_config11_s.vhd:11' bound to instance 'grp_dense_latency_ap_fixed_16_6_5_3_0_ap_fixed_16_6_5_3_0_config11_s_fu_238' of component 'myproject_dense_latency_ap_fixed_16_6_5_3_0_ap_fixed_16_6_5_3_0_config11_s' [/home/youeric/PixelML/SmartpixReal/Muon_Collider_Smart_Pixels/eric/eric_new_smaller_2_23_run/hls_outputs/hls_model_trial_134/myproject_prj/solution1/syn/vhdl/myproject.vhd:2956]
INFO: [Synth 8-638] synthesizing module 'myproject_dense_latency_ap_fixed_16_6_5_3_0_ap_fixed_16_6_5_3_0_config11_s' [/home/youeric/PixelML/SmartpixReal/Muon_Collider_Smart_Pixels/eric/eric_new_smaller_2_23_run/hls_outputs/hls_model_trial_134/myproject_prj/solution1/syn/vhdl/myproject_dense_latency_ap_fixed_16_6_5_3_0_ap_fixed_16_6_5_3_0_config11_s.vhd:35]
	Parameter ID bound to: 1 - type: integer 
	Parameter NUM_STAGE bound to: 2 - type: integer 
	Parameter din0_WIDTH bound to: 16 - type: integer 
	Parameter din1_WIDTH bound to: 6 - type: integer 
	Parameter dout_WIDTH bound to: 21 - type: integer 
INFO: [Synth 8-3491] module 'myproject_mul_16s_6ns_21_2_1' declared at '/home/youeric/PixelML/SmartpixReal/Muon_Collider_Smart_Pixels/eric/eric_new_smaller_2_23_run/hls_outputs/hls_model_trial_134/myproject_prj/solution1/syn/vhdl/myproject_mul_16s_6ns_21_2_1.vhd:7' bound to instance 'mul_16s_6ns_21_2_1_U75' of component 'myproject_mul_16s_6ns_21_2_1' [/home/youeric/PixelML/SmartpixReal/Muon_Collider_Smart_Pixels/eric/eric_new_smaller_2_23_run/hls_outputs/hls_model_trial_134/myproject_prj/solution1/syn/vhdl/myproject_dense_latency_ap_fixed_16_6_5_3_0_ap_fixed_16_6_5_3_0_config11_s.vhd:185]
INFO: [Synth 8-638] synthesizing module 'myproject_mul_16s_6ns_21_2_1' [/home/youeric/PixelML/SmartpixReal/Muon_Collider_Smart_Pixels/eric/eric_new_smaller_2_23_run/hls_outputs/hls_model_trial_134/myproject_prj/solution1/syn/vhdl/myproject_mul_16s_6ns_21_2_1.vhd:27]
	Parameter ID bound to: 1 - type: integer 
	Parameter NUM_STAGE bound to: 2 - type: integer 
	Parameter din0_WIDTH bound to: 16 - type: integer 
	Parameter din1_WIDTH bound to: 6 - type: integer 
	Parameter dout_WIDTH bound to: 21 - type: integer 
INFO: [Synth 8-256] done synthesizing module 'myproject_mul_16s_6ns_21_2_1' (0#1) [/home/youeric/PixelML/SmartpixReal/Muon_Collider_Smart_Pixels/eric/eric_new_smaller_2_23_run/hls_outputs/hls_model_trial_134/myproject_prj/solution1/syn/vhdl/myproject_mul_16s_6ns_21_2_1.vhd:27]
	Parameter ID bound to: 1 - type: integer 
	Parameter NUM_STAGE bound to: 2 - type: integer 
	Parameter din0_WIDTH bound to: 16 - type: integer 
	Parameter din1_WIDTH bound to: 6 - type: integer 
	Parameter dout_WIDTH bound to: 21 - type: integer 
INFO: [Synth 8-3491] module 'myproject_mul_16s_6ns_21_2_1' declared at '/home/youeric/PixelML/SmartpixReal/Muon_Collider_Smart_Pixels/eric/eric_new_smaller_2_23_run/hls_outputs/hls_model_trial_134/myproject_prj/solution1/syn/vhdl/myproject_mul_16s_6ns_21_2_1.vhd:7' bound to instance 'mul_16s_6ns_21_2_1_U76' of component 'myproject_mul_16s_6ns_21_2_1' [/home/youeric/PixelML/SmartpixReal/Muon_Collider_Smart_Pixels/eric/eric_new_smaller_2_23_run/hls_outputs/hls_model_trial_134/myproject_prj/solution1/syn/vhdl/myproject_dense_latency_ap_fixed_16_6_5_3_0_ap_fixed_16_6_5_3_0_config11_s.vhd:200]
INFO: [Synth 8-256] done synthesizing module 'myproject_dense_latency_ap_fixed_16_6_5_3_0_ap_fixed_16_6_5_3_0_config11_s' (0#1) [/home/youeric/PixelML/SmartpixReal/Muon_Collider_Smart_Pixels/eric/eric_new_smaller_2_23_run/hls_outputs/hls_model_trial_134/myproject_prj/solution1/syn/vhdl/myproject_dense_latency_ap_fixed_16_6_5_3_0_ap_fixed_16_6_5_3_0_config11_s.vhd:35]
INFO: [Synth 8-3491] module 'myproject_relu_ap_fixed_16_6_5_3_0_ap_ufixed_8_0_4_0_0_relu_config13_s' declared at '/home/youeric/PixelML/SmartpixReal/Muon_Collider_Smart_Pixels/eric/eric_new_smaller_2_23_run/hls_outputs/hls_model_trial_134/myproject_prj/solution1/syn/vhdl/myproject_relu_ap_fixed_16_6_5_3_0_ap_ufixed_8_0_4_0_0_relu_config13_s.vhd:11' bound to instance 'grp_relu_ap_fixed_16_6_5_3_0_ap_ufixed_8_0_4_0_0_relu_config13_s_fu_244' of component 'myproject_relu_ap_fixed_16_6_5_3_0_ap_ufixed_8_0_4_0_0_relu_config13_s' [/home/youeric/PixelML/SmartpixReal/Muon_Collider_Smart_Pixels/eric/eric_new_smaller_2_23_run/hls_outputs/hls_model_trial_134/myproject_prj/solution1/syn/vhdl/myproject.vhd:2978]
INFO: [Synth 8-638] synthesizing module 'myproject_relu_ap_fixed_16_6_5_3_0_ap_ufixed_8_0_4_0_0_relu_config13_s' [/home/youeric/PixelML/SmartpixReal/Muon_Collider_Smart_Pixels/eric/eric_new_smaller_2_23_run/hls_outputs/hls_model_trial_134/myproject_prj/solution1/syn/vhdl/myproject_relu_ap_fixed_16_6_5_3_0_ap_ufixed_8_0_4_0_0_relu_config13_s.vhd:263]
INFO: [Synth 8-256] done synthesizing module 'myproject_relu_ap_fixed_16_6_5_3_0_ap_ufixed_8_0_4_0_0_relu_config13_s' (0#1) [/home/youeric/PixelML/SmartpixReal/Muon_Collider_Smart_Pixels/eric/eric_new_smaller_2_23_run/hls_outputs/hls_model_trial_134/myproject_prj/solution1/syn/vhdl/myproject_relu_ap_fixed_16_6_5_3_0_ap_ufixed_8_0_4_0_0_relu_config13_s.vhd:263]
INFO: [Synth 8-3491] module 'myproject_relu_ap_fixed_16_6_5_3_0_ap_ufixed_8_0_4_0_0_relu_config14_s' declared at '/home/youeric/PixelML/SmartpixReal/Muon_Collider_Smart_Pixels/eric/eric_new_smaller_2_23_run/hls_outputs/hls_model_trial_134/myproject_prj/solution1/syn/vhdl/myproject_relu_ap_fixed_16_6_5_3_0_ap_ufixed_8_0_4_0_0_relu_config14_s.vhd:11' bound to instance 'grp_relu_ap_fixed_16_6_5_3_0_ap_ufixed_8_0_4_0_0_relu_config14_s_fu_368' of component 'myproject_relu_ap_fixed_16_6_5_3_0_ap_ufixed_8_0_4_0_0_relu_config14_s' [/home/youeric/PixelML/SmartpixReal/Muon_Collider_Smart_Pixels/eric/eric_new_smaller_2_23_run/hls_outputs/hls_model_trial_134/myproject_prj/solution1/syn/vhdl/myproject.vhd:3228]
INFO: [Synth 8-638] synthesizing module 'myproject_relu_ap_fixed_16_6_5_3_0_ap_ufixed_8_0_4_0_0_relu_config14_s' [/home/youeric/PixelML/SmartpixReal/Muon_Collider_Smart_Pixels/eric/eric_new_smaller_2_23_run/hls_outputs/hls_model_trial_134/myproject_prj/solution1/syn/vhdl/myproject_relu_ap_fixed_16_6_5_3_0_ap_ufixed_8_0_4_0_0_relu_config14_s.vhd:43]
INFO: [Synth 8-256] done synthesizing module 'myproject_relu_ap_fixed_16_6_5_3_0_ap_ufixed_8_0_4_0_0_relu_config14_s' (0#1) [/home/youeric/PixelML/SmartpixReal/Muon_Collider_Smart_Pixels/eric/eric_new_smaller_2_23_run/hls_outputs/hls_model_trial_134/myproject_prj/solution1/syn/vhdl/myproject_relu_ap_fixed_16_6_5_3_0_ap_ufixed_8_0_4_0_0_relu_config14_s.vhd:43]
INFO: [Synth 8-3491] module 'myproject_concatenate1d_ap_ufixed_ap_ufixed_ap_fixed_16_6_5_3_0_config15_s' declared at '/home/youeric/PixelML/SmartpixReal/Muon_Collider_Smart_Pixels/eric/eric_new_smaller_2_23_run/hls_outputs/hls_model_trial_134/myproject_prj/solution1/syn/vhdl/myproject_concatenate1d_ap_ufixed_ap_ufixed_ap_fixed_16_6_5_3_0_config15_s.vhd:11' bound to instance 'call_ret8_concatenate1d_ap_ufixed_ap_ufixed_ap_fixed_16_6_5_3_0_config15_s_fu_382' of component 'myproject_concatenate1d_ap_ufixed_ap_ufixed_ap_fixed_16_6_5_3_0_config15_s' [/home/youeric/PixelML/SmartpixReal/Muon_Collider_Smart_Pixels/eric/eric_new_smaller_2_23_run/hls_outputs/hls_model_trial_134/myproject_prj/solution1/syn/vhdl/myproject.vhd:3258]
INFO: [Synth 8-638] synthesizing module 'myproject_concatenate1d_ap_ufixed_ap_ufixed_ap_fixed_16_6_5_3_0_config15_s' [/home/youeric/PixelML/SmartpixReal/Muon_Collider_Smart_Pixels/eric/eric_new_smaller_2_23_run/hls_outputs/hls_model_trial_134/myproject_prj/solution1/syn/vhdl/myproject_concatenate1d_ap_ufixed_ap_ufixed_ap_fixed_16_6_5_3_0_config15_s.vhd:278]
INFO: [Synth 8-256] done synthesizing module 'myproject_concatenate1d_ap_ufixed_ap_ufixed_ap_fixed_16_6_5_3_0_config15_s' (0#1) [/home/youeric/PixelML/SmartpixReal/Muon_Collider_Smart_Pixels/eric/eric_new_smaller_2_23_run/hls_outputs/hls_model_trial_134/myproject_prj/solution1/syn/vhdl/myproject_concatenate1d_ap_ufixed_ap_ufixed_ap_fixed_16_6_5_3_0_config15_s.vhd:278]
INFO: [Synth 8-3491] module 'myproject_dense_latency_ap_fixed_16_6_5_3_0_ap_fixed_16_6_5_3_0_config16_s' declared at '/home/youeric/PixelML/SmartpixReal/Muon_Collider_Smart_Pixels/eric/eric_new_smaller_2_23_run/hls_outputs/hls_model_trial_134/myproject_prj/solution1/syn/vhdl/myproject_dense_latency_ap_fixed_16_6_5_3_0_ap_fixed_16_6_5_3_0_config16_s.vhd:11' bound to instance 'grp_dense_latency_ap_fixed_16_6_5_3_0_ap_fixed_16_6_5_3_0_config16_s_fu_516' of component 'myproject_dense_latency_ap_fixed_16_6_5_3_0_ap_fixed_16_6_5_3_0_config16_s' [/home/youeric/PixelML/SmartpixReal/Muon_Collider_Smart_Pixels/eric/eric_new_smaller_2_23_run/hls_outputs/hls_model_trial_134/myproject_prj/solution1/syn/vhdl/myproject.vhd:3523]
INFO: [Synth 8-638] synthesizing module 'myproject_dense_latency_ap_fixed_16_6_5_3_0_ap_fixed_16_6_5_3_0_config16_s' [/home/youeric/PixelML/SmartpixReal/Muon_Collider_Smart_Pixels/eric/eric_new_smaller_2_23_run/hls_outputs/hls_model_trial_134/myproject_prj/solution1/syn/vhdl/myproject_dense_latency_ap_fixed_16_6_5_3_0_ap_fixed_16_6_5_3_0_config16_s.vhd:213]
INFO: [Synth 8-256] done synthesizing module 'myproject_dense_latency_ap_fixed_16_6_5_3_0_ap_fixed_16_6_5_3_0_config16_s' (0#1) [/home/youeric/PixelML/SmartpixReal/Muon_Collider_Smart_Pixels/eric/eric_new_smaller_2_23_run/hls_outputs/hls_model_trial_134/myproject_prj/solution1/syn/vhdl/myproject_dense_latency_ap_fixed_16_6_5_3_0_ap_fixed_16_6_5_3_0_config16_s.vhd:213]
INFO: [Synth 8-3491] module 'myproject_relu_ap_fixed_16_6_5_3_0_ap_ufixed_8_0_4_0_0_relu_config18_s' declared at '/home/youeric/PixelML/SmartpixReal/Muon_Collider_Smart_Pixels/eric/eric_new_smaller_2_23_run/hls_outputs/hls_model_trial_134/myproject_prj/solution1/syn/vhdl/myproject_relu_ap_fixed_16_6_5_3_0_ap_ufixed_8_0_4_0_0_relu_config18_s.vhd:11' bound to instance 'grp_relu_ap_fixed_16_6_5_3_0_ap_ufixed_8_0_4_0_0_relu_config18_s_fu_650' of component 'myproject_relu_ap_fixed_16_6_5_3_0_ap_ufixed_8_0_4_0_0_relu_config18_s' [/home/youeric/PixelML/SmartpixReal/Muon_Collider_Smart_Pixels/eric/eric_new_smaller_2_23_run/hls_outputs/hls_model_trial_134/myproject_prj/solution1/syn/vhdl/myproject.vhd:3723]
INFO: [Synth 8-638] synthesizing module 'myproject_relu_ap_fixed_16_6_5_3_0_ap_ufixed_8_0_4_0_0_relu_config18_s' [/home/youeric/PixelML/SmartpixReal/Muon_Collider_Smart_Pixels/eric/eric_new_smaller_2_23_run/hls_outputs/hls_model_trial_134/myproject_prj/solution1/syn/vhdl/myproject_relu_ap_fixed_16_6_5_3_0_ap_ufixed_8_0_4_0_0_relu_config18_s.vhd:151]
INFO: [Synth 8-256] done synthesizing module 'myproject_relu_ap_fixed_16_6_5_3_0_ap_ufixed_8_0_4_0_0_relu_config18_s' (0#1) [/home/youeric/PixelML/SmartpixReal/Muon_Collider_Smart_Pixels/eric/eric_new_smaller_2_23_run/hls_outputs/hls_model_trial_134/myproject_prj/solution1/syn/vhdl/myproject_relu_ap_fixed_16_6_5_3_0_ap_ufixed_8_0_4_0_0_relu_config18_s.vhd:151]
INFO: [Synth 8-3491] module 'myproject_dense_latency_ap_ufixed_8_0_4_0_0_ap_fixed_16_6_5_3_0_config19_s' declared at '/home/youeric/PixelML/SmartpixReal/Muon_Collider_Smart_Pixels/eric/eric_new_smaller_2_23_run/hls_outputs/hls_model_trial_134/myproject_prj/solution1/syn/vhdl/myproject_dense_latency_ap_ufixed_8_0_4_0_0_ap_fixed_16_6_5_3_0_config19_s.vhd:11' bound to instance 'grp_dense_latency_ap_ufixed_8_0_4_0_0_ap_fixed_16_6_5_3_0_config19_s_fu_718' of component 'myproject_dense_latency_ap_ufixed_8_0_4_0_0_ap_fixed_16_6_5_3_0_config19_s' [/home/youeric/PixelML/SmartpixReal/Muon_Collider_Smart_Pixels/eric/eric_new_smaller_2_23_run/hls_outputs/hls_model_trial_134/myproject_prj/solution1/syn/vhdl/myproject.vhd:3861]
INFO: [Synth 8-638] synthesizing module 'myproject_dense_latency_ap_ufixed_8_0_4_0_0_ap_fixed_16_6_5_3_0_config19_s' [/home/youeric/PixelML/SmartpixReal/Muon_Collider_Smart_Pixels/eric/eric_new_smaller_2_23_run/hls_outputs/hls_model_trial_134/myproject_prj/solution1/syn/vhdl/myproject_dense_latency_ap_ufixed_8_0_4_0_0_ap_fixed_16_6_5_3_0_config19_s.vhd:99]
INFO: [Synth 8-256] done synthesizing module 'myproject_dense_latency_ap_ufixed_8_0_4_0_0_ap_fixed_16_6_5_3_0_config19_s' (0#1) [/home/youeric/PixelML/SmartpixReal/Muon_Collider_Smart_Pixels/eric/eric_new_smaller_2_23_run/hls_outputs/hls_model_trial_134/myproject_prj/solution1/syn/vhdl/myproject_dense_latency_ap_ufixed_8_0_4_0_0_ap_fixed_16_6_5_3_0_config19_s.vhd:99]
INFO: [Synth 8-3491] module 'myproject_relu_ap_fixed_16_6_5_3_0_ap_ufixed_8_0_4_0_0_relu_config21_s' declared at '/home/youeric/PixelML/SmartpixReal/Muon_Collider_Smart_Pixels/eric/eric_new_smaller_2_23_run/hls_outputs/hls_model_trial_134/myproject_prj/solution1/syn/vhdl/myproject_relu_ap_fixed_16_6_5_3_0_ap_ufixed_8_0_4_0_0_relu_config21_s.vhd:11' bound to instance 'grp_relu_ap_fixed_16_6_5_3_0_ap_ufixed_8_0_4_0_0_relu_config21_s_fu_786' of component 'myproject_relu_ap_fixed_16_6_5_3_0_ap_ufixed_8_0_4_0_0_relu_config21_s' [/home/youeric/PixelML/SmartpixReal/Muon_Collider_Smart_Pixels/eric/eric_new_smaller_2_23_run/hls_outputs/hls_model_trial_134/myproject_prj/solution1/syn/vhdl/myproject.vhd:3947]
INFO: [Synth 8-638] synthesizing module 'myproject_relu_ap_fixed_16_6_5_3_0_ap_ufixed_8_0_4_0_0_relu_config21_s' [/home/youeric/PixelML/SmartpixReal/Muon_Collider_Smart_Pixels/eric/eric_new_smaller_2_23_run/hls_outputs/hls_model_trial_134/myproject_prj/solution1/syn/vhdl/myproject_relu_ap_fixed_16_6_5_3_0_ap_ufixed_8_0_4_0_0_relu_config21_s.vhd:55]
INFO: [Synth 8-256] done synthesizing module 'myproject_relu_ap_fixed_16_6_5_3_0_ap_ufixed_8_0_4_0_0_relu_config21_s' (0#1) [/home/youeric/PixelML/SmartpixReal/Muon_Collider_Smart_Pixels/eric/eric_new_smaller_2_23_run/hls_outputs/hls_model_trial_134/myproject_prj/solution1/syn/vhdl/myproject_relu_ap_fixed_16_6_5_3_0_ap_ufixed_8_0_4_0_0_relu_config21_s.vhd:55]
INFO: [Synth 8-3491] module 'myproject_dense_latency_ap_ufixed_8_0_4_0_0_ap_fixed_16_6_5_3_0_config22_s' declared at '/home/youeric/PixelML/SmartpixReal/Muon_Collider_Smart_Pixels/eric/eric_new_smaller_2_23_run/hls_outputs/hls_model_trial_134/myproject_prj/solution1/syn/vhdl/myproject_dense_latency_ap_ufixed_8_0_4_0_0_ap_fixed_16_6_5_3_0_config22_s.vhd:11' bound to instance 'grp_dense_latency_ap_ufixed_8_0_4_0_0_ap_fixed_16_6_5_3_0_config22_s_fu_806' of component 'myproject_dense_latency_ap_ufixed_8_0_4_0_0_ap_fixed_16_6_5_3_0_config22_s' [/home/youeric/PixelML/SmartpixReal/Muon_Collider_Smart_Pixels/eric/eric_new_smaller_2_23_run/hls_outputs/hls_model_trial_134/myproject_prj/solution1/syn/vhdl/myproject.vhd:3989]
INFO: [Synth 8-638] synthesizing module 'myproject_dense_latency_ap_ufixed_8_0_4_0_0_ap_fixed_16_6_5_3_0_config22_s' [/home/youeric/PixelML/SmartpixReal/Muon_Collider_Smart_Pixels/eric/eric_new_smaller_2_23_run/hls_outputs/hls_model_trial_134/myproject_prj/solution1/syn/vhdl/myproject_dense_latency_ap_ufixed_8_0_4_0_0_ap_fixed_16_6_5_3_0_config22_s.vhd:36]
INFO: [Synth 8-256] done synthesizing module 'myproject_dense_latency_ap_ufixed_8_0_4_0_0_ap_fixed_16_6_5_3_0_config22_s' (0#1) [/home/youeric/PixelML/SmartpixReal/Muon_Collider_Smart_Pixels/eric/eric_new_smaller_2_23_run/hls_outputs/hls_model_trial_134/myproject_prj/solution1/syn/vhdl/myproject_dense_latency_ap_ufixed_8_0_4_0_0_ap_fixed_16_6_5_3_0_config22_s.vhd:36]
INFO: [Synth 8-256] done synthesizing module 'myproject' (0#1) [/home/youeric/PixelML/SmartpixReal/Muon_Collider_Smart_Pixels/eric/eric_new_smaller_2_23_run/hls_outputs/hls_model_trial_134/myproject_prj/solution1/syn/vhdl/myproject.vhd:34]
WARNING: [Synth 8-7129] Port ap_rst in module myproject_dense_latency_ap_ufixed_8_0_4_0_0_ap_fixed_16_6_5_3_0_config22_s is either unconnected or has no load
WARNING: [Synth 8-7129] Port ap_rst in module myproject_dense_latency_ap_ufixed_8_0_4_0_0_ap_fixed_16_6_5_3_0_config19_s is either unconnected or has no load
WARNING: [Synth 8-7129] Port ap_rst in module myproject_dense_latency_ap_fixed_16_6_5_3_0_ap_fixed_16_6_5_3_0_config16_s is either unconnected or has no load
WARNING: [Synth 8-7129] Port ap_rst in module myproject_concatenate1d_ap_ufixed_ap_ufixed_ap_fixed_16_6_5_3_0_config15_s is either unconnected or has no load
WARNING: [Synth 8-7129] Port reset in module myproject_mul_16s_6ns_21_2_1 is either unconnected or has no load
WARNING: [Synth 8-7129] Port ap_rst in module myproject_concatenate1d_ap_fixed_ap_fixed_ap_fixed_16_6_5_3_0_config8_s is either unconnected or has no load
WARNING: [Synth 8-7129] Port ap_rst in module myproject_dense_latency_ap_fixed_16_6_5_3_0_ap_fixed_16_6_5_3_0_config9_s is either unconnected or has no load
WARNING: [Synth 8-7129] Port ap_rst in module myproject_concatenate1d_ap_fixed_ap_fixed_ap_fixed_16_6_5_3_0_config7_s is either unconnected or has no load
WARNING: [Synth 8-7129] Port ap_rst in module myproject_concatenate1d_ap_fixed_ap_fixed_ap_fixed_16_6_5_3_0_config3_s is either unconnected or has no load
---------------------------------------------------------------------------------
Finished Synthesize : Time (s): cpu = 00:00:19 ; elapsed = 00:00:20 . Memory (MB): peak = 2762.570 ; gain = 1082.559 ; free physical = 72222 ; free virtual = 90078
---------------------------------------------------------------------------------
---------------------------------------------------------------------------------
Finished Constraint Validation : Time (s): cpu = 00:00:21 ; elapsed = 00:00:22 . Memory (MB): peak = 2762.570 ; gain = 1082.559 ; free physical = 72239 ; free virtual = 90095
---------------------------------------------------------------------------------
---------------------------------------------------------------------------------
Start Loading Part and Timing Information
---------------------------------------------------------------------------------
Loading part: xc7z020clg400-1
---------------------------------------------------------------------------------
INFO: [Device 21-403] Loading part xc7z020clg400-1
Finished Loading Part and Timing Information : Time (s): cpu = 00:00:21 ; elapsed = 00:00:22 . Memory (MB): peak = 2770.574 ; gain = 1090.562 ; free physical = 72240 ; free virtual = 90096
---------------------------------------------------------------------------------
INFO: [Device 21-9227] Part: xc7z020clg400-1 does not have CEAM library.
---------------------------------------------------------------------------------
Finished RTL Optimization Phase 2 : Time (s): cpu = 00:00:45 ; elapsed = 00:00:43 . Memory (MB): peak = 2947.145 ; gain = 1267.133 ; free physical = 71873 ; free virtual = 89740
---------------------------------------------------------------------------------
No constraint files found.
---------------------------------------------------------------------------------
Start RTL Component Statistics 
---------------------------------------------------------------------------------
Detailed RTL Component Info : 
+---Adders : 
	   3 Input   21 Bit       Adders := 6     
	   2 Input   21 Bit       Adders := 1     
	   3 Input   20 Bit       Adders := 1     
	   3 Input   19 Bit       Adders := 403   
	   2 Input   19 Bit       Adders := 47    
	   2 Input   16 Bit       Adders := 1541  
	   3 Input   16 Bit       Adders := 2503  
	   2 Input   15 Bit       Adders := 1383  
	   2 Input   14 Bit       Adders := 712   
	   3 Input   14 Bit       Adders := 4     
	   3 Input   13 Bit       Adders := 12    
	   2 Input   13 Bit       Adders := 42    
	   4 Input   13 Bit       Adders := 1     
	   2 Input   12 Bit       Adders := 55    
	   3 Input   12 Bit       Adders := 58    
	   4 Input   12 Bit       Adders := 3     
	   2 Input   11 Bit       Adders := 82    
	   3 Input   11 Bit       Adders := 96    
	   4 Input   11 Bit       Adders := 2     
	   3 Input   10 Bit       Adders := 90    
	   2 Input   10 Bit       Adders := 89    
	   4 Input   10 Bit       Adders := 1     
	   2 Input    9 Bit       Adders := 79    
	   3 Input    9 Bit       Adders := 23    
	   4 Input    9 Bit       Adders := 1     
	   2 Input    8 Bit       Adders := 225   
+---XORs : 
	   2 Input      1 Bit         XORs := 425   
	   3 Input      1 Bit         XORs := 1     
+---Registers : 
	              336 Bit    Registers := 1     
	              208 Bit    Registers := 1     
	               19 Bit    Registers := 33    
	               17 Bit    Registers := 3     
	               16 Bit    Registers := 5660  
	               15 Bit    Registers := 1289  
	               14 Bit    Registers := 815   
	               13 Bit    Registers := 201   
	               12 Bit    Registers := 88    
	               11 Bit    Registers := 140   
	               10 Bit    Registers := 202   
	                9 Bit    Registers := 136   
	                8 Bit    Registers := 595   
	                7 Bit    Registers := 22    
	                4 Bit    Registers := 1     
	                1 Bit    Registers := 694   
+---Muxes : 
	   2 Input  336 Bit        Muxes := 1     
	   2 Input  208 Bit        Muxes := 1     
	   2 Input   16 Bit        Muxes := 203   
	   2 Input   15 Bit        Muxes := 1     
	   2 Input   14 Bit        Muxes := 1     
	   3 Input   13 Bit        Muxes := 1     
	   2 Input   12 Bit        Muxes := 1     
	   2 Input    8 Bit        Muxes := 840   
	   3 Input    8 Bit        Muxes := 1     
	   2 Input    2 Bit        Muxes := 1     
	   2 Input    1 Bit        Muxes := 222   
---------------------------------------------------------------------------------
Finished RTL Component Statistics 
---------------------------------------------------------------------------------
---------------------------------------------------------------------------------
Start Part Resource Summary
---------------------------------------------------------------------------------
Part Resources:
DSPs: 220 (col length:60)
BRAMs: 280 (col length: RAMB18 60 RAMB36 30)
---------------------------------------------------------------------------------
Finished Part Resource Summary
---------------------------------------------------------------------------------
No constraint files found.
---------------------------------------------------------------------------------
Start Cross Boundary and Area Optimization
---------------------------------------------------------------------------------
INFO: [Synth 8-3886] merging instance 'sub_ln73_290_reg_27496_reg[18]' (FDE) to 'mult_266_reg_27501_reg[15]'
INFO: [Synth 8-3886] merging instance 'sub_ln73_290_reg_27496_reg[17]' (FDE) to 'mult_266_reg_27501_reg[14]'
INFO: [Synth 8-3886] merging instance 'sub_ln73_290_reg_27496_reg[16]' (FDE) to 'mult_266_reg_27501_reg[13]'
INFO: [Synth 8-3886] merging instance 'sub_ln73_290_reg_27496_reg[3]' (FDE) to 'mult_266_reg_27501_reg[0]'
INFO: [Synth 8-3886] merging instance 'sub_ln73_290_reg_27496_reg[4]' (FDE) to 'mult_266_reg_27501_reg[1]'
INFO: [Synth 8-3886] merging instance 'sub_ln73_290_reg_27496_reg[5]' (FDE) to 'mult_266_reg_27501_reg[2]'
INFO: [Synth 8-3886] merging instance 'sub_ln73_290_reg_27496_reg[6]' (FDE) to 'mult_266_reg_27501_reg[3]'
INFO: [Synth 8-3886] merging instance 'sub_ln73_290_reg_27496_reg[7]' (FDE) to 'mult_266_reg_27501_reg[4]'
INFO: [Synth 8-3886] merging instance 'sub_ln73_290_reg_27496_reg[8]' (FDE) to 'mult_266_reg_27501_reg[5]'
INFO: [Synth 8-3886] merging instance 'sub_ln73_290_reg_27496_reg[9]' (FDE) to 'mult_266_reg_27501_reg[6]'
INFO: [Synth 8-3886] merging instance 'sub_ln73_290_reg_27496_reg[10]' (FDE) to 'mult_266_reg_27501_reg[7]'
INFO: [Synth 8-3886] merging instance 'sub_ln73_290_reg_27496_reg[11]' (FDE) to 'mult_266_reg_27501_reg[8]'
INFO: [Synth 8-3886] merging instance 'sub_ln73_290_reg_27496_reg[12]' (FDE) to 'mult_266_reg_27501_reg[9]'
INFO: [Synth 8-3886] merging instance 'sub_ln73_290_reg_27496_reg[13]' (FDE) to 'mult_266_reg_27501_reg[10]'
INFO: [Synth 8-3886] merging instance 'sub_ln73_290_reg_27496_reg[14]' (FDE) to 'mult_266_reg_27501_reg[11]'
INFO: [Synth 8-3886] merging instance 'sub_ln73_290_reg_27496_reg[15]' (FDE) to 'mult_266_reg_27501_reg[12]'
INFO: [Synth 8-3886] merging instance 'sub_ln42_25_reg_27392_reg[18]' (FDE) to 'mult_230_reg_27409_reg[15]'
INFO: [Synth 8-3886] merging instance 'sub_ln42_25_reg_27392_reg[17]' (FDE) to 'mult_230_reg_27409_reg[14]'
INFO: [Synth 8-3886] merging instance 'sub_ln42_25_reg_27392_reg[3]' (FDE) to 'mult_230_reg_27409_reg[0]'
INFO: [Synth 8-3886] merging instance 'sub_ln42_25_reg_27392_reg[4]' (FDE) to 'mult_230_reg_27409_reg[1]'
INFO: [Synth 8-3886] merging instance 'sub_ln42_25_reg_27392_reg[5]' (FDE) to 'mult_230_reg_27409_reg[2]'
INFO: [Synth 8-3886] merging instance 'sub_ln42_25_reg_27392_reg[6]' (FDE) to 'mult_230_reg_27409_reg[3]'
INFO: [Synth 8-3886] merging instance 'sub_ln42_25_reg_27392_reg[7]' (FDE) to 'mult_230_reg_27409_reg[4]'
INFO: [Synth 8-3886] merging instance 'sub_ln42_25_reg_27392_reg[8]' (FDE) to 'mult_230_reg_27409_reg[5]'
INFO: [Synth 8-3886] merging instance 'sub_ln42_25_reg_27392_reg[9]' (FDE) to 'mult_230_reg_27409_reg[6]'
INFO: [Synth 8-3886] merging instance 'sub_ln42_25_reg_27392_reg[10]' (FDE) to 'mult_230_reg_27409_reg[7]'
INFO: [Synth 8-3886] merging instance 'sub_ln42_25_reg_27392_reg[11]' (FDE) to 'mult_230_reg_27409_reg[8]'
INFO: [Synth 8-3886] merging instance 'sub_ln42_25_reg_27392_reg[12]' (FDE) to 'mult_230_reg_27409_reg[9]'
INFO: [Synth 8-3886] merging instance 'sub_ln42_25_reg_27392_reg[13]' (FDE) to 'mult_230_reg_27409_reg[10]'
INFO: [Synth 8-3886] merging instance 'sub_ln42_25_reg_27392_reg[14]' (FDE) to 'mult_230_reg_27409_reg[11]'
INFO: [Synth 8-3886] merging instance 'sub_ln42_25_reg_27392_reg[15]' (FDE) to 'mult_230_reg_27409_reg[12]'
INFO: [Synth 8-3886] merging instance 'sub_ln42_25_reg_27392_reg[16]' (FDE) to 'mult_230_reg_27409_reg[13]'
INFO: [Synth 8-3886] merging instance 'sext_ln42_100_reg_27483_reg[18]' (FDE) to 'sext_ln42_100_reg_27483_reg[17]'
INFO: [Synth 8-3886] merging instance 'sext_ln42_100_reg_27483_reg[2]' (FDE) to 'data_11_val_read_reg_27131_reg[0]'
INFO: [Synth 8-3886] merging instance 'sext_ln42_100_reg_27483_reg[3]' (FDE) to 'data_11_val_read_reg_27131_reg[1]'
INFO: [Synth 8-3886] merging instance 'sext_ln42_100_reg_27483_reg[4]' (FDE) to 'data_11_val_read_reg_27131_reg[2]'
INFO: [Synth 8-3886] merging instance 'sext_ln42_100_reg_27483_reg[5]' (FDE) to 'data_11_val_read_reg_27131_reg[3]'
INFO: [Synth 8-3886] merging instance 'sext_ln42_100_reg_27483_reg[6]' (FDE) to 'data_11_val_read_reg_27131_reg[4]'
INFO: [Synth 8-3886] merging instance 'sext_ln42_100_reg_27483_reg[7]' (FDE) to 'data_11_val_read_reg_27131_reg[5]'
INFO: [Synth 8-3886] merging instance 'sext_ln42_100_reg_27483_reg[8]' (FDE) to 'data_11_val_read_reg_27131_reg[6]'
INFO: [Synth 8-3886] merging instance 'sext_ln42_100_reg_27483_reg[9]' (FDE) to 'data_11_val_read_reg_27131_reg[7]'
INFO: [Synth 8-3886] merging instance 'sext_ln42_100_reg_27483_reg[10]' (FDE) to 'data_11_val_read_reg_27131_reg[8]'
INFO: [Synth 8-3886] merging instance 'sext_ln42_100_reg_27483_reg[11]' (FDE) to 'data_11_val_read_reg_27131_reg[9]'
INFO: [Synth 8-3886] merging instance 'sext_ln42_100_reg_27483_reg[12]' (FDE) to 'data_11_val_read_reg_27131_reg[10]'
INFO: [Synth 8-3886] merging instance 'sext_ln42_100_reg_27483_reg[13]' (FDE) to 'data_11_val_read_reg_27131_reg[11]'
INFO: [Synth 8-3886] merging instance 'sext_ln42_100_reg_27483_reg[14]' (FDE) to 'data_11_val_read_reg_27131_reg[12]'
INFO: [Synth 8-3886] merging instance 'sext_ln42_100_reg_27483_reg[15]' (FDE) to 'data_11_val_read_reg_27131_reg[13]'
INFO: [Synth 8-3886] merging instance 'sext_ln42_100_reg_27483_reg[16]' (FDE) to 'data_11_val_read_reg_27131_reg[14]'
INFO: [Synth 8-3886] merging instance 'sext_ln42_100_reg_27483_reg[17]' (FDE) to 'data_11_val_read_reg_27131_reg[15]'
INFO: [Synth 8-3886] merging instance 'sext_ln42_44_reg_34207_reg[15]' (FDE) to 'sext_ln42_44_reg_34207_reg[14]'
INFO: [Synth 8-3886] merging instance 'sext_ln42_44_reg_34207_reg[13]' (FDE) to 'sext_ln42_44_reg_34207_reg[14]'
INFO: [Synth 8-3886] merging instance 'sext_ln42_72_reg_28930_reg[14]' (FDE) to 'sext_ln42_72_reg_28930_reg[15]'
INFO: [Synth 8-3886] merging instance 'sext_ln42_62_reg_28714_reg[13]' (FDE) to 'sext_ln42_62_reg_28714_reg[15]'
INFO: [Synth 8-3886] merging instance 'sext_ln42_62_reg_28714_reg[14]' (FDE) to 'sext_ln42_62_reg_28714_reg[15]'
INFO: [Synth 8-3886] merging instance 'sext_ln42_68_reg_28850_reg[14]' (FDE) to 'sext_ln42_68_reg_28850_reg[15]'
INFO: [Synth 8-3886] merging instance 'sext_ln42_56_reg_28608_reg[15]' (FDE) to 'sext_ln42_56_reg_28608_reg[14]'
INFO: [Synth 8-3886] merging instance 'sext_ln42_56_reg_28608_pp0_iter2_reg_reg[15]' (FDE) to 'sext_ln42_56_reg_28608_pp0_iter2_reg_reg[14]'
INFO: [Synth 8-3886] merging instance 'sext_ln42_56_reg_28608_reg[13]' (FDE) to 'sext_ln42_56_reg_28608_reg[14]'
INFO: [Synth 8-3886] merging instance 'sext_ln42_56_reg_28608_pp0_iter2_reg_reg[13]' (FDE) to 'sext_ln42_56_reg_28608_pp0_iter2_reg_reg[14]'
INFO: [Synth 8-3886] merging instance 'sext_ln73_118_reg_27386_reg[2]' (FDE) to 'data_8_val_read_reg_27156_reg[0]'
INFO: [Synth 8-3886] merging instance 'sext_ln73_118_reg_27386_reg[3]' (FDE) to 'data_8_val_read_reg_27156_reg[1]'
INFO: [Synth 8-3886] merging instance 'sext_ln73_118_reg_27386_reg[4]' (FDE) to 'data_8_val_read_reg_27156_reg[2]'
INFO: [Synth 8-3886] merging instance 'sext_ln73_118_reg_27386_reg[5]' (FDE) to 'data_8_val_read_reg_27156_reg[3]'
INFO: [Synth 8-3886] merging instance 'sext_ln73_118_reg_27386_reg[6]' (FDE) to 'data_8_val_read_reg_27156_reg[4]'
INFO: [Synth 8-3886] merging instance 'sext_ln73_118_reg_27386_reg[7]' (FDE) to 'data_8_val_read_reg_27156_reg[5]'
INFO: [Synth 8-3886] merging instance 'sext_ln73_118_reg_27386_reg[8]' (FDE) to 'data_8_val_read_reg_27156_reg[6]'
INFO: [Synth 8-3886] merging instance 'sext_ln73_118_reg_27386_reg[9]' (FDE) to 'data_8_val_read_reg_27156_reg[7]'
INFO: [Synth 8-3886] merging instance 'sext_ln73_118_reg_27386_reg[10]' (FDE) to 'data_8_val_read_reg_27156_reg[8]'
INFO: [Synth 8-3886] merging instance 'sext_ln73_118_reg_27386_reg[11]' (FDE) to 'data_8_val_read_reg_27156_reg[9]'
INFO: [Synth 8-3886] merging instance 'sext_ln73_118_reg_27386_reg[12]' (FDE) to 'data_8_val_read_reg_27156_reg[10]'
INFO: [Synth 8-3886] merging instance 'sext_ln73_118_reg_27386_reg[13]' (FDE) to 'data_8_val_read_reg_27156_reg[11]'
INFO: [Synth 8-3886] merging instance 'sext_ln73_118_reg_27386_reg[14]' (FDE) to 'data_8_val_read_reg_27156_reg[12]'
INFO: [Synth 8-3886] merging instance 'sext_ln73_118_reg_27386_reg[15]' (FDE) to 'data_8_val_read_reg_27156_reg[13]'
INFO: [Synth 8-3886] merging instance 'sext_ln73_118_reg_27386_reg[16]' (FDE) to 'data_8_val_read_reg_27156_reg[14]'
INFO: [Synth 8-3886] merging instance 'sext_ln73_118_reg_27386_reg[17]' (FDE) to 'sext_ln73_118_reg_27386_reg[18]'
INFO: [Synth 8-3886] merging instance 'sext_ln73_118_reg_27386_reg[18]' (FDE) to 'data_8_val_read_reg_27156_reg[15]'
INFO: [Synth 8-3886] merging instance 'sext_ln42_66_reg_28825_reg[13]' (FDE) to 'sext_ln42_66_reg_28825_reg[15]'
INFO: [Synth 8-3886] merging instance 'sext_ln42_66_reg_28825_reg[14]' (FDE) to 'sext_ln42_66_reg_28825_reg[15]'
INFO: [Synth 8-3886] merging instance 'sext_ln42_61_reg_28683_reg[14]' (FDE) to 'sext_ln42_61_reg_28683_reg[15]'
INFO: [Synth 8-3886] merging instance 'sext_ln42_61_reg_28683_pp0_iter2_reg_reg[14]' (FDE) to 'sext_ln42_61_reg_28683_pp0_iter2_reg_reg[15]'
INFO: [Synth 8-3886] merging instance 'sext_ln42_82_reg_29111_reg[15]' (FDE) to 'sext_ln42_82_reg_29111_reg[14]'
INFO: [Synth 8-3886] merging instance 'sext_ln42_82_reg_29111_reg[13]' (FDE) to 'sext_ln42_82_reg_29111_reg[14]'
INFO: [Synth 8-3886] merging instance 'sub_ln73_258_reg_28453_reg[18]' (FDE) to 'mult_151_reg_28458_reg[15]'
INFO: [Synth 8-3886] merging instance 'sub_ln73_258_reg_28453_reg[17]' (FDE) to 'mult_151_reg_28458_reg[14]'
INFO: [Synth 8-3886] merging instance 'sub_ln73_258_reg_28453_reg[16]' (FDE) to 'mult_151_reg_28458_reg[13]'
INFO: [Synth 8-3886] merging instance 'sub_ln73_258_reg_28453_reg[3]' (FDE) to 'mult_151_reg_28458_reg[0]'
INFO: [Synth 8-3886] merging instance 'sub_ln73_258_reg_28453_reg[4]' (FDE) to 'mult_151_reg_28458_reg[1]'
INFO: [Synth 8-3886] merging instance 'sub_ln73_258_reg_28453_reg[5]' (FDE) to 'mult_151_reg_28458_reg[2]'
INFO: [Synth 8-3886] merging instance 'sub_ln73_258_reg_28453_reg[6]' (FDE) to 'mult_151_reg_28458_reg[3]'
INFO: [Synth 8-3886] merging instance 'sub_ln73_258_reg_28453_reg[7]' (FDE) to 'mult_151_reg_28458_reg[4]'
INFO: [Synth 8-3886] merging instance 'sub_ln73_258_reg_28453_reg[8]' (FDE) to 'mult_151_reg_28458_reg[5]'
INFO: [Synth 8-3886] merging instance 'sub_ln73_258_reg_28453_reg[9]' (FDE) to 'mult_151_reg_28458_reg[6]'
INFO: [Synth 8-3886] merging instance 'sub_ln73_258_reg_28453_reg[10]' (FDE) to 'mult_151_reg_28458_reg[7]'
INFO: [Synth 8-3886] merging instance 'sub_ln73_258_reg_28453_reg[11]' (FDE) to 'mult_151_reg_28458_reg[8]'
INFO: [Synth 8-3886] merging instance 'sub_ln73_258_reg_28453_reg[12]' (FDE) to 'mult_151_reg_28458_reg[9]'
INFO: [Synth 8-3886] merging instance 'sub_ln73_258_reg_28453_reg[13]' (FDE) to 'mult_151_reg_28458_reg[10]'
INFO: [Synth 8-3886] merging instance 'sub_ln73_258_reg_28453_reg[14]' (FDE) to 'mult_151_reg_28458_reg[11]'
INFO: [Synth 8-3886] merging instance 'sub_ln73_258_reg_28453_reg[15]' (FDE) to 'mult_151_reg_28458_reg[12]'
INFO: [Synth 8-3886] merging instance 'mult_145_reg_27277_reg[0]' (FDE) to 'data_1_val_read_reg_27217_reg[1]'
INFO: [Synth 8-3886] merging instance 'mult_145_reg_27277_pp0_iter1_reg_reg[0]' (FDE) to 'data_1_val_read_reg_27217_pp0_iter1_reg_reg[1]'
INFO: [Common 17-14] Message 'Synth 8-3886' appears 100 times and further instances of the messages will be disabled. Use the Tcl command set_msg_config to change the current settings.
INFO: [Common 17-14] Message 'Synth 8-3886' appears 100 times and further instances of the messages will be disabled. Use the Tcl command set_msg_config to change the current settings.
INFO: [Common 17-14] Message 'Synth 8-3886' appears 100 times and further instances of the messages will be disabled. Use the Tcl command set_msg_config to change the current settings.
INFO: [Common 17-14] Message 'Synth 8-3886' appears 100 times and further instances of the messages will be disabled. Use the Tcl command set_msg_config to change the current settings.
INFO: [Common 17-14] Message 'Synth 8-3886' appears 100 times and further instances of the messages will be disabled. Use the Tcl command set_msg_config to change the current settings.
INFO: [Synth 8-3333] propagating constant 0 across sequential element (\trunc_ln42_19_reg_15905_reg[0] )
INFO: [Synth 8-3333] propagating constant 1 across sequential element (\add_ln58_779_reg_18707_reg[9] )
INFO: [Synth 8-3333] propagating constant 0 across sequential element (\trunc_ln42_146_reg_16753_reg[0] )
WARNING: [Synth 8-3917] design myproject__GCB0 has port ap_return_0[15] driven by constant 0
WARNING: [Synth 8-3917] design myproject__GCB0 has port ap_return_0[14] driven by constant 0
WARNING: [Synth 8-3917] design myproject__GCB0 has port ap_return_0[13] driven by constant 0
WARNING: [Synth 8-3917] design myproject__GCB0 has port ap_return_0[12] driven by constant 0
WARNING: [Synth 8-3917] design myproject__GCB0 has port ap_return_0[11] driven by constant 0
WARNING: [Synth 8-3917] design myproject__GCB0 has port ap_return_0[10] driven by constant 0
WARNING: [Synth 8-3917] design myproject__GCB0 has port ap_return_0[1] driven by constant 0
WARNING: [Synth 8-3917] design myproject__GCB0 has port ap_return_0[0] driven by constant 0
WARNING: [Synth 8-3917] design myproject__GCB0 has port ap_return_1[15] driven by constant 0
WARNING: [Synth 8-3917] design myproject__GCB0 has port ap_return_1[14] driven by constant 0
WARNING: [Synth 8-3917] design myproject__GCB0 has port ap_return_1[13] driven by constant 0
WARNING: [Synth 8-3917] design myproject__GCB0 has port ap_return_1[12] driven by constant 0
WARNING: [Synth 8-3917] design myproject__GCB0 has port ap_return_1[11] driven by constant 0
WARNING: [Synth 8-3917] design myproject__GCB0 has port ap_return_1[10] driven by constant 0
WARNING: [Synth 8-3917] design myproject__GCB0 has port ap_return_1[1] driven by constant 0
WARNING: [Synth 8-3917] design myproject__GCB0 has port ap_return_1[0] driven by constant 0
WARNING: [Synth 8-3917] design myproject__GCB0 has port ap_return_2[15] driven by constant 0
WARNING: [Synth 8-3917] design myproject__GCB0 has port ap_return_2[14] driven by constant 0
WARNING: [Synth 8-3917] design myproject__GCB0 has port ap_return_2[13] driven by constant 0
WARNING: [Synth 8-3917] design myproject__GCB0 has port ap_return_2[12] driven by constant 0
WARNING: [Synth 8-3917] design myproject__GCB0 has port ap_return_2[11] driven by constant 0
WARNING: [Synth 8-3917] design myproject__GCB0 has port ap_return_2[10] driven by constant 0
WARNING: [Synth 8-3917] design myproject__GCB0 has port ap_return_2[1] driven by constant 0
WARNING: [Synth 8-3917] design myproject__GCB0 has port ap_return_2[0] driven by constant 0
WARNING: [Synth 8-3917] design myproject__GCB0 has port ap_return_3[15] driven by constant 0
WARNING: [Synth 8-3917] design myproject__GCB0 has port ap_return_3[14] driven by constant 0
WARNING: [Synth 8-3917] design myproject__GCB0 has port ap_return_3[13] driven by constant 0
WARNING: [Synth 8-3917] design myproject__GCB0 has port ap_return_3[12] driven by constant 0
WARNING: [Synth 8-3917] design myproject__GCB0 has port ap_return_3[11] driven by constant 0
WARNING: [Synth 8-3917] design myproject__GCB0 has port ap_return_3[10] driven by constant 0
WARNING: [Synth 8-3917] design myproject__GCB0 has port ap_return_3[1] driven by constant 0
WARNING: [Synth 8-3917] design myproject__GCB0 has port ap_return_3[0] driven by constant 0
WARNING: [Synth 8-3917] design myproject__GCB0 has port ap_return_4[15] driven by constant 0
WARNING: [Synth 8-3917] design myproject__GCB0 has port ap_return_4[14] driven by constant 0
WARNING: [Synth 8-3917] design myproject__GCB0 has port ap_return_4[13] driven by constant 0
WARNING: [Synth 8-3917] design myproject__GCB0 has port ap_return_4[12] driven by constant 0
WARNING: [Synth 8-3917] design myproject__GCB0 has port ap_return_4[11] driven by constant 0
WARNING: [Synth 8-3917] design myproject__GCB0 has port ap_return_4[10] driven by constant 0
WARNING: [Synth 8-3917] design myproject__GCB0 has port ap_return_4[1] driven by constant 0
WARNING: [Synth 8-3917] design myproject__GCB0 has port ap_return_4[0] driven by constant 0
WARNING: [Synth 8-3917] design myproject__GCB0 has port ap_return_5[15] driven by constant 0
WARNING: [Synth 8-3917] design myproject__GCB0 has port ap_return_5[14] driven by constant 0
WARNING: [Synth 8-3917] design myproject__GCB0 has port ap_return_5[13] driven by constant 0
WARNING: [Synth 8-3917] design myproject__GCB0 has port ap_return_5[12] driven by constant 0
WARNING: [Synth 8-3917] design myproject__GCB0 has port ap_return_5[11] driven by constant 0
WARNING: [Synth 8-3917] design myproject__GCB0 has port ap_return_5[10] driven by constant 0
WARNING: [Synth 8-3917] design myproject__GCB0 has port ap_return_5[1] driven by constant 0
WARNING: [Synth 8-3917] design myproject__GCB0 has port ap_return_5[0] driven by constant 0
WARNING: [Synth 8-3917] design myproject__GCB0 has port ap_return_6[15] driven by constant 0
WARNING: [Synth 8-3917] design myproject__GCB0 has port ap_return_6[14] driven by constant 0
WARNING: [Synth 8-3917] design myproject__GCB0 has port ap_return_6[13] driven by constant 0
WARNING: [Synth 8-3917] design myproject__GCB0 has port ap_return_6[12] driven by constant 0
WARNING: [Synth 8-3917] design myproject__GCB0 has port ap_return_6[11] driven by constant 0
WARNING: [Synth 8-3917] design myproject__GCB0 has port ap_return_6[10] driven by constant 0
WARNING: [Synth 8-3917] design myproject__GCB0 has port ap_return_6[1] driven by constant 0
WARNING: [Synth 8-3917] design myproject__GCB0 has port ap_return_6[0] driven by constant 0
WARNING: [Synth 8-3917] design myproject__GCB0 has port ap_return_7[15] driven by constant 0
WARNING: [Synth 8-3917] design myproject__GCB0 has port ap_return_7[14] driven by constant 0
WARNING: [Synth 8-3917] design myproject__GCB0 has port ap_return_7[13] driven by constant 0
WARNING: [Synth 8-3917] design myproject__GCB0 has port ap_return_7[12] driven by constant 0
WARNING: [Synth 8-3917] design myproject__GCB0 has port ap_return_7[11] driven by constant 0
WARNING: [Synth 8-3917] design myproject__GCB0 has port ap_return_7[10] driven by constant 0
WARNING: [Synth 8-3917] design myproject__GCB0 has port ap_return_7[1] driven by constant 0
WARNING: [Synth 8-3917] design myproject__GCB0 has port ap_return_7[0] driven by constant 0
WARNING: [Synth 8-3917] design myproject__GCB0 has port ap_return_8[15] driven by constant 0
WARNING: [Synth 8-3917] design myproject__GCB0 has port ap_return_8[14] driven by constant 0
WARNING: [Synth 8-3917] design myproject__GCB0 has port ap_return_8[13] driven by constant 0
WARNING: [Synth 8-3917] design myproject__GCB0 has port ap_return_8[12] driven by constant 0
WARNING: [Synth 8-3917] design myproject__GCB0 has port ap_return_8[11] driven by constant 0
WARNING: [Synth 8-3917] design myproject__GCB0 has port ap_return_8[10] driven by constant 0
WARNING: [Synth 8-3917] design myproject__GCB0 has port ap_return_8[1] driven by constant 0
WARNING: [Synth 8-3917] design myproject__GCB0 has port ap_return_8[0] driven by constant 0
WARNING: [Synth 8-3917] design myproject__GCB0 has port ap_return_9[15] driven by constant 0
WARNING: [Synth 8-3917] design myproject__GCB0 has port ap_return_9[14] driven by constant 0
WARNING: [Synth 8-3917] design myproject__GCB0 has port ap_return_9[13] driven by constant 0
WARNING: [Synth 8-3917] design myproject__GCB0 has port ap_return_9[12] driven by constant 0
WARNING: [Synth 8-3917] design myproject__GCB0 has port ap_return_9[11] driven by constant 0
WARNING: [Synth 8-3917] design myproject__GCB0 has port ap_return_9[10] driven by constant 0
WARNING: [Synth 8-3917] design myproject__GCB0 has port ap_return_9[1] driven by constant 0
WARNING: [Synth 8-3917] design myproject__GCB0 has port ap_return_9[0] driven by constant 0
WARNING: [Synth 8-3917] design myproject__GCB0 has port ap_return_10[15] driven by constant 0
WARNING: [Synth 8-3917] design myproject__GCB0 has port ap_return_10[14] driven by constant 0
WARNING: [Synth 8-3917] design myproject__GCB0 has port ap_return_10[13] driven by constant 0
WARNING: [Synth 8-3917] design myproject__GCB0 has port ap_return_10[12] driven by constant 0
WARNING: [Synth 8-3917] design myproject__GCB0 has port ap_return_10[11] driven by constant 0
WARNING: [Synth 8-3917] design myproject__GCB0 has port ap_return_10[10] driven by constant 0
WARNING: [Synth 8-3917] design myproject__GCB0 has port ap_return_10[1] driven by constant 0
WARNING: [Synth 8-3917] design myproject__GCB0 has port ap_return_10[0] driven by constant 0
WARNING: [Synth 8-3917] design myproject__GCB0 has port ap_return_11[15] driven by constant 0
WARNING: [Synth 8-3917] design myproject__GCB0 has port ap_return_11[14] driven by constant 0
WARNING: [Synth 8-3917] design myproject__GCB0 has port ap_return_11[13] driven by constant 0
WARNING: [Synth 8-3917] design myproject__GCB0 has port ap_return_11[12] driven by constant 0
WARNING: [Synth 8-3917] design myproject__GCB0 has port ap_return_11[11] driven by constant 0
WARNING: [Synth 8-3917] design myproject__GCB0 has port ap_return_11[10] driven by constant 0
WARNING: [Synth 8-3917] design myproject__GCB0 has port ap_return_11[1] driven by constant 0
WARNING: [Synth 8-3917] design myproject__GCB0 has port ap_return_11[0] driven by constant 0
WARNING: [Synth 8-3917] design myproject__GCB0 has port ap_return_12[15] driven by constant 0
WARNING: [Synth 8-3917] design myproject__GCB0 has port ap_return_12[14] driven by constant 0
WARNING: [Synth 8-3917] design myproject__GCB0 has port ap_return_12[13] driven by constant 0
WARNING: [Synth 8-3917] design myproject__GCB0 has port ap_return_12[12] driven by constant 0
INFO: [Common 17-14] Message 'Synth 8-3917' appears 100 times and further instances of the messages will be disabled. Use the Tcl command set_msg_config to change the current settings.
INFO: [Common 17-14] Message 'Synth 8-3917' appears 100 times and further instances of the messages will be disabled. Use the Tcl command set_msg_config to change the current settings.
INFO: [Synth 8-3333] propagating constant 1 across sequential element (grp_relu_ap_fixed_16_6_5_3_0_ap_ufixed_8_0_4_0_0_relu_config18_s_fu_650/\ap_CS_fsm_reg[0] )
INFO: [Synth 8-3333] propagating constant 1 across sequential element (grp_relu_ap_fixed_16_6_5_3_0_ap_ufixed_8_0_4_0_0_relu_config13_s_fu_244/\ap_CS_fsm_reg[0] )
DSP Report: Generating DSP mul_16s_6ns_21_2_1_U75/buff0_reg, operation Mode is: (A*(B:0x1d))'.
DSP Report: register mul_16s_6ns_21_2_1_U75/buff0_reg is absorbed into DSP mul_16s_6ns_21_2_1_U75/buff0_reg.
DSP Report: operator mul_16s_6ns_21_2_1_U75/tmp_product is absorbed into DSP mul_16s_6ns_21_2_1_U75/buff0_reg.
DSP Report: Generating DSP mul_16s_6ns_21_2_1_U76/buff0_reg, operation Mode is: (A*(B:0x1a))'.
DSP Report: register mul_16s_6ns_21_2_1_U76/buff0_reg is absorbed into DSP mul_16s_6ns_21_2_1_U76/buff0_reg.
DSP Report: operator mul_16s_6ns_21_2_1_U76/tmp_product is absorbed into DSP mul_16s_6ns_21_2_1_U76/buff0_reg.
WARNING: [Synth 8-7129] Port ap_rst in module myproject_dense_latency_ap_ufixed_8_0_4_0_0_ap_fixed_16_6_5_3_0_config22_s is either unconnected or has no load
INFO: [Synth 8-3333] propagating constant 1 across sequential element (grp_relu_ap_fixed_16_6_5_3_0_ap_ufixed_8_0_4_0_0_relu_config21_s_fu_786/\ap_CS_fsm_reg[0] )
INFO: [Synth 8-3333] propagating constant 0 across sequential element (grp_dense_latency_ap_ufixed_8_0_4_0_0_ap_fixed_16_6_5_3_0_config22_s_fu_806/\trunc_ln42_2_reg_678_reg[0] )
INFO: [Synth 8-3333] propagating constant 1 across sequential element (grp_dense_latency_ap_fixed_16_6_5_3_0_ap_fixed_16_6_5_3_0_config11_s_fu_238/\ap_CS_fsm_reg[0] )
INFO: [Synth 8-3333] propagating constant 1 across sequential element (grp_relu_ap_fixed_16_6_5_3_0_ap_ufixed_8_0_4_0_0_relu_config14_s_fu_368/\ap_CS_fsm_reg[0] )
INFO: [Synth 8-3333] propagating constant 1 across sequential element (\ap_CS_fsm_reg[0] )
---------------------------------------------------------------------------------
Finished Cross Boundary and Area Optimization : Time (s): cpu = 00:01:29 ; elapsed = 00:01:56 . Memory (MB): peak = 3086.352 ; gain = 1406.340 ; free physical = 60047 ; free virtual = 78443
---------------------------------------------------------------------------------
 Sort Area is myproject__GCB1 mul_16s_6ns_21_2_1_U75/buff0_reg_0 : 0 0 : 292 292 : Used 1 time 0
 Sort Area is myproject__GCB1 mul_16s_6ns_21_2_1_U76/buff0_reg_2 : 0 0 : 292 292 : Used 1 time 0
---------------------------------------------------------------------------------
Start ROM, RAM, DSP, Shift Register and Retiming Reporting
---------------------------------------------------------------------------------

DSP: Preliminary Mapping Report (see note below. The ' indicates corresponding REG is set)
+-----------------------------+---------------+--------+--------+--------+--------+--------+------+------+------+------+-------+------+------+
|Module Name                  | DSP Mapping   | A Size | B Size | C Size | D Size | P Size | AREG | BREG | CREG | DREG | ADREG | MREG | PREG | 
+-----------------------------+---------------+--------+--------+--------+--------+--------+------+------+------+------+-------+------+------+
|myproject_mul_16s_6ns_21_2_1 | (A*(B:0x1d))' | 16     | 6      | -      | -      | 22     | 0    | 0    | -    | -    | -     | 1    | 0    | 
|myproject_mul_16s_6ns_21_2_1 | (A*(B:0x1a))' | 16     | 6      | -      | -      | 22     | 0    | 0    | -    | -    | -     | 1    | 0    | 
+-----------------------------+---------------+--------+--------+--------+--------+--------+------+------+------+------+-------+------+------+

Note: The table above is a preliminary report that shows the DSPs inferred at the current stage of the synthesis flow. Some DSP may be reimplemented as non DSP primitives later in the synthesis flow. Multiple instantiated DSPs are reported only once.
---------------------------------------------------------------------------------
Finished ROM, RAM, DSP, Shift Register and Retiming Reporting
---------------------------------------------------------------------------------
No constraint files found.
---------------------------------------------------------------------------------
Start Timing Optimization
---------------------------------------------------------------------------------
---------------------------------------------------------------------------------
Finished Timing Optimization : Time (s): cpu = 00:01:52 ; elapsed = 00:02:20 . Memory (MB): peak = 3086.352 ; gain = 1406.340 ; free physical = 64495 ; free virtual = 83190
---------------------------------------------------------------------------------
---------------------------------------------------------------------------------
Start Technology Mapping
---------------------------------------------------------------------------------
---------------------------------------------------------------------------------
Finished Technology Mapping : Time (s): cpu = 00:02:05 ; elapsed = 00:02:33 . Memory (MB): peak = 3151.309 ; gain = 1471.297 ; free physical = 66691 ; free virtual = 85269
---------------------------------------------------------------------------------
---------------------------------------------------------------------------------
Start IO Insertion
---------------------------------------------------------------------------------
---------------------------------------------------------------------------------
Start Flattening Before IO Insertion
---------------------------------------------------------------------------------
---------------------------------------------------------------------------------
Finished Flattening Before IO Insertion
---------------------------------------------------------------------------------
---------------------------------------------------------------------------------
Start Final Netlist Cleanup
---------------------------------------------------------------------------------
---------------------------------------------------------------------------------
Finished Final Netlist Cleanup
---------------------------------------------------------------------------------
---------------------------------------------------------------------------------
Finished IO Insertion : Time (s): cpu = 00:02:30 ; elapsed = 00:02:58 . Memory (MB): peak = 3425.340 ; gain = 1745.328 ; free physical = 66810 ; free virtual = 85393
---------------------------------------------------------------------------------
---------------------------------------------------------------------------------
Start Renaming Generated Instances
---------------------------------------------------------------------------------
---------------------------------------------------------------------------------
Finished Renaming Generated Instances : Time (s): cpu = 00:02:31 ; elapsed = 00:02:59 . Memory (MB): peak = 3425.340 ; gain = 1745.328 ; free physical = 66789 ; free virtual = 85394
---------------------------------------------------------------------------------
---------------------------------------------------------------------------------
Start Rebuilding User Hierarchy
---------------------------------------------------------------------------------
---------------------------------------------------------------------------------
Finished Rebuilding User Hierarchy : Time (s): cpu = 00:02:39 ; elapsed = 00:03:07 . Memory (MB): peak = 3425.340 ; gain = 1745.328 ; free physical = 66494 ; free virtual = 85182
---------------------------------------------------------------------------------
---------------------------------------------------------------------------------
Start Renaming Generated Ports
---------------------------------------------------------------------------------
---------------------------------------------------------------------------------
Finished Renaming Generated Ports : Time (s): cpu = 00:02:39 ; elapsed = 00:03:08 . Memory (MB): peak = 3425.340 ; gain = 1745.328 ; free physical = 66453 ; free virtual = 85152
---------------------------------------------------------------------------------
---------------------------------------------------------------------------------
Start Handling Custom Attributes
---------------------------------------------------------------------------------
---------------------------------------------------------------------------------
Finished Handling Custom Attributes : Time (s): cpu = 00:02:41 ; elapsed = 00:03:10 . Memory (MB): peak = 3425.340 ; gain = 1745.328 ; free physical = 66394 ; free virtual = 85099
---------------------------------------------------------------------------------
---------------------------------------------------------------------------------
Start Renaming Generated Nets
---------------------------------------------------------------------------------
---------------------------------------------------------------------------------
Finished Renaming Generated Nets : Time (s): cpu = 00:02:42 ; elapsed = 00:03:11 . Memory (MB): peak = 3425.340 ; gain = 1745.328 ; free physical = 66376 ; free virtual = 85082
---------------------------------------------------------------------------------
---------------------------------------------------------------------------------
Start ROM, RAM, DSP, Shift Register and Retiming Reporting
---------------------------------------------------------------------------------

Static Shift Register Report:
+------------+----------------------------------------------------------------------------------------------------------------------------+--------+-------+--------------+--------------------+-------------------+--------+---------+
|Module Name | RTL Name                                                                                                                   | Length | Width | Reset Signal | Pull out first Reg | Pull out last Reg | SRL16E | SRLC32E | 
+------------+----------------------------------------------------------------------------------------------------------------------------+--------+-------+--------------+--------------------+-------------------+--------+---------+
|myproject   | grp_dense_latency_ap_fixed_16_6_5_3_0_ap_fixed_16_6_5_3_0_config16_s_fu_516/sext_ln58_1381_reg_58610_pp0_iter2_reg_reg[13] | 3      | 14    | NO           | NO                 | YES               | 14     | 0       | 
|myproject   | grp_dense_latency_ap_fixed_16_6_5_3_0_ap_fixed_16_6_5_3_0_config16_s_fu_516/sext_ln42_196_reg_54039_pp0_iter2_reg_reg[14]  | 3      | 15    | NO           | NO                 | YES               | 15     | 0       | 
|myproject   | grp_dense_latency_ap_fixed_16_6_5_3_0_ap_fixed_16_6_5_3_0_config16_s_fu_516/mult_535_reg_54017_pp0_iter2_reg_reg[15]       | 3      | 16    | NO           | NO                 | YES               | 16     | 0       | 
|myproject   | grp_dense_latency_ap_fixed_16_6_5_3_0_ap_fixed_16_6_5_3_0_config11_s_fu_238/data_0_val_read_reg_764_reg[15]                | 4      | 16    | NO           | NO                 | YES               | 16     | 0       | 
|myproject   | grp_dense_latency_ap_fixed_16_6_5_3_0_ap_fixed_16_6_5_3_0_config11_s_fu_238/data_1_val_read_reg_755_reg[4]                 | 3      | 11    | NO           | NO                 | YES               | 11     | 0       | 
|myproject   | grp_dense_latency_ap_fixed_16_6_5_3_0_ap_fixed_16_6_5_3_0_config11_s_fu_238/sext_ln73_384_reg_772_reg[15]                  | 3      | 5     | NO           | NO                 | YES               | 5      | 0       | 
+------------+----------------------------------------------------------------------------------------------------------------------------+--------+-------+--------------+--------------------+-------------------+--------+---------+

---------------------------------------------------------------------------------
Finished ROM, RAM, DSP, Shift Register and Retiming Reporting
---------------------------------------------------------------------------------
---------------------------------------------------------------------------------
Start Writing Synthesis Report
---------------------------------------------------------------------------------

DSP Final Report (the ' indicates corresponding REG is set)
+-----------------------------+-------------+--------+--------+--------+--------+--------+------+------+------+------+-------+------+------+
|Module Name                  | DSP Mapping | A Size | B Size | C Size | D Size | P Size | AREG | BREG | CREG | DREG | ADREG | MREG | PREG | 
+-----------------------------+-------------+--------+--------+--------+--------+--------+------+------+------+------+-------+------+------+
|myproject_mul_16s_6ns_21_2_1 | ((A''*B)')' | 30     | 5      | -      | -      | 21     | 2    | 0    | -    | -    | -     | 1    | 1    | 
|myproject_mul_16s_6ns_21_2_1 | ((A''*B)')' | 30     | 5      | -      | -      | 21     | 2    | 0    | -    | -    | -     | 1    | 1    | 
+-----------------------------+-------------+--------+--------+--------+--------+--------+------+------+------+------+-------+------+------+


Report BlackBoxes: 
+-+--------------+----------+
| |BlackBox name |Instances |
+-+--------------+----------+
+-+--------------+----------+

Report Cell Usage: 
+------+--------+-------+
|      |Cell    |Count  |
+------+--------+-------+
|1     |BUFG    |      1|
|2     |CARRY4  |  31257|
|3     |DSP48E1 |      2|
|4     |LUT1    |   7597|
|5     |LUT2    |  56013|
|6     |LUT3    |  44360|
|7     |LUT4    |  39187|
|8     |LUT5    |   2224|
|9     |LUT6    |   2914|
|10    |SRL16E  |     77|
|11    |FDRE    | 126227|
|12    |IBUF    |    600|
|13    |OBUF    |     12|
+------+--------+-------+

Report Instance Areas: 
+------+------------------------------------------------------------------------------+---------------------------------------------------------------------------+-------+
|      |Instance                                                                      |Module                                                                     |Cells  |
+------+------------------------------------------------------------------------------+---------------------------------------------------------------------------+-------+
|1     |top                                                                           |                                                                           | 310471|
|2     |  grp_dense_latency_ap_fixed_16_6_5_3_0_ap_fixed_16_6_5_3_0_config11_s_fu_238 |myproject_dense_latency_ap_fixed_16_6_5_3_0_ap_fixed_16_6_5_3_0_config11_s |    707|
|3     |    mul_16s_6ns_21_2_1_U75                                                    |myproject_mul_16s_6ns_21_2_1                                               |     29|
|4     |    mul_16s_6ns_21_2_1_U76                                                    |myproject_mul_16s_6ns_21_2_1_0                                             |      2|
|5     |  grp_dense_latency_ap_fixed_16_6_5_3_0_ap_fixed_16_6_5_3_0_config16_s_fu_516 |myproject_dense_latency_ap_fixed_16_6_5_3_0_ap_fixed_16_6_5_3_0_config16_s | 167617|
|6     |  grp_dense_latency_ap_fixed_16_6_5_3_0_ap_fixed_16_6_5_3_0_config9_s_fu_193  |myproject_dense_latency_ap_fixed_16_6_5_3_0_ap_fixed_16_6_5_3_0_config9_s  | 105395|
|7     |  grp_dense_latency_ap_ufixed_8_0_4_0_0_ap_fixed_16_6_5_3_0_config19_s_fu_718 |myproject_dense_latency_ap_ufixed_8_0_4_0_0_ap_fixed_16_6_5_3_0_config19_s |  19625|
|8     |  grp_dense_latency_ap_ufixed_8_0_4_0_0_ap_fixed_16_6_5_3_0_config22_s_fu_806 |myproject_dense_latency_ap_ufixed_8_0_4_0_0_ap_fixed_16_6_5_3_0_config22_s |    615|
|9     |  grp_relu_ap_fixed_16_6_5_3_0_ap_ufixed_8_0_4_0_0_relu_config13_s_fu_244     |myproject_relu_ap_fixed_16_6_5_3_0_ap_ufixed_8_0_4_0_0_relu_config13_s     |   5762|
|10    |  grp_relu_ap_fixed_16_6_5_3_0_ap_ufixed_8_0_4_0_0_relu_config14_s_fu_368     |myproject_relu_ap_fixed_16_6_5_3_0_ap_ufixed_8_0_4_0_0_relu_config14_s     |    480|
|11    |  grp_relu_ap_fixed_16_6_5_3_0_ap_ufixed_8_0_4_0_0_relu_config18_s_fu_650     |myproject_relu_ap_fixed_16_6_5_3_0_ap_ufixed_8_0_4_0_0_relu_config18_s     |   3072|
|12    |  grp_relu_ap_fixed_16_6_5_3_0_ap_ufixed_8_0_4_0_0_relu_config21_s_fu_786     |myproject_relu_ap_fixed_16_6_5_3_0_ap_ufixed_8_0_4_0_0_relu_config21_s     |    750|
+------+------------------------------------------------------------------------------+---------------------------------------------------------------------------+-------+
---------------------------------------------------------------------------------
Finished Writing Synthesis Report : Time (s): cpu = 00:02:42 ; elapsed = 00:03:11 . Memory (MB): peak = 3425.340 ; gain = 1745.328 ; free physical = 66375 ; free virtual = 85083
---------------------------------------------------------------------------------
Synthesis finished with 0 errors, 0 critical warnings and 110 warnings.
Synthesis Optimization Runtime : Time (s): cpu = 00:02:45 ; elapsed = 00:03:12 . Memory (MB): peak = 3429.250 ; gain = 1749.238 ; free physical = 72473 ; free virtual = 91182
Synthesis Optimization Complete : Time (s): cpu = 00:02:45 ; elapsed = 00:03:12 . Memory (MB): peak = 3429.250 ; gain = 1749.238 ; free physical = 72507 ; free virtual = 91180
INFO: [Project 1-571] Translating synthesized netlist
Netlist sorting complete. Time (s): cpu = 00:00:02 ; elapsed = 00:00:02 . Memory (MB): peak = 3429.250 ; gain = 0.000 ; free physical = 72117 ; free virtual = 90869
INFO: [Netlist 29-17] Analyzing 31259 Unisim elements for replacement
INFO: [Netlist 29-28] Unisim Transformation completed in 0 CPU seconds
INFO: [Project 1-570] Preparing netlist for logic optimization
INFO: [Opt 31-138] Pushed 0 inverter(s) to 0 load pin(s).
Netlist sorting complete. Time (s): cpu = 00:00:00.04 ; elapsed = 00:00:00.04 . Memory (MB): peak = 3473.363 ; gain = 0.000 ; free physical = 69317 ; free virtual = 88128
INFO: [Project 1-111] Unisim Transformation Summary:
No Unisim elements were transformed.

Synth Design complete | Checksum: 9c7635b7
INFO: [Common 17-83] Releasing license: Synthesis
175 Infos, 110 Warnings, 0 Critical Warnings and 0 Errors encountered.
synth_design completed successfully
synth_design: Time (s): cpu = 00:03:30 ; elapsed = 00:03:54 . Memory (MB): peak = 3473.363 ; gain = 1799.312 ; free physical = 69290 ; free virtual = 88107
INFO: [Common 17-2834] synth_design peak Physical Memory [PSS] (MB): overall = 8599.378; main = 2440.538; forked = 6325.878
INFO: [Common 17-2834] synth_design peak Virtual Memory [VSS] (MB): overall = 17198.133; main = 3473.367; forked = 13772.789
# report_utilization -file vivado_synth.rpt
INFO: [Common 17-206] Exiting Vivado at Mon Feb 23 22:23:30 2026...
