WARN: Unable to import optimizer(s) from expr_templates.py: No module named 'sympy'
WARNING: Failed to import handlers from convolution.py: No module named 'torch'.
WARNING: Failed to import handlers from core.py: No module named 'torch'.
WARNING: Failed to import handlers from merge.py: No module named 'torch'.
WARNING: Failed to import handlers from pooling.py: No module named 'torch'.
WARNING: Failed to import handlers from reshape.py: No module named 'torch'.
Total time: 5060.854856491089
Time per execution: 101.21709727287292
Time per epoch: 4.0486838939666745
Total time: 5390.415262699127
Time per execution: 107.80830539703369
Time per epoch: 4.31233221988678
Total time: 5625.380638599396
Time per execution: 112.50761291503906
Time per epoch: 4.500304520225525
Total time: 5040.755477428436
Time per execution: 100.81510967254638
Time per epoch: 4.032604390716553
Total time: 6274.455392360687
Time per execution: 125.48910796642303
Time per epoch: 5.019564322471618
Total time: 27587.02793622017
