

================================================================
== Vitis HLS Report for 'concatenate1d_ap_ufixed_ap_ufixed_ap_fixed_16_6_5_3_0_config15_s'
================================================================
* Date:           Tue Mar 24 14:55:17 2026

* Version:        2024.1 (Build 5069499 on May 21 2024)
* Project:        myproject_prj
* Solution:       solution1 (Vivado IP Flow Target)
* Product family: zynq
* Target device:  xc7z020-clg400-1


================================================================
== Performance Estimates
================================================================
+ Timing: 
    * Summary: 
    +--------+---------+----------+------------+
    |  Clock |  Target | Estimated| Uncertainty|
    +--------+---------+----------+------------+
    |ap_clk  |  5.00 ns|      0 ns|     0.62 ns|
    +--------+---------+----------+------------+

+ Latency: 
    * Summary: 
    +---------+---------+----------+----------+-----+-----+---------+
    |  Latency (cycles) |  Latency (absolute) |  Interval | Pipeline|
    |   min   |   max   |    min   |    max   | min | max |   Type  |
    +---------+---------+----------+----------+-----+-----+---------+
    |        0|        0|      0 ns|      0 ns|    1|    1|      yes|
    +---------+---------+----------+----------+-----+-----+---------+

    + Detail: 
        * Instance: 
        N/A

        * Loop: 
        N/A



================================================================
== Utilization Estimates
================================================================
* Summary: 
+-----------------+---------+-----+--------+-------+-----+
|       Name      | BRAM_18K| DSP |   FF   |  LUT  | URAM|
+-----------------+---------+-----+--------+-------+-----+
|DSP              |        -|    -|       -|      -|    -|
|Expression       |        -|    -|       -|      -|    -|
|FIFO             |        -|    -|       -|      -|    -|
|Instance         |        -|    -|       -|      -|    -|
|Memory           |        -|    -|       -|      -|    -|
|Multiplexer      |        -|    -|       -|      -|    -|
|Register         |        -|    -|       -|      -|    -|
+-----------------+---------+-----+--------+-------+-----+
|Total            |        0|    0|       0|      0|    0|
+-----------------+---------+-----+--------+-------+-----+
|Available        |      280|  220|  106400|  53200|    0|
+-----------------+---------+-----+--------+-------+-----+
|Utilization (%)  |        0|    0|       0|      0|    0|
+-----------------+---------+-----+--------+-------+-----+

+ Detail: 
    * Instance: 
    N/A

    * DSP: 
    N/A

    * Memory: 
    N/A

    * FIFO: 
    N/A

    * Expression: 
    N/A

    * Multiplexer: 
    N/A

    * Register: 
    N/A



================================================================
== Interface
================================================================
* Summary: 
+--------------+-----+-----+------------+------------------------------------------------------------------+--------------+
|   RTL Ports  | Dir | Bits|  Protocol  |                           Source Object                          |    C Type    |
+--------------+-----+-----+------------+------------------------------------------------------------------+--------------+
|ap_ready      |  out|    1|  ap_ctrl_hs|  concatenate1d<ap_ufixed,ap_ufixed,ap_fixed<16,6,5,3,0>,config15>|  return value|
|ap_return_0   |  out|   16|  ap_ctrl_hs|  concatenate1d<ap_ufixed,ap_ufixed,ap_fixed<16,6,5,3,0>,config15>|  return value|
|ap_return_1   |  out|   16|  ap_ctrl_hs|  concatenate1d<ap_ufixed,ap_ufixed,ap_fixed<16,6,5,3,0>,config15>|  return value|
|ap_return_2   |  out|   16|  ap_ctrl_hs|  concatenate1d<ap_ufixed,ap_ufixed,ap_fixed<16,6,5,3,0>,config15>|  return value|
|ap_return_3   |  out|   16|  ap_ctrl_hs|  concatenate1d<ap_ufixed,ap_ufixed,ap_fixed<16,6,5,3,0>,config15>|  return value|
|ap_return_4   |  out|   16|  ap_ctrl_hs|  concatenate1d<ap_ufixed,ap_ufixed,ap_fixed<16,6,5,3,0>,config15>|  return value|
|ap_return_5   |  out|   16|  ap_ctrl_hs|  concatenate1d<ap_ufixed,ap_ufixed,ap_fixed<16,6,5,3,0>,config15>|  return value|
|ap_return_6   |  out|   16|  ap_ctrl_hs|  concatenate1d<ap_ufixed,ap_ufixed,ap_fixed<16,6,5,3,0>,config15>|  return value|
|ap_return_7   |  out|   16|  ap_ctrl_hs|  concatenate1d<ap_ufixed,ap_ufixed,ap_fixed<16,6,5,3,0>,config15>|  return value|
|ap_return_8   |  out|   16|  ap_ctrl_hs|  concatenate1d<ap_ufixed,ap_ufixed,ap_fixed<16,6,5,3,0>,config15>|  return value|
|ap_return_9   |  out|   16|  ap_ctrl_hs|  concatenate1d<ap_ufixed,ap_ufixed,ap_fixed<16,6,5,3,0>,config15>|  return value|
|ap_return_10  |  out|   16|  ap_ctrl_hs|  concatenate1d<ap_ufixed,ap_ufixed,ap_fixed<16,6,5,3,0>,config15>|  return value|
|ap_return_11  |  out|   16|  ap_ctrl_hs|  concatenate1d<ap_ufixed,ap_ufixed,ap_fixed<16,6,5,3,0>,config15>|  return value|
|ap_return_12  |  out|   16|  ap_ctrl_hs|  concatenate1d<ap_ufixed,ap_ufixed,ap_fixed<16,6,5,3,0>,config15>|  return value|
|ap_return_13  |  out|   16|  ap_ctrl_hs|  concatenate1d<ap_ufixed,ap_ufixed,ap_fixed<16,6,5,3,0>,config15>|  return value|
|ap_rst        |   in|    1|  ap_ctrl_hs|  concatenate1d<ap_ufixed,ap_ufixed,ap_fixed<16,6,5,3,0>,config15>|  return value|
|data1_0_val   |   in|    8|     ap_none|                                                       data1_0_val|        scalar|
|data1_1_val   |   in|    8|     ap_none|                                                       data1_1_val|        scalar|
|data1_2_val   |   in|    8|     ap_none|                                                       data1_2_val|        scalar|
|data1_3_val   |   in|    8|     ap_none|                                                       data1_3_val|        scalar|
|data1_4_val   |   in|    8|     ap_none|                                                       data1_4_val|        scalar|
|data1_5_val   |   in|    8|     ap_none|                                                       data1_5_val|        scalar|
|data1_6_val   |   in|    8|     ap_none|                                                       data1_6_val|        scalar|
|data1_7_val   |   in|    8|     ap_none|                                                       data1_7_val|        scalar|
|data2_0_val   |   in|    8|     ap_none|                                                       data2_0_val|        scalar|
|data2_1_val   |   in|    8|     ap_none|                                                       data2_1_val|        scalar|
|data2_2_val   |   in|    8|     ap_none|                                                       data2_2_val|        scalar|
|data2_3_val   |   in|    8|     ap_none|                                                       data2_3_val|        scalar|
|data2_4_val   |   in|    8|     ap_none|                                                       data2_4_val|        scalar|
|data2_5_val   |   in|    8|     ap_none|                                                       data2_5_val|        scalar|
+--------------+-----+-----+------------+------------------------------------------------------------------+--------------+

============================================================
+ Verbose Summary: Synthesis Manager
============================================================
InlineROM: 1
ExposeGlobal: 0
============================================================
+ Verbose Summary: CDFG Model
============================================================
IsTopModel: 0
ResetActiveHigh: 1
IsCombinational: 1
IsDatapathOnly: 2
HasWiredReturn: 1
HasMFsm: 2
HasVarLatency: 0
IsPipeline: 1
IsRtlPipelined: 0
IsInstanceOverlapped: 0
IsDontTouch: 0
HasImplIP: 0
IsGatedGlobalClock: 0

+ Individual pipeline summary: 
  * Pipeline-0: initiation interval (II) = 1, depth = 1


============================================================
+ Verbose Summary: Schedule
============================================================
* Number of FSM states : 1
* Pipeline : 1
  Pipeline-0 : II = 1, D = 1, States = { 1 }
* Dataflow Pipeline: 0

* FSM state transitions: 
1 --> 

* FSM state operations: 

State 1 <SV = 0> <Delay = 0.00>
ST_1 : Operation 2 [1/1] (0.00ns)   --->   "%specpipeline_ln120 = specpipeline void @_ssdm_op_SpecPipeline, i32 4294967295, i32 0, i32 0, i32 0, void @empty_0" [firmware/nnet_utils/nnet_merge.h:120]   --->   Operation 2 'specpipeline' 'specpipeline_ln120' <Predicate = true> <Delay = 0.00>
ST_1 : Operation 3 [1/1] (0.00ns)   --->   "%data2_5_val_read = read i8 @_ssdm_op_Read.ap_auto.i8, i8 %data2_5_val" [firmware/nnet_utils/nnet_merge.h:120]   --->   Operation 3 'read' 'data2_5_val_read' <Predicate = true> <Delay = 0.00>
ST_1 : Operation 4 [1/1] (0.00ns)   --->   "%data2_4_val_read = read i8 @_ssdm_op_Read.ap_auto.i8, i8 %data2_4_val" [firmware/nnet_utils/nnet_merge.h:120]   --->   Operation 4 'read' 'data2_4_val_read' <Predicate = true> <Delay = 0.00>
ST_1 : Operation 5 [1/1] (0.00ns)   --->   "%data2_3_val_read = read i8 @_ssdm_op_Read.ap_auto.i8, i8 %data2_3_val" [firmware/nnet_utils/nnet_merge.h:120]   --->   Operation 5 'read' 'data2_3_val_read' <Predicate = true> <Delay = 0.00>
ST_1 : Operation 6 [1/1] (0.00ns)   --->   "%data2_2_val_read = read i8 @_ssdm_op_Read.ap_auto.i8, i8 %data2_2_val" [firmware/nnet_utils/nnet_merge.h:120]   --->   Operation 6 'read' 'data2_2_val_read' <Predicate = true> <Delay = 0.00>
ST_1 : Operation 7 [1/1] (0.00ns)   --->   "%data2_1_val_read = read i8 @_ssdm_op_Read.ap_auto.i8, i8 %data2_1_val" [firmware/nnet_utils/nnet_merge.h:120]   --->   Operation 7 'read' 'data2_1_val_read' <Predicate = true> <Delay = 0.00>
ST_1 : Operation 8 [1/1] (0.00ns)   --->   "%data2_0_val_read = read i8 @_ssdm_op_Read.ap_auto.i8, i8 %data2_0_val" [firmware/nnet_utils/nnet_merge.h:120]   --->   Operation 8 'read' 'data2_0_val_read' <Predicate = true> <Delay = 0.00>
ST_1 : Operation 9 [1/1] (0.00ns)   --->   "%data1_7_val_read = read i8 @_ssdm_op_Read.ap_auto.i8, i8 %data1_7_val" [firmware/nnet_utils/nnet_merge.h:120]   --->   Operation 9 'read' 'data1_7_val_read' <Predicate = true> <Delay = 0.00>
ST_1 : Operation 10 [1/1] (0.00ns)   --->   "%data1_6_val_read = read i8 @_ssdm_op_Read.ap_auto.i8, i8 %data1_6_val" [firmware/nnet_utils/nnet_merge.h:120]   --->   Operation 10 'read' 'data1_6_val_read' <Predicate = true> <Delay = 0.00>
ST_1 : Operation 11 [1/1] (0.00ns)   --->   "%data1_5_val_read = read i8 @_ssdm_op_Read.ap_auto.i8, i8 %data1_5_val" [firmware/nnet_utils/nnet_merge.h:120]   --->   Operation 11 'read' 'data1_5_val_read' <Predicate = true> <Delay = 0.00>
ST_1 : Operation 12 [1/1] (0.00ns)   --->   "%data1_4_val_read = read i8 @_ssdm_op_Read.ap_auto.i8, i8 %data1_4_val" [firmware/nnet_utils/nnet_merge.h:120]   --->   Operation 12 'read' 'data1_4_val_read' <Predicate = true> <Delay = 0.00>
ST_1 : Operation 13 [1/1] (0.00ns)   --->   "%data1_3_val_read = read i8 @_ssdm_op_Read.ap_auto.i8, i8 %data1_3_val" [firmware/nnet_utils/nnet_merge.h:120]   --->   Operation 13 'read' 'data1_3_val_read' <Predicate = true> <Delay = 0.00>
ST_1 : Operation 14 [1/1] (0.00ns)   --->   "%data1_2_val_read = read i8 @_ssdm_op_Read.ap_auto.i8, i8 %data1_2_val" [firmware/nnet_utils/nnet_merge.h:120]   --->   Operation 14 'read' 'data1_2_val_read' <Predicate = true> <Delay = 0.00>
ST_1 : Operation 15 [1/1] (0.00ns)   --->   "%data1_1_val_read = read i8 @_ssdm_op_Read.ap_auto.i8, i8 %data1_1_val" [firmware/nnet_utils/nnet_merge.h:120]   --->   Operation 15 'read' 'data1_1_val_read' <Predicate = true> <Delay = 0.00>
ST_1 : Operation 16 [1/1] (0.00ns)   --->   "%data1_0_val_read = read i8 @_ssdm_op_Read.ap_auto.i8, i8 %data1_0_val" [firmware/nnet_utils/nnet_merge.h:120]   --->   Operation 16 'read' 'data1_0_val_read' <Predicate = true> <Delay = 0.00>
ST_1 : Operation 17 [1/1] (0.00ns)   --->   "%shl_ln = bitconcatenate i10 @_ssdm_op_BitConcatenate.i10.i8.i2, i8 %data1_0_val_read, i2 0" [firmware/nnet_utils/nnet_merge.h:120]   --->   Operation 17 'bitconcatenate' 'shl_ln' <Predicate = true> <Delay = 0.00>
ST_1 : Operation 18 [1/1] (0.00ns)   --->   "%zext_ln120 = zext i10 %shl_ln" [firmware/nnet_utils/nnet_merge.h:120]   --->   Operation 18 'zext' 'zext_ln120' <Predicate = true> <Delay = 0.00>
ST_1 : Operation 19 [1/1] (0.00ns)   --->   "%shl_ln120_1 = bitconcatenate i10 @_ssdm_op_BitConcatenate.i10.i8.i2, i8 %data1_1_val_read, i2 0" [firmware/nnet_utils/nnet_merge.h:120]   --->   Operation 19 'bitconcatenate' 'shl_ln120_1' <Predicate = true> <Delay = 0.00>
ST_1 : Operation 20 [1/1] (0.00ns)   --->   "%zext_ln120_1 = zext i10 %shl_ln120_1" [firmware/nnet_utils/nnet_merge.h:120]   --->   Operation 20 'zext' 'zext_ln120_1' <Predicate = true> <Delay = 0.00>
ST_1 : Operation 21 [1/1] (0.00ns)   --->   "%shl_ln120_2 = bitconcatenate i10 @_ssdm_op_BitConcatenate.i10.i8.i2, i8 %data1_2_val_read, i2 0" [firmware/nnet_utils/nnet_merge.h:120]   --->   Operation 21 'bitconcatenate' 'shl_ln120_2' <Predicate = true> <Delay = 0.00>
ST_1 : Operation 22 [1/1] (0.00ns)   --->   "%zext_ln120_2 = zext i10 %shl_ln120_2" [firmware/nnet_utils/nnet_merge.h:120]   --->   Operation 22 'zext' 'zext_ln120_2' <Predicate = true> <Delay = 0.00>
ST_1 : Operation 23 [1/1] (0.00ns)   --->   "%shl_ln120_3 = bitconcatenate i10 @_ssdm_op_BitConcatenate.i10.i8.i2, i8 %data1_3_val_read, i2 0" [firmware/nnet_utils/nnet_merge.h:120]   --->   Operation 23 'bitconcatenate' 'shl_ln120_3' <Predicate = true> <Delay = 0.00>
ST_1 : Operation 24 [1/1] (0.00ns)   --->   "%zext_ln120_3 = zext i10 %shl_ln120_3" [firmware/nnet_utils/nnet_merge.h:120]   --->   Operation 24 'zext' 'zext_ln120_3' <Predicate = true> <Delay = 0.00>
ST_1 : Operation 25 [1/1] (0.00ns)   --->   "%shl_ln120_4 = bitconcatenate i10 @_ssdm_op_BitConcatenate.i10.i8.i2, i8 %data1_4_val_read, i2 0" [firmware/nnet_utils/nnet_merge.h:120]   --->   Operation 25 'bitconcatenate' 'shl_ln120_4' <Predicate = true> <Delay = 0.00>
ST_1 : Operation 26 [1/1] (0.00ns)   --->   "%zext_ln120_4 = zext i10 %shl_ln120_4" [firmware/nnet_utils/nnet_merge.h:120]   --->   Operation 26 'zext' 'zext_ln120_4' <Predicate = true> <Delay = 0.00>
ST_1 : Operation 27 [1/1] (0.00ns)   --->   "%shl_ln120_5 = bitconcatenate i10 @_ssdm_op_BitConcatenate.i10.i8.i2, i8 %data1_5_val_read, i2 0" [firmware/nnet_utils/nnet_merge.h:120]   --->   Operation 27 'bitconcatenate' 'shl_ln120_5' <Predicate = true> <Delay = 0.00>
ST_1 : Operation 28 [1/1] (0.00ns)   --->   "%zext_ln120_5 = zext i10 %shl_ln120_5" [firmware/nnet_utils/nnet_merge.h:120]   --->   Operation 28 'zext' 'zext_ln120_5' <Predicate = true> <Delay = 0.00>
ST_1 : Operation 29 [1/1] (0.00ns)   --->   "%shl_ln120_6 = bitconcatenate i10 @_ssdm_op_BitConcatenate.i10.i8.i2, i8 %data1_6_val_read, i2 0" [firmware/nnet_utils/nnet_merge.h:120]   --->   Operation 29 'bitconcatenate' 'shl_ln120_6' <Predicate = true> <Delay = 0.00>
ST_1 : Operation 30 [1/1] (0.00ns)   --->   "%zext_ln120_6 = zext i10 %shl_ln120_6" [firmware/nnet_utils/nnet_merge.h:120]   --->   Operation 30 'zext' 'zext_ln120_6' <Predicate = true> <Delay = 0.00>
ST_1 : Operation 31 [1/1] (0.00ns)   --->   "%shl_ln120_7 = bitconcatenate i10 @_ssdm_op_BitConcatenate.i10.i8.i2, i8 %data1_7_val_read, i2 0" [firmware/nnet_utils/nnet_merge.h:120]   --->   Operation 31 'bitconcatenate' 'shl_ln120_7' <Predicate = true> <Delay = 0.00>
ST_1 : Operation 32 [1/1] (0.00ns)   --->   "%zext_ln123 = zext i10 %shl_ln120_7" [firmware/nnet_utils/nnet_merge.h:123]   --->   Operation 32 'zext' 'zext_ln123' <Predicate = true> <Delay = 0.00>
ST_1 : Operation 33 [1/1] (0.00ns)   --->   "%shl_ln2 = bitconcatenate i10 @_ssdm_op_BitConcatenate.i10.i8.i2, i8 %data2_0_val_read, i2 0" [firmware/nnet_utils/nnet_merge.h:123]   --->   Operation 33 'bitconcatenate' 'shl_ln2' <Predicate = true> <Delay = 0.00>
ST_1 : Operation 34 [1/1] (0.00ns)   --->   "%zext_ln123_1 = zext i10 %shl_ln2" [firmware/nnet_utils/nnet_merge.h:123]   --->   Operation 34 'zext' 'zext_ln123_1' <Predicate = true> <Delay = 0.00>
ST_1 : Operation 35 [1/1] (0.00ns)   --->   "%shl_ln123_1 = bitconcatenate i10 @_ssdm_op_BitConcatenate.i10.i8.i2, i8 %data2_1_val_read, i2 0" [firmware/nnet_utils/nnet_merge.h:123]   --->   Operation 35 'bitconcatenate' 'shl_ln123_1' <Predicate = true> <Delay = 0.00>
ST_1 : Operation 36 [1/1] (0.00ns)   --->   "%zext_ln123_2 = zext i10 %shl_ln123_1" [firmware/nnet_utils/nnet_merge.h:123]   --->   Operation 36 'zext' 'zext_ln123_2' <Predicate = true> <Delay = 0.00>
ST_1 : Operation 37 [1/1] (0.00ns)   --->   "%shl_ln123_2 = bitconcatenate i10 @_ssdm_op_BitConcatenate.i10.i8.i2, i8 %data2_2_val_read, i2 0" [firmware/nnet_utils/nnet_merge.h:123]   --->   Operation 37 'bitconcatenate' 'shl_ln123_2' <Predicate = true> <Delay = 0.00>
ST_1 : Operation 38 [1/1] (0.00ns)   --->   "%zext_ln123_3 = zext i10 %shl_ln123_2" [firmware/nnet_utils/nnet_merge.h:123]   --->   Operation 38 'zext' 'zext_ln123_3' <Predicate = true> <Delay = 0.00>
ST_1 : Operation 39 [1/1] (0.00ns)   --->   "%shl_ln123_3 = bitconcatenate i10 @_ssdm_op_BitConcatenate.i10.i8.i2, i8 %data2_3_val_read, i2 0" [firmware/nnet_utils/nnet_merge.h:123]   --->   Operation 39 'bitconcatenate' 'shl_ln123_3' <Predicate = true> <Delay = 0.00>
ST_1 : Operation 40 [1/1] (0.00ns)   --->   "%zext_ln123_4 = zext i10 %shl_ln123_3" [firmware/nnet_utils/nnet_merge.h:123]   --->   Operation 40 'zext' 'zext_ln123_4' <Predicate = true> <Delay = 0.00>
ST_1 : Operation 41 [1/1] (0.00ns)   --->   "%shl_ln123_4 = bitconcatenate i10 @_ssdm_op_BitConcatenate.i10.i8.i2, i8 %data2_4_val_read, i2 0" [firmware/nnet_utils/nnet_merge.h:123]   --->   Operation 41 'bitconcatenate' 'shl_ln123_4' <Predicate = true> <Delay = 0.00>
ST_1 : Operation 42 [1/1] (0.00ns)   --->   "%zext_ln123_5 = zext i10 %shl_ln123_4" [firmware/nnet_utils/nnet_merge.h:123]   --->   Operation 42 'zext' 'zext_ln123_5' <Predicate = true> <Delay = 0.00>
ST_1 : Operation 43 [1/1] (0.00ns)   --->   "%shl_ln123_5 = bitconcatenate i10 @_ssdm_op_BitConcatenate.i10.i8.i2, i8 %data2_5_val_read, i2 0" [firmware/nnet_utils/nnet_merge.h:123]   --->   Operation 43 'bitconcatenate' 'shl_ln123_5' <Predicate = true> <Delay = 0.00>
ST_1 : Operation 44 [1/1] (0.00ns)   --->   "%zext_ln125 = zext i10 %shl_ln123_5" [firmware/nnet_utils/nnet_merge.h:125]   --->   Operation 44 'zext' 'zext_ln125' <Predicate = true> <Delay = 0.00>
ST_1 : Operation 45 [1/1] (0.00ns)   --->   "%mrv = insertvalue i224 <undef>, i16 %zext_ln120" [firmware/nnet_utils/nnet_merge.h:125]   --->   Operation 45 'insertvalue' 'mrv' <Predicate = true> <Delay = 0.00>
ST_1 : Operation 46 [1/1] (0.00ns)   --->   "%mrv_1 = insertvalue i224 %mrv, i16 %zext_ln120_1" [firmware/nnet_utils/nnet_merge.h:125]   --->   Operation 46 'insertvalue' 'mrv_1' <Predicate = true> <Delay = 0.00>
ST_1 : Operation 47 [1/1] (0.00ns)   --->   "%mrv_2 = insertvalue i224 %mrv_1, i16 %zext_ln120_2" [firmware/nnet_utils/nnet_merge.h:125]   --->   Operation 47 'insertvalue' 'mrv_2' <Predicate = true> <Delay = 0.00>
ST_1 : Operation 48 [1/1] (0.00ns)   --->   "%mrv_3 = insertvalue i224 %mrv_2, i16 %zext_ln120_3" [firmware/nnet_utils/nnet_merge.h:125]   --->   Operation 48 'insertvalue' 'mrv_3' <Predicate = true> <Delay = 0.00>
ST_1 : Operation 49 [1/1] (0.00ns)   --->   "%mrv_4 = insertvalue i224 %mrv_3, i16 %zext_ln120_4" [firmware/nnet_utils/nnet_merge.h:125]   --->   Operation 49 'insertvalue' 'mrv_4' <Predicate = true> <Delay = 0.00>
ST_1 : Operation 50 [1/1] (0.00ns)   --->   "%mrv_5 = insertvalue i224 %mrv_4, i16 %zext_ln120_5" [firmware/nnet_utils/nnet_merge.h:125]   --->   Operation 50 'insertvalue' 'mrv_5' <Predicate = true> <Delay = 0.00>
ST_1 : Operation 51 [1/1] (0.00ns)   --->   "%mrv_6 = insertvalue i224 %mrv_5, i16 %zext_ln120_6" [firmware/nnet_utils/nnet_merge.h:125]   --->   Operation 51 'insertvalue' 'mrv_6' <Predicate = true> <Delay = 0.00>
ST_1 : Operation 52 [1/1] (0.00ns)   --->   "%mrv_7 = insertvalue i224 %mrv_6, i16 %zext_ln123" [firmware/nnet_utils/nnet_merge.h:125]   --->   Operation 52 'insertvalue' 'mrv_7' <Predicate = true> <Delay = 0.00>
ST_1 : Operation 53 [1/1] (0.00ns)   --->   "%mrv_8 = insertvalue i224 %mrv_7, i16 %zext_ln123_1" [firmware/nnet_utils/nnet_merge.h:125]   --->   Operation 53 'insertvalue' 'mrv_8' <Predicate = true> <Delay = 0.00>
ST_1 : Operation 54 [1/1] (0.00ns)   --->   "%mrv_9 = insertvalue i224 %mrv_8, i16 %zext_ln123_2" [firmware/nnet_utils/nnet_merge.h:125]   --->   Operation 54 'insertvalue' 'mrv_9' <Predicate = true> <Delay = 0.00>
ST_1 : Operation 55 [1/1] (0.00ns)   --->   "%mrv_s = insertvalue i224 %mrv_9, i16 %zext_ln123_3" [firmware/nnet_utils/nnet_merge.h:125]   --->   Operation 55 'insertvalue' 'mrv_s' <Predicate = true> <Delay = 0.00>
ST_1 : Operation 56 [1/1] (0.00ns)   --->   "%mrv_10 = insertvalue i224 %mrv_s, i16 %zext_ln123_4" [firmware/nnet_utils/nnet_merge.h:125]   --->   Operation 56 'insertvalue' 'mrv_10' <Predicate = true> <Delay = 0.00>
ST_1 : Operation 57 [1/1] (0.00ns)   --->   "%mrv_11 = insertvalue i224 %mrv_10, i16 %zext_ln123_5" [firmware/nnet_utils/nnet_merge.h:125]   --->   Operation 57 'insertvalue' 'mrv_11' <Predicate = true> <Delay = 0.00>
ST_1 : Operation 58 [1/1] (0.00ns)   --->   "%mrv_12 = insertvalue i224 %mrv_11, i16 %zext_ln125" [firmware/nnet_utils/nnet_merge.h:125]   --->   Operation 58 'insertvalue' 'mrv_12' <Predicate = true> <Delay = 0.00>
ST_1 : Operation 59 [1/1] (0.00ns)   --->   "%ret_ln125 = ret i224 %mrv_12" [firmware/nnet_utils/nnet_merge.h:125]   --->   Operation 59 'ret' 'ret_ln125' <Predicate = true> <Delay = 0.00>


============================================================
+ Verbose Summary: Binding
============================================================
STG Binding: 
---------------- STG Properties BEGIN ----------------
- Is combinational: 1
- Is one-state seq: 0
- Is datapath-only: 0
- Is pipelined: 1
- Is top level: 0
Port [ Return ] is wired: 1; IO mode=ap_ctrl_hs:ce=0
Port [ data1_0_val]:  wired=1; compound=0; hidden=0; nouse=0; global=0; static=0; extern=0; dir=0; type=0; pingpong=0; private_global=0; IO mode=ap_none:ce=0
Port [ data1_1_val]:  wired=1; compound=0; hidden=0; nouse=0; global=0; static=0; extern=0; dir=0; type=0; pingpong=0; private_global=0; IO mode=ap_none:ce=0
Port [ data1_2_val]:  wired=1; compound=0; hidden=0; nouse=0; global=0; static=0; extern=0; dir=0; type=0; pingpong=0; private_global=0; IO mode=ap_none:ce=0
Port [ data1_3_val]:  wired=1; compound=0; hidden=0; nouse=0; global=0; static=0; extern=0; dir=0; type=0; pingpong=0; private_global=0; IO mode=ap_none:ce=0
Port [ data1_4_val]:  wired=1; compound=0; hidden=0; nouse=0; global=0; static=0; extern=0; dir=0; type=0; pingpong=0; private_global=0; IO mode=ap_none:ce=0
Port [ data1_5_val]:  wired=1; compound=0; hidden=0; nouse=0; global=0; static=0; extern=0; dir=0; type=0; pingpong=0; private_global=0; IO mode=ap_none:ce=0
Port [ data1_6_val]:  wired=1; compound=0; hidden=0; nouse=0; global=0; static=0; extern=0; dir=0; type=0; pingpong=0; private_global=0; IO mode=ap_none:ce=0
Port [ data1_7_val]:  wired=1; compound=0; hidden=0; nouse=0; global=0; static=0; extern=0; dir=0; type=0; pingpong=0; private_global=0; IO mode=ap_none:ce=0
Port [ data2_0_val]:  wired=1; compound=0; hidden=0; nouse=0; global=0; static=0; extern=0; dir=0; type=0; pingpong=0; private_global=0; IO mode=ap_none:ce=0
Port [ data2_1_val]:  wired=1; compound=0; hidden=0; nouse=0; global=0; static=0; extern=0; dir=0; type=0; pingpong=0; private_global=0; IO mode=ap_none:ce=0
Port [ data2_2_val]:  wired=1; compound=0; hidden=0; nouse=0; global=0; static=0; extern=0; dir=0; type=0; pingpong=0; private_global=0; IO mode=ap_none:ce=0
Port [ data2_3_val]:  wired=1; compound=0; hidden=0; nouse=0; global=0; static=0; extern=0; dir=0; type=0; pingpong=0; private_global=0; IO mode=ap_none:ce=0
Port [ data2_4_val]:  wired=1; compound=0; hidden=0; nouse=0; global=0; static=0; extern=0; dir=0; type=0; pingpong=0; private_global=0; IO mode=ap_none:ce=0
Port [ data2_5_val]:  wired=1; compound=0; hidden=0; nouse=0; global=0; static=0; extern=0; dir=0; type=0; pingpong=0; private_global=0; IO mode=ap_none:ce=0
---------------- STG Properties END ------------------

---------------- Datapath Model BEGIN ----------------

<LifeTime>
<method=bitvector/>
specpipeline_ln120 (specpipeline  ) [ 00]
data2_5_val_read   (read          ) [ 00]
data2_4_val_read   (read          ) [ 00]
data2_3_val_read   (read          ) [ 00]
data2_2_val_read   (read          ) [ 00]
data2_1_val_read   (read          ) [ 00]
data2_0_val_read   (read          ) [ 00]
data1_7_val_read   (read          ) [ 00]
data1_6_val_read   (read          ) [ 00]
data1_5_val_read   (read          ) [ 00]
data1_4_val_read   (read          ) [ 00]
data1_3_val_read   (read          ) [ 00]
data1_2_val_read   (read          ) [ 00]
data1_1_val_read   (read          ) [ 00]
data1_0_val_read   (read          ) [ 00]
shl_ln             (bitconcatenate) [ 00]
zext_ln120         (zext          ) [ 00]
shl_ln120_1        (bitconcatenate) [ 00]
zext_ln120_1       (zext          ) [ 00]
shl_ln120_2        (bitconcatenate) [ 00]
zext_ln120_2       (zext          ) [ 00]
shl_ln120_3        (bitconcatenate) [ 00]
zext_ln120_3       (zext          ) [ 00]
shl_ln120_4        (bitconcatenate) [ 00]
zext_ln120_4       (zext          ) [ 00]
shl_ln120_5        (bitconcatenate) [ 00]
zext_ln120_5       (zext          ) [ 00]
shl_ln120_6        (bitconcatenate) [ 00]
zext_ln120_6       (zext          ) [ 00]
shl_ln120_7        (bitconcatenate) [ 00]
zext_ln123         (zext          ) [ 00]
shl_ln2            (bitconcatenate) [ 00]
zext_ln123_1       (zext          ) [ 00]
shl_ln123_1        (bitconcatenate) [ 00]
zext_ln123_2       (zext          ) [ 00]
shl_ln123_2        (bitconcatenate) [ 00]
zext_ln123_3       (zext          ) [ 00]
shl_ln123_3        (bitconcatenate) [ 00]
zext_ln123_4       (zext          ) [ 00]
shl_ln123_4        (bitconcatenate) [ 00]
zext_ln123_5       (zext          ) [ 00]
shl_ln123_5        (bitconcatenate) [ 00]
zext_ln125         (zext          ) [ 00]
mrv                (insertvalue   ) [ 00]
mrv_1              (insertvalue   ) [ 00]
mrv_2              (insertvalue   ) [ 00]
mrv_3              (insertvalue   ) [ 00]
mrv_4              (insertvalue   ) [ 00]
mrv_5              (insertvalue   ) [ 00]
mrv_6              (insertvalue   ) [ 00]
mrv_7              (insertvalue   ) [ 00]
mrv_8              (insertvalue   ) [ 00]
mrv_9              (insertvalue   ) [ 00]
mrv_s              (insertvalue   ) [ 00]
mrv_10             (insertvalue   ) [ 00]
mrv_11             (insertvalue   ) [ 00]
mrv_12             (insertvalue   ) [ 00]
ret_ln125          (ret           ) [ 00]
</LifeTime>

<model>

<comp_list>
<comp id="0" class="1000" name="data1_0_val">
<pin_list>
<pin id="1" dir="1" index="0" bw="1" slack="0"/>
</pin_list>
<bind>
<StgValue><ssdm name="data1_0_val"/></StgValue>
</bind>
</comp>

<comp id="2" class="1000" name="data1_1_val">
<pin_list>
<pin id="3" dir="1" index="0" bw="1" slack="0"/>
</pin_list>
<bind>
<StgValue><ssdm name="data1_1_val"/></StgValue>
</bind>
</comp>

<comp id="4" class="1000" name="data1_2_val">
<pin_list>
<pin id="5" dir="1" index="0" bw="1" slack="0"/>
</pin_list>
<bind>
<StgValue><ssdm name="data1_2_val"/></StgValue>
</bind>
</comp>

<comp id="6" class="1000" name="data1_3_val">
<pin_list>
<pin id="7" dir="1" index="0" bw="1" slack="0"/>
</pin_list>
<bind>
<StgValue><ssdm name="data1_3_val"/></StgValue>
</bind>
</comp>

<comp id="8" class="1000" name="data1_4_val">
<pin_list>
<pin id="9" dir="1" index="0" bw="1" slack="0"/>
</pin_list>
<bind>
<StgValue><ssdm name="data1_4_val"/></StgValue>
</bind>
</comp>

<comp id="10" class="1000" name="data1_5_val">
<pin_list>
<pin id="11" dir="1" index="0" bw="1" slack="0"/>
</pin_list>
<bind>
<StgValue><ssdm name="data1_5_val"/></StgValue>
</bind>
</comp>

<comp id="12" class="1000" name="data1_6_val">
<pin_list>
<pin id="13" dir="1" index="0" bw="1" slack="0"/>
</pin_list>
<bind>
<StgValue><ssdm name="data1_6_val"/></StgValue>
</bind>
</comp>

<comp id="14" class="1000" name="data1_7_val">
<pin_list>
<pin id="15" dir="1" index="0" bw="1" slack="0"/>
</pin_list>
<bind>
<StgValue><ssdm name="data1_7_val"/></StgValue>
</bind>
</comp>

<comp id="16" class="1000" name="data2_0_val">
<pin_list>
<pin id="17" dir="1" index="0" bw="1" slack="0"/>
</pin_list>
<bind>
<StgValue><ssdm name="data2_0_val"/></StgValue>
</bind>
</comp>

<comp id="18" class="1000" name="data2_1_val">
<pin_list>
<pin id="19" dir="1" index="0" bw="1" slack="0"/>
</pin_list>
<bind>
<StgValue><ssdm name="data2_1_val"/></StgValue>
</bind>
</comp>

<comp id="20" class="1000" name="data2_2_val">
<pin_list>
<pin id="21" dir="1" index="0" bw="1" slack="0"/>
</pin_list>
<bind>
<StgValue><ssdm name="data2_2_val"/></StgValue>
</bind>
</comp>

<comp id="22" class="1000" name="data2_3_val">
<pin_list>
<pin id="23" dir="1" index="0" bw="1" slack="0"/>
</pin_list>
<bind>
<StgValue><ssdm name="data2_3_val"/></StgValue>
</bind>
</comp>

<comp id="24" class="1000" name="data2_4_val">
<pin_list>
<pin id="25" dir="1" index="0" bw="1" slack="0"/>
</pin_list>
<bind>
<StgValue><ssdm name="data2_4_val"/></StgValue>
</bind>
</comp>

<comp id="26" class="1000" name="data2_5_val">
<pin_list>
<pin id="27" dir="1" index="0" bw="1" slack="0"/>
</pin_list>
<bind>
<StgValue><ssdm name="data2_5_val"/></StgValue>
</bind>
</comp>

<comp id="28" class="1001" name="const_28">
<pin_list>
<pin id="29" dir="1" index="0" bw="1" slack="2147483647"/>
</pin_list>
<bind>
<StgValue><ssdm name="_ssdm_op_SpecPipeline"/></StgValue>
</bind>
</comp>

<comp id="30" class="1001" name="const_30">
<pin_list>
<pin id="31" dir="1" index="0" bw="1" slack="2147483647"/>
</pin_list>
<bind>
<StgValue><ssdm name=""/></StgValue>
</bind>
</comp>

<comp id="32" class="1001" name="const_32">
<pin_list>
<pin id="33" dir="1" index="0" bw="1" slack="2147483647"/>
</pin_list>
<bind>
<StgValue><ssdm name=""/></StgValue>
</bind>
</comp>

<comp id="34" class="1001" name="const_34">
<pin_list>
<pin id="35" dir="1" index="0" bw="1" slack="2147483647"/>
</pin_list>
<bind>
<StgValue><ssdm name="empty_0"/></StgValue>
</bind>
</comp>

<comp id="36" class="1001" name="const_36">
<pin_list>
<pin id="37" dir="1" index="0" bw="1" slack="0"/>
</pin_list>
<bind>
<StgValue><ssdm name="_ssdm_op_Read.ap_auto.i8"/></StgValue>
</bind>
</comp>

<comp id="38" class="1001" name="const_38">
<pin_list>
<pin id="39" dir="1" index="0" bw="1" slack="0"/>
</pin_list>
<bind>
<StgValue><ssdm name="_ssdm_op_BitConcatenate.i10.i8.i2"/></StgValue>
</bind>
</comp>

<comp id="40" class="1001" name="const_40">
<pin_list>
<pin id="41" dir="1" index="0" bw="1" slack="0"/>
</pin_list>
<bind>
<StgValue><ssdm name=""/></StgValue>
</bind>
</comp>

<comp id="42" class="1001" name="const_42">
<pin_list>
<pin id="43" dir="1" index="0" bw="1" slack="0"/>
</pin_list>
<bind>
<StgValue><ssdm name=""/></StgValue>
</bind>
</comp>

<comp id="44" class="1004" name="data2_5_val_read_read_fu_44">
<pin_list>
<pin id="45" dir="0" index="0" bw="8" slack="0"/>
<pin id="46" dir="0" index="1" bw="8" slack="0"/>
<pin id="47" dir="1" index="2" bw="8" slack="0"/>
</pin_list>
<bind>
<opcode="read(1150) " fcode="read"/>
<opset="data2_5_val_read/1 "/>
</bind>
</comp>

<comp id="50" class="1004" name="data2_4_val_read_read_fu_50">
<pin_list>
<pin id="51" dir="0" index="0" bw="8" slack="0"/>
<pin id="52" dir="0" index="1" bw="8" slack="0"/>
<pin id="53" dir="1" index="2" bw="8" slack="0"/>
</pin_list>
<bind>
<opcode="read(1150) " fcode="read"/>
<opset="data2_4_val_read/1 "/>
</bind>
</comp>

<comp id="56" class="1004" name="data2_3_val_read_read_fu_56">
<pin_list>
<pin id="57" dir="0" index="0" bw="8" slack="0"/>
<pin id="58" dir="0" index="1" bw="8" slack="0"/>
<pin id="59" dir="1" index="2" bw="8" slack="0"/>
</pin_list>
<bind>
<opcode="read(1150) " fcode="read"/>
<opset="data2_3_val_read/1 "/>
</bind>
</comp>

<comp id="62" class="1004" name="data2_2_val_read_read_fu_62">
<pin_list>
<pin id="63" dir="0" index="0" bw="8" slack="0"/>
<pin id="64" dir="0" index="1" bw="8" slack="0"/>
<pin id="65" dir="1" index="2" bw="8" slack="0"/>
</pin_list>
<bind>
<opcode="read(1150) " fcode="read"/>
<opset="data2_2_val_read/1 "/>
</bind>
</comp>

<comp id="68" class="1004" name="data2_1_val_read_read_fu_68">
<pin_list>
<pin id="69" dir="0" index="0" bw="8" slack="0"/>
<pin id="70" dir="0" index="1" bw="8" slack="0"/>
<pin id="71" dir="1" index="2" bw="8" slack="0"/>
</pin_list>
<bind>
<opcode="read(1150) " fcode="read"/>
<opset="data2_1_val_read/1 "/>
</bind>
</comp>

<comp id="74" class="1004" name="data2_0_val_read_read_fu_74">
<pin_list>
<pin id="75" dir="0" index="0" bw="8" slack="0"/>
<pin id="76" dir="0" index="1" bw="8" slack="0"/>
<pin id="77" dir="1" index="2" bw="8" slack="0"/>
</pin_list>
<bind>
<opcode="read(1150) " fcode="read"/>
<opset="data2_0_val_read/1 "/>
</bind>
</comp>

<comp id="80" class="1004" name="data1_7_val_read_read_fu_80">
<pin_list>
<pin id="81" dir="0" index="0" bw="8" slack="0"/>
<pin id="82" dir="0" index="1" bw="8" slack="0"/>
<pin id="83" dir="1" index="2" bw="8" slack="0"/>
</pin_list>
<bind>
<opcode="read(1150) " fcode="read"/>
<opset="data1_7_val_read/1 "/>
</bind>
</comp>

<comp id="86" class="1004" name="data1_6_val_read_read_fu_86">
<pin_list>
<pin id="87" dir="0" index="0" bw="8" slack="0"/>
<pin id="88" dir="0" index="1" bw="8" slack="0"/>
<pin id="89" dir="1" index="2" bw="8" slack="0"/>
</pin_list>
<bind>
<opcode="read(1150) " fcode="read"/>
<opset="data1_6_val_read/1 "/>
</bind>
</comp>

<comp id="92" class="1004" name="data1_5_val_read_read_fu_92">
<pin_list>
<pin id="93" dir="0" index="0" bw="8" slack="0"/>
<pin id="94" dir="0" index="1" bw="8" slack="0"/>
<pin id="95" dir="1" index="2" bw="8" slack="0"/>
</pin_list>
<bind>
<opcode="read(1150) " fcode="read"/>
<opset="data1_5_val_read/1 "/>
</bind>
</comp>

<comp id="98" class="1004" name="data1_4_val_read_read_fu_98">
<pin_list>
<pin id="99" dir="0" index="0" bw="8" slack="0"/>
<pin id="100" dir="0" index="1" bw="8" slack="0"/>
<pin id="101" dir="1" index="2" bw="8" slack="0"/>
</pin_list>
<bind>
<opcode="read(1150) " fcode="read"/>
<opset="data1_4_val_read/1 "/>
</bind>
</comp>

<comp id="104" class="1004" name="data1_3_val_read_read_fu_104">
<pin_list>
<pin id="105" dir="0" index="0" bw="8" slack="0"/>
<pin id="106" dir="0" index="1" bw="8" slack="0"/>
<pin id="107" dir="1" index="2" bw="8" slack="0"/>
</pin_list>
<bind>
<opcode="read(1150) " fcode="read"/>
<opset="data1_3_val_read/1 "/>
</bind>
</comp>

<comp id="110" class="1004" name="data1_2_val_read_read_fu_110">
<pin_list>
<pin id="111" dir="0" index="0" bw="8" slack="0"/>
<pin id="112" dir="0" index="1" bw="8" slack="0"/>
<pin id="113" dir="1" index="2" bw="8" slack="0"/>
</pin_list>
<bind>
<opcode="read(1150) " fcode="read"/>
<opset="data1_2_val_read/1 "/>
</bind>
</comp>

<comp id="116" class="1004" name="data1_1_val_read_read_fu_116">
<pin_list>
<pin id="117" dir="0" index="0" bw="8" slack="0"/>
<pin id="118" dir="0" index="1" bw="8" slack="0"/>
<pin id="119" dir="1" index="2" bw="8" slack="0"/>
</pin_list>
<bind>
<opcode="read(1150) " fcode="read"/>
<opset="data1_1_val_read/1 "/>
</bind>
</comp>

<comp id="122" class="1004" name="data1_0_val_read_read_fu_122">
<pin_list>
<pin id="123" dir="0" index="0" bw="8" slack="0"/>
<pin id="124" dir="0" index="1" bw="8" slack="0"/>
<pin id="125" dir="1" index="2" bw="8" slack="0"/>
</pin_list>
<bind>
<opcode="read(1150) " fcode="read"/>
<opset="data1_0_val_read/1 "/>
</bind>
</comp>

<comp id="128" class="1004" name="shl_ln_fu_128">
<pin_list>
<pin id="129" dir="0" index="0" bw="10" slack="0"/>
<pin id="130" dir="0" index="1" bw="8" slack="0"/>
<pin id="131" dir="0" index="2" bw="1" slack="0"/>
<pin id="132" dir="1" index="3" bw="10" slack="0"/>
</pin_list>
<bind>
<opcode="bitconcatenate(1004) " fcode="bitconcatenate"/>
<opset="shl_ln/1 "/>
</bind>
</comp>

<comp id="136" class="1004" name="zext_ln120_fu_136">
<pin_list>
<pin id="137" dir="0" index="0" bw="10" slack="0"/>
<pin id="138" dir="1" index="1" bw="16" slack="0"/>
</pin_list>
<bind>
<opcode="zext(34) " fcode="zext"/>
<opset="zext_ln120/1 "/>
</bind>
</comp>

<comp id="140" class="1004" name="shl_ln120_1_fu_140">
<pin_list>
<pin id="141" dir="0" index="0" bw="10" slack="0"/>
<pin id="142" dir="0" index="1" bw="8" slack="0"/>
<pin id="143" dir="0" index="2" bw="1" slack="0"/>
<pin id="144" dir="1" index="3" bw="10" slack="0"/>
</pin_list>
<bind>
<opcode="bitconcatenate(1004) " fcode="bitconcatenate"/>
<opset="shl_ln120_1/1 "/>
</bind>
</comp>

<comp id="148" class="1004" name="zext_ln120_1_fu_148">
<pin_list>
<pin id="149" dir="0" index="0" bw="10" slack="0"/>
<pin id="150" dir="1" index="1" bw="16" slack="0"/>
</pin_list>
<bind>
<opcode="zext(34) " fcode="zext"/>
<opset="zext_ln120_1/1 "/>
</bind>
</comp>

<comp id="152" class="1004" name="shl_ln120_2_fu_152">
<pin_list>
<pin id="153" dir="0" index="0" bw="10" slack="0"/>
<pin id="154" dir="0" index="1" bw="8" slack="0"/>
<pin id="155" dir="0" index="2" bw="1" slack="0"/>
<pin id="156" dir="1" index="3" bw="10" slack="0"/>
</pin_list>
<bind>
<opcode="bitconcatenate(1004) " fcode="bitconcatenate"/>
<opset="shl_ln120_2/1 "/>
</bind>
</comp>

<comp id="160" class="1004" name="zext_ln120_2_fu_160">
<pin_list>
<pin id="161" dir="0" index="0" bw="10" slack="0"/>
<pin id="162" dir="1" index="1" bw="16" slack="0"/>
</pin_list>
<bind>
<opcode="zext(34) " fcode="zext"/>
<opset="zext_ln120_2/1 "/>
</bind>
</comp>

<comp id="164" class="1004" name="shl_ln120_3_fu_164">
<pin_list>
<pin id="165" dir="0" index="0" bw="10" slack="0"/>
<pin id="166" dir="0" index="1" bw="8" slack="0"/>
<pin id="167" dir="0" index="2" bw="1" slack="0"/>
<pin id="168" dir="1" index="3" bw="10" slack="0"/>
</pin_list>
<bind>
<opcode="bitconcatenate(1004) " fcode="bitconcatenate"/>
<opset="shl_ln120_3/1 "/>
</bind>
</comp>

<comp id="172" class="1004" name="zext_ln120_3_fu_172">
<pin_list>
<pin id="173" dir="0" index="0" bw="10" slack="0"/>
<pin id="174" dir="1" index="1" bw="16" slack="0"/>
</pin_list>
<bind>
<opcode="zext(34) " fcode="zext"/>
<opset="zext_ln120_3/1 "/>
</bind>
</comp>

<comp id="176" class="1004" name="shl_ln120_4_fu_176">
<pin_list>
<pin id="177" dir="0" index="0" bw="10" slack="0"/>
<pin id="178" dir="0" index="1" bw="8" slack="0"/>
<pin id="179" dir="0" index="2" bw="1" slack="0"/>
<pin id="180" dir="1" index="3" bw="10" slack="0"/>
</pin_list>
<bind>
<opcode="bitconcatenate(1004) " fcode="bitconcatenate"/>
<opset="shl_ln120_4/1 "/>
</bind>
</comp>

<comp id="184" class="1004" name="zext_ln120_4_fu_184">
<pin_list>
<pin id="185" dir="0" index="0" bw="10" slack="0"/>
<pin id="186" dir="1" index="1" bw="16" slack="0"/>
</pin_list>
<bind>
<opcode="zext(34) " fcode="zext"/>
<opset="zext_ln120_4/1 "/>
</bind>
</comp>

<comp id="188" class="1004" name="shl_ln120_5_fu_188">
<pin_list>
<pin id="189" dir="0" index="0" bw="10" slack="0"/>
<pin id="190" dir="0" index="1" bw="8" slack="0"/>
<pin id="191" dir="0" index="2" bw="1" slack="0"/>
<pin id="192" dir="1" index="3" bw="10" slack="0"/>
</pin_list>
<bind>
<opcode="bitconcatenate(1004) " fcode="bitconcatenate"/>
<opset="shl_ln120_5/1 "/>
</bind>
</comp>

<comp id="196" class="1004" name="zext_ln120_5_fu_196">
<pin_list>
<pin id="197" dir="0" index="0" bw="10" slack="0"/>
<pin id="198" dir="1" index="1" bw="16" slack="0"/>
</pin_list>
<bind>
<opcode="zext(34) " fcode="zext"/>
<opset="zext_ln120_5/1 "/>
</bind>
</comp>

<comp id="200" class="1004" name="shl_ln120_6_fu_200">
<pin_list>
<pin id="201" dir="0" index="0" bw="10" slack="0"/>
<pin id="202" dir="0" index="1" bw="8" slack="0"/>
<pin id="203" dir="0" index="2" bw="1" slack="0"/>
<pin id="204" dir="1" index="3" bw="10" slack="0"/>
</pin_list>
<bind>
<opcode="bitconcatenate(1004) " fcode="bitconcatenate"/>
<opset="shl_ln120_6/1 "/>
</bind>
</comp>

<comp id="208" class="1004" name="zext_ln120_6_fu_208">
<pin_list>
<pin id="209" dir="0" index="0" bw="10" slack="0"/>
<pin id="210" dir="1" index="1" bw="16" slack="0"/>
</pin_list>
<bind>
<opcode="zext(34) " fcode="zext"/>
<opset="zext_ln120_6/1 "/>
</bind>
</comp>

<comp id="212" class="1004" name="shl_ln120_7_fu_212">
<pin_list>
<pin id="213" dir="0" index="0" bw="10" slack="0"/>
<pin id="214" dir="0" index="1" bw="8" slack="0"/>
<pin id="215" dir="0" index="2" bw="1" slack="0"/>
<pin id="216" dir="1" index="3" bw="10" slack="0"/>
</pin_list>
<bind>
<opcode="bitconcatenate(1004) " fcode="bitconcatenate"/>
<opset="shl_ln120_7/1 "/>
</bind>
</comp>

<comp id="220" class="1004" name="zext_ln123_fu_220">
<pin_list>
<pin id="221" dir="0" index="0" bw="10" slack="0"/>
<pin id="222" dir="1" index="1" bw="16" slack="0"/>
</pin_list>
<bind>
<opcode="zext(34) " fcode="zext"/>
<opset="zext_ln123/1 "/>
</bind>
</comp>

<comp id="224" class="1004" name="shl_ln2_fu_224">
<pin_list>
<pin id="225" dir="0" index="0" bw="10" slack="0"/>
<pin id="226" dir="0" index="1" bw="8" slack="0"/>
<pin id="227" dir="0" index="2" bw="1" slack="0"/>
<pin id="228" dir="1" index="3" bw="10" slack="0"/>
</pin_list>
<bind>
<opcode="bitconcatenate(1004) " fcode="bitconcatenate"/>
<opset="shl_ln2/1 "/>
</bind>
</comp>

<comp id="232" class="1004" name="zext_ln123_1_fu_232">
<pin_list>
<pin id="233" dir="0" index="0" bw="10" slack="0"/>
<pin id="234" dir="1" index="1" bw="16" slack="0"/>
</pin_list>
<bind>
<opcode="zext(34) " fcode="zext"/>
<opset="zext_ln123_1/1 "/>
</bind>
</comp>

<comp id="236" class="1004" name="shl_ln123_1_fu_236">
<pin_list>
<pin id="237" dir="0" index="0" bw="10" slack="0"/>
<pin id="238" dir="0" index="1" bw="8" slack="0"/>
<pin id="239" dir="0" index="2" bw="1" slack="0"/>
<pin id="240" dir="1" index="3" bw="10" slack="0"/>
</pin_list>
<bind>
<opcode="bitconcatenate(1004) " fcode="bitconcatenate"/>
<opset="shl_ln123_1/1 "/>
</bind>
</comp>

<comp id="244" class="1004" name="zext_ln123_2_fu_244">
<pin_list>
<pin id="245" dir="0" index="0" bw="10" slack="0"/>
<pin id="246" dir="1" index="1" bw="16" slack="0"/>
</pin_list>
<bind>
<opcode="zext(34) " fcode="zext"/>
<opset="zext_ln123_2/1 "/>
</bind>
</comp>

<comp id="248" class="1004" name="shl_ln123_2_fu_248">
<pin_list>
<pin id="249" dir="0" index="0" bw="10" slack="0"/>
<pin id="250" dir="0" index="1" bw="8" slack="0"/>
<pin id="251" dir="0" index="2" bw="1" slack="0"/>
<pin id="252" dir="1" index="3" bw="10" slack="0"/>
</pin_list>
<bind>
<opcode="bitconcatenate(1004) " fcode="bitconcatenate"/>
<opset="shl_ln123_2/1 "/>
</bind>
</comp>

<comp id="256" class="1004" name="zext_ln123_3_fu_256">
<pin_list>
<pin id="257" dir="0" index="0" bw="10" slack="0"/>
<pin id="258" dir="1" index="1" bw="16" slack="0"/>
</pin_list>
<bind>
<opcode="zext(34) " fcode="zext"/>
<opset="zext_ln123_3/1 "/>
</bind>
</comp>

<comp id="260" class="1004" name="shl_ln123_3_fu_260">
<pin_list>
<pin id="261" dir="0" index="0" bw="10" slack="0"/>
<pin id="262" dir="0" index="1" bw="8" slack="0"/>
<pin id="263" dir="0" index="2" bw="1" slack="0"/>
<pin id="264" dir="1" index="3" bw="10" slack="0"/>
</pin_list>
<bind>
<opcode="bitconcatenate(1004) " fcode="bitconcatenate"/>
<opset="shl_ln123_3/1 "/>
</bind>
</comp>

<comp id="268" class="1004" name="zext_ln123_4_fu_268">
<pin_list>
<pin id="269" dir="0" index="0" bw="10" slack="0"/>
<pin id="270" dir="1" index="1" bw="16" slack="0"/>
</pin_list>
<bind>
<opcode="zext(34) " fcode="zext"/>
<opset="zext_ln123_4/1 "/>
</bind>
</comp>

<comp id="272" class="1004" name="shl_ln123_4_fu_272">
<pin_list>
<pin id="273" dir="0" index="0" bw="10" slack="0"/>
<pin id="274" dir="0" index="1" bw="8" slack="0"/>
<pin id="275" dir="0" index="2" bw="1" slack="0"/>
<pin id="276" dir="1" index="3" bw="10" slack="0"/>
</pin_list>
<bind>
<opcode="bitconcatenate(1004) " fcode="bitconcatenate"/>
<opset="shl_ln123_4/1 "/>
</bind>
</comp>

<comp id="280" class="1004" name="zext_ln123_5_fu_280">
<pin_list>
<pin id="281" dir="0" index="0" bw="10" slack="0"/>
<pin id="282" dir="1" index="1" bw="16" slack="0"/>
</pin_list>
<bind>
<opcode="zext(34) " fcode="zext"/>
<opset="zext_ln123_5/1 "/>
</bind>
</comp>

<comp id="284" class="1004" name="shl_ln123_5_fu_284">
<pin_list>
<pin id="285" dir="0" index="0" bw="10" slack="0"/>
<pin id="286" dir="0" index="1" bw="8" slack="0"/>
<pin id="287" dir="0" index="2" bw="1" slack="0"/>
<pin id="288" dir="1" index="3" bw="10" slack="0"/>
</pin_list>
<bind>
<opcode="bitconcatenate(1004) " fcode="bitconcatenate"/>
<opset="shl_ln123_5/1 "/>
</bind>
</comp>

<comp id="292" class="1004" name="zext_ln125_fu_292">
<pin_list>
<pin id="293" dir="0" index="0" bw="10" slack="0"/>
<pin id="294" dir="1" index="1" bw="16" slack="0"/>
</pin_list>
<bind>
<opcode="zext(34) " fcode="zext"/>
<opset="zext_ln125/1 "/>
</bind>
</comp>

<comp id="296" class="1004" name="mrv_fu_296">
<pin_list>
<pin id="297" dir="0" index="0" bw="224" slack="0"/>
<pin id="298" dir="0" index="1" bw="10" slack="0"/>
<pin id="299" dir="1" index="2" bw="224" slack="0"/>
</pin_list>
<bind>
<opcode="insertvalue(57) " fcode="insertvalue"/>
<opset="mrv/1 "/>
</bind>
</comp>

<comp id="302" class="1004" name="mrv_1_fu_302">
<pin_list>
<pin id="303" dir="0" index="0" bw="224" slack="0"/>
<pin id="304" dir="0" index="1" bw="10" slack="0"/>
<pin id="305" dir="1" index="2" bw="224" slack="0"/>
</pin_list>
<bind>
<opcode="insertvalue(57) " fcode="insertvalue"/>
<opset="mrv_1/1 "/>
</bind>
</comp>

<comp id="308" class="1004" name="mrv_2_fu_308">
<pin_list>
<pin id="309" dir="0" index="0" bw="224" slack="0"/>
<pin id="310" dir="0" index="1" bw="10" slack="0"/>
<pin id="311" dir="1" index="2" bw="224" slack="0"/>
</pin_list>
<bind>
<opcode="insertvalue(57) " fcode="insertvalue"/>
<opset="mrv_2/1 "/>
</bind>
</comp>

<comp id="314" class="1004" name="mrv_3_fu_314">
<pin_list>
<pin id="315" dir="0" index="0" bw="224" slack="0"/>
<pin id="316" dir="0" index="1" bw="10" slack="0"/>
<pin id="317" dir="1" index="2" bw="224" slack="0"/>
</pin_list>
<bind>
<opcode="insertvalue(57) " fcode="insertvalue"/>
<opset="mrv_3/1 "/>
</bind>
</comp>

<comp id="320" class="1004" name="mrv_4_fu_320">
<pin_list>
<pin id="321" dir="0" index="0" bw="224" slack="0"/>
<pin id="322" dir="0" index="1" bw="10" slack="0"/>
<pin id="323" dir="1" index="2" bw="224" slack="0"/>
</pin_list>
<bind>
<opcode="insertvalue(57) " fcode="insertvalue"/>
<opset="mrv_4/1 "/>
</bind>
</comp>

<comp id="326" class="1004" name="mrv_5_fu_326">
<pin_list>
<pin id="327" dir="0" index="0" bw="224" slack="0"/>
<pin id="328" dir="0" index="1" bw="10" slack="0"/>
<pin id="329" dir="1" index="2" bw="224" slack="0"/>
</pin_list>
<bind>
<opcode="insertvalue(57) " fcode="insertvalue"/>
<opset="mrv_5/1 "/>
</bind>
</comp>

<comp id="332" class="1004" name="mrv_6_fu_332">
<pin_list>
<pin id="333" dir="0" index="0" bw="224" slack="0"/>
<pin id="334" dir="0" index="1" bw="10" slack="0"/>
<pin id="335" dir="1" index="2" bw="224" slack="0"/>
</pin_list>
<bind>
<opcode="insertvalue(57) " fcode="insertvalue"/>
<opset="mrv_6/1 "/>
</bind>
</comp>

<comp id="338" class="1004" name="mrv_7_fu_338">
<pin_list>
<pin id="339" dir="0" index="0" bw="224" slack="0"/>
<pin id="340" dir="0" index="1" bw="10" slack="0"/>
<pin id="341" dir="1" index="2" bw="224" slack="0"/>
</pin_list>
<bind>
<opcode="insertvalue(57) " fcode="insertvalue"/>
<opset="mrv_7/1 "/>
</bind>
</comp>

<comp id="344" class="1004" name="mrv_8_fu_344">
<pin_list>
<pin id="345" dir="0" index="0" bw="224" slack="0"/>
<pin id="346" dir="0" index="1" bw="10" slack="0"/>
<pin id="347" dir="1" index="2" bw="224" slack="0"/>
</pin_list>
<bind>
<opcode="insertvalue(57) " fcode="insertvalue"/>
<opset="mrv_8/1 "/>
</bind>
</comp>

<comp id="350" class="1004" name="mrv_9_fu_350">
<pin_list>
<pin id="351" dir="0" index="0" bw="224" slack="0"/>
<pin id="352" dir="0" index="1" bw="10" slack="0"/>
<pin id="353" dir="1" index="2" bw="224" slack="0"/>
</pin_list>
<bind>
<opcode="insertvalue(57) " fcode="insertvalue"/>
<opset="mrv_9/1 "/>
</bind>
</comp>

<comp id="356" class="1004" name="mrv_s_fu_356">
<pin_list>
<pin id="357" dir="0" index="0" bw="224" slack="0"/>
<pin id="358" dir="0" index="1" bw="10" slack="0"/>
<pin id="359" dir="1" index="2" bw="224" slack="0"/>
</pin_list>
<bind>
<opcode="insertvalue(57) " fcode="insertvalue"/>
<opset="mrv_s/1 "/>
</bind>
</comp>

<comp id="362" class="1004" name="mrv_10_fu_362">
<pin_list>
<pin id="363" dir="0" index="0" bw="224" slack="0"/>
<pin id="364" dir="0" index="1" bw="10" slack="0"/>
<pin id="365" dir="1" index="2" bw="224" slack="0"/>
</pin_list>
<bind>
<opcode="insertvalue(57) " fcode="insertvalue"/>
<opset="mrv_10/1 "/>
</bind>
</comp>

<comp id="368" class="1004" name="mrv_11_fu_368">
<pin_list>
<pin id="369" dir="0" index="0" bw="224" slack="0"/>
<pin id="370" dir="0" index="1" bw="10" slack="0"/>
<pin id="371" dir="1" index="2" bw="224" slack="0"/>
</pin_list>
<bind>
<opcode="insertvalue(57) " fcode="insertvalue"/>
<opset="mrv_11/1 "/>
</bind>
</comp>

<comp id="374" class="1004" name="mrv_12_fu_374">
<pin_list>
<pin id="375" dir="0" index="0" bw="224" slack="0"/>
<pin id="376" dir="0" index="1" bw="10" slack="0"/>
<pin id="377" dir="1" index="2" bw="224" slack="2147483647"/>
</pin_list>
<bind>
<opcode="insertvalue(57) " fcode="insertvalue"/>
<opset="mrv_12/1 "/>
</bind>
</comp>

</comp_list>

<net_list>
<net id="48"><net_src comp="36" pin="0"/><net_sink comp="44" pin=0"/></net>

<net id="49"><net_src comp="26" pin="0"/><net_sink comp="44" pin=1"/></net>

<net id="54"><net_src comp="36" pin="0"/><net_sink comp="50" pin=0"/></net>

<net id="55"><net_src comp="24" pin="0"/><net_sink comp="50" pin=1"/></net>

<net id="60"><net_src comp="36" pin="0"/><net_sink comp="56" pin=0"/></net>

<net id="61"><net_src comp="22" pin="0"/><net_sink comp="56" pin=1"/></net>

<net id="66"><net_src comp="36" pin="0"/><net_sink comp="62" pin=0"/></net>

<net id="67"><net_src comp="20" pin="0"/><net_sink comp="62" pin=1"/></net>

<net id="72"><net_src comp="36" pin="0"/><net_sink comp="68" pin=0"/></net>

<net id="73"><net_src comp="18" pin="0"/><net_sink comp="68" pin=1"/></net>

<net id="78"><net_src comp="36" pin="0"/><net_sink comp="74" pin=0"/></net>

<net id="79"><net_src comp="16" pin="0"/><net_sink comp="74" pin=1"/></net>

<net id="84"><net_src comp="36" pin="0"/><net_sink comp="80" pin=0"/></net>

<net id="85"><net_src comp="14" pin="0"/><net_sink comp="80" pin=1"/></net>

<net id="90"><net_src comp="36" pin="0"/><net_sink comp="86" pin=0"/></net>

<net id="91"><net_src comp="12" pin="0"/><net_sink comp="86" pin=1"/></net>

<net id="96"><net_src comp="36" pin="0"/><net_sink comp="92" pin=0"/></net>

<net id="97"><net_src comp="10" pin="0"/><net_sink comp="92" pin=1"/></net>

<net id="102"><net_src comp="36" pin="0"/><net_sink comp="98" pin=0"/></net>

<net id="103"><net_src comp="8" pin="0"/><net_sink comp="98" pin=1"/></net>

<net id="108"><net_src comp="36" pin="0"/><net_sink comp="104" pin=0"/></net>

<net id="109"><net_src comp="6" pin="0"/><net_sink comp="104" pin=1"/></net>

<net id="114"><net_src comp="36" pin="0"/><net_sink comp="110" pin=0"/></net>

<net id="115"><net_src comp="4" pin="0"/><net_sink comp="110" pin=1"/></net>

<net id="120"><net_src comp="36" pin="0"/><net_sink comp="116" pin=0"/></net>

<net id="121"><net_src comp="2" pin="0"/><net_sink comp="116" pin=1"/></net>

<net id="126"><net_src comp="36" pin="0"/><net_sink comp="122" pin=0"/></net>

<net id="127"><net_src comp="0" pin="0"/><net_sink comp="122" pin=1"/></net>

<net id="133"><net_src comp="38" pin="0"/><net_sink comp="128" pin=0"/></net>

<net id="134"><net_src comp="122" pin="2"/><net_sink comp="128" pin=1"/></net>

<net id="135"><net_src comp="40" pin="0"/><net_sink comp="128" pin=2"/></net>

<net id="139"><net_src comp="128" pin="3"/><net_sink comp="136" pin=0"/></net>

<net id="145"><net_src comp="38" pin="0"/><net_sink comp="140" pin=0"/></net>

<net id="146"><net_src comp="116" pin="2"/><net_sink comp="140" pin=1"/></net>

<net id="147"><net_src comp="40" pin="0"/><net_sink comp="140" pin=2"/></net>

<net id="151"><net_src comp="140" pin="3"/><net_sink comp="148" pin=0"/></net>

<net id="157"><net_src comp="38" pin="0"/><net_sink comp="152" pin=0"/></net>

<net id="158"><net_src comp="110" pin="2"/><net_sink comp="152" pin=1"/></net>

<net id="159"><net_src comp="40" pin="0"/><net_sink comp="152" pin=2"/></net>

<net id="163"><net_src comp="152" pin="3"/><net_sink comp="160" pin=0"/></net>

<net id="169"><net_src comp="38" pin="0"/><net_sink comp="164" pin=0"/></net>

<net id="170"><net_src comp="104" pin="2"/><net_sink comp="164" pin=1"/></net>

<net id="171"><net_src comp="40" pin="0"/><net_sink comp="164" pin=2"/></net>

<net id="175"><net_src comp="164" pin="3"/><net_sink comp="172" pin=0"/></net>

<net id="181"><net_src comp="38" pin="0"/><net_sink comp="176" pin=0"/></net>

<net id="182"><net_src comp="98" pin="2"/><net_sink comp="176" pin=1"/></net>

<net id="183"><net_src comp="40" pin="0"/><net_sink comp="176" pin=2"/></net>

<net id="187"><net_src comp="176" pin="3"/><net_sink comp="184" pin=0"/></net>

<net id="193"><net_src comp="38" pin="0"/><net_sink comp="188" pin=0"/></net>

<net id="194"><net_src comp="92" pin="2"/><net_sink comp="188" pin=1"/></net>

<net id="195"><net_src comp="40" pin="0"/><net_sink comp="188" pin=2"/></net>

<net id="199"><net_src comp="188" pin="3"/><net_sink comp="196" pin=0"/></net>

<net id="205"><net_src comp="38" pin="0"/><net_sink comp="200" pin=0"/></net>

<net id="206"><net_src comp="86" pin="2"/><net_sink comp="200" pin=1"/></net>

<net id="207"><net_src comp="40" pin="0"/><net_sink comp="200" pin=2"/></net>

<net id="211"><net_src comp="200" pin="3"/><net_sink comp="208" pin=0"/></net>

<net id="217"><net_src comp="38" pin="0"/><net_sink comp="212" pin=0"/></net>

<net id="218"><net_src comp="80" pin="2"/><net_sink comp="212" pin=1"/></net>

<net id="219"><net_src comp="40" pin="0"/><net_sink comp="212" pin=2"/></net>

<net id="223"><net_src comp="212" pin="3"/><net_sink comp="220" pin=0"/></net>

<net id="229"><net_src comp="38" pin="0"/><net_sink comp="224" pin=0"/></net>

<net id="230"><net_src comp="74" pin="2"/><net_sink comp="224" pin=1"/></net>

<net id="231"><net_src comp="40" pin="0"/><net_sink comp="224" pin=2"/></net>

<net id="235"><net_src comp="224" pin="3"/><net_sink comp="232" pin=0"/></net>

<net id="241"><net_src comp="38" pin="0"/><net_sink comp="236" pin=0"/></net>

<net id="242"><net_src comp="68" pin="2"/><net_sink comp="236" pin=1"/></net>

<net id="243"><net_src comp="40" pin="0"/><net_sink comp="236" pin=2"/></net>

<net id="247"><net_src comp="236" pin="3"/><net_sink comp="244" pin=0"/></net>

<net id="253"><net_src comp="38" pin="0"/><net_sink comp="248" pin=0"/></net>

<net id="254"><net_src comp="62" pin="2"/><net_sink comp="248" pin=1"/></net>

<net id="255"><net_src comp="40" pin="0"/><net_sink comp="248" pin=2"/></net>

<net id="259"><net_src comp="248" pin="3"/><net_sink comp="256" pin=0"/></net>

<net id="265"><net_src comp="38" pin="0"/><net_sink comp="260" pin=0"/></net>

<net id="266"><net_src comp="56" pin="2"/><net_sink comp="260" pin=1"/></net>

<net id="267"><net_src comp="40" pin="0"/><net_sink comp="260" pin=2"/></net>

<net id="271"><net_src comp="260" pin="3"/><net_sink comp="268" pin=0"/></net>

<net id="277"><net_src comp="38" pin="0"/><net_sink comp="272" pin=0"/></net>

<net id="278"><net_src comp="50" pin="2"/><net_sink comp="272" pin=1"/></net>

<net id="279"><net_src comp="40" pin="0"/><net_sink comp="272" pin=2"/></net>

<net id="283"><net_src comp="272" pin="3"/><net_sink comp="280" pin=0"/></net>

<net id="289"><net_src comp="38" pin="0"/><net_sink comp="284" pin=0"/></net>

<net id="290"><net_src comp="44" pin="2"/><net_sink comp="284" pin=1"/></net>

<net id="291"><net_src comp="40" pin="0"/><net_sink comp="284" pin=2"/></net>

<net id="295"><net_src comp="284" pin="3"/><net_sink comp="292" pin=0"/></net>

<net id="300"><net_src comp="42" pin="0"/><net_sink comp="296" pin=0"/></net>

<net id="301"><net_src comp="136" pin="1"/><net_sink comp="296" pin=1"/></net>

<net id="306"><net_src comp="296" pin="2"/><net_sink comp="302" pin=0"/></net>

<net id="307"><net_src comp="148" pin="1"/><net_sink comp="302" pin=1"/></net>

<net id="312"><net_src comp="302" pin="2"/><net_sink comp="308" pin=0"/></net>

<net id="313"><net_src comp="160" pin="1"/><net_sink comp="308" pin=1"/></net>

<net id="318"><net_src comp="308" pin="2"/><net_sink comp="314" pin=0"/></net>

<net id="319"><net_src comp="172" pin="1"/><net_sink comp="314" pin=1"/></net>

<net id="324"><net_src comp="314" pin="2"/><net_sink comp="320" pin=0"/></net>

<net id="325"><net_src comp="184" pin="1"/><net_sink comp="320" pin=1"/></net>

<net id="330"><net_src comp="320" pin="2"/><net_sink comp="326" pin=0"/></net>

<net id="331"><net_src comp="196" pin="1"/><net_sink comp="326" pin=1"/></net>

<net id="336"><net_src comp="326" pin="2"/><net_sink comp="332" pin=0"/></net>

<net id="337"><net_src comp="208" pin="1"/><net_sink comp="332" pin=1"/></net>

<net id="342"><net_src comp="332" pin="2"/><net_sink comp="338" pin=0"/></net>

<net id="343"><net_src comp="220" pin="1"/><net_sink comp="338" pin=1"/></net>

<net id="348"><net_src comp="338" pin="2"/><net_sink comp="344" pin=0"/></net>

<net id="349"><net_src comp="232" pin="1"/><net_sink comp="344" pin=1"/></net>

<net id="354"><net_src comp="344" pin="2"/><net_sink comp="350" pin=0"/></net>

<net id="355"><net_src comp="244" pin="1"/><net_sink comp="350" pin=1"/></net>

<net id="360"><net_src comp="350" pin="2"/><net_sink comp="356" pin=0"/></net>

<net id="361"><net_src comp="256" pin="1"/><net_sink comp="356" pin=1"/></net>

<net id="366"><net_src comp="356" pin="2"/><net_sink comp="362" pin=0"/></net>

<net id="367"><net_src comp="268" pin="1"/><net_sink comp="362" pin=1"/></net>

<net id="372"><net_src comp="362" pin="2"/><net_sink comp="368" pin=0"/></net>

<net id="373"><net_src comp="280" pin="1"/><net_sink comp="368" pin=1"/></net>

<net id="378"><net_src comp="368" pin="2"/><net_sink comp="374" pin=0"/></net>

<net id="379"><net_src comp="292" pin="1"/><net_sink comp="374" pin=1"/></net>

</net_list>

</model> 
---------------- Datapath Model END ------------------

* FSMD analyzer results:
  - Output states:
 - Input state : 
	Port: concatenate1d<ap_ufixed,ap_ufixed,ap_fixed<16,6,5,3,0>,config15> : data1_0_val | {1 }
	Port: concatenate1d<ap_ufixed,ap_ufixed,ap_fixed<16,6,5,3,0>,config15> : data1_1_val | {1 }
	Port: concatenate1d<ap_ufixed,ap_ufixed,ap_fixed<16,6,5,3,0>,config15> : data1_2_val | {1 }
	Port: concatenate1d<ap_ufixed,ap_ufixed,ap_fixed<16,6,5,3,0>,config15> : data1_3_val | {1 }
	Port: concatenate1d<ap_ufixed,ap_ufixed,ap_fixed<16,6,5,3,0>,config15> : data1_4_val | {1 }
	Port: concatenate1d<ap_ufixed,ap_ufixed,ap_fixed<16,6,5,3,0>,config15> : data1_5_val | {1 }
	Port: concatenate1d<ap_ufixed,ap_ufixed,ap_fixed<16,6,5,3,0>,config15> : data1_6_val | {1 }
	Port: concatenate1d<ap_ufixed,ap_ufixed,ap_fixed<16,6,5,3,0>,config15> : data1_7_val | {1 }
	Port: concatenate1d<ap_ufixed,ap_ufixed,ap_fixed<16,6,5,3,0>,config15> : data2_0_val | {1 }
	Port: concatenate1d<ap_ufixed,ap_ufixed,ap_fixed<16,6,5,3,0>,config15> : data2_1_val | {1 }
	Port: concatenate1d<ap_ufixed,ap_ufixed,ap_fixed<16,6,5,3,0>,config15> : data2_2_val | {1 }
	Port: concatenate1d<ap_ufixed,ap_ufixed,ap_fixed<16,6,5,3,0>,config15> : data2_3_val | {1 }
	Port: concatenate1d<ap_ufixed,ap_ufixed,ap_fixed<16,6,5,3,0>,config15> : data2_4_val | {1 }
	Port: concatenate1d<ap_ufixed,ap_ufixed,ap_fixed<16,6,5,3,0>,config15> : data2_5_val | {1 }
  - Chain level:
	State 1
		zext_ln120 : 1
		zext_ln120_1 : 1
		zext_ln120_2 : 1
		zext_ln120_3 : 1
		zext_ln120_4 : 1
		zext_ln120_5 : 1
		zext_ln120_6 : 1
		zext_ln123 : 1
		zext_ln123_1 : 1
		zext_ln123_2 : 1
		zext_ln123_3 : 1
		zext_ln123_4 : 1
		zext_ln123_5 : 1
		zext_ln125 : 1
		mrv : 2
		mrv_1 : 3
		mrv_2 : 4
		mrv_3 : 5
		mrv_4 : 6
		mrv_5 : 7
		mrv_6 : 8
		mrv_7 : 9
		mrv_8 : 10
		mrv_9 : 11
		mrv_s : 12
		mrv_10 : 13
		mrv_11 : 14
		mrv_12 : 15
		ret_ln125 : 16


============================================================
+ Verbose Summary: Datapath Resource usage 
============================================================

* Functional unit list:
|----------|------------------------------|
| Operation|        Functional Unit       |
|----------|------------------------------|
|          |  data2_5_val_read_read_fu_44 |
|          |  data2_4_val_read_read_fu_50 |
|          |  data2_3_val_read_read_fu_56 |
|          |  data2_2_val_read_read_fu_62 |
|          |  data2_1_val_read_read_fu_68 |
|          |  data2_0_val_read_read_fu_74 |
|   read   |  data1_7_val_read_read_fu_80 |
|          |  data1_6_val_read_read_fu_86 |
|          |  data1_5_val_read_read_fu_92 |
|          |  data1_4_val_read_read_fu_98 |
|          | data1_3_val_read_read_fu_104 |
|          | data1_2_val_read_read_fu_110 |
|          | data1_1_val_read_read_fu_116 |
|          | data1_0_val_read_read_fu_122 |
|----------|------------------------------|
|          |         shl_ln_fu_128        |
|          |      shl_ln120_1_fu_140      |
|          |      shl_ln120_2_fu_152      |
|          |      shl_ln120_3_fu_164      |
|          |      shl_ln120_4_fu_176      |
|          |      shl_ln120_5_fu_188      |
|bitconcatenate|      shl_ln120_6_fu_200      |
|          |      shl_ln120_7_fu_212      |
|          |        shl_ln2_fu_224        |
|          |      shl_ln123_1_fu_236      |
|          |      shl_ln123_2_fu_248      |
|          |      shl_ln123_3_fu_260      |
|          |      shl_ln123_4_fu_272      |
|          |      shl_ln123_5_fu_284      |
|----------|------------------------------|
|          |       zext_ln120_fu_136      |
|          |      zext_ln120_1_fu_148     |
|          |      zext_ln120_2_fu_160     |
|          |      zext_ln120_3_fu_172     |
|          |      zext_ln120_4_fu_184     |
|          |      zext_ln120_5_fu_196     |
|   zext   |      zext_ln120_6_fu_208     |
|          |       zext_ln123_fu_220      |
|          |      zext_ln123_1_fu_232     |
|          |      zext_ln123_2_fu_244     |
|          |      zext_ln123_3_fu_256     |
|          |      zext_ln123_4_fu_268     |
|          |      zext_ln123_5_fu_280     |
|          |       zext_ln125_fu_292      |
|----------|------------------------------|
|          |          mrv_fu_296          |
|          |         mrv_1_fu_302         |
|          |         mrv_2_fu_308         |
|          |         mrv_3_fu_314         |
|          |         mrv_4_fu_320         |
|          |         mrv_5_fu_326         |
|insertvalue|         mrv_6_fu_332         |
|          |         mrv_7_fu_338         |
|          |         mrv_8_fu_344         |
|          |         mrv_9_fu_350         |
|          |         mrv_s_fu_356         |
|          |         mrv_10_fu_362        |
|          |         mrv_11_fu_368        |
|          |         mrv_12_fu_374        |
|----------|------------------------------|
|   Total  |                              |
|----------|------------------------------|

Memories:
N/A

* Register list:
N/A

* Multiplexer (MUX) list: 
|--------|------|------|------|--------|
|  Comp  |  Pin | Size |  BW  | S x BW |
|--------|------|------|------|--------|
|  Total |      |      |      |    0   |
|--------|------|------|------|--------|



* Summary:
+-----------+
|           |
+-----------+
|  Function |
|   Memory  |
|Multiplexer|
|  Register |
+-----------+
|   Total   |
+-----------+
