

================================================================
== Vitis HLS Report for 'dense_latency_ap_ufixed_8_0_4_0_0_ap_fixed_16_6_5_3_0_config19_s'
================================================================
* Date:           Tue Mar 24 14:55:16 2026

* Version:        2024.1 (Build 5069499 on May 21 2024)
* Project:        myproject_prj
* Solution:       solution1 (Vivado IP Flow Target)
* Product family: zynq
* Target device:  xc7z020-clg400-1


================================================================
== Performance Estimates
================================================================
+ Timing: 
    * Summary: 
    +--------+---------+----------+------------+
    |  Clock |  Target | Estimated| Uncertainty|
    +--------+---------+----------+------------+
    |ap_clk  |  5.00 ns|  4.170 ns|     0.62 ns|
    +--------+---------+----------+------------+

+ Latency: 
    * Summary: 
    +---------+---------+-----------+-----------+-----+-----+---------+
    |  Latency (cycles) |   Latency (absolute)  |  Interval | Pipeline|
    |   min   |   max   |    min    |    max    | min | max |   Type  |
    +---------+---------+-----------+-----------+-----+-----+---------+
    |        2|        2|  10.000 ns|  10.000 ns|    1|    1|      yes|
    +---------+---------+-----------+-----------+-----+-----+---------+

    + Detail: 
        * Instance: 
        N/A

        * Loop: 
        N/A

============================================================
+ Verbose Summary: Synthesis Manager
============================================================
InlineROM: 1
ExposeGlobal: 0
============================================================
+ Verbose Summary: CDFG Model
============================================================
IsTopModel: 0
ResetActiveHigh: 1
IsCombinational: 0
IsDatapathOnly: 0
HasWiredReturn: 1
HasMFsm: 2
HasVarLatency: 0
IsPipeline: 1
IsRtlPipelined: 1
IsInstanceOverlapped: 0
IsDontTouch: 0
HasImplIP: 0
IsGatedGlobalClock: 0

+ Individual pipeline summary: 
  * Pipeline-0: initiation interval (II) = 1, depth = 3


============================================================
+ Verbose Summary: Schedule
============================================================
* Number of FSM states : 3
* Pipeline : 1
  Pipeline-0 : II = 1, D = 3, States = { 1 2 3 }
* Dataflow Pipeline: 0

* FSM state transitions: 
1 --> 2 
2 --> 3 
3 --> 

* FSM state operations: 

State 1 <SV = 0> <Delay = 4.17>
ST_1 : Operation 4 [1/1] (0.00ns)   --->   "%data_3_val_read = read i8 @_ssdm_op_Read.ap_auto.i8, i8 %data_3_val" [firmware/nnet_utils/nnet_mult.h:70->firmware/nnet_utils/nnet_dense_latency.h:42]   --->   Operation 4 'read' 'data_3_val_read' <Predicate = true> <Delay = 0.00>
ST_1 : Operation 5 [1/1] (0.00ns)   --->   "%data_2_val_read = read i8 @_ssdm_op_Read.ap_auto.i8, i8 %data_2_val" [firmware/nnet_utils/nnet_mult.h:70->firmware/nnet_utils/nnet_dense_latency.h:42]   --->   Operation 5 'read' 'data_2_val_read' <Predicate = true> <Delay = 0.00>
ST_1 : Operation 6 [1/1] (0.00ns)   --->   "%data_1_val_read = read i8 @_ssdm_op_Read.ap_auto.i8, i8 %data_1_val" [firmware/nnet_utils/nnet_mult.h:70->firmware/nnet_utils/nnet_dense_latency.h:42]   --->   Operation 6 'read' 'data_1_val_read' <Predicate = true> <Delay = 0.00>
ST_1 : Operation 7 [1/1] (0.00ns)   --->   "%data_0_val_read = read i8 @_ssdm_op_Read.ap_auto.i8, i8 %data_0_val" [firmware/nnet_utils/nnet_mult.h:70->firmware/nnet_utils/nnet_dense_latency.h:42]   --->   Operation 7 'read' 'data_0_val_read' <Predicate = true> <Delay = 0.00>
ST_1 : Operation 8 [1/1] (0.00ns)   --->   "%zext_ln70 = zext i8 %data_0_val_read" [firmware/nnet_utils/nnet_mult.h:70->firmware/nnet_utils/nnet_dense_latency.h:42]   --->   Operation 8 'zext' 'zext_ln70' <Predicate = true> <Delay = 0.00>
ST_1 : Operation 9 [1/1] (0.00ns)   --->   "%zext_ln70_2 = zext i8 %data_0_val_read" [firmware/nnet_utils/nnet_mult.h:70->firmware/nnet_utils/nnet_dense_latency.h:42]   --->   Operation 9 'zext' 'zext_ln70_2' <Predicate = true> <Delay = 0.00>
ST_1 : Operation 10 [1/1] (0.00ns)   --->   "%p_shl = bitconcatenate i15 @_ssdm_op_BitConcatenate.i15.i8.i7, i8 %data_0_val_read, i7 0" [firmware/nnet_utils/nnet_mult.h:73->firmware/nnet_utils/nnet_dense_latency.h:42]   --->   Operation 10 'bitconcatenate' 'p_shl' <Predicate = true> <Delay = 0.00>
ST_1 : Operation 11 [1/1] (1.94ns)   --->   "%sub_ln73 = sub i15 %p_shl, i15 %zext_ln70_2" [firmware/nnet_utils/nnet_mult.h:73->firmware/nnet_utils/nnet_dense_latency.h:42]   --->   Operation 11 'sub' 'sub_ln73' <Predicate = true> <Delay = 1.94> <CoreInst = "Adder">   --->   Core 1 'Adder' <Latency = 0> <II = 1> <Delay = 1.94> <FuncUnit> <Opcode : 'add' 'sub'> <InPorts = 2> <OutPorts = 1>
ST_1 : Operation 12 [1/1] (0.00ns)   --->   "%tmp = partselect i10 @_ssdm_op_PartSelect.i10.i15.i32.i32, i15 %sub_ln73, i32 5, i32 14" [firmware/nnet_utils/nnet_mult.h:73->firmware/nnet_utils/nnet_dense_latency.h:42]   --->   Operation 12 'partselect' 'tmp' <Predicate = true> <Delay = 0.00>
ST_1 : Operation 13 [1/1] (0.00ns)   --->   "%tmp_4 = partselect i7 @_ssdm_op_PartSelect.i7.i8.i32.i32, i8 %data_0_val_read, i32 1, i32 7" [firmware/nnet_utils/nnet_mult.h:70->firmware/nnet_utils/nnet_dense_latency.h:42]   --->   Operation 13 'partselect' 'tmp_4' <Predicate = true> <Delay = 0.00>
ST_1 : Operation 14 [1/1] (0.00ns)   --->   "%tmp_130 = bitconcatenate i12 @_ssdm_op_BitConcatenate.i12.i8.i4, i8 %data_0_val_read, i4 0" [firmware/nnet_utils/nnet_mult.h:73->firmware/nnet_utils/nnet_dense_latency.h:42]   --->   Operation 14 'bitconcatenate' 'tmp_130' <Predicate = true> <Delay = 0.00>
ST_1 : Operation 15 [1/1] (0.00ns)   --->   "%zext_ln73_6 = zext i12 %tmp_130" [firmware/nnet_utils/nnet_mult.h:73->firmware/nnet_utils/nnet_dense_latency.h:42]   --->   Operation 15 'zext' 'zext_ln73_6' <Predicate = true> <Delay = 0.00>
ST_1 : Operation 16 [1/1] (1.54ns)   --->   "%add_ln73 = add i13 %zext_ln73_6, i13 %zext_ln70" [firmware/nnet_utils/nnet_mult.h:73->firmware/nnet_utils/nnet_dense_latency.h:42]   --->   Operation 16 'add' 'add_ln73' <Predicate = true> <Delay = 1.54> <CoreInst = "Adder">   --->   Core 1 'Adder' <Latency = 0> <II = 1> <Delay = 1.54> <FuncUnit> <Opcode : 'add' 'sub'> <InPorts = 2> <OutPorts = 1>
ST_1 : Operation 17 [1/1] (0.00ns)   --->   "%tmp_5 = partselect i8 @_ssdm_op_PartSelect.i8.i13.i32.i32, i13 %add_ln73, i32 5, i32 12" [firmware/nnet_utils/nnet_mult.h:73->firmware/nnet_utils/nnet_dense_latency.h:42]   --->   Operation 17 'partselect' 'tmp_5' <Predicate = true> <Delay = 0.00>
ST_1 : Operation 18 [1/1] (0.00ns)   --->   "%zext_ln73_1 = zext i8 %tmp_5" [firmware/nnet_utils/nnet_mult.h:73->firmware/nnet_utils/nnet_dense_latency.h:42]   --->   Operation 18 'zext' 'zext_ln73_1' <Predicate = true> <Delay = 0.00>
ST_1 : Operation 19 [1/1] (4.17ns)   --->   "%mul_ln73 = mul i15 %zext_ln70_2, i15 76" [firmware/nnet_utils/nnet_mult.h:73->firmware/nnet_utils/nnet_dense_latency.h:42]   --->   Operation 19 'mul' 'mul_ln73' <Predicate = true> <Delay = 4.17> <CoreInst = "Multiplier">   --->   Core 3 'Multiplier' <Latency = 0> <II = 1> <Delay = 4.17> <FuncUnit> <Opcode : 'mul'> <InPorts = 2> <OutPorts = 1>
ST_1 : Operation 20 [1/1] (0.00ns)   --->   "%tmp_6 = partselect i10 @_ssdm_op_PartSelect.i10.i15.i32.i32, i15 %mul_ln73, i32 5, i32 14" [firmware/nnet_utils/nnet_mult.h:73->firmware/nnet_utils/nnet_dense_latency.h:42]   --->   Operation 20 'partselect' 'tmp_6' <Predicate = true> <Delay = 0.00>
ST_1 : Operation 21 [1/1] (0.00ns)   --->   "%conv_i_i_1 = zext i8 %data_1_val_read" [firmware/nnet_utils/nnet_mult.h:70->firmware/nnet_utils/nnet_dense_latency.h:42]   --->   Operation 21 'zext' 'conv_i_i_1' <Predicate = true> <Delay = 0.00>
ST_1 : Operation 22 [1/1] (0.00ns)   --->   "%zext_ln70_3 = zext i8 %data_1_val_read" [firmware/nnet_utils/nnet_mult.h:70->firmware/nnet_utils/nnet_dense_latency.h:42]   --->   Operation 22 'zext' 'zext_ln70_3' <Predicate = true> <Delay = 0.00>
ST_1 : Operation 23 [1/1] (0.00ns)   --->   "%zext_ln70_4 = zext i8 %data_1_val_read" [firmware/nnet_utils/nnet_mult.h:70->firmware/nnet_utils/nnet_dense_latency.h:42]   --->   Operation 23 'zext' 'zext_ln70_4' <Predicate = true> <Delay = 0.00>
ST_1 : Operation 24 [1/1] (4.17ns)   --->   "%mul_ln73_2 = mul i14 %zext_ln70_4, i14 37" [firmware/nnet_utils/nnet_mult.h:73->firmware/nnet_utils/nnet_dense_latency.h:42]   --->   Operation 24 'mul' 'mul_ln73_2' <Predicate = true> <Delay = 4.17> <CoreInst = "Multiplier">   --->   Core 3 'Multiplier' <Latency = 0> <II = 1> <Delay = 4.17> <FuncUnit> <Opcode : 'mul'> <InPorts = 2> <OutPorts = 1>
ST_1 : Operation 25 [1/1] (0.00ns)   --->   "%tmp_7 = partselect i9 @_ssdm_op_PartSelect.i9.i14.i32.i32, i14 %mul_ln73_2, i32 5, i32 13" [firmware/nnet_utils/nnet_mult.h:73->firmware/nnet_utils/nnet_dense_latency.h:42]   --->   Operation 25 'partselect' 'tmp_7' <Predicate = true> <Delay = 0.00>
ST_1 : Operation 26 [1/1] (4.17ns)   --->   "%mul_ln73_3 = mul i15 %zext_ln70_3, i15 32725" [firmware/nnet_utils/nnet_mult.h:73->firmware/nnet_utils/nnet_dense_latency.h:42]   --->   Operation 26 'mul' 'mul_ln73_3' <Predicate = true> <Delay = 4.17> <CoreInst = "Multiplier">   --->   Core 3 'Multiplier' <Latency = 0> <II = 1> <Delay = 4.17> <FuncUnit> <Opcode : 'mul'> <InPorts = 2> <OutPorts = 1>
ST_1 : Operation 27 [1/1] (0.00ns)   --->   "%trunc_ln = partselect i10 @_ssdm_op_PartSelect.i10.i15.i32.i32, i15 %mul_ln73_3, i32 5, i32 14" [firmware/nnet_utils/nnet_dense_latency.h:42]   --->   Operation 27 'partselect' 'trunc_ln' <Predicate = true> <Delay = 0.00>
ST_1 : Operation 28 [1/1] (0.00ns)   --->   "%p_shl1 = bitconcatenate i15 @_ssdm_op_BitConcatenate.i15.i8.i7, i8 %data_1_val_read, i7 0" [firmware/nnet_utils/nnet_mult.h:73->firmware/nnet_utils/nnet_dense_latency.h:42]   --->   Operation 28 'bitconcatenate' 'p_shl1' <Predicate = true> <Delay = 0.00>
ST_1 : Operation 29 [1/1] (1.94ns)   --->   "%sub_ln73_1 = sub i15 %p_shl1, i15 %zext_ln70_3" [firmware/nnet_utils/nnet_mult.h:73->firmware/nnet_utils/nnet_dense_latency.h:42]   --->   Operation 29 'sub' 'sub_ln73_1' <Predicate = true> <Delay = 1.94> <CoreInst = "Adder">   --->   Core 1 'Adder' <Latency = 0> <II = 1> <Delay = 1.94> <FuncUnit> <Opcode : 'add' 'sub'> <InPorts = 2> <OutPorts = 1>
ST_1 : Operation 30 [1/1] (0.00ns)   --->   "%tmp_8 = partselect i10 @_ssdm_op_PartSelect.i10.i15.i32.i32, i15 %sub_ln73_1, i32 5, i32 14" [firmware/nnet_utils/nnet_mult.h:73->firmware/nnet_utils/nnet_dense_latency.h:42]   --->   Operation 30 'partselect' 'tmp_8' <Predicate = true> <Delay = 0.00>
ST_1 : Operation 31 [1/1] (0.00ns)   --->   "%zext_ln73_3 = zext i10 %tmp_8" [firmware/nnet_utils/nnet_mult.h:73->firmware/nnet_utils/nnet_dense_latency.h:42]   --->   Operation 31 'zext' 'zext_ln73_3' <Predicate = true> <Delay = 0.00>
ST_1 : Operation 32 [1/1] (4.17ns)   --->   "%mul_ln73_4 = mul i16 %conv_i_i_1, i16 65442" [firmware/nnet_utils/nnet_mult.h:73->firmware/nnet_utils/nnet_dense_latency.h:42]   --->   Operation 32 'mul' 'mul_ln73_4' <Predicate = true> <Delay = 4.17> <CoreInst = "Multiplier">   --->   Core 3 'Multiplier' <Latency = 0> <II = 1> <Delay = 4.17> <FuncUnit> <Opcode : 'mul'> <InPorts = 2> <OutPorts = 1>
ST_1 : Operation 33 [1/1] (0.00ns)   --->   "%trunc_ln42_1 = partselect i11 @_ssdm_op_PartSelect.i11.i16.i32.i32, i16 %mul_ln73_4, i32 5, i32 15" [firmware/nnet_utils/nnet_dense_latency.h:42]   --->   Operation 33 'partselect' 'trunc_ln42_1' <Predicate = true> <Delay = 0.00>
ST_1 : Operation 34 [1/1] (0.00ns)   --->   "%zext_ln70_5 = zext i8 %data_2_val_read" [firmware/nnet_utils/nnet_mult.h:70->firmware/nnet_utils/nnet_dense_latency.h:42]   --->   Operation 34 'zext' 'zext_ln70_5' <Predicate = true> <Delay = 0.00>
ST_1 : Operation 35 [1/1] (0.00ns)   --->   "%tmp_131 = bitconcatenate i15 @_ssdm_op_BitConcatenate.i15.i8.i7, i8 %data_2_val_read, i7 0" [firmware/nnet_utils/nnet_mult.h:73->firmware/nnet_utils/nnet_dense_latency.h:42]   --->   Operation 35 'bitconcatenate' 'tmp_131' <Predicate = true> <Delay = 0.00>
ST_1 : Operation 36 [1/1] (0.00ns)   --->   "%zext_ln73_7 = zext i15 %tmp_131" [firmware/nnet_utils/nnet_mult.h:73->firmware/nnet_utils/nnet_dense_latency.h:42]   --->   Operation 36 'zext' 'zext_ln73_7' <Predicate = true> <Delay = 0.00>
ST_1 : Operation 37 [1/1] (1.94ns)   --->   "%sub_ln73_2 = sub i16 0, i16 %zext_ln73_7" [firmware/nnet_utils/nnet_mult.h:73->firmware/nnet_utils/nnet_dense_latency.h:42]   --->   Operation 37 'sub' 'sub_ln73_2' <Predicate = true> <Delay = 1.94> <CoreInst = "Adder">   --->   Core 1 'Adder' <Latency = 0> <II = 1> <Delay = 1.94> <FuncUnit> <Opcode : 'add' 'sub'> <InPorts = 2> <OutPorts = 1>
ST_1 : Operation 38 [1/1] (0.00ns)   --->   "%trunc_ln42_2 = partselect i11 @_ssdm_op_PartSelect.i11.i16.i32.i32, i16 %sub_ln73_2, i32 5, i32 15" [firmware/nnet_utils/nnet_dense_latency.h:42]   --->   Operation 38 'partselect' 'trunc_ln42_2' <Predicate = true> <Delay = 0.00>
ST_1 : Operation 39 [1/1] (4.17ns)   --->   "%mul_ln73_5 = mul i15 %zext_ln70_5, i15 87" [firmware/nnet_utils/nnet_mult.h:73->firmware/nnet_utils/nnet_dense_latency.h:42]   --->   Operation 39 'mul' 'mul_ln73_5' <Predicate = true> <Delay = 4.17> <CoreInst = "Multiplier">   --->   Core 3 'Multiplier' <Latency = 0> <II = 1> <Delay = 4.17> <FuncUnit> <Opcode : 'mul'> <InPorts = 2> <OutPorts = 1>
ST_1 : Operation 40 [1/1] (0.00ns)   --->   "%trunc_ln73_3 = partselect i10 @_ssdm_op_PartSelect.i10.i15.i32.i32, i15 %mul_ln73_5, i32 5, i32 14" [firmware/nnet_utils/nnet_mult.h:73->firmware/nnet_utils/nnet_dense_latency.h:42]   --->   Operation 40 'partselect' 'trunc_ln73_3' <Predicate = true> <Delay = 0.00>
ST_1 : Operation 41 [1/1] (1.94ns)   --->   "%sub_ln73_3 = sub i15 %tmp_131, i15 %zext_ln70_5" [firmware/nnet_utils/nnet_mult.h:73->firmware/nnet_utils/nnet_dense_latency.h:42]   --->   Operation 41 'sub' 'sub_ln73_3' <Predicate = true> <Delay = 1.94> <CoreInst = "Adder">   --->   Core 1 'Adder' <Latency = 0> <II = 1> <Delay = 1.94> <FuncUnit> <Opcode : 'add' 'sub'> <InPorts = 2> <OutPorts = 1>
ST_1 : Operation 42 [1/1] (0.00ns)   --->   "%tmp_9 = partselect i10 @_ssdm_op_PartSelect.i10.i15.i32.i32, i15 %sub_ln73_3, i32 5, i32 14" [firmware/nnet_utils/nnet_mult.h:73->firmware/nnet_utils/nnet_dense_latency.h:42]   --->   Operation 42 'partselect' 'tmp_9' <Predicate = true> <Delay = 0.00>
ST_1 : Operation 43 [1/1] (0.00ns)   --->   "%conv_i_i_3 = zext i8 %data_3_val_read" [firmware/nnet_utils/nnet_mult.h:70->firmware/nnet_utils/nnet_dense_latency.h:42]   --->   Operation 43 'zext' 'conv_i_i_3' <Predicate = true> <Delay = 0.00>
ST_1 : Operation 44 [1/1] (0.00ns)   --->   "%zext_ln70_6 = zext i8 %data_3_val_read" [firmware/nnet_utils/nnet_mult.h:70->firmware/nnet_utils/nnet_dense_latency.h:42]   --->   Operation 44 'zext' 'zext_ln70_6' <Predicate = true> <Delay = 0.00>
ST_1 : Operation 45 [1/1] (4.17ns)   --->   "%mul_ln73_6 = mul i15 %zext_ln70_6, i15 78" [firmware/nnet_utils/nnet_mult.h:73->firmware/nnet_utils/nnet_dense_latency.h:42]   --->   Operation 45 'mul' 'mul_ln73_6' <Predicate = true> <Delay = 4.17> <CoreInst = "Multiplier">   --->   Core 3 'Multiplier' <Latency = 0> <II = 1> <Delay = 4.17> <FuncUnit> <Opcode : 'mul'> <InPorts = 2> <OutPorts = 1>
ST_1 : Operation 46 [1/1] (0.00ns)   --->   "%tmp_10 = partselect i10 @_ssdm_op_PartSelect.i10.i15.i32.i32, i15 %mul_ln73_6, i32 5, i32 14" [firmware/nnet_utils/nnet_mult.h:73->firmware/nnet_utils/nnet_dense_latency.h:42]   --->   Operation 46 'partselect' 'tmp_10' <Predicate = true> <Delay = 0.00>
ST_1 : Operation 47 [1/1] (0.00ns)   --->   "%tmp_132 = bitconcatenate i14 @_ssdm_op_BitConcatenate.i14.i8.i6, i8 %data_3_val_read, i6 0" [firmware/nnet_utils/nnet_mult.h:73->firmware/nnet_utils/nnet_dense_latency.h:42]   --->   Operation 47 'bitconcatenate' 'tmp_132' <Predicate = true> <Delay = 0.00>
ST_1 : Operation 48 [1/1] (0.00ns)   --->   "%zext_ln73_8 = zext i14 %tmp_132" [firmware/nnet_utils/nnet_mult.h:73->firmware/nnet_utils/nnet_dense_latency.h:42]   --->   Operation 48 'zext' 'zext_ln73_8' <Predicate = true> <Delay = 0.00>
ST_1 : Operation 49 [1/1] (1.81ns)   --->   "%sub_ln73_4 = sub i16 0, i16 %zext_ln73_8" [firmware/nnet_utils/nnet_mult.h:73->firmware/nnet_utils/nnet_dense_latency.h:42]   --->   Operation 49 'sub' 'sub_ln73_4' <Predicate = true> <Delay = 1.81> <CoreInst = "Adder">   --->   Core 1 'Adder' <Latency = 0> <II = 1> <Delay = 1.81> <FuncUnit> <Opcode : 'add' 'sub'> <InPorts = 2> <OutPorts = 1>
ST_1 : Operation 50 [1/1] (1.94ns)   --->   "%sub_ln73_5 = sub i16 %sub_ln73_4, i16 %conv_i_i_3" [firmware/nnet_utils/nnet_mult.h:73->firmware/nnet_utils/nnet_dense_latency.h:42]   --->   Operation 50 'sub' 'sub_ln73_5' <Predicate = true> <Delay = 1.94> <CoreInst = "Adder">   --->   Core 1 'Adder' <Latency = 0> <II = 1> <Delay = 1.94> <FuncUnit> <Opcode : 'add' 'sub'> <InPorts = 2> <OutPorts = 1>
ST_1 : Operation 51 [1/1] (0.00ns)   --->   "%trunc_ln42_3 = partselect i11 @_ssdm_op_PartSelect.i11.i16.i32.i32, i16 %sub_ln73_5, i32 5, i32 15" [firmware/nnet_utils/nnet_dense_latency.h:42]   --->   Operation 51 'partselect' 'trunc_ln42_3' <Predicate = true> <Delay = 0.00>
ST_1 : Operation 52 [1/1] (0.00ns)   --->   "%p_shl2 = bitconcatenate i15 @_ssdm_op_BitConcatenate.i15.i8.i7, i8 %data_3_val_read, i7 0" [firmware/nnet_utils/nnet_mult.h:73->firmware/nnet_utils/nnet_dense_latency.h:42]   --->   Operation 52 'bitconcatenate' 'p_shl2' <Predicate = true> <Delay = 0.00>
ST_1 : Operation 53 [1/1] (1.94ns)   --->   "%sub_ln73_6 = sub i15 %p_shl2, i15 %zext_ln70_6" [firmware/nnet_utils/nnet_mult.h:73->firmware/nnet_utils/nnet_dense_latency.h:42]   --->   Operation 53 'sub' 'sub_ln73_6' <Predicate = true> <Delay = 1.94> <CoreInst = "Adder">   --->   Core 1 'Adder' <Latency = 0> <II = 1> <Delay = 1.94> <FuncUnit> <Opcode : 'add' 'sub'> <InPorts = 2> <OutPorts = 1>
ST_1 : Operation 54 [1/1] (0.00ns)   --->   "%tmp_11 = partselect i10 @_ssdm_op_PartSelect.i10.i15.i32.i32, i15 %sub_ln73_6, i32 5, i32 14" [firmware/nnet_utils/nnet_mult.h:73->firmware/nnet_utils/nnet_dense_latency.h:42]   --->   Operation 54 'partselect' 'tmp_11' <Predicate = true> <Delay = 0.00>
ST_1 : Operation 55 [1/1] (0.00ns)   --->   "%zext_ln73_5 = zext i10 %tmp_11" [firmware/nnet_utils/nnet_mult.h:73->firmware/nnet_utils/nnet_dense_latency.h:42]   --->   Operation 55 'zext' 'zext_ln73_5' <Predicate = true> <Delay = 0.00>
ST_1 : Operation 56 [1/1] (0.00ns)   --->   "%tmp_133 = bitconcatenate i11 @_ssdm_op_BitConcatenate.i11.i8.i3, i8 %data_3_val_read, i3 0" [firmware/nnet_utils/nnet_mult.h:73->firmware/nnet_utils/nnet_dense_latency.h:42]   --->   Operation 56 'bitconcatenate' 'tmp_133' <Predicate = true> <Delay = 0.00>
ST_1 : Operation 57 [1/1] (0.00ns)   --->   "%zext_ln73_9 = zext i11 %tmp_133" [firmware/nnet_utils/nnet_mult.h:73->firmware/nnet_utils/nnet_dense_latency.h:42]   --->   Operation 57 'zext' 'zext_ln73_9' <Predicate = true> <Delay = 0.00>
ST_1 : Operation 58 [1/1] (1.94ns)   --->   "%sub_ln73_7 = sub i16 %sub_ln73_4, i16 %zext_ln73_9" [firmware/nnet_utils/nnet_mult.h:73->firmware/nnet_utils/nnet_dense_latency.h:42]   --->   Operation 58 'sub' 'sub_ln73_7' <Predicate = true> <Delay = 1.94> <CoreInst = "Adder">   --->   Core 1 'Adder' <Latency = 0> <II = 1> <Delay = 1.94> <FuncUnit> <Opcode : 'add' 'sub'> <InPorts = 2> <OutPorts = 1>
ST_1 : Operation 59 [1/1] (0.00ns)   --->   "%trunc_ln42_4 = partselect i11 @_ssdm_op_PartSelect.i11.i16.i32.i32, i16 %sub_ln73_7, i32 5, i32 15" [firmware/nnet_utils/nnet_dense_latency.h:42]   --->   Operation 59 'partselect' 'trunc_ln42_4' <Predicate = true> <Delay = 0.00>
ST_1 : Operation 60 [1/1] (1.73ns)   --->   "%add_ln58_11 = add i11 %zext_ln73_1, i11 %zext_ln73_3" [firmware/nnet_utils/nnet_dense_latency.h:58]   --->   Operation 60 'add' 'add_ln58_11' <Predicate = true> <Delay = 1.73> <CoreInst = "Adder">   --->   Core 1 'Adder' <Latency = 0> <II = 1> <Delay = 1.73> <FuncUnit> <Opcode : 'add' 'sub'> <InPorts = 2> <OutPorts = 1>
ST_1 : Operation 61 [1/1] (1.73ns)   --->   "%add_ln58_12 = add i11 %zext_ln73_5, i11 192" [firmware/nnet_utils/nnet_dense_latency.h:58]   --->   Operation 61 'add' 'add_ln58_12' <Predicate = true> <Delay = 1.73> <CoreInst = "Adder">   --->   Core 1 'Adder' <Latency = 0> <II = 1> <Delay = 1.73> <FuncUnit> <Opcode : 'add' 'sub'> <InPorts = 2> <OutPorts = 1>

State 2 <SV = 1> <Delay = 3.78>
ST_2 : Operation 62 [1/1] (0.00ns)   --->   "%p_cast = zext i10 %tmp" [firmware/nnet_utils/nnet_mult.h:73->firmware/nnet_utils/nnet_dense_latency.h:42]   --->   Operation 62 'zext' 'p_cast' <Predicate = true> <Delay = 0.00>
ST_2 : Operation 63 [1/1] (0.00ns)   --->   "%zext_ln73 = zext i7 %tmp_4" [firmware/nnet_utils/nnet_mult.h:73->firmware/nnet_utils/nnet_dense_latency.h:42]   --->   Operation 63 'zext' 'zext_ln73' <Predicate = true> <Delay = 0.00>
ST_2 : Operation 64 [1/1] (0.00ns)   --->   "%p_cast22 = zext i10 %tmp_6" [firmware/nnet_utils/nnet_mult.h:73->firmware/nnet_utils/nnet_dense_latency.h:42]   --->   Operation 64 'zext' 'p_cast22' <Predicate = true> <Delay = 0.00>
ST_2 : Operation 65 [1/1] (0.00ns)   --->   "%zext_ln73_2 = zext i9 %tmp_7" [firmware/nnet_utils/nnet_mult.h:73->firmware/nnet_utils/nnet_dense_latency.h:42]   --->   Operation 65 'zext' 'zext_ln73_2' <Predicate = true> <Delay = 0.00>
ST_2 : Operation 66 [1/1] (0.00ns)   --->   "%sext_ln73 = sext i10 %trunc_ln" [firmware/nnet_utils/nnet_mult.h:73->firmware/nnet_utils/nnet_dense_latency.h:42]   --->   Operation 66 'sext' 'sext_ln73' <Predicate = true> <Delay = 0.00>
ST_2 : Operation 67 [1/1] (0.00ns)   --->   "%trunc_ln42_1_cast = sext i11 %trunc_ln42_1" [firmware/nnet_utils/nnet_dense_latency.h:42]   --->   Operation 67 'sext' 'trunc_ln42_1_cast' <Predicate = true> <Delay = 0.00>
ST_2 : Operation 68 [1/1] (0.00ns)   --->   "%sext_ln73_2 = sext i11 %trunc_ln42_2" [firmware/nnet_utils/nnet_mult.h:73->firmware/nnet_utils/nnet_dense_latency.h:42]   --->   Operation 68 'sext' 'sext_ln73_2' <Predicate = true> <Delay = 0.00>
ST_2 : Operation 69 [1/1] (0.00ns)   --->   "%p_cast21 = zext i10 %tmp_9" [firmware/nnet_utils/nnet_mult.h:73->firmware/nnet_utils/nnet_dense_latency.h:42]   --->   Operation 69 'zext' 'p_cast21' <Predicate = true> <Delay = 0.00>
ST_2 : Operation 70 [1/1] (0.00ns)   --->   "%zext_ln73_4 = zext i10 %tmp_10" [firmware/nnet_utils/nnet_mult.h:73->firmware/nnet_utils/nnet_dense_latency.h:42]   --->   Operation 70 'zext' 'zext_ln73_4' <Predicate = true> <Delay = 0.00>
ST_2 : Operation 71 [1/1] (0.00ns)   --->   "%sext_ln73_3 = sext i11 %trunc_ln42_3" [firmware/nnet_utils/nnet_mult.h:73->firmware/nnet_utils/nnet_dense_latency.h:42]   --->   Operation 71 'sext' 'sext_ln73_3' <Predicate = true> <Delay = 0.00>
ST_2 : Operation 72 [1/1] (0.00ns)   --->   "%sext_ln58 = sext i11 %trunc_ln42_4" [firmware/nnet_utils/nnet_dense_latency.h:58]   --->   Operation 72 'sext' 'sext_ln58' <Predicate = true> <Delay = 0.00>
ST_2 : Operation 73 [1/1] (1.73ns)   --->   "%add_ln58 = add i11 %p_cast, i11 %zext_ln73_2" [firmware/nnet_utils/nnet_dense_latency.h:58]   --->   Operation 73 'add' 'add_ln58' <Predicate = true> <Delay = 1.73> <CoreInst = "Adder">   --->   Core 1 'Adder' <Latency = 0> <II = 1> <Delay = 1.73> <FuncUnit> <Opcode : 'add' 'sub'> <InPorts = 2> <OutPorts = 1>
ST_2 : Operation 74 [1/1] (0.00ns) (grouped into TernaryAdder)   --->   "%add_ln58_4 = add i12 %sext_ln73_2, i12 280" [firmware/nnet_utils/nnet_dense_latency.h:58]   --->   Operation 74 'add' 'add_ln58_4' <Predicate = true> <Delay = 0.00> <CoreInst = "TAddSub">   --->   Core 10 'TAddSub' <Latency = 0> <II = 1> <Delay = 1.90> <IPBlock> <Opcode : '' 'add' 'sub'> <InPorts = 3> <OutPorts = 1> <Sync> <CReg>
ST_2 : Operation 75 [1/1] (3.78ns) (root node of TernaryAdder)   --->   "%add_ln58_5 = add i12 %add_ln58_4, i12 %zext_ln73_4" [firmware/nnet_utils/nnet_dense_latency.h:58]   --->   Operation 75 'add' 'add_ln58_5' <Predicate = true> <Delay = 3.78> <CoreInst = "TAddSub">   --->   Core 10 'TAddSub' <Latency = 0> <II = 1> <Delay = 1.90> <IPBlock> <Opcode : '' 'add' 'sub'> <InPorts = 3> <OutPorts = 1> <Sync> <CReg>
ST_2 : Operation 76 [1/1] (1.73ns)   --->   "%add_ln58_7 = add i10 %zext_ln73, i10 %trunc_ln73_3" [firmware/nnet_utils/nnet_dense_latency.h:58]   --->   Operation 76 'add' 'add_ln58_7' <Predicate = true> <Delay = 1.73> <CoreInst = "Adder">   --->   Core 1 'Adder' <Latency = 0> <II = 1> <Delay = 1.73> <FuncUnit> <Opcode : 'add' 'sub'> <InPorts = 2> <OutPorts = 1>
ST_2 : Operation 77 [1/1] (0.00ns) (grouped into TernaryAdder)   --->   "%add_ln58_8 = add i12 %sext_ln73_3, i12 8" [firmware/nnet_utils/nnet_dense_latency.h:58]   --->   Operation 77 'add' 'add_ln58_8' <Predicate = true> <Delay = 0.00> <CoreInst = "TAddSub">   --->   Core 10 'TAddSub' <Latency = 0> <II = 1> <Delay = 1.90> <IPBlock> <Opcode : '' 'add' 'sub'> <InPorts = 3> <OutPorts = 1> <Sync> <CReg>
ST_2 : Operation 78 [1/1] (3.78ns) (root node of TernaryAdder)   --->   "%add_ln58_9 = add i12 %add_ln58_8, i12 %sext_ln73" [firmware/nnet_utils/nnet_dense_latency.h:58]   --->   Operation 78 'add' 'add_ln58_9' <Predicate = true> <Delay = 3.78> <CoreInst = "TAddSub">   --->   Core 10 'TAddSub' <Latency = 0> <II = 1> <Delay = 1.90> <IPBlock> <Opcode : '' 'add' 'sub'> <InPorts = 3> <OutPorts = 1> <Sync> <CReg>
ST_2 : Operation 79 [1/1] (0.00ns)   --->   "%zext_ln58_2 = zext i11 %add_ln58_11" [firmware/nnet_utils/nnet_dense_latency.h:58]   --->   Operation 79 'zext' 'zext_ln58_2' <Predicate = true> <Delay = 0.00>
ST_2 : Operation 80 [1/1] (0.00ns)   --->   "%zext_ln58_3 = zext i11 %add_ln58_12" [firmware/nnet_utils/nnet_dense_latency.h:58]   --->   Operation 80 'zext' 'zext_ln58_3' <Predicate = true> <Delay = 0.00>
ST_2 : Operation 81 [1/1] (0.00ns) (grouped into TernaryAdder)   --->   "%add_ln58_13 = add i12 %zext_ln58_3, i12 %p_cast21" [firmware/nnet_utils/nnet_dense_latency.h:58]   --->   Operation 81 'add' 'add_ln58_13' <Predicate = true> <Delay = 0.00> <CoreInst = "TAddSub">   --->   Core 10 'TAddSub' <Latency = 0> <II = 1> <Delay = 1.90> <IPBlock> <Opcode : '' 'add' 'sub'> <InPorts = 3> <OutPorts = 1> <Sync> <CReg>
ST_2 : Operation 82 [1/1] (3.78ns) (root node of TernaryAdder)   --->   "%add_ln58_14 = add i12 %add_ln58_13, i12 %zext_ln58_2" [firmware/nnet_utils/nnet_dense_latency.h:58]   --->   Operation 82 'add' 'add_ln58_14' <Predicate = true> <Delay = 3.78> <CoreInst = "TAddSub">   --->   Core 10 'TAddSub' <Latency = 0> <II = 1> <Delay = 1.90> <IPBlock> <Opcode : '' 'add' 'sub'> <InPorts = 3> <OutPorts = 1> <Sync> <CReg>
ST_2 : Operation 83 [1/1] (1.63ns)   --->   "%add_ln58_15 = add i12 %p_cast22, i12 %trunc_ln42_1_cast" [firmware/nnet_utils/nnet_dense_latency.h:58]   --->   Operation 83 'add' 'add_ln58_15' <Predicate = true> <Delay = 1.63> <CoreInst = "Adder">   --->   Core 1 'Adder' <Latency = 0> <II = 1> <Delay = 1.63> <FuncUnit> <Opcode : 'add' 'sub'> <InPorts = 2> <OutPorts = 1>
ST_2 : Operation 84 [1/1] (1.63ns)   --->   "%add_ln58_16 = add i12 %sext_ln58, i12 152" [firmware/nnet_utils/nnet_dense_latency.h:58]   --->   Operation 84 'add' 'add_ln58_16' <Predicate = true> <Delay = 1.63> <CoreInst = "Adder">   --->   Core 1 'Adder' <Latency = 0> <II = 1> <Delay = 1.63> <FuncUnit> <Opcode : 'add' 'sub'> <InPorts = 2> <OutPorts = 1>

State 3 <SV = 2> <Delay = 3.81>
ST_3 : Operation 85 [1/1] (0.00ns)   --->   "%specpipeline_ln33 = specpipeline void @_ssdm_op_SpecPipeline, i32 1, i32 0, i32 0, i32 0, void @empty_0" [firmware/nnet_utils/nnet_dense_latency.h:33]   --->   Operation 85 'specpipeline' 'specpipeline_ln33' <Predicate = true> <Delay = 0.00>
ST_3 : Operation 86 [1/1] (0.00ns)   --->   "%specresourcelimit_ln33 = specresourcelimit void @_ssdm_op_SpecResourceLimit, i64 16, void @empty_1, void @empty_0, void @empty_0, void @empty_0" [firmware/nnet_utils/nnet_dense_latency.h:33]   --->   Operation 86 'specresourcelimit' 'specresourcelimit_ln33' <Predicate = true> <Delay = 0.00>
ST_3 : Operation 87 [1/1] (0.00ns)   --->   "%sext_ln73_1 = sext i11 %trunc_ln42_2" [firmware/nnet_utils/nnet_mult.h:73->firmware/nnet_utils/nnet_dense_latency.h:42]   --->   Operation 87 'sext' 'sext_ln73_1' <Predicate = true> <Delay = 0.00>
ST_3 : Operation 88 [1/1] (0.00ns)   --->   "%zext_ln58 = zext i11 %add_ln58" [firmware/nnet_utils/nnet_dense_latency.h:58]   --->   Operation 88 'zext' 'zext_ln58' <Predicate = true> <Delay = 0.00>
ST_3 : Operation 89 [1/1] (0.00ns)   --->   "%sext_ln58_2 = sext i12 %add_ln58_5" [firmware/nnet_utils/nnet_dense_latency.h:58]   --->   Operation 89 'sext' 'sext_ln58_2' <Predicate = true> <Delay = 0.00>
ST_3 : Operation 90 [1/1] (1.54ns)   --->   "%add_ln58_6 = add i13 %sext_ln58_2, i13 %zext_ln58" [firmware/nnet_utils/nnet_dense_latency.h:58]   --->   Operation 90 'add' 'add_ln58_6' <Predicate = true> <Delay = 1.54> <CoreInst = "Adder">   --->   Core 1 'Adder' <Latency = 0> <II = 1> <Delay = 1.54> <FuncUnit> <Opcode : 'add' 'sub'> <InPorts = 2> <OutPorts = 1>
ST_3 : Operation 91 [1/1] (0.00ns)   --->   "%sext_ln58_3 = sext i13 %add_ln58_6" [firmware/nnet_utils/nnet_dense_latency.h:58]   --->   Operation 91 'sext' 'sext_ln58_3' <Predicate = true> <Delay = 0.00>
ST_3 : Operation 92 [1/1] (0.00ns)   --->   "%zext_ln58_1 = zext i10 %add_ln58_7" [firmware/nnet_utils/nnet_dense_latency.h:58]   --->   Operation 92 'zext' 'zext_ln58_1' <Predicate = true> <Delay = 0.00>
ST_3 : Operation 93 [1/1] (0.00ns)   --->   "%sext_ln58_4 = sext i12 %add_ln58_9" [firmware/nnet_utils/nnet_dense_latency.h:58]   --->   Operation 93 'sext' 'sext_ln58_4' <Predicate = true> <Delay = 0.00>
ST_3 : Operation 94 [1/1] (1.54ns)   --->   "%add_ln58_10 = add i13 %sext_ln58_4, i13 %zext_ln58_1" [firmware/nnet_utils/nnet_dense_latency.h:58]   --->   Operation 94 'add' 'add_ln58_10' <Predicate = true> <Delay = 1.54> <CoreInst = "Adder">   --->   Core 1 'Adder' <Latency = 0> <II = 1> <Delay = 1.54> <FuncUnit> <Opcode : 'add' 'sub'> <InPorts = 2> <OutPorts = 1>
ST_3 : Operation 95 [1/1] (0.00ns)   --->   "%sext_ln58_5 = sext i13 %add_ln58_10" [firmware/nnet_utils/nnet_dense_latency.h:58]   --->   Operation 95 'sext' 'sext_ln58_5' <Predicate = true> <Delay = 0.00>
ST_3 : Operation 96 [1/1] (0.00ns)   --->   "%zext_ln58_4 = zext i12 %add_ln58_14" [firmware/nnet_utils/nnet_dense_latency.h:58]   --->   Operation 96 'zext' 'zext_ln58_4' <Predicate = true> <Delay = 0.00>
ST_3 : Operation 97 [1/1] (0.00ns)   --->   "%sext_ln58_6 = sext i12 %add_ln58_15" [firmware/nnet_utils/nnet_dense_latency.h:58]   --->   Operation 97 'sext' 'sext_ln58_6' <Predicate = true> <Delay = 0.00>
ST_3 : Operation 98 [1/1] (0.00ns)   --->   "%sext_ln58_7 = sext i12 %add_ln58_16" [firmware/nnet_utils/nnet_dense_latency.h:58]   --->   Operation 98 'sext' 'sext_ln58_7' <Predicate = true> <Delay = 0.00>
ST_3 : Operation 99 [1/1] (0.00ns) (grouped into TernaryAdder)   --->   "%add_ln58_17 = add i13 %sext_ln58_7, i13 %sext_ln73_1" [firmware/nnet_utils/nnet_dense_latency.h:58]   --->   Operation 99 'add' 'add_ln58_17' <Predicate = true> <Delay = 0.00> <CoreInst = "TAddSub">   --->   Core 10 'TAddSub' <Latency = 0> <II = 1> <Delay = 1.90> <IPBlock> <Opcode : '' 'add' 'sub'> <InPorts = 3> <OutPorts = 1> <Sync> <CReg>
ST_3 : Operation 100 [1/1] (3.81ns) (root node of TernaryAdder)   --->   "%add_ln58_18 = add i13 %add_ln58_17, i13 %sext_ln58_6" [firmware/nnet_utils/nnet_dense_latency.h:58]   --->   Operation 100 'add' 'add_ln58_18' <Predicate = true> <Delay = 3.81> <CoreInst = "TAddSub">   --->   Core 10 'TAddSub' <Latency = 0> <II = 1> <Delay = 1.90> <IPBlock> <Opcode : '' 'add' 'sub'> <InPorts = 3> <OutPorts = 1> <Sync> <CReg>
ST_3 : Operation 101 [1/1] (0.00ns)   --->   "%sext_ln68 = sext i13 %add_ln58_18" [firmware/nnet_utils/nnet_dense_latency.h:68]   --->   Operation 101 'sext' 'sext_ln68' <Predicate = true> <Delay = 0.00>
ST_3 : Operation 102 [1/1] (0.00ns)   --->   "%mrv = insertvalue i64 <undef>, i16 %sext_ln58_3" [firmware/nnet_utils/nnet_dense_latency.h:68]   --->   Operation 102 'insertvalue' 'mrv' <Predicate = true> <Delay = 0.00>
ST_3 : Operation 103 [1/1] (0.00ns)   --->   "%mrv_1 = insertvalue i64 %mrv, i16 %sext_ln58_5" [firmware/nnet_utils/nnet_dense_latency.h:68]   --->   Operation 103 'insertvalue' 'mrv_1' <Predicate = true> <Delay = 0.00>
ST_3 : Operation 104 [1/1] (0.00ns)   --->   "%mrv_2 = insertvalue i64 %mrv_1, i16 %zext_ln58_4" [firmware/nnet_utils/nnet_dense_latency.h:68]   --->   Operation 104 'insertvalue' 'mrv_2' <Predicate = true> <Delay = 0.00>
ST_3 : Operation 105 [1/1] (0.00ns)   --->   "%mrv_3 = insertvalue i64 %mrv_2, i16 %sext_ln68" [firmware/nnet_utils/nnet_dense_latency.h:68]   --->   Operation 105 'insertvalue' 'mrv_3' <Predicate = true> <Delay = 0.00>
ST_3 : Operation 106 [1/1] (0.00ns)   --->   "%ret_ln68 = ret i64 %mrv_3" [firmware/nnet_utils/nnet_dense_latency.h:68]   --->   Operation 106 'ret' 'ret_ln68' <Predicate = true> <Delay = 0.00>


============================================================
+ Verbose Summary: Timing violations
============================================================
Target clock period: 5.000ns, clock uncertainty: 0.625ns.

 <State 1>: 4.170ns
The critical path consists of the following:
	wire read operation ('data_0_val_read', firmware/nnet_utils/nnet_mult.h:70->firmware/nnet_utils/nnet_dense_latency.h:42) on port 'data_0_val' (firmware/nnet_utils/nnet_mult.h:70->firmware/nnet_utils/nnet_dense_latency.h:42) [10]  (0.000 ns)
	'mul' operation 15 bit ('mul_ln73', firmware/nnet_utils/nnet_mult.h:73->firmware/nnet_utils/nnet_dense_latency.h:42) [24]  (4.170 ns)

 <State 2>: 3.786ns
The critical path consists of the following:
	'add' operation 12 bit ('add_ln58_4', firmware/nnet_utils/nnet_dense_latency.h:58) [77]  (0.000 ns)
	'add' operation 12 bit ('add_ln58_5', firmware/nnet_utils/nnet_dense_latency.h:58) [78]  (3.786 ns)

 <State 3>: 3.815ns
The critical path consists of the following:
	'add' operation 13 bit ('add_ln58_17', firmware/nnet_utils/nnet_dense_latency.h:58) [100]  (0.000 ns)
	'add' operation 13 bit ('add_ln58_18', firmware/nnet_utils/nnet_dense_latency.h:58) [101]  (3.815 ns)


============================================================
+ Verbose Summary: Binding
============================================================
N/A
* FSMD analyzer results:
  - Output states:
 - Input state : 
  - Chain level:
	State 1
	State 2
	State 3


============================================================
+ Verbose Summary: Datapath Resource usage 
============================================================
N/A
