WARN: Unable to import optimizer(s) from expr_templates.py: No module named 'sympy'
WARNING: Failed to import handlers from convolution.py: No module named 'torch'.
WARNING: Failed to import handlers from core.py: No module named 'torch'.
WARNING: Failed to import handlers from merge.py: No module named 'torch'.
WARNING: Failed to import handlers from pooling.py: No module named 'torch'.
WARNING: Failed to import handlers from reshape.py: No module named 'torch'.
Total time: 3950.187600374222
Time per execution: 79.00375218868255
Time per epoch: 3.1601500915527345
Total time: 5082.325400114059
Time per execution: 101.64650808811187
Time per epoch: 4.0658603258132935
Total time: 3990.92569732666
Time per execution: 79.81851403713226
Time per epoch: 3.1927405639648434
Total time: 5010.357049465179
Time per execution: 100.20714106082916
Time per epoch: 4.008285645103455
Total time: 5101.883918046951
Time per execution: 102.03767847061157
Time per epoch: 4.081507141304017
Total time: 5004.088356733322
Time per execution: 100.08176721572876
Time per epoch: 4.003270690917969
Total time: 28321.653626918793
