

================================================================
== Vitis HLS Report for 'dense_latency_ap_fixed_16_6_5_3_0_ap_fixed_16_6_5_3_0_config12_s'
================================================================
* Date:           Tue Mar  3 12:18:49 2026

* Version:        2024.1 (Build 5069499 on May 21 2024)
* Project:        myproject_prj
* Solution:       solution1 (Vivado IP Flow Target)
* Product family: zynq
* Target device:  xc7z020-clg400-1


================================================================
== Performance Estimates
================================================================
+ Timing: 
    * Summary: 
    +--------+---------+----------+------------+
    |  Clock |  Target | Estimated| Uncertainty|
    +--------+---------+----------+------------+
    |ap_clk  |  5.00 ns|  3.903 ns|     0.62 ns|
    +--------+---------+----------+------------+

+ Latency: 
    * Summary: 
    +---------+---------+-----------+-----------+-----+-----+---------+
    |  Latency (cycles) |   Latency (absolute)  |  Interval | Pipeline|
    |   min   |   max   |    min    |    max    | min | max |   Type  |
    +---------+---------+-----------+-----------+-----+-----+---------+
    |        4|        4|  20.000 ns|  20.000 ns|    1|    1|      yes|
    +---------+---------+-----------+-----------+-----+-----+---------+

    + Detail: 
        * Instance: 
        N/A

        * Loop: 
        N/A



================================================================
== Utilization Estimates
================================================================
* Summary: 
+-----------------+---------+-----+--------+-------+-----+
|       Name      | BRAM_18K| DSP |   FF   |  LUT  | URAM|
+-----------------+---------+-----+--------+-------+-----+
|DSP              |        -|    -|       -|      -|    -|
|Expression       |        -|    -|       0|    133|    -|
|FIFO             |        -|    -|       -|      -|    -|
|Instance         |        -|    7|     469|     14|    -|
|Memory           |        -|    -|       -|      -|    -|
|Multiplexer      |        -|    -|       0|     14|    -|
|Register         |        -|    -|     369|      -|    -|
+-----------------+---------+-----+--------+-------+-----+
|Total            |        0|    7|     838|    161|    0|
+-----------------+---------+-----+--------+-------+-----+
|Available        |      280|  220|  106400|  53200|    0|
+-----------------+---------+-----+--------+-------+-----+
|Utilization (%)  |        0|    3|      ~0|     ~0|    0|
+-----------------+---------+-----+--------+-------+-----+

+ Detail: 
    * Instance: 
    +--------------------------+---------------------+---------+----+----+----+-----+
    |         Instance         |        Module       | BRAM_18K| DSP| FF | LUT| URAM|
    +--------------------------+---------------------+---------+----+----+----+-----+
    |mul_16s_10ns_26_2_0_U115  |mul_16s_10ns_26_2_0  |        0|   1|  67|   2|    0|
    |mul_16s_12s_26_2_0_U116   |mul_16s_12s_26_2_0   |        0|   1|  67|   2|    0|
    |mul_16s_13ns_26_2_0_U112  |mul_16s_13ns_26_2_0  |        0|   1|  67|   2|    0|
    |mul_16s_13ns_26_2_0_U113  |mul_16s_13ns_26_2_0  |        0|   1|  67|   2|    0|
    |mul_16s_13s_26_2_0_U117   |mul_16s_13s_26_2_0   |        0|   1|  67|   2|    0|
    |mul_16s_14ns_26_2_0_U114  |mul_16s_14ns_26_2_0  |        0|   1|  67|   2|    0|
    |mul_16s_14s_26_2_0_U118   |mul_16s_14s_26_2_0   |        0|   1|  67|   2|    0|
    +--------------------------+---------------------+---------+----+----+----+-----+
    |Total                     |                     |        0|   7| 469|  14|    0|
    +--------------------------+---------------------+---------+----+----+----+-----+

    * DSP: 
    N/A

    * Memory: 
    N/A

    * FIFO: 
    N/A

    * Expression: 
    +-----------------------+----------+----+---+----+------------+------------+
    |     Variable Name     | Operation| DSP| FF| LUT| Bitwidth P0| Bitwidth P1|
    +-----------------------+----------+----+---+----+------------+------------+
    |add_ln58_28_fu_414_p2  |         +|   0|  0|  23|          16|          16|
    |add_ln58_29_fu_432_p2  |         +|   0|  0|  16|          16|          16|
    |add_ln58_30_fu_423_p2  |         +|   0|  0|  16|          16|          16|
    |add_ln58_31_fu_418_p2  |         +|   0|  0|  23|          16|          10|
    |add_ln58_32_fu_427_p2  |         +|   0|  0|  16|          16|          16|
    |add_ln58_33_fu_436_p2  |         +|   0|  0|  16|          16|          16|
    |add_ln58_fu_410_p2     |         +|   0|  0|  23|          16|          16|
    +-----------------------+----------+----+---+----+------------+------------+
    |Total                  |          |   0|  0| 133|         112|         106|
    +-----------------------+----------+----+---+----+------------+------------+

    * Multiplexer: 
    +-----------+----+-----------+-----+-----------+
    |    Name   | LUT| Input Size| Bits| Total Bits|
    +-----------+----+-----------+-----+-----------+
    |ap_return  |  14|          3|   16|         48|
    +-----------+----+-----------+-----+-----------+
    |Total      |  14|          3|   16|         48|
    +-----------+----+-----------+-----+-----------+

    * Register: 
    +-----------------------------------+----+----+-----+-----------+
    |                Name               | FF | LUT| Bits| Const Bits|
    +-----------------------------------+----+----+-----+-----------+
    |add_ln58_28_reg_526                |  16|   0|   16|          0|
    |add_ln58_28_reg_526_pp0_iter3_reg  |  16|   0|   16|          0|
    |add_ln58_31_reg_531                |  16|   0|   16|          0|
    |add_ln58_32_reg_536                |  16|   0|   16|          0|
    |add_ln58_reg_521                   |  16|   0|   16|          0|
    |add_ln58_reg_521_pp0_iter3_reg     |  16|   0|   16|          0|
    |ap_ce_reg                          |   1|   0|    1|          0|
    |ap_return_int_reg                  |  16|   0|   16|          0|
    |data_0_val_int_reg                 |  16|   0|   16|          0|
    |data_1_val_int_reg                 |  16|   0|   16|          0|
    |data_2_val_int_reg                 |  16|   0|   16|          0|
    |data_3_val_int_reg                 |  16|   0|   16|          0|
    |data_4_val_int_reg                 |  16|   0|   16|          0|
    |data_4_val_read_reg_446            |  16|   0|   16|          0|
    |data_5_val_int_reg                 |  16|   0|   16|          0|
    |data_5_val_read_reg_441            |  16|   0|   16|          0|
    |data_6_val_int_reg                 |  16|   0|   16|          0|
    |trunc_ln42_27_reg_486              |  16|   0|   16|          0|
    |trunc_ln42_28_reg_491              |  16|   0|   16|          0|
    |trunc_ln42_29_reg_511              |  16|   0|   16|          0|
    |trunc_ln42_30_reg_516              |  16|   0|   16|          0|
    |trunc_ln42_31_reg_506              |  16|   0|   16|          0|
    |trunc_ln42_s_reg_481               |  16|   0|   16|          0|
    |trunc_ln_reg_476                   |  16|   0|   16|          0|
    +-----------------------------------+----+----+-----+-----------+
    |Total                              | 369|   0|  369|          0|
    +-----------------------------------+----+----+-----+-----------+



================================================================
== Interface
================================================================
* Summary: 
+------------+-----+-----+------------+-----------------------------------------------------------------------------+--------------+
|  RTL Ports | Dir | Bits|  Protocol  |                                Source Object                                |    C Type    |
+------------+-----+-----+------------+-----------------------------------------------------------------------------+--------------+
|ap_clk      |   in|    1|  ap_ctrl_hs|  dense_latency<ap_fixed<16, 6, 5, 3, 0>, ap_fixed<16, 6, 5, 3, 0>, config12>|  return value|
|ap_rst      |   in|    1|  ap_ctrl_hs|  dense_latency<ap_fixed<16, 6, 5, 3, 0>, ap_fixed<16, 6, 5, 3, 0>, config12>|  return value|
|ap_return   |  out|   16|  ap_ctrl_hs|  dense_latency<ap_fixed<16, 6, 5, 3, 0>, ap_fixed<16, 6, 5, 3, 0>, config12>|  return value|
|ap_ce       |   in|    1|  ap_ctrl_hs|  dense_latency<ap_fixed<16, 6, 5, 3, 0>, ap_fixed<16, 6, 5, 3, 0>, config12>|  return value|
|data_0_val  |   in|   16|     ap_none|                                                                   data_0_val|        scalar|
|data_1_val  |   in|   16|     ap_none|                                                                   data_1_val|        scalar|
|data_2_val  |   in|   16|     ap_none|                                                                   data_2_val|        scalar|
|data_3_val  |   in|   16|     ap_none|                                                                   data_3_val|        scalar|
|data_4_val  |   in|   16|     ap_none|                                                                   data_4_val|        scalar|
|data_5_val  |   in|   16|     ap_none|                                                                   data_5_val|        scalar|
|data_6_val  |   in|   16|     ap_none|                                                                   data_6_val|        scalar|
+------------+-----+-----+------------+-----------------------------------------------------------------------------+--------------+

