Analyzing synthesis results in: /home/youeric/PixelML/SmartpixReal/Muon_Collider_Smart_Pixels/eric/Model1_quantized_4w0i_pareto_roc_selected/hls_outputs

✓ CSV saved to: /home/youeric/PixelML/SmartpixReal/Muon_Collider_Smart_Pixels/eric/Model1_quantized_4w0i_pareto_roc_selected/resource_utilization.csv

================================================================================
HLS SYNTHESIS ANALYSIS SUMMARY
================================================================================

Total models: 20
Successful: 20
Failed: 0

--------------------------------------------------------------------------------
MODEL ACCURACY STATISTICS
--------------------------------------------------------------------------------

--------------------------------------------------------------------------------
RESOURCE UTILIZATION STATISTICS
--------------------------------------------------------------------------------

LUTs:
  Min: 360
  Max: 6986
  Mean: 2006
  Median: 1312
  Utilization: 0.68% - 13.13%

Registers (Flip-Flops):
  Min: 374
  Max: 7975
  Mean: 2124
  Median: 1339
  Utilization: 0.35% - 7.50%

Estimated Fmax (MHz):
  Min: 231.54
  Max: 238.27
  Mean: 235.12

--------------------------------------------------------------------------------
TOP MODELS
--------------------------------------------------------------------------------

Smallest (by LUT count):
     model_name val_accuracy  luts_used  registers_used
model_trial_428         None        360             374
model_trial_430         None        460             446
model_trial_427         None        518             538
model_trial_438         None        574             572
model_trial_422         None        680             682

Fastest (by Estimated Fmax):
     model_name  estimated_fmax  luts_used
model_trial_442          238.27       4036
model_trial_426          235.68       1012
model_trial_422          235.68        680
model_trial_428          235.68        360
model_trial_427          235.68        518

✓ Plot saved to: /home/youeric/PixelML/SmartpixReal/Muon_Collider_Smart_Pixels/eric/Model1_quantized_4w0i_pareto_roc_selected/resource_utilization.png

================================================================================
ANALYSIS COMPLETE
================================================================================

Outputs:
  - CSV: /home/youeric/PixelML/SmartpixReal/Muon_Collider_Smart_Pixels/eric/Model1_quantized_4w0i_pareto_roc_selected/resource_utilization.csv
  - Plot: /home/youeric/PixelML/SmartpixReal/Muon_Collider_Smart_Pixels/eric/Model1_quantized_4w0i_pareto_roc_selected/resource_utilization.png
================================================================================
