Analyzing synthesis results in: /home/youeric/PixelML/SmartpixReal/Muon_Collider_Smart_Pixels/eric/Model1_quantized_6w0i_pareto_roc_selected/hls_outputs

✓ CSV saved to: /home/youeric/PixelML/SmartpixReal/Muon_Collider_Smart_Pixels/eric/Model1_quantized_6w0i_pareto_roc_selected/resource_utilization.csv

================================================================================
HLS SYNTHESIS ANALYSIS SUMMARY
================================================================================

Total models: 25
Successful: 25
Failed: 0

--------------------------------------------------------------------------------
MODEL ACCURACY STATISTICS
--------------------------------------------------------------------------------

--------------------------------------------------------------------------------
RESOURCE UTILIZATION STATISTICS
--------------------------------------------------------------------------------

LUTs:
  Min: 465
  Max: 9827
  Mean: 2981
  Median: 2066
  Utilization: 0.87% - 18.47%

Registers (Flip-Flops):
  Min: 538
  Max: 10326
  Mean: 3107
  Median: 2134
  Utilization: 0.51% - 9.70%

DSP:
  Min: 0
  Max: 9
  Mean: 3

Estimated Fmax (MHz):
  Min: 232.43
  Max: 238.27
  Mean: 234.45

--------------------------------------------------------------------------------
TOP MODELS
--------------------------------------------------------------------------------

Smallest (by LUT count):
     model_name val_accuracy  luts_used  registers_used
model_trial_628         None        465             564
model_trial_632         None        558             538
model_trial_643         None        647             755
model_trial_652         None        663             632
model_trial_631         None        823             786

Fastest (by Estimated Fmax):
     model_name  estimated_fmax  luts_used
model_trial_636          238.27       1151
model_trial_647          238.27       4600
model_trial_622          238.27        849
model_trial_626          238.27       1485
model_trial_629          238.27       3236

✓ Plot saved to: /home/youeric/PixelML/SmartpixReal/Muon_Collider_Smart_Pixels/eric/Model1_quantized_6w0i_pareto_roc_selected/resource_utilization.png

================================================================================
ANALYSIS COMPLETE
================================================================================

Outputs:
  - CSV: /home/youeric/PixelML/SmartpixReal/Muon_Collider_Smart_Pixels/eric/Model1_quantized_6w0i_pareto_roc_selected/resource_utilization.csv
  - Plot: /home/youeric/PixelML/SmartpixReal/Muon_Collider_Smart_Pixels/eric/Model1_quantized_6w0i_pareto_roc_selected/resource_utilization.png
================================================================================
