

================================================================
== Vitis HLS Report for 'concatenate1d_ap_fixed_ap_fixed_ap_fixed_16_6_5_3_0_config3_s'
================================================================
* Date:           Mon Feb 23 22:02:34 2026

* Version:        2024.1 (Build 5069499 on May 21 2024)
* Project:        myproject_prj
* Solution:       solution1 (Vivado IP Flow Target)
* Product family: zynq
* Target device:  xc7z020-clg400-1


================================================================
== Performance Estimates
================================================================
+ Timing: 
    * Summary: 
    +--------+---------+----------+------------+
    |  Clock |  Target | Estimated| Uncertainty|
    +--------+---------+----------+------------+
    |ap_clk  |  5.00 ns|      0 ns|     0.62 ns|
    +--------+---------+----------+------------+

+ Latency: 
    * Summary: 
    +---------+---------+----------+----------+-----+-----+---------+
    |  Latency (cycles) |  Latency (absolute) |  Interval | Pipeline|
    |   min   |   max   |    min   |    max   | min | max |   Type  |
    +---------+---------+----------+----------+-----+-----+---------+
    |        0|        0|      0 ns|      0 ns|    1|    1|      yes|
    +---------+---------+----------+----------+-----+-----+---------+

    + Detail: 
        * Instance: 
        N/A

        * Loop: 
        N/A



================================================================
== Utilization Estimates
================================================================
* Summary: 
+-----------------+---------+-----+--------+-------+-----+
|       Name      | BRAM_18K| DSP |   FF   |  LUT  | URAM|
+-----------------+---------+-----+--------+-------+-----+
|DSP              |        -|    -|       -|      -|    -|
|Expression       |        -|    -|       -|      -|    -|
|FIFO             |        -|    -|       -|      -|    -|
|Instance         |        -|    -|       -|      -|    -|
|Memory           |        -|    -|       -|      -|    -|
|Multiplexer      |        -|    -|       -|      -|    -|
|Register         |        -|    -|       -|      -|    -|
+-----------------+---------+-----+--------+-------+-----+
|Total            |        0|    0|       0|      0|    0|
+-----------------+---------+-----+--------+-------+-----+
|Available        |      280|  220|  106400|  53200|    0|
+-----------------+---------+-----+--------+-------+-----+
|Utilization (%)  |        0|    0|       0|      0|    0|
+-----------------+---------+-----+--------+-------+-----+

+ Detail: 
    * Instance: 
    N/A

    * DSP: 
    N/A

    * Memory: 
    N/A

    * FIFO: 
    N/A

    * Expression: 
    N/A

    * Multiplexer: 
    N/A

    * Register: 
    N/A



================================================================
== Interface
================================================================
* Summary: 
+--------------+-----+-----+------------+---------------------------------------------------------------+--------------+
|   RTL Ports  | Dir | Bits|  Protocol  |                         Source Object                         |    C Type    |
+--------------+-----+-----+------------+---------------------------------------------------------------+--------------+
|ap_ready      |  out|    1|  ap_ctrl_hs|  concatenate1d<ap_fixed,ap_fixed,ap_fixed<16,6,5,3,0>,config3>|  return value|
|ap_return_0   |  out|   16|  ap_ctrl_hs|  concatenate1d<ap_fixed,ap_fixed,ap_fixed<16,6,5,3,0>,config3>|  return value|
|ap_return_1   |  out|   16|  ap_ctrl_hs|  concatenate1d<ap_fixed,ap_fixed,ap_fixed<16,6,5,3,0>,config3>|  return value|
|ap_return_2   |  out|   16|  ap_ctrl_hs|  concatenate1d<ap_fixed,ap_fixed,ap_fixed<16,6,5,3,0>,config3>|  return value|
|ap_return_3   |  out|   16|  ap_ctrl_hs|  concatenate1d<ap_fixed,ap_fixed,ap_fixed<16,6,5,3,0>,config3>|  return value|
|ap_return_4   |  out|   16|  ap_ctrl_hs|  concatenate1d<ap_fixed,ap_fixed,ap_fixed<16,6,5,3,0>,config3>|  return value|
|ap_return_5   |  out|   16|  ap_ctrl_hs|  concatenate1d<ap_fixed,ap_fixed,ap_fixed<16,6,5,3,0>,config3>|  return value|
|ap_return_6   |  out|   16|  ap_ctrl_hs|  concatenate1d<ap_fixed,ap_fixed,ap_fixed<16,6,5,3,0>,config3>|  return value|
|ap_return_7   |  out|   16|  ap_ctrl_hs|  concatenate1d<ap_fixed,ap_fixed,ap_fixed<16,6,5,3,0>,config3>|  return value|
|ap_return_8   |  out|   16|  ap_ctrl_hs|  concatenate1d<ap_fixed,ap_fixed,ap_fixed<16,6,5,3,0>,config3>|  return value|
|ap_return_9   |  out|   16|  ap_ctrl_hs|  concatenate1d<ap_fixed,ap_fixed,ap_fixed<16,6,5,3,0>,config3>|  return value|
|ap_return_10  |  out|   16|  ap_ctrl_hs|  concatenate1d<ap_fixed,ap_fixed,ap_fixed<16,6,5,3,0>,config3>|  return value|
|ap_return_11  |  out|   16|  ap_ctrl_hs|  concatenate1d<ap_fixed,ap_fixed,ap_fixed<16,6,5,3,0>,config3>|  return value|
|ap_return_12  |  out|   16|  ap_ctrl_hs|  concatenate1d<ap_fixed,ap_fixed,ap_fixed<16,6,5,3,0>,config3>|  return value|
|ap_return_13  |  out|   16|  ap_ctrl_hs|  concatenate1d<ap_fixed,ap_fixed,ap_fixed<16,6,5,3,0>,config3>|  return value|
|ap_return_14  |  out|   16|  ap_ctrl_hs|  concatenate1d<ap_fixed,ap_fixed,ap_fixed<16,6,5,3,0>,config3>|  return value|
|ap_return_15  |  out|   16|  ap_ctrl_hs|  concatenate1d<ap_fixed,ap_fixed,ap_fixed<16,6,5,3,0>,config3>|  return value|
|ap_return_16  |  out|   16|  ap_ctrl_hs|  concatenate1d<ap_fixed,ap_fixed,ap_fixed<16,6,5,3,0>,config3>|  return value|
|ap_return_17  |  out|   16|  ap_ctrl_hs|  concatenate1d<ap_fixed,ap_fixed,ap_fixed<16,6,5,3,0>,config3>|  return value|
|ap_return_18  |  out|   16|  ap_ctrl_hs|  concatenate1d<ap_fixed,ap_fixed,ap_fixed<16,6,5,3,0>,config3>|  return value|
|ap_return_19  |  out|   16|  ap_ctrl_hs|  concatenate1d<ap_fixed,ap_fixed,ap_fixed<16,6,5,3,0>,config3>|  return value|
|ap_return_20  |  out|   16|  ap_ctrl_hs|  concatenate1d<ap_fixed,ap_fixed,ap_fixed<16,6,5,3,0>,config3>|  return value|
|ap_return_21  |  out|   16|  ap_ctrl_hs|  concatenate1d<ap_fixed,ap_fixed,ap_fixed<16,6,5,3,0>,config3>|  return value|
|ap_return_22  |  out|   16|  ap_ctrl_hs|  concatenate1d<ap_fixed,ap_fixed,ap_fixed<16,6,5,3,0>,config3>|  return value|
|ap_return_23  |  out|   16|  ap_ctrl_hs|  concatenate1d<ap_fixed,ap_fixed,ap_fixed<16,6,5,3,0>,config3>|  return value|
|ap_return_24  |  out|   16|  ap_ctrl_hs|  concatenate1d<ap_fixed,ap_fixed,ap_fixed<16,6,5,3,0>,config3>|  return value|
|ap_return_25  |  out|   16|  ap_ctrl_hs|  concatenate1d<ap_fixed,ap_fixed,ap_fixed<16,6,5,3,0>,config3>|  return value|
|ap_return_26  |  out|   16|  ap_ctrl_hs|  concatenate1d<ap_fixed,ap_fixed,ap_fixed<16,6,5,3,0>,config3>|  return value|
|ap_return_27  |  out|   16|  ap_ctrl_hs|  concatenate1d<ap_fixed,ap_fixed,ap_fixed<16,6,5,3,0>,config3>|  return value|
|ap_return_28  |  out|   16|  ap_ctrl_hs|  concatenate1d<ap_fixed,ap_fixed,ap_fixed<16,6,5,3,0>,config3>|  return value|
|ap_return_29  |  out|   16|  ap_ctrl_hs|  concatenate1d<ap_fixed,ap_fixed,ap_fixed<16,6,5,3,0>,config3>|  return value|
|ap_return_30  |  out|   16|  ap_ctrl_hs|  concatenate1d<ap_fixed,ap_fixed,ap_fixed<16,6,5,3,0>,config3>|  return value|
|ap_return_31  |  out|   16|  ap_ctrl_hs|  concatenate1d<ap_fixed,ap_fixed,ap_fixed<16,6,5,3,0>,config3>|  return value|
|ap_return_32  |  out|   16|  ap_ctrl_hs|  concatenate1d<ap_fixed,ap_fixed,ap_fixed<16,6,5,3,0>,config3>|  return value|
|ap_return_33  |  out|   16|  ap_ctrl_hs|  concatenate1d<ap_fixed,ap_fixed,ap_fixed<16,6,5,3,0>,config3>|  return value|
|ap_rst        |   in|    1|  ap_ctrl_hs|  concatenate1d<ap_fixed,ap_fixed,ap_fixed<16,6,5,3,0>,config3>|  return value|
|data1_val     |   in|  336|     ap_none|                                                      data1_val|        scalar|
|data2_val     |   in|  208|     ap_none|                                                      data2_val|        scalar|
+--------------+-----+-----+------------+---------------------------------------------------------------+--------------+

============================================================
+ Verbose Summary: Synthesis Manager
============================================================
InlineROM: 1
ExposeGlobal: 0
============================================================
+ Verbose Summary: CDFG Model
============================================================
IsTopModel: 0
ResetActiveHigh: 1
IsCombinational: 1
IsDatapathOnly: 2
HasWiredReturn: 1
HasMFsm: 2
HasVarLatency: 0
IsPipeline: 1
IsRtlPipelined: 0
IsInstanceOverlapped: 0
IsDontTouch: 0
HasImplIP: 0
IsGatedGlobalClock: 0

+ Individual pipeline summary: 
  * Pipeline-0: initiation interval (II) = 1, depth = 1


============================================================
+ Verbose Summary: Schedule
============================================================
* Number of FSM states : 1
* Pipeline : 1
  Pipeline-0 : II = 1, D = 1, States = { 1 }
* Dataflow Pipeline: 0

* FSM state transitions: 
1 --> 

* FSM state operations: 

State 1 <SV = 0> <Delay = 0.00>
ST_1 : Operation 2 [1/1] (0.00ns)   --->   "%specpipeline_ln120 = specpipeline void @_ssdm_op_SpecPipeline, i32 4294967295, i32 0, i32 0, i32 0, void @empty_0" [firmware/nnet_utils/nnet_merge.h:120]   --->   Operation 2 'specpipeline' 'specpipeline_ln120' <Predicate = true> <Delay = 0.00>
ST_1 : Operation 3 [1/1] (0.00ns)   --->   "%data2_val_read = read i208 @_ssdm_op_Read.ap_auto.i208, i208 %data2_val" [firmware/nnet_utils/nnet_merge.h:120]   --->   Operation 3 'read' 'data2_val_read' <Predicate = true> <Delay = 0.00>
ST_1 : Operation 4 [1/1] (0.00ns)   --->   "%data1_val_read = read i336 @_ssdm_op_Read.ap_auto.i336, i336 %data1_val" [firmware/nnet_utils/nnet_merge.h:120]   --->   Operation 4 'read' 'data1_val_read' <Predicate = true> <Delay = 0.00>
ST_1 : Operation 5 [1/1] (0.00ns)   --->   "%trunc_ln120 = trunc i336 %data1_val_read" [firmware/nnet_utils/nnet_merge.h:120]   --->   Operation 5 'trunc' 'trunc_ln120' <Predicate = true> <Delay = 0.00>
ST_1 : Operation 6 [1/1] (0.00ns)   --->   "%res_s = partselect i16 @_ssdm_op_PartSelect.i16.i336.i32.i32, i336 %data1_val_read, i32 16, i32 31" [firmware/nnet_utils/nnet_merge.h:120]   --->   Operation 6 'partselect' 'res_s' <Predicate = true> <Delay = 0.00>
ST_1 : Operation 7 [1/1] (0.00ns)   --->   "%res_1 = partselect i16 @_ssdm_op_PartSelect.i16.i336.i32.i32, i336 %data1_val_read, i32 32, i32 47" [firmware/nnet_utils/nnet_merge.h:120]   --->   Operation 7 'partselect' 'res_1' <Predicate = true> <Delay = 0.00>
ST_1 : Operation 8 [1/1] (0.00ns)   --->   "%res_2 = partselect i16 @_ssdm_op_PartSelect.i16.i336.i32.i32, i336 %data1_val_read, i32 48, i32 63" [firmware/nnet_utils/nnet_merge.h:120]   --->   Operation 8 'partselect' 'res_2' <Predicate = true> <Delay = 0.00>
ST_1 : Operation 9 [1/1] (0.00ns)   --->   "%res_3 = partselect i16 @_ssdm_op_PartSelect.i16.i336.i32.i32, i336 %data1_val_read, i32 64, i32 79" [firmware/nnet_utils/nnet_merge.h:120]   --->   Operation 9 'partselect' 'res_3' <Predicate = true> <Delay = 0.00>
ST_1 : Operation 10 [1/1] (0.00ns)   --->   "%res_4 = partselect i16 @_ssdm_op_PartSelect.i16.i336.i32.i32, i336 %data1_val_read, i32 80, i32 95" [firmware/nnet_utils/nnet_merge.h:120]   --->   Operation 10 'partselect' 'res_4' <Predicate = true> <Delay = 0.00>
ST_1 : Operation 11 [1/1] (0.00ns)   --->   "%res_5 = partselect i16 @_ssdm_op_PartSelect.i16.i336.i32.i32, i336 %data1_val_read, i32 96, i32 111" [firmware/nnet_utils/nnet_merge.h:120]   --->   Operation 11 'partselect' 'res_5' <Predicate = true> <Delay = 0.00>
ST_1 : Operation 12 [1/1] (0.00ns)   --->   "%res_6 = partselect i16 @_ssdm_op_PartSelect.i16.i336.i32.i32, i336 %data1_val_read, i32 112, i32 127" [firmware/nnet_utils/nnet_merge.h:120]   --->   Operation 12 'partselect' 'res_6' <Predicate = true> <Delay = 0.00>
ST_1 : Operation 13 [1/1] (0.00ns)   --->   "%res_7 = partselect i16 @_ssdm_op_PartSelect.i16.i336.i32.i32, i336 %data1_val_read, i32 128, i32 143" [firmware/nnet_utils/nnet_merge.h:120]   --->   Operation 13 'partselect' 'res_7' <Predicate = true> <Delay = 0.00>
ST_1 : Operation 14 [1/1] (0.00ns)   --->   "%res_8 = partselect i16 @_ssdm_op_PartSelect.i16.i336.i32.i32, i336 %data1_val_read, i32 144, i32 159" [firmware/nnet_utils/nnet_merge.h:120]   --->   Operation 14 'partselect' 'res_8' <Predicate = true> <Delay = 0.00>
ST_1 : Operation 15 [1/1] (0.00ns)   --->   "%res_9 = partselect i16 @_ssdm_op_PartSelect.i16.i336.i32.i32, i336 %data1_val_read, i32 160, i32 175" [firmware/nnet_utils/nnet_merge.h:120]   --->   Operation 15 'partselect' 'res_9' <Predicate = true> <Delay = 0.00>
ST_1 : Operation 16 [1/1] (0.00ns)   --->   "%res_10 = partselect i16 @_ssdm_op_PartSelect.i16.i336.i32.i32, i336 %data1_val_read, i32 176, i32 191" [firmware/nnet_utils/nnet_merge.h:120]   --->   Operation 16 'partselect' 'res_10' <Predicate = true> <Delay = 0.00>
ST_1 : Operation 17 [1/1] (0.00ns)   --->   "%res_11 = partselect i16 @_ssdm_op_PartSelect.i16.i336.i32.i32, i336 %data1_val_read, i32 192, i32 207" [firmware/nnet_utils/nnet_merge.h:120]   --->   Operation 17 'partselect' 'res_11' <Predicate = true> <Delay = 0.00>
ST_1 : Operation 18 [1/1] (0.00ns)   --->   "%res_12 = partselect i16 @_ssdm_op_PartSelect.i16.i336.i32.i32, i336 %data1_val_read, i32 208, i32 223" [firmware/nnet_utils/nnet_merge.h:120]   --->   Operation 18 'partselect' 'res_12' <Predicate = true> <Delay = 0.00>
ST_1 : Operation 19 [1/1] (0.00ns)   --->   "%res_13 = partselect i16 @_ssdm_op_PartSelect.i16.i336.i32.i32, i336 %data1_val_read, i32 224, i32 239" [firmware/nnet_utils/nnet_merge.h:120]   --->   Operation 19 'partselect' 'res_13' <Predicate = true> <Delay = 0.00>
ST_1 : Operation 20 [1/1] (0.00ns)   --->   "%res_14 = partselect i16 @_ssdm_op_PartSelect.i16.i336.i32.i32, i336 %data1_val_read, i32 240, i32 255" [firmware/nnet_utils/nnet_merge.h:120]   --->   Operation 20 'partselect' 'res_14' <Predicate = true> <Delay = 0.00>
ST_1 : Operation 21 [1/1] (0.00ns)   --->   "%res_15 = partselect i16 @_ssdm_op_PartSelect.i16.i336.i32.i32, i336 %data1_val_read, i32 256, i32 271" [firmware/nnet_utils/nnet_merge.h:120]   --->   Operation 21 'partselect' 'res_15' <Predicate = true> <Delay = 0.00>
ST_1 : Operation 22 [1/1] (0.00ns)   --->   "%res_16 = partselect i16 @_ssdm_op_PartSelect.i16.i336.i32.i32, i336 %data1_val_read, i32 272, i32 287" [firmware/nnet_utils/nnet_merge.h:120]   --->   Operation 22 'partselect' 'res_16' <Predicate = true> <Delay = 0.00>
ST_1 : Operation 23 [1/1] (0.00ns)   --->   "%res_17 = partselect i16 @_ssdm_op_PartSelect.i16.i336.i32.i32, i336 %data1_val_read, i32 288, i32 303" [firmware/nnet_utils/nnet_merge.h:120]   --->   Operation 23 'partselect' 'res_17' <Predicate = true> <Delay = 0.00>
ST_1 : Operation 24 [1/1] (0.00ns)   --->   "%res_18 = partselect i16 @_ssdm_op_PartSelect.i16.i336.i32.i32, i336 %data1_val_read, i32 304, i32 319" [firmware/nnet_utils/nnet_merge.h:120]   --->   Operation 24 'partselect' 'res_18' <Predicate = true> <Delay = 0.00>
ST_1 : Operation 25 [1/1] (0.00ns)   --->   "%res_19 = partselect i16 @_ssdm_op_PartSelect.i16.i336.i32.i32, i336 %data1_val_read, i32 320, i32 335" [firmware/nnet_utils/nnet_merge.h:120]   --->   Operation 25 'partselect' 'res_19' <Predicate = true> <Delay = 0.00>
ST_1 : Operation 26 [1/1] (0.00ns)   --->   "%trunc_ln123 = trunc i208 %data2_val_read" [firmware/nnet_utils/nnet_merge.h:123]   --->   Operation 26 'trunc' 'trunc_ln123' <Predicate = true> <Delay = 0.00>
ST_1 : Operation 27 [1/1] (0.00ns)   --->   "%res_20 = partselect i16 @_ssdm_op_PartSelect.i16.i208.i32.i32, i208 %data2_val_read, i32 16, i32 31" [firmware/nnet_utils/nnet_merge.h:123]   --->   Operation 27 'partselect' 'res_20' <Predicate = true> <Delay = 0.00>
ST_1 : Operation 28 [1/1] (0.00ns)   --->   "%res_21 = partselect i16 @_ssdm_op_PartSelect.i16.i208.i32.i32, i208 %data2_val_read, i32 32, i32 47" [firmware/nnet_utils/nnet_merge.h:123]   --->   Operation 28 'partselect' 'res_21' <Predicate = true> <Delay = 0.00>
ST_1 : Operation 29 [1/1] (0.00ns)   --->   "%res_22 = partselect i16 @_ssdm_op_PartSelect.i16.i208.i32.i32, i208 %data2_val_read, i32 48, i32 63" [firmware/nnet_utils/nnet_merge.h:123]   --->   Operation 29 'partselect' 'res_22' <Predicate = true> <Delay = 0.00>
ST_1 : Operation 30 [1/1] (0.00ns)   --->   "%res_23 = partselect i16 @_ssdm_op_PartSelect.i16.i208.i32.i32, i208 %data2_val_read, i32 64, i32 79" [firmware/nnet_utils/nnet_merge.h:123]   --->   Operation 30 'partselect' 'res_23' <Predicate = true> <Delay = 0.00>
ST_1 : Operation 31 [1/1] (0.00ns)   --->   "%res_24 = partselect i16 @_ssdm_op_PartSelect.i16.i208.i32.i32, i208 %data2_val_read, i32 80, i32 95" [firmware/nnet_utils/nnet_merge.h:123]   --->   Operation 31 'partselect' 'res_24' <Predicate = true> <Delay = 0.00>
ST_1 : Operation 32 [1/1] (0.00ns)   --->   "%res_25 = partselect i16 @_ssdm_op_PartSelect.i16.i208.i32.i32, i208 %data2_val_read, i32 96, i32 111" [firmware/nnet_utils/nnet_merge.h:123]   --->   Operation 32 'partselect' 'res_25' <Predicate = true> <Delay = 0.00>
ST_1 : Operation 33 [1/1] (0.00ns)   --->   "%res_26 = partselect i16 @_ssdm_op_PartSelect.i16.i208.i32.i32, i208 %data2_val_read, i32 112, i32 127" [firmware/nnet_utils/nnet_merge.h:123]   --->   Operation 33 'partselect' 'res_26' <Predicate = true> <Delay = 0.00>
ST_1 : Operation 34 [1/1] (0.00ns)   --->   "%res_27 = partselect i16 @_ssdm_op_PartSelect.i16.i208.i32.i32, i208 %data2_val_read, i32 128, i32 143" [firmware/nnet_utils/nnet_merge.h:123]   --->   Operation 34 'partselect' 'res_27' <Predicate = true> <Delay = 0.00>
ST_1 : Operation 35 [1/1] (0.00ns)   --->   "%res_28 = partselect i16 @_ssdm_op_PartSelect.i16.i208.i32.i32, i208 %data2_val_read, i32 144, i32 159" [firmware/nnet_utils/nnet_merge.h:123]   --->   Operation 35 'partselect' 'res_28' <Predicate = true> <Delay = 0.00>
ST_1 : Operation 36 [1/1] (0.00ns)   --->   "%res_29 = partselect i16 @_ssdm_op_PartSelect.i16.i208.i32.i32, i208 %data2_val_read, i32 160, i32 175" [firmware/nnet_utils/nnet_merge.h:123]   --->   Operation 36 'partselect' 'res_29' <Predicate = true> <Delay = 0.00>
ST_1 : Operation 37 [1/1] (0.00ns)   --->   "%res_30 = partselect i16 @_ssdm_op_PartSelect.i16.i208.i32.i32, i208 %data2_val_read, i32 176, i32 191" [firmware/nnet_utils/nnet_merge.h:123]   --->   Operation 37 'partselect' 'res_30' <Predicate = true> <Delay = 0.00>
ST_1 : Operation 38 [1/1] (0.00ns)   --->   "%res_31 = partselect i16 @_ssdm_op_PartSelect.i16.i208.i32.i32, i208 %data2_val_read, i32 192, i32 207" [firmware/nnet_utils/nnet_merge.h:123]   --->   Operation 38 'partselect' 'res_31' <Predicate = true> <Delay = 0.00>
ST_1 : Operation 39 [1/1] (0.00ns)   --->   "%mrv = insertvalue i544 <undef>, i16 %trunc_ln120" [firmware/nnet_utils/nnet_merge.h:125]   --->   Operation 39 'insertvalue' 'mrv' <Predicate = true> <Delay = 0.00>
ST_1 : Operation 40 [1/1] (0.00ns)   --->   "%mrv_1 = insertvalue i544 %mrv, i16 %res_s" [firmware/nnet_utils/nnet_merge.h:125]   --->   Operation 40 'insertvalue' 'mrv_1' <Predicate = true> <Delay = 0.00>
ST_1 : Operation 41 [1/1] (0.00ns)   --->   "%mrv_2 = insertvalue i544 %mrv_1, i16 %res_1" [firmware/nnet_utils/nnet_merge.h:125]   --->   Operation 41 'insertvalue' 'mrv_2' <Predicate = true> <Delay = 0.00>
ST_1 : Operation 42 [1/1] (0.00ns)   --->   "%mrv_3 = insertvalue i544 %mrv_2, i16 %res_2" [firmware/nnet_utils/nnet_merge.h:125]   --->   Operation 42 'insertvalue' 'mrv_3' <Predicate = true> <Delay = 0.00>
ST_1 : Operation 43 [1/1] (0.00ns)   --->   "%mrv_4 = insertvalue i544 %mrv_3, i16 %res_3" [firmware/nnet_utils/nnet_merge.h:125]   --->   Operation 43 'insertvalue' 'mrv_4' <Predicate = true> <Delay = 0.00>
ST_1 : Operation 44 [1/1] (0.00ns)   --->   "%mrv_5 = insertvalue i544 %mrv_4, i16 %res_4" [firmware/nnet_utils/nnet_merge.h:125]   --->   Operation 44 'insertvalue' 'mrv_5' <Predicate = true> <Delay = 0.00>
ST_1 : Operation 45 [1/1] (0.00ns)   --->   "%mrv_6 = insertvalue i544 %mrv_5, i16 %res_5" [firmware/nnet_utils/nnet_merge.h:125]   --->   Operation 45 'insertvalue' 'mrv_6' <Predicate = true> <Delay = 0.00>
ST_1 : Operation 46 [1/1] (0.00ns)   --->   "%mrv_7 = insertvalue i544 %mrv_6, i16 %res_6" [firmware/nnet_utils/nnet_merge.h:125]   --->   Operation 46 'insertvalue' 'mrv_7' <Predicate = true> <Delay = 0.00>
ST_1 : Operation 47 [1/1] (0.00ns)   --->   "%mrv_8 = insertvalue i544 %mrv_7, i16 %res_7" [firmware/nnet_utils/nnet_merge.h:125]   --->   Operation 47 'insertvalue' 'mrv_8' <Predicate = true> <Delay = 0.00>
ST_1 : Operation 48 [1/1] (0.00ns)   --->   "%mrv_9 = insertvalue i544 %mrv_8, i16 %res_8" [firmware/nnet_utils/nnet_merge.h:125]   --->   Operation 48 'insertvalue' 'mrv_9' <Predicate = true> <Delay = 0.00>
ST_1 : Operation 49 [1/1] (0.00ns)   --->   "%mrv_10 = insertvalue i544 %mrv_9, i16 %res_9" [firmware/nnet_utils/nnet_merge.h:125]   --->   Operation 49 'insertvalue' 'mrv_10' <Predicate = true> <Delay = 0.00>
ST_1 : Operation 50 [1/1] (0.00ns)   --->   "%mrv_11 = insertvalue i544 %mrv_10, i16 %res_10" [firmware/nnet_utils/nnet_merge.h:125]   --->   Operation 50 'insertvalue' 'mrv_11' <Predicate = true> <Delay = 0.00>
ST_1 : Operation 51 [1/1] (0.00ns)   --->   "%mrv_12 = insertvalue i544 %mrv_11, i16 %res_11" [firmware/nnet_utils/nnet_merge.h:125]   --->   Operation 51 'insertvalue' 'mrv_12' <Predicate = true> <Delay = 0.00>
ST_1 : Operation 52 [1/1] (0.00ns)   --->   "%mrv_13 = insertvalue i544 %mrv_12, i16 %res_12" [firmware/nnet_utils/nnet_merge.h:125]   --->   Operation 52 'insertvalue' 'mrv_13' <Predicate = true> <Delay = 0.00>
ST_1 : Operation 53 [1/1] (0.00ns)   --->   "%mrv_14 = insertvalue i544 %mrv_13, i16 %res_13" [firmware/nnet_utils/nnet_merge.h:125]   --->   Operation 53 'insertvalue' 'mrv_14' <Predicate = true> <Delay = 0.00>
ST_1 : Operation 54 [1/1] (0.00ns)   --->   "%mrv_15 = insertvalue i544 %mrv_14, i16 %res_14" [firmware/nnet_utils/nnet_merge.h:125]   --->   Operation 54 'insertvalue' 'mrv_15' <Predicate = true> <Delay = 0.00>
ST_1 : Operation 55 [1/1] (0.00ns)   --->   "%mrv_16 = insertvalue i544 %mrv_15, i16 %res_15" [firmware/nnet_utils/nnet_merge.h:125]   --->   Operation 55 'insertvalue' 'mrv_16' <Predicate = true> <Delay = 0.00>
ST_1 : Operation 56 [1/1] (0.00ns)   --->   "%mrv_17 = insertvalue i544 %mrv_16, i16 %res_16" [firmware/nnet_utils/nnet_merge.h:125]   --->   Operation 56 'insertvalue' 'mrv_17' <Predicate = true> <Delay = 0.00>
ST_1 : Operation 57 [1/1] (0.00ns)   --->   "%mrv_18 = insertvalue i544 %mrv_17, i16 %res_17" [firmware/nnet_utils/nnet_merge.h:125]   --->   Operation 57 'insertvalue' 'mrv_18' <Predicate = true> <Delay = 0.00>
ST_1 : Operation 58 [1/1] (0.00ns)   --->   "%mrv_19 = insertvalue i544 %mrv_18, i16 %res_18" [firmware/nnet_utils/nnet_merge.h:125]   --->   Operation 58 'insertvalue' 'mrv_19' <Predicate = true> <Delay = 0.00>
ST_1 : Operation 59 [1/1] (0.00ns)   --->   "%mrv_20 = insertvalue i544 %mrv_19, i16 %res_19" [firmware/nnet_utils/nnet_merge.h:125]   --->   Operation 59 'insertvalue' 'mrv_20' <Predicate = true> <Delay = 0.00>
ST_1 : Operation 60 [1/1] (0.00ns)   --->   "%mrv_21 = insertvalue i544 %mrv_20, i16 %trunc_ln123" [firmware/nnet_utils/nnet_merge.h:125]   --->   Operation 60 'insertvalue' 'mrv_21' <Predicate = true> <Delay = 0.00>
ST_1 : Operation 61 [1/1] (0.00ns)   --->   "%mrv_22 = insertvalue i544 %mrv_21, i16 %res_20" [firmware/nnet_utils/nnet_merge.h:125]   --->   Operation 61 'insertvalue' 'mrv_22' <Predicate = true> <Delay = 0.00>
ST_1 : Operation 62 [1/1] (0.00ns)   --->   "%mrv_23 = insertvalue i544 %mrv_22, i16 %res_21" [firmware/nnet_utils/nnet_merge.h:125]   --->   Operation 62 'insertvalue' 'mrv_23' <Predicate = true> <Delay = 0.00>
ST_1 : Operation 63 [1/1] (0.00ns)   --->   "%mrv_24 = insertvalue i544 %mrv_23, i16 %res_22" [firmware/nnet_utils/nnet_merge.h:125]   --->   Operation 63 'insertvalue' 'mrv_24' <Predicate = true> <Delay = 0.00>
ST_1 : Operation 64 [1/1] (0.00ns)   --->   "%mrv_25 = insertvalue i544 %mrv_24, i16 %res_23" [firmware/nnet_utils/nnet_merge.h:125]   --->   Operation 64 'insertvalue' 'mrv_25' <Predicate = true> <Delay = 0.00>
ST_1 : Operation 65 [1/1] (0.00ns)   --->   "%mrv_26 = insertvalue i544 %mrv_25, i16 %res_24" [firmware/nnet_utils/nnet_merge.h:125]   --->   Operation 65 'insertvalue' 'mrv_26' <Predicate = true> <Delay = 0.00>
ST_1 : Operation 66 [1/1] (0.00ns)   --->   "%mrv_27 = insertvalue i544 %mrv_26, i16 %res_25" [firmware/nnet_utils/nnet_merge.h:125]   --->   Operation 66 'insertvalue' 'mrv_27' <Predicate = true> <Delay = 0.00>
ST_1 : Operation 67 [1/1] (0.00ns)   --->   "%mrv_28 = insertvalue i544 %mrv_27, i16 %res_26" [firmware/nnet_utils/nnet_merge.h:125]   --->   Operation 67 'insertvalue' 'mrv_28' <Predicate = true> <Delay = 0.00>
ST_1 : Operation 68 [1/1] (0.00ns)   --->   "%mrv_29 = insertvalue i544 %mrv_28, i16 %res_27" [firmware/nnet_utils/nnet_merge.h:125]   --->   Operation 68 'insertvalue' 'mrv_29' <Predicate = true> <Delay = 0.00>
ST_1 : Operation 69 [1/1] (0.00ns)   --->   "%mrv_30 = insertvalue i544 %mrv_29, i16 %res_28" [firmware/nnet_utils/nnet_merge.h:125]   --->   Operation 69 'insertvalue' 'mrv_30' <Predicate = true> <Delay = 0.00>
ST_1 : Operation 70 [1/1] (0.00ns)   --->   "%mrv_31 = insertvalue i544 %mrv_30, i16 %res_29" [firmware/nnet_utils/nnet_merge.h:125]   --->   Operation 70 'insertvalue' 'mrv_31' <Predicate = true> <Delay = 0.00>
ST_1 : Operation 71 [1/1] (0.00ns)   --->   "%mrv_32 = insertvalue i544 %mrv_31, i16 %res_30" [firmware/nnet_utils/nnet_merge.h:125]   --->   Operation 71 'insertvalue' 'mrv_32' <Predicate = true> <Delay = 0.00>
ST_1 : Operation 72 [1/1] (0.00ns)   --->   "%mrv_33 = insertvalue i544 %mrv_32, i16 %res_31" [firmware/nnet_utils/nnet_merge.h:125]   --->   Operation 72 'insertvalue' 'mrv_33' <Predicate = true> <Delay = 0.00>
ST_1 : Operation 73 [1/1] (0.00ns)   --->   "%ret_ln125 = ret i544 %mrv_33" [firmware/nnet_utils/nnet_merge.h:125]   --->   Operation 73 'ret' 'ret_ln125' <Predicate = true> <Delay = 0.00>


============================================================
+ Verbose Summary: Binding
============================================================
STG Binding: 
---------------- STG Properties BEGIN ----------------
- Is combinational: 1
- Is one-state seq: 0
- Is datapath-only: 0
- Is pipelined: 1
- Is top level: 0
Port [ Return ] is wired: 1; IO mode=ap_ctrl_hs:ce=0
Port [ data1_val]:  wired=1; compound=0; hidden=0; nouse=0; global=0; static=0; extern=0; dir=0; type=0; pingpong=0; private_global=0; IO mode=ap_none:ce=0
Port [ data2_val]:  wired=1; compound=0; hidden=0; nouse=0; global=0; static=0; extern=0; dir=0; type=0; pingpong=0; private_global=0; IO mode=ap_none:ce=0
---------------- STG Properties END ------------------

---------------- Datapath Model BEGIN ----------------

<LifeTime>
<method=bitvector/>
specpipeline_ln120 (specpipeline) [ 00]
data2_val_read     (read        ) [ 00]
data1_val_read     (read        ) [ 00]
trunc_ln120        (trunc       ) [ 00]
res_s              (partselect  ) [ 00]
res_1              (partselect  ) [ 00]
res_2              (partselect  ) [ 00]
res_3              (partselect  ) [ 00]
res_4              (partselect  ) [ 00]
res_5              (partselect  ) [ 00]
res_6              (partselect  ) [ 00]
res_7              (partselect  ) [ 00]
res_8              (partselect  ) [ 00]
res_9              (partselect  ) [ 00]
res_10             (partselect  ) [ 00]
res_11             (partselect  ) [ 00]
res_12             (partselect  ) [ 00]
res_13             (partselect  ) [ 00]
res_14             (partselect  ) [ 00]
res_15             (partselect  ) [ 00]
res_16             (partselect  ) [ 00]
res_17             (partselect  ) [ 00]
res_18             (partselect  ) [ 00]
res_19             (partselect  ) [ 00]
trunc_ln123        (trunc       ) [ 00]
res_20             (partselect  ) [ 00]
res_21             (partselect  ) [ 00]
res_22             (partselect  ) [ 00]
res_23             (partselect  ) [ 00]
res_24             (partselect  ) [ 00]
res_25             (partselect  ) [ 00]
res_26             (partselect  ) [ 00]
res_27             (partselect  ) [ 00]
res_28             (partselect  ) [ 00]
res_29             (partselect  ) [ 00]
res_30             (partselect  ) [ 00]
res_31             (partselect  ) [ 00]
mrv                (insertvalue ) [ 00]
mrv_1              (insertvalue ) [ 00]
mrv_2              (insertvalue ) [ 00]
mrv_3              (insertvalue ) [ 00]
mrv_4              (insertvalue ) [ 00]
mrv_5              (insertvalue ) [ 00]
mrv_6              (insertvalue ) [ 00]
mrv_7              (insertvalue ) [ 00]
mrv_8              (insertvalue ) [ 00]
mrv_9              (insertvalue ) [ 00]
mrv_10             (insertvalue ) [ 00]
mrv_11             (insertvalue ) [ 00]
mrv_12             (insertvalue ) [ 00]
mrv_13             (insertvalue ) [ 00]
mrv_14             (insertvalue ) [ 00]
mrv_15             (insertvalue ) [ 00]
mrv_16             (insertvalue ) [ 00]
mrv_17             (insertvalue ) [ 00]
mrv_18             (insertvalue ) [ 00]
mrv_19             (insertvalue ) [ 00]
mrv_20             (insertvalue ) [ 00]
mrv_21             (insertvalue ) [ 00]
mrv_22             (insertvalue ) [ 00]
mrv_23             (insertvalue ) [ 00]
mrv_24             (insertvalue ) [ 00]
mrv_25             (insertvalue ) [ 00]
mrv_26             (insertvalue ) [ 00]
mrv_27             (insertvalue ) [ 00]
mrv_28             (insertvalue ) [ 00]
mrv_29             (insertvalue ) [ 00]
mrv_30             (insertvalue ) [ 00]
mrv_31             (insertvalue ) [ 00]
mrv_32             (insertvalue ) [ 00]
mrv_33             (insertvalue ) [ 00]
ret_ln125          (ret         ) [ 00]
</LifeTime>

<model>

<comp_list>
<comp id="0" class="1000" name="data1_val">
<pin_list>
<pin id="1" dir="1" index="0" bw="1" slack="0"/>
</pin_list>
<bind>
<StgValue><ssdm name="data1_val"/></StgValue>
</bind>
</comp>

<comp id="2" class="1000" name="data2_val">
<pin_list>
<pin id="3" dir="1" index="0" bw="1" slack="0"/>
</pin_list>
<bind>
<StgValue><ssdm name="data2_val"/></StgValue>
</bind>
</comp>

<comp id="4" class="1001" name="const_4">
<pin_list>
<pin id="5" dir="1" index="0" bw="1" slack="2147483647"/>
</pin_list>
<bind>
<StgValue><ssdm name="_ssdm_op_SpecPipeline"/></StgValue>
</bind>
</comp>

<comp id="6" class="1001" name="const_6">
<pin_list>
<pin id="7" dir="1" index="0" bw="1" slack="2147483647"/>
</pin_list>
<bind>
<StgValue><ssdm name=""/></StgValue>
</bind>
</comp>

<comp id="8" class="1001" name="const_8">
<pin_list>
<pin id="9" dir="1" index="0" bw="1" slack="2147483647"/>
</pin_list>
<bind>
<StgValue><ssdm name=""/></StgValue>
</bind>
</comp>

<comp id="10" class="1001" name="const_10">
<pin_list>
<pin id="11" dir="1" index="0" bw="1" slack="2147483647"/>
</pin_list>
<bind>
<StgValue><ssdm name="empty_0"/></StgValue>
</bind>
</comp>

<comp id="12" class="1001" name="const_12">
<pin_list>
<pin id="13" dir="1" index="0" bw="1" slack="0"/>
</pin_list>
<bind>
<StgValue><ssdm name="_ssdm_op_Read.ap_auto.i208"/></StgValue>
</bind>
</comp>

<comp id="14" class="1001" name="const_14">
<pin_list>
<pin id="15" dir="1" index="0" bw="1" slack="0"/>
</pin_list>
<bind>
<StgValue><ssdm name="_ssdm_op_Read.ap_auto.i336"/></StgValue>
</bind>
</comp>

<comp id="16" class="1001" name="const_16">
<pin_list>
<pin id="17" dir="1" index="0" bw="1" slack="0"/>
</pin_list>
<bind>
<StgValue><ssdm name="_ssdm_op_PartSelect.i16.i336.i32.i32"/></StgValue>
</bind>
</comp>

<comp id="18" class="1001" name="const_18">
<pin_list>
<pin id="19" dir="1" index="0" bw="1" slack="0"/>
</pin_list>
<bind>
<StgValue><ssdm name=""/></StgValue>
</bind>
</comp>

<comp id="20" class="1001" name="const_20">
<pin_list>
<pin id="21" dir="1" index="0" bw="1" slack="0"/>
</pin_list>
<bind>
<StgValue><ssdm name=""/></StgValue>
</bind>
</comp>

<comp id="22" class="1001" name="const_22">
<pin_list>
<pin id="23" dir="1" index="0" bw="1" slack="0"/>
</pin_list>
<bind>
<StgValue><ssdm name=""/></StgValue>
</bind>
</comp>

<comp id="24" class="1001" name="const_24">
<pin_list>
<pin id="25" dir="1" index="0" bw="1" slack="0"/>
</pin_list>
<bind>
<StgValue><ssdm name=""/></StgValue>
</bind>
</comp>

<comp id="26" class="1001" name="const_26">
<pin_list>
<pin id="27" dir="1" index="0" bw="1" slack="0"/>
</pin_list>
<bind>
<StgValue><ssdm name=""/></StgValue>
</bind>
</comp>

<comp id="28" class="1001" name="const_28">
<pin_list>
<pin id="29" dir="1" index="0" bw="1" slack="0"/>
</pin_list>
<bind>
<StgValue><ssdm name=""/></StgValue>
</bind>
</comp>

<comp id="30" class="1001" name="const_30">
<pin_list>
<pin id="31" dir="1" index="0" bw="1" slack="0"/>
</pin_list>
<bind>
<StgValue><ssdm name=""/></StgValue>
</bind>
</comp>

<comp id="32" class="1001" name="const_32">
<pin_list>
<pin id="33" dir="1" index="0" bw="1" slack="0"/>
</pin_list>
<bind>
<StgValue><ssdm name=""/></StgValue>
</bind>
</comp>

<comp id="34" class="1001" name="const_34">
<pin_list>
<pin id="35" dir="1" index="0" bw="1" slack="0"/>
</pin_list>
<bind>
<StgValue><ssdm name=""/></StgValue>
</bind>
</comp>

<comp id="36" class="1001" name="const_36">
<pin_list>
<pin id="37" dir="1" index="0" bw="1" slack="0"/>
</pin_list>
<bind>
<StgValue><ssdm name=""/></StgValue>
</bind>
</comp>

<comp id="38" class="1001" name="const_38">
<pin_list>
<pin id="39" dir="1" index="0" bw="1" slack="0"/>
</pin_list>
<bind>
<StgValue><ssdm name=""/></StgValue>
</bind>
</comp>

<comp id="40" class="1001" name="const_40">
<pin_list>
<pin id="41" dir="1" index="0" bw="1" slack="0"/>
</pin_list>
<bind>
<StgValue><ssdm name=""/></StgValue>
</bind>
</comp>

<comp id="42" class="1001" name="const_42">
<pin_list>
<pin id="43" dir="1" index="0" bw="1" slack="0"/>
</pin_list>
<bind>
<StgValue><ssdm name=""/></StgValue>
</bind>
</comp>

<comp id="44" class="1001" name="const_44">
<pin_list>
<pin id="45" dir="1" index="0" bw="1" slack="0"/>
</pin_list>
<bind>
<StgValue><ssdm name=""/></StgValue>
</bind>
</comp>

<comp id="46" class="1001" name="const_46">
<pin_list>
<pin id="47" dir="1" index="0" bw="1" slack="0"/>
</pin_list>
<bind>
<StgValue><ssdm name=""/></StgValue>
</bind>
</comp>

<comp id="48" class="1001" name="const_48">
<pin_list>
<pin id="49" dir="1" index="0" bw="1" slack="0"/>
</pin_list>
<bind>
<StgValue><ssdm name=""/></StgValue>
</bind>
</comp>

<comp id="50" class="1001" name="const_50">
<pin_list>
<pin id="51" dir="1" index="0" bw="1" slack="0"/>
</pin_list>
<bind>
<StgValue><ssdm name=""/></StgValue>
</bind>
</comp>

<comp id="52" class="1001" name="const_52">
<pin_list>
<pin id="53" dir="1" index="0" bw="1" slack="0"/>
</pin_list>
<bind>
<StgValue><ssdm name=""/></StgValue>
</bind>
</comp>

<comp id="54" class="1001" name="const_54">
<pin_list>
<pin id="55" dir="1" index="0" bw="1" slack="0"/>
</pin_list>
<bind>
<StgValue><ssdm name=""/></StgValue>
</bind>
</comp>

<comp id="56" class="1001" name="const_56">
<pin_list>
<pin id="57" dir="1" index="0" bw="1" slack="0"/>
</pin_list>
<bind>
<StgValue><ssdm name=""/></StgValue>
</bind>
</comp>

<comp id="58" class="1001" name="const_58">
<pin_list>
<pin id="59" dir="1" index="0" bw="1" slack="0"/>
</pin_list>
<bind>
<StgValue><ssdm name=""/></StgValue>
</bind>
</comp>

<comp id="60" class="1001" name="const_60">
<pin_list>
<pin id="61" dir="1" index="0" bw="1" slack="0"/>
</pin_list>
<bind>
<StgValue><ssdm name=""/></StgValue>
</bind>
</comp>

<comp id="62" class="1001" name="const_62">
<pin_list>
<pin id="63" dir="1" index="0" bw="1" slack="0"/>
</pin_list>
<bind>
<StgValue><ssdm name=""/></StgValue>
</bind>
</comp>

<comp id="64" class="1001" name="const_64">
<pin_list>
<pin id="65" dir="1" index="0" bw="1" slack="0"/>
</pin_list>
<bind>
<StgValue><ssdm name=""/></StgValue>
</bind>
</comp>

<comp id="66" class="1001" name="const_66">
<pin_list>
<pin id="67" dir="1" index="0" bw="1" slack="0"/>
</pin_list>
<bind>
<StgValue><ssdm name=""/></StgValue>
</bind>
</comp>

<comp id="68" class="1001" name="const_68">
<pin_list>
<pin id="69" dir="1" index="0" bw="1" slack="0"/>
</pin_list>
<bind>
<StgValue><ssdm name=""/></StgValue>
</bind>
</comp>

<comp id="70" class="1001" name="const_70">
<pin_list>
<pin id="71" dir="1" index="0" bw="1" slack="0"/>
</pin_list>
<bind>
<StgValue><ssdm name=""/></StgValue>
</bind>
</comp>

<comp id="72" class="1001" name="const_72">
<pin_list>
<pin id="73" dir="1" index="0" bw="1" slack="0"/>
</pin_list>
<bind>
<StgValue><ssdm name=""/></StgValue>
</bind>
</comp>

<comp id="74" class="1001" name="const_74">
<pin_list>
<pin id="75" dir="1" index="0" bw="1" slack="0"/>
</pin_list>
<bind>
<StgValue><ssdm name=""/></StgValue>
</bind>
</comp>

<comp id="76" class="1001" name="const_76">
<pin_list>
<pin id="77" dir="1" index="0" bw="1" slack="0"/>
</pin_list>
<bind>
<StgValue><ssdm name=""/></StgValue>
</bind>
</comp>

<comp id="78" class="1001" name="const_78">
<pin_list>
<pin id="79" dir="1" index="0" bw="1" slack="0"/>
</pin_list>
<bind>
<StgValue><ssdm name=""/></StgValue>
</bind>
</comp>

<comp id="80" class="1001" name="const_80">
<pin_list>
<pin id="81" dir="1" index="0" bw="1" slack="0"/>
</pin_list>
<bind>
<StgValue><ssdm name=""/></StgValue>
</bind>
</comp>

<comp id="82" class="1001" name="const_82">
<pin_list>
<pin id="83" dir="1" index="0" bw="1" slack="0"/>
</pin_list>
<bind>
<StgValue><ssdm name=""/></StgValue>
</bind>
</comp>

<comp id="84" class="1001" name="const_84">
<pin_list>
<pin id="85" dir="1" index="0" bw="1" slack="0"/>
</pin_list>
<bind>
<StgValue><ssdm name=""/></StgValue>
</bind>
</comp>

<comp id="86" class="1001" name="const_86">
<pin_list>
<pin id="87" dir="1" index="0" bw="1" slack="0"/>
</pin_list>
<bind>
<StgValue><ssdm name=""/></StgValue>
</bind>
</comp>

<comp id="88" class="1001" name="const_88">
<pin_list>
<pin id="89" dir="1" index="0" bw="1" slack="0"/>
</pin_list>
<bind>
<StgValue><ssdm name=""/></StgValue>
</bind>
</comp>

<comp id="90" class="1001" name="const_90">
<pin_list>
<pin id="91" dir="1" index="0" bw="1" slack="0"/>
</pin_list>
<bind>
<StgValue><ssdm name=""/></StgValue>
</bind>
</comp>

<comp id="92" class="1001" name="const_92">
<pin_list>
<pin id="93" dir="1" index="0" bw="1" slack="0"/>
</pin_list>
<bind>
<StgValue><ssdm name=""/></StgValue>
</bind>
</comp>

<comp id="94" class="1001" name="const_94">
<pin_list>
<pin id="95" dir="1" index="0" bw="1" slack="0"/>
</pin_list>
<bind>
<StgValue><ssdm name=""/></StgValue>
</bind>
</comp>

<comp id="96" class="1001" name="const_96">
<pin_list>
<pin id="97" dir="1" index="0" bw="1" slack="0"/>
</pin_list>
<bind>
<StgValue><ssdm name=""/></StgValue>
</bind>
</comp>

<comp id="98" class="1001" name="const_98">
<pin_list>
<pin id="99" dir="1" index="0" bw="1" slack="0"/>
</pin_list>
<bind>
<StgValue><ssdm name="_ssdm_op_PartSelect.i16.i208.i32.i32"/></StgValue>
</bind>
</comp>

<comp id="100" class="1001" name="const_100">
<pin_list>
<pin id="101" dir="1" index="0" bw="1" slack="0"/>
</pin_list>
<bind>
<StgValue><ssdm name=""/></StgValue>
</bind>
</comp>

<comp id="102" class="1004" name="data2_val_read_read_fu_102">
<pin_list>
<pin id="103" dir="0" index="0" bw="208" slack="0"/>
<pin id="104" dir="0" index="1" bw="208" slack="0"/>
<pin id="105" dir="1" index="2" bw="208" slack="0"/>
</pin_list>
<bind>
<opcode="read(1150) " fcode="read"/>
<opset="data2_val_read/1 "/>
</bind>
</comp>

<comp id="108" class="1004" name="data1_val_read_read_fu_108">
<pin_list>
<pin id="109" dir="0" index="0" bw="336" slack="0"/>
<pin id="110" dir="0" index="1" bw="336" slack="0"/>
<pin id="111" dir="1" index="2" bw="336" slack="0"/>
</pin_list>
<bind>
<opcode="read(1150) " fcode="read"/>
<opset="data1_val_read/1 "/>
</bind>
</comp>

<comp id="114" class="1004" name="trunc_ln120_fu_114">
<pin_list>
<pin id="115" dir="0" index="0" bw="336" slack="0"/>
<pin id="116" dir="1" index="1" bw="16" slack="0"/>
</pin_list>
<bind>
<opcode="trunc(33) " fcode="trunc"/>
<opset="trunc_ln120/1 "/>
</bind>
</comp>

<comp id="118" class="1004" name="res_s_fu_118">
<pin_list>
<pin id="119" dir="0" index="0" bw="16" slack="0"/>
<pin id="120" dir="0" index="1" bw="336" slack="0"/>
<pin id="121" dir="0" index="2" bw="6" slack="0"/>
<pin id="122" dir="0" index="3" bw="6" slack="0"/>
<pin id="123" dir="1" index="4" bw="16" slack="0"/>
</pin_list>
<bind>
<opcode="partselect(1002) " fcode="partselect"/>
<opset="res_s/1 "/>
</bind>
</comp>

<comp id="128" class="1004" name="res_1_fu_128">
<pin_list>
<pin id="129" dir="0" index="0" bw="16" slack="0"/>
<pin id="130" dir="0" index="1" bw="336" slack="0"/>
<pin id="131" dir="0" index="2" bw="7" slack="0"/>
<pin id="132" dir="0" index="3" bw="7" slack="0"/>
<pin id="133" dir="1" index="4" bw="16" slack="0"/>
</pin_list>
<bind>
<opcode="partselect(1002) " fcode="partselect"/>
<opset="res_1/1 "/>
</bind>
</comp>

<comp id="138" class="1004" name="res_2_fu_138">
<pin_list>
<pin id="139" dir="0" index="0" bw="16" slack="0"/>
<pin id="140" dir="0" index="1" bw="336" slack="0"/>
<pin id="141" dir="0" index="2" bw="7" slack="0"/>
<pin id="142" dir="0" index="3" bw="7" slack="0"/>
<pin id="143" dir="1" index="4" bw="16" slack="0"/>
</pin_list>
<bind>
<opcode="partselect(1002) " fcode="partselect"/>
<opset="res_2/1 "/>
</bind>
</comp>

<comp id="148" class="1004" name="res_3_fu_148">
<pin_list>
<pin id="149" dir="0" index="0" bw="16" slack="0"/>
<pin id="150" dir="0" index="1" bw="336" slack="0"/>
<pin id="151" dir="0" index="2" bw="8" slack="0"/>
<pin id="152" dir="0" index="3" bw="8" slack="0"/>
<pin id="153" dir="1" index="4" bw="16" slack="0"/>
</pin_list>
<bind>
<opcode="partselect(1002) " fcode="partselect"/>
<opset="res_3/1 "/>
</bind>
</comp>

<comp id="158" class="1004" name="res_4_fu_158">
<pin_list>
<pin id="159" dir="0" index="0" bw="16" slack="0"/>
<pin id="160" dir="0" index="1" bw="336" slack="0"/>
<pin id="161" dir="0" index="2" bw="8" slack="0"/>
<pin id="162" dir="0" index="3" bw="8" slack="0"/>
<pin id="163" dir="1" index="4" bw="16" slack="0"/>
</pin_list>
<bind>
<opcode="partselect(1002) " fcode="partselect"/>
<opset="res_4/1 "/>
</bind>
</comp>

<comp id="168" class="1004" name="res_5_fu_168">
<pin_list>
<pin id="169" dir="0" index="0" bw="16" slack="0"/>
<pin id="170" dir="0" index="1" bw="336" slack="0"/>
<pin id="171" dir="0" index="2" bw="8" slack="0"/>
<pin id="172" dir="0" index="3" bw="8" slack="0"/>
<pin id="173" dir="1" index="4" bw="16" slack="0"/>
</pin_list>
<bind>
<opcode="partselect(1002) " fcode="partselect"/>
<opset="res_5/1 "/>
</bind>
</comp>

<comp id="178" class="1004" name="res_6_fu_178">
<pin_list>
<pin id="179" dir="0" index="0" bw="16" slack="0"/>
<pin id="180" dir="0" index="1" bw="336" slack="0"/>
<pin id="181" dir="0" index="2" bw="8" slack="0"/>
<pin id="182" dir="0" index="3" bw="8" slack="0"/>
<pin id="183" dir="1" index="4" bw="16" slack="0"/>
</pin_list>
<bind>
<opcode="partselect(1002) " fcode="partselect"/>
<opset="res_6/1 "/>
</bind>
</comp>

<comp id="188" class="1004" name="res_7_fu_188">
<pin_list>
<pin id="189" dir="0" index="0" bw="16" slack="0"/>
<pin id="190" dir="0" index="1" bw="336" slack="0"/>
<pin id="191" dir="0" index="2" bw="9" slack="0"/>
<pin id="192" dir="0" index="3" bw="9" slack="0"/>
<pin id="193" dir="1" index="4" bw="16" slack="0"/>
</pin_list>
<bind>
<opcode="partselect(1002) " fcode="partselect"/>
<opset="res_7/1 "/>
</bind>
</comp>

<comp id="198" class="1004" name="res_8_fu_198">
<pin_list>
<pin id="199" dir="0" index="0" bw="16" slack="0"/>
<pin id="200" dir="0" index="1" bw="336" slack="0"/>
<pin id="201" dir="0" index="2" bw="9" slack="0"/>
<pin id="202" dir="0" index="3" bw="9" slack="0"/>
<pin id="203" dir="1" index="4" bw="16" slack="0"/>
</pin_list>
<bind>
<opcode="partselect(1002) " fcode="partselect"/>
<opset="res_8/1 "/>
</bind>
</comp>

<comp id="208" class="1004" name="res_9_fu_208">
<pin_list>
<pin id="209" dir="0" index="0" bw="16" slack="0"/>
<pin id="210" dir="0" index="1" bw="336" slack="0"/>
<pin id="211" dir="0" index="2" bw="9" slack="0"/>
<pin id="212" dir="0" index="3" bw="9" slack="0"/>
<pin id="213" dir="1" index="4" bw="16" slack="0"/>
</pin_list>
<bind>
<opcode="partselect(1002) " fcode="partselect"/>
<opset="res_9/1 "/>
</bind>
</comp>

<comp id="218" class="1004" name="res_10_fu_218">
<pin_list>
<pin id="219" dir="0" index="0" bw="16" slack="0"/>
<pin id="220" dir="0" index="1" bw="336" slack="0"/>
<pin id="221" dir="0" index="2" bw="9" slack="0"/>
<pin id="222" dir="0" index="3" bw="9" slack="0"/>
<pin id="223" dir="1" index="4" bw="16" slack="0"/>
</pin_list>
<bind>
<opcode="partselect(1002) " fcode="partselect"/>
<opset="res_10/1 "/>
</bind>
</comp>

<comp id="228" class="1004" name="res_11_fu_228">
<pin_list>
<pin id="229" dir="0" index="0" bw="16" slack="0"/>
<pin id="230" dir="0" index="1" bw="336" slack="0"/>
<pin id="231" dir="0" index="2" bw="9" slack="0"/>
<pin id="232" dir="0" index="3" bw="9" slack="0"/>
<pin id="233" dir="1" index="4" bw="16" slack="0"/>
</pin_list>
<bind>
<opcode="partselect(1002) " fcode="partselect"/>
<opset="res_11/1 "/>
</bind>
</comp>

<comp id="238" class="1004" name="res_12_fu_238">
<pin_list>
<pin id="239" dir="0" index="0" bw="16" slack="0"/>
<pin id="240" dir="0" index="1" bw="336" slack="0"/>
<pin id="241" dir="0" index="2" bw="9" slack="0"/>
<pin id="242" dir="0" index="3" bw="9" slack="0"/>
<pin id="243" dir="1" index="4" bw="16" slack="0"/>
</pin_list>
<bind>
<opcode="partselect(1002) " fcode="partselect"/>
<opset="res_12/1 "/>
</bind>
</comp>

<comp id="248" class="1004" name="res_13_fu_248">
<pin_list>
<pin id="249" dir="0" index="0" bw="16" slack="0"/>
<pin id="250" dir="0" index="1" bw="336" slack="0"/>
<pin id="251" dir="0" index="2" bw="9" slack="0"/>
<pin id="252" dir="0" index="3" bw="9" slack="0"/>
<pin id="253" dir="1" index="4" bw="16" slack="0"/>
</pin_list>
<bind>
<opcode="partselect(1002) " fcode="partselect"/>
<opset="res_13/1 "/>
</bind>
</comp>

<comp id="258" class="1004" name="res_14_fu_258">
<pin_list>
<pin id="259" dir="0" index="0" bw="16" slack="0"/>
<pin id="260" dir="0" index="1" bw="336" slack="0"/>
<pin id="261" dir="0" index="2" bw="9" slack="0"/>
<pin id="262" dir="0" index="3" bw="9" slack="0"/>
<pin id="263" dir="1" index="4" bw="16" slack="0"/>
</pin_list>
<bind>
<opcode="partselect(1002) " fcode="partselect"/>
<opset="res_14/1 "/>
</bind>
</comp>

<comp id="268" class="1004" name="res_15_fu_268">
<pin_list>
<pin id="269" dir="0" index="0" bw="16" slack="0"/>
<pin id="270" dir="0" index="1" bw="336" slack="0"/>
<pin id="271" dir="0" index="2" bw="10" slack="0"/>
<pin id="272" dir="0" index="3" bw="10" slack="0"/>
<pin id="273" dir="1" index="4" bw="16" slack="0"/>
</pin_list>
<bind>
<opcode="partselect(1002) " fcode="partselect"/>
<opset="res_15/1 "/>
</bind>
</comp>

<comp id="278" class="1004" name="res_16_fu_278">
<pin_list>
<pin id="279" dir="0" index="0" bw="16" slack="0"/>
<pin id="280" dir="0" index="1" bw="336" slack="0"/>
<pin id="281" dir="0" index="2" bw="10" slack="0"/>
<pin id="282" dir="0" index="3" bw="10" slack="0"/>
<pin id="283" dir="1" index="4" bw="16" slack="0"/>
</pin_list>
<bind>
<opcode="partselect(1002) " fcode="partselect"/>
<opset="res_16/1 "/>
</bind>
</comp>

<comp id="288" class="1004" name="res_17_fu_288">
<pin_list>
<pin id="289" dir="0" index="0" bw="16" slack="0"/>
<pin id="290" dir="0" index="1" bw="336" slack="0"/>
<pin id="291" dir="0" index="2" bw="10" slack="0"/>
<pin id="292" dir="0" index="3" bw="10" slack="0"/>
<pin id="293" dir="1" index="4" bw="16" slack="0"/>
</pin_list>
<bind>
<opcode="partselect(1002) " fcode="partselect"/>
<opset="res_17/1 "/>
</bind>
</comp>

<comp id="298" class="1004" name="res_18_fu_298">
<pin_list>
<pin id="299" dir="0" index="0" bw="16" slack="0"/>
<pin id="300" dir="0" index="1" bw="336" slack="0"/>
<pin id="301" dir="0" index="2" bw="10" slack="0"/>
<pin id="302" dir="0" index="3" bw="10" slack="0"/>
<pin id="303" dir="1" index="4" bw="16" slack="0"/>
</pin_list>
<bind>
<opcode="partselect(1002) " fcode="partselect"/>
<opset="res_18/1 "/>
</bind>
</comp>

<comp id="308" class="1004" name="res_19_fu_308">
<pin_list>
<pin id="309" dir="0" index="0" bw="16" slack="0"/>
<pin id="310" dir="0" index="1" bw="336" slack="0"/>
<pin id="311" dir="0" index="2" bw="10" slack="0"/>
<pin id="312" dir="0" index="3" bw="10" slack="0"/>
<pin id="313" dir="1" index="4" bw="16" slack="0"/>
</pin_list>
<bind>
<opcode="partselect(1002) " fcode="partselect"/>
<opset="res_19/1 "/>
</bind>
</comp>

<comp id="318" class="1004" name="trunc_ln123_fu_318">
<pin_list>
<pin id="319" dir="0" index="0" bw="208" slack="0"/>
<pin id="320" dir="1" index="1" bw="16" slack="0"/>
</pin_list>
<bind>
<opcode="trunc(33) " fcode="trunc"/>
<opset="trunc_ln123/1 "/>
</bind>
</comp>

<comp id="322" class="1004" name="res_20_fu_322">
<pin_list>
<pin id="323" dir="0" index="0" bw="16" slack="0"/>
<pin id="324" dir="0" index="1" bw="208" slack="0"/>
<pin id="325" dir="0" index="2" bw="6" slack="0"/>
<pin id="326" dir="0" index="3" bw="6" slack="0"/>
<pin id="327" dir="1" index="4" bw="16" slack="0"/>
</pin_list>
<bind>
<opcode="partselect(1002) " fcode="partselect"/>
<opset="res_20/1 "/>
</bind>
</comp>

<comp id="332" class="1004" name="res_21_fu_332">
<pin_list>
<pin id="333" dir="0" index="0" bw="16" slack="0"/>
<pin id="334" dir="0" index="1" bw="208" slack="0"/>
<pin id="335" dir="0" index="2" bw="7" slack="0"/>
<pin id="336" dir="0" index="3" bw="7" slack="0"/>
<pin id="337" dir="1" index="4" bw="16" slack="0"/>
</pin_list>
<bind>
<opcode="partselect(1002) " fcode="partselect"/>
<opset="res_21/1 "/>
</bind>
</comp>

<comp id="342" class="1004" name="res_22_fu_342">
<pin_list>
<pin id="343" dir="0" index="0" bw="16" slack="0"/>
<pin id="344" dir="0" index="1" bw="208" slack="0"/>
<pin id="345" dir="0" index="2" bw="7" slack="0"/>
<pin id="346" dir="0" index="3" bw="7" slack="0"/>
<pin id="347" dir="1" index="4" bw="16" slack="0"/>
</pin_list>
<bind>
<opcode="partselect(1002) " fcode="partselect"/>
<opset="res_22/1 "/>
</bind>
</comp>

<comp id="352" class="1004" name="res_23_fu_352">
<pin_list>
<pin id="353" dir="0" index="0" bw="16" slack="0"/>
<pin id="354" dir="0" index="1" bw="208" slack="0"/>
<pin id="355" dir="0" index="2" bw="8" slack="0"/>
<pin id="356" dir="0" index="3" bw="8" slack="0"/>
<pin id="357" dir="1" index="4" bw="16" slack="0"/>
</pin_list>
<bind>
<opcode="partselect(1002) " fcode="partselect"/>
<opset="res_23/1 "/>
</bind>
</comp>

<comp id="362" class="1004" name="res_24_fu_362">
<pin_list>
<pin id="363" dir="0" index="0" bw="16" slack="0"/>
<pin id="364" dir="0" index="1" bw="208" slack="0"/>
<pin id="365" dir="0" index="2" bw="8" slack="0"/>
<pin id="366" dir="0" index="3" bw="8" slack="0"/>
<pin id="367" dir="1" index="4" bw="16" slack="0"/>
</pin_list>
<bind>
<opcode="partselect(1002) " fcode="partselect"/>
<opset="res_24/1 "/>
</bind>
</comp>

<comp id="372" class="1004" name="res_25_fu_372">
<pin_list>
<pin id="373" dir="0" index="0" bw="16" slack="0"/>
<pin id="374" dir="0" index="1" bw="208" slack="0"/>
<pin id="375" dir="0" index="2" bw="8" slack="0"/>
<pin id="376" dir="0" index="3" bw="8" slack="0"/>
<pin id="377" dir="1" index="4" bw="16" slack="0"/>
</pin_list>
<bind>
<opcode="partselect(1002) " fcode="partselect"/>
<opset="res_25/1 "/>
</bind>
</comp>

<comp id="382" class="1004" name="res_26_fu_382">
<pin_list>
<pin id="383" dir="0" index="0" bw="16" slack="0"/>
<pin id="384" dir="0" index="1" bw="208" slack="0"/>
<pin id="385" dir="0" index="2" bw="8" slack="0"/>
<pin id="386" dir="0" index="3" bw="8" slack="0"/>
<pin id="387" dir="1" index="4" bw="16" slack="0"/>
</pin_list>
<bind>
<opcode="partselect(1002) " fcode="partselect"/>
<opset="res_26/1 "/>
</bind>
</comp>

<comp id="392" class="1004" name="res_27_fu_392">
<pin_list>
<pin id="393" dir="0" index="0" bw="16" slack="0"/>
<pin id="394" dir="0" index="1" bw="208" slack="0"/>
<pin id="395" dir="0" index="2" bw="9" slack="0"/>
<pin id="396" dir="0" index="3" bw="9" slack="0"/>
<pin id="397" dir="1" index="4" bw="16" slack="0"/>
</pin_list>
<bind>
<opcode="partselect(1002) " fcode="partselect"/>
<opset="res_27/1 "/>
</bind>
</comp>

<comp id="402" class="1004" name="res_28_fu_402">
<pin_list>
<pin id="403" dir="0" index="0" bw="16" slack="0"/>
<pin id="404" dir="0" index="1" bw="208" slack="0"/>
<pin id="405" dir="0" index="2" bw="9" slack="0"/>
<pin id="406" dir="0" index="3" bw="9" slack="0"/>
<pin id="407" dir="1" index="4" bw="16" slack="0"/>
</pin_list>
<bind>
<opcode="partselect(1002) " fcode="partselect"/>
<opset="res_28/1 "/>
</bind>
</comp>

<comp id="412" class="1004" name="res_29_fu_412">
<pin_list>
<pin id="413" dir="0" index="0" bw="16" slack="0"/>
<pin id="414" dir="0" index="1" bw="208" slack="0"/>
<pin id="415" dir="0" index="2" bw="9" slack="0"/>
<pin id="416" dir="0" index="3" bw="9" slack="0"/>
<pin id="417" dir="1" index="4" bw="16" slack="0"/>
</pin_list>
<bind>
<opcode="partselect(1002) " fcode="partselect"/>
<opset="res_29/1 "/>
</bind>
</comp>

<comp id="422" class="1004" name="res_30_fu_422">
<pin_list>
<pin id="423" dir="0" index="0" bw="16" slack="0"/>
<pin id="424" dir="0" index="1" bw="208" slack="0"/>
<pin id="425" dir="0" index="2" bw="9" slack="0"/>
<pin id="426" dir="0" index="3" bw="9" slack="0"/>
<pin id="427" dir="1" index="4" bw="16" slack="0"/>
</pin_list>
<bind>
<opcode="partselect(1002) " fcode="partselect"/>
<opset="res_30/1 "/>
</bind>
</comp>

<comp id="432" class="1004" name="res_31_fu_432">
<pin_list>
<pin id="433" dir="0" index="0" bw="16" slack="0"/>
<pin id="434" dir="0" index="1" bw="208" slack="0"/>
<pin id="435" dir="0" index="2" bw="9" slack="0"/>
<pin id="436" dir="0" index="3" bw="9" slack="0"/>
<pin id="437" dir="1" index="4" bw="16" slack="0"/>
</pin_list>
<bind>
<opcode="partselect(1002) " fcode="partselect"/>
<opset="res_31/1 "/>
</bind>
</comp>

<comp id="442" class="1004" name="mrv_fu_442">
<pin_list>
<pin id="443" dir="0" index="0" bw="544" slack="0"/>
<pin id="444" dir="0" index="1" bw="16" slack="0"/>
<pin id="445" dir="1" index="2" bw="544" slack="0"/>
</pin_list>
<bind>
<opcode="insertvalue(57) " fcode="insertvalue"/>
<opset="mrv/1 "/>
</bind>
</comp>

<comp id="448" class="1004" name="mrv_1_fu_448">
<pin_list>
<pin id="449" dir="0" index="0" bw="544" slack="0"/>
<pin id="450" dir="0" index="1" bw="16" slack="0"/>
<pin id="451" dir="1" index="2" bw="544" slack="0"/>
</pin_list>
<bind>
<opcode="insertvalue(57) " fcode="insertvalue"/>
<opset="mrv_1/1 "/>
</bind>
</comp>

<comp id="454" class="1004" name="mrv_2_fu_454">
<pin_list>
<pin id="455" dir="0" index="0" bw="544" slack="0"/>
<pin id="456" dir="0" index="1" bw="16" slack="0"/>
<pin id="457" dir="1" index="2" bw="544" slack="0"/>
</pin_list>
<bind>
<opcode="insertvalue(57) " fcode="insertvalue"/>
<opset="mrv_2/1 "/>
</bind>
</comp>

<comp id="460" class="1004" name="mrv_3_fu_460">
<pin_list>
<pin id="461" dir="0" index="0" bw="544" slack="0"/>
<pin id="462" dir="0" index="1" bw="16" slack="0"/>
<pin id="463" dir="1" index="2" bw="544" slack="0"/>
</pin_list>
<bind>
<opcode="insertvalue(57) " fcode="insertvalue"/>
<opset="mrv_3/1 "/>
</bind>
</comp>

<comp id="466" class="1004" name="mrv_4_fu_466">
<pin_list>
<pin id="467" dir="0" index="0" bw="544" slack="0"/>
<pin id="468" dir="0" index="1" bw="16" slack="0"/>
<pin id="469" dir="1" index="2" bw="544" slack="0"/>
</pin_list>
<bind>
<opcode="insertvalue(57) " fcode="insertvalue"/>
<opset="mrv_4/1 "/>
</bind>
</comp>

<comp id="472" class="1004" name="mrv_5_fu_472">
<pin_list>
<pin id="473" dir="0" index="0" bw="544" slack="0"/>
<pin id="474" dir="0" index="1" bw="16" slack="0"/>
<pin id="475" dir="1" index="2" bw="544" slack="0"/>
</pin_list>
<bind>
<opcode="insertvalue(57) " fcode="insertvalue"/>
<opset="mrv_5/1 "/>
</bind>
</comp>

<comp id="478" class="1004" name="mrv_6_fu_478">
<pin_list>
<pin id="479" dir="0" index="0" bw="544" slack="0"/>
<pin id="480" dir="0" index="1" bw="16" slack="0"/>
<pin id="481" dir="1" index="2" bw="544" slack="0"/>
</pin_list>
<bind>
<opcode="insertvalue(57) " fcode="insertvalue"/>
<opset="mrv_6/1 "/>
</bind>
</comp>

<comp id="484" class="1004" name="mrv_7_fu_484">
<pin_list>
<pin id="485" dir="0" index="0" bw="544" slack="0"/>
<pin id="486" dir="0" index="1" bw="16" slack="0"/>
<pin id="487" dir="1" index="2" bw="544" slack="0"/>
</pin_list>
<bind>
<opcode="insertvalue(57) " fcode="insertvalue"/>
<opset="mrv_7/1 "/>
</bind>
</comp>

<comp id="490" class="1004" name="mrv_8_fu_490">
<pin_list>
<pin id="491" dir="0" index="0" bw="544" slack="0"/>
<pin id="492" dir="0" index="1" bw="16" slack="0"/>
<pin id="493" dir="1" index="2" bw="544" slack="0"/>
</pin_list>
<bind>
<opcode="insertvalue(57) " fcode="insertvalue"/>
<opset="mrv_8/1 "/>
</bind>
</comp>

<comp id="496" class="1004" name="mrv_9_fu_496">
<pin_list>
<pin id="497" dir="0" index="0" bw="544" slack="0"/>
<pin id="498" dir="0" index="1" bw="16" slack="0"/>
<pin id="499" dir="1" index="2" bw="544" slack="0"/>
</pin_list>
<bind>
<opcode="insertvalue(57) " fcode="insertvalue"/>
<opset="mrv_9/1 "/>
</bind>
</comp>

<comp id="502" class="1004" name="mrv_10_fu_502">
<pin_list>
<pin id="503" dir="0" index="0" bw="544" slack="0"/>
<pin id="504" dir="0" index="1" bw="16" slack="0"/>
<pin id="505" dir="1" index="2" bw="544" slack="0"/>
</pin_list>
<bind>
<opcode="insertvalue(57) " fcode="insertvalue"/>
<opset="mrv_10/1 "/>
</bind>
</comp>

<comp id="508" class="1004" name="mrv_11_fu_508">
<pin_list>
<pin id="509" dir="0" index="0" bw="544" slack="0"/>
<pin id="510" dir="0" index="1" bw="16" slack="0"/>
<pin id="511" dir="1" index="2" bw="544" slack="0"/>
</pin_list>
<bind>
<opcode="insertvalue(57) " fcode="insertvalue"/>
<opset="mrv_11/1 "/>
</bind>
</comp>

<comp id="514" class="1004" name="mrv_12_fu_514">
<pin_list>
<pin id="515" dir="0" index="0" bw="544" slack="0"/>
<pin id="516" dir="0" index="1" bw="16" slack="0"/>
<pin id="517" dir="1" index="2" bw="544" slack="0"/>
</pin_list>
<bind>
<opcode="insertvalue(57) " fcode="insertvalue"/>
<opset="mrv_12/1 "/>
</bind>
</comp>

<comp id="520" class="1004" name="mrv_13_fu_520">
<pin_list>
<pin id="521" dir="0" index="0" bw="544" slack="0"/>
<pin id="522" dir="0" index="1" bw="16" slack="0"/>
<pin id="523" dir="1" index="2" bw="544" slack="0"/>
</pin_list>
<bind>
<opcode="insertvalue(57) " fcode="insertvalue"/>
<opset="mrv_13/1 "/>
</bind>
</comp>

<comp id="526" class="1004" name="mrv_14_fu_526">
<pin_list>
<pin id="527" dir="0" index="0" bw="544" slack="0"/>
<pin id="528" dir="0" index="1" bw="16" slack="0"/>
<pin id="529" dir="1" index="2" bw="544" slack="0"/>
</pin_list>
<bind>
<opcode="insertvalue(57) " fcode="insertvalue"/>
<opset="mrv_14/1 "/>
</bind>
</comp>

<comp id="532" class="1004" name="mrv_15_fu_532">
<pin_list>
<pin id="533" dir="0" index="0" bw="544" slack="0"/>
<pin id="534" dir="0" index="1" bw="16" slack="0"/>
<pin id="535" dir="1" index="2" bw="544" slack="0"/>
</pin_list>
<bind>
<opcode="insertvalue(57) " fcode="insertvalue"/>
<opset="mrv_15/1 "/>
</bind>
</comp>

<comp id="538" class="1004" name="mrv_16_fu_538">
<pin_list>
<pin id="539" dir="0" index="0" bw="544" slack="0"/>
<pin id="540" dir="0" index="1" bw="16" slack="0"/>
<pin id="541" dir="1" index="2" bw="544" slack="0"/>
</pin_list>
<bind>
<opcode="insertvalue(57) " fcode="insertvalue"/>
<opset="mrv_16/1 "/>
</bind>
</comp>

<comp id="544" class="1004" name="mrv_17_fu_544">
<pin_list>
<pin id="545" dir="0" index="0" bw="544" slack="0"/>
<pin id="546" dir="0" index="1" bw="16" slack="0"/>
<pin id="547" dir="1" index="2" bw="544" slack="0"/>
</pin_list>
<bind>
<opcode="insertvalue(57) " fcode="insertvalue"/>
<opset="mrv_17/1 "/>
</bind>
</comp>

<comp id="550" class="1004" name="mrv_18_fu_550">
<pin_list>
<pin id="551" dir="0" index="0" bw="544" slack="0"/>
<pin id="552" dir="0" index="1" bw="16" slack="0"/>
<pin id="553" dir="1" index="2" bw="544" slack="0"/>
</pin_list>
<bind>
<opcode="insertvalue(57) " fcode="insertvalue"/>
<opset="mrv_18/1 "/>
</bind>
</comp>

<comp id="556" class="1004" name="mrv_19_fu_556">
<pin_list>
<pin id="557" dir="0" index="0" bw="544" slack="0"/>
<pin id="558" dir="0" index="1" bw="16" slack="0"/>
<pin id="559" dir="1" index="2" bw="544" slack="0"/>
</pin_list>
<bind>
<opcode="insertvalue(57) " fcode="insertvalue"/>
<opset="mrv_19/1 "/>
</bind>
</comp>

<comp id="562" class="1004" name="mrv_20_fu_562">
<pin_list>
<pin id="563" dir="0" index="0" bw="544" slack="0"/>
<pin id="564" dir="0" index="1" bw="16" slack="0"/>
<pin id="565" dir="1" index="2" bw="544" slack="0"/>
</pin_list>
<bind>
<opcode="insertvalue(57) " fcode="insertvalue"/>
<opset="mrv_20/1 "/>
</bind>
</comp>

<comp id="568" class="1004" name="mrv_21_fu_568">
<pin_list>
<pin id="569" dir="0" index="0" bw="544" slack="0"/>
<pin id="570" dir="0" index="1" bw="16" slack="0"/>
<pin id="571" dir="1" index="2" bw="544" slack="0"/>
</pin_list>
<bind>
<opcode="insertvalue(57) " fcode="insertvalue"/>
<opset="mrv_21/1 "/>
</bind>
</comp>

<comp id="574" class="1004" name="mrv_22_fu_574">
<pin_list>
<pin id="575" dir="0" index="0" bw="544" slack="0"/>
<pin id="576" dir="0" index="1" bw="16" slack="0"/>
<pin id="577" dir="1" index="2" bw="544" slack="0"/>
</pin_list>
<bind>
<opcode="insertvalue(57) " fcode="insertvalue"/>
<opset="mrv_22/1 "/>
</bind>
</comp>

<comp id="580" class="1004" name="mrv_23_fu_580">
<pin_list>
<pin id="581" dir="0" index="0" bw="544" slack="0"/>
<pin id="582" dir="0" index="1" bw="16" slack="0"/>
<pin id="583" dir="1" index="2" bw="544" slack="0"/>
</pin_list>
<bind>
<opcode="insertvalue(57) " fcode="insertvalue"/>
<opset="mrv_23/1 "/>
</bind>
</comp>

<comp id="586" class="1004" name="mrv_24_fu_586">
<pin_list>
<pin id="587" dir="0" index="0" bw="544" slack="0"/>
<pin id="588" dir="0" index="1" bw="16" slack="0"/>
<pin id="589" dir="1" index="2" bw="544" slack="0"/>
</pin_list>
<bind>
<opcode="insertvalue(57) " fcode="insertvalue"/>
<opset="mrv_24/1 "/>
</bind>
</comp>

<comp id="592" class="1004" name="mrv_25_fu_592">
<pin_list>
<pin id="593" dir="0" index="0" bw="544" slack="0"/>
<pin id="594" dir="0" index="1" bw="16" slack="0"/>
<pin id="595" dir="1" index="2" bw="544" slack="0"/>
</pin_list>
<bind>
<opcode="insertvalue(57) " fcode="insertvalue"/>
<opset="mrv_25/1 "/>
</bind>
</comp>

<comp id="598" class="1004" name="mrv_26_fu_598">
<pin_list>
<pin id="599" dir="0" index="0" bw="544" slack="0"/>
<pin id="600" dir="0" index="1" bw="16" slack="0"/>
<pin id="601" dir="1" index="2" bw="544" slack="0"/>
</pin_list>
<bind>
<opcode="insertvalue(57) " fcode="insertvalue"/>
<opset="mrv_26/1 "/>
</bind>
</comp>

<comp id="604" class="1004" name="mrv_27_fu_604">
<pin_list>
<pin id="605" dir="0" index="0" bw="544" slack="0"/>
<pin id="606" dir="0" index="1" bw="16" slack="0"/>
<pin id="607" dir="1" index="2" bw="544" slack="0"/>
</pin_list>
<bind>
<opcode="insertvalue(57) " fcode="insertvalue"/>
<opset="mrv_27/1 "/>
</bind>
</comp>

<comp id="610" class="1004" name="mrv_28_fu_610">
<pin_list>
<pin id="611" dir="0" index="0" bw="544" slack="0"/>
<pin id="612" dir="0" index="1" bw="16" slack="0"/>
<pin id="613" dir="1" index="2" bw="544" slack="0"/>
</pin_list>
<bind>
<opcode="insertvalue(57) " fcode="insertvalue"/>
<opset="mrv_28/1 "/>
</bind>
</comp>

<comp id="616" class="1004" name="mrv_29_fu_616">
<pin_list>
<pin id="617" dir="0" index="0" bw="544" slack="0"/>
<pin id="618" dir="0" index="1" bw="16" slack="0"/>
<pin id="619" dir="1" index="2" bw="544" slack="0"/>
</pin_list>
<bind>
<opcode="insertvalue(57) " fcode="insertvalue"/>
<opset="mrv_29/1 "/>
</bind>
</comp>

<comp id="622" class="1004" name="mrv_30_fu_622">
<pin_list>
<pin id="623" dir="0" index="0" bw="544" slack="0"/>
<pin id="624" dir="0" index="1" bw="16" slack="0"/>
<pin id="625" dir="1" index="2" bw="544" slack="0"/>
</pin_list>
<bind>
<opcode="insertvalue(57) " fcode="insertvalue"/>
<opset="mrv_30/1 "/>
</bind>
</comp>

<comp id="628" class="1004" name="mrv_31_fu_628">
<pin_list>
<pin id="629" dir="0" index="0" bw="544" slack="0"/>
<pin id="630" dir="0" index="1" bw="16" slack="0"/>
<pin id="631" dir="1" index="2" bw="544" slack="0"/>
</pin_list>
<bind>
<opcode="insertvalue(57) " fcode="insertvalue"/>
<opset="mrv_31/1 "/>
</bind>
</comp>

<comp id="634" class="1004" name="mrv_32_fu_634">
<pin_list>
<pin id="635" dir="0" index="0" bw="544" slack="0"/>
<pin id="636" dir="0" index="1" bw="16" slack="0"/>
<pin id="637" dir="1" index="2" bw="544" slack="0"/>
</pin_list>
<bind>
<opcode="insertvalue(57) " fcode="insertvalue"/>
<opset="mrv_32/1 "/>
</bind>
</comp>

<comp id="640" class="1004" name="mrv_33_fu_640">
<pin_list>
<pin id="641" dir="0" index="0" bw="544" slack="0"/>
<pin id="642" dir="0" index="1" bw="16" slack="0"/>
<pin id="643" dir="1" index="2" bw="544" slack="2147483647"/>
</pin_list>
<bind>
<opcode="insertvalue(57) " fcode="insertvalue"/>
<opset="mrv_33/1 "/>
</bind>
</comp>

</comp_list>

<net_list>
<net id="106"><net_src comp="12" pin="0"/><net_sink comp="102" pin=0"/></net>

<net id="107"><net_src comp="2" pin="0"/><net_sink comp="102" pin=1"/></net>

<net id="112"><net_src comp="14" pin="0"/><net_sink comp="108" pin=0"/></net>

<net id="113"><net_src comp="0" pin="0"/><net_sink comp="108" pin=1"/></net>

<net id="117"><net_src comp="108" pin="2"/><net_sink comp="114" pin=0"/></net>

<net id="124"><net_src comp="16" pin="0"/><net_sink comp="118" pin=0"/></net>

<net id="125"><net_src comp="108" pin="2"/><net_sink comp="118" pin=1"/></net>

<net id="126"><net_src comp="18" pin="0"/><net_sink comp="118" pin=2"/></net>

<net id="127"><net_src comp="20" pin="0"/><net_sink comp="118" pin=3"/></net>

<net id="134"><net_src comp="16" pin="0"/><net_sink comp="128" pin=0"/></net>

<net id="135"><net_src comp="108" pin="2"/><net_sink comp="128" pin=1"/></net>

<net id="136"><net_src comp="22" pin="0"/><net_sink comp="128" pin=2"/></net>

<net id="137"><net_src comp="24" pin="0"/><net_sink comp="128" pin=3"/></net>

<net id="144"><net_src comp="16" pin="0"/><net_sink comp="138" pin=0"/></net>

<net id="145"><net_src comp="108" pin="2"/><net_sink comp="138" pin=1"/></net>

<net id="146"><net_src comp="26" pin="0"/><net_sink comp="138" pin=2"/></net>

<net id="147"><net_src comp="28" pin="0"/><net_sink comp="138" pin=3"/></net>

<net id="154"><net_src comp="16" pin="0"/><net_sink comp="148" pin=0"/></net>

<net id="155"><net_src comp="108" pin="2"/><net_sink comp="148" pin=1"/></net>

<net id="156"><net_src comp="30" pin="0"/><net_sink comp="148" pin=2"/></net>

<net id="157"><net_src comp="32" pin="0"/><net_sink comp="148" pin=3"/></net>

<net id="164"><net_src comp="16" pin="0"/><net_sink comp="158" pin=0"/></net>

<net id="165"><net_src comp="108" pin="2"/><net_sink comp="158" pin=1"/></net>

<net id="166"><net_src comp="34" pin="0"/><net_sink comp="158" pin=2"/></net>

<net id="167"><net_src comp="36" pin="0"/><net_sink comp="158" pin=3"/></net>

<net id="174"><net_src comp="16" pin="0"/><net_sink comp="168" pin=0"/></net>

<net id="175"><net_src comp="108" pin="2"/><net_sink comp="168" pin=1"/></net>

<net id="176"><net_src comp="38" pin="0"/><net_sink comp="168" pin=2"/></net>

<net id="177"><net_src comp="40" pin="0"/><net_sink comp="168" pin=3"/></net>

<net id="184"><net_src comp="16" pin="0"/><net_sink comp="178" pin=0"/></net>

<net id="185"><net_src comp="108" pin="2"/><net_sink comp="178" pin=1"/></net>

<net id="186"><net_src comp="42" pin="0"/><net_sink comp="178" pin=2"/></net>

<net id="187"><net_src comp="44" pin="0"/><net_sink comp="178" pin=3"/></net>

<net id="194"><net_src comp="16" pin="0"/><net_sink comp="188" pin=0"/></net>

<net id="195"><net_src comp="108" pin="2"/><net_sink comp="188" pin=1"/></net>

<net id="196"><net_src comp="46" pin="0"/><net_sink comp="188" pin=2"/></net>

<net id="197"><net_src comp="48" pin="0"/><net_sink comp="188" pin=3"/></net>

<net id="204"><net_src comp="16" pin="0"/><net_sink comp="198" pin=0"/></net>

<net id="205"><net_src comp="108" pin="2"/><net_sink comp="198" pin=1"/></net>

<net id="206"><net_src comp="50" pin="0"/><net_sink comp="198" pin=2"/></net>

<net id="207"><net_src comp="52" pin="0"/><net_sink comp="198" pin=3"/></net>

<net id="214"><net_src comp="16" pin="0"/><net_sink comp="208" pin=0"/></net>

<net id="215"><net_src comp="108" pin="2"/><net_sink comp="208" pin=1"/></net>

<net id="216"><net_src comp="54" pin="0"/><net_sink comp="208" pin=2"/></net>

<net id="217"><net_src comp="56" pin="0"/><net_sink comp="208" pin=3"/></net>

<net id="224"><net_src comp="16" pin="0"/><net_sink comp="218" pin=0"/></net>

<net id="225"><net_src comp="108" pin="2"/><net_sink comp="218" pin=1"/></net>

<net id="226"><net_src comp="58" pin="0"/><net_sink comp="218" pin=2"/></net>

<net id="227"><net_src comp="60" pin="0"/><net_sink comp="218" pin=3"/></net>

<net id="234"><net_src comp="16" pin="0"/><net_sink comp="228" pin=0"/></net>

<net id="235"><net_src comp="108" pin="2"/><net_sink comp="228" pin=1"/></net>

<net id="236"><net_src comp="62" pin="0"/><net_sink comp="228" pin=2"/></net>

<net id="237"><net_src comp="64" pin="0"/><net_sink comp="228" pin=3"/></net>

<net id="244"><net_src comp="16" pin="0"/><net_sink comp="238" pin=0"/></net>

<net id="245"><net_src comp="108" pin="2"/><net_sink comp="238" pin=1"/></net>

<net id="246"><net_src comp="66" pin="0"/><net_sink comp="238" pin=2"/></net>

<net id="247"><net_src comp="68" pin="0"/><net_sink comp="238" pin=3"/></net>

<net id="254"><net_src comp="16" pin="0"/><net_sink comp="248" pin=0"/></net>

<net id="255"><net_src comp="108" pin="2"/><net_sink comp="248" pin=1"/></net>

<net id="256"><net_src comp="70" pin="0"/><net_sink comp="248" pin=2"/></net>

<net id="257"><net_src comp="72" pin="0"/><net_sink comp="248" pin=3"/></net>

<net id="264"><net_src comp="16" pin="0"/><net_sink comp="258" pin=0"/></net>

<net id="265"><net_src comp="108" pin="2"/><net_sink comp="258" pin=1"/></net>

<net id="266"><net_src comp="74" pin="0"/><net_sink comp="258" pin=2"/></net>

<net id="267"><net_src comp="76" pin="0"/><net_sink comp="258" pin=3"/></net>

<net id="274"><net_src comp="16" pin="0"/><net_sink comp="268" pin=0"/></net>

<net id="275"><net_src comp="108" pin="2"/><net_sink comp="268" pin=1"/></net>

<net id="276"><net_src comp="78" pin="0"/><net_sink comp="268" pin=2"/></net>

<net id="277"><net_src comp="80" pin="0"/><net_sink comp="268" pin=3"/></net>

<net id="284"><net_src comp="16" pin="0"/><net_sink comp="278" pin=0"/></net>

<net id="285"><net_src comp="108" pin="2"/><net_sink comp="278" pin=1"/></net>

<net id="286"><net_src comp="82" pin="0"/><net_sink comp="278" pin=2"/></net>

<net id="287"><net_src comp="84" pin="0"/><net_sink comp="278" pin=3"/></net>

<net id="294"><net_src comp="16" pin="0"/><net_sink comp="288" pin=0"/></net>

<net id="295"><net_src comp="108" pin="2"/><net_sink comp="288" pin=1"/></net>

<net id="296"><net_src comp="86" pin="0"/><net_sink comp="288" pin=2"/></net>

<net id="297"><net_src comp="88" pin="0"/><net_sink comp="288" pin=3"/></net>

<net id="304"><net_src comp="16" pin="0"/><net_sink comp="298" pin=0"/></net>

<net id="305"><net_src comp="108" pin="2"/><net_sink comp="298" pin=1"/></net>

<net id="306"><net_src comp="90" pin="0"/><net_sink comp="298" pin=2"/></net>

<net id="307"><net_src comp="92" pin="0"/><net_sink comp="298" pin=3"/></net>

<net id="314"><net_src comp="16" pin="0"/><net_sink comp="308" pin=0"/></net>

<net id="315"><net_src comp="108" pin="2"/><net_sink comp="308" pin=1"/></net>

<net id="316"><net_src comp="94" pin="0"/><net_sink comp="308" pin=2"/></net>

<net id="317"><net_src comp="96" pin="0"/><net_sink comp="308" pin=3"/></net>

<net id="321"><net_src comp="102" pin="2"/><net_sink comp="318" pin=0"/></net>

<net id="328"><net_src comp="98" pin="0"/><net_sink comp="322" pin=0"/></net>

<net id="329"><net_src comp="102" pin="2"/><net_sink comp="322" pin=1"/></net>

<net id="330"><net_src comp="18" pin="0"/><net_sink comp="322" pin=2"/></net>

<net id="331"><net_src comp="20" pin="0"/><net_sink comp="322" pin=3"/></net>

<net id="338"><net_src comp="98" pin="0"/><net_sink comp="332" pin=0"/></net>

<net id="339"><net_src comp="102" pin="2"/><net_sink comp="332" pin=1"/></net>

<net id="340"><net_src comp="22" pin="0"/><net_sink comp="332" pin=2"/></net>

<net id="341"><net_src comp="24" pin="0"/><net_sink comp="332" pin=3"/></net>

<net id="348"><net_src comp="98" pin="0"/><net_sink comp="342" pin=0"/></net>

<net id="349"><net_src comp="102" pin="2"/><net_sink comp="342" pin=1"/></net>

<net id="350"><net_src comp="26" pin="0"/><net_sink comp="342" pin=2"/></net>

<net id="351"><net_src comp="28" pin="0"/><net_sink comp="342" pin=3"/></net>

<net id="358"><net_src comp="98" pin="0"/><net_sink comp="352" pin=0"/></net>

<net id="359"><net_src comp="102" pin="2"/><net_sink comp="352" pin=1"/></net>

<net id="360"><net_src comp="30" pin="0"/><net_sink comp="352" pin=2"/></net>

<net id="361"><net_src comp="32" pin="0"/><net_sink comp="352" pin=3"/></net>

<net id="368"><net_src comp="98" pin="0"/><net_sink comp="362" pin=0"/></net>

<net id="369"><net_src comp="102" pin="2"/><net_sink comp="362" pin=1"/></net>

<net id="370"><net_src comp="34" pin="0"/><net_sink comp="362" pin=2"/></net>

<net id="371"><net_src comp="36" pin="0"/><net_sink comp="362" pin=3"/></net>

<net id="378"><net_src comp="98" pin="0"/><net_sink comp="372" pin=0"/></net>

<net id="379"><net_src comp="102" pin="2"/><net_sink comp="372" pin=1"/></net>

<net id="380"><net_src comp="38" pin="0"/><net_sink comp="372" pin=2"/></net>

<net id="381"><net_src comp="40" pin="0"/><net_sink comp="372" pin=3"/></net>

<net id="388"><net_src comp="98" pin="0"/><net_sink comp="382" pin=0"/></net>

<net id="389"><net_src comp="102" pin="2"/><net_sink comp="382" pin=1"/></net>

<net id="390"><net_src comp="42" pin="0"/><net_sink comp="382" pin=2"/></net>

<net id="391"><net_src comp="44" pin="0"/><net_sink comp="382" pin=3"/></net>

<net id="398"><net_src comp="98" pin="0"/><net_sink comp="392" pin=0"/></net>

<net id="399"><net_src comp="102" pin="2"/><net_sink comp="392" pin=1"/></net>

<net id="400"><net_src comp="46" pin="0"/><net_sink comp="392" pin=2"/></net>

<net id="401"><net_src comp="48" pin="0"/><net_sink comp="392" pin=3"/></net>

<net id="408"><net_src comp="98" pin="0"/><net_sink comp="402" pin=0"/></net>

<net id="409"><net_src comp="102" pin="2"/><net_sink comp="402" pin=1"/></net>

<net id="410"><net_src comp="50" pin="0"/><net_sink comp="402" pin=2"/></net>

<net id="411"><net_src comp="52" pin="0"/><net_sink comp="402" pin=3"/></net>

<net id="418"><net_src comp="98" pin="0"/><net_sink comp="412" pin=0"/></net>

<net id="419"><net_src comp="102" pin="2"/><net_sink comp="412" pin=1"/></net>

<net id="420"><net_src comp="54" pin="0"/><net_sink comp="412" pin=2"/></net>

<net id="421"><net_src comp="56" pin="0"/><net_sink comp="412" pin=3"/></net>

<net id="428"><net_src comp="98" pin="0"/><net_sink comp="422" pin=0"/></net>

<net id="429"><net_src comp="102" pin="2"/><net_sink comp="422" pin=1"/></net>

<net id="430"><net_src comp="58" pin="0"/><net_sink comp="422" pin=2"/></net>

<net id="431"><net_src comp="60" pin="0"/><net_sink comp="422" pin=3"/></net>

<net id="438"><net_src comp="98" pin="0"/><net_sink comp="432" pin=0"/></net>

<net id="439"><net_src comp="102" pin="2"/><net_sink comp="432" pin=1"/></net>

<net id="440"><net_src comp="62" pin="0"/><net_sink comp="432" pin=2"/></net>

<net id="441"><net_src comp="64" pin="0"/><net_sink comp="432" pin=3"/></net>

<net id="446"><net_src comp="100" pin="0"/><net_sink comp="442" pin=0"/></net>

<net id="447"><net_src comp="114" pin="1"/><net_sink comp="442" pin=1"/></net>

<net id="452"><net_src comp="442" pin="2"/><net_sink comp="448" pin=0"/></net>

<net id="453"><net_src comp="118" pin="4"/><net_sink comp="448" pin=1"/></net>

<net id="458"><net_src comp="448" pin="2"/><net_sink comp="454" pin=0"/></net>

<net id="459"><net_src comp="128" pin="4"/><net_sink comp="454" pin=1"/></net>

<net id="464"><net_src comp="454" pin="2"/><net_sink comp="460" pin=0"/></net>

<net id="465"><net_src comp="138" pin="4"/><net_sink comp="460" pin=1"/></net>

<net id="470"><net_src comp="460" pin="2"/><net_sink comp="466" pin=0"/></net>

<net id="471"><net_src comp="148" pin="4"/><net_sink comp="466" pin=1"/></net>

<net id="476"><net_src comp="466" pin="2"/><net_sink comp="472" pin=0"/></net>

<net id="477"><net_src comp="158" pin="4"/><net_sink comp="472" pin=1"/></net>

<net id="482"><net_src comp="472" pin="2"/><net_sink comp="478" pin=0"/></net>

<net id="483"><net_src comp="168" pin="4"/><net_sink comp="478" pin=1"/></net>

<net id="488"><net_src comp="478" pin="2"/><net_sink comp="484" pin=0"/></net>

<net id="489"><net_src comp="178" pin="4"/><net_sink comp="484" pin=1"/></net>

<net id="494"><net_src comp="484" pin="2"/><net_sink comp="490" pin=0"/></net>

<net id="495"><net_src comp="188" pin="4"/><net_sink comp="490" pin=1"/></net>

<net id="500"><net_src comp="490" pin="2"/><net_sink comp="496" pin=0"/></net>

<net id="501"><net_src comp="198" pin="4"/><net_sink comp="496" pin=1"/></net>

<net id="506"><net_src comp="496" pin="2"/><net_sink comp="502" pin=0"/></net>

<net id="507"><net_src comp="208" pin="4"/><net_sink comp="502" pin=1"/></net>

<net id="512"><net_src comp="502" pin="2"/><net_sink comp="508" pin=0"/></net>

<net id="513"><net_src comp="218" pin="4"/><net_sink comp="508" pin=1"/></net>

<net id="518"><net_src comp="508" pin="2"/><net_sink comp="514" pin=0"/></net>

<net id="519"><net_src comp="228" pin="4"/><net_sink comp="514" pin=1"/></net>

<net id="524"><net_src comp="514" pin="2"/><net_sink comp="520" pin=0"/></net>

<net id="525"><net_src comp="238" pin="4"/><net_sink comp="520" pin=1"/></net>

<net id="530"><net_src comp="520" pin="2"/><net_sink comp="526" pin=0"/></net>

<net id="531"><net_src comp="248" pin="4"/><net_sink comp="526" pin=1"/></net>

<net id="536"><net_src comp="526" pin="2"/><net_sink comp="532" pin=0"/></net>

<net id="537"><net_src comp="258" pin="4"/><net_sink comp="532" pin=1"/></net>

<net id="542"><net_src comp="532" pin="2"/><net_sink comp="538" pin=0"/></net>

<net id="543"><net_src comp="268" pin="4"/><net_sink comp="538" pin=1"/></net>

<net id="548"><net_src comp="538" pin="2"/><net_sink comp="544" pin=0"/></net>

<net id="549"><net_src comp="278" pin="4"/><net_sink comp="544" pin=1"/></net>

<net id="554"><net_src comp="544" pin="2"/><net_sink comp="550" pin=0"/></net>

<net id="555"><net_src comp="288" pin="4"/><net_sink comp="550" pin=1"/></net>

<net id="560"><net_src comp="550" pin="2"/><net_sink comp="556" pin=0"/></net>

<net id="561"><net_src comp="298" pin="4"/><net_sink comp="556" pin=1"/></net>

<net id="566"><net_src comp="556" pin="2"/><net_sink comp="562" pin=0"/></net>

<net id="567"><net_src comp="308" pin="4"/><net_sink comp="562" pin=1"/></net>

<net id="572"><net_src comp="562" pin="2"/><net_sink comp="568" pin=0"/></net>

<net id="573"><net_src comp="318" pin="1"/><net_sink comp="568" pin=1"/></net>

<net id="578"><net_src comp="568" pin="2"/><net_sink comp="574" pin=0"/></net>

<net id="579"><net_src comp="322" pin="4"/><net_sink comp="574" pin=1"/></net>

<net id="584"><net_src comp="574" pin="2"/><net_sink comp="580" pin=0"/></net>

<net id="585"><net_src comp="332" pin="4"/><net_sink comp="580" pin=1"/></net>

<net id="590"><net_src comp="580" pin="2"/><net_sink comp="586" pin=0"/></net>

<net id="591"><net_src comp="342" pin="4"/><net_sink comp="586" pin=1"/></net>

<net id="596"><net_src comp="586" pin="2"/><net_sink comp="592" pin=0"/></net>

<net id="597"><net_src comp="352" pin="4"/><net_sink comp="592" pin=1"/></net>

<net id="602"><net_src comp="592" pin="2"/><net_sink comp="598" pin=0"/></net>

<net id="603"><net_src comp="362" pin="4"/><net_sink comp="598" pin=1"/></net>

<net id="608"><net_src comp="598" pin="2"/><net_sink comp="604" pin=0"/></net>

<net id="609"><net_src comp="372" pin="4"/><net_sink comp="604" pin=1"/></net>

<net id="614"><net_src comp="604" pin="2"/><net_sink comp="610" pin=0"/></net>

<net id="615"><net_src comp="382" pin="4"/><net_sink comp="610" pin=1"/></net>

<net id="620"><net_src comp="610" pin="2"/><net_sink comp="616" pin=0"/></net>

<net id="621"><net_src comp="392" pin="4"/><net_sink comp="616" pin=1"/></net>

<net id="626"><net_src comp="616" pin="2"/><net_sink comp="622" pin=0"/></net>

<net id="627"><net_src comp="402" pin="4"/><net_sink comp="622" pin=1"/></net>

<net id="632"><net_src comp="622" pin="2"/><net_sink comp="628" pin=0"/></net>

<net id="633"><net_src comp="412" pin="4"/><net_sink comp="628" pin=1"/></net>

<net id="638"><net_src comp="628" pin="2"/><net_sink comp="634" pin=0"/></net>

<net id="639"><net_src comp="422" pin="4"/><net_sink comp="634" pin=1"/></net>

<net id="644"><net_src comp="634" pin="2"/><net_sink comp="640" pin=0"/></net>

<net id="645"><net_src comp="432" pin="4"/><net_sink comp="640" pin=1"/></net>

</net_list>

</model> 
---------------- Datapath Model END ------------------

* FSMD analyzer results:
  - Output states:
 - Input state : 
	Port: concatenate1d<ap_fixed,ap_fixed,ap_fixed<16,6,5,3,0>,config3> : data1_val | {1 }
	Port: concatenate1d<ap_fixed,ap_fixed,ap_fixed<16,6,5,3,0>,config3> : data2_val | {1 }
  - Chain level:
	State 1
		mrv : 1
		mrv_1 : 2
		mrv_2 : 3
		mrv_3 : 4
		mrv_4 : 5
		mrv_5 : 6
		mrv_6 : 7
		mrv_7 : 8
		mrv_8 : 9
		mrv_9 : 10
		mrv_10 : 11
		mrv_11 : 12
		mrv_12 : 13
		mrv_13 : 14
		mrv_14 : 15
		mrv_15 : 16
		mrv_16 : 17
		mrv_17 : 18
		mrv_18 : 19
		mrv_19 : 20
		mrv_20 : 21
		mrv_21 : 22
		mrv_22 : 23
		mrv_23 : 24
		mrv_24 : 25
		mrv_25 : 26
		mrv_26 : 27
		mrv_27 : 28
		mrv_28 : 29
		mrv_29 : 30
		mrv_30 : 31
		mrv_31 : 32
		mrv_32 : 33
		mrv_33 : 34
		ret_ln125 : 35


============================================================
+ Verbose Summary: Datapath Resource usage 
============================================================

* Functional unit list:
|----------|----------------------------|
| Operation|       Functional Unit      |
|----------|----------------------------|
|   read   | data2_val_read_read_fu_102 |
|          | data1_val_read_read_fu_108 |
|----------|----------------------------|
|   trunc  |     trunc_ln120_fu_114     |
|          |     trunc_ln123_fu_318     |
|----------|----------------------------|
|          |        res_s_fu_118        |
|          |        res_1_fu_128        |
|          |        res_2_fu_138        |
|          |        res_3_fu_148        |
|          |        res_4_fu_158        |
|          |        res_5_fu_168        |
|          |        res_6_fu_178        |
|          |        res_7_fu_188        |
|          |        res_8_fu_198        |
|          |        res_9_fu_208        |
|          |        res_10_fu_218       |
|          |        res_11_fu_228       |
|          |        res_12_fu_238       |
|          |        res_13_fu_248       |
|          |        res_14_fu_258       |
|partselect|        res_15_fu_268       |
|          |        res_16_fu_278       |
|          |        res_17_fu_288       |
|          |        res_18_fu_298       |
|          |        res_19_fu_308       |
|          |        res_20_fu_322       |
|          |        res_21_fu_332       |
|          |        res_22_fu_342       |
|          |        res_23_fu_352       |
|          |        res_24_fu_362       |
|          |        res_25_fu_372       |
|          |        res_26_fu_382       |
|          |        res_27_fu_392       |
|          |        res_28_fu_402       |
|          |        res_29_fu_412       |
|          |        res_30_fu_422       |
|          |        res_31_fu_432       |
|----------|----------------------------|
|          |         mrv_fu_442         |
|          |        mrv_1_fu_448        |
|          |        mrv_2_fu_454        |
|          |        mrv_3_fu_460        |
|          |        mrv_4_fu_466        |
|          |        mrv_5_fu_472        |
|          |        mrv_6_fu_478        |
|          |        mrv_7_fu_484        |
|          |        mrv_8_fu_490        |
|          |        mrv_9_fu_496        |
|          |        mrv_10_fu_502       |
|          |        mrv_11_fu_508       |
|          |        mrv_12_fu_514       |
|          |        mrv_13_fu_520       |
|          |        mrv_14_fu_526       |
|          |        mrv_15_fu_532       |
|insertvalue|        mrv_16_fu_538       |
|          |        mrv_17_fu_544       |
|          |        mrv_18_fu_550       |
|          |        mrv_19_fu_556       |
|          |        mrv_20_fu_562       |
|          |        mrv_21_fu_568       |
|          |        mrv_22_fu_574       |
|          |        mrv_23_fu_580       |
|          |        mrv_24_fu_586       |
|          |        mrv_25_fu_592       |
|          |        mrv_26_fu_598       |
|          |        mrv_27_fu_604       |
|          |        mrv_28_fu_610       |
|          |        mrv_29_fu_616       |
|          |        mrv_30_fu_622       |
|          |        mrv_31_fu_628       |
|          |        mrv_32_fu_634       |
|          |        mrv_33_fu_640       |
|----------|----------------------------|
|   Total  |                            |
|----------|----------------------------|

Memories:
N/A

* Register list:
N/A

* Multiplexer (MUX) list: 
|--------|------|------|------|--------|
|  Comp  |  Pin | Size |  BW  | S x BW |
|--------|------|------|------|--------|
|  Total |      |      |      |    0   |
|--------|------|------|------|--------|



* Summary:
+-----------+
|           |
+-----------+
|  Function |
|   Memory  |
|Multiplexer|
|  Register |
+-----------+
|   Total   |
+-----------+
