

================================================================
== Vitis HLS Report for 'myproject'
================================================================
* Date:           Mon Feb 23 22:02:34 2026

* Version:        2024.1 (Build 5069499 on May 21 2024)
* Project:        myproject_prj
* Solution:       solution1 (Vivado IP Flow Target)
* Product family: zynq
* Target device:  xc7z020-clg400-1


================================================================
== Performance Estimates
================================================================
+ Timing: 
    * Summary: 
    +--------+---------+----------+------------+
    |  Clock |  Target | Estimated| Uncertainty|
    +--------+---------+----------+------------+
    |ap_clk  |  5.00 ns|  4.302 ns|     0.62 ns|
    +--------+---------+----------+------------+

+ Latency: 
    * Summary: 
    +---------+---------+----------+----------+-----+-----+---------+
    |  Latency (cycles) |  Latency (absolute) |  Interval | Pipeline|
    |   min   |   max   |    min   |    max   | min | max |   Type  |
    +---------+---------+----------+----------+-----+-----+---------+
    |       24|       24|  0.120 us|  0.120 us|    1|    1|      yes|
    +---------+---------+----------+----------+-----+-----+---------+

    + Detail: 
        * Instance: 
        N/A

        * Loop: 
        N/A

============================================================
+ Verbose Summary: Synthesis Manager
============================================================
InlineROM: 1
ExposeGlobal: 0
============================================================
+ Verbose Summary: CDFG Model
============================================================
IsTopModel: 1
ResetActiveHigh: 1
IsCombinational: 0
IsDatapathOnly: 0
HasWiredReturn: 1
HasMFsm: 2
HasVarLatency: 0
IsPipeline: 1
IsRtlPipelined: 1
IsInstanceOverlapped: 0
IsDontTouch: 0
HasImplIP: 0
IsGatedGlobalClock: 0

+ Individual pipeline summary: 
  * Pipeline-0: initiation interval (II) = 1, depth = 25


============================================================
+ Verbose Summary: Schedule
============================================================
* Number of FSM states : 25
* Pipeline : 1
  Pipeline-0 : II = 1, D = 25, States = { 1 2 3 4 5 6 7 8 9 10 11 12 13 14 15 16 17 18 19 20 21 22 23 24 25 }
* Dataflow Pipeline: 0

* FSM state transitions: 
1 --> 2 
2 --> 3 
3 --> 4 
4 --> 5 
5 --> 6 
6 --> 7 
7 --> 8 
8 --> 9 
9 --> 10 
10 --> 11 
11 --> 12 
12 --> 13 
13 --> 14 
14 --> 15 
15 --> 16 
16 --> 17 
17 --> 18 
18 --> 19 
19 --> 20 
20 --> 21 
21 --> 22 
22 --> 23 
23 --> 24 
24 --> 25 
25 --> 

* FSM state operations: 

State 1 <SV = 0> <Delay = 4.30>
ST_1 : Operation 26 [1/1] (0.00ns)   --->   "%x_profile_read = read i336 @_ssdm_op_Read.ap_vld.i336P0A, i336 %x_profile"   --->   Operation 26 'read' 'x_profile_read' <Predicate = true> <Delay = 0.00>
ST_1 : Operation 27 [1/1] (0.00ns)   --->   "%y_profile_read = read i208 @_ssdm_op_Read.ap_vld.i208P0A, i208 %y_profile"   --->   Operation 27 'read' 'y_profile_read' <Predicate = true> <Delay = 0.00>
ST_1 : Operation 28 [1/1] (0.00ns)   --->   "%call_ret1 = call i544 @concatenate1d<ap_fixed,ap_fixed,ap_fixed<16,6,5,3,0>,config3>, i336 %x_profile_read, i208 %y_profile_read" [firmware/myproject.cpp:47]   --->   Operation 28 'call' 'call_ret1' <Predicate = true> <Delay = 0.00> <CoreType = "Generic">   --->   Core 0 '' <Latency = 0> <II = 1> <Delay = 1.00> <Generic> <Opcode : >
ST_1 : Operation 29 [1/1] (0.00ns)   --->   "%layer3_out = extractvalue i544 %call_ret1" [firmware/myproject.cpp:47]   --->   Operation 29 'extractvalue' 'layer3_out' <Predicate = true> <Delay = 0.00>
ST_1 : Operation 30 [1/1] (0.00ns)   --->   "%layer3_out_1 = extractvalue i544 %call_ret1" [firmware/myproject.cpp:47]   --->   Operation 30 'extractvalue' 'layer3_out_1' <Predicate = true> <Delay = 0.00>
ST_1 : Operation 31 [1/1] (0.00ns)   --->   "%layer3_out_2 = extractvalue i544 %call_ret1" [firmware/myproject.cpp:47]   --->   Operation 31 'extractvalue' 'layer3_out_2' <Predicate = true> <Delay = 0.00>
ST_1 : Operation 32 [1/1] (0.00ns)   --->   "%layer3_out_3 = extractvalue i544 %call_ret1" [firmware/myproject.cpp:47]   --->   Operation 32 'extractvalue' 'layer3_out_3' <Predicate = true> <Delay = 0.00>
ST_1 : Operation 33 [1/1] (0.00ns)   --->   "%layer3_out_4 = extractvalue i544 %call_ret1" [firmware/myproject.cpp:47]   --->   Operation 33 'extractvalue' 'layer3_out_4' <Predicate = true> <Delay = 0.00>
ST_1 : Operation 34 [1/1] (0.00ns)   --->   "%layer3_out_5 = extractvalue i544 %call_ret1" [firmware/myproject.cpp:47]   --->   Operation 34 'extractvalue' 'layer3_out_5' <Predicate = true> <Delay = 0.00>
ST_1 : Operation 35 [1/1] (0.00ns)   --->   "%layer3_out_6 = extractvalue i544 %call_ret1" [firmware/myproject.cpp:47]   --->   Operation 35 'extractvalue' 'layer3_out_6' <Predicate = true> <Delay = 0.00>
ST_1 : Operation 36 [1/1] (0.00ns)   --->   "%layer3_out_7 = extractvalue i544 %call_ret1" [firmware/myproject.cpp:47]   --->   Operation 36 'extractvalue' 'layer3_out_7' <Predicate = true> <Delay = 0.00>
ST_1 : Operation 37 [1/1] (0.00ns)   --->   "%layer3_out_8 = extractvalue i544 %call_ret1" [firmware/myproject.cpp:47]   --->   Operation 37 'extractvalue' 'layer3_out_8' <Predicate = true> <Delay = 0.00>
ST_1 : Operation 38 [1/1] (0.00ns)   --->   "%layer3_out_9 = extractvalue i544 %call_ret1" [firmware/myproject.cpp:47]   --->   Operation 38 'extractvalue' 'layer3_out_9' <Predicate = true> <Delay = 0.00>
ST_1 : Operation 39 [1/1] (0.00ns)   --->   "%layer3_out_10 = extractvalue i544 %call_ret1" [firmware/myproject.cpp:47]   --->   Operation 39 'extractvalue' 'layer3_out_10' <Predicate = true> <Delay = 0.00>
ST_1 : Operation 40 [1/1] (0.00ns)   --->   "%layer3_out_11 = extractvalue i544 %call_ret1" [firmware/myproject.cpp:47]   --->   Operation 40 'extractvalue' 'layer3_out_11' <Predicate = true> <Delay = 0.00>
ST_1 : Operation 41 [1/1] (0.00ns)   --->   "%layer3_out_12 = extractvalue i544 %call_ret1" [firmware/myproject.cpp:47]   --->   Operation 41 'extractvalue' 'layer3_out_12' <Predicate = true> <Delay = 0.00>
ST_1 : Operation 42 [1/1] (0.00ns)   --->   "%layer3_out_13 = extractvalue i544 %call_ret1" [firmware/myproject.cpp:47]   --->   Operation 42 'extractvalue' 'layer3_out_13' <Predicate = true> <Delay = 0.00>
ST_1 : Operation 43 [1/1] (0.00ns)   --->   "%layer3_out_14 = extractvalue i544 %call_ret1" [firmware/myproject.cpp:47]   --->   Operation 43 'extractvalue' 'layer3_out_14' <Predicate = true> <Delay = 0.00>
ST_1 : Operation 44 [1/1] (0.00ns)   --->   "%layer3_out_15 = extractvalue i544 %call_ret1" [firmware/myproject.cpp:47]   --->   Operation 44 'extractvalue' 'layer3_out_15' <Predicate = true> <Delay = 0.00>
ST_1 : Operation 45 [1/1] (0.00ns)   --->   "%layer3_out_16 = extractvalue i544 %call_ret1" [firmware/myproject.cpp:47]   --->   Operation 45 'extractvalue' 'layer3_out_16' <Predicate = true> <Delay = 0.00>
ST_1 : Operation 46 [1/1] (0.00ns)   --->   "%layer3_out_17 = extractvalue i544 %call_ret1" [firmware/myproject.cpp:47]   --->   Operation 46 'extractvalue' 'layer3_out_17' <Predicate = true> <Delay = 0.00>
ST_1 : Operation 47 [1/1] (0.00ns)   --->   "%layer3_out_18 = extractvalue i544 %call_ret1" [firmware/myproject.cpp:47]   --->   Operation 47 'extractvalue' 'layer3_out_18' <Predicate = true> <Delay = 0.00>
ST_1 : Operation 48 [1/1] (0.00ns)   --->   "%layer3_out_19 = extractvalue i544 %call_ret1" [firmware/myproject.cpp:47]   --->   Operation 48 'extractvalue' 'layer3_out_19' <Predicate = true> <Delay = 0.00>
ST_1 : Operation 49 [1/1] (0.00ns)   --->   "%layer3_out_20 = extractvalue i544 %call_ret1" [firmware/myproject.cpp:47]   --->   Operation 49 'extractvalue' 'layer3_out_20' <Predicate = true> <Delay = 0.00>
ST_1 : Operation 50 [1/1] (0.00ns)   --->   "%layer3_out_21 = extractvalue i544 %call_ret1" [firmware/myproject.cpp:47]   --->   Operation 50 'extractvalue' 'layer3_out_21' <Predicate = true> <Delay = 0.00>
ST_1 : Operation 51 [1/1] (0.00ns)   --->   "%layer3_out_22 = extractvalue i544 %call_ret1" [firmware/myproject.cpp:47]   --->   Operation 51 'extractvalue' 'layer3_out_22' <Predicate = true> <Delay = 0.00>
ST_1 : Operation 52 [1/1] (0.00ns)   --->   "%layer3_out_23 = extractvalue i544 %call_ret1" [firmware/myproject.cpp:47]   --->   Operation 52 'extractvalue' 'layer3_out_23' <Predicate = true> <Delay = 0.00>
ST_1 : Operation 53 [1/1] (0.00ns)   --->   "%layer3_out_24 = extractvalue i544 %call_ret1" [firmware/myproject.cpp:47]   --->   Operation 53 'extractvalue' 'layer3_out_24' <Predicate = true> <Delay = 0.00>
ST_1 : Operation 54 [1/1] (0.00ns)   --->   "%layer3_out_25 = extractvalue i544 %call_ret1" [firmware/myproject.cpp:47]   --->   Operation 54 'extractvalue' 'layer3_out_25' <Predicate = true> <Delay = 0.00>
ST_1 : Operation 55 [1/1] (0.00ns)   --->   "%layer3_out_26 = extractvalue i544 %call_ret1" [firmware/myproject.cpp:47]   --->   Operation 55 'extractvalue' 'layer3_out_26' <Predicate = true> <Delay = 0.00>
ST_1 : Operation 56 [1/1] (0.00ns)   --->   "%layer3_out_27 = extractvalue i544 %call_ret1" [firmware/myproject.cpp:47]   --->   Operation 56 'extractvalue' 'layer3_out_27' <Predicate = true> <Delay = 0.00>
ST_1 : Operation 57 [1/1] (0.00ns)   --->   "%layer3_out_28 = extractvalue i544 %call_ret1" [firmware/myproject.cpp:47]   --->   Operation 57 'extractvalue' 'layer3_out_28' <Predicate = true> <Delay = 0.00>
ST_1 : Operation 58 [1/1] (0.00ns)   --->   "%layer3_out_29 = extractvalue i544 %call_ret1" [firmware/myproject.cpp:47]   --->   Operation 58 'extractvalue' 'layer3_out_29' <Predicate = true> <Delay = 0.00>
ST_1 : Operation 59 [1/1] (0.00ns)   --->   "%layer3_out_30 = extractvalue i544 %call_ret1" [firmware/myproject.cpp:47]   --->   Operation 59 'extractvalue' 'layer3_out_30' <Predicate = true> <Delay = 0.00>
ST_1 : Operation 60 [1/1] (0.00ns)   --->   "%layer3_out_31 = extractvalue i544 %call_ret1" [firmware/myproject.cpp:47]   --->   Operation 60 'extractvalue' 'layer3_out_31' <Predicate = true> <Delay = 0.00>
ST_1 : Operation 61 [1/1] (0.00ns)   --->   "%layer3_out_32 = extractvalue i544 %call_ret1" [firmware/myproject.cpp:47]   --->   Operation 61 'extractvalue' 'layer3_out_32' <Predicate = true> <Delay = 0.00>
ST_1 : Operation 62 [1/1] (0.00ns)   --->   "%layer3_out_33 = extractvalue i544 %call_ret1" [firmware/myproject.cpp:47]   --->   Operation 62 'extractvalue' 'layer3_out_33' <Predicate = true> <Delay = 0.00>
ST_1 : Operation 63 [1/1] (0.00ns)   --->   "%y_local_read = read i16 @_ssdm_op_Read.ap_vld.i16P0A, i16 %y_local"   --->   Operation 63 'read' 'y_local_read' <Predicate = true> <Delay = 0.00>
ST_1 : Operation 64 [1/1] (0.00ns)   --->   "%call_ret2 = call i560 @concatenate1d<ap_fixed,ap_fixed,ap_fixed<16,6,5,3,0>,config7>, i16 %layer3_out, i16 %layer3_out_1, i16 %layer3_out_2, i16 %layer3_out_3, i16 %layer3_out_4, i16 %layer3_out_5, i16 %layer3_out_6, i16 %layer3_out_7, i16 %layer3_out_8, i16 %layer3_out_9, i16 %layer3_out_10, i16 %layer3_out_11, i16 %layer3_out_12, i16 %layer3_out_13, i16 %layer3_out_14, i16 %layer3_out_15, i16 %layer3_out_16, i16 %layer3_out_17, i16 %layer3_out_18, i16 %layer3_out_19, i16 %layer3_out_20, i16 %layer3_out_21, i16 %layer3_out_22, i16 %layer3_out_23, i16 %layer3_out_24, i16 %layer3_out_25, i16 %layer3_out_26, i16 %layer3_out_27, i16 %layer3_out_28, i16 %layer3_out_29, i16 %layer3_out_30, i16 %layer3_out_31, i16 %layer3_out_32, i16 %layer3_out_33, i16 %y_local_read" [firmware/myproject.cpp:51]   --->   Operation 64 'call' 'call_ret2' <Predicate = true> <Delay = 0.00> <CoreType = "Generic">   --->   Core 0 '' <Latency = 0> <II = 1> <Delay = 1.00> <Generic> <Opcode : >
ST_1 : Operation 65 [1/1] (0.00ns)   --->   "%layer7_out = extractvalue i560 %call_ret2" [firmware/myproject.cpp:51]   --->   Operation 65 'extractvalue' 'layer7_out' <Predicate = true> <Delay = 0.00>
ST_1 : Operation 66 [1/1] (0.00ns)   --->   "%layer7_out_1 = extractvalue i560 %call_ret2" [firmware/myproject.cpp:51]   --->   Operation 66 'extractvalue' 'layer7_out_1' <Predicate = true> <Delay = 0.00>
ST_1 : Operation 67 [1/1] (0.00ns)   --->   "%layer7_out_2 = extractvalue i560 %call_ret2" [firmware/myproject.cpp:51]   --->   Operation 67 'extractvalue' 'layer7_out_2' <Predicate = true> <Delay = 0.00>
ST_1 : Operation 68 [1/1] (0.00ns)   --->   "%layer7_out_3 = extractvalue i560 %call_ret2" [firmware/myproject.cpp:51]   --->   Operation 68 'extractvalue' 'layer7_out_3' <Predicate = true> <Delay = 0.00>
ST_1 : Operation 69 [1/1] (0.00ns)   --->   "%layer7_out_4 = extractvalue i560 %call_ret2" [firmware/myproject.cpp:51]   --->   Operation 69 'extractvalue' 'layer7_out_4' <Predicate = true> <Delay = 0.00>
ST_1 : Operation 70 [1/1] (0.00ns)   --->   "%layer7_out_5 = extractvalue i560 %call_ret2" [firmware/myproject.cpp:51]   --->   Operation 70 'extractvalue' 'layer7_out_5' <Predicate = true> <Delay = 0.00>
ST_1 : Operation 71 [1/1] (0.00ns)   --->   "%layer7_out_6 = extractvalue i560 %call_ret2" [firmware/myproject.cpp:51]   --->   Operation 71 'extractvalue' 'layer7_out_6' <Predicate = true> <Delay = 0.00>
ST_1 : Operation 72 [1/1] (0.00ns)   --->   "%layer7_out_7 = extractvalue i560 %call_ret2" [firmware/myproject.cpp:51]   --->   Operation 72 'extractvalue' 'layer7_out_7' <Predicate = true> <Delay = 0.00>
ST_1 : Operation 73 [1/1] (0.00ns)   --->   "%layer7_out_8 = extractvalue i560 %call_ret2" [firmware/myproject.cpp:51]   --->   Operation 73 'extractvalue' 'layer7_out_8' <Predicate = true> <Delay = 0.00>
ST_1 : Operation 74 [1/1] (0.00ns)   --->   "%layer7_out_9 = extractvalue i560 %call_ret2" [firmware/myproject.cpp:51]   --->   Operation 74 'extractvalue' 'layer7_out_9' <Predicate = true> <Delay = 0.00>
ST_1 : Operation 75 [1/1] (0.00ns)   --->   "%layer7_out_10 = extractvalue i560 %call_ret2" [firmware/myproject.cpp:51]   --->   Operation 75 'extractvalue' 'layer7_out_10' <Predicate = true> <Delay = 0.00>
ST_1 : Operation 76 [1/1] (0.00ns)   --->   "%layer7_out_11 = extractvalue i560 %call_ret2" [firmware/myproject.cpp:51]   --->   Operation 76 'extractvalue' 'layer7_out_11' <Predicate = true> <Delay = 0.00>
ST_1 : Operation 77 [1/1] (0.00ns)   --->   "%layer7_out_12 = extractvalue i560 %call_ret2" [firmware/myproject.cpp:51]   --->   Operation 77 'extractvalue' 'layer7_out_12' <Predicate = true> <Delay = 0.00>
ST_1 : Operation 78 [1/1] (0.00ns)   --->   "%layer7_out_13 = extractvalue i560 %call_ret2" [firmware/myproject.cpp:51]   --->   Operation 78 'extractvalue' 'layer7_out_13' <Predicate = true> <Delay = 0.00>
ST_1 : Operation 79 [1/1] (0.00ns)   --->   "%layer7_out_14 = extractvalue i560 %call_ret2" [firmware/myproject.cpp:51]   --->   Operation 79 'extractvalue' 'layer7_out_14' <Predicate = true> <Delay = 0.00>
ST_1 : Operation 80 [1/1] (0.00ns)   --->   "%layer7_out_15 = extractvalue i560 %call_ret2" [firmware/myproject.cpp:51]   --->   Operation 80 'extractvalue' 'layer7_out_15' <Predicate = true> <Delay = 0.00>
ST_1 : Operation 81 [1/1] (0.00ns)   --->   "%layer7_out_16 = extractvalue i560 %call_ret2" [firmware/myproject.cpp:51]   --->   Operation 81 'extractvalue' 'layer7_out_16' <Predicate = true> <Delay = 0.00>
ST_1 : Operation 82 [1/1] (0.00ns)   --->   "%layer7_out_17 = extractvalue i560 %call_ret2" [firmware/myproject.cpp:51]   --->   Operation 82 'extractvalue' 'layer7_out_17' <Predicate = true> <Delay = 0.00>
ST_1 : Operation 83 [1/1] (0.00ns)   --->   "%layer7_out_18 = extractvalue i560 %call_ret2" [firmware/myproject.cpp:51]   --->   Operation 83 'extractvalue' 'layer7_out_18' <Predicate = true> <Delay = 0.00>
ST_1 : Operation 84 [1/1] (0.00ns)   --->   "%layer7_out_19 = extractvalue i560 %call_ret2" [firmware/myproject.cpp:51]   --->   Operation 84 'extractvalue' 'layer7_out_19' <Predicate = true> <Delay = 0.00>
ST_1 : Operation 85 [1/1] (0.00ns)   --->   "%layer7_out_20 = extractvalue i560 %call_ret2" [firmware/myproject.cpp:51]   --->   Operation 85 'extractvalue' 'layer7_out_20' <Predicate = true> <Delay = 0.00>
ST_1 : Operation 86 [1/1] (0.00ns)   --->   "%layer7_out_21 = extractvalue i560 %call_ret2" [firmware/myproject.cpp:51]   --->   Operation 86 'extractvalue' 'layer7_out_21' <Predicate = true> <Delay = 0.00>
ST_1 : Operation 87 [1/1] (0.00ns)   --->   "%layer7_out_22 = extractvalue i560 %call_ret2" [firmware/myproject.cpp:51]   --->   Operation 87 'extractvalue' 'layer7_out_22' <Predicate = true> <Delay = 0.00>
ST_1 : Operation 88 [1/1] (0.00ns)   --->   "%layer7_out_23 = extractvalue i560 %call_ret2" [firmware/myproject.cpp:51]   --->   Operation 88 'extractvalue' 'layer7_out_23' <Predicate = true> <Delay = 0.00>
ST_1 : Operation 89 [1/1] (0.00ns)   --->   "%layer7_out_24 = extractvalue i560 %call_ret2" [firmware/myproject.cpp:51]   --->   Operation 89 'extractvalue' 'layer7_out_24' <Predicate = true> <Delay = 0.00>
ST_1 : Operation 90 [1/1] (0.00ns)   --->   "%layer7_out_25 = extractvalue i560 %call_ret2" [firmware/myproject.cpp:51]   --->   Operation 90 'extractvalue' 'layer7_out_25' <Predicate = true> <Delay = 0.00>
ST_1 : Operation 91 [1/1] (0.00ns)   --->   "%layer7_out_26 = extractvalue i560 %call_ret2" [firmware/myproject.cpp:51]   --->   Operation 91 'extractvalue' 'layer7_out_26' <Predicate = true> <Delay = 0.00>
ST_1 : Operation 92 [1/1] (0.00ns)   --->   "%layer7_out_27 = extractvalue i560 %call_ret2" [firmware/myproject.cpp:51]   --->   Operation 92 'extractvalue' 'layer7_out_27' <Predicate = true> <Delay = 0.00>
ST_1 : Operation 93 [1/1] (0.00ns)   --->   "%layer7_out_28 = extractvalue i560 %call_ret2" [firmware/myproject.cpp:51]   --->   Operation 93 'extractvalue' 'layer7_out_28' <Predicate = true> <Delay = 0.00>
ST_1 : Operation 94 [1/1] (0.00ns)   --->   "%layer7_out_29 = extractvalue i560 %call_ret2" [firmware/myproject.cpp:51]   --->   Operation 94 'extractvalue' 'layer7_out_29' <Predicate = true> <Delay = 0.00>
ST_1 : Operation 95 [1/1] (0.00ns)   --->   "%layer7_out_30 = extractvalue i560 %call_ret2" [firmware/myproject.cpp:51]   --->   Operation 95 'extractvalue' 'layer7_out_30' <Predicate = true> <Delay = 0.00>
ST_1 : Operation 96 [1/1] (0.00ns)   --->   "%layer7_out_31 = extractvalue i560 %call_ret2" [firmware/myproject.cpp:51]   --->   Operation 96 'extractvalue' 'layer7_out_31' <Predicate = true> <Delay = 0.00>
ST_1 : Operation 97 [1/1] (0.00ns)   --->   "%layer7_out_32 = extractvalue i560 %call_ret2" [firmware/myproject.cpp:51]   --->   Operation 97 'extractvalue' 'layer7_out_32' <Predicate = true> <Delay = 0.00>
ST_1 : Operation 98 [1/1] (0.00ns)   --->   "%layer7_out_33 = extractvalue i560 %call_ret2" [firmware/myproject.cpp:51]   --->   Operation 98 'extractvalue' 'layer7_out_33' <Predicate = true> <Delay = 0.00>
ST_1 : Operation 99 [1/1] (0.00ns)   --->   "%layer7_out_34 = extractvalue i560 %call_ret2" [firmware/myproject.cpp:51]   --->   Operation 99 'extractvalue' 'layer7_out_34' <Predicate = true> <Delay = 0.00>
ST_1 : Operation 100 [1/1] (0.00ns)   --->   "%nModule_read = read i16 @_ssdm_op_Read.ap_vld.i16P0A, i16 %nModule"   --->   Operation 100 'read' 'nModule_read' <Predicate = true> <Delay = 0.00>
ST_1 : Operation 101 [1/1] (0.00ns)   --->   "%x_local_read = read i16 @_ssdm_op_Read.ap_vld.i16P0A, i16 %x_local"   --->   Operation 101 'read' 'x_local_read' <Predicate = true> <Delay = 0.00>
ST_1 : Operation 102 [1/1] (0.00ns)   --->   "%call_ret3 = call i32 @concatenate1d<ap_fixed,ap_fixed,ap_fixed<16,6,5,3,0>,config8>, i16 %nModule_read, i16 %x_local_read" [firmware/myproject.cpp:55]   --->   Operation 102 'call' 'call_ret3' <Predicate = true> <Delay = 0.00> <CoreType = "Generic">   --->   Core 0 '' <Latency = 0> <II = 1> <Delay = 1.00> <Generic> <Opcode : >
ST_1 : Operation 103 [1/1] (0.00ns)   --->   "%layer8_out = extractvalue i32 %call_ret3" [firmware/myproject.cpp:55]   --->   Operation 103 'extractvalue' 'layer8_out' <Predicate = true> <Delay = 0.00>
ST_1 : Operation 104 [1/1] (0.00ns)   --->   "%layer8_out_1 = extractvalue i32 %call_ret3" [firmware/myproject.cpp:55]   --->   Operation 104 'extractvalue' 'layer8_out_1' <Predicate = true> <Delay = 0.00>
ST_1 : Operation 105 [6/6] (4.30ns)   --->   "%call_ret4 = call i128 @dense_latency<ap_fixed<16, 6, 5, 3, 0>, ap_fixed<16, 6, 5, 3, 0>, config9>, i16 %layer7_out, i16 %layer7_out_1, i16 %layer7_out_2, i16 %layer7_out_3, i16 %layer7_out_4, i16 %layer7_out_5, i16 %layer7_out_6, i16 %layer7_out_7, i16 %layer7_out_8, i16 %layer7_out_9, i16 %layer7_out_10, i16 %layer7_out_11, i16 %layer7_out_12, i16 %layer7_out_13, i16 %layer7_out_14, i16 %layer7_out_15, i16 %layer7_out_16, i16 %layer7_out_17, i16 %layer7_out_18, i16 %layer7_out_19, i16 %layer7_out_20, i16 %layer7_out_21, i16 %layer7_out_22, i16 %layer7_out_23, i16 %layer7_out_24, i16 %layer7_out_25, i16 %layer7_out_26, i16 %layer7_out_27, i16 %layer7_out_28, i16 %layer7_out_29, i16 %layer7_out_30, i16 %layer7_out_31, i16 %layer7_out_32, i16 %layer7_out_33, i16 %layer7_out_34" [firmware/nnet_utils/nnet_dense.h:41->firmware/myproject.cpp:59]   --->   Operation 105 'call' 'call_ret4' <Predicate = true> <Delay = 4.30> <CoreType = "Generic">   --->   Core 0 '' <Latency = 0> <II = 1> <Delay = 1.00> <Generic> <Opcode : >
ST_1 : Operation 106 [2/2] (2.22ns)   --->   "%call_ret5 = call i32 @dense_latency<ap_fixed<16, 6, 5, 3, 0>, ap_fixed<16, 6, 5, 3, 0>, config11>, i16 %layer8_out, i16 %layer8_out_1" [firmware/nnet_utils/nnet_dense.h:41->firmware/myproject.cpp:63]   --->   Operation 106 'call' 'call_ret5' <Predicate = true> <Delay = 2.22> <CoreType = "Generic">   --->   Core 0 '' <Latency = 0> <II = 1> <Delay = 1.00> <Generic> <Opcode : >

State 2 <SV = 1> <Delay = 4.30>
ST_2 : Operation 107 [5/6] (4.30ns)   --->   "%call_ret4 = call i128 @dense_latency<ap_fixed<16, 6, 5, 3, 0>, ap_fixed<16, 6, 5, 3, 0>, config9>, i16 %layer7_out, i16 %layer7_out_1, i16 %layer7_out_2, i16 %layer7_out_3, i16 %layer7_out_4, i16 %layer7_out_5, i16 %layer7_out_6, i16 %layer7_out_7, i16 %layer7_out_8, i16 %layer7_out_9, i16 %layer7_out_10, i16 %layer7_out_11, i16 %layer7_out_12, i16 %layer7_out_13, i16 %layer7_out_14, i16 %layer7_out_15, i16 %layer7_out_16, i16 %layer7_out_17, i16 %layer7_out_18, i16 %layer7_out_19, i16 %layer7_out_20, i16 %layer7_out_21, i16 %layer7_out_22, i16 %layer7_out_23, i16 %layer7_out_24, i16 %layer7_out_25, i16 %layer7_out_26, i16 %layer7_out_27, i16 %layer7_out_28, i16 %layer7_out_29, i16 %layer7_out_30, i16 %layer7_out_31, i16 %layer7_out_32, i16 %layer7_out_33, i16 %layer7_out_34" [firmware/nnet_utils/nnet_dense.h:41->firmware/myproject.cpp:59]   --->   Operation 107 'call' 'call_ret4' <Predicate = true> <Delay = 4.30> <CoreType = "Generic">   --->   Core 0 '' <Latency = 0> <II = 1> <Delay = 1.00> <Generic> <Opcode : >
ST_2 : Operation 108 [1/2] (3.90ns)   --->   "%call_ret5 = call i32 @dense_latency<ap_fixed<16, 6, 5, 3, 0>, ap_fixed<16, 6, 5, 3, 0>, config11>, i16 %layer8_out, i16 %layer8_out_1" [firmware/nnet_utils/nnet_dense.h:41->firmware/myproject.cpp:63]   --->   Operation 108 'call' 'call_ret5' <Predicate = true> <Delay = 3.90> <CoreType = "Generic">   --->   Core 0 '' <Latency = 0> <II = 1> <Delay = 1.00> <Generic> <Opcode : >
ST_2 : Operation 109 [1/1] (0.00ns)   --->   "%layer11_out = extractvalue i32 %call_ret5" [firmware/nnet_utils/nnet_dense.h:41->firmware/myproject.cpp:63]   --->   Operation 109 'extractvalue' 'layer11_out' <Predicate = true> <Delay = 0.00>
ST_2 : Operation 110 [1/1] (0.00ns)   --->   "%layer11_out_1 = extractvalue i32 %call_ret5" [firmware/nnet_utils/nnet_dense.h:41->firmware/myproject.cpp:63]   --->   Operation 110 'extractvalue' 'layer11_out_1' <Predicate = true> <Delay = 0.00>

State 3 <SV = 2> <Delay = 4.30>
ST_3 : Operation 111 [4/6] (4.30ns)   --->   "%call_ret4 = call i128 @dense_latency<ap_fixed<16, 6, 5, 3, 0>, ap_fixed<16, 6, 5, 3, 0>, config9>, i16 %layer7_out, i16 %layer7_out_1, i16 %layer7_out_2, i16 %layer7_out_3, i16 %layer7_out_4, i16 %layer7_out_5, i16 %layer7_out_6, i16 %layer7_out_7, i16 %layer7_out_8, i16 %layer7_out_9, i16 %layer7_out_10, i16 %layer7_out_11, i16 %layer7_out_12, i16 %layer7_out_13, i16 %layer7_out_14, i16 %layer7_out_15, i16 %layer7_out_16, i16 %layer7_out_17, i16 %layer7_out_18, i16 %layer7_out_19, i16 %layer7_out_20, i16 %layer7_out_21, i16 %layer7_out_22, i16 %layer7_out_23, i16 %layer7_out_24, i16 %layer7_out_25, i16 %layer7_out_26, i16 %layer7_out_27, i16 %layer7_out_28, i16 %layer7_out_29, i16 %layer7_out_30, i16 %layer7_out_31, i16 %layer7_out_32, i16 %layer7_out_33, i16 %layer7_out_34" [firmware/nnet_utils/nnet_dense.h:41->firmware/myproject.cpp:59]   --->   Operation 111 'call' 'call_ret4' <Predicate = true> <Delay = 4.30> <CoreType = "Generic">   --->   Core 0 '' <Latency = 0> <II = 1> <Delay = 1.00> <Generic> <Opcode : >
ST_3 : Operation 112 [2/2] (2.89ns)   --->   "%call_ret7 = call i16 @relu<ap_fixed<16, 6, 5, 3, 0>, ap_ufixed<8, 0, 4, 0, 0>, relu_config14>, i16 %layer11_out, i16 %layer11_out_1" [firmware/myproject.cpp:71]   --->   Operation 112 'call' 'call_ret7' <Predicate = true> <Delay = 2.89> <CoreType = "Generic">   --->   Core 0 '' <Latency = 0> <II = 1> <Delay = 1.00> <Generic> <Opcode : >

State 4 <SV = 3> <Delay = 4.30>
ST_4 : Operation 113 [3/6] (4.30ns)   --->   "%call_ret4 = call i128 @dense_latency<ap_fixed<16, 6, 5, 3, 0>, ap_fixed<16, 6, 5, 3, 0>, config9>, i16 %layer7_out, i16 %layer7_out_1, i16 %layer7_out_2, i16 %layer7_out_3, i16 %layer7_out_4, i16 %layer7_out_5, i16 %layer7_out_6, i16 %layer7_out_7, i16 %layer7_out_8, i16 %layer7_out_9, i16 %layer7_out_10, i16 %layer7_out_11, i16 %layer7_out_12, i16 %layer7_out_13, i16 %layer7_out_14, i16 %layer7_out_15, i16 %layer7_out_16, i16 %layer7_out_17, i16 %layer7_out_18, i16 %layer7_out_19, i16 %layer7_out_20, i16 %layer7_out_21, i16 %layer7_out_22, i16 %layer7_out_23, i16 %layer7_out_24, i16 %layer7_out_25, i16 %layer7_out_26, i16 %layer7_out_27, i16 %layer7_out_28, i16 %layer7_out_29, i16 %layer7_out_30, i16 %layer7_out_31, i16 %layer7_out_32, i16 %layer7_out_33, i16 %layer7_out_34" [firmware/nnet_utils/nnet_dense.h:41->firmware/myproject.cpp:59]   --->   Operation 113 'call' 'call_ret4' <Predicate = true> <Delay = 4.30> <CoreType = "Generic">   --->   Core 0 '' <Latency = 0> <II = 1> <Delay = 1.00> <Generic> <Opcode : >
ST_4 : Operation 114 [1/2] (2.49ns)   --->   "%call_ret7 = call i16 @relu<ap_fixed<16, 6, 5, 3, 0>, ap_ufixed<8, 0, 4, 0, 0>, relu_config14>, i16 %layer11_out, i16 %layer11_out_1" [firmware/myproject.cpp:71]   --->   Operation 114 'call' 'call_ret7' <Predicate = true> <Delay = 2.49> <CoreType = "Generic">   --->   Core 0 '' <Latency = 0> <II = 1> <Delay = 1.00> <Generic> <Opcode : >
ST_4 : Operation 115 [1/1] (0.00ns)   --->   "%layer14_out = extractvalue i16 %call_ret7" [firmware/myproject.cpp:71]   --->   Operation 115 'extractvalue' 'layer14_out' <Predicate = true> <Delay = 0.00>
ST_4 : Operation 116 [1/1] (0.00ns)   --->   "%layer14_out_1 = extractvalue i16 %call_ret7" [firmware/myproject.cpp:71]   --->   Operation 116 'extractvalue' 'layer14_out_1' <Predicate = true> <Delay = 0.00>

State 5 <SV = 4> <Delay = 4.30>
ST_5 : Operation 117 [2/6] (4.30ns)   --->   "%call_ret4 = call i128 @dense_latency<ap_fixed<16, 6, 5, 3, 0>, ap_fixed<16, 6, 5, 3, 0>, config9>, i16 %layer7_out, i16 %layer7_out_1, i16 %layer7_out_2, i16 %layer7_out_3, i16 %layer7_out_4, i16 %layer7_out_5, i16 %layer7_out_6, i16 %layer7_out_7, i16 %layer7_out_8, i16 %layer7_out_9, i16 %layer7_out_10, i16 %layer7_out_11, i16 %layer7_out_12, i16 %layer7_out_13, i16 %layer7_out_14, i16 %layer7_out_15, i16 %layer7_out_16, i16 %layer7_out_17, i16 %layer7_out_18, i16 %layer7_out_19, i16 %layer7_out_20, i16 %layer7_out_21, i16 %layer7_out_22, i16 %layer7_out_23, i16 %layer7_out_24, i16 %layer7_out_25, i16 %layer7_out_26, i16 %layer7_out_27, i16 %layer7_out_28, i16 %layer7_out_29, i16 %layer7_out_30, i16 %layer7_out_31, i16 %layer7_out_32, i16 %layer7_out_33, i16 %layer7_out_34" [firmware/nnet_utils/nnet_dense.h:41->firmware/myproject.cpp:59]   --->   Operation 117 'call' 'call_ret4' <Predicate = true> <Delay = 4.30> <CoreType = "Generic">   --->   Core 0 '' <Latency = 0> <II = 1> <Delay = 1.00> <Generic> <Opcode : >

State 6 <SV = 5> <Delay = 3.90>
ST_6 : Operation 118 [1/6] (3.90ns)   --->   "%call_ret4 = call i128 @dense_latency<ap_fixed<16, 6, 5, 3, 0>, ap_fixed<16, 6, 5, 3, 0>, config9>, i16 %layer7_out, i16 %layer7_out_1, i16 %layer7_out_2, i16 %layer7_out_3, i16 %layer7_out_4, i16 %layer7_out_5, i16 %layer7_out_6, i16 %layer7_out_7, i16 %layer7_out_8, i16 %layer7_out_9, i16 %layer7_out_10, i16 %layer7_out_11, i16 %layer7_out_12, i16 %layer7_out_13, i16 %layer7_out_14, i16 %layer7_out_15, i16 %layer7_out_16, i16 %layer7_out_17, i16 %layer7_out_18, i16 %layer7_out_19, i16 %layer7_out_20, i16 %layer7_out_21, i16 %layer7_out_22, i16 %layer7_out_23, i16 %layer7_out_24, i16 %layer7_out_25, i16 %layer7_out_26, i16 %layer7_out_27, i16 %layer7_out_28, i16 %layer7_out_29, i16 %layer7_out_30, i16 %layer7_out_31, i16 %layer7_out_32, i16 %layer7_out_33, i16 %layer7_out_34" [firmware/nnet_utils/nnet_dense.h:41->firmware/myproject.cpp:59]   --->   Operation 118 'call' 'call_ret4' <Predicate = true> <Delay = 3.90> <CoreType = "Generic">   --->   Core 0 '' <Latency = 0> <II = 1> <Delay = 1.00> <Generic> <Opcode : >
ST_6 : Operation 119 [1/1] (0.00ns)   --->   "%layer9_out = extractvalue i128 %call_ret4" [firmware/nnet_utils/nnet_dense.h:41->firmware/myproject.cpp:59]   --->   Operation 119 'extractvalue' 'layer9_out' <Predicate = true> <Delay = 0.00>
ST_6 : Operation 120 [1/1] (0.00ns)   --->   "%layer9_out_1 = extractvalue i128 %call_ret4" [firmware/nnet_utils/nnet_dense.h:41->firmware/myproject.cpp:59]   --->   Operation 120 'extractvalue' 'layer9_out_1' <Predicate = true> <Delay = 0.00>
ST_6 : Operation 121 [1/1] (0.00ns)   --->   "%layer9_out_2 = extractvalue i128 %call_ret4" [firmware/nnet_utils/nnet_dense.h:41->firmware/myproject.cpp:59]   --->   Operation 121 'extractvalue' 'layer9_out_2' <Predicate = true> <Delay = 0.00>
ST_6 : Operation 122 [1/1] (0.00ns)   --->   "%layer9_out_3 = extractvalue i128 %call_ret4" [firmware/nnet_utils/nnet_dense.h:41->firmware/myproject.cpp:59]   --->   Operation 122 'extractvalue' 'layer9_out_3' <Predicate = true> <Delay = 0.00>
ST_6 : Operation 123 [1/1] (0.00ns)   --->   "%layer9_out_4 = extractvalue i128 %call_ret4" [firmware/nnet_utils/nnet_dense.h:41->firmware/myproject.cpp:59]   --->   Operation 123 'extractvalue' 'layer9_out_4' <Predicate = true> <Delay = 0.00>
ST_6 : Operation 124 [1/1] (0.00ns)   --->   "%layer9_out_5 = extractvalue i128 %call_ret4" [firmware/nnet_utils/nnet_dense.h:41->firmware/myproject.cpp:59]   --->   Operation 124 'extractvalue' 'layer9_out_5' <Predicate = true> <Delay = 0.00>
ST_6 : Operation 125 [1/1] (0.00ns)   --->   "%layer9_out_6 = extractvalue i128 %call_ret4" [firmware/nnet_utils/nnet_dense.h:41->firmware/myproject.cpp:59]   --->   Operation 125 'extractvalue' 'layer9_out_6' <Predicate = true> <Delay = 0.00>
ST_6 : Operation 126 [1/1] (0.00ns)   --->   "%layer9_out_7 = extractvalue i128 %call_ret4" [firmware/nnet_utils/nnet_dense.h:41->firmware/myproject.cpp:59]   --->   Operation 126 'extractvalue' 'layer9_out_7' <Predicate = true> <Delay = 0.00>

State 7 <SV = 6> <Delay = 2.89>
ST_7 : Operation 127 [2/2] (2.89ns)   --->   "%call_ret6 = call i64 @relu<ap_fixed<16, 6, 5, 3, 0>, ap_ufixed<8, 0, 4, 0, 0>, relu_config13>, i16 %layer9_out, i16 %layer9_out_1, i16 %layer9_out_2, i16 %layer9_out_3, i16 %layer9_out_4, i16 %layer9_out_5, i16 %layer9_out_6, i16 %layer9_out_7" [firmware/myproject.cpp:67]   --->   Operation 127 'call' 'call_ret6' <Predicate = true> <Delay = 2.89> <CoreType = "Generic">   --->   Core 0 '' <Latency = 0> <II = 1> <Delay = 1.00> <Generic> <Opcode : >

State 8 <SV = 7> <Delay = 2.49>
ST_8 : Operation 128 [1/2] (2.49ns)   --->   "%call_ret6 = call i64 @relu<ap_fixed<16, 6, 5, 3, 0>, ap_ufixed<8, 0, 4, 0, 0>, relu_config13>, i16 %layer9_out, i16 %layer9_out_1, i16 %layer9_out_2, i16 %layer9_out_3, i16 %layer9_out_4, i16 %layer9_out_5, i16 %layer9_out_6, i16 %layer9_out_7" [firmware/myproject.cpp:67]   --->   Operation 128 'call' 'call_ret6' <Predicate = true> <Delay = 2.49> <CoreType = "Generic">   --->   Core 0 '' <Latency = 0> <II = 1> <Delay = 1.00> <Generic> <Opcode : >
ST_8 : Operation 129 [1/1] (0.00ns)   --->   "%layer13_out = extractvalue i64 %call_ret6" [firmware/myproject.cpp:67]   --->   Operation 129 'extractvalue' 'layer13_out' <Predicate = true> <Delay = 0.00>
ST_8 : Operation 130 [1/1] (0.00ns)   --->   "%layer13_out_1 = extractvalue i64 %call_ret6" [firmware/myproject.cpp:67]   --->   Operation 130 'extractvalue' 'layer13_out_1' <Predicate = true> <Delay = 0.00>
ST_8 : Operation 131 [1/1] (0.00ns)   --->   "%layer13_out_2 = extractvalue i64 %call_ret6" [firmware/myproject.cpp:67]   --->   Operation 131 'extractvalue' 'layer13_out_2' <Predicate = true> <Delay = 0.00>
ST_8 : Operation 132 [1/1] (0.00ns)   --->   "%layer13_out_3 = extractvalue i64 %call_ret6" [firmware/myproject.cpp:67]   --->   Operation 132 'extractvalue' 'layer13_out_3' <Predicate = true> <Delay = 0.00>
ST_8 : Operation 133 [1/1] (0.00ns)   --->   "%layer13_out_4 = extractvalue i64 %call_ret6" [firmware/myproject.cpp:67]   --->   Operation 133 'extractvalue' 'layer13_out_4' <Predicate = true> <Delay = 0.00>
ST_8 : Operation 134 [1/1] (0.00ns)   --->   "%layer13_out_5 = extractvalue i64 %call_ret6" [firmware/myproject.cpp:67]   --->   Operation 134 'extractvalue' 'layer13_out_5' <Predicate = true> <Delay = 0.00>
ST_8 : Operation 135 [1/1] (0.00ns)   --->   "%layer13_out_6 = extractvalue i64 %call_ret6" [firmware/myproject.cpp:67]   --->   Operation 135 'extractvalue' 'layer13_out_6' <Predicate = true> <Delay = 0.00>
ST_8 : Operation 136 [1/1] (0.00ns)   --->   "%layer13_out_7 = extractvalue i64 %call_ret6" [firmware/myproject.cpp:67]   --->   Operation 136 'extractvalue' 'layer13_out_7' <Predicate = true> <Delay = 0.00>

State 9 <SV = 8> <Delay = 4.24>
ST_9 : Operation 137 [1/1] (0.00ns)   --->   "%call_ret8 = call i160 @concatenate1d<ap_ufixed,ap_ufixed,ap_fixed<16,6,5,3,0>,config15>, i8 %layer13_out, i8 %layer13_out_1, i8 %layer13_out_2, i8 %layer13_out_3, i8 %layer13_out_4, i8 %layer13_out_5, i8 %layer13_out_6, i8 %layer13_out_7, i8 %layer14_out, i8 %layer14_out_1" [firmware/myproject.cpp:75]   --->   Operation 137 'call' 'call_ret8' <Predicate = true> <Delay = 0.00> <CoreType = "Generic">   --->   Core 0 '' <Latency = 0> <II = 1> <Delay = 1.00> <Generic> <Opcode : >
ST_9 : Operation 138 [1/1] (0.00ns)   --->   "%layer15_out = extractvalue i160 %call_ret8" [firmware/myproject.cpp:75]   --->   Operation 138 'extractvalue' 'layer15_out' <Predicate = true> <Delay = 0.00>
ST_9 : Operation 139 [1/1] (0.00ns)   --->   "%layer15_out_1 = extractvalue i160 %call_ret8" [firmware/myproject.cpp:75]   --->   Operation 139 'extractvalue' 'layer15_out_1' <Predicate = true> <Delay = 0.00>
ST_9 : Operation 140 [1/1] (0.00ns)   --->   "%layer15_out_2 = extractvalue i160 %call_ret8" [firmware/myproject.cpp:75]   --->   Operation 140 'extractvalue' 'layer15_out_2' <Predicate = true> <Delay = 0.00>
ST_9 : Operation 141 [1/1] (0.00ns)   --->   "%layer15_out_3 = extractvalue i160 %call_ret8" [firmware/myproject.cpp:75]   --->   Operation 141 'extractvalue' 'layer15_out_3' <Predicate = true> <Delay = 0.00>
ST_9 : Operation 142 [1/1] (0.00ns)   --->   "%layer15_out_4 = extractvalue i160 %call_ret8" [firmware/myproject.cpp:75]   --->   Operation 142 'extractvalue' 'layer15_out_4' <Predicate = true> <Delay = 0.00>
ST_9 : Operation 143 [1/1] (0.00ns)   --->   "%layer15_out_5 = extractvalue i160 %call_ret8" [firmware/myproject.cpp:75]   --->   Operation 143 'extractvalue' 'layer15_out_5' <Predicate = true> <Delay = 0.00>
ST_9 : Operation 144 [1/1] (0.00ns)   --->   "%layer15_out_6 = extractvalue i160 %call_ret8" [firmware/myproject.cpp:75]   --->   Operation 144 'extractvalue' 'layer15_out_6' <Predicate = true> <Delay = 0.00>
ST_9 : Operation 145 [1/1] (0.00ns)   --->   "%layer15_out_7 = extractvalue i160 %call_ret8" [firmware/myproject.cpp:75]   --->   Operation 145 'extractvalue' 'layer15_out_7' <Predicate = true> <Delay = 0.00>
ST_9 : Operation 146 [1/1] (0.00ns)   --->   "%layer15_out_8 = extractvalue i160 %call_ret8" [firmware/myproject.cpp:75]   --->   Operation 146 'extractvalue' 'layer15_out_8' <Predicate = true> <Delay = 0.00>
ST_9 : Operation 147 [1/1] (0.00ns)   --->   "%layer15_out_9 = extractvalue i160 %call_ret8" [firmware/myproject.cpp:75]   --->   Operation 147 'extractvalue' 'layer15_out_9' <Predicate = true> <Delay = 0.00>
ST_9 : Operation 148 [5/5] (4.24ns)   --->   "%call_ret9 = call i64 @dense_latency<ap_fixed<16, 6, 5, 3, 0>, ap_fixed<16, 6, 5, 3, 0>, config16>, i16 %layer15_out, i16 %layer15_out_1, i16 %layer15_out_2, i16 %layer15_out_3, i16 %layer15_out_4, i16 %layer15_out_5, i16 %layer15_out_6, i16 %layer15_out_7, i16 %layer15_out_8, i16 %layer15_out_9" [firmware/nnet_utils/nnet_dense.h:41->firmware/myproject.cpp:79]   --->   Operation 148 'call' 'call_ret9' <Predicate = true> <Delay = 4.24> <CoreType = "Generic">   --->   Core 0 '' <Latency = 0> <II = 1> <Delay = 1.00> <Generic> <Opcode : >

State 10 <SV = 9> <Delay = 4.24>
ST_10 : Operation 149 [4/5] (4.24ns)   --->   "%call_ret9 = call i64 @dense_latency<ap_fixed<16, 6, 5, 3, 0>, ap_fixed<16, 6, 5, 3, 0>, config16>, i16 %layer15_out, i16 %layer15_out_1, i16 %layer15_out_2, i16 %layer15_out_3, i16 %layer15_out_4, i16 %layer15_out_5, i16 %layer15_out_6, i16 %layer15_out_7, i16 %layer15_out_8, i16 %layer15_out_9" [firmware/nnet_utils/nnet_dense.h:41->firmware/myproject.cpp:79]   --->   Operation 149 'call' 'call_ret9' <Predicate = true> <Delay = 4.24> <CoreType = "Generic">   --->   Core 0 '' <Latency = 0> <II = 1> <Delay = 1.00> <Generic> <Opcode : >

State 11 <SV = 10> <Delay = 4.24>
ST_11 : Operation 150 [3/5] (4.24ns)   --->   "%call_ret9 = call i64 @dense_latency<ap_fixed<16, 6, 5, 3, 0>, ap_fixed<16, 6, 5, 3, 0>, config16>, i16 %layer15_out, i16 %layer15_out_1, i16 %layer15_out_2, i16 %layer15_out_3, i16 %layer15_out_4, i16 %layer15_out_5, i16 %layer15_out_6, i16 %layer15_out_7, i16 %layer15_out_8, i16 %layer15_out_9" [firmware/nnet_utils/nnet_dense.h:41->firmware/myproject.cpp:79]   --->   Operation 150 'call' 'call_ret9' <Predicate = true> <Delay = 4.24> <CoreType = "Generic">   --->   Core 0 '' <Latency = 0> <II = 1> <Delay = 1.00> <Generic> <Opcode : >

State 12 <SV = 11> <Delay = 4.24>
ST_12 : Operation 151 [2/5] (4.24ns)   --->   "%call_ret9 = call i64 @dense_latency<ap_fixed<16, 6, 5, 3, 0>, ap_fixed<16, 6, 5, 3, 0>, config16>, i16 %layer15_out, i16 %layer15_out_1, i16 %layer15_out_2, i16 %layer15_out_3, i16 %layer15_out_4, i16 %layer15_out_5, i16 %layer15_out_6, i16 %layer15_out_7, i16 %layer15_out_8, i16 %layer15_out_9" [firmware/nnet_utils/nnet_dense.h:41->firmware/myproject.cpp:79]   --->   Operation 151 'call' 'call_ret9' <Predicate = true> <Delay = 4.24> <CoreType = "Generic">   --->   Core 0 '' <Latency = 0> <II = 1> <Delay = 1.00> <Generic> <Opcode : >

State 13 <SV = 12> <Delay = 3.90>
ST_13 : Operation 152 [1/5] (3.90ns)   --->   "%call_ret9 = call i64 @dense_latency<ap_fixed<16, 6, 5, 3, 0>, ap_fixed<16, 6, 5, 3, 0>, config16>, i16 %layer15_out, i16 %layer15_out_1, i16 %layer15_out_2, i16 %layer15_out_3, i16 %layer15_out_4, i16 %layer15_out_5, i16 %layer15_out_6, i16 %layer15_out_7, i16 %layer15_out_8, i16 %layer15_out_9" [firmware/nnet_utils/nnet_dense.h:41->firmware/myproject.cpp:79]   --->   Operation 152 'call' 'call_ret9' <Predicate = true> <Delay = 3.90> <CoreType = "Generic">   --->   Core 0 '' <Latency = 0> <II = 1> <Delay = 1.00> <Generic> <Opcode : >
ST_13 : Operation 153 [1/1] (0.00ns)   --->   "%layer16_out = extractvalue i64 %call_ret9" [firmware/nnet_utils/nnet_dense.h:41->firmware/myproject.cpp:79]   --->   Operation 153 'extractvalue' 'layer16_out' <Predicate = true> <Delay = 0.00>
ST_13 : Operation 154 [1/1] (0.00ns)   --->   "%layer16_out_1 = extractvalue i64 %call_ret9" [firmware/nnet_utils/nnet_dense.h:41->firmware/myproject.cpp:79]   --->   Operation 154 'extractvalue' 'layer16_out_1' <Predicate = true> <Delay = 0.00>
ST_13 : Operation 155 [1/1] (0.00ns)   --->   "%layer16_out_2 = extractvalue i64 %call_ret9" [firmware/nnet_utils/nnet_dense.h:41->firmware/myproject.cpp:79]   --->   Operation 155 'extractvalue' 'layer16_out_2' <Predicate = true> <Delay = 0.00>
ST_13 : Operation 156 [1/1] (0.00ns)   --->   "%layer16_out_3 = extractvalue i64 %call_ret9" [firmware/nnet_utils/nnet_dense.h:41->firmware/myproject.cpp:79]   --->   Operation 156 'extractvalue' 'layer16_out_3' <Predicate = true> <Delay = 0.00>

State 14 <SV = 13> <Delay = 2.89>
ST_14 : Operation 157 [2/2] (2.89ns)   --->   "%call_ret10 = call i32 @relu<ap_fixed<16, 6, 5, 3, 0>, ap_ufixed<8, 0, 4, 0, 0>, relu_config18>, i16 %layer16_out, i16 %layer16_out_1, i16 %layer16_out_2, i16 %layer16_out_3" [firmware/myproject.cpp:83]   --->   Operation 157 'call' 'call_ret10' <Predicate = true> <Delay = 2.89> <CoreType = "Generic">   --->   Core 0 '' <Latency = 0> <II = 1> <Delay = 1.00> <Generic> <Opcode : >

State 15 <SV = 14> <Delay = 2.49>
ST_15 : Operation 158 [1/2] (2.49ns)   --->   "%call_ret10 = call i32 @relu<ap_fixed<16, 6, 5, 3, 0>, ap_ufixed<8, 0, 4, 0, 0>, relu_config18>, i16 %layer16_out, i16 %layer16_out_1, i16 %layer16_out_2, i16 %layer16_out_3" [firmware/myproject.cpp:83]   --->   Operation 158 'call' 'call_ret10' <Predicate = true> <Delay = 2.49> <CoreType = "Generic">   --->   Core 0 '' <Latency = 0> <II = 1> <Delay = 1.00> <Generic> <Opcode : >
ST_15 : Operation 159 [1/1] (0.00ns)   --->   "%layer18_out = extractvalue i32 %call_ret10" [firmware/myproject.cpp:83]   --->   Operation 159 'extractvalue' 'layer18_out' <Predicate = true> <Delay = 0.00>
ST_15 : Operation 160 [1/1] (0.00ns)   --->   "%layer18_out_1 = extractvalue i32 %call_ret10" [firmware/myproject.cpp:83]   --->   Operation 160 'extractvalue' 'layer18_out_1' <Predicate = true> <Delay = 0.00>
ST_15 : Operation 161 [1/1] (0.00ns)   --->   "%layer18_out_2 = extractvalue i32 %call_ret10" [firmware/myproject.cpp:83]   --->   Operation 161 'extractvalue' 'layer18_out_2' <Predicate = true> <Delay = 0.00>
ST_15 : Operation 162 [1/1] (0.00ns)   --->   "%layer18_out_3 = extractvalue i32 %call_ret10" [firmware/myproject.cpp:83]   --->   Operation 162 'extractvalue' 'layer18_out_3' <Predicate = true> <Delay = 0.00>

State 16 <SV = 15> <Delay = 3.55>
ST_16 : Operation 163 [3/3] (3.55ns)   --->   "%call_ret11 = call i64 @dense_latency<ap_ufixed<8, 0, 4, 0, 0>, ap_fixed<16, 6, 5, 3, 0>, config19>, i8 %layer18_out, i8 %layer18_out_1, i8 %layer18_out_2, i8 %layer18_out_3" [firmware/nnet_utils/nnet_dense.h:41->firmware/myproject.cpp:87]   --->   Operation 163 'call' 'call_ret11' <Predicate = true> <Delay = 3.55> <CoreType = "Generic">   --->   Core 0 '' <Latency = 0> <II = 1> <Delay = 1.00> <Generic> <Opcode : >

State 17 <SV = 16> <Delay = 3.75>
ST_17 : Operation 164 [2/3] (3.75ns)   --->   "%call_ret11 = call i64 @dense_latency<ap_ufixed<8, 0, 4, 0, 0>, ap_fixed<16, 6, 5, 3, 0>, config19>, i8 %layer18_out, i8 %layer18_out_1, i8 %layer18_out_2, i8 %layer18_out_3" [firmware/nnet_utils/nnet_dense.h:41->firmware/myproject.cpp:87]   --->   Operation 164 'call' 'call_ret11' <Predicate = true> <Delay = 3.75> <CoreType = "Generic">   --->   Core 0 '' <Latency = 0> <II = 1> <Delay = 1.00> <Generic> <Opcode : >

State 18 <SV = 17> <Delay = 1.54>
ST_18 : Operation 165 [1/3] (1.54ns)   --->   "%call_ret11 = call i64 @dense_latency<ap_ufixed<8, 0, 4, 0, 0>, ap_fixed<16, 6, 5, 3, 0>, config19>, i8 %layer18_out, i8 %layer18_out_1, i8 %layer18_out_2, i8 %layer18_out_3" [firmware/nnet_utils/nnet_dense.h:41->firmware/myproject.cpp:87]   --->   Operation 165 'call' 'call_ret11' <Predicate = true> <Delay = 1.54> <CoreType = "Generic">   --->   Core 0 '' <Latency = 0> <II = 1> <Delay = 1.00> <Generic> <Opcode : >
ST_18 : Operation 166 [1/1] (0.00ns)   --->   "%layer19_out = extractvalue i64 %call_ret11" [firmware/nnet_utils/nnet_dense.h:41->firmware/myproject.cpp:87]   --->   Operation 166 'extractvalue' 'layer19_out' <Predicate = true> <Delay = 0.00>
ST_18 : Operation 167 [1/1] (0.00ns)   --->   "%layer19_out_1 = extractvalue i64 %call_ret11" [firmware/nnet_utils/nnet_dense.h:41->firmware/myproject.cpp:87]   --->   Operation 167 'extractvalue' 'layer19_out_1' <Predicate = true> <Delay = 0.00>
ST_18 : Operation 168 [1/1] (0.00ns)   --->   "%layer19_out_2 = extractvalue i64 %call_ret11" [firmware/nnet_utils/nnet_dense.h:41->firmware/myproject.cpp:87]   --->   Operation 168 'extractvalue' 'layer19_out_2' <Predicate = true> <Delay = 0.00>
ST_18 : Operation 169 [1/1] (0.00ns)   --->   "%layer19_out_3 = extractvalue i64 %call_ret11" [firmware/nnet_utils/nnet_dense.h:41->firmware/myproject.cpp:87]   --->   Operation 169 'extractvalue' 'layer19_out_3' <Predicate = true> <Delay = 0.00>

State 19 <SV = 18> <Delay = 2.89>
ST_19 : Operation 170 [2/2] (2.89ns)   --->   "%call_ret = call i32 @relu<ap_fixed<16, 6, 5, 3, 0>, ap_ufixed<8, 0, 4, 0, 0>, relu_config21>, i16 %layer19_out, i16 %layer19_out_1, i16 %layer19_out_2, i16 %layer19_out_3" [firmware/myproject.cpp:91]   --->   Operation 170 'call' 'call_ret' <Predicate = true> <Delay = 2.89> <CoreType = "Generic">   --->   Core 0 '' <Latency = 0> <II = 1> <Delay = 1.00> <Generic> <Opcode : >

State 20 <SV = 19> <Delay = 2.49>
ST_20 : Operation 171 [1/2] (2.49ns)   --->   "%call_ret = call i32 @relu<ap_fixed<16, 6, 5, 3, 0>, ap_ufixed<8, 0, 4, 0, 0>, relu_config21>, i16 %layer19_out, i16 %layer19_out_1, i16 %layer19_out_2, i16 %layer19_out_3" [firmware/myproject.cpp:91]   --->   Operation 171 'call' 'call_ret' <Predicate = true> <Delay = 2.49> <CoreType = "Generic">   --->   Core 0 '' <Latency = 0> <II = 1> <Delay = 1.00> <Generic> <Opcode : >
ST_20 : Operation 172 [1/1] (0.00ns)   --->   "%layer21_out = extractvalue i32 %call_ret" [firmware/myproject.cpp:91]   --->   Operation 172 'extractvalue' 'layer21_out' <Predicate = true> <Delay = 0.00>
ST_20 : Operation 173 [1/1] (0.00ns)   --->   "%layer21_out_1 = extractvalue i32 %call_ret" [firmware/myproject.cpp:91]   --->   Operation 173 'extractvalue' 'layer21_out_1' <Predicate = true> <Delay = 0.00>
ST_20 : Operation 174 [1/1] (0.00ns)   --->   "%layer21_out_2 = extractvalue i32 %call_ret" [firmware/myproject.cpp:91]   --->   Operation 174 'extractvalue' 'layer21_out_2' <Predicate = true> <Delay = 0.00>
ST_20 : Operation 175 [1/1] (0.00ns)   --->   "%layer21_out_3 = extractvalue i32 %call_ret" [firmware/myproject.cpp:91]   --->   Operation 175 'extractvalue' 'layer21_out_3' <Predicate = true> <Delay = 0.00>

State 21 <SV = 20> <Delay = 3.75>
ST_21 : Operation 176 [2/2] (3.75ns)   --->   "%layer22_out = call i13 @dense_latency<ap_ufixed<8, 0, 4, 0, 0>, ap_fixed<16, 6, 5, 3, 0>, config22>, i8 %layer21_out, i8 %layer21_out_1, i8 %layer21_out_2, i8 %layer21_out_3" [firmware/nnet_utils/nnet_dense.h:41->firmware/myproject.cpp:95]   --->   Operation 176 'call' 'layer22_out' <Predicate = true> <Delay = 3.75> <CoreType = "Generic">   --->   Core 0 '' <Latency = 0> <II = 1> <Delay = 1.00> <Generic> <Opcode : >

State 22 <SV = 21> <Delay = 3.18>
ST_22 : Operation 177 [1/2] (3.18ns)   --->   "%layer22_out = call i13 @dense_latency<ap_ufixed<8, 0, 4, 0, 0>, ap_fixed<16, 6, 5, 3, 0>, config22>, i8 %layer21_out, i8 %layer21_out_1, i8 %layer21_out_2, i8 %layer21_out_3" [firmware/nnet_utils/nnet_dense.h:41->firmware/myproject.cpp:95]   --->   Operation 177 'call' 'layer22_out' <Predicate = true> <Delay = 3.18> <CoreType = "Generic">   --->   Core 0 '' <Latency = 0> <II = 1> <Delay = 1.00> <Generic> <Opcode : >

State 23 <SV = 22> <Delay = 3.75>
ST_23 : Operation 178 [1/1] (0.00ns)   --->   "%shl_ln = bitconcatenate i14 @_ssdm_op_BitConcatenate.i14.i13.i1, i13 %layer22_out, i1 0" [firmware/nnet_utils/nnet_activation.h:468->firmware/myproject.cpp:97]   --->   Operation 178 'bitconcatenate' 'shl_ln' <Predicate = true> <Delay = 0.00>
ST_23 : Operation 179 [1/1] (0.00ns)   --->   "%sext_ln468 = sext i14 %shl_ln" [firmware/nnet_utils/nnet_activation.h:468->firmware/myproject.cpp:97]   --->   Operation 179 'sext' 'sext_ln468' <Predicate = true> <Delay = 0.00>
ST_23 : Operation 180 [1/1] (1.81ns)   --->   "%sigmoid = add i15 %sext_ln468, i15 2048" [firmware/nnet_utils/nnet_activation.h:468->firmware/myproject.cpp:97]   --->   Operation 180 'add' 'sigmoid' <Predicate = true> <Delay = 1.81> <CoreInst = "Adder">   --->   Core 1 'Adder' <Latency = 0> <II = 1> <Delay = 1.81> <FuncUnit> <Opcode : 'add' 'sub'> <InPorts = 2> <OutPorts = 1>
ST_23 : Operation 181 [1/1] (1.94ns)   --->   "%icmp_ln469 = icmp_sgt  i15 %sigmoid, i15 4096" [firmware/nnet_utils/nnet_activation.h:469->firmware/myproject.cpp:97]   --->   Operation 181 'icmp' 'icmp_ln469' <Predicate = true> <Delay = 1.94> <CoreInst = "Cmp">   --->   Core 9 'Cmp' <Latency = 0> <II = 1> <Delay = 1.94> <FuncUnit> <Opcode : 'seteq' 'setne' 'setle' 'setge' 'setlt' 'setgt'> <InPorts = 2> <OutPorts = 1>

State 24 <SV = 23> <Delay = 3.54>
ST_24 : Operation 182 [1/1] (0.00ns) (grouped into LUT with out node add_ln473)   --->   "%tmp = bitselect i1 @_ssdm_op_BitSelect.i1.i15.i32, i15 %sigmoid, i32 14" [firmware/nnet_utils/nnet_activation.h:471->firmware/myproject.cpp:97]   --->   Operation 182 'bitselect' 'tmp' <Predicate = true> <Delay = 0.00>
ST_24 : Operation 183 [1/1] (0.00ns) (grouped into LUT with out node add_ln473)   --->   "%or_ln469 = or i1 %icmp_ln469, i1 %tmp" [firmware/nnet_utils/nnet_activation.h:469->firmware/myproject.cpp:97]   --->   Operation 183 'or' 'or_ln469' <Predicate = true> <Delay = 0.00> <CoreInst = "LogicGate">   --->   Core 74 'LogicGate' <Latency = 0> <II = 1> <Delay = 0.97> <FuncUnit> <Opcode : 'and' 'or' 'xor'> <InPorts = 2> <OutPorts = 1>
ST_24 : Operation 184 [1/1] (0.00ns) (grouped into LUT with out node add_ln473)   --->   "%select_ln469 = select i1 %icmp_ln469, i13 4096, i13 0" [firmware/nnet_utils/nnet_activation.h:469->firmware/myproject.cpp:97]   --->   Operation 184 'select' 'select_ln469' <Predicate = true> <Delay = 0.00> <CoreInst = "Sel">   --->   Core 73 'Sel' <Latency = 0> <II = 1> <Delay = 0.69> <FuncUnit> <Opcode : 'select'> <InPorts = 3> <OutPorts = 1>
ST_24 : Operation 185 [1/1] (0.00ns) (grouped into LUT with out node add_ln473)   --->   "%trunc_ln473 = trunc i15 %sigmoid" [firmware/nnet_utils/nnet_activation.h:473->firmware/myproject.cpp:97]   --->   Operation 185 'trunc' 'trunc_ln473' <Predicate = true> <Delay = 0.00>
ST_24 : Operation 186 [1/1] (0.00ns) (grouped into LUT with out node add_ln473)   --->   "%select_ln469_1 = select i1 %or_ln469, i13 %select_ln469, i13 %trunc_ln473" [firmware/nnet_utils/nnet_activation.h:469->firmware/myproject.cpp:97]   --->   Operation 186 'select' 'select_ln469_1' <Predicate = true> <Delay = 0.00> <CoreInst = "Sel">   --->   Core 73 'Sel' <Latency = 0> <II = 1> <Delay = 0.69> <FuncUnit> <Opcode : 'select'> <InPorts = 3> <OutPorts = 1>
ST_24 : Operation 187 [1/1] (0.00ns) (grouped into LUT with out node add_ln473)   --->   "%shl_ln1 = bitconcatenate i14 @_ssdm_op_BitConcatenate.i14.i13.i1, i13 %select_ln469_1, i1 0" [firmware/nnet_utils/nnet_activation.h:473->firmware/myproject.cpp:97]   --->   Operation 187 'bitconcatenate' 'shl_ln1' <Predicate = true> <Delay = 0.00>
ST_24 : Operation 188 [1/1] (1.81ns) (out node of the LUT)   --->   "%add_ln473 = add i14 %shl_ln1, i14 12288" [firmware/nnet_utils/nnet_activation.h:473->firmware/myproject.cpp:97]   --->   Operation 188 'add' 'add_ln473' <Predicate = true> <Delay = 1.81> <CoreInst = "Adder">   --->   Core 1 'Adder' <Latency = 0> <II = 1> <Delay = 1.81> <FuncUnit> <Opcode : 'add' 'sub'> <InPorts = 2> <OutPorts = 1>
ST_24 : Operation 189 [1/1] (0.00ns)   --->   "%tmp_92 = bitselect i1 @_ssdm_op_BitSelect.i1.i14.i32, i14 %add_ln473, i32 13" [firmware/nnet_utils/nnet_activation.h:473->firmware/myproject.cpp:97]   --->   Operation 189 'bitselect' 'tmp_92' <Predicate = true> <Delay = 0.00>
ST_24 : Operation 190 [1/1] (0.00ns)   --->   "%trunc_ln473_1 = trunc i14 %add_ln473" [firmware/nnet_utils/nnet_activation.h:473->firmware/myproject.cpp:97]   --->   Operation 190 'trunc' 'trunc_ln473_1' <Predicate = true> <Delay = 0.00>
ST_24 : Operation 191 [1/1] (1.73ns)   --->   "%icmp_ln473 = icmp_ne  i4 %trunc_ln473_1, i4 0" [firmware/nnet_utils/nnet_activation.h:473->firmware/myproject.cpp:97]   --->   Operation 191 'icmp' 'icmp_ln473' <Predicate = true> <Delay = 1.73> <CoreInst = "Cmp">   --->   Core 9 'Cmp' <Latency = 0> <II = 1> <Delay = 1.73> <FuncUnit> <Opcode : 'seteq' 'setne' 'setle' 'setge' 'setlt' 'setgt'> <InPorts = 2> <OutPorts = 1>
ST_24 : Operation 192 [1/1] (0.00ns)   --->   "%tmp_94 = bitselect i1 @_ssdm_op_BitSelect.i1.i14.i32, i14 %add_ln473, i32 12" [firmware/nnet_utils/nnet_activation.h:473->firmware/myproject.cpp:97]   --->   Operation 192 'bitselect' 'tmp_94' <Predicate = true> <Delay = 0.00>

State 25 <SV = 24> <Delay = 4.14>
ST_25 : Operation 193 [1/1] (0.00ns)   --->   "%specpipeline_ln0 = specpipeline void @_ssdm_op_SpecPipeline, i32 4294967295, i32 0, i32 0, i32 0, void @empty_0"   --->   Operation 193 'specpipeline' 'specpipeline_ln0' <Predicate = true> <Delay = 0.00>
ST_25 : Operation 194 [1/1] (0.00ns)   --->   "%spectopmodule_ln0 = spectopmodule void @_ssdm_op_SpecTopModule, void @empty_2"   --->   Operation 194 'spectopmodule' 'spectopmodule_ln0' <Predicate = true> <Delay = 0.00>
ST_25 : Operation 195 [1/1] (0.00ns)   --->   "%specbitsmap_ln0 = specbitsmap void @_ssdm_op_SpecBitsMap, i336 %x_profile"   --->   Operation 195 'specbitsmap' 'specbitsmap_ln0' <Predicate = true> <Delay = 0.00>
ST_25 : Operation 196 [1/1] (0.00ns)   --->   "%specinterface_ln0 = specinterface void @_ssdm_op_SpecInterface, i336 %x_profile, void @empty, i32 4294967295, i32 4294967295, void @empty_0, i32 0, i32 0, void @empty_0, void @empty_0, void @empty_0, i32 0, i32 0, i32 0, i32 0, void @empty_0, void @empty_0, i32 4294967295, i32 0, i32 0"   --->   Operation 196 'specinterface' 'specinterface_ln0' <Predicate = true> <Delay = 0.00>
ST_25 : Operation 197 [1/1] (0.00ns)   --->   "%specbitsmap_ln0 = specbitsmap void @_ssdm_op_SpecBitsMap, i16 %nModule"   --->   Operation 197 'specbitsmap' 'specbitsmap_ln0' <Predicate = true> <Delay = 0.00>
ST_25 : Operation 198 [1/1] (0.00ns)   --->   "%specinterface_ln0 = specinterface void @_ssdm_op_SpecInterface, i16 %nModule, void @empty, i32 4294967295, i32 4294967295, void @empty_0, i32 0, i32 0, void @empty_0, void @empty_0, void @empty_0, i32 0, i32 0, i32 0, i32 0, void @empty_0, void @empty_0, i32 4294967295, i32 0, i32 0"   --->   Operation 198 'specinterface' 'specinterface_ln0' <Predicate = true> <Delay = 0.00>
ST_25 : Operation 199 [1/1] (0.00ns)   --->   "%specbitsmap_ln0 = specbitsmap void @_ssdm_op_SpecBitsMap, i16 %x_local"   --->   Operation 199 'specbitsmap' 'specbitsmap_ln0' <Predicate = true> <Delay = 0.00>
ST_25 : Operation 200 [1/1] (0.00ns)   --->   "%specinterface_ln0 = specinterface void @_ssdm_op_SpecInterface, i16 %x_local, void @empty, i32 4294967295, i32 4294967295, void @empty_0, i32 0, i32 0, void @empty_0, void @empty_0, void @empty_0, i32 0, i32 0, i32 0, i32 0, void @empty_0, void @empty_0, i32 4294967295, i32 0, i32 0"   --->   Operation 200 'specinterface' 'specinterface_ln0' <Predicate = true> <Delay = 0.00>
ST_25 : Operation 201 [1/1] (0.00ns)   --->   "%specbitsmap_ln0 = specbitsmap void @_ssdm_op_SpecBitsMap, i208 %y_profile"   --->   Operation 201 'specbitsmap' 'specbitsmap_ln0' <Predicate = true> <Delay = 0.00>
ST_25 : Operation 202 [1/1] (0.00ns)   --->   "%specinterface_ln0 = specinterface void @_ssdm_op_SpecInterface, i208 %y_profile, void @empty, i32 4294967295, i32 4294967295, void @empty_0, i32 0, i32 0, void @empty_0, void @empty_0, void @empty_0, i32 0, i32 0, i32 0, i32 0, void @empty_0, void @empty_0, i32 4294967295, i32 0, i32 0"   --->   Operation 202 'specinterface' 'specinterface_ln0' <Predicate = true> <Delay = 0.00>
ST_25 : Operation 203 [1/1] (0.00ns)   --->   "%specbitsmap_ln0 = specbitsmap void @_ssdm_op_SpecBitsMap, i16 %y_local"   --->   Operation 203 'specbitsmap' 'specbitsmap_ln0' <Predicate = true> <Delay = 0.00>
ST_25 : Operation 204 [1/1] (0.00ns)   --->   "%specinterface_ln0 = specinterface void @_ssdm_op_SpecInterface, i16 %y_local, void @empty, i32 4294967295, i32 4294967295, void @empty_0, i32 0, i32 0, void @empty_0, void @empty_0, void @empty_0, i32 0, i32 0, i32 0, i32 0, void @empty_0, void @empty_0, i32 4294967295, i32 0, i32 0"   --->   Operation 204 'specinterface' 'specinterface_ln0' <Predicate = true> <Delay = 0.00>
ST_25 : Operation 205 [1/1] (0.00ns)   --->   "%specbitsmap_ln0 = specbitsmap void @_ssdm_op_SpecBitsMap, i8 %layer24_out"   --->   Operation 205 'specbitsmap' 'specbitsmap_ln0' <Predicate = true> <Delay = 0.00>
ST_25 : Operation 206 [1/1] (0.00ns)   --->   "%specinterface_ln0 = specinterface void @_ssdm_op_SpecInterface, i8 %layer24_out, void @empty, i32 4294967295, i32 4294967295, void @empty_0, i32 0, i32 0, void @empty_0, void @empty_0, void @empty_0, i32 0, i32 0, i32 0, i32 0, void @empty_0, void @empty_0, i32 4294967295, i32 0, i32 0"   --->   Operation 206 'specinterface' 'specinterface_ln0' <Predicate = true> <Delay = 0.00>
ST_25 : Operation 207 [1/1] (0.00ns) (grouped into LUT with out node add_ln473_1)   --->   "%trunc_ln = partselect i8 @_ssdm_op_PartSelect.i8.i14.i32.i32, i14 %add_ln473, i32 5, i32 12" [firmware/nnet_utils/nnet_activation.h:473->firmware/myproject.cpp:97]   --->   Operation 207 'partselect' 'trunc_ln' <Predicate = true> <Delay = 0.00>
ST_25 : Operation 208 [1/1] (0.00ns) (grouped into LUT with out node add_ln473_1)   --->   "%tmp_93 = bitselect i1 @_ssdm_op_BitSelect.i1.i14.i32, i14 %add_ln473, i32 4" [firmware/nnet_utils/nnet_activation.h:473->firmware/myproject.cpp:97]   --->   Operation 208 'bitselect' 'tmp_93' <Predicate = true> <Delay = 0.00>
ST_25 : Operation 209 [1/1] (0.00ns) (grouped into LUT with out node add_ln473_1)   --->   "%tmp_95 = bitselect i1 @_ssdm_op_BitSelect.i1.i14.i32, i14 %add_ln473, i32 5" [firmware/nnet_utils/nnet_activation.h:473->firmware/myproject.cpp:97]   --->   Operation 209 'bitselect' 'tmp_95' <Predicate = true> <Delay = 0.00>
ST_25 : Operation 210 [1/1] (0.00ns) (grouped into LUT with out node add_ln473_1)   --->   "%or_ln473 = or i1 %tmp_95, i1 %icmp_ln473" [firmware/nnet_utils/nnet_activation.h:473->firmware/myproject.cpp:97]   --->   Operation 210 'or' 'or_ln473' <Predicate = true> <Delay = 0.00> <CoreInst = "LogicGate">   --->   Core 74 'LogicGate' <Latency = 0> <II = 1> <Delay = 0.97> <FuncUnit> <Opcode : 'and' 'or' 'xor'> <InPorts = 2> <OutPorts = 1>
ST_25 : Operation 211 [1/1] (0.00ns) (grouped into LUT with out node add_ln473_1)   --->   "%and_ln473 = and i1 %or_ln473, i1 %tmp_93" [firmware/nnet_utils/nnet_activation.h:473->firmware/myproject.cpp:97]   --->   Operation 211 'and' 'and_ln473' <Predicate = true> <Delay = 0.00> <CoreInst = "LogicGate">   --->   Core 74 'LogicGate' <Latency = 0> <II = 1> <Delay = 0.97> <FuncUnit> <Opcode : 'and' 'or' 'xor'> <InPorts = 2> <OutPorts = 1>
ST_25 : Operation 212 [1/1] (0.00ns) (grouped into LUT with out node add_ln473_1)   --->   "%zext_ln473 = zext i1 %and_ln473" [firmware/nnet_utils/nnet_activation.h:473->firmware/myproject.cpp:97]   --->   Operation 212 'zext' 'zext_ln473' <Predicate = true> <Delay = 0.00>
ST_25 : Operation 213 [1/1] (1.91ns) (out node of the LUT)   --->   "%add_ln473_1 = add i8 %trunc_ln, i8 %zext_ln473" [firmware/nnet_utils/nnet_activation.h:473->firmware/myproject.cpp:97]   --->   Operation 213 'add' 'add_ln473_1' <Predicate = true> <Delay = 1.91> <CoreInst = "Adder">   --->   Core 1 'Adder' <Latency = 0> <II = 1> <Delay = 1.91> <FuncUnit> <Opcode : 'add' 'sub'> <InPorts = 2> <OutPorts = 1>
ST_25 : Operation 214 [1/1] (0.00ns)   --->   "%tmp_96 = bitselect i1 @_ssdm_op_BitSelect.i1.i8.i32, i8 %add_ln473_1, i32 7" [firmware/nnet_utils/nnet_activation.h:473->firmware/myproject.cpp:97]   --->   Operation 214 'bitselect' 'tmp_96' <Predicate = true> <Delay = 0.00>
ST_25 : Operation 215 [1/1] (0.00ns) (grouped into LUT with out node and_ln473_1)   --->   "%xor_ln473 = xor i1 %tmp_94, i1 1" [firmware/nnet_utils/nnet_activation.h:473->firmware/myproject.cpp:97]   --->   Operation 215 'xor' 'xor_ln473' <Predicate = true> <Delay = 0.00> <CoreInst = "LogicGate">   --->   Core 74 'LogicGate' <Latency = 0> <II = 1> <Delay = 0.97> <FuncUnit> <Opcode : 'and' 'or' 'xor'> <InPorts = 2> <OutPorts = 1>
ST_25 : Operation 216 [1/1] (0.00ns) (grouped into LUT with out node and_ln473_1)   --->   "%or_ln473_3 = or i1 %tmp_96, i1 %xor_ln473" [firmware/nnet_utils/nnet_activation.h:473->firmware/myproject.cpp:97]   --->   Operation 216 'or' 'or_ln473_3' <Predicate = true> <Delay = 0.00> <CoreInst = "LogicGate">   --->   Core 74 'LogicGate' <Latency = 0> <II = 1> <Delay = 0.97> <FuncUnit> <Opcode : 'and' 'or' 'xor'> <InPorts = 2> <OutPorts = 1>
ST_25 : Operation 217 [1/1] (0.00ns) (grouped into LUT with out node and_ln473_1)   --->   "%xor_ln473_2 = xor i1 %tmp_92, i1 %or_ln473_3" [firmware/nnet_utils/nnet_activation.h:473->firmware/myproject.cpp:97]   --->   Operation 217 'xor' 'xor_ln473_2' <Predicate = true> <Delay = 0.00> <CoreInst = "LogicGate">   --->   Core 74 'LogicGate' <Latency = 0> <II = 1> <Delay = 0.97> <FuncUnit> <Opcode : 'and' 'or' 'xor'> <InPorts = 2> <OutPorts = 1>
ST_25 : Operation 218 [1/1] (0.00ns) (grouped into LUT with out node and_ln473_1)   --->   "%xor_ln473_1 = xor i1 %tmp_92, i1 1" [firmware/nnet_utils/nnet_activation.h:473->firmware/myproject.cpp:97]   --->   Operation 218 'xor' 'xor_ln473_1' <Predicate = true> <Delay = 0.00> <CoreInst = "LogicGate">   --->   Core 74 'LogicGate' <Latency = 0> <II = 1> <Delay = 0.97> <FuncUnit> <Opcode : 'and' 'or' 'xor'> <InPorts = 2> <OutPorts = 1>
ST_25 : Operation 219 [1/1] (0.00ns) (grouped into LUT with out node and_ln473_1)   --->   "%xor_ln473_3 = xor i1 %xor_ln473_2, i1 1" [firmware/nnet_utils/nnet_activation.h:473->firmware/myproject.cpp:97]   --->   Operation 219 'xor' 'xor_ln473_3' <Predicate = true> <Delay = 0.00> <CoreInst = "LogicGate">   --->   Core 74 'LogicGate' <Latency = 0> <II = 1> <Delay = 0.97> <FuncUnit> <Opcode : 'and' 'or' 'xor'> <InPorts = 2> <OutPorts = 1>
ST_25 : Operation 220 [1/1] (0.00ns) (grouped into LUT with out node and_ln473_1)   --->   "%or_ln473_1 = or i1 %tmp_96, i1 %xor_ln473_3" [firmware/nnet_utils/nnet_activation.h:473->firmware/myproject.cpp:97]   --->   Operation 220 'or' 'or_ln473_1' <Predicate = true> <Delay = 0.00> <CoreInst = "LogicGate">   --->   Core 74 'LogicGate' <Latency = 0> <II = 1> <Delay = 0.97> <FuncUnit> <Opcode : 'and' 'or' 'xor'> <InPorts = 2> <OutPorts = 1>
ST_25 : Operation 221 [1/1] (0.97ns) (out node of the LUT)   --->   "%and_ln473_1 = and i1 %or_ln473_1, i1 %xor_ln473_1" [firmware/nnet_utils/nnet_activation.h:473->firmware/myproject.cpp:97]   --->   Operation 221 'and' 'and_ln473_1' <Predicate = true> <Delay = 0.97> <CoreInst = "LogicGate">   --->   Core 74 'LogicGate' <Latency = 0> <II = 1> <Delay = 0.97> <FuncUnit> <Opcode : 'and' 'or' 'xor'> <InPorts = 2> <OutPorts = 1>
ST_25 : Operation 222 [1/1] (0.00ns) (grouped into LUT with out node select_ln473_1)   --->   "%or_ln473_4 = or i1 %tmp_94, i1 %tmp_96" [firmware/nnet_utils/nnet_activation.h:473->firmware/myproject.cpp:97]   --->   Operation 222 'or' 'or_ln473_4' <Predicate = true> <Delay = 0.00> <CoreInst = "LogicGate">   --->   Core 74 'LogicGate' <Latency = 0> <II = 1> <Delay = 0.97> <FuncUnit> <Opcode : 'and' 'or' 'xor'> <InPorts = 2> <OutPorts = 1>
ST_25 : Operation 223 [1/1] (0.00ns) (grouped into LUT with out node select_ln473_1)   --->   "%xor_ln473_4 = xor i1 %or_ln473_4, i1 1" [firmware/nnet_utils/nnet_activation.h:473->firmware/myproject.cpp:97]   --->   Operation 223 'xor' 'xor_ln473_4' <Predicate = true> <Delay = 0.00> <CoreInst = "LogicGate">   --->   Core 74 'LogicGate' <Latency = 0> <II = 1> <Delay = 0.97> <FuncUnit> <Opcode : 'and' 'or' 'xor'> <InPorts = 2> <OutPorts = 1>
ST_25 : Operation 224 [1/1] (0.00ns) (grouped into LUT with out node select_ln473_1)   --->   "%and_ln473_2 = and i1 %tmp_92, i1 %xor_ln473_4" [firmware/nnet_utils/nnet_activation.h:473->firmware/myproject.cpp:97]   --->   Operation 224 'and' 'and_ln473_2' <Predicate = true> <Delay = 0.00> <CoreInst = "LogicGate">   --->   Core 74 'LogicGate' <Latency = 0> <II = 1> <Delay = 0.97> <FuncUnit> <Opcode : 'and' 'or' 'xor'> <InPorts = 2> <OutPorts = 1>
ST_25 : Operation 225 [1/1] (0.00ns) (grouped into LUT with out node select_ln473_1)   --->   "%select_ln473 = select i1 %and_ln473_1, i8 127, i8 128" [firmware/nnet_utils/nnet_activation.h:473->firmware/myproject.cpp:97]   --->   Operation 225 'select' 'select_ln473' <Predicate = true> <Delay = 0.00> <CoreInst = "Sel">   --->   Core 73 'Sel' <Latency = 0> <II = 1> <Delay = 1.24> <FuncUnit> <Opcode : 'select'> <InPorts = 3> <OutPorts = 1>
ST_25 : Operation 226 [1/1] (0.00ns) (grouped into LUT with out node select_ln473_1)   --->   "%or_ln473_2 = or i1 %and_ln473_1, i1 %and_ln473_2" [firmware/nnet_utils/nnet_activation.h:473->firmware/myproject.cpp:97]   --->   Operation 226 'or' 'or_ln473_2' <Predicate = true> <Delay = 0.00> <CoreInst = "LogicGate">   --->   Core 74 'LogicGate' <Latency = 0> <II = 1> <Delay = 0.97> <FuncUnit> <Opcode : 'and' 'or' 'xor'> <InPorts = 2> <OutPorts = 1>
ST_25 : Operation 227 [1/1] (1.24ns) (out node of the LUT)   --->   "%select_ln473_1 = select i1 %or_ln473_2, i8 %select_ln473, i8 %add_ln473_1" [firmware/nnet_utils/nnet_activation.h:473->firmware/myproject.cpp:97]   --->   Operation 227 'select' 'select_ln473_1' <Predicate = true> <Delay = 1.24> <CoreInst = "Sel">   --->   Core 73 'Sel' <Latency = 0> <II = 1> <Delay = 1.24> <FuncUnit> <Opcode : 'select'> <InPorts = 3> <OutPorts = 1>
ST_25 : Operation 228 [1/1] (0.00ns)   --->   "%write_ln473 = write void @_ssdm_op_Write.ap_vld.i8P0A, i8 %layer24_out, i8 %select_ln473_1" [firmware/nnet_utils/nnet_activation.h:473->firmware/myproject.cpp:97]   --->   Operation 228 'write' 'write_ln473' <Predicate = true> <Delay = 0.00>
ST_25 : Operation 229 [1/1] (0.00ns)   --->   "%ret_ln99 = ret" [firmware/myproject.cpp:99]   --->   Operation 229 'ret' 'ret_ln99' <Predicate = true> <Delay = 0.00>


============================================================
+ Verbose Summary: Timing violations
============================================================
Target clock period: 5.000ns, clock uncertainty: 0.625ns.

 <State 1>: 4.302ns
The critical path consists of the following:
	wire read operation ('x_profile_read') on port 'x_profile' [21]  (0.000 ns)
	'call' operation 544 bit ('call_ret1', firmware/myproject.cpp:47) to 'concatenate1d<ap_fixed,ap_fixed,ap_fixed<16,6,5,3,0>,config3>' [23]  (0.000 ns)
	'call' operation 560 bit ('call_ret2', firmware/myproject.cpp:51) to 'concatenate1d<ap_fixed,ap_fixed,ap_fixed<16,6,5,3,0>,config7>' [59]  (0.000 ns)
	'call' operation 128 bit ('call_ret4', firmware/nnet_utils/nnet_dense.h:41->firmware/myproject.cpp:59) to 'dense_latency<ap_fixed<16, 6, 5, 3, 0>, ap_fixed<16, 6, 5, 3, 0>, config9>' [100]  (4.302 ns)

 <State 2>: 4.302ns
The critical path consists of the following:
	'call' operation 128 bit ('call_ret4', firmware/nnet_utils/nnet_dense.h:41->firmware/myproject.cpp:59) to 'dense_latency<ap_fixed<16, 6, 5, 3, 0>, ap_fixed<16, 6, 5, 3, 0>, config9>' [100]  (4.302 ns)

 <State 3>: 4.302ns
The critical path consists of the following:
	'call' operation 128 bit ('call_ret4', firmware/nnet_utils/nnet_dense.h:41->firmware/myproject.cpp:59) to 'dense_latency<ap_fixed<16, 6, 5, 3, 0>, ap_fixed<16, 6, 5, 3, 0>, config9>' [100]  (4.302 ns)

 <State 4>: 4.302ns
The critical path consists of the following:
	'call' operation 128 bit ('call_ret4', firmware/nnet_utils/nnet_dense.h:41->firmware/myproject.cpp:59) to 'dense_latency<ap_fixed<16, 6, 5, 3, 0>, ap_fixed<16, 6, 5, 3, 0>, config9>' [100]  (4.302 ns)

 <State 5>: 4.302ns
The critical path consists of the following:
	'call' operation 128 bit ('call_ret4', firmware/nnet_utils/nnet_dense.h:41->firmware/myproject.cpp:59) to 'dense_latency<ap_fixed<16, 6, 5, 3, 0>, ap_fixed<16, 6, 5, 3, 0>, config9>' [100]  (4.302 ns)

 <State 6>: 3.903ns
The critical path consists of the following:
	'call' operation 128 bit ('call_ret4', firmware/nnet_utils/nnet_dense.h:41->firmware/myproject.cpp:59) to 'dense_latency<ap_fixed<16, 6, 5, 3, 0>, ap_fixed<16, 6, 5, 3, 0>, config9>' [100]  (3.903 ns)

 <State 7>: 2.893ns
The critical path consists of the following:
	'call' operation 64 bit ('call_ret6', firmware/myproject.cpp:67) to 'relu<ap_fixed<16, 6, 5, 3, 0>, ap_ufixed<8, 0, 4, 0, 0>, relu_config13>' [112]  (2.893 ns)

 <State 8>: 2.496ns
The critical path consists of the following:
	'call' operation 64 bit ('call_ret6', firmware/myproject.cpp:67) to 'relu<ap_fixed<16, 6, 5, 3, 0>, ap_ufixed<8, 0, 4, 0, 0>, relu_config13>' [112]  (2.496 ns)

 <State 9>: 4.243ns
The critical path consists of the following:
	'call' operation 160 bit ('call_ret8', firmware/myproject.cpp:75) to 'concatenate1d<ap_ufixed,ap_ufixed,ap_fixed<16,6,5,3,0>,config15>' [124]  (0.000 ns)
	'call' operation 64 bit ('call_ret9', firmware/nnet_utils/nnet_dense.h:41->firmware/myproject.cpp:79) to 'dense_latency<ap_fixed<16, 6, 5, 3, 0>, ap_fixed<16, 6, 5, 3, 0>, config16>' [135]  (4.243 ns)

 <State 10>: 4.243ns
The critical path consists of the following:
	'call' operation 64 bit ('call_ret9', firmware/nnet_utils/nnet_dense.h:41->firmware/myproject.cpp:79) to 'dense_latency<ap_fixed<16, 6, 5, 3, 0>, ap_fixed<16, 6, 5, 3, 0>, config16>' [135]  (4.243 ns)

 <State 11>: 4.243ns
The critical path consists of the following:
	'call' operation 64 bit ('call_ret9', firmware/nnet_utils/nnet_dense.h:41->firmware/myproject.cpp:79) to 'dense_latency<ap_fixed<16, 6, 5, 3, 0>, ap_fixed<16, 6, 5, 3, 0>, config16>' [135]  (4.243 ns)

 <State 12>: 4.243ns
The critical path consists of the following:
	'call' operation 64 bit ('call_ret9', firmware/nnet_utils/nnet_dense.h:41->firmware/myproject.cpp:79) to 'dense_latency<ap_fixed<16, 6, 5, 3, 0>, ap_fixed<16, 6, 5, 3, 0>, config16>' [135]  (4.243 ns)

 <State 13>: 3.903ns
The critical path consists of the following:
	'call' operation 64 bit ('call_ret9', firmware/nnet_utils/nnet_dense.h:41->firmware/myproject.cpp:79) to 'dense_latency<ap_fixed<16, 6, 5, 3, 0>, ap_fixed<16, 6, 5, 3, 0>, config16>' [135]  (3.903 ns)

 <State 14>: 2.893ns
The critical path consists of the following:
	'call' operation 32 bit ('call_ret10', firmware/myproject.cpp:83) to 'relu<ap_fixed<16, 6, 5, 3, 0>, ap_ufixed<8, 0, 4, 0, 0>, relu_config18>' [140]  (2.893 ns)

 <State 15>: 2.496ns
The critical path consists of the following:
	'call' operation 32 bit ('call_ret10', firmware/myproject.cpp:83) to 'relu<ap_fixed<16, 6, 5, 3, 0>, ap_ufixed<8, 0, 4, 0, 0>, relu_config18>' [140]  (2.496 ns)

 <State 16>: 3.554ns
The critical path consists of the following:
	'call' operation 64 bit ('call_ret11', firmware/nnet_utils/nnet_dense.h:41->firmware/myproject.cpp:87) to 'dense_latency<ap_ufixed<8, 0, 4, 0, 0>, ap_fixed<16, 6, 5, 3, 0>, config19>' [145]  (3.554 ns)

 <State 17>: 3.757ns
The critical path consists of the following:
	'call' operation 64 bit ('call_ret11', firmware/nnet_utils/nnet_dense.h:41->firmware/myproject.cpp:87) to 'dense_latency<ap_ufixed<8, 0, 4, 0, 0>, ap_fixed<16, 6, 5, 3, 0>, config19>' [145]  (3.757 ns)

 <State 18>: 1.547ns
The critical path consists of the following:
	'call' operation 64 bit ('call_ret11', firmware/nnet_utils/nnet_dense.h:41->firmware/myproject.cpp:87) to 'dense_latency<ap_ufixed<8, 0, 4, 0, 0>, ap_fixed<16, 6, 5, 3, 0>, config19>' [145]  (1.547 ns)

 <State 19>: 2.893ns
The critical path consists of the following:
	'call' operation 32 bit ('call_ret', firmware/myproject.cpp:91) to 'relu<ap_fixed<16, 6, 5, 3, 0>, ap_ufixed<8, 0, 4, 0, 0>, relu_config21>' [150]  (2.893 ns)

 <State 20>: 2.496ns
The critical path consists of the following:
	'call' operation 32 bit ('call_ret', firmware/myproject.cpp:91) to 'relu<ap_fixed<16, 6, 5, 3, 0>, ap_ufixed<8, 0, 4, 0, 0>, relu_config21>' [150]  (2.496 ns)

 <State 21>: 3.757ns
The critical path consists of the following:
	'call' operation 13 bit ('layer22_out', firmware/nnet_utils/nnet_dense.h:41->firmware/myproject.cpp:95) to 'dense_latency<ap_ufixed<8, 0, 4, 0, 0>, ap_fixed<16, 6, 5, 3, 0>, config22>' [155]  (3.757 ns)

 <State 22>: 3.186ns
The critical path consists of the following:
	'call' operation 13 bit ('layer22_out', firmware/nnet_utils/nnet_dense.h:41->firmware/myproject.cpp:95) to 'dense_latency<ap_ufixed<8, 0, 4, 0, 0>, ap_fixed<16, 6, 5, 3, 0>, config22>' [155]  (3.186 ns)

 <State 23>: 3.756ns
The critical path consists of the following:
	'add' operation 15 bit ('sigmoid', firmware/nnet_utils/nnet_activation.h:468->firmware/myproject.cpp:97) [158]  (1.812 ns)
	'icmp' operation 1 bit ('icmp_ln469', firmware/nnet_utils/nnet_activation.h:469->firmware/myproject.cpp:97) [159]  (1.944 ns)

 <State 24>: 3.547ns
The critical path consists of the following:
	'or' operation 1 bit ('or_ln469', firmware/nnet_utils/nnet_activation.h:469->firmware/myproject.cpp:97) [161]  (0.000 ns)
	'select' operation 13 bit ('select_ln469_1', firmware/nnet_utils/nnet_activation.h:469->firmware/myproject.cpp:97) [164]  (0.000 ns)
	'add' operation 14 bit ('add_ln473', firmware/nnet_utils/nnet_activation.h:473->firmware/myproject.cpp:97) [166]  (1.812 ns)
	'icmp' operation 1 bit ('icmp_ln473', firmware/nnet_utils/nnet_activation.h:473->firmware/myproject.cpp:97) [171]  (1.735 ns)

 <State 25>: 4.141ns
The critical path consists of the following:
	'add' operation 8 bit ('add_ln473_1', firmware/nnet_utils/nnet_activation.h:473->firmware/myproject.cpp:97) [177]  (1.915 ns)
	'or' operation 1 bit ('or_ln473_1', firmware/nnet_utils/nnet_activation.h:473->firmware/myproject.cpp:97) [184]  (0.000 ns)
	'and' operation 1 bit ('and_ln473_1', firmware/nnet_utils/nnet_activation.h:473->firmware/myproject.cpp:97) [185]  (0.978 ns)
	'select' operation 8 bit ('select_ln473', firmware/nnet_utils/nnet_activation.h:473->firmware/myproject.cpp:97) [189]  (0.000 ns)
	'select' operation 8 bit ('select_ln473_1', firmware/nnet_utils/nnet_activation.h:473->firmware/myproject.cpp:97) [191]  (1.248 ns)


============================================================
+ Verbose Summary: Binding
============================================================
N/A
* FSMD analyzer results:
  - Output states:
 - Input state : 
  - Chain level:
	State 1
	State 2
	State 3
	State 4
	State 5
	State 6
	State 7
	State 8
	State 9
	State 10
	State 11
	State 12
	State 13
	State 14
	State 15
	State 16
	State 17
	State 18
	State 19
	State 20
	State 21
	State 22
	State 23
	State 24
	State 25


============================================================
+ Verbose Summary: Datapath Resource usage 
============================================================
N/A
