/home/youeric/PixelML/SmartpixReal/Muon_Collider_Smart_Pixels/eric/ModelASICSynthesis/myproject_prj/solution1/.autopilot/db/myproject.pp.0.cpp:28592:7: warning: Added loop label VITIS_LOOP_1223_1:   [xilinx-label-all-loops]
      for (i = 0; i < __N - 1; ++i) {
      ^~~
      VITIS_LOOP_1223_1: 
/home/youeric/PixelML/SmartpixReal/Muon_Collider_Smart_Pixels/eric/ModelASICSynthesis/myproject_prj/solution1/.autopilot/db/myproject.pp.0.cpp:28592:7: note: FIX-IT applied suggested code changes
/home/youeric/PixelML/SmartpixReal/Muon_Collider_Smart_Pixels/eric/ModelASICSynthesis/myproject_prj/solution1/.autopilot/db/myproject.pp.0.cpp:29566:5: warning: Added loop label VITIS_LOOP_676_1:   [xilinx-label-all-loops]
    for (unsigned i = low; i != high; ++i) {
    ^~~
    VITIS_LOOP_676_1: 
/home/youeric/PixelML/SmartpixReal/Muon_Collider_Smart_Pixels/eric/ModelASICSynthesis/myproject_prj/solution1/.autopilot/db/myproject.pp.0.cpp:29566:5: note: FIX-IT applied suggested code changes
/home/youeric/PixelML/SmartpixReal/Muon_Collider_Smart_Pixels/eric/ModelASICSynthesis/myproject_prj/solution1/.autopilot/db/myproject.pp.0.cpp:29580:5: warning: Added loop label VITIS_LOOP_690_1:   [xilinx-label-all-loops]
    for (unsigned i = low; i != high; ++i) {
    ^~~
    VITIS_LOOP_690_1: 
/home/youeric/PixelML/SmartpixReal/Muon_Collider_Smart_Pixels/eric/ModelASICSynthesis/myproject_prj/solution1/.autopilot/db/myproject.pp.0.cpp:29580:5: note: FIX-IT applied suggested code changes
/home/youeric/PixelML/SmartpixReal/Muon_Collider_Smart_Pixels/eric/ModelASICSynthesis/myproject_prj/solution1/.autopilot/db/myproject.pp.0.cpp:29594:5: warning: Added loop label VITIS_LOOP_704_1:   [xilinx-label-all-loops]
    for (unsigned i = low; i != high; ++i) {
    ^~~
    VITIS_LOOP_704_1: 
/home/youeric/PixelML/SmartpixReal/Muon_Collider_Smart_Pixels/eric/ModelASICSynthesis/myproject_prj/solution1/.autopilot/db/myproject.pp.0.cpp:29594:5: note: FIX-IT applied suggested code changes
/home/youeric/PixelML/SmartpixReal/Muon_Collider_Smart_Pixels/eric/ModelASICSynthesis/myproject_prj/solution1/.autopilot/db/myproject.pp.0.cpp:31211:7: warning: Added loop label VITIS_LOOP_1247_1:   [xilinx-label-all-loops]
      for (i = 0; i < __N - 1; ++i) {
      ^~~
      VITIS_LOOP_1247_1: 
/home/youeric/PixelML/SmartpixReal/Muon_Collider_Smart_Pixels/eric/ModelASICSynthesis/myproject_prj/solution1/.autopilot/db/myproject.pp.0.cpp:31211:7: note: FIX-IT applied suggested code changes
/home/youeric/PixelML/SmartpixReal/Muon_Collider_Smart_Pixels/eric/ModelASICSynthesis/myproject_prj/solution1/.autopilot/db/myproject.pp.0.cpp:33194:9: warning: Added loop label VITIS_LOOP_27_1:   [xilinx-label-all-loops]
        for (unsigned i = 0; i < N; i++) {
        ^~~
        VITIS_LOOP_27_1: 
/home/youeric/PixelML/SmartpixReal/Muon_Collider_Smart_Pixels/eric/ModelASICSynthesis/myproject_prj/solution1/.autopilot/db/myproject.pp.0.cpp:33194:9: note: FIX-IT applied suggested code changes
/home/youeric/PixelML/SmartpixReal/Muon_Collider_Smart_Pixels/eric/ModelASICSynthesis/myproject_prj/solution1/.autopilot/db/myproject.pp.0.cpp:33207:9: warning: Added loop label VITIS_LOOP_40_1:   [xilinx-label-all-loops]
        for (size_t i = 0; i < N; i++) {
        ^~~
        VITIS_LOOP_40_1: 
/home/youeric/PixelML/SmartpixReal/Muon_Collider_Smart_Pixels/eric/ModelASICSynthesis/myproject_prj/solution1/.autopilot/db/myproject.pp.0.cpp:33207:9: note: FIX-IT applied suggested code changes
/home/youeric/PixelML/SmartpixReal/Muon_Collider_Smart_Pixels/eric/ModelASICSynthesis/myproject_prj/solution1/.autopilot/db/myproject.pp.0.cpp:56157:5: warning: Added loop label VITIS_LOOP_265_1:   [xilinx-label-all-loops]
    for (typename std::vector<src_T>::const_iterator i = in_begin; i != in_end; ++i) {
    ^~~
    VITIS_LOOP_265_1: 
/home/youeric/PixelML/SmartpixReal/Muon_Collider_Smart_Pixels/eric/ModelASICSynthesis/myproject_prj/solution1/.autopilot/db/myproject.pp.0.cpp:56157:5: note: FIX-IT applied suggested code changes
/home/youeric/PixelML/SmartpixReal/Muon_Collider_Smart_Pixels/eric/ModelASICSynthesis/myproject_prj/solution1/.autopilot/db/myproject.pp.0.cpp:56167:5: warning: Added loop label VITIS_LOOP_275_1:   [xilinx-label-all-loops]
    for (auto i = 0; i < SIZE; i++)
    ^~~
    VITIS_LOOP_275_1: 
/home/youeric/PixelML/SmartpixReal/Muon_Collider_Smart_Pixels/eric/ModelASICSynthesis/myproject_prj/solution1/.autopilot/db/myproject.pp.0.cpp:56167:5: note: FIX-IT applied suggested code changes
/home/youeric/PixelML/SmartpixReal/Muon_Collider_Smart_Pixels/eric/ModelASICSynthesis/myproject_prj/solution1/.autopilot/db/myproject.pp.0.cpp:56178:5: warning: Added loop label VITIS_LOOP_286_1:   [xilinx-label-all-loops]
    for (int i = 0; i < SIZE; i++) {
    ^~~
    VITIS_LOOP_286_1: 
/home/youeric/PixelML/SmartpixReal/Muon_Collider_Smart_Pixels/eric/ModelASICSynthesis/myproject_prj/solution1/.autopilot/db/myproject.pp.0.cpp:56178:5: note: FIX-IT applied suggested code changes
/home/youeric/PixelML/SmartpixReal/Muon_Collider_Smart_Pixels/eric/ModelASICSynthesis/myproject_prj/solution1/.autopilot/db/myproject.pp.0.cpp:56185:5: warning: Added loop label VITIS_LOOP_293_1:   [xilinx-label-all-loops]
    for (int i = 0; i < SIZE / res_T::size; i++) {
    ^~~
    VITIS_LOOP_293_1: 
/home/youeric/PixelML/SmartpixReal/Muon_Collider_Smart_Pixels/eric/ModelASICSynthesis/myproject_prj/solution1/.autopilot/db/myproject.pp.0.cpp:56185:5: note: FIX-IT applied suggested code changes
/home/youeric/PixelML/SmartpixReal/Muon_Collider_Smart_Pixels/eric/ModelASICSynthesis/myproject_prj/solution1/.autopilot/db/myproject.pp.0.cpp:56187:9: warning: Added loop label VITIS_LOOP_295_2:   [xilinx-label-all-loops]
        for (int j = 0; j < res_T::size; j++) {
        ^~~
        VITIS_LOOP_295_2: 
/home/youeric/PixelML/SmartpixReal/Muon_Collider_Smart_Pixels/eric/ModelASICSynthesis/myproject_prj/solution1/.autopilot/db/myproject.pp.0.cpp:56187:9: note: FIX-IT applied suggested code changes
/home/youeric/PixelML/SmartpixReal/Muon_Collider_Smart_Pixels/eric/ModelASICSynthesis/myproject_prj/solution1/.autopilot/db/myproject.pp.0.cpp:56199:5: warning: Added loop label VITIS_LOOP_307_1:   [xilinx-label-all-loops]
    for (int i = 0; i < SIZE / data_T::size; i++) {
    ^~~
    VITIS_LOOP_307_1: 
/home/youeric/PixelML/SmartpixReal/Muon_Collider_Smart_Pixels/eric/ModelASICSynthesis/myproject_prj/solution1/.autopilot/db/myproject.pp.0.cpp:56199:5: note: FIX-IT applied suggested code changes
/home/youeric/PixelML/SmartpixReal/Muon_Collider_Smart_Pixels/eric/ModelASICSynthesis/myproject_prj/solution1/.autopilot/db/myproject.pp.0.cpp:56201:9: warning: Added loop label VITIS_LOOP_309_2:   [xilinx-label-all-loops]
        for (int j = 0; j < data_T::size; j++) {
        ^~~
        VITIS_LOOP_309_2: 
/home/youeric/PixelML/SmartpixReal/Muon_Collider_Smart_Pixels/eric/ModelASICSynthesis/myproject_prj/solution1/.autopilot/db/myproject.pp.0.cpp:56201:9: note: FIX-IT applied suggested code changes
/home/youeric/PixelML/SmartpixReal/Muon_Collider_Smart_Pixels/eric/ModelASICSynthesis/myproject_prj/solution1/.autopilot/db/myproject.pp.0.cpp:56216:5: warning: Added loop label VITIS_LOOP_324_1:   [xilinx-label-all-loops]
    for (int ii = 0; ii < nrows; ii++) {
    ^~~
    VITIS_LOOP_324_1: 
/home/youeric/PixelML/SmartpixReal/Muon_Collider_Smart_Pixels/eric/ModelASICSynthesis/myproject_prj/solution1/.autopilot/db/myproject.pp.0.cpp:56216:5: note: FIX-IT applied suggested code changes
/home/youeric/PixelML/SmartpixReal/Muon_Collider_Smart_Pixels/eric/ModelASICSynthesis/myproject_prj/solution1/.autopilot/db/myproject.pp.0.cpp:56236:5: warning: Added loop label VITIS_LOOP_344_1:   [xilinx-label-all-loops]
    for (int ii = 0; ii < nrows; ii++) {
    ^~~
    VITIS_LOOP_344_1: 
/home/youeric/PixelML/SmartpixReal/Muon_Collider_Smart_Pixels/eric/ModelASICSynthesis/myproject_prj/solution1/.autopilot/db/myproject.pp.0.cpp:56236:5: note: FIX-IT applied suggested code changes
/home/youeric/PixelML/SmartpixReal/Muon_Collider_Smart_Pixels/eric/ModelASICSynthesis/myproject_prj/solution1/.autopilot/db/myproject.pp.0.cpp:56237:9: warning: Added loop label VITIS_LOOP_345_2:   [xilinx-label-all-loops]
        for (int jj = 0; jj < ncols; jj++) {
        ^~~
        VITIS_LOOP_345_2: 
/home/youeric/PixelML/SmartpixReal/Muon_Collider_Smart_Pixels/eric/ModelASICSynthesis/myproject_prj/solution1/.autopilot/db/myproject.pp.0.cpp:56237:9: note: FIX-IT applied suggested code changes
/home/youeric/PixelML/SmartpixReal/Muon_Collider_Smart_Pixels/eric/ModelASICSynthesis/myproject_prj/solution1/.autopilot/db/myproject.pp.0.cpp:56252:5: warning: Added loop label VITIS_LOOP_360_1:   [xilinx-label-all-loops]
    for (int ii = 0; ii < N_IN; ii++) {
    ^~~
    VITIS_LOOP_360_1: 
/home/youeric/PixelML/SmartpixReal/Muon_Collider_Smart_Pixels/eric/ModelASICSynthesis/myproject_prj/solution1/.autopilot/db/myproject.pp.0.cpp:56252:5: note: FIX-IT applied suggested code changes
/home/youeric/PixelML/SmartpixReal/Muon_Collider_Smart_Pixels/eric/ModelASICSynthesis/myproject_prj/solution1/.autopilot/db/myproject.pp.0.cpp:56259:5: warning: Added loop label VITIS_LOOP_367_1:   [xilinx-label-all-loops]
    for (int ii = 0; ii < N_IN; ii++) {
    ^~~
    VITIS_LOOP_367_1: 
/home/youeric/PixelML/SmartpixReal/Muon_Collider_Smart_Pixels/eric/ModelASICSynthesis/myproject_prj/solution1/.autopilot/db/myproject.pp.0.cpp:56259:5: note: FIX-IT applied suggested code changes
/home/youeric/PixelML/SmartpixReal/Muon_Collider_Smart_Pixels/eric/ModelASICSynthesis/myproject_prj/solution1/.autopilot/db/myproject.pp.0.cpp:56382:2: warning: Added loop label VITIS_LOOP_31_1:   [xilinx-label-all-loops]
 for (int ii = 0; ii < CONFIG_T::n_in; ii++) {
 ^~~
 VITIS_LOOP_31_1: 
/home/youeric/PixelML/SmartpixReal/Muon_Collider_Smart_Pixels/eric/ModelASICSynthesis/myproject_prj/solution1/.autopilot/db/myproject.pp.0.cpp:56382:2: note: FIX-IT applied suggested code changes
/home/youeric/PixelML/SmartpixReal/Muon_Collider_Smart_Pixels/eric/ModelASICSynthesis/myproject_prj/solution1/.autopilot/db/myproject.pp.0.cpp:56394:5: warning: Added loop label VITIS_LOOP_43_1:   [xilinx-label-all-loops]
    for (int ii = 0; ii < CONFIG_T::n_in; ii++) {
    ^~~
    VITIS_LOOP_43_1: 
/home/youeric/PixelML/SmartpixReal/Muon_Collider_Smart_Pixels/eric/ModelASICSynthesis/myproject_prj/solution1/.autopilot/db/myproject.pp.0.cpp:56394:5: note: FIX-IT applied suggested code changes
/home/youeric/PixelML/SmartpixReal/Muon_Collider_Smart_Pixels/eric/ModelASICSynthesis/myproject_prj/solution1/.autopilot/db/myproject.pp.0.cpp:56408:5: warning: Added loop label VITIS_LOOP_57_1:   [xilinx-label-all-loops]
    for (int ii = 0; ii < CONFIG_T::n_in; ii++) {
    ^~~
    VITIS_LOOP_57_1: 
/home/youeric/PixelML/SmartpixReal/Muon_Collider_Smart_Pixels/eric/ModelASICSynthesis/myproject_prj/solution1/.autopilot/db/myproject.pp.0.cpp:56408:5: note: FIX-IT applied suggested code changes
/home/youeric/PixelML/SmartpixReal/Muon_Collider_Smart_Pixels/eric/ModelASICSynthesis/myproject_prj/solution1/.autopilot/db/myproject.pp.0.cpp:56435:5: warning: Added loop label VITIS_LOOP_84_1:   [xilinx-label-all-loops]
    for (int ii = 0; ii < N_TABLE; ii++) {
    ^~~
    VITIS_LOOP_84_1: 
/home/youeric/PixelML/SmartpixReal/Muon_Collider_Smart_Pixels/eric/ModelASICSynthesis/myproject_prj/solution1/.autopilot/db/myproject.pp.0.cpp:56435:5: note: FIX-IT applied suggested code changes
/home/youeric/PixelML/SmartpixReal/Muon_Collider_Smart_Pixels/eric/ModelASICSynthesis/myproject_prj/solution1/.autopilot/db/myproject.pp.0.cpp:56465:5: warning: Added loop label VITIS_LOOP_114_1:   [xilinx-label-all-loops]
    for (int ii = 0; ii < CONFIG_T::n_in; ii++) {
    ^~~
    VITIS_LOOP_114_1: 
/home/youeric/PixelML/SmartpixReal/Muon_Collider_Smart_Pixels/eric/ModelASICSynthesis/myproject_prj/solution1/.autopilot/db/myproject.pp.0.cpp:56465:5: note: FIX-IT applied suggested code changes
/home/youeric/PixelML/SmartpixReal/Muon_Collider_Smart_Pixels/eric/ModelASICSynthesis/myproject_prj/solution1/.autopilot/db/myproject.pp.0.cpp:56502:5: warning: Added loop label VITIS_LOOP_151_1:   [xilinx-label-all-loops]
    for (unsigned i = 0; i < CONFIG_T::table_size; i++) {
    ^~~
    VITIS_LOOP_151_1: 
/home/youeric/PixelML/SmartpixReal/Muon_Collider_Smart_Pixels/eric/ModelASICSynthesis/myproject_prj/solution1/.autopilot/db/myproject.pp.0.cpp:56502:5: note: FIX-IT applied suggested code changes
/home/youeric/PixelML/SmartpixReal/Muon_Collider_Smart_Pixels/eric/ModelASICSynthesis/myproject_prj/solution1/.autopilot/db/myproject.pp.0.cpp:56513:5: warning: Added loop label VITIS_LOOP_162_1:   [xilinx-label-all-loops]
    for (unsigned i = 0; i < CONFIG_T::table_size; i++) {
    ^~~
    VITIS_LOOP_162_1: 
/home/youeric/PixelML/SmartpixReal/Muon_Collider_Smart_Pixels/eric/ModelASICSynthesis/myproject_prj/solution1/.autopilot/db/myproject.pp.0.cpp:56513:5: note: FIX-IT applied suggested code changes
/home/youeric/PixelML/SmartpixReal/Muon_Collider_Smart_Pixels/eric/ModelASICSynthesis/myproject_prj/solution1/.autopilot/db/myproject.pp.0.cpp:56546:5: warning: Added loop label VITIS_LOOP_195_1:   [xilinx-label-all-loops]
    for (unsigned i = 0; i < CONFIG_T::n_in; i++) {
    ^~~
    VITIS_LOOP_195_1: 
/home/youeric/PixelML/SmartpixReal/Muon_Collider_Smart_Pixels/eric/ModelASICSynthesis/myproject_prj/solution1/.autopilot/db/myproject.pp.0.cpp:56546:5: note: FIX-IT applied suggested code changes
/home/youeric/PixelML/SmartpixReal/Muon_Collider_Smart_Pixels/eric/ModelASICSynthesis/myproject_prj/solution1/.autopilot/db/myproject.pp.0.cpp:56560:5: warning: Added loop label VITIS_LOOP_209_2:   [xilinx-label-all-loops]
    for (unsigned i = 0; i < CONFIG_T::n_in; i++) {
    ^~~
    VITIS_LOOP_209_2: 
/home/youeric/PixelML/SmartpixReal/Muon_Collider_Smart_Pixels/eric/ModelASICSynthesis/myproject_prj/solution1/.autopilot/db/myproject.pp.0.cpp:56560:5: note: FIX-IT applied suggested code changes
/home/youeric/PixelML/SmartpixReal/Muon_Collider_Smart_Pixels/eric/ModelASICSynthesis/myproject_prj/solution1/.autopilot/db/myproject.pp.0.cpp:56594:5: warning: Added loop label VITIS_LOOP_243_1:   [xilinx-label-all-loops]
    for (unsigned i = 0; i < CONFIG_T::n_in; i++) {
    ^~~
    VITIS_LOOP_243_1: 
/home/youeric/PixelML/SmartpixReal/Muon_Collider_Smart_Pixels/eric/ModelASICSynthesis/myproject_prj/solution1/.autopilot/db/myproject.pp.0.cpp:56594:5: note: FIX-IT applied suggested code changes
/home/youeric/PixelML/SmartpixReal/Muon_Collider_Smart_Pixels/eric/ModelASICSynthesis/myproject_prj/solution1/.autopilot/db/myproject.pp.0.cpp:56603:5: warning: Added loop label VITIS_LOOP_252_2:   [xilinx-label-all-loops]
    for (unsigned i = 0; i < CONFIG_T::n_in; i++) {
    ^~~
    VITIS_LOOP_252_2: 
/home/youeric/PixelML/SmartpixReal/Muon_Collider_Smart_Pixels/eric/ModelASICSynthesis/myproject_prj/solution1/.autopilot/db/myproject.pp.0.cpp:56603:5: note: FIX-IT applied suggested code changes
/home/youeric/PixelML/SmartpixReal/Muon_Collider_Smart_Pixels/eric/ModelASICSynthesis/myproject_prj/solution1/.autopilot/db/myproject.pp.0.cpp:56617:5: warning: Added loop label VITIS_LOOP_266_3:   [xilinx-label-all-loops]
    for (unsigned i = 0; i < CONFIG_T::n_in; i++) {
    ^~~
    VITIS_LOOP_266_3: 
/home/youeric/PixelML/SmartpixReal/Muon_Collider_Smart_Pixels/eric/ModelASICSynthesis/myproject_prj/solution1/.autopilot/db/myproject.pp.0.cpp:56617:5: note: FIX-IT applied suggested code changes
/home/youeric/PixelML/SmartpixReal/Muon_Collider_Smart_Pixels/eric/ModelASICSynthesis/myproject_prj/solution1/.autopilot/db/myproject.pp.0.cpp:56624:5: warning: Added loop label VITIS_LOOP_273_1:   [xilinx-label-all-loops]
    for (int ii = 0; ii < N_TABLE; ii++) {
    ^~~
    VITIS_LOOP_273_1: 
/home/youeric/PixelML/SmartpixReal/Muon_Collider_Smart_Pixels/eric/ModelASICSynthesis/myproject_prj/solution1/.autopilot/db/myproject.pp.0.cpp:56624:5: note: FIX-IT applied suggested code changes
/home/youeric/PixelML/SmartpixReal/Muon_Collider_Smart_Pixels/eric/ModelASICSynthesis/myproject_prj/solution1/.autopilot/db/myproject.pp.0.cpp:56637:5: warning: Added loop label VITIS_LOOP_286_1:   [xilinx-label-all-loops]
    for (int ii = 0; ii < N_TABLE; ii++) {
    ^~~
    VITIS_LOOP_286_1: 
/home/youeric/PixelML/SmartpixReal/Muon_Collider_Smart_Pixels/eric/ModelASICSynthesis/myproject_prj/solution1/.autopilot/db/myproject.pp.0.cpp:56637:5: note: FIX-IT applied suggested code changes
/home/youeric/PixelML/SmartpixReal/Muon_Collider_Smart_Pixels/eric/ModelASICSynthesis/myproject_prj/solution1/.autopilot/db/myproject.pp.0.cpp:56674:5: warning: Added loop label VITIS_LOOP_323_1:   [xilinx-label-all-loops]
    for (int ii = 0; ii < CONFIG_T::n_in; ii++) {
    ^~~
    VITIS_LOOP_323_1: 
/home/youeric/PixelML/SmartpixReal/Muon_Collider_Smart_Pixels/eric/ModelASICSynthesis/myproject_prj/solution1/.autopilot/db/myproject.pp.0.cpp:56674:5: note: FIX-IT applied suggested code changes
/home/youeric/PixelML/SmartpixReal/Muon_Collider_Smart_Pixels/eric/ModelASICSynthesis/myproject_prj/solution1/.autopilot/db/myproject.pp.0.cpp:56679:5: warning: Added loop label VITIS_LOOP_328_2:   [xilinx-label-all-loops]
    for (int ii = 0; ii < CONFIG_T::n_in; ii++) {
    ^~~
    VITIS_LOOP_328_2: 
/home/youeric/PixelML/SmartpixReal/Muon_Collider_Smart_Pixels/eric/ModelASICSynthesis/myproject_prj/solution1/.autopilot/db/myproject.pp.0.cpp:56679:5: note: FIX-IT applied suggested code changes
/home/youeric/PixelML/SmartpixReal/Muon_Collider_Smart_Pixels/eric/ModelASICSynthesis/myproject_prj/solution1/.autopilot/db/myproject.pp.0.cpp:56680:9: warning: Added loop label VITIS_LOOP_329_3:   [xilinx-label-all-loops]
        for (int jj = 0; jj < CONFIG_T::n_in; jj++) {
        ^~~
        VITIS_LOOP_329_3: 
/home/youeric/PixelML/SmartpixReal/Muon_Collider_Smart_Pixels/eric/ModelASICSynthesis/myproject_prj/solution1/.autopilot/db/myproject.pp.0.cpp:56680:9: note: FIX-IT applied suggested code changes
/home/youeric/PixelML/SmartpixReal/Muon_Collider_Smart_Pixels/eric/ModelASICSynthesis/myproject_prj/solution1/.autopilot/db/myproject.pp.0.cpp:56697:5: warning: Added loop label VITIS_LOOP_346_4:   [xilinx-label-all-loops]
    for (int ii = 0; ii < CONFIG_T::n_in; ii++) {
    ^~~
    VITIS_LOOP_346_4: 
/home/youeric/PixelML/SmartpixReal/Muon_Collider_Smart_Pixels/eric/ModelASICSynthesis/myproject_prj/solution1/.autopilot/db/myproject.pp.0.cpp:56697:5: note: FIX-IT applied suggested code changes
/home/youeric/PixelML/SmartpixReal/Muon_Collider_Smart_Pixels/eric/ModelASICSynthesis/myproject_prj/solution1/.autopilot/db/myproject.pp.0.cpp:56710:5: warning: Added loop label VITIS_LOOP_359_1:   [xilinx-label-all-loops]
    for (int i = 0; i < CONFIG_T::n_in; i++) {
    ^~~
    VITIS_LOOP_359_1: 
/home/youeric/PixelML/SmartpixReal/Muon_Collider_Smart_Pixels/eric/ModelASICSynthesis/myproject_prj/solution1/.autopilot/db/myproject.pp.0.cpp:56710:5: note: FIX-IT applied suggested code changes
/home/youeric/PixelML/SmartpixReal/Muon_Collider_Smart_Pixels/eric/ModelASICSynthesis/myproject_prj/solution1/.autopilot/db/myproject.pp.0.cpp:56718:5: warning: Added loop label VITIS_LOOP_367_2:   [xilinx-label-all-loops]
    for (int i = 1; i < CONFIG_T::n_in; i++) {
    ^~~
    VITIS_LOOP_367_2: 
/home/youeric/PixelML/SmartpixReal/Muon_Collider_Smart_Pixels/eric/ModelASICSynthesis/myproject_prj/solution1/.autopilot/db/myproject.pp.0.cpp:56718:5: note: FIX-IT applied suggested code changes
/home/youeric/PixelML/SmartpixReal/Muon_Collider_Smart_Pixels/eric/ModelASICSynthesis/myproject_prj/solution1/.autopilot/db/myproject.pp.0.cpp:56753:5: warning: Added loop label VITIS_LOOP_402_1:   [xilinx-label-all-loops]
    for (int ii = 0; ii < N_TABLE; ii++) {
    ^~~
    VITIS_LOOP_402_1: 
/home/youeric/PixelML/SmartpixReal/Muon_Collider_Smart_Pixels/eric/ModelASICSynthesis/myproject_prj/solution1/.autopilot/db/myproject.pp.0.cpp:56753:5: note: FIX-IT applied suggested code changes
/home/youeric/PixelML/SmartpixReal/Muon_Collider_Smart_Pixels/eric/ModelASICSynthesis/myproject_prj/solution1/.autopilot/db/myproject.pp.0.cpp:56783:5: warning: Added loop label VITIS_LOOP_432_1:   [xilinx-label-all-loops]
    for (int ii = 0; ii < CONFIG_T::n_in; ii++) {
    ^~~
    VITIS_LOOP_432_1: 
/home/youeric/PixelML/SmartpixReal/Muon_Collider_Smart_Pixels/eric/ModelASICSynthesis/myproject_prj/solution1/.autopilot/db/myproject.pp.0.cpp:56783:5: note: FIX-IT applied suggested code changes
/home/youeric/PixelML/SmartpixReal/Muon_Collider_Smart_Pixels/eric/ModelASICSynthesis/myproject_prj/solution1/.autopilot/db/myproject.pp.0.cpp:56802:2: warning: Added loop label VITIS_LOOP_451_1:   [xilinx-label-all-loops]
 for (int ii = 0; ii < CONFIG_T::n_in; ii++) {
 ^~~
 VITIS_LOOP_451_1: 
/home/youeric/PixelML/SmartpixReal/Muon_Collider_Smart_Pixels/eric/ModelASICSynthesis/myproject_prj/solution1/.autopilot/db/myproject.pp.0.cpp:56802:2: note: FIX-IT applied suggested code changes
/home/youeric/PixelML/SmartpixReal/Muon_Collider_Smart_Pixels/eric/ModelASICSynthesis/myproject_prj/solution1/.autopilot/db/myproject.pp.0.cpp:56818:5: warning: Added loop label VITIS_LOOP_467_1:   [xilinx-label-all-loops]
    for (int ii = 0; ii < CONFIG_T::n_in; ii++) {
    ^~~
    VITIS_LOOP_467_1: 
/home/youeric/PixelML/SmartpixReal/Muon_Collider_Smart_Pixels/eric/ModelASICSynthesis/myproject_prj/solution1/.autopilot/db/myproject.pp.0.cpp:56818:5: note: FIX-IT applied suggested code changes
/home/youeric/PixelML/SmartpixReal/Muon_Collider_Smart_Pixels/eric/ModelASICSynthesis/myproject_prj/solution1/.autopilot/db/myproject.pp.0.cpp:56836:5: warning: Added loop label VITIS_LOOP_485_1:   [xilinx-label-all-loops]
    for (int ii = 0; ii < CONFIG_T::n_in; ii++) {
    ^~~
    VITIS_LOOP_485_1: 
/home/youeric/PixelML/SmartpixReal/Muon_Collider_Smart_Pixels/eric/ModelASICSynthesis/myproject_prj/solution1/.autopilot/db/myproject.pp.0.cpp:56836:5: note: FIX-IT applied suggested code changes
/home/youeric/PixelML/SmartpixReal/Muon_Collider_Smart_Pixels/eric/ModelASICSynthesis/myproject_prj/solution1/.autopilot/db/myproject.pp.0.cpp:56853:5: warning: Added loop label VITIS_LOOP_502_1:   [xilinx-label-all-loops]
    for (int ii = 0; ii < CONFIG_T::n_in; ii++) {
    ^~~
    VITIS_LOOP_502_1: 
/home/youeric/PixelML/SmartpixReal/Muon_Collider_Smart_Pixels/eric/ModelASICSynthesis/myproject_prj/solution1/.autopilot/db/myproject.pp.0.cpp:56853:5: note: FIX-IT applied suggested code changes
/home/youeric/PixelML/SmartpixReal/Muon_Collider_Smart_Pixels/eric/ModelASICSynthesis/myproject_prj/solution1/.autopilot/db/myproject.pp.0.cpp:56870:5: warning: Added loop label VITIS_LOOP_519_1:   [xilinx-label-all-loops]
    for (int ii = 0; ii < N_TABLE; ii++) {
    ^~~
    VITIS_LOOP_519_1: 
/home/youeric/PixelML/SmartpixReal/Muon_Collider_Smart_Pixels/eric/ModelASICSynthesis/myproject_prj/solution1/.autopilot/db/myproject.pp.0.cpp:56870:5: note: FIX-IT applied suggested code changes
/home/youeric/PixelML/SmartpixReal/Muon_Collider_Smart_Pixels/eric/ModelASICSynthesis/myproject_prj/solution1/.autopilot/db/myproject.pp.0.cpp:56900:5: warning: Added loop label VITIS_LOOP_549_1:   [xilinx-label-all-loops]
    for (int ii = 0; ii < CONFIG_T::n_in; ii++) {
    ^~~
    VITIS_LOOP_549_1: 
/home/youeric/PixelML/SmartpixReal/Muon_Collider_Smart_Pixels/eric/ModelASICSynthesis/myproject_prj/solution1/.autopilot/db/myproject.pp.0.cpp:56900:5: note: FIX-IT applied suggested code changes
/home/youeric/PixelML/SmartpixReal/Muon_Collider_Smart_Pixels/eric/ModelASICSynthesis/myproject_prj/solution1/.autopilot/db/myproject.pp.0.cpp:56919:5: warning: Added loop label VITIS_LOOP_568_1:   [xilinx-label-all-loops]
    for (int ii = 0; ii < N_TABLE; ii++) {
    ^~~
    VITIS_LOOP_568_1: 
/home/youeric/PixelML/SmartpixReal/Muon_Collider_Smart_Pixels/eric/ModelASICSynthesis/myproject_prj/solution1/.autopilot/db/myproject.pp.0.cpp:56919:5: note: FIX-IT applied suggested code changes
/home/youeric/PixelML/SmartpixReal/Muon_Collider_Smart_Pixels/eric/ModelASICSynthesis/myproject_prj/solution1/.autopilot/db/myproject.pp.0.cpp:56949:5: warning: Added loop label VITIS_LOOP_598_1:   [xilinx-label-all-loops]
    for (int ii = 0; ii < CONFIG_T::n_in; ii++) {
    ^~~
    VITIS_LOOP_598_1: 
/home/youeric/PixelML/SmartpixReal/Muon_Collider_Smart_Pixels/eric/ModelASICSynthesis/myproject_prj/solution1/.autopilot/db/myproject.pp.0.cpp:56949:5: note: FIX-IT applied suggested code changes
/home/youeric/PixelML/SmartpixReal/Muon_Collider_Smart_Pixels/eric/ModelASICSynthesis/myproject_prj/solution1/.autopilot/db/myproject.pp.0.cpp:56968:5: warning: Added loop label VITIS_LOOP_617_1:   [xilinx-label-all-loops]
    for (int ii = 0; ii < N_TABLE; ii++) {
    ^~~
    VITIS_LOOP_617_1: 
/home/youeric/PixelML/SmartpixReal/Muon_Collider_Smart_Pixels/eric/ModelASICSynthesis/myproject_prj/solution1/.autopilot/db/myproject.pp.0.cpp:56968:5: note: FIX-IT applied suggested code changes
/home/youeric/PixelML/SmartpixReal/Muon_Collider_Smart_Pixels/eric/ModelASICSynthesis/myproject_prj/solution1/.autopilot/db/myproject.pp.0.cpp:56998:5: warning: Added loop label VITIS_LOOP_647_1:   [xilinx-label-all-loops]
    for (int ii = 0; ii < CONFIG_T::n_in; ii++) {
    ^~~
    VITIS_LOOP_647_1: 
/home/youeric/PixelML/SmartpixReal/Muon_Collider_Smart_Pixels/eric/ModelASICSynthesis/myproject_prj/solution1/.autopilot/db/myproject.pp.0.cpp:56998:5: note: FIX-IT applied suggested code changes
/home/youeric/PixelML/SmartpixReal/Muon_Collider_Smart_Pixels/eric/ModelASICSynthesis/myproject_prj/solution1/.autopilot/db/myproject.pp.0.cpp:57025:5: warning: Added loop label VITIS_LOOP_674_1:   [xilinx-label-all-loops]
    for (int ii = 0; ii < N_TABLE; ii++) {
    ^~~
    VITIS_LOOP_674_1: 
/home/youeric/PixelML/SmartpixReal/Muon_Collider_Smart_Pixels/eric/ModelASICSynthesis/myproject_prj/solution1/.autopilot/db/myproject.pp.0.cpp:57025:5: note: FIX-IT applied suggested code changes
/home/youeric/PixelML/SmartpixReal/Muon_Collider_Smart_Pixels/eric/ModelASICSynthesis/myproject_prj/solution1/.autopilot/db/myproject.pp.0.cpp:57054:5: warning: Added loop label VITIS_LOOP_703_1:   [xilinx-label-all-loops]
    for (int ii = 0; ii < CONFIG_T::n_in; ii++) {
    ^~~
    VITIS_LOOP_703_1: 
/home/youeric/PixelML/SmartpixReal/Muon_Collider_Smart_Pixels/eric/ModelASICSynthesis/myproject_prj/solution1/.autopilot/db/myproject.pp.0.cpp:57054:5: note: FIX-IT applied suggested code changes
/home/youeric/PixelML/SmartpixReal/Muon_Collider_Smart_Pixels/eric/ModelASICSynthesis/myproject_prj/solution1/.autopilot/db/myproject.pp.0.cpp:57075:5: warning: Added loop label VITIS_LOOP_724_1:   [xilinx-label-all-loops]
    for (int ii = 0; ii < CONFIG_T::n_in; ii++) {
    ^~~
    VITIS_LOOP_724_1: 
/home/youeric/PixelML/SmartpixReal/Muon_Collider_Smart_Pixels/eric/ModelASICSynthesis/myproject_prj/solution1/.autopilot/db/myproject.pp.0.cpp:57075:5: note: FIX-IT applied suggested code changes
/home/youeric/PixelML/SmartpixReal/Muon_Collider_Smart_Pixels/eric/ModelASICSynthesis/myproject_prj/solution1/.autopilot/db/myproject.pp.0.cpp:57093:5: warning: Added loop label VITIS_LOOP_742_1:   [xilinx-label-all-loops]
    for (int ii = 0; ii < CONFIG_T::n_in; ii++) {
    ^~~
    VITIS_LOOP_742_1: 
/home/youeric/PixelML/SmartpixReal/Muon_Collider_Smart_Pixels/eric/ModelASICSynthesis/myproject_prj/solution1/.autopilot/db/myproject.pp.0.cpp:57093:5: note: FIX-IT applied suggested code changes
/home/youeric/PixelML/SmartpixReal/Muon_Collider_Smart_Pixels/eric/ModelASICSynthesis/myproject_prj/solution1/.autopilot/db/myproject.pp.0.cpp:57113:5: warning: Added loop label VITIS_LOOP_762_1:   [xilinx-label-all-loops]
    for (int ii = 0; ii < CONFIG_T::n_in; ii++) {
    ^~~
    VITIS_LOOP_762_1: 
/home/youeric/PixelML/SmartpixReal/Muon_Collider_Smart_Pixels/eric/ModelASICSynthesis/myproject_prj/solution1/.autopilot/db/myproject.pp.0.cpp:57113:5: note: FIX-IT applied suggested code changes
/home/youeric/PixelML/SmartpixReal/Muon_Collider_Smart_Pixels/eric/ModelASICSynthesis/myproject_prj/solution1/.autopilot/db/myproject.pp.0.cpp:57209:9: warning: Added loop label VITIS_LOOP_73_1:   [xilinx-label-all-loops]
        for (int i = 0; i < N / data_T::size; i++) {
        ^~~
        VITIS_LOOP_73_1: 
/home/youeric/PixelML/SmartpixReal/Muon_Collider_Smart_Pixels/eric/ModelASICSynthesis/myproject_prj/solution1/.autopilot/db/myproject.pp.0.cpp:57209:9: note: FIX-IT applied suggested code changes
/home/youeric/PixelML/SmartpixReal/Muon_Collider_Smart_Pixels/eric/ModelASICSynthesis/myproject_prj/solution1/.autopilot/db/myproject.pp.0.cpp:57216:13: warning: Added loop label VITIS_LOOP_80_2:   [xilinx-label-all-loops]
            for (int j = 0; j < data_T::size; j++) {
            ^~~
            VITIS_LOOP_80_2: 
/home/youeric/PixelML/SmartpixReal/Muon_Collider_Smart_Pixels/eric/ModelASICSynthesis/myproject_prj/solution1/.autopilot/db/myproject.pp.0.cpp:57216:13: note: FIX-IT applied suggested code changes
/home/youeric/PixelML/SmartpixReal/Muon_Collider_Smart_Pixels/eric/ModelASICSynthesis/myproject_prj/solution1/.autopilot/db/myproject.pp.0.cpp:57225:9: warning: Added loop label VITIS_LOOP_89_3:   [xilinx-label-all-loops]
        for (int i = 0; i < N / data_T::size; i++) {
        ^~~
        VITIS_LOOP_89_3: 
/home/youeric/PixelML/SmartpixReal/Muon_Collider_Smart_Pixels/eric/ModelASICSynthesis/myproject_prj/solution1/.autopilot/db/myproject.pp.0.cpp:57225:9: note: FIX-IT applied suggested code changes
/home/youeric/PixelML/SmartpixReal/Muon_Collider_Smart_Pixels/eric/ModelASICSynthesis/myproject_prj/solution1/.autopilot/db/myproject.pp.0.cpp:57234:13: warning: Added loop label VITIS_LOOP_98_4:   [xilinx-label-all-loops]
            for (int j = 0; j < pack_diff; j++) {
            ^~~
            VITIS_LOOP_98_4: 
/home/youeric/PixelML/SmartpixReal/Muon_Collider_Smart_Pixels/eric/ModelASICSynthesis/myproject_prj/solution1/.autopilot/db/myproject.pp.0.cpp:57234:13: note: FIX-IT applied suggested code changes
/home/youeric/PixelML/SmartpixReal/Muon_Collider_Smart_Pixels/eric/ModelASICSynthesis/myproject_prj/solution1/.autopilot/db/myproject.pp.0.cpp:57238:17: warning: Added loop label VITIS_LOOP_102_5:   [xilinx-label-all-loops]
                for (int k = 0; k < res_T::size; k++) {
                ^~~
                VITIS_LOOP_102_5: 
/home/youeric/PixelML/SmartpixReal/Muon_Collider_Smart_Pixels/eric/ModelASICSynthesis/myproject_prj/solution1/.autopilot/db/myproject.pp.0.cpp:57238:17: note: FIX-IT applied suggested code changes
/home/youeric/PixelML/SmartpixReal/Muon_Collider_Smart_Pixels/eric/ModelASICSynthesis/myproject_prj/solution1/.autopilot/db/myproject.pp.0.cpp:57249:9: warning: Added loop label VITIS_LOOP_113_6:   [xilinx-label-all-loops]
        for (int i = 0; i < N / data_T::size; i++) {
        ^~~
        VITIS_LOOP_113_6: 
/home/youeric/PixelML/SmartpixReal/Muon_Collider_Smart_Pixels/eric/ModelASICSynthesis/myproject_prj/solution1/.autopilot/db/myproject.pp.0.cpp:57249:9: note: FIX-IT applied suggested code changes
/home/youeric/PixelML/SmartpixReal/Muon_Collider_Smart_Pixels/eric/ModelASICSynthesis/myproject_prj/solution1/.autopilot/db/myproject.pp.0.cpp:57253:13: warning: Added loop label VITIS_LOOP_117_7:   [xilinx-label-all-loops]
            for (int j = 0; j < data_T::size; j++) {
            ^~~
            VITIS_LOOP_117_7: 
/home/youeric/PixelML/SmartpixReal/Muon_Collider_Smart_Pixels/eric/ModelASICSynthesis/myproject_prj/solution1/.autopilot/db/myproject.pp.0.cpp:57253:13: note: FIX-IT applied suggested code changes
/home/youeric/PixelML/SmartpixReal/Muon_Collider_Smart_Pixels/eric/ModelASICSynthesis/myproject_prj/solution1/.autopilot/db/myproject.pp.0.cpp:57277:9: warning: Added loop label VITIS_LOOP_141_1:   [xilinx-label-all-loops]
        for (int j = 0; j < n_dupl; j++) {
        ^~~
        VITIS_LOOP_141_1: 
/home/youeric/PixelML/SmartpixReal/Muon_Collider_Smart_Pixels/eric/ModelASICSynthesis/myproject_prj/solution1/.autopilot/db/myproject.pp.0.cpp:57277:9: note: FIX-IT applied suggested code changes
/home/youeric/PixelML/SmartpixReal/Muon_Collider_Smart_Pixels/eric/ModelASICSynthesis/myproject_prj/solution1/.autopilot/db/myproject.pp.0.cpp:57281:13: warning: Added loop label VITIS_LOOP_145_2:   [xilinx-label-all-loops]
            for (int k = 0; k < res_T::size; k++) {
            ^~~
            VITIS_LOOP_145_2: 
/home/youeric/PixelML/SmartpixReal/Muon_Collider_Smart_Pixels/eric/ModelASICSynthesis/myproject_prj/solution1/.autopilot/db/myproject.pp.0.cpp:57281:13: note: FIX-IT applied suggested code changes
/home/youeric/PixelML/SmartpixReal/Muon_Collider_Smart_Pixels/eric/ModelASICSynthesis/myproject_prj/solution1/.autopilot/db/myproject.pp.0.cpp:57300:9: warning: Added loop label VITIS_LOOP_164_1:   [xilinx-label-all-loops]
        for (int k = 0; k < res_T::size; k++) {
        ^~~
        VITIS_LOOP_164_1: 
/home/youeric/PixelML/SmartpixReal/Muon_Collider_Smart_Pixels/eric/ModelASICSynthesis/myproject_prj/solution1/.autopilot/db/myproject.pp.0.cpp:57300:9: note: FIX-IT applied suggested code changes
/home/youeric/PixelML/SmartpixReal/Muon_Collider_Smart_Pixels/eric/ModelASICSynthesis/myproject_prj/solution1/.autopilot/db/myproject.pp.0.cpp:57323:2: warning: Added loop label VITIS_LOOP_187_1:   [xilinx-label-all-loops]
 for (int i = 0; i < CONFIG_T::height * CONFIG_T::width / data_T::size; i++) {
 ^~~
 VITIS_LOOP_187_1: 
/home/youeric/PixelML/SmartpixReal/Muon_Collider_Smart_Pixels/eric/ModelASICSynthesis/myproject_prj/solution1/.autopilot/db/myproject.pp.0.cpp:57323:2: note: FIX-IT applied suggested code changes
/home/youeric/PixelML/SmartpixReal/Muon_Collider_Smart_Pixels/eric/ModelASICSynthesis/myproject_prj/solution1/.autopilot/db/myproject.pp.0.cpp:57326:9: warning: Added loop label VITIS_LOOP_190_2:   [xilinx-label-all-loops]
        for (int j = 0; j < data_T::size; j++) {
        ^~~
        VITIS_LOOP_190_2: 
/home/youeric/PixelML/SmartpixReal/Muon_Collider_Smart_Pixels/eric/ModelASICSynthesis/myproject_prj/solution1/.autopilot/db/myproject.pp.0.cpp:57326:9: note: FIX-IT applied suggested code changes
/home/youeric/PixelML/SmartpixReal/Muon_Collider_Smart_Pixels/eric/ModelASICSynthesis/myproject_prj/solution1/.autopilot/db/myproject.pp.0.cpp:57331:5: warning: Added loop label VITIS_LOOP_195_3:   [xilinx-label-all-loops]
    for (int i = 0; i < CONFIG_T::height * CONFIG_T::width / res_T::size; i++) {
    ^~~
    VITIS_LOOP_195_3: 
/home/youeric/PixelML/SmartpixReal/Muon_Collider_Smart_Pixels/eric/ModelASICSynthesis/myproject_prj/solution1/.autopilot/db/myproject.pp.0.cpp:57331:5: note: FIX-IT applied suggested code changes
/home/youeric/PixelML/SmartpixReal/Muon_Collider_Smart_Pixels/eric/ModelASICSynthesis/myproject_prj/solution1/.autopilot/db/myproject.pp.0.cpp:57335:9: warning: Added loop label VITIS_LOOP_199_4:   [xilinx-label-all-loops]
        for (int j = 0; j < res_T::size; j++) {
        ^~~
        VITIS_LOOP_199_4: 
/home/youeric/PixelML/SmartpixReal/Muon_Collider_Smart_Pixels/eric/ModelASICSynthesis/myproject_prj/solution1/.autopilot/db/myproject.pp.0.cpp:57335:9: note: FIX-IT applied suggested code changes
/home/youeric/PixelML/SmartpixReal/Muon_Collider_Smart_Pixels/eric/ModelASICSynthesis/myproject_prj/solution1/.autopilot/db/myproject.pp.0.cpp:57549:9: warning: Added loop label VITIS_LOOP_213_1:   [xilinx-label-all-loops]
        for (unsigned j = 0; j < data_T::size; j++) {
        ^~~
        VITIS_LOOP_213_1: 
/home/youeric/PixelML/SmartpixReal/Muon_Collider_Smart_Pixels/eric/ModelASICSynthesis/myproject_prj/solution1/.autopilot/db/myproject.pp.0.cpp:57549:9: note: FIX-IT applied suggested code changes
/home/youeric/PixelML/SmartpixReal/Muon_Collider_Smart_Pixels/eric/ModelASICSynthesis/myproject_prj/solution1/.autopilot/db/myproject.pp.0.cpp:57558:9: warning: Added loop label VITIS_LOOP_222_2:   [xilinx-label-all-loops]
        for (unsigned j = 0; j < data_T::size; j++) {
        ^~~
        VITIS_LOOP_222_2: 
/home/youeric/PixelML/SmartpixReal/Muon_Collider_Smart_Pixels/eric/ModelASICSynthesis/myproject_prj/solution1/.autopilot/db/myproject.pp.0.cpp:57558:9: note: FIX-IT applied suggested code changes
/home/youeric/PixelML/SmartpixReal/Muon_Collider_Smart_Pixels/eric/ModelASICSynthesis/myproject_prj/solution1/.autopilot/db/myproject.pp.0.cpp:57664:5: warning: Added loop label VITIS_LOOP_328_1:   [xilinx-label-all-loops]
    for (int i = 0; i < CONFIG_T::n_in / res_T::size; i++) {
    ^~~
    VITIS_LOOP_328_1: 
/home/youeric/PixelML/SmartpixReal/Muon_Collider_Smart_Pixels/eric/ModelASICSynthesis/myproject_prj/solution1/.autopilot/db/myproject.pp.0.cpp:57664:5: note: FIX-IT applied suggested code changes
/home/youeric/PixelML/SmartpixReal/Muon_Collider_Smart_Pixels/eric/ModelASICSynthesis/myproject_prj/solution1/.autopilot/db/myproject.pp.0.cpp:57669:9: warning: Added loop label VITIS_LOOP_333_2:   [xilinx-label-all-loops]
        for (int i = 0; i < res_T::size; i++) {
        ^~~
        VITIS_LOOP_333_2: 
/home/youeric/PixelML/SmartpixReal/Muon_Collider_Smart_Pixels/eric/ModelASICSynthesis/myproject_prj/solution1/.autopilot/db/myproject.pp.0.cpp:57669:9: note: FIX-IT applied suggested code changes
/home/youeric/PixelML/SmartpixReal/Muon_Collider_Smart_Pixels/eric/ModelASICSynthesis/myproject_prj/solution1/.autopilot/db/myproject.pp.0.cpp:57677:9: warning: Added loop label VITIS_LOOP_341_3:   [xilinx-label-all-loops]
        for (int i = 1; i < res_T::size; i++) {
        ^~~
        VITIS_LOOP_341_3: 
/home/youeric/PixelML/SmartpixReal/Muon_Collider_Smart_Pixels/eric/ModelASICSynthesis/myproject_prj/solution1/.autopilot/db/myproject.pp.0.cpp:57677:9: note: FIX-IT applied suggested code changes
/home/youeric/PixelML/SmartpixReal/Muon_Collider_Smart_Pixels/eric/ModelASICSynthesis/myproject_prj/solution1/.autopilot/db/myproject.pp.0.cpp:58638:5: warning: Added loop label VITIS_LOOP_14_1:   [xilinx-label-all-loops]
    for (unsigned k = 0; k < CONFIG_T::n_out; k++) {
    ^~~
    VITIS_LOOP_14_1: 
/home/youeric/PixelML/SmartpixReal/Muon_Collider_Smart_Pixels/eric/ModelASICSynthesis/myproject_prj/solution1/.autopilot/db/myproject.pp.0.cpp:58638:5: note: FIX-IT applied suggested code changes
/home/youeric/PixelML/SmartpixReal/Muon_Collider_Smart_Pixels/eric/ModelASICSynthesis/myproject_prj/solution1/.autopilot/db/myproject.pp.0.cpp:58698:9: warning: Added loop label VITIS_LOOP_74_1:   [xilinx-label-all-loops]
        for (int im = 0; im < CONFIG_T::n_out; im++) {
        ^~~
        VITIS_LOOP_74_1: 
/home/youeric/PixelML/SmartpixReal/Muon_Collider_Smart_Pixels/eric/ModelASICSynthesis/myproject_prj/solution1/.autopilot/db/myproject.pp.0.cpp:58698:9: note: FIX-IT applied suggested code changes
/home/youeric/PixelML/SmartpixReal/Muon_Collider_Smart_Pixels/eric/ModelASICSynthesis/myproject_prj/solution1/.autopilot/db/myproject.pp.0.cpp:58882:2: warning: Added loop label VITIS_LOOP_39_1:   [xilinx-label-all-loops]
 for (int ii = 0; ii < CONFIG_T::n_elem; ii++) {
 ^~~
 VITIS_LOOP_39_1: 
/home/youeric/PixelML/SmartpixReal/Muon_Collider_Smart_Pixels/eric/ModelASICSynthesis/myproject_prj/solution1/.autopilot/db/myproject.pp.0.cpp:58882:2: note: FIX-IT applied suggested code changes
/home/youeric/PixelML/SmartpixReal/Muon_Collider_Smart_Pixels/eric/ModelASICSynthesis/myproject_prj/solution1/.autopilot/db/myproject.pp.0.cpp:58891:2: warning: Added loop label VITIS_LOOP_48_1:   [xilinx-label-all-loops]
 for (int ii = 0; ii < CONFIG_T::n_elem; ii++) {
 ^~~
 VITIS_LOOP_48_1: 
/home/youeric/PixelML/SmartpixReal/Muon_Collider_Smart_Pixels/eric/ModelASICSynthesis/myproject_prj/solution1/.autopilot/db/myproject.pp.0.cpp:58891:2: note: FIX-IT applied suggested code changes
/home/youeric/PixelML/SmartpixReal/Muon_Collider_Smart_Pixels/eric/ModelASICSynthesis/myproject_prj/solution1/.autopilot/db/myproject.pp.0.cpp:58900:2: warning: Added loop label VITIS_LOOP_57_1:   [xilinx-label-all-loops]
 for (int ii = 0; ii < CONFIG_T::n_elem; ii++) {
 ^~~
 VITIS_LOOP_57_1: 
/home/youeric/PixelML/SmartpixReal/Muon_Collider_Smart_Pixels/eric/ModelASICSynthesis/myproject_prj/solution1/.autopilot/db/myproject.pp.0.cpp:58900:2: note: FIX-IT applied suggested code changes
/home/youeric/PixelML/SmartpixReal/Muon_Collider_Smart_Pixels/eric/ModelASICSynthesis/myproject_prj/solution1/.autopilot/db/myproject.pp.0.cpp:58909:2: warning: Added loop label VITIS_LOOP_66_1:   [xilinx-label-all-loops]
 for (int ii = 0; ii < CONFIG_T::n_elem; ii++) {
 ^~~
 VITIS_LOOP_66_1: 
/home/youeric/PixelML/SmartpixReal/Muon_Collider_Smart_Pixels/eric/ModelASICSynthesis/myproject_prj/solution1/.autopilot/db/myproject.pp.0.cpp:58909:2: note: FIX-IT applied suggested code changes
/home/youeric/PixelML/SmartpixReal/Muon_Collider_Smart_Pixels/eric/ModelASICSynthesis/myproject_prj/solution1/.autopilot/db/myproject.pp.0.cpp:58918:2: warning: Added loop label VITIS_LOOP_75_1:   [xilinx-label-all-loops]
 for (int ii = 0; ii < CONFIG_T::n_elem; ii++) {
 ^~~
 VITIS_LOOP_75_1: 
/home/youeric/PixelML/SmartpixReal/Muon_Collider_Smart_Pixels/eric/ModelASICSynthesis/myproject_prj/solution1/.autopilot/db/myproject.pp.0.cpp:58918:2: note: FIX-IT applied suggested code changes
/home/youeric/PixelML/SmartpixReal/Muon_Collider_Smart_Pixels/eric/ModelASICSynthesis/myproject_prj/solution1/.autopilot/db/myproject.pp.0.cpp:58927:2: warning: Added loop label VITIS_LOOP_84_1:   [xilinx-label-all-loops]
 for (int ii = 0; ii < CONFIG_T::n_elem; ii++) {
 ^~~
 VITIS_LOOP_84_1: 
/home/youeric/PixelML/SmartpixReal/Muon_Collider_Smart_Pixels/eric/ModelASICSynthesis/myproject_prj/solution1/.autopilot/db/myproject.pp.0.cpp:58927:2: note: FIX-IT applied suggested code changes
/home/youeric/PixelML/SmartpixReal/Muon_Collider_Smart_Pixels/eric/ModelASICSynthesis/myproject_prj/solution1/.autopilot/db/myproject.pp.0.cpp:58962:2: warning: Added loop label VITIS_LOOP_119_1:   [xilinx-label-all-loops]
 for (int ii = 0; ii < CONFIG_T::n_elem1_0; ii++) {
 ^~~
 VITIS_LOOP_119_1: 
/home/youeric/PixelML/SmartpixReal/Muon_Collider_Smart_Pixels/eric/ModelASICSynthesis/myproject_prj/solution1/.autopilot/db/myproject.pp.0.cpp:58962:2: note: FIX-IT applied suggested code changes
/home/youeric/PixelML/SmartpixReal/Muon_Collider_Smart_Pixels/eric/ModelASICSynthesis/myproject_prj/solution1/.autopilot/db/myproject.pp.0.cpp:58965:5: warning: Added loop label VITIS_LOOP_122_2:   [xilinx-label-all-loops]
    for (int ii = 0; ii < CONFIG_T::n_elem2_0; ii++) {
    ^~~
    VITIS_LOOP_122_2: 
/home/youeric/PixelML/SmartpixReal/Muon_Collider_Smart_Pixels/eric/ModelASICSynthesis/myproject_prj/solution1/.autopilot/db/myproject.pp.0.cpp:58965:5: note: FIX-IT applied suggested code changes
/home/youeric/PixelML/SmartpixReal/Muon_Collider_Smart_Pixels/eric/ModelASICSynthesis/myproject_prj/solution1/.autopilot/db/myproject.pp.0.cpp:58976:2: warning: Added loop label VITIS_LOOP_133_1:   [xilinx-label-all-loops]
 for (int ii = 0; ii < CONFIG_T::n_elem1_0 * CONFIG_T::n_elem1_1; ii++) {
 ^~~
 VITIS_LOOP_133_1: 
/home/youeric/PixelML/SmartpixReal/Muon_Collider_Smart_Pixels/eric/ModelASICSynthesis/myproject_prj/solution1/.autopilot/db/myproject.pp.0.cpp:58976:2: note: FIX-IT applied suggested code changes
/home/youeric/PixelML/SmartpixReal/Muon_Collider_Smart_Pixels/eric/ModelASICSynthesis/myproject_prj/solution1/.autopilot/db/myproject.pp.0.cpp:58979:5: warning: Added loop label VITIS_LOOP_136_2:   [xilinx-label-all-loops]
    for (int ii = 0; ii < CONFIG_T::n_elem2_0 * CONFIG_T::n_elem2_1; ii++) {
    ^~~
    VITIS_LOOP_136_2: 
/home/youeric/PixelML/SmartpixReal/Muon_Collider_Smart_Pixels/eric/ModelASICSynthesis/myproject_prj/solution1/.autopilot/db/myproject.pp.0.cpp:58979:5: note: FIX-IT applied suggested code changes
/home/youeric/PixelML/SmartpixReal/Muon_Collider_Smart_Pixels/eric/ModelASICSynthesis/myproject_prj/solution1/.autopilot/db/myproject.pp.0.cpp:58990:2: warning: Added loop label VITIS_LOOP_147_1:   [xilinx-label-all-loops]
 for (int ii = 0; ii < CONFIG_T::n_elem1_0; ii++) {
 ^~~
 VITIS_LOOP_147_1: 
/home/youeric/PixelML/SmartpixReal/Muon_Collider_Smart_Pixels/eric/ModelASICSynthesis/myproject_prj/solution1/.autopilot/db/myproject.pp.0.cpp:58990:2: note: FIX-IT applied suggested code changes
/home/youeric/PixelML/SmartpixReal/Muon_Collider_Smart_Pixels/eric/ModelASICSynthesis/myproject_prj/solution1/.autopilot/db/myproject.pp.0.cpp:58991:9: warning: Added loop label VITIS_LOOP_148_2:   [xilinx-label-all-loops]
        for (int jj = 0; jj < CONFIG_T::n_elem1_1; jj++) {
        ^~~
        VITIS_LOOP_148_2: 
/home/youeric/PixelML/SmartpixReal/Muon_Collider_Smart_Pixels/eric/ModelASICSynthesis/myproject_prj/solution1/.autopilot/db/myproject.pp.0.cpp:58991:9: note: FIX-IT applied suggested code changes
/home/youeric/PixelML/SmartpixReal/Muon_Collider_Smart_Pixels/eric/ModelASICSynthesis/myproject_prj/solution1/.autopilot/db/myproject.pp.0.cpp:58994:9: warning: Added loop label VITIS_LOOP_151_3:   [xilinx-label-all-loops]
        for (int jj = 0; jj < CONFIG_T::n_elem2_1; jj++) {
        ^~~
        VITIS_LOOP_151_3: 
/home/youeric/PixelML/SmartpixReal/Muon_Collider_Smart_Pixels/eric/ModelASICSynthesis/myproject_prj/solution1/.autopilot/db/myproject.pp.0.cpp:58994:9: note: FIX-IT applied suggested code changes
/home/youeric/PixelML/SmartpixReal/Muon_Collider_Smart_Pixels/eric/ModelASICSynthesis/myproject_prj/solution1/.autopilot/db/myproject.pp.0.cpp:59021:2: warning: Added loop label VITIS_LOOP_178_1:   [xilinx-label-all-loops]
 for (int ii = 0; ii < CONFIG_T::n_elem1_0 * CONFIG_T::n_elem1_1 * CONFIG_T::n_elem1_2; ii++) {
 ^~~
 VITIS_LOOP_178_1: 
/home/youeric/PixelML/SmartpixReal/Muon_Collider_Smart_Pixels/eric/ModelASICSynthesis/myproject_prj/solution1/.autopilot/db/myproject.pp.0.cpp:59021:2: note: FIX-IT applied suggested code changes
/home/youeric/PixelML/SmartpixReal/Muon_Collider_Smart_Pixels/eric/ModelASICSynthesis/myproject_prj/solution1/.autopilot/db/myproject.pp.0.cpp:59024:5: warning: Added loop label VITIS_LOOP_181_2:   [xilinx-label-all-loops]
    for (int ii = 0; ii < CONFIG_T::n_elem2_0 * CONFIG_T::n_elem2_1 * CONFIG_T::n_elem2_2; ii++) {
    ^~~
    VITIS_LOOP_181_2: 
/home/youeric/PixelML/SmartpixReal/Muon_Collider_Smart_Pixels/eric/ModelASICSynthesis/myproject_prj/solution1/.autopilot/db/myproject.pp.0.cpp:59024:5: note: FIX-IT applied suggested code changes
/home/youeric/PixelML/SmartpixReal/Muon_Collider_Smart_Pixels/eric/ModelASICSynthesis/myproject_prj/solution1/.autopilot/db/myproject.pp.0.cpp:59036:2: warning: Added loop label VITIS_LOOP_193_1:   [xilinx-label-all-loops]
 for (int ii = 0; ii < CONFIG_T::n_elem1_0; ii++) {
 ^~~
 VITIS_LOOP_193_1: 
/home/youeric/PixelML/SmartpixReal/Muon_Collider_Smart_Pixels/eric/ModelASICSynthesis/myproject_prj/solution1/.autopilot/db/myproject.pp.0.cpp:59036:2: note: FIX-IT applied suggested code changes
/home/youeric/PixelML/SmartpixReal/Muon_Collider_Smart_Pixels/eric/ModelASICSynthesis/myproject_prj/solution1/.autopilot/db/myproject.pp.0.cpp:59037:9: warning: Added loop label VITIS_LOOP_194_2:   [xilinx-label-all-loops]
        for (int jj = 0; jj < CONFIG_T::n_elem1_1; jj++) {
        ^~~
        VITIS_LOOP_194_2: 
/home/youeric/PixelML/SmartpixReal/Muon_Collider_Smart_Pixels/eric/ModelASICSynthesis/myproject_prj/solution1/.autopilot/db/myproject.pp.0.cpp:59037:9: note: FIX-IT applied suggested code changes
/home/youeric/PixelML/SmartpixReal/Muon_Collider_Smart_Pixels/eric/ModelASICSynthesis/myproject_prj/solution1/.autopilot/db/myproject.pp.0.cpp:59038:13: warning: Added loop label VITIS_LOOP_195_3:   [xilinx-label-all-loops]
            for (int kk = 0; kk < CONFIG_T::n_elem1_2; kk++) {
            ^~~
            VITIS_LOOP_195_3: 
/home/youeric/PixelML/SmartpixReal/Muon_Collider_Smart_Pixels/eric/ModelASICSynthesis/myproject_prj/solution1/.autopilot/db/myproject.pp.0.cpp:59038:13: note: FIX-IT applied suggested code changes
/home/youeric/PixelML/SmartpixReal/Muon_Collider_Smart_Pixels/eric/ModelASICSynthesis/myproject_prj/solution1/.autopilot/db/myproject.pp.0.cpp:59045:9: warning: Added loop label VITIS_LOOP_202_4:   [xilinx-label-all-loops]
        for (int jj = 0; jj < CONFIG_T::n_elem2_1; jj++) {
        ^~~
        VITIS_LOOP_202_4: 
/home/youeric/PixelML/SmartpixReal/Muon_Collider_Smart_Pixels/eric/ModelASICSynthesis/myproject_prj/solution1/.autopilot/db/myproject.pp.0.cpp:59045:9: note: FIX-IT applied suggested code changes
/home/youeric/PixelML/SmartpixReal/Muon_Collider_Smart_Pixels/eric/ModelASICSynthesis/myproject_prj/solution1/.autopilot/db/myproject.pp.0.cpp:59046:13: warning: Added loop label VITIS_LOOP_203_5:   [xilinx-label-all-loops]
            for (int kk = 0; kk < CONFIG_T::n_elem2_2; kk++) {
            ^~~
            VITIS_LOOP_203_5: 
/home/youeric/PixelML/SmartpixReal/Muon_Collider_Smart_Pixels/eric/ModelASICSynthesis/myproject_prj/solution1/.autopilot/db/myproject.pp.0.cpp:59046:13: note: FIX-IT applied suggested code changes
/home/youeric/PixelML/SmartpixReal/Muon_Collider_Smart_Pixels/eric/ModelASICSynthesis/myproject_prj/solution1/.autopilot/db/myproject.pp.0.cpp:59063:2: warning: Added loop label VITIS_LOOP_220_1:   [xilinx-label-all-loops]
 for (int ii = 0; ii < CONFIG_T::n_elem1_0; ii++) {
 ^~~
 VITIS_LOOP_220_1: 
/home/youeric/PixelML/SmartpixReal/Muon_Collider_Smart_Pixels/eric/ModelASICSynthesis/myproject_prj/solution1/.autopilot/db/myproject.pp.0.cpp:59063:2: note: FIX-IT applied suggested code changes
/home/youeric/PixelML/SmartpixReal/Muon_Collider_Smart_Pixels/eric/ModelASICSynthesis/myproject_prj/solution1/.autopilot/db/myproject.pp.0.cpp:59064:9: warning: Added loop label VITIS_LOOP_221_2:   [xilinx-label-all-loops]
        for (int jj = 0; jj < CONFIG_T::n_elem1_1; jj++) {
        ^~~
        VITIS_LOOP_221_2: 
/home/youeric/PixelML/SmartpixReal/Muon_Collider_Smart_Pixels/eric/ModelASICSynthesis/myproject_prj/solution1/.autopilot/db/myproject.pp.0.cpp:59064:9: note: FIX-IT applied suggested code changes
/home/youeric/PixelML/SmartpixReal/Muon_Collider_Smart_Pixels/eric/ModelASICSynthesis/myproject_prj/solution1/.autopilot/db/myproject.pp.0.cpp:59065:13: warning: Added loop label VITIS_LOOP_222_3:   [xilinx-label-all-loops]
            for (int kk = 0; kk < CONFIG_T::n_elem1_2; kk++) {
            ^~~
            VITIS_LOOP_222_3: 
/home/youeric/PixelML/SmartpixReal/Muon_Collider_Smart_Pixels/eric/ModelASICSynthesis/myproject_prj/solution1/.autopilot/db/myproject.pp.0.cpp:59065:13: note: FIX-IT applied suggested code changes
/home/youeric/PixelML/SmartpixReal/Muon_Collider_Smart_Pixels/eric/ModelASICSynthesis/myproject_prj/solution1/.autopilot/db/myproject.pp.0.cpp:59071:13: warning: Added loop label VITIS_LOOP_228_4:   [xilinx-label-all-loops]
            for (int kk = 0; kk < CONFIG_T::n_elem1_2; kk++) {
            ^~~
            VITIS_LOOP_228_4: 
/home/youeric/PixelML/SmartpixReal/Muon_Collider_Smart_Pixels/eric/ModelASICSynthesis/myproject_prj/solution1/.autopilot/db/myproject.pp.0.cpp:59071:13: note: FIX-IT applied suggested code changes
