#-----------------------------------------------------------
# Vivado v2024.1 (64-bit)
# SW Build 5076996 on Wed May 22 18:36:09 MDT 2024
# IP Build 5075265 on Wed May 22 21:45:21 MDT 2024
# SharedData Build 5076995 on Wed May 22 18:29:18 MDT 2024
# Start of session at: Mon Apr 20 16:39:43 2026
# Process ID: 2343123
# Current directory: /home/youeric/PixelML/SmartpixReal/Muon_Collider_Smart_Pixels/eric/Model1_quantized_4w0i_pareto_roc_selected/hls_outputs/hls_model_trial_422
# Command line: vivado -mode batch -source vivado_synth.tcl
# Log file: /home/youeric/PixelML/SmartpixReal/Muon_Collider_Smart_Pixels/eric/Model1_quantized_4w0i_pareto_roc_selected/hls_outputs/hls_model_trial_422/vivado.log
# Journal file: /home/youeric/PixelML/SmartpixReal/Muon_Collider_Smart_Pixels/eric/Model1_quantized_4w0i_pareto_roc_selected/hls_outputs/hls_model_trial_422/vivado.jou
# Running On        :kdplab01
# Platform          :unknown
# Operating System  :unknown
# Processor Detail  :Intel(R) Xeon(R) Silver 4314 CPU @ 2.40GHz
# CPU Frequency     :3192.218 MHz
# CPU Physical cores:32
# CPU Logical cores :64
# Host memory       :134212 MB
# Swap memory       :122406 MB
# Total Virtual     :256618 MB
# Available Virtual :183469 MB
#-----------------------------------------------------------
source vivado_synth.tcl
# set tcldir [file dirname [info script]]
# source [file join $tcldir project.tcl]
## variable project_name
## set project_name "myproject"
## variable backend
## set backend "vivado"
## variable part
## set part "xc7z020clg400-1"
## variable clock_period
## set clock_period 5
## variable clock_uncertainty
## set clock_uncertainty 12.5%
## variable version
## set version "1.0.0"
# add_files ${project_name}_prj/solution1/syn/vhdl
add_files: Time (s): cpu = 00:00:06 ; elapsed = 00:00:06 . Memory (MB): peak = 1677.715 ; gain = 12.898 ; free physical = 56640 ; free virtual = 172862
# synth_design -top ${project_name} -part $part
Command: synth_design -top myproject -part xc7z020clg400-1
Starting synth_design
Attempting to get a license for feature 'Synthesis' and/or device 'xc7z020'
INFO: [Common 17-349] Got license for feature 'Synthesis' and/or device 'xc7z020'
INFO: [Synth 8-7079] Multithreading enabled for synth_design using a maximum of 4 processes.
INFO: [Synth 8-7078] Launching helper process for spawning children vivado processes
INFO: [Synth 8-7075] Helper process launched with PID 2355786
---------------------------------------------------------------------------------
Starting Synthesize : Time (s): cpu = 00:00:04 ; elapsed = 00:00:07 . Memory (MB): peak = 2105.336 ; gain = 424.633 ; free physical = 56924 ; free virtual = 168461
---------------------------------------------------------------------------------
INFO: [Synth 8-638] synthesizing module 'myproject' [/home/youeric/PixelML/SmartpixReal/Muon_Collider_Smart_Pixels/eric/Model1_quantized_4w0i_pareto_roc_selected/hls_outputs/hls_model_trial_422/myproject_prj/solution1/syn/vhdl/myproject.vhd:32]
INFO: [Synth 8-3491] module 'myproject_linear_ap_fixed_16_6_5_3_0_ap_fixed_8_1_4_0_0_linear_config3_s' declared at '/home/youeric/PixelML/SmartpixReal/Muon_Collider_Smart_Pixels/eric/Model1_quantized_4w0i_pareto_roc_selected/hls_outputs/hls_model_trial_422/myproject_prj/solution1/syn/vhdl/myproject_linear_ap_fixed_16_6_5_3_0_ap_fixed_8_1_4_0_0_linear_config3_s.vhd:11' bound to instance 'grp_linear_ap_fixed_16_6_5_3_0_ap_fixed_8_1_4_0_0_linear_config3_s_fu_129' of component 'myproject_linear_ap_fixed_16_6_5_3_0_ap_fixed_8_1_4_0_0_linear_config3_s' [/home/youeric/PixelML/SmartpixReal/Muon_Collider_Smart_Pixels/eric/Model1_quantized_4w0i_pareto_roc_selected/hls_outputs/hls_model_trial_422/myproject_prj/solution1/syn/vhdl/myproject.vhd:479]
INFO: [Synth 8-638] synthesizing module 'myproject_linear_ap_fixed_16_6_5_3_0_ap_fixed_8_1_4_0_0_linear_config3_s' [/home/youeric/PixelML/SmartpixReal/Muon_Collider_Smart_Pixels/eric/Model1_quantized_4w0i_pareto_roc_selected/hls_outputs/hls_model_trial_422/myproject_prj/solution1/syn/vhdl/myproject_linear_ap_fixed_16_6_5_3_0_ap_fixed_8_1_4_0_0_linear_config3_s.vhd:25]
INFO: [Synth 8-256] done synthesizing module 'myproject_linear_ap_fixed_16_6_5_3_0_ap_fixed_8_1_4_0_0_linear_config3_s' (0#1) [/home/youeric/PixelML/SmartpixReal/Muon_Collider_Smart_Pixels/eric/Model1_quantized_4w0i_pareto_roc_selected/hls_outputs/hls_model_trial_422/myproject_prj/solution1/syn/vhdl/myproject_linear_ap_fixed_16_6_5_3_0_ap_fixed_8_1_4_0_0_linear_config3_s.vhd:25]
INFO: [Synth 8-3491] module 'myproject_linear_ap_fixed_16_6_5_3_0_ap_fixed_8_1_4_0_0_linear_config4_s' declared at '/home/youeric/PixelML/SmartpixReal/Muon_Collider_Smart_Pixels/eric/Model1_quantized_4w0i_pareto_roc_selected/hls_outputs/hls_model_trial_422/myproject_prj/solution1/syn/vhdl/myproject_linear_ap_fixed_16_6_5_3_0_ap_fixed_8_1_4_0_0_linear_config4_s.vhd:11' bound to instance 'grp_linear_ap_fixed_16_6_5_3_0_ap_fixed_8_1_4_0_0_linear_config4_s_fu_135' of component 'myproject_linear_ap_fixed_16_6_5_3_0_ap_fixed_8_1_4_0_0_linear_config4_s' [/home/youeric/PixelML/SmartpixReal/Muon_Collider_Smart_Pixels/eric/Model1_quantized_4w0i_pareto_roc_selected/hls_outputs/hls_model_trial_422/myproject_prj/solution1/syn/vhdl/myproject.vhd:491]
INFO: [Synth 8-638] synthesizing module 'myproject_linear_ap_fixed_16_6_5_3_0_ap_fixed_8_1_4_0_0_linear_config4_s' [/home/youeric/PixelML/SmartpixReal/Muon_Collider_Smart_Pixels/eric/Model1_quantized_4w0i_pareto_roc_selected/hls_outputs/hls_model_trial_422/myproject_prj/solution1/syn/vhdl/myproject_linear_ap_fixed_16_6_5_3_0_ap_fixed_8_1_4_0_0_linear_config4_s.vhd:25]
INFO: [Synth 8-256] done synthesizing module 'myproject_linear_ap_fixed_16_6_5_3_0_ap_fixed_8_1_4_0_0_linear_config4_s' (0#1) [/home/youeric/PixelML/SmartpixReal/Muon_Collider_Smart_Pixels/eric/Model1_quantized_4w0i_pareto_roc_selected/hls_outputs/hls_model_trial_422/myproject_prj/solution1/syn/vhdl/myproject_linear_ap_fixed_16_6_5_3_0_ap_fixed_8_1_4_0_0_linear_config4_s.vhd:25]
INFO: [Synth 8-3491] module 'myproject_linear_ap_fixed_16_6_5_3_0_ap_fixed_8_1_4_0_0_linear_config7_s' declared at '/home/youeric/PixelML/SmartpixReal/Muon_Collider_Smart_Pixels/eric/Model1_quantized_4w0i_pareto_roc_selected/hls_outputs/hls_model_trial_422/myproject_prj/solution1/syn/vhdl/myproject_linear_ap_fixed_16_6_5_3_0_ap_fixed_8_1_4_0_0_linear_config7_s.vhd:11' bound to instance 'grp_linear_ap_fixed_16_6_5_3_0_ap_fixed_8_1_4_0_0_linear_config7_s_fu_141' of component 'myproject_linear_ap_fixed_16_6_5_3_0_ap_fixed_8_1_4_0_0_linear_config7_s' [/home/youeric/PixelML/SmartpixReal/Muon_Collider_Smart_Pixels/eric/Model1_quantized_4w0i_pareto_roc_selected/hls_outputs/hls_model_trial_422/myproject_prj/solution1/syn/vhdl/myproject.vhd:503]
INFO: [Synth 8-638] synthesizing module 'myproject_linear_ap_fixed_16_6_5_3_0_ap_fixed_8_1_4_0_0_linear_config7_s' [/home/youeric/PixelML/SmartpixReal/Muon_Collider_Smart_Pixels/eric/Model1_quantized_4w0i_pareto_roc_selected/hls_outputs/hls_model_trial_422/myproject_prj/solution1/syn/vhdl/myproject_linear_ap_fixed_16_6_5_3_0_ap_fixed_8_1_4_0_0_linear_config7_s.vhd:25]
INFO: [Synth 8-256] done synthesizing module 'myproject_linear_ap_fixed_16_6_5_3_0_ap_fixed_8_1_4_0_0_linear_config7_s' (0#1) [/home/youeric/PixelML/SmartpixReal/Muon_Collider_Smart_Pixels/eric/Model1_quantized_4w0i_pareto_roc_selected/hls_outputs/hls_model_trial_422/myproject_prj/solution1/syn/vhdl/myproject_linear_ap_fixed_16_6_5_3_0_ap_fixed_8_1_4_0_0_linear_config7_s.vhd:25]
INFO: [Synth 8-3491] module 'myproject_linear_ap_fixed_16_6_5_3_0_ap_fixed_8_1_4_0_0_linear_config10_s' declared at '/home/youeric/PixelML/SmartpixReal/Muon_Collider_Smart_Pixels/eric/Model1_quantized_4w0i_pareto_roc_selected/hls_outputs/hls_model_trial_422/myproject_prj/solution1/syn/vhdl/myproject_linear_ap_fixed_16_6_5_3_0_ap_fixed_8_1_4_0_0_linear_config10_s.vhd:11' bound to instance 'grp_linear_ap_fixed_16_6_5_3_0_ap_fixed_8_1_4_0_0_linear_config10_s_fu_147' of component 'myproject_linear_ap_fixed_16_6_5_3_0_ap_fixed_8_1_4_0_0_linear_config10_s' [/home/youeric/PixelML/SmartpixReal/Muon_Collider_Smart_Pixels/eric/Model1_quantized_4w0i_pareto_roc_selected/hls_outputs/hls_model_trial_422/myproject_prj/solution1/syn/vhdl/myproject.vhd:515]
INFO: [Synth 8-638] synthesizing module 'myproject_linear_ap_fixed_16_6_5_3_0_ap_fixed_8_1_4_0_0_linear_config10_s' [/home/youeric/PixelML/SmartpixReal/Muon_Collider_Smart_Pixels/eric/Model1_quantized_4w0i_pareto_roc_selected/hls_outputs/hls_model_trial_422/myproject_prj/solution1/syn/vhdl/myproject_linear_ap_fixed_16_6_5_3_0_ap_fixed_8_1_4_0_0_linear_config10_s.vhd:25]
INFO: [Synth 8-256] done synthesizing module 'myproject_linear_ap_fixed_16_6_5_3_0_ap_fixed_8_1_4_0_0_linear_config10_s' (0#1) [/home/youeric/PixelML/SmartpixReal/Muon_Collider_Smart_Pixels/eric/Model1_quantized_4w0i_pareto_roc_selected/hls_outputs/hls_model_trial_422/myproject_prj/solution1/syn/vhdl/myproject_linear_ap_fixed_16_6_5_3_0_ap_fixed_8_1_4_0_0_linear_config10_s.vhd:25]
INFO: [Synth 8-3491] module 'myproject_concatenate1d_ap_fixed_ap_fixed_ap_fixed_16_6_5_3_0_config6_s' declared at '/home/youeric/PixelML/SmartpixReal/Muon_Collider_Smart_Pixels/eric/Model1_quantized_4w0i_pareto_roc_selected/hls_outputs/hls_model_trial_422/myproject_prj/solution1/syn/vhdl/myproject_concatenate1d_ap_fixed_ap_fixed_ap_fixed_16_6_5_3_0_config6_s.vhd:11' bound to instance 'call_ret1_concatenate1d_ap_fixed_ap_fixed_ap_fixed_16_6_5_3_0_config6_s_fu_153' of component 'myproject_concatenate1d_ap_fixed_ap_fixed_ap_fixed_16_6_5_3_0_config6_s' [/home/youeric/PixelML/SmartpixReal/Muon_Collider_Smart_Pixels/eric/Model1_quantized_4w0i_pareto_roc_selected/hls_outputs/hls_model_trial_422/myproject_prj/solution1/syn/vhdl/myproject.vhd:527]
INFO: [Synth 8-638] synthesizing module 'myproject_concatenate1d_ap_fixed_ap_fixed_ap_fixed_16_6_5_3_0_config6_s' [/home/youeric/PixelML/SmartpixReal/Muon_Collider_Smart_Pixels/eric/Model1_quantized_4w0i_pareto_roc_selected/hls_outputs/hls_model_trial_422/myproject_prj/solution1/syn/vhdl/myproject_concatenate1d_ap_fixed_ap_fixed_ap_fixed_16_6_5_3_0_config6_s.vhd:22]
INFO: [Synth 8-256] done synthesizing module 'myproject_concatenate1d_ap_fixed_ap_fixed_ap_fixed_16_6_5_3_0_config6_s' (0#1) [/home/youeric/PixelML/SmartpixReal/Muon_Collider_Smart_Pixels/eric/Model1_quantized_4w0i_pareto_roc_selected/hls_outputs/hls_model_trial_422/myproject_prj/solution1/syn/vhdl/myproject_concatenate1d_ap_fixed_ap_fixed_ap_fixed_16_6_5_3_0_config6_s.vhd:22]
INFO: [Synth 8-3491] module 'myproject_concatenate1d_ap_fixed_ap_fixed_ap_fixed_16_6_5_3_0_config9_s' declared at '/home/youeric/PixelML/SmartpixReal/Muon_Collider_Smart_Pixels/eric/Model1_quantized_4w0i_pareto_roc_selected/hls_outputs/hls_model_trial_422/myproject_prj/solution1/syn/vhdl/myproject_concatenate1d_ap_fixed_ap_fixed_ap_fixed_16_6_5_3_0_config9_s.vhd:11' bound to instance 'call_ret2_concatenate1d_ap_fixed_ap_fixed_ap_fixed_16_6_5_3_0_config9_s_fu_159' of component 'myproject_concatenate1d_ap_fixed_ap_fixed_ap_fixed_16_6_5_3_0_config9_s' [/home/youeric/PixelML/SmartpixReal/Muon_Collider_Smart_Pixels/eric/Model1_quantized_4w0i_pareto_roc_selected/hls_outputs/hls_model_trial_422/myproject_prj/solution1/syn/vhdl/myproject.vhd:536]
INFO: [Synth 8-638] synthesizing module 'myproject_concatenate1d_ap_fixed_ap_fixed_ap_fixed_16_6_5_3_0_config9_s' [/home/youeric/PixelML/SmartpixReal/Muon_Collider_Smart_Pixels/eric/Model1_quantized_4w0i_pareto_roc_selected/hls_outputs/hls_model_trial_422/myproject_prj/solution1/syn/vhdl/myproject_concatenate1d_ap_fixed_ap_fixed_ap_fixed_16_6_5_3_0_config9_s.vhd:24]
INFO: [Synth 8-256] done synthesizing module 'myproject_concatenate1d_ap_fixed_ap_fixed_ap_fixed_16_6_5_3_0_config9_s' (0#1) [/home/youeric/PixelML/SmartpixReal/Muon_Collider_Smart_Pixels/eric/Model1_quantized_4w0i_pareto_roc_selected/hls_outputs/hls_model_trial_422/myproject_prj/solution1/syn/vhdl/myproject_concatenate1d_ap_fixed_ap_fixed_ap_fixed_16_6_5_3_0_config9_s.vhd:24]
INFO: [Synth 8-3491] module 'myproject_concatenate1d_ap_fixed_ap_fixed_ap_fixed_16_6_5_3_0_config11_s' declared at '/home/youeric/PixelML/SmartpixReal/Muon_Collider_Smart_Pixels/eric/Model1_quantized_4w0i_pareto_roc_selected/hls_outputs/hls_model_trial_422/myproject_prj/solution1/syn/vhdl/myproject_concatenate1d_ap_fixed_ap_fixed_ap_fixed_16_6_5_3_0_config11_s.vhd:11' bound to instance 'call_ret3_concatenate1d_ap_fixed_ap_fixed_ap_fixed_16_6_5_3_0_config11_s_fu_166' of component 'myproject_concatenate1d_ap_fixed_ap_fixed_ap_fixed_16_6_5_3_0_config11_s' [/home/youeric/PixelML/SmartpixReal/Muon_Collider_Smart_Pixels/eric/Model1_quantized_4w0i_pareto_roc_selected/hls_outputs/hls_model_trial_422/myproject_prj/solution1/syn/vhdl/myproject.vhd:547]
INFO: [Synth 8-638] synthesizing module 'myproject_concatenate1d_ap_fixed_ap_fixed_ap_fixed_16_6_5_3_0_config11_s' [/home/youeric/PixelML/SmartpixReal/Muon_Collider_Smart_Pixels/eric/Model1_quantized_4w0i_pareto_roc_selected/hls_outputs/hls_model_trial_422/myproject_prj/solution1/syn/vhdl/myproject_concatenate1d_ap_fixed_ap_fixed_ap_fixed_16_6_5_3_0_config11_s.vhd:26]
INFO: [Synth 8-256] done synthesizing module 'myproject_concatenate1d_ap_fixed_ap_fixed_ap_fixed_16_6_5_3_0_config11_s' (0#1) [/home/youeric/PixelML/SmartpixReal/Muon_Collider_Smart_Pixels/eric/Model1_quantized_4w0i_pareto_roc_selected/hls_outputs/hls_model_trial_422/myproject_prj/solution1/syn/vhdl/myproject_concatenate1d_ap_fixed_ap_fixed_ap_fixed_16_6_5_3_0_config11_s.vhd:26]
INFO: [Synth 8-3491] module 'myproject_dense_latency_ap_fixed_16_6_5_3_0_ap_fixed_16_6_5_3_0_config12_s' declared at '/home/youeric/PixelML/SmartpixReal/Muon_Collider_Smart_Pixels/eric/Model1_quantized_4w0i_pareto_roc_selected/hls_outputs/hls_model_trial_422/myproject_prj/solution1/syn/vhdl/myproject_dense_latency_ap_fixed_16_6_5_3_0_ap_fixed_16_6_5_3_0_config12_s.vhd:11' bound to instance 'grp_dense_latency_ap_fixed_16_6_5_3_0_ap_fixed_16_6_5_3_0_config12_s_fu_174' of component 'myproject_dense_latency_ap_fixed_16_6_5_3_0_ap_fixed_16_6_5_3_0_config12_s' [/home/youeric/PixelML/SmartpixReal/Muon_Collider_Smart_Pixels/eric/Model1_quantized_4w0i_pareto_roc_selected/hls_outputs/hls_model_trial_422/myproject_prj/solution1/syn/vhdl/myproject.vhd:560]
INFO: [Synth 8-638] synthesizing module 'myproject_dense_latency_ap_fixed_16_6_5_3_0_ap_fixed_16_6_5_3_0_config12_s' [/home/youeric/PixelML/SmartpixReal/Muon_Collider_Smart_Pixels/eric/Model1_quantized_4w0i_pareto_roc_selected/hls_outputs/hls_model_trial_422/myproject_prj/solution1/syn/vhdl/myproject_dense_latency_ap_fixed_16_6_5_3_0_ap_fixed_16_6_5_3_0_config12_s.vhd:31]
INFO: [Synth 8-256] done synthesizing module 'myproject_dense_latency_ap_fixed_16_6_5_3_0_ap_fixed_16_6_5_3_0_config12_s' (0#1) [/home/youeric/PixelML/SmartpixReal/Muon_Collider_Smart_Pixels/eric/Model1_quantized_4w0i_pareto_roc_selected/hls_outputs/hls_model_trial_422/myproject_prj/solution1/syn/vhdl/myproject_dense_latency_ap_fixed_16_6_5_3_0_ap_fixed_16_6_5_3_0_config12_s.vhd:31]
INFO: [Synth 8-3491] module 'myproject_relu_ap_fixed_16_6_5_3_0_ap_ufixed_8_0_4_0_0_relu_config14_s' declared at '/home/youeric/PixelML/SmartpixReal/Muon_Collider_Smart_Pixels/eric/Model1_quantized_4w0i_pareto_roc_selected/hls_outputs/hls_model_trial_422/myproject_prj/solution1/syn/vhdl/myproject_relu_ap_fixed_16_6_5_3_0_ap_ufixed_8_0_4_0_0_relu_config14_s.vhd:11' bound to instance 'grp_relu_ap_fixed_16_6_5_3_0_ap_ufixed_8_0_4_0_0_relu_config14_s_fu_182' of component 'myproject_relu_ap_fixed_16_6_5_3_0_ap_ufixed_8_0_4_0_0_relu_config14_s' [/home/youeric/PixelML/SmartpixReal/Muon_Collider_Smart_Pixels/eric/Model1_quantized_4w0i_pareto_roc_selected/hls_outputs/hls_model_trial_422/myproject_prj/solution1/syn/vhdl/myproject.vhd:578]
INFO: [Synth 8-638] synthesizing module 'myproject_relu_ap_fixed_16_6_5_3_0_ap_ufixed_8_0_4_0_0_relu_config14_s' [/home/youeric/PixelML/SmartpixReal/Muon_Collider_Smart_Pixels/eric/Model1_quantized_4w0i_pareto_roc_selected/hls_outputs/hls_model_trial_422/myproject_prj/solution1/syn/vhdl/myproject_relu_ap_fixed_16_6_5_3_0_ap_ufixed_8_0_4_0_0_relu_config14_s.vhd:31]
INFO: [Synth 8-256] done synthesizing module 'myproject_relu_ap_fixed_16_6_5_3_0_ap_ufixed_8_0_4_0_0_relu_config14_s' (0#1) [/home/youeric/PixelML/SmartpixReal/Muon_Collider_Smart_Pixels/eric/Model1_quantized_4w0i_pareto_roc_selected/hls_outputs/hls_model_trial_422/myproject_prj/solution1/syn/vhdl/myproject_relu_ap_fixed_16_6_5_3_0_ap_ufixed_8_0_4_0_0_relu_config14_s.vhd:31]
INFO: [Synth 8-3491] module 'myproject_dense_latency_ap_ufixed_8_0_4_0_0_ap_fixed_16_6_5_3_0_config15_s' declared at '/home/youeric/PixelML/SmartpixReal/Muon_Collider_Smart_Pixels/eric/Model1_quantized_4w0i_pareto_roc_selected/hls_outputs/hls_model_trial_422/myproject_prj/solution1/syn/vhdl/myproject_dense_latency_ap_ufixed_8_0_4_0_0_ap_fixed_16_6_5_3_0_config15_s.vhd:11' bound to instance 'grp_dense_latency_ap_ufixed_8_0_4_0_0_ap_fixed_16_6_5_3_0_config15_s_fu_190' of component 'myproject_dense_latency_ap_ufixed_8_0_4_0_0_ap_fixed_16_6_5_3_0_config15_s' [/home/youeric/PixelML/SmartpixReal/Muon_Collider_Smart_Pixels/eric/Model1_quantized_4w0i_pareto_roc_selected/hls_outputs/hls_model_trial_422/myproject_prj/solution1/syn/vhdl/myproject.vhd:596]
INFO: [Synth 8-638] synthesizing module 'myproject_dense_latency_ap_ufixed_8_0_4_0_0_ap_fixed_16_6_5_3_0_config15_s' [/home/youeric/PixelML/SmartpixReal/Muon_Collider_Smart_Pixels/eric/Model1_quantized_4w0i_pareto_roc_selected/hls_outputs/hls_model_trial_422/myproject_prj/solution1/syn/vhdl/myproject_dense_latency_ap_ufixed_8_0_4_0_0_ap_fixed_16_6_5_3_0_config15_s.vhd:31]
INFO: [Synth 8-256] done synthesizing module 'myproject_dense_latency_ap_ufixed_8_0_4_0_0_ap_fixed_16_6_5_3_0_config15_s' (0#1) [/home/youeric/PixelML/SmartpixReal/Muon_Collider_Smart_Pixels/eric/Model1_quantized_4w0i_pareto_roc_selected/hls_outputs/hls_model_trial_422/myproject_prj/solution1/syn/vhdl/myproject_dense_latency_ap_ufixed_8_0_4_0_0_ap_fixed_16_6_5_3_0_config15_s.vhd:31]
INFO: [Synth 8-3491] module 'myproject_relu_ap_fixed_16_6_5_3_0_ap_ufixed_8_0_4_0_0_relu_config17_s' declared at '/home/youeric/PixelML/SmartpixReal/Muon_Collider_Smart_Pixels/eric/Model1_quantized_4w0i_pareto_roc_selected/hls_outputs/hls_model_trial_422/myproject_prj/solution1/syn/vhdl/myproject_relu_ap_fixed_16_6_5_3_0_ap_ufixed_8_0_4_0_0_relu_config17_s.vhd:11' bound to instance 'grp_relu_ap_fixed_16_6_5_3_0_ap_ufixed_8_0_4_0_0_relu_config17_s_fu_198' of component 'myproject_relu_ap_fixed_16_6_5_3_0_ap_ufixed_8_0_4_0_0_relu_config17_s' [/home/youeric/PixelML/SmartpixReal/Muon_Collider_Smart_Pixels/eric/Model1_quantized_4w0i_pareto_roc_selected/hls_outputs/hls_model_trial_422/myproject_prj/solution1/syn/vhdl/myproject.vhd:614]
INFO: [Synth 8-638] synthesizing module 'myproject_relu_ap_fixed_16_6_5_3_0_ap_ufixed_8_0_4_0_0_relu_config17_s' [/home/youeric/PixelML/SmartpixReal/Muon_Collider_Smart_Pixels/eric/Model1_quantized_4w0i_pareto_roc_selected/hls_outputs/hls_model_trial_422/myproject_prj/solution1/syn/vhdl/myproject_relu_ap_fixed_16_6_5_3_0_ap_ufixed_8_0_4_0_0_relu_config17_s.vhd:31]
INFO: [Synth 8-256] done synthesizing module 'myproject_relu_ap_fixed_16_6_5_3_0_ap_ufixed_8_0_4_0_0_relu_config17_s' (0#1) [/home/youeric/PixelML/SmartpixReal/Muon_Collider_Smart_Pixels/eric/Model1_quantized_4w0i_pareto_roc_selected/hls_outputs/hls_model_trial_422/myproject_prj/solution1/syn/vhdl/myproject_relu_ap_fixed_16_6_5_3_0_ap_ufixed_8_0_4_0_0_relu_config17_s.vhd:31]
INFO: [Synth 8-3491] module 'myproject_dense_latency_ap_ufixed_8_0_4_0_0_ap_fixed_16_6_5_3_0_config18_s' declared at '/home/youeric/PixelML/SmartpixReal/Muon_Collider_Smart_Pixels/eric/Model1_quantized_4w0i_pareto_roc_selected/hls_outputs/hls_model_trial_422/myproject_prj/solution1/syn/vhdl/myproject_dense_latency_ap_ufixed_8_0_4_0_0_ap_fixed_16_6_5_3_0_config18_s.vhd:11' bound to instance 'grp_dense_latency_ap_ufixed_8_0_4_0_0_ap_fixed_16_6_5_3_0_config18_s_fu_206' of component 'myproject_dense_latency_ap_ufixed_8_0_4_0_0_ap_fixed_16_6_5_3_0_config18_s' [/home/youeric/PixelML/SmartpixReal/Muon_Collider_Smart_Pixels/eric/Model1_quantized_4w0i_pareto_roc_selected/hls_outputs/hls_model_trial_422/myproject_prj/solution1/syn/vhdl/myproject.vhd:632]
INFO: [Synth 8-638] synthesizing module 'myproject_dense_latency_ap_ufixed_8_0_4_0_0_ap_fixed_16_6_5_3_0_config18_s' [/home/youeric/PixelML/SmartpixReal/Muon_Collider_Smart_Pixels/eric/Model1_quantized_4w0i_pareto_roc_selected/hls_outputs/hls_model_trial_422/myproject_prj/solution1/syn/vhdl/myproject_dense_latency_ap_ufixed_8_0_4_0_0_ap_fixed_16_6_5_3_0_config18_s.vhd:28]
INFO: [Synth 8-256] done synthesizing module 'myproject_dense_latency_ap_ufixed_8_0_4_0_0_ap_fixed_16_6_5_3_0_config18_s' (0#1) [/home/youeric/PixelML/SmartpixReal/Muon_Collider_Smart_Pixels/eric/Model1_quantized_4w0i_pareto_roc_selected/hls_outputs/hls_model_trial_422/myproject_prj/solution1/syn/vhdl/myproject_dense_latency_ap_ufixed_8_0_4_0_0_ap_fixed_16_6_5_3_0_config18_s.vhd:28]
INFO: [Synth 8-256] done synthesizing module 'myproject' (0#1) [/home/youeric/PixelML/SmartpixReal/Muon_Collider_Smart_Pixels/eric/Model1_quantized_4w0i_pareto_roc_selected/hls_outputs/hls_model_trial_422/myproject_prj/solution1/syn/vhdl/myproject.vhd:32]
WARNING: [Synth 8-7129] Port ap_rst in module myproject_concatenate1d_ap_fixed_ap_fixed_ap_fixed_16_6_5_3_0_config11_s is either unconnected or has no load
WARNING: [Synth 8-7129] Port ap_rst in module myproject_concatenate1d_ap_fixed_ap_fixed_ap_fixed_16_6_5_3_0_config9_s is either unconnected or has no load
WARNING: [Synth 8-7129] Port ap_rst in module myproject_concatenate1d_ap_fixed_ap_fixed_ap_fixed_16_6_5_3_0_config6_s is either unconnected or has no load
---------------------------------------------------------------------------------
Finished Synthesize : Time (s): cpu = 00:00:06 ; elapsed = 00:00:10 . Memory (MB): peak = 2193.273 ; gain = 512.570 ; free physical = 57021 ; free virtual = 167710
---------------------------------------------------------------------------------
---------------------------------------------------------------------------------
Finished Constraint Validation : Time (s): cpu = 00:00:07 ; elapsed = 00:00:11 . Memory (MB): peak = 2211.086 ; gain = 530.383 ; free physical = 57026 ; free virtual = 167693
---------------------------------------------------------------------------------
---------------------------------------------------------------------------------
Start Loading Part and Timing Information
---------------------------------------------------------------------------------
Loading part: xc7z020clg400-1
INFO: [Device 21-403] Loading part xc7z020clg400-1
---------------------------------------------------------------------------------
Finished Loading Part and Timing Information : Time (s): cpu = 00:00:07 ; elapsed = 00:00:11 . Memory (MB): peak = 2219.090 ; gain = 538.387 ; free physical = 57027 ; free virtual = 167698
---------------------------------------------------------------------------------
WARNING: [Synth 8-3936] Found unconnected internal register 'data_val_read_reg_299_reg' and it is trimmed from '16' to '12' bits. [/home/youeric/PixelML/SmartpixReal/Muon_Collider_Smart_Pixels/eric/Model1_quantized_4w0i_pareto_roc_selected/hls_outputs/hls_model_trial_422/myproject_prj/solution1/syn/vhdl/myproject_linear_ap_fixed_16_6_5_3_0_ap_fixed_8_1_4_0_0_linear_config3_s.vhd:144]
WARNING: [Synth 8-3936] Found unconnected internal register 'data_val_read_reg_299_reg' and it is trimmed from '16' to '12' bits. [/home/youeric/PixelML/SmartpixReal/Muon_Collider_Smart_Pixels/eric/Model1_quantized_4w0i_pareto_roc_selected/hls_outputs/hls_model_trial_422/myproject_prj/solution1/syn/vhdl/myproject_linear_ap_fixed_16_6_5_3_0_ap_fixed_8_1_4_0_0_linear_config4_s.vhd:144]
WARNING: [Synth 8-3936] Found unconnected internal register 'data_val_read_reg_299_reg' and it is trimmed from '16' to '12' bits. [/home/youeric/PixelML/SmartpixReal/Muon_Collider_Smart_Pixels/eric/Model1_quantized_4w0i_pareto_roc_selected/hls_outputs/hls_model_trial_422/myproject_prj/solution1/syn/vhdl/myproject_linear_ap_fixed_16_6_5_3_0_ap_fixed_8_1_4_0_0_linear_config7_s.vhd:144]
WARNING: [Synth 8-3936] Found unconnected internal register 'data_val_read_reg_299_reg' and it is trimmed from '16' to '12' bits. [/home/youeric/PixelML/SmartpixReal/Muon_Collider_Smart_Pixels/eric/Model1_quantized_4w0i_pareto_roc_selected/hls_outputs/hls_model_trial_422/myproject_prj/solution1/syn/vhdl/myproject_linear_ap_fixed_16_6_5_3_0_ap_fixed_8_1_4_0_0_linear_config10_s.vhd:144]
---------------------------------------------------------------------------------
Finished RTL Optimization Phase 2 : Time (s): cpu = 00:00:08 ; elapsed = 00:00:11 . Memory (MB): peak = 2227.098 ; gain = 546.395 ; free physical = 57036 ; free virtual = 167632
---------------------------------------------------------------------------------
No constraint files found.
---------------------------------------------------------------------------------
Start RTL Component Statistics 
---------------------------------------------------------------------------------
Detailed RTL Component Info : 
+---Adders : 
	   3 Input   19 Bit       Adders := 5     
	   3 Input   16 Bit       Adders := 4     
	   2 Input   16 Bit       Adders := 2     
	   2 Input   15 Bit       Adders := 1     
	   2 Input   14 Bit       Adders := 1     
	   2 Input   13 Bit       Adders := 3     
	   3 Input   13 Bit       Adders := 1     
	   2 Input   12 Bit       Adders := 5     
	   3 Input   12 Bit       Adders := 1     
	   3 Input   11 Bit       Adders := 6     
	   2 Input   11 Bit       Adders := 5     
	   2 Input    8 Bit       Adders := 13    
+---XORs : 
	   2 Input      1 Bit         XORs := 43    
	   3 Input      1 Bit         XORs := 1     
+---Registers : 
	               16 Bit    Registers := 20    
	               15 Bit    Registers := 1     
	               14 Bit    Registers := 2     
	               13 Bit    Registers := 1     
	               12 Bit    Registers := 7     
	               11 Bit    Registers := 5     
	               10 Bit    Registers := 2     
	                8 Bit    Registers := 25    
	                1 Bit    Registers := 90    
+---Muxes : 
	   2 Input   16 Bit        Muxes := 4     
	   2 Input   14 Bit        Muxes := 1     
	   3 Input   13 Bit        Muxes := 1     
	   2 Input   12 Bit        Muxes := 1     
	   3 Input    8 Bit        Muxes := 5     
	   2 Input    8 Bit        Muxes := 32    
	   2 Input    1 Bit        Muxes := 42    
---------------------------------------------------------------------------------
Finished RTL Component Statistics 
---------------------------------------------------------------------------------
---------------------------------------------------------------------------------
Start Part Resource Summary
---------------------------------------------------------------------------------
INFO: [Device 21-9227] Part: xc7z020clg400-1 does not have CEAM library.
Part Resources:
DSPs: 220 (col length:60)
BRAMs: 280 (col length: RAMB18 60 RAMB36 30)
---------------------------------------------------------------------------------
Finished Part Resource Summary
---------------------------------------------------------------------------------
No constraint files found.
---------------------------------------------------------------------------------
Start Cross Boundary and Area Optimization
---------------------------------------------------------------------------------
WARNING: [Synth 8-7080] Parallel synthesis criteria is not met
---------------------------------------------------------------------------------
Finished Cross Boundary and Area Optimization : Time (s): cpu = 00:00:14 ; elapsed = 00:00:19 . Memory (MB): peak = 2386.402 ; gain = 705.699 ; free physical = 57015 ; free virtual = 166650
---------------------------------------------------------------------------------
No constraint files found.
---------------------------------------------------------------------------------
Start Timing Optimization
---------------------------------------------------------------------------------
---------------------------------------------------------------------------------
Finished Timing Optimization : Time (s): cpu = 00:00:14 ; elapsed = 00:00:20 . Memory (MB): peak = 2386.402 ; gain = 705.699 ; free physical = 57016 ; free virtual = 166628
---------------------------------------------------------------------------------
---------------------------------------------------------------------------------
Start Technology Mapping
---------------------------------------------------------------------------------
---------------------------------------------------------------------------------
Finished Technology Mapping : Time (s): cpu = 00:00:14 ; elapsed = 00:00:20 . Memory (MB): peak = 2386.402 ; gain = 705.699 ; free physical = 57017 ; free virtual = 166629
---------------------------------------------------------------------------------
---------------------------------------------------------------------------------
Start IO Insertion
---------------------------------------------------------------------------------
---------------------------------------------------------------------------------
Start Flattening Before IO Insertion
---------------------------------------------------------------------------------
---------------------------------------------------------------------------------
Finished Flattening Before IO Insertion
---------------------------------------------------------------------------------
---------------------------------------------------------------------------------
Start Final Netlist Cleanup
---------------------------------------------------------------------------------
---------------------------------------------------------------------------------
Finished Final Netlist Cleanup
---------------------------------------------------------------------------------
---------------------------------------------------------------------------------
Finished IO Insertion : Time (s): cpu = 00:00:18 ; elapsed = 00:00:24 . Memory (MB): peak = 2386.402 ; gain = 705.699 ; free physical = 57233 ; free virtual = 166860
---------------------------------------------------------------------------------
---------------------------------------------------------------------------------
Start Renaming Generated Instances
---------------------------------------------------------------------------------
---------------------------------------------------------------------------------
Finished Renaming Generated Instances : Time (s): cpu = 00:00:18 ; elapsed = 00:00:24 . Memory (MB): peak = 2386.402 ; gain = 705.699 ; free physical = 57233 ; free virtual = 166860
---------------------------------------------------------------------------------
---------------------------------------------------------------------------------
Start Rebuilding User Hierarchy
---------------------------------------------------------------------------------
---------------------------------------------------------------------------------
Finished Rebuilding User Hierarchy : Time (s): cpu = 00:00:18 ; elapsed = 00:00:24 . Memory (MB): peak = 2386.402 ; gain = 705.699 ; free physical = 57231 ; free virtual = 166863
---------------------------------------------------------------------------------
---------------------------------------------------------------------------------
Start Renaming Generated Ports
---------------------------------------------------------------------------------
---------------------------------------------------------------------------------
Finished Renaming Generated Ports : Time (s): cpu = 00:00:18 ; elapsed = 00:00:24 . Memory (MB): peak = 2386.402 ; gain = 705.699 ; free physical = 57231 ; free virtual = 166864
---------------------------------------------------------------------------------
---------------------------------------------------------------------------------
Start Handling Custom Attributes
---------------------------------------------------------------------------------
---------------------------------------------------------------------------------
Finished Handling Custom Attributes : Time (s): cpu = 00:00:18 ; elapsed = 00:00:24 . Memory (MB): peak = 2386.402 ; gain = 705.699 ; free physical = 57228 ; free virtual = 166864
---------------------------------------------------------------------------------
---------------------------------------------------------------------------------
Start Renaming Generated Nets
---------------------------------------------------------------------------------
---------------------------------------------------------------------------------
Finished Renaming Generated Nets : Time (s): cpu = 00:00:18 ; elapsed = 00:00:24 . Memory (MB): peak = 2386.402 ; gain = 705.699 ; free physical = 57227 ; free virtual = 166864
---------------------------------------------------------------------------------
---------------------------------------------------------------------------------
Start Writing Synthesis Report
---------------------------------------------------------------------------------

Report BlackBoxes: 
+-+--------------+----------+
| |BlackBox name |Instances |
+-+--------------+----------+
+-+--------------+----------+

Report Cell Usage: 
+------+-------+------+
|      |Cell   |Count |
+------+-------+------+
|1     |BUFG   |     1|
|2     |CARRY4 |   127|
|3     |LUT1   |    81|
|4     |LUT2   |   307|
|5     |LUT3   |   158|
|6     |LUT4   |   187|
|7     |LUT5   |    63|
|8     |LUT6   |   133|
|9     |FDRE   |   682|
|10    |IBUF   |    71|
|11    |OBUF   |    12|
+------+-------+------+

Report Instance Areas: 
+------+------------------------------------------------------------------------------+---------------------------------------------------------------------------+------+
|      |Instance                                                                      |Module                                                                     |Cells |
+------+------------------------------------------------------------------------------+---------------------------------------------------------------------------+------+
|1     |top                                                                           |                                                                           |  1822|
|2     |  grp_dense_latency_ap_fixed_16_6_5_3_0_ap_fixed_16_6_5_3_0_config12_s_fu_174 |myproject_dense_latency_ap_fixed_16_6_5_3_0_ap_fixed_16_6_5_3_0_config12_s |   352|
|3     |  grp_dense_latency_ap_ufixed_8_0_4_0_0_ap_fixed_16_6_5_3_0_config15_s_fu_190 |myproject_dense_latency_ap_ufixed_8_0_4_0_0_ap_fixed_16_6_5_3_0_config15_s |   321|
|4     |  grp_dense_latency_ap_ufixed_8_0_4_0_0_ap_fixed_16_6_5_3_0_config18_s_fu_206 |myproject_dense_latency_ap_ufixed_8_0_4_0_0_ap_fixed_16_6_5_3_0_config18_s |   118|
|5     |  grp_linear_ap_fixed_16_6_5_3_0_ap_fixed_8_1_4_0_0_linear_config10_s_fu_147  |myproject_linear_ap_fixed_16_6_5_3_0_ap_fixed_8_1_4_0_0_linear_config10_s  |    49|
|6     |  grp_linear_ap_fixed_16_6_5_3_0_ap_fixed_8_1_4_0_0_linear_config3_s_fu_129   |myproject_linear_ap_fixed_16_6_5_3_0_ap_fixed_8_1_4_0_0_linear_config3_s   |    49|
|7     |  grp_linear_ap_fixed_16_6_5_3_0_ap_fixed_8_1_4_0_0_linear_config4_s_fu_135   |myproject_linear_ap_fixed_16_6_5_3_0_ap_fixed_8_1_4_0_0_linear_config4_s   |    49|
|8     |  grp_linear_ap_fixed_16_6_5_3_0_ap_fixed_8_1_4_0_0_linear_config7_s_fu_141   |myproject_linear_ap_fixed_16_6_5_3_0_ap_fixed_8_1_4_0_0_linear_config7_s   |    49|
|9     |  grp_relu_ap_fixed_16_6_5_3_0_ap_ufixed_8_0_4_0_0_relu_config14_s_fu_182     |myproject_relu_ap_fixed_16_6_5_3_0_ap_ufixed_8_0_4_0_0_relu_config14_s     |   190|
|10    |  grp_relu_ap_fixed_16_6_5_3_0_ap_ufixed_8_0_4_0_0_relu_config17_s_fu_198     |myproject_relu_ap_fixed_16_6_5_3_0_ap_ufixed_8_0_4_0_0_relu_config17_s     |   180|
+------+------------------------------------------------------------------------------+---------------------------------------------------------------------------+------+
---------------------------------------------------------------------------------
Finished Writing Synthesis Report : Time (s): cpu = 00:00:18 ; elapsed = 00:00:24 . Memory (MB): peak = 2386.402 ; gain = 705.699 ; free physical = 57227 ; free virtual = 166863
---------------------------------------------------------------------------------
Synthesis finished with 0 errors, 0 critical warnings and 8 warnings.
Synthesis Optimization Runtime : Time (s): cpu = 00:00:18 ; elapsed = 00:00:24 . Memory (MB): peak = 2386.402 ; gain = 705.699 ; free physical = 57222 ; free virtual = 166864
Synthesis Optimization Complete : Time (s): cpu = 00:00:18 ; elapsed = 00:00:24 . Memory (MB): peak = 2386.410 ; gain = 705.699 ; free physical = 57222 ; free virtual = 166863
INFO: [Project 1-571] Translating synthesized netlist
Netlist sorting complete. Time (s): cpu = 00:00:00.01 ; elapsed = 00:00:00.01 . Memory (MB): peak = 2386.410 ; gain = 0.000 ; free physical = 57487 ; free virtual = 167152
INFO: [Netlist 29-17] Analyzing 127 Unisim elements for replacement
INFO: [Netlist 29-28] Unisim Transformation completed in 0 CPU seconds
INFO: [Project 1-570] Preparing netlist for logic optimization
INFO: [Opt 31-138] Pushed 0 inverter(s) to 0 load pin(s).
Netlist sorting complete. Time (s): cpu = 00:00:00 ; elapsed = 00:00:00 . Memory (MB): peak = 2520.117 ; gain = 0.000 ; free physical = 57949 ; free virtual = 167787
INFO: [Project 1-111] Unisim Transformation Summary:
No Unisim elements were transformed.

Synth Design complete | Checksum: 534c3f55
INFO: [Common 17-83] Releasing license: Synthesis
51 Infos, 8 Warnings, 0 Critical Warnings and 0 Errors encountered.
synth_design completed successfully
synth_design: Time (s): cpu = 00:00:25 ; elapsed = 00:00:28 . Memory (MB): peak = 2520.117 ; gain = 842.402 ; free physical = 57899 ; free virtual = 167755
INFO: [Common 17-2834] synth_design peak Physical Memory [PSS] (MB): overall = 1553.768; main = 1325.716; forked = 317.701
INFO: [Common 17-2834] synth_design peak Virtual Memory [VSS] (MB): overall = 4042.891; main = 2520.121; forked = 1656.484
# report_utilization -file vivado_synth.rpt
INFO: [Common 17-206] Exiting Vivado at Mon Apr 20 16:40:22 2026...
