INFO-FLOW: Workspace /home/youeric/PixelML/SmartpixReal/Muon_Collider_Smart_Pixels/eric/model3_quantized_4w0i_hyperparameter_results_20260221_131507/hls_outputs/hls_model_trial_1/myproject_prj/solution1 opened at Sat Feb 21 22:01:04 CST 2026
Execute       send_msg_by_id INFO @200-1505@%s%s default  vivado 
INFO: [HLS 200-1505] Using default flow_target 'vivado'
Execute     config_array_partition -maximum_size 4096 
INFO: [HLS 200-1510] Running: config_array_partition -maximum_size 4096 
ERROR: [HLS 200-101] config_array_partition: Unknown option '-maximum_size'.
ERROR: [HLS 200-101] config_array_partition: Unknown option '4096'.
Execute       ::HLS_INI_HELP::tclcmd2ininames config_array_partition
Command     config_array_partition done; error code: 1; 
Execute     config_compile -name_max_length 80 
INFO: [HLS 200-1510] Running: config_compile -name_max_length 80 
INFO: [XFORM 203-1161] The maximum of name length is set to 80.
Execute     set_part xc7z020clg400-1 
INFO: [HLS 200-1510] Running: set_part xc7z020clg400-1 
Execute       create_platform xc7z020clg400-1 -board  
DBG:HLSDevice: Trying to load device library: /code/Xilinx_2024.1/Vitis_HLS/2024.1/lib/lnx64.o/libxv_hlsvwrap.so
DBG:HLSDevice: first parts/arch.xml in RDI_DATADIR: /code/Xilinx_2024.1/Vivado/2024.1/data/parts/arch.xml
DBG:HLSDevice: init success
INFO: [HLS 200-1611] Setting target device to 'xc7z020-clg400-1'
Command       create_platform done; 1.19 sec.
Execute       source /code/Xilinx_2024.1/Vitis_HLS/2024.1/common/technology/xilinx/common/xilinx.gen 
Execute         source /code/Xilinx_2024.1/Vitis_HLS/2024.1/common/technology/xilinx/interface/plb46.gen 
Execute         source /code/Xilinx_2024.1/Vitis_HLS/2024.1/common/technology/xilinx/interface/axi4.gen 
Execute         source /code/Xilinx_2024.1/Vitis_HLS/2024.1/common/technology/xilinx/interface/nativeAXI4.gen 
Execute           source /code/Xilinx_2024.1/Vitis_HLS/2024.1/common/technology/xilinx/interface/saxilite.gen 
Execute         source /code/Xilinx_2024.1/Vitis_HLS/2024.1/common/technology/xilinx/scripts/xilinxcoregen.gen 
Execute         source /code/Xilinx_2024.1/Vitis_HLS/2024.1/common/technology/xilinx/interface/XilEDKCoreGen.gen 
Execute         source /code/Xilinx_2024.1/Vitis_HLS/2024.1/common/technology/xilinx/ip/xfft.gen 
Execute         source /code/Xilinx_2024.1/Vitis_HLS/2024.1/common/technology/xilinx/ip/xfir.gen 
Execute         source /code/Xilinx_2024.1/Vitis_HLS/2024.1/common/technology/xilinx/ip/dds_compiler.gen 
Execute         source /code/Xilinx_2024.1/Vitis_HLS/2024.1/common/technology/xilinx/ip/util.gen 
Execute         source /code/Xilinx_2024.1/Vitis_HLS/2024.1/common/technology/xilinx/DSP48/dsp48.gen 
Execute       ap_part_info -name xc7z020-clg400-1 -data info 
Execute       config_compile -quiet -complex-mul-dsp=0 
INFO: [XFORM 203-1161] The maximum of name length is set to 80.
Command     set_part done; 1.31 sec.
Execute     config_schedule -enable_dsp_full_reg=false 
INFO: [HLS 200-1510] Running: config_schedule -enable_dsp_full_reg=false 
Execute     create_clock -period 5 -name default 
INFO: [HLS 200-1510] Running: create_clock -period 5 -name default 
Execute       ap_set_clock -name default -period 5 -unit ns -default=false 
INFO: [SYN 201-201] Setting up clock 'default' with a period of 5ns.
Execute     set_clock_uncertainty 12.5% default 
INFO: [HLS 200-1510] Running: set_clock_uncertainty 12.5% default 
Execute       ap_set_clock -name default -uncertainty 0.625 -unit % 
INFO: [SYN 201-201] Setting up clock 'default' with an uncertainty of 0.625ns.
Execute     csynth_design 
INFO: [HLS 200-1510] Running: csynth_design 
INFO-FLOW: Running SLX 'csynth' proc: ::SLX::run_csynth
Execute       elaborate -effort=medium -skip_syncheck=0 -keep_printf=0 -skip_cdt=0 -skip_transform=0 -ng=0 -g=0 -opt_fp=0 -from_csynth_design=1 
INFO: [HLS 200-111] Finished File checks and directory preparation: CPU user time: 0.07 seconds. CPU system time: 0.01 seconds. Elapsed time: 0.07 seconds; current allocated memory: 334.691 MB.
Execute         set_directive_top myproject -name=myproject 
Execute         source /code/Xilinx_2024.1/Vitis_HLS/2024.1/tps/tcl/tcllib1.11.1/yaml/huddle.tcl 
Execute         source /code/Xilinx_2024.1/Vitis_HLS/2024.1/tps/tcl/tcllib1.11.1/yaml/json2huddle.tcl 
Execute           source /code/Xilinx_2024.1/Vitis_HLS/2024.1/tps/tcl/tcllib1.11.1/try/try.tcl 
INFO: [HLS 200-10] Analyzing design file 'firmware/myproject.cpp' ... 
INFO-FLOW: Compiling one TU...
INFO-FLOW: Handling firmware/myproject.cpp as C++
Execute         ap_part_info -name xc7z020-clg400-1 -data info 
INFO-FLOW: Running: GCC PP 39
INFO-FLOW: Source preprocessing
INFO-FLOW: run_clang exec: /code/Xilinx_2024.1/Vitis_HLS/2024.1/lnx64/tools/clang-3.9-csynth/bin/clang firmware/myproject.cpp -foptimization-record-file=/home/youeric/PixelML/SmartpixReal/Muon_Collider_Smart_Pixels/eric/model3_quantized_4w0i_hyperparameter_results_20260221_131507/hls_outputs/hls_model_trial_1/myproject_prj/solution1/.autopilot/db/myproject.cpp.clang.diag.yml -mllvm -pass-remarks-missed=reflow|pasta|unroll -mllvm -pass-remarks=reflow|pasta|unroll|inline -fno-limit-debug-info -gcc-toolchain /code/Xilinx_2024.1/Vitis_HLS/2024.1/tps/lnx64/gcc-8.3.0 -fhls -fno-exceptions -insert-hls-directive=/home/youeric/PixelML/SmartpixReal/Muon_Collider_Smart_Pixels/eric/model3_quantized_4w0i_hyperparameter_results_20260221_131507/hls_outputs/hls_model_trial_1/myproject_prj/solution1/.autopilot/db/all.directive.json -E -std=c++0x -fno-math-errno -c -emit-llvm -mllvm -disable-llvm-optzns -Werror=implicit-function-declaration -Werror=implicit-hls-streams -Werror=return-type -Wpragmas -Wunused-parameter -Wdump-hls-pragmas -Wno-error=dump-hls-pragmas -hls-clock-period=5 -fno-threadsafe-statics -fno-use-cxa-atexit -target fpga64-xilinx-linux-gnu -fno-threadsafe-statics -fno-use-cxa-atexit -D__VITIS_HLS__ -DAESL_SYN -D__SYNTHESIS__ -D__HLS_SYN__ -I /code/Xilinx_2024.1/Vitis_HLS/2024.1/common/technology/autopilot -I /code/Xilinx_2024.1/Vitis_HLS/2024.1/common/technology/autopilot/ap_sysc -include etc/autopilot_ssdm_op.h -D__DSP48E1__ -I /usr/include/x86_64-linux-gnu -o /home/youeric/PixelML/SmartpixReal/Muon_Collider_Smart_Pixels/eric/model3_quantized_4w0i_hyperparameter_results_20260221_131507/hls_outputs/hls_model_trial_1/myproject_prj/solution1/.autopilot/db/myproject.pp.0.cpp -hls-platform-db-name=/code/Xilinx_2024.1/Vitis_HLS/2024.1/common/technology/xilinx/common/platform.db -hls-platform-name=zynq_slow -device-resource-info=BRAM_280.000000_DSP_220.000000_FF_106400.000000_LUT_53200.000000_SLICE_13300.000000_URAM_0.000000 -device-name-info=xc7z020clg400-1 > /home/youeric/PixelML/SmartpixReal/Muon_Collider_Smart_Pixels/eric/model3_quantized_4w0i_hyperparameter_results_20260221_131507/hls_outputs/hls_model_trial_1/myproject_prj/solution1/.autopilot/db/myproject.cpp.clang.out.log 2> /home/youeric/PixelML/SmartpixReal/Muon_Collider_Smart_Pixels/eric/model3_quantized_4w0i_hyperparameter_results_20260221_131507/hls_outputs/hls_model_trial_1/myproject_prj/solution1/.autopilot/db/myproject.cpp.clang.err.log
INFO-FLOW: Done: GCC PP 39 time: 0.7 seconds per iteration
INFO-FLOW: Source syntax check for synthesis
INFO-FLOW: run_clang exec: /code/Xilinx_2024.1/Vitis_HLS/2024.1/lnx64/tools/clang-3.9-csynth/bin/clang -foptimization-record-file=/home/youeric/PixelML/SmartpixReal/Muon_Collider_Smart_Pixels/eric/model3_quantized_4w0i_hyperparameter_results_20260221_131507/hls_outputs/hls_model_trial_1/myproject_prj/solution1/.autopilot/db/clang.diag.yml -mllvm -pass-remarks-missed=reflow|pasta|unroll -mllvm -pass-remarks=reflow|pasta|unroll|inline -fsyntax-only -fhls -target fpga64-xilinx-linux-gnu /home/youeric/PixelML/SmartpixReal/Muon_Collider_Smart_Pixels/eric/model3_quantized_4w0i_hyperparameter_results_20260221_131507/hls_outputs/hls_model_trial_1/myproject_prj/solution1/.autopilot/db/myproject.pp.0.cpp -hls-platform-db-name=/code/Xilinx_2024.1/Vitis_HLS/2024.1/common/technology/xilinx/common/platform.db -hls-platform-name=zynq_slow -device-resource-info=BRAM_280.000000_DSP_220.000000_FF_106400.000000_LUT_53200.000000_SLICE_13300.000000_URAM_0.000000 -device-name-info=xc7z020clg400-1 > /home/youeric/PixelML/SmartpixReal/Muon_Collider_Smart_Pixels/eric/model3_quantized_4w0i_hyperparameter_results_20260221_131507/hls_outputs/hls_model_trial_1/myproject_prj/solution1/.autopilot/db/clang.out.log 2> /home/youeric/PixelML/SmartpixReal/Muon_Collider_Smart_Pixels/eric/model3_quantized_4w0i_hyperparameter_results_20260221_131507/hls_outputs/hls_model_trial_1/myproject_prj/solution1/.autopilot/db/clang.err.log
WARNING: [HLS 207-5575] Only for/while/do loop or function body support the pipeline pragma (firmware/nnet_utils/nnet_activation.h:464:9)
Execute         clang_tidy xilinx-systemc-detector -desc systemc-detector /home/youeric/PixelML/SmartpixReal/Muon_Collider_Smart_Pixels/eric/model3_quantized_4w0i_hyperparameter_results_20260221_131507/hls_outputs/hls_model_trial_1/myproject_prj/solution1/.autopilot/db/myproject.pp.0.cpp std=c++0x -target fpga  -directive=/home/youeric/PixelML/SmartpixReal/Muon_Collider_Smart_Pixels/eric/model3_quantized_4w0i_hyperparameter_results_20260221_131507/hls_outputs/hls_model_trial_1/myproject_prj/solution1/.autopilot/db/.systemc_flag 
INFO-FLOW: exec /code/Xilinx_2024.1/Vitis_HLS/2024.1/lnx64/tools/clang-3.9-csynth/bin/clang-tidy -header-filter=.* --checks=-*,xilinx-systemc-detector -import-directive=/home/youeric/PixelML/SmartpixReal/Muon_Collider_Smart_Pixels/eric/model3_quantized_4w0i_hyperparameter_results_20260221_131507/hls_outputs/hls_model_trial_1/myproject_prj/solution1/.autopilot/db/.systemc_flag -fix-errors /home/youeric/PixelML/SmartpixReal/Muon_Collider_Smart_Pixels/eric/model3_quantized_4w0i_hyperparameter_results_20260221_131507/hls_outputs/hls_model_trial_1/myproject_prj/solution1/.autopilot/db/myproject.pp.0.cpp -- -std=c++0x -target fpga -fhls -ferror-limit=0
Command         clang_tidy done; 9.13 sec.
INFO-FLOW: Running: clang-tidy CDT preprocess 39
Execute         clang_tidy xilinx-directive2pragma -desc directive2pragma /home/youeric/PixelML/SmartpixReal/Muon_Collider_Smart_Pixels/eric/model3_quantized_4w0i_hyperparameter_results_20260221_131507/hls_outputs/hls_model_trial_1/myproject_prj/solution1/.autopilot/db/myproject.pp.0.cpp std=c++0x -target fpga  -directive=/home/youeric/PixelML/SmartpixReal/Muon_Collider_Smart_Pixels/eric/model3_quantized_4w0i_hyperparameter_results_20260221_131507/hls_outputs/hls_model_trial_1/myproject_prj/solution1/.autopilot/db/all.directive.json 
INFO-FLOW: exec /code/Xilinx_2024.1/Vitis_HLS/2024.1/lnx64/tools/clang-3.9-csynth/bin/clang-tidy -header-filter=.* --checks=-*,xilinx-directive2pragma -import-directive=/home/youeric/PixelML/SmartpixReal/Muon_Collider_Smart_Pixels/eric/model3_quantized_4w0i_hyperparameter_results_20260221_131507/hls_outputs/hls_model_trial_1/myproject_prj/solution1/.autopilot/db/all.directive.json -fix-errors /home/youeric/PixelML/SmartpixReal/Muon_Collider_Smart_Pixels/eric/model3_quantized_4w0i_hyperparameter_results_20260221_131507/hls_outputs/hls_model_trial_1/myproject_prj/solution1/.autopilot/db/myproject.pp.0.cpp -- -std=c++0x -target fpga -fhls -ferror-limit=0
Command         clang_tidy done; 9.75 sec.
INFO-FLOW: Done: clang-tidy CDT preprocess 39 time: 9.7 seconds per iteration
INFO-FLOW: Calling xilinx-label-all-loops ... 
INFO-FLOW: Calling xilinx-aggregate-on-hls-vector ... 
Execute         clang_tidy -errorcheck -desc loop-label xilinx-label-all-loops,xilinx-aggregate-on-hls-vector,,xilinx-warn-mayneed-no-ctor-attribute /home/youeric/PixelML/SmartpixReal/Muon_Collider_Smart_Pixels/eric/model3_quantized_4w0i_hyperparameter_results_20260221_131507/hls_outputs/hls_model_trial_1/myproject_prj/solution1/.autopilot/db/myproject.pp.0.cpp std=c++0x -target fpga  
INFO-FLOW: run_clang exec: /code/Xilinx_2024.1/Vitis_HLS/2024.1/lnx64/tools/clang-3.9-csynth/bin/clang-tidy -export-fixes=/home/youeric/PixelML/SmartpixReal/Muon_Collider_Smart_Pixels/eric/model3_quantized_4w0i_hyperparameter_results_20260221_131507/hls_outputs/hls_model_trial_1/myproject_prj/solution1/.autopilot/db/myproject.pp.0.cpp.clang-tidy.loop-label.diag.yml -header-filter=.* --checks=-*,xilinx-label-all-loops,xilinx-aggregate-on-hls-vector,,xilinx-warn-mayneed-no-ctor-attribute -fix-errors /home/youeric/PixelML/SmartpixReal/Muon_Collider_Smart_Pixels/eric/model3_quantized_4w0i_hyperparameter_results_20260221_131507/hls_outputs/hls_model_trial_1/myproject_prj/solution1/.autopilot/db/myproject.pp.0.cpp -- -std=c++0x -target fpga -fhls -ferror-limit=0 > /home/youeric/PixelML/SmartpixReal/Muon_Collider_Smart_Pixels/eric/model3_quantized_4w0i_hyperparameter_results_20260221_131507/hls_outputs/hls_model_trial_1/myproject_prj/solution1/.autopilot/db/myproject.pp.0.cpp.clang-tidy.loop-label.out.log 2> /home/youeric/PixelML/SmartpixReal/Muon_Collider_Smart_Pixels/eric/model3_quantized_4w0i_hyperparameter_results_20260221_131507/hls_outputs/hls_model_trial_1/myproject_prj/solution1/.autopilot/db/myproject.pp.0.cpp.clang-tidy.loop-label.err.log
Execute           source /code/Xilinx_2024.1/Vitis_HLS/2024.1/tps/tcl/tcllib1.11.1/yaml/yaml.tcl 
Command         clang_tidy done; 13.31 sec.
INFO-FLOW: run_clang exec: /code/Xilinx_2024.1/Vitis_HLS/2024.1/lnx64/tools/clang-3.9-csynth/bin/xilinx-dataflow-lawyer -export-fixes=/home/youeric/PixelML/SmartpixReal/Muon_Collider_Smart_Pixels/eric/model3_quantized_4w0i_hyperparameter_results_20260221_131507/hls_outputs/hls_model_trial_1/myproject_prj/solution1/.autopilot/db/myproject.pp.0.cpp.xilinx-dataflow-lawyer.diag.yml /home/youeric/PixelML/SmartpixReal/Muon_Collider_Smart_Pixels/eric/model3_quantized_4w0i_hyperparameter_results_20260221_131507/hls_outputs/hls_model_trial_1/myproject_prj/solution1/.autopilot/db/myproject.pp.0.cpp -- -std=c++0x -target fpga -fhls -ferror-limit=0 -fstrict-dataflow > /home/youeric/PixelML/SmartpixReal/Muon_Collider_Smart_Pixels/eric/model3_quantized_4w0i_hyperparameter_results_20260221_131507/hls_outputs/hls_model_trial_1/myproject_prj/solution1/.autopilot/db/myproject.pp.0.cpp.xilinx-dataflow-lawyer.out.log 2> /home/youeric/PixelML/SmartpixReal/Muon_Collider_Smart_Pixels/eric/model3_quantized_4w0i_hyperparameter_results_20260221_131507/hls_outputs/hls_model_trial_1/myproject_prj/solution1/.autopilot/db/myproject.pp.0.cpp.xilinx-dataflow-lawyer.err.log
WARNING: [HLS 214-113] Either use an argument of the function or declare the variable inside the dataflow loop body (firmware/myproject.cpp:46:71)
WARNING: [HLS 214-113] Either use an argument of the function or declare the variable inside the dataflow loop body (firmware/myproject.cpp:46:75)
WARNING: [HLS 214-113] Either use an argument of the function or declare the variable inside the dataflow loop body (firmware/myproject.cpp:62:70)
WARNING: [HLS 214-113] Either use an argument of the function or declare the variable inside the dataflow loop body (firmware/myproject.cpp:62:75)
WARNING: [HLS 214-113] Either use an argument of the function or declare the variable inside the dataflow loop body (firmware/myproject.cpp:75:72)
WARNING: [HLS 214-113] Either use an argument of the function or declare the variable inside the dataflow loop body (firmware/myproject.cpp:75:77)
WARNING: [HLS 214-113] Either use an argument of the function or declare the variable inside the dataflow loop body (firmware/myproject.cpp:83:72)
WARNING: [HLS 214-113] Either use an argument of the function or declare the variable inside the dataflow loop body (firmware/myproject.cpp:83:77)
WARNING: [HLS 214-113] Either use an argument of the function or declare the variable inside the dataflow loop body (firmware/myproject.cpp:91:72)
WARNING: [HLS 214-113] Either use an argument of the function or declare the variable inside the dataflow loop body (firmware/myproject.cpp:91:77)
Execute         send_msg_by_id WARNING @200-471@%s%s 10 firmware/myproject.cpp 
WARNING: [HLS 200-471] Dataflow form checks found 10 issue(s) in file firmware/myproject.cpp
Execute         ap_part_info -name xc7z020-clg400-1 -data info 
INFO-FLOW: compiling source code to llvm bc
INFO-FLOW: run_clang exec: /code/Xilinx_2024.1/Vitis_HLS/2024.1/lnx64/tools/clang-3.9-csynth/bin/clang -foptimization-record-file=/home/youeric/PixelML/SmartpixReal/Muon_Collider_Smart_Pixels/eric/model3_quantized_4w0i_hyperparameter_results_20260221_131507/hls_outputs/hls_model_trial_1/myproject_prj/solution1/.autopilot/db/myproject.pp.0.cpp.clang.diag.yml -mllvm -pass-remarks-missed=reflow|pasta|unroll -mllvm -pass-remarks=reflow|pasta|unroll|inline -fno-limit-debug-info -fhls -flto -fno-exceptions -Wno-error=c++11-narrowing -hls-emit-hint-scope /home/youeric/PixelML/SmartpixReal/Muon_Collider_Smart_Pixels/eric/model3_quantized_4w0i_hyperparameter_results_20260221_131507/hls_outputs/hls_model_trial_1/myproject_prj/solution1/.autopilot/db/myproject.pp.0.cpp -std=c++0x -fno-math-errno -c -emit-llvm -mllvm -disable-llvm-optzns -Werror=implicit-function-declaration -Werror=implicit-hls-streams -Werror=return-type -Wpragmas -Wunused-parameter -Wdump-hls-pragmas -Wno-error=dump-hls-pragmas -hls-clock-period=5 -fno-threadsafe-statics -fno-use-cxa-atexit -target fpga64-xilinx-linux-gnu -D__VITIS_HLS__ -DAESL_SYN -D__SYNTHESIS__ -D__HLS_SYN__ -I /code/Xilinx_2024.1/Vitis_HLS/2024.1/common/technology/autopilot -I /code/Xilinx_2024.1/Vitis_HLS/2024.1/common/technology/autopilot/ap_sysc -include etc/autopilot_ssdm_op.h -D__DSP48E1__ -g -o /home/youeric/PixelML/SmartpixReal/Muon_Collider_Smart_Pixels/eric/model3_quantized_4w0i_hyperparameter_results_20260221_131507/hls_outputs/hls_model_trial_1/myproject_prj/solution1/.autopilot/db/myproject.bc -hls-platform-db-name=/code/Xilinx_2024.1/Vitis_HLS/2024.1/common/technology/xilinx/common/platform.db -hls-platform-name=zynq_slow -device-resource-info=BRAM_280.000000_DSP_220.000000_FF_106400.000000_LUT_53200.000000_SLICE_13300.000000_URAM_0.000000 -device-name-info=xc7z020clg400-1 > /home/youeric/PixelML/SmartpixReal/Muon_Collider_Smart_Pixels/eric/model3_quantized_4w0i_hyperparameter_results_20260221_131507/hls_outputs/hls_model_trial_1/myproject_prj/solution1/.autopilot/db/myproject.pp.0.cpp.clang.out.log 2> /home/youeric/PixelML/SmartpixReal/Muon_Collider_Smart_Pixels/eric/model3_quantized_4w0i_hyperparameter_results_20260221_131507/hls_outputs/hls_model_trial_1/myproject_prj/solution1/.autopilot/db/myproject.pp.0.cpp.clang.err.log
WARNING: [HLS 207-5292] unused parameter 'keep' (firmware/nnet_utils/nnet_helpers.h:285:99)
WARNING: [HLS 207-5292] unused parameter 'data' (firmware/nnet_utils/nnet_code_gen.h:11:36)
WARNING: [HLS 207-5292] unused parameter 'buffer' (firmware/nnet_utils/nnet_code_gen.h:12:36)
WARNING: [HLS 207-5292] unused parameter 'partition' (firmware/nnet_utils/nnet_code_gen.h:13:44)
WARNING: [HLS 207-5292] unused parameter 'data' (firmware/nnet_utils/nnet_code_gen.h:21:24)
WARNING: [HLS 207-5292] unused parameter 'buffer' (firmware/nnet_utils/nnet_code_gen.h:22:24)
WARNING: [HLS 207-5292] unused parameter 'partition' (firmware/nnet_utils/nnet_code_gen.h:23:32)
INFO: [HLS 200-111] Finished Source Code Analysis and Preprocessing: CPU user time: 59.79 seconds. CPU system time: 2.05 seconds. Elapsed time: 62.37 seconds; current allocated memory: 342.898 MB.
INFO-FLOW: Linking Debug ...
INFO-FLOW: Linking dut bc code.
Execute         run_link_or_opt -out /home/youeric/PixelML/SmartpixReal/Muon_Collider_Smart_Pixels/eric/model3_quantized_4w0i_hyperparameter_results_20260221_131507/hls_outputs/hls_model_trial_1/myproject_prj/solution1/.autopilot/db/a.g.ld.0.bc -args  "/home/youeric/PixelML/SmartpixReal/Muon_Collider_Smart_Pixels/eric/model3_quantized_4w0i_hyperparameter_results_20260221_131507/hls_outputs/hls_model_trial_1/myproject_prj/solution1/.autopilot/db/myproject.g.bc"  
INFO-FLOW: run_clang exec: /code/Xilinx_2024.1/Vitis_HLS/2024.1/lnx64/tools/clang-3.9-csynth/bin/llvm-link /home/youeric/PixelML/SmartpixReal/Muon_Collider_Smart_Pixels/eric/model3_quantized_4w0i_hyperparameter_results_20260221_131507/hls_outputs/hls_model_trial_1/myproject_prj/solution1/.autopilot/db/myproject.g.bc -o /home/youeric/PixelML/SmartpixReal/Muon_Collider_Smart_Pixels/eric/model3_quantized_4w0i_hyperparameter_results_20260221_131507/hls_outputs/hls_model_trial_1/myproject_prj/solution1/.autopilot/db/a.g.ld.0.bc > /home/youeric/PixelML/SmartpixReal/Muon_Collider_Smart_Pixels/eric/model3_quantized_4w0i_hyperparameter_results_20260221_131507/hls_outputs/hls_model_trial_1/myproject_prj/solution1/.autopilot/db/a.g.ld.0.bc.llvm-link.out.log 2> /home/youeric/PixelML/SmartpixReal/Muon_Collider_Smart_Pixels/eric/model3_quantized_4w0i_hyperparameter_results_20260221_131507/hls_outputs/hls_model_trial_1/myproject_prj/solution1/.autopilot/db/a.g.ld.0.bc.llvm-link.err.log
INFO-FLOW: 
Command         run_link_or_opt done; 2.05 sec.
Execute         run_link_or_opt -opt -out /home/youeric/PixelML/SmartpixReal/Muon_Collider_Smart_Pixels/eric/model3_quantized_4w0i_hyperparameter_results_20260221_131507/hls_outputs/hls_model_trial_1/myproject_prj/solution1/.autopilot/db/a.g.ld.1.lower.bc -args /home/youeric/PixelML/SmartpixReal/Muon_Collider_Smart_Pixels/eric/model3_quantized_4w0i_hyperparameter_results_20260221_131507/hls_outputs/hls_model_trial_1/myproject_prj/solution1/.autopilot/db/a.g.ld.0.bc -reflow-lower-math-intrinsics 
INFO-FLOW: run_clang exec: /code/Xilinx_2024.1/Vitis_HLS/2024.1/lnx64/tools/clang-3.9-csynth/bin/opt -pass-remarks-missed=reflow|pasta|unroll -pass-remarks=reflow|pasta|unroll|inline -pass-remarks-output=/home/youeric/PixelML/SmartpixReal/Muon_Collider_Smart_Pixels/eric/model3_quantized_4w0i_hyperparameter_results_20260221_131507/hls_outputs/hls_model_trial_1/myproject_prj/solution1/.autopilot/db/a.g.ld.1.lower.bc.opt.diag.yml /home/youeric/PixelML/SmartpixReal/Muon_Collider_Smart_Pixels/eric/model3_quantized_4w0i_hyperparameter_results_20260221_131507/hls_outputs/hls_model_trial_1/myproject_prj/solution1/.autopilot/db/a.g.ld.0.bc -reflow-lower-math-intrinsics -o /home/youeric/PixelML/SmartpixReal/Muon_Collider_Smart_Pixels/eric/model3_quantized_4w0i_hyperparameter_results_20260221_131507/hls_outputs/hls_model_trial_1/myproject_prj/solution1/.autopilot/db/a.g.ld.1.lower.bc > /home/youeric/PixelML/SmartpixReal/Muon_Collider_Smart_Pixels/eric/model3_quantized_4w0i_hyperparameter_results_20260221_131507/hls_outputs/hls_model_trial_1/myproject_prj/solution1/.autopilot/db/a.g.ld.1.lower.bc.opt.out.log 2> /home/youeric/PixelML/SmartpixReal/Muon_Collider_Smart_Pixels/eric/model3_quantized_4w0i_hyperparameter_results_20260221_131507/hls_outputs/hls_model_trial_1/myproject_prj/solution1/.autopilot/db/a.g.ld.1.lower.bc.opt.err.log
INFO-FLOW: 
INFO-FLOW: Running: gen_design_size_report post-opt
INFO-FLOW: Done: gen_design_size_report post-opt time: 0 seconds per iteration
Command         run_link_or_opt done; 1.9 sec.
INFO-FLOW: Linking math bc lib
Execute         run_link_or_opt -out /home/youeric/PixelML/SmartpixReal/Muon_Collider_Smart_Pixels/eric/model3_quantized_4w0i_hyperparameter_results_20260221_131507/hls_outputs/hls_model_trial_1/myproject_prj/solution1/.autopilot/db/a.g.ld.2.m1.bc -args /home/youeric/PixelML/SmartpixReal/Muon_Collider_Smart_Pixels/eric/model3_quantized_4w0i_hyperparameter_results_20260221_131507/hls_outputs/hls_model_trial_1/myproject_prj/solution1/.autopilot/db/a.g.ld.1.lower.bc -only-needed /code/Xilinx_2024.1/Vitis_HLS/2024.1/lnx64/lib/libhlsm_39.bc /code/Xilinx_2024.1/Vitis_HLS/2024.1/lnx64/lib/libhlsmc++_39.bc 
INFO-FLOW: run_clang exec: /code/Xilinx_2024.1/Vitis_HLS/2024.1/lnx64/tools/clang-3.9-csynth/bin/llvm-link /home/youeric/PixelML/SmartpixReal/Muon_Collider_Smart_Pixels/eric/model3_quantized_4w0i_hyperparameter_results_20260221_131507/hls_outputs/hls_model_trial_1/myproject_prj/solution1/.autopilot/db/a.g.ld.1.lower.bc -only-needed /code/Xilinx_2024.1/Vitis_HLS/2024.1/lnx64/lib/libhlsm_39.bc /code/Xilinx_2024.1/Vitis_HLS/2024.1/lnx64/lib/libhlsmc++_39.bc -o /home/youeric/PixelML/SmartpixReal/Muon_Collider_Smart_Pixels/eric/model3_quantized_4w0i_hyperparameter_results_20260221_131507/hls_outputs/hls_model_trial_1/myproject_prj/solution1/.autopilot/db/a.g.ld.2.m1.bc > /home/youeric/PixelML/SmartpixReal/Muon_Collider_Smart_Pixels/eric/model3_quantized_4w0i_hyperparameter_results_20260221_131507/hls_outputs/hls_model_trial_1/myproject_prj/solution1/.autopilot/db/a.g.ld.2.m1.bc.llvm-link.out.log 2> /home/youeric/PixelML/SmartpixReal/Muon_Collider_Smart_Pixels/eric/model3_quantized_4w0i_hyperparameter_results_20260221_131507/hls_outputs/hls_model_trial_1/myproject_prj/solution1/.autopilot/db/a.g.ld.2.m1.bc.llvm-link.err.log
INFO-FLOW: 
Command         run_link_or_opt done; 3.24 sec.
Execute         run_link_or_opt -opt -out /home/youeric/PixelML/SmartpixReal/Muon_Collider_Smart_Pixels/eric/model3_quantized_4w0i_hyperparameter_results_20260221_131507/hls_outputs/hls_model_trial_1/myproject_prj/solution1/.autopilot/db/a.g.ld.3.fpc.bc -args /home/youeric/PixelML/SmartpixReal/Muon_Collider_Smart_Pixels/eric/model3_quantized_4w0i_hyperparameter_results_20260221_131507/hls_outputs/hls_model_trial_1/myproject_prj/solution1/.autopilot/db/a.g.ld.2.m1.bc -reflow-globaldce -hls-top-function-name=myproject -reflow-float-conversion 
INFO-FLOW: run_clang exec: /code/Xilinx_2024.1/Vitis_HLS/2024.1/lnx64/tools/clang-3.9-csynth/bin/opt -pass-remarks-missed=reflow|pasta|unroll -pass-remarks=reflow|pasta|unroll|inline -pass-remarks-output=/home/youeric/PixelML/SmartpixReal/Muon_Collider_Smart_Pixels/eric/model3_quantized_4w0i_hyperparameter_results_20260221_131507/hls_outputs/hls_model_trial_1/myproject_prj/solution1/.autopilot/db/a.g.ld.3.fpc.bc.opt.diag.yml /home/youeric/PixelML/SmartpixReal/Muon_Collider_Smart_Pixels/eric/model3_quantized_4w0i_hyperparameter_results_20260221_131507/hls_outputs/hls_model_trial_1/myproject_prj/solution1/.autopilot/db/a.g.ld.2.m1.bc -reflow-globaldce -hls-top-function-name=myproject -reflow-float-conversion -o /home/youeric/PixelML/SmartpixReal/Muon_Collider_Smart_Pixels/eric/model3_quantized_4w0i_hyperparameter_results_20260221_131507/hls_outputs/hls_model_trial_1/myproject_prj/solution1/.autopilot/db/a.g.ld.3.fpc.bc > /home/youeric/PixelML/SmartpixReal/Muon_Collider_Smart_Pixels/eric/model3_quantized_4w0i_hyperparameter_results_20260221_131507/hls_outputs/hls_model_trial_1/myproject_prj/solution1/.autopilot/db/a.g.ld.3.fpc.bc.opt.out.log 2> /home/youeric/PixelML/SmartpixReal/Muon_Collider_Smart_Pixels/eric/model3_quantized_4w0i_hyperparameter_results_20260221_131507/hls_outputs/hls_model_trial_1/myproject_prj/solution1/.autopilot/db/a.g.ld.3.fpc.bc.opt.err.log
INFO-FLOW: 
INFO-FLOW: Running: gen_design_size_report post-opt
INFO-FLOW: Done: gen_design_size_report post-opt time: 0 seconds per iteration
Command         run_link_or_opt done; 2.52 sec.
Execute         run_link_or_opt -out /home/youeric/PixelML/SmartpixReal/Muon_Collider_Smart_Pixels/eric/model3_quantized_4w0i_hyperparameter_results_20260221_131507/hls_outputs/hls_model_trial_1/myproject_prj/solution1/.autopilot/db/a.g.ld.4.m2.bc -args /home/youeric/PixelML/SmartpixReal/Muon_Collider_Smart_Pixels/eric/model3_quantized_4w0i_hyperparameter_results_20260221_131507/hls_outputs/hls_model_trial_1/myproject_prj/solution1/.autopilot/db/a.g.ld.3.fpc.bc -only-needed /code/Xilinx_2024.1/Vitis_HLS/2024.1/lnx64/lib/libfloatconversion_39.bc 
INFO-FLOW: run_clang exec: /code/Xilinx_2024.1/Vitis_HLS/2024.1/lnx64/tools/clang-3.9-csynth/bin/llvm-link /home/youeric/PixelML/SmartpixReal/Muon_Collider_Smart_Pixels/eric/model3_quantized_4w0i_hyperparameter_results_20260221_131507/hls_outputs/hls_model_trial_1/myproject_prj/solution1/.autopilot/db/a.g.ld.3.fpc.bc -only-needed /code/Xilinx_2024.1/Vitis_HLS/2024.1/lnx64/lib/libfloatconversion_39.bc -o /home/youeric/PixelML/SmartpixReal/Muon_Collider_Smart_Pixels/eric/model3_quantized_4w0i_hyperparameter_results_20260221_131507/hls_outputs/hls_model_trial_1/myproject_prj/solution1/.autopilot/db/a.g.ld.4.m2.bc > /home/youeric/PixelML/SmartpixReal/Muon_Collider_Smart_Pixels/eric/model3_quantized_4w0i_hyperparameter_results_20260221_131507/hls_outputs/hls_model_trial_1/myproject_prj/solution1/.autopilot/db/a.g.ld.4.m2.bc.llvm-link.out.log 2> /home/youeric/PixelML/SmartpixReal/Muon_Collider_Smart_Pixels/eric/model3_quantized_4w0i_hyperparameter_results_20260221_131507/hls_outputs/hls_model_trial_1/myproject_prj/solution1/.autopilot/db/a.g.ld.4.m2.bc.llvm-link.err.log
INFO-FLOW: 
Command         run_link_or_opt done; 2.14 sec.
Execute         run_link_or_opt -opt -out /home/youeric/PixelML/SmartpixReal/Muon_Collider_Smart_Pixels/eric/model3_quantized_4w0i_hyperparameter_results_20260221_131507/hls_outputs/hls_model_trial_1/myproject_prj/solution1/.autopilot/db/a.g.ld.5.gdce.bc -args /home/youeric/PixelML/SmartpixReal/Muon_Collider_Smart_Pixels/eric/model3_quantized_4w0i_hyperparameter_results_20260221_131507/hls_outputs/hls_model_trial_1/myproject_prj/solution1/.autopilot/db/a.g.ld.4.m2.bc -reflow-globaldce -hls-top-function-name=myproject 
INFO-FLOW: run_clang exec: /code/Xilinx_2024.1/Vitis_HLS/2024.1/lnx64/tools/clang-3.9-csynth/bin/opt -pass-remarks-missed=reflow|pasta|unroll -pass-remarks=reflow|pasta|unroll|inline -pass-remarks-output=/home/youeric/PixelML/SmartpixReal/Muon_Collider_Smart_Pixels/eric/model3_quantized_4w0i_hyperparameter_results_20260221_131507/hls_outputs/hls_model_trial_1/myproject_prj/solution1/.autopilot/db/a.g.ld.5.gdce.bc.opt.diag.yml /home/youeric/PixelML/SmartpixReal/Muon_Collider_Smart_Pixels/eric/model3_quantized_4w0i_hyperparameter_results_20260221_131507/hls_outputs/hls_model_trial_1/myproject_prj/solution1/.autopilot/db/a.g.ld.4.m2.bc -reflow-globaldce -hls-top-function-name=myproject -o /home/youeric/PixelML/SmartpixReal/Muon_Collider_Smart_Pixels/eric/model3_quantized_4w0i_hyperparameter_results_20260221_131507/hls_outputs/hls_model_trial_1/myproject_prj/solution1/.autopilot/db/a.g.ld.5.gdce.bc > /home/youeric/PixelML/SmartpixReal/Muon_Collider_Smart_Pixels/eric/model3_quantized_4w0i_hyperparameter_results_20260221_131507/hls_outputs/hls_model_trial_1/myproject_prj/solution1/.autopilot/db/a.g.ld.5.gdce.bc.opt.out.log 2> /home/youeric/PixelML/SmartpixReal/Muon_Collider_Smart_Pixels/eric/model3_quantized_4w0i_hyperparameter_results_20260221_131507/hls_outputs/hls_model_trial_1/myproject_prj/solution1/.autopilot/db/a.g.ld.5.gdce.bc.opt.err.log
INFO-FLOW: 
INFO-FLOW: Running: gen_design_size_report post-opt
INFO-FLOW: Done: gen_design_size_report post-opt time: 0 seconds per iteration
Command         run_link_or_opt done; 1.98 sec.
Execute         send_msg_by_id INFO @200-777@%s Vivado 
INFO: [HLS 200-777] Using interface defaults for 'Vivado' flow target.
Execute         is_m_axi_addr64 
INFO-FLOW: Doing LTO.
INFO-FLOW: run_clang (background poll_ms 5000) exec: /code/Xilinx_2024.1/Vitis_HLS/2024.1/lnx64/tools/clang-3.9-csynth/bin/clang -foptimization-record-file=/home/youeric/PixelML/SmartpixReal/Muon_Collider_Smart_Pixels/eric/model3_quantized_4w0i_hyperparameter_results_20260221_131507/hls_outputs/hls_model_trial_1/myproject_prj/solution1/.autopilot/db/a.g.ld.0.bc.clang.reflow.diag.yml -mllvm -pass-remarks-missed=reflow|pasta|unroll -mllvm -pass-remarks=reflow|pasta|unroll|inline -fhls -mllvm -hls-top-function-name=myproject -mllvm -hls-db-dir -mllvm /home/youeric/PixelML/SmartpixReal/Muon_Collider_Smart_Pixels/eric/model3_quantized_4w0i_hyperparameter_results_20260221_131507/hls_outputs/hls_model_trial_1/myproject_prj/solution1/.autopilot/db -emit-llvm -c -target fpga64-xilinx-none -mllvm -xcl-xmlinfo=/home/youeric/PixelML/SmartpixReal/Muon_Collider_Smart_Pixels/eric/model3_quantized_4w0i_hyperparameter_results_20260221_131507/hls_outputs/hls_model_trial_1/myproject_prj/solution1/.autopilot/db/kernel.internal.xml -mllvm -top-io-mapping-info=/home/youeric/PixelML/SmartpixReal/Muon_Collider_Smart_Pixels/eric/model3_quantized_4w0i_hyperparameter_results_20260221_131507/hls_outputs/hls_model_trial_1/myproject_prj/solution1/.autopilot/db/top-io-fe.xml -mllvm -hls-bitcode-version=3.1 -mllvm -reflow-enable-slave-interface-default-setting=true -mllvm -gen-kernel-xml=false -mllvm -default-maxi-offset=slave -mllvm -maxi-latency=0 -mllvm -hls-maxi-data-size-in-bits=8 -mllvm -hls-maxi-max-data-size-in-bits=1024 -mllvm -hls-max-widen-size-in-bits=0 -mllvm -xcl-kernel-max-mem-ports=0 -mllvm -maxi-read-trans=16 -mllvm -maxi-write-trans=16 -mllvm -maxi-read-burst-len=16 -mllvm -maxi-write-burst-len=16 -mllvm -reflow-enable-saxi-64bits=0 -mllvm -reflow-basic-block-instr-threshold=200000 -mllvm -reflow-auto-pipeline-threshold=64 -mllvm -reflow-enable-maxi-auto-id-channel=0 -mllvm -enable-fp-thr=0 -mllvm -reflow-bdd-simplify-threshold=1048576 -mllvm -reflow-fanout-threshold=16 -mllvm -reflow-complete-threshold=4 -mllvm -reflow-array-promotion-threshold=64 -mllvm -assume-maxi-align=1 -mllvm -reflow-enable-dataflow-strict-mode-checking=1 -ftime-report -mllvm -time-passes -mllvm -reflow-auto-array-partition-mode=default -mllvm -reflow-enable-auto-small-array-partition=true -mllvm -reflow-enable-auto-array-partition-for-flatten=true -mllvm -reflow-enable-auto-parallel-performance-driven=true -mllvm -reflow-enable-partition-for-automation=true -mllvm -reflow-aggregate-bitwidth-threshold=4096 -mllvm -reflow-reserved-saxilite-registers=0 -mllvm -enable-reflow-auto-loop-pipeline -mllvm -reflow-max-unroll-threshold=409600 -mllvm -auto-unroll-tripcount-threshold=0 -mllvm -reflow-assume-no-address-wrap=true -mllvm -reflow-enable-occurrence-inference=true -mllvm -reflow-emit-hint-scope=true -mllvm -reflow-enable-codegen-with-if=true -mllvm -hls -mllvm -disable-inlined-alloca-merging=true -mllvm -default-clock-period=5 -mllvm -use_read_first_ram_in_loop=1 -mllvm -default-clock-uncertainty=0.625 -x ir /home/youeric/PixelML/SmartpixReal/Muon_Collider_Smart_Pixels/eric/model3_quantized_4w0i_hyperparameter_results_20260221_131507/hls_outputs/hls_model_trial_1/myproject_prj/solution1/.autopilot/db/a.g.ld.5.gdce.bc -o /home/youeric/PixelML/SmartpixReal/Muon_Collider_Smart_Pixels/eric/model3_quantized_4w0i_hyperparameter_results_20260221_131507/hls_outputs/hls_model_trial_1/myproject_prj/solution1/.autopilot/db/a.g.lto.bc -hls-platform-db-name=/code/Xilinx_2024.1/Vitis_HLS/2024.1/common/technology/xilinx/common/platform.db -hls-platform-name=zynq_slow -device-resource-info=BRAM_280.000000_DSP_220.000000_FF_106400.000000_LUT_53200.000000_SLICE_13300.000000_URAM_0.000000 -device-name-info=xc7z020clg400-1 2> /home/youeric/PixelML/SmartpixReal/Muon_Collider_Smart_Pixels/eric/model3_quantized_4w0i_hyperparameter_results_20260221_131507/hls_outputs/hls_model_trial_1/myproject_prj/solution1/.autopilot/db/a.g.ld.0.bc.clang.reflow.err.log bg_poll_cmd: ::AP::poll_clang_39_closed_source
Execute         send_msg_by_id INFO @200-1995@%s%s%s 32,720 Compile/Link /home/youeric/PixelML/SmartpixReal/Muon_Collider_Smart_Pixels/eric/model3_quantized_4w0i_hyperparameter_results_20260221_131507/hls_outputs/hls_model_trial_1/myproject_prj/solution1/syn/report/csynth_design_size.rpt 
