/home/youeric/PixelML/SmartpixReal/Muon_Collider_Smart_Pixels/eric/model3_quantized_4w0i_hyperparameter_results_20260221_131507/hls_outputs/hls_model_trial_1/myproject_prj/solution1/.autopilot/db/myproject.pp.0.cpp:28592:7: warning: Added loop label VITIS_LOOP_1223_1:   [xilinx-label-all-loops]
      for (i = 0; i < __N - 1; ++i) {
      ^~~
      VITIS_LOOP_1223_1: 
/home/youeric/PixelML/SmartpixReal/Muon_Collider_Smart_Pixels/eric/model3_quantized_4w0i_hyperparameter_results_20260221_131507/hls_outputs/hls_model_trial_1/myproject_prj/solution1/.autopilot/db/myproject.pp.0.cpp:28592:7: note: FIX-IT applied suggested code changes
/home/youeric/PixelML/SmartpixReal/Muon_Collider_Smart_Pixels/eric/model3_quantized_4w0i_hyperparameter_results_20260221_131507/hls_outputs/hls_model_trial_1/myproject_prj/solution1/.autopilot/db/myproject.pp.0.cpp:29566:5: warning: Added loop label VITIS_LOOP_676_1:   [xilinx-label-all-loops]
    for (unsigned i = low; i != high; ++i) {
    ^~~
    VITIS_LOOP_676_1: 
/home/youeric/PixelML/SmartpixReal/Muon_Collider_Smart_Pixels/eric/model3_quantized_4w0i_hyperparameter_results_20260221_131507/hls_outputs/hls_model_trial_1/myproject_prj/solution1/.autopilot/db/myproject.pp.0.cpp:29566:5: note: FIX-IT applied suggested code changes
/home/youeric/PixelML/SmartpixReal/Muon_Collider_Smart_Pixels/eric/model3_quantized_4w0i_hyperparameter_results_20260221_131507/hls_outputs/hls_model_trial_1/myproject_prj/solution1/.autopilot/db/myproject.pp.0.cpp:29580:5: warning: Added loop label VITIS_LOOP_690_1:   [xilinx-label-all-loops]
    for (unsigned i = low; i != high; ++i) {
    ^~~
    VITIS_LOOP_690_1: 
/home/youeric/PixelML/SmartpixReal/Muon_Collider_Smart_Pixels/eric/model3_quantized_4w0i_hyperparameter_results_20260221_131507/hls_outputs/hls_model_trial_1/myproject_prj/solution1/.autopilot/db/myproject.pp.0.cpp:29580:5: note: FIX-IT applied suggested code changes
/home/youeric/PixelML/SmartpixReal/Muon_Collider_Smart_Pixels/eric/model3_quantized_4w0i_hyperparameter_results_20260221_131507/hls_outputs/hls_model_trial_1/myproject_prj/solution1/.autopilot/db/myproject.pp.0.cpp:29594:5: warning: Added loop label VITIS_LOOP_704_1:   [xilinx-label-all-loops]
    for (unsigned i = low; i != high; ++i) {
    ^~~
    VITIS_LOOP_704_1: 
/home/youeric/PixelML/SmartpixReal/Muon_Collider_Smart_Pixels/eric/model3_quantized_4w0i_hyperparameter_results_20260221_131507/hls_outputs/hls_model_trial_1/myproject_prj/solution1/.autopilot/db/myproject.pp.0.cpp:29594:5: note: FIX-IT applied suggested code changes
/home/youeric/PixelML/SmartpixReal/Muon_Collider_Smart_Pixels/eric/model3_quantized_4w0i_hyperparameter_results_20260221_131507/hls_outputs/hls_model_trial_1/myproject_prj/solution1/.autopilot/db/myproject.pp.0.cpp:31211:7: warning: Added loop label VITIS_LOOP_1247_1:   [xilinx-label-all-loops]
      for (i = 0; i < __N - 1; ++i) {
      ^~~
      VITIS_LOOP_1247_1: 
/home/youeric/PixelML/SmartpixReal/Muon_Collider_Smart_Pixels/eric/model3_quantized_4w0i_hyperparameter_results_20260221_131507/hls_outputs/hls_model_trial_1/myproject_prj/solution1/.autopilot/db/myproject.pp.0.cpp:31211:7: note: FIX-IT applied suggested code changes
/home/youeric/PixelML/SmartpixReal/Muon_Collider_Smart_Pixels/eric/model3_quantized_4w0i_hyperparameter_results_20260221_131507/hls_outputs/hls_model_trial_1/myproject_prj/solution1/.autopilot/db/myproject.pp.0.cpp:33194:9: warning: Added loop label VITIS_LOOP_27_1:   [xilinx-label-all-loops]
        for (unsigned i = 0; i < N; i++) {
        ^~~
        VITIS_LOOP_27_1: 
/home/youeric/PixelML/SmartpixReal/Muon_Collider_Smart_Pixels/eric/model3_quantized_4w0i_hyperparameter_results_20260221_131507/hls_outputs/hls_model_trial_1/myproject_prj/solution1/.autopilot/db/myproject.pp.0.cpp:33194:9: note: FIX-IT applied suggested code changes
/home/youeric/PixelML/SmartpixReal/Muon_Collider_Smart_Pixels/eric/model3_quantized_4w0i_hyperparameter_results_20260221_131507/hls_outputs/hls_model_trial_1/myproject_prj/solution1/.autopilot/db/myproject.pp.0.cpp:33207:9: warning: Added loop label VITIS_LOOP_40_1:   [xilinx-label-all-loops]
        for (size_t i = 0; i < N; i++) {
        ^~~
        VITIS_LOOP_40_1: 
/home/youeric/PixelML/SmartpixReal/Muon_Collider_Smart_Pixels/eric/model3_quantized_4w0i_hyperparameter_results_20260221_131507/hls_outputs/hls_model_trial_1/myproject_prj/solution1/.autopilot/db/myproject.pp.0.cpp:33207:9: note: FIX-IT applied suggested code changes
/home/youeric/PixelML/SmartpixReal/Muon_Collider_Smart_Pixels/eric/model3_quantized_4w0i_hyperparameter_results_20260221_131507/hls_outputs/hls_model_trial_1/myproject_prj/solution1/.autopilot/db/myproject.pp.0.cpp:56153:5: warning: Added loop label VITIS_LOOP_265_1:   [xilinx-label-all-loops]
    for (typename std::vector<src_T>::const_iterator i = in_begin; i != in_end; ++i) {
    ^~~
    VITIS_LOOP_265_1: 
/home/youeric/PixelML/SmartpixReal/Muon_Collider_Smart_Pixels/eric/model3_quantized_4w0i_hyperparameter_results_20260221_131507/hls_outputs/hls_model_trial_1/myproject_prj/solution1/.autopilot/db/myproject.pp.0.cpp:56153:5: note: FIX-IT applied suggested code changes
/home/youeric/PixelML/SmartpixReal/Muon_Collider_Smart_Pixels/eric/model3_quantized_4w0i_hyperparameter_results_20260221_131507/hls_outputs/hls_model_trial_1/myproject_prj/solution1/.autopilot/db/myproject.pp.0.cpp:56163:5: warning: Added loop label VITIS_LOOP_275_1:   [xilinx-label-all-loops]
    for (auto i = 0; i < SIZE; i++)
    ^~~
    VITIS_LOOP_275_1: 
/home/youeric/PixelML/SmartpixReal/Muon_Collider_Smart_Pixels/eric/model3_quantized_4w0i_hyperparameter_results_20260221_131507/hls_outputs/hls_model_trial_1/myproject_prj/solution1/.autopilot/db/myproject.pp.0.cpp:56163:5: note: FIX-IT applied suggested code changes
/home/youeric/PixelML/SmartpixReal/Muon_Collider_Smart_Pixels/eric/model3_quantized_4w0i_hyperparameter_results_20260221_131507/hls_outputs/hls_model_trial_1/myproject_prj/solution1/.autopilot/db/myproject.pp.0.cpp:56174:5: warning: Added loop label VITIS_LOOP_286_1:   [xilinx-label-all-loops]
    for (int i = 0; i < SIZE; i++) {
    ^~~
    VITIS_LOOP_286_1: 
/home/youeric/PixelML/SmartpixReal/Muon_Collider_Smart_Pixels/eric/model3_quantized_4w0i_hyperparameter_results_20260221_131507/hls_outputs/hls_model_trial_1/myproject_prj/solution1/.autopilot/db/myproject.pp.0.cpp:56174:5: note: FIX-IT applied suggested code changes
/home/youeric/PixelML/SmartpixReal/Muon_Collider_Smart_Pixels/eric/model3_quantized_4w0i_hyperparameter_results_20260221_131507/hls_outputs/hls_model_trial_1/myproject_prj/solution1/.autopilot/db/myproject.pp.0.cpp:56181:5: warning: Added loop label VITIS_LOOP_293_1:   [xilinx-label-all-loops]
    for (int i = 0; i < SIZE / res_T::size; i++) {
    ^~~
    VITIS_LOOP_293_1: 
/home/youeric/PixelML/SmartpixReal/Muon_Collider_Smart_Pixels/eric/model3_quantized_4w0i_hyperparameter_results_20260221_131507/hls_outputs/hls_model_trial_1/myproject_prj/solution1/.autopilot/db/myproject.pp.0.cpp:56181:5: note: FIX-IT applied suggested code changes
/home/youeric/PixelML/SmartpixReal/Muon_Collider_Smart_Pixels/eric/model3_quantized_4w0i_hyperparameter_results_20260221_131507/hls_outputs/hls_model_trial_1/myproject_prj/solution1/.autopilot/db/myproject.pp.0.cpp:56183:9: warning: Added loop label VITIS_LOOP_295_2:   [xilinx-label-all-loops]
        for (int j = 0; j < res_T::size; j++) {
        ^~~
        VITIS_LOOP_295_2: 
/home/youeric/PixelML/SmartpixReal/Muon_Collider_Smart_Pixels/eric/model3_quantized_4w0i_hyperparameter_results_20260221_131507/hls_outputs/hls_model_trial_1/myproject_prj/solution1/.autopilot/db/myproject.pp.0.cpp:56183:9: note: FIX-IT applied suggested code changes
/home/youeric/PixelML/SmartpixReal/Muon_Collider_Smart_Pixels/eric/model3_quantized_4w0i_hyperparameter_results_20260221_131507/hls_outputs/hls_model_trial_1/myproject_prj/solution1/.autopilot/db/myproject.pp.0.cpp:56195:5: warning: Added loop label VITIS_LOOP_307_1:   [xilinx-label-all-loops]
    for (int i = 0; i < SIZE / data_T::size; i++) {
    ^~~
    VITIS_LOOP_307_1: 
/home/youeric/PixelML/SmartpixReal/Muon_Collider_Smart_Pixels/eric/model3_quantized_4w0i_hyperparameter_results_20260221_131507/hls_outputs/hls_model_trial_1/myproject_prj/solution1/.autopilot/db/myproject.pp.0.cpp:56195:5: note: FIX-IT applied suggested code changes
/home/youeric/PixelML/SmartpixReal/Muon_Collider_Smart_Pixels/eric/model3_quantized_4w0i_hyperparameter_results_20260221_131507/hls_outputs/hls_model_trial_1/myproject_prj/solution1/.autopilot/db/myproject.pp.0.cpp:56197:9: warning: Added loop label VITIS_LOOP_309_2:   [xilinx-label-all-loops]
        for (int j = 0; j < data_T::size; j++) {
        ^~~
        VITIS_LOOP_309_2: 
/home/youeric/PixelML/SmartpixReal/Muon_Collider_Smart_Pixels/eric/model3_quantized_4w0i_hyperparameter_results_20260221_131507/hls_outputs/hls_model_trial_1/myproject_prj/solution1/.autopilot/db/myproject.pp.0.cpp:56197:9: note: FIX-IT applied suggested code changes
/home/youeric/PixelML/SmartpixReal/Muon_Collider_Smart_Pixels/eric/model3_quantized_4w0i_hyperparameter_results_20260221_131507/hls_outputs/hls_model_trial_1/myproject_prj/solution1/.autopilot/db/myproject.pp.0.cpp:56212:5: warning: Added loop label VITIS_LOOP_324_1:   [xilinx-label-all-loops]
    for (int ii = 0; ii < nrows; ii++) {
    ^~~
    VITIS_LOOP_324_1: 
/home/youeric/PixelML/SmartpixReal/Muon_Collider_Smart_Pixels/eric/model3_quantized_4w0i_hyperparameter_results_20260221_131507/hls_outputs/hls_model_trial_1/myproject_prj/solution1/.autopilot/db/myproject.pp.0.cpp:56212:5: note: FIX-IT applied suggested code changes
/home/youeric/PixelML/SmartpixReal/Muon_Collider_Smart_Pixels/eric/model3_quantized_4w0i_hyperparameter_results_20260221_131507/hls_outputs/hls_model_trial_1/myproject_prj/solution1/.autopilot/db/myproject.pp.0.cpp:56232:5: warning: Added loop label VITIS_LOOP_344_1:   [xilinx-label-all-loops]
    for (int ii = 0; ii < nrows; ii++) {
    ^~~
    VITIS_LOOP_344_1: 
/home/youeric/PixelML/SmartpixReal/Muon_Collider_Smart_Pixels/eric/model3_quantized_4w0i_hyperparameter_results_20260221_131507/hls_outputs/hls_model_trial_1/myproject_prj/solution1/.autopilot/db/myproject.pp.0.cpp:56232:5: note: FIX-IT applied suggested code changes
/home/youeric/PixelML/SmartpixReal/Muon_Collider_Smart_Pixels/eric/model3_quantized_4w0i_hyperparameter_results_20260221_131507/hls_outputs/hls_model_trial_1/myproject_prj/solution1/.autopilot/db/myproject.pp.0.cpp:56233:9: warning: Added loop label VITIS_LOOP_345_2:   [xilinx-label-all-loops]
        for (int jj = 0; jj < ncols; jj++) {
        ^~~
        VITIS_LOOP_345_2: 
/home/youeric/PixelML/SmartpixReal/Muon_Collider_Smart_Pixels/eric/model3_quantized_4w0i_hyperparameter_results_20260221_131507/hls_outputs/hls_model_trial_1/myproject_prj/solution1/.autopilot/db/myproject.pp.0.cpp:56233:9: note: FIX-IT applied suggested code changes
/home/youeric/PixelML/SmartpixReal/Muon_Collider_Smart_Pixels/eric/model3_quantized_4w0i_hyperparameter_results_20260221_131507/hls_outputs/hls_model_trial_1/myproject_prj/solution1/.autopilot/db/myproject.pp.0.cpp:56248:5: warning: Added loop label VITIS_LOOP_360_1:   [xilinx-label-all-loops]
    for (int ii = 0; ii < N_IN; ii++) {
    ^~~
    VITIS_LOOP_360_1: 
/home/youeric/PixelML/SmartpixReal/Muon_Collider_Smart_Pixels/eric/model3_quantized_4w0i_hyperparameter_results_20260221_131507/hls_outputs/hls_model_trial_1/myproject_prj/solution1/.autopilot/db/myproject.pp.0.cpp:56248:5: note: FIX-IT applied suggested code changes
/home/youeric/PixelML/SmartpixReal/Muon_Collider_Smart_Pixels/eric/model3_quantized_4w0i_hyperparameter_results_20260221_131507/hls_outputs/hls_model_trial_1/myproject_prj/solution1/.autopilot/db/myproject.pp.0.cpp:56255:5: warning: Added loop label VITIS_LOOP_367_1:   [xilinx-label-all-loops]
    for (int ii = 0; ii < N_IN; ii++) {
    ^~~
    VITIS_LOOP_367_1: 
/home/youeric/PixelML/SmartpixReal/Muon_Collider_Smart_Pixels/eric/model3_quantized_4w0i_hyperparameter_results_20260221_131507/hls_outputs/hls_model_trial_1/myproject_prj/solution1/.autopilot/db/myproject.pp.0.cpp:56255:5: note: FIX-IT applied suggested code changes
/home/youeric/PixelML/SmartpixReal/Muon_Collider_Smart_Pixels/eric/model3_quantized_4w0i_hyperparameter_results_20260221_131507/hls_outputs/hls_model_trial_1/myproject_prj/solution1/.autopilot/db/myproject.pp.0.cpp:57480:2: warning: Added loop label VITIS_LOOP_31_1:   [xilinx-label-all-loops]
 for (int ii = 0; ii < CONFIG_T::n_in; ii++) {
 ^~~
 VITIS_LOOP_31_1: 
/home/youeric/PixelML/SmartpixReal/Muon_Collider_Smart_Pixels/eric/model3_quantized_4w0i_hyperparameter_results_20260221_131507/hls_outputs/hls_model_trial_1/myproject_prj/solution1/.autopilot/db/myproject.pp.0.cpp:57480:2: note: FIX-IT applied suggested code changes
/home/youeric/PixelML/SmartpixReal/Muon_Collider_Smart_Pixels/eric/model3_quantized_4w0i_hyperparameter_results_20260221_131507/hls_outputs/hls_model_trial_1/myproject_prj/solution1/.autopilot/db/myproject.pp.0.cpp:57492:5: warning: Added loop label VITIS_LOOP_43_1:   [xilinx-label-all-loops]
    for (int ii = 0; ii < CONFIG_T::n_in; ii++) {
    ^~~
    VITIS_LOOP_43_1: 
/home/youeric/PixelML/SmartpixReal/Muon_Collider_Smart_Pixels/eric/model3_quantized_4w0i_hyperparameter_results_20260221_131507/hls_outputs/hls_model_trial_1/myproject_prj/solution1/.autopilot/db/myproject.pp.0.cpp:57492:5: note: FIX-IT applied suggested code changes
/home/youeric/PixelML/SmartpixReal/Muon_Collider_Smart_Pixels/eric/model3_quantized_4w0i_hyperparameter_results_20260221_131507/hls_outputs/hls_model_trial_1/myproject_prj/solution1/.autopilot/db/myproject.pp.0.cpp:57506:5: warning: Added loop label VITIS_LOOP_57_1:   [xilinx-label-all-loops]
    for (int ii = 0; ii < CONFIG_T::n_in; ii++) {
    ^~~
    VITIS_LOOP_57_1: 
/home/youeric/PixelML/SmartpixReal/Muon_Collider_Smart_Pixels/eric/model3_quantized_4w0i_hyperparameter_results_20260221_131507/hls_outputs/hls_model_trial_1/myproject_prj/solution1/.autopilot/db/myproject.pp.0.cpp:57506:5: note: FIX-IT applied suggested code changes
/home/youeric/PixelML/SmartpixReal/Muon_Collider_Smart_Pixels/eric/model3_quantized_4w0i_hyperparameter_results_20260221_131507/hls_outputs/hls_model_trial_1/myproject_prj/solution1/.autopilot/db/myproject.pp.0.cpp:57533:5: warning: Added loop label VITIS_LOOP_84_1:   [xilinx-label-all-loops]
    for (int ii = 0; ii < N_TABLE; ii++) {
    ^~~
    VITIS_LOOP_84_1: 
/home/youeric/PixelML/SmartpixReal/Muon_Collider_Smart_Pixels/eric/model3_quantized_4w0i_hyperparameter_results_20260221_131507/hls_outputs/hls_model_trial_1/myproject_prj/solution1/.autopilot/db/myproject.pp.0.cpp:57533:5: note: FIX-IT applied suggested code changes
/home/youeric/PixelML/SmartpixReal/Muon_Collider_Smart_Pixels/eric/model3_quantized_4w0i_hyperparameter_results_20260221_131507/hls_outputs/hls_model_trial_1/myproject_prj/solution1/.autopilot/db/myproject.pp.0.cpp:57563:5: warning: Added loop label VITIS_LOOP_114_1:   [xilinx-label-all-loops]
    for (int ii = 0; ii < CONFIG_T::n_in; ii++) {
    ^~~
    VITIS_LOOP_114_1: 
/home/youeric/PixelML/SmartpixReal/Muon_Collider_Smart_Pixels/eric/model3_quantized_4w0i_hyperparameter_results_20260221_131507/hls_outputs/hls_model_trial_1/myproject_prj/solution1/.autopilot/db/myproject.pp.0.cpp:57563:5: note: FIX-IT applied suggested code changes
/home/youeric/PixelML/SmartpixReal/Muon_Collider_Smart_Pixels/eric/model3_quantized_4w0i_hyperparameter_results_20260221_131507/hls_outputs/hls_model_trial_1/myproject_prj/solution1/.autopilot/db/myproject.pp.0.cpp:57600:5: warning: Added loop label VITIS_LOOP_151_1:   [xilinx-label-all-loops]
    for (unsigned i = 0; i < CONFIG_T::table_size; i++) {
    ^~~
    VITIS_LOOP_151_1: 
/home/youeric/PixelML/SmartpixReal/Muon_Collider_Smart_Pixels/eric/model3_quantized_4w0i_hyperparameter_results_20260221_131507/hls_outputs/hls_model_trial_1/myproject_prj/solution1/.autopilot/db/myproject.pp.0.cpp:57600:5: note: FIX-IT applied suggested code changes
/home/youeric/PixelML/SmartpixReal/Muon_Collider_Smart_Pixels/eric/model3_quantized_4w0i_hyperparameter_results_20260221_131507/hls_outputs/hls_model_trial_1/myproject_prj/solution1/.autopilot/db/myproject.pp.0.cpp:57611:5: warning: Added loop label VITIS_LOOP_162_1:   [xilinx-label-all-loops]
    for (unsigned i = 0; i < CONFIG_T::table_size; i++) {
    ^~~
    VITIS_LOOP_162_1: 
/home/youeric/PixelML/SmartpixReal/Muon_Collider_Smart_Pixels/eric/model3_quantized_4w0i_hyperparameter_results_20260221_131507/hls_outputs/hls_model_trial_1/myproject_prj/solution1/.autopilot/db/myproject.pp.0.cpp:57611:5: note: FIX-IT applied suggested code changes
/home/youeric/PixelML/SmartpixReal/Muon_Collider_Smart_Pixels/eric/model3_quantized_4w0i_hyperparameter_results_20260221_131507/hls_outputs/hls_model_trial_1/myproject_prj/solution1/.autopilot/db/myproject.pp.0.cpp:57644:5: warning: Added loop label VITIS_LOOP_195_1:   [xilinx-label-all-loops]
    for (unsigned i = 0; i < CONFIG_T::n_in; i++) {
    ^~~
    VITIS_LOOP_195_1: 
/home/youeric/PixelML/SmartpixReal/Muon_Collider_Smart_Pixels/eric/model3_quantized_4w0i_hyperparameter_results_20260221_131507/hls_outputs/hls_model_trial_1/myproject_prj/solution1/.autopilot/db/myproject.pp.0.cpp:57644:5: note: FIX-IT applied suggested code changes
/home/youeric/PixelML/SmartpixReal/Muon_Collider_Smart_Pixels/eric/model3_quantized_4w0i_hyperparameter_results_20260221_131507/hls_outputs/hls_model_trial_1/myproject_prj/solution1/.autopilot/db/myproject.pp.0.cpp:57658:5: warning: Added loop label VITIS_LOOP_209_2:   [xilinx-label-all-loops]
    for (unsigned i = 0; i < CONFIG_T::n_in; i++) {
    ^~~
    VITIS_LOOP_209_2: 
/home/youeric/PixelML/SmartpixReal/Muon_Collider_Smart_Pixels/eric/model3_quantized_4w0i_hyperparameter_results_20260221_131507/hls_outputs/hls_model_trial_1/myproject_prj/solution1/.autopilot/db/myproject.pp.0.cpp:57658:5: note: FIX-IT applied suggested code changes
/home/youeric/PixelML/SmartpixReal/Muon_Collider_Smart_Pixels/eric/model3_quantized_4w0i_hyperparameter_results_20260221_131507/hls_outputs/hls_model_trial_1/myproject_prj/solution1/.autopilot/db/myproject.pp.0.cpp:57692:5: warning: Added loop label VITIS_LOOP_243_1:   [xilinx-label-all-loops]
    for (unsigned i = 0; i < CONFIG_T::n_in; i++) {
    ^~~
    VITIS_LOOP_243_1: 
/home/youeric/PixelML/SmartpixReal/Muon_Collider_Smart_Pixels/eric/model3_quantized_4w0i_hyperparameter_results_20260221_131507/hls_outputs/hls_model_trial_1/myproject_prj/solution1/.autopilot/db/myproject.pp.0.cpp:57692:5: note: FIX-IT applied suggested code changes
/home/youeric/PixelML/SmartpixReal/Muon_Collider_Smart_Pixels/eric/model3_quantized_4w0i_hyperparameter_results_20260221_131507/hls_outputs/hls_model_trial_1/myproject_prj/solution1/.autopilot/db/myproject.pp.0.cpp:57701:5: warning: Added loop label VITIS_LOOP_252_2:   [xilinx-label-all-loops]
    for (unsigned i = 0; i < CONFIG_T::n_in; i++) {
    ^~~
    VITIS_LOOP_252_2: 
/home/youeric/PixelML/SmartpixReal/Muon_Collider_Smart_Pixels/eric/model3_quantized_4w0i_hyperparameter_results_20260221_131507/hls_outputs/hls_model_trial_1/myproject_prj/solution1/.autopilot/db/myproject.pp.0.cpp:57701:5: note: FIX-IT applied suggested code changes
/home/youeric/PixelML/SmartpixReal/Muon_Collider_Smart_Pixels/eric/model3_quantized_4w0i_hyperparameter_results_20260221_131507/hls_outputs/hls_model_trial_1/myproject_prj/solution1/.autopilot/db/myproject.pp.0.cpp:57715:5: warning: Added loop label VITIS_LOOP_266_3:   [xilinx-label-all-loops]
    for (unsigned i = 0; i < CONFIG_T::n_in; i++) {
    ^~~
    VITIS_LOOP_266_3: 
/home/youeric/PixelML/SmartpixReal/Muon_Collider_Smart_Pixels/eric/model3_quantized_4w0i_hyperparameter_results_20260221_131507/hls_outputs/hls_model_trial_1/myproject_prj/solution1/.autopilot/db/myproject.pp.0.cpp:57715:5: note: FIX-IT applied suggested code changes
/home/youeric/PixelML/SmartpixReal/Muon_Collider_Smart_Pixels/eric/model3_quantized_4w0i_hyperparameter_results_20260221_131507/hls_outputs/hls_model_trial_1/myproject_prj/solution1/.autopilot/db/myproject.pp.0.cpp:57722:5: warning: Added loop label VITIS_LOOP_273_1:   [xilinx-label-all-loops]
    for (int ii = 0; ii < N_TABLE; ii++) {
    ^~~
    VITIS_LOOP_273_1: 
/home/youeric/PixelML/SmartpixReal/Muon_Collider_Smart_Pixels/eric/model3_quantized_4w0i_hyperparameter_results_20260221_131507/hls_outputs/hls_model_trial_1/myproject_prj/solution1/.autopilot/db/myproject.pp.0.cpp:57722:5: note: FIX-IT applied suggested code changes
/home/youeric/PixelML/SmartpixReal/Muon_Collider_Smart_Pixels/eric/model3_quantized_4w0i_hyperparameter_results_20260221_131507/hls_outputs/hls_model_trial_1/myproject_prj/solution1/.autopilot/db/myproject.pp.0.cpp:57735:5: warning: Added loop label VITIS_LOOP_286_1:   [xilinx-label-all-loops]
    for (int ii = 0; ii < N_TABLE; ii++) {
    ^~~
    VITIS_LOOP_286_1: 
/home/youeric/PixelML/SmartpixReal/Muon_Collider_Smart_Pixels/eric/model3_quantized_4w0i_hyperparameter_results_20260221_131507/hls_outputs/hls_model_trial_1/myproject_prj/solution1/.autopilot/db/myproject.pp.0.cpp:57735:5: note: FIX-IT applied suggested code changes
/home/youeric/PixelML/SmartpixReal/Muon_Collider_Smart_Pixels/eric/model3_quantized_4w0i_hyperparameter_results_20260221_131507/hls_outputs/hls_model_trial_1/myproject_prj/solution1/.autopilot/db/myproject.pp.0.cpp:57772:5: warning: Added loop label VITIS_LOOP_323_1:   [xilinx-label-all-loops]
    for (int ii = 0; ii < CONFIG_T::n_in; ii++) {
    ^~~
    VITIS_LOOP_323_1: 
/home/youeric/PixelML/SmartpixReal/Muon_Collider_Smart_Pixels/eric/model3_quantized_4w0i_hyperparameter_results_20260221_131507/hls_outputs/hls_model_trial_1/myproject_prj/solution1/.autopilot/db/myproject.pp.0.cpp:57772:5: note: FIX-IT applied suggested code changes
/home/youeric/PixelML/SmartpixReal/Muon_Collider_Smart_Pixels/eric/model3_quantized_4w0i_hyperparameter_results_20260221_131507/hls_outputs/hls_model_trial_1/myproject_prj/solution1/.autopilot/db/myproject.pp.0.cpp:57777:5: warning: Added loop label VITIS_LOOP_328_2:   [xilinx-label-all-loops]
    for (int ii = 0; ii < CONFIG_T::n_in; ii++) {
    ^~~
    VITIS_LOOP_328_2: 
/home/youeric/PixelML/SmartpixReal/Muon_Collider_Smart_Pixels/eric/model3_quantized_4w0i_hyperparameter_results_20260221_131507/hls_outputs/hls_model_trial_1/myproject_prj/solution1/.autopilot/db/myproject.pp.0.cpp:57777:5: note: FIX-IT applied suggested code changes
/home/youeric/PixelML/SmartpixReal/Muon_Collider_Smart_Pixels/eric/model3_quantized_4w0i_hyperparameter_results_20260221_131507/hls_outputs/hls_model_trial_1/myproject_prj/solution1/.autopilot/db/myproject.pp.0.cpp:57778:9: warning: Added loop label VITIS_LOOP_329_3:   [xilinx-label-all-loops]
        for (int jj = 0; jj < CONFIG_T::n_in; jj++) {
        ^~~
        VITIS_LOOP_329_3: 
/home/youeric/PixelML/SmartpixReal/Muon_Collider_Smart_Pixels/eric/model3_quantized_4w0i_hyperparameter_results_20260221_131507/hls_outputs/hls_model_trial_1/myproject_prj/solution1/.autopilot/db/myproject.pp.0.cpp:57778:9: note: FIX-IT applied suggested code changes
/home/youeric/PixelML/SmartpixReal/Muon_Collider_Smart_Pixels/eric/model3_quantized_4w0i_hyperparameter_results_20260221_131507/hls_outputs/hls_model_trial_1/myproject_prj/solution1/.autopilot/db/myproject.pp.0.cpp:57795:5: warning: Added loop label VITIS_LOOP_346_4:   [xilinx-label-all-loops]
    for (int ii = 0; ii < CONFIG_T::n_in; ii++) {
    ^~~
    VITIS_LOOP_346_4: 
/home/youeric/PixelML/SmartpixReal/Muon_Collider_Smart_Pixels/eric/model3_quantized_4w0i_hyperparameter_results_20260221_131507/hls_outputs/hls_model_trial_1/myproject_prj/solution1/.autopilot/db/myproject.pp.0.cpp:57795:5: note: FIX-IT applied suggested code changes
/home/youeric/PixelML/SmartpixReal/Muon_Collider_Smart_Pixels/eric/model3_quantized_4w0i_hyperparameter_results_20260221_131507/hls_outputs/hls_model_trial_1/myproject_prj/solution1/.autopilot/db/myproject.pp.0.cpp:57808:5: warning: Added loop label VITIS_LOOP_359_1:   [xilinx-label-all-loops]
    for (int i = 0; i < CONFIG_T::n_in; i++) {
    ^~~
    VITIS_LOOP_359_1: 
/home/youeric/PixelML/SmartpixReal/Muon_Collider_Smart_Pixels/eric/model3_quantized_4w0i_hyperparameter_results_20260221_131507/hls_outputs/hls_model_trial_1/myproject_prj/solution1/.autopilot/db/myproject.pp.0.cpp:57808:5: note: FIX-IT applied suggested code changes
/home/youeric/PixelML/SmartpixReal/Muon_Collider_Smart_Pixels/eric/model3_quantized_4w0i_hyperparameter_results_20260221_131507/hls_outputs/hls_model_trial_1/myproject_prj/solution1/.autopilot/db/myproject.pp.0.cpp:57816:5: warning: Added loop label VITIS_LOOP_367_2:   [xilinx-label-all-loops]
    for (int i = 1; i < CONFIG_T::n_in; i++) {
    ^~~
    VITIS_LOOP_367_2: 
/home/youeric/PixelML/SmartpixReal/Muon_Collider_Smart_Pixels/eric/model3_quantized_4w0i_hyperparameter_results_20260221_131507/hls_outputs/hls_model_trial_1/myproject_prj/solution1/.autopilot/db/myproject.pp.0.cpp:57816:5: note: FIX-IT applied suggested code changes
/home/youeric/PixelML/SmartpixReal/Muon_Collider_Smart_Pixels/eric/model3_quantized_4w0i_hyperparameter_results_20260221_131507/hls_outputs/hls_model_trial_1/myproject_prj/solution1/.autopilot/db/myproject.pp.0.cpp:57851:5: warning: Added loop label VITIS_LOOP_402_1:   [xilinx-label-all-loops]
    for (int ii = 0; ii < N_TABLE; ii++) {
    ^~~
    VITIS_LOOP_402_1: 
/home/youeric/PixelML/SmartpixReal/Muon_Collider_Smart_Pixels/eric/model3_quantized_4w0i_hyperparameter_results_20260221_131507/hls_outputs/hls_model_trial_1/myproject_prj/solution1/.autopilot/db/myproject.pp.0.cpp:57851:5: note: FIX-IT applied suggested code changes
/home/youeric/PixelML/SmartpixReal/Muon_Collider_Smart_Pixels/eric/model3_quantized_4w0i_hyperparameter_results_20260221_131507/hls_outputs/hls_model_trial_1/myproject_prj/solution1/.autopilot/db/myproject.pp.0.cpp:57881:5: warning: Added loop label VITIS_LOOP_432_1:   [xilinx-label-all-loops]
    for (int ii = 0; ii < CONFIG_T::n_in; ii++) {
    ^~~
    VITIS_LOOP_432_1: 
/home/youeric/PixelML/SmartpixReal/Muon_Collider_Smart_Pixels/eric/model3_quantized_4w0i_hyperparameter_results_20260221_131507/hls_outputs/hls_model_trial_1/myproject_prj/solution1/.autopilot/db/myproject.pp.0.cpp:57881:5: note: FIX-IT applied suggested code changes
/home/youeric/PixelML/SmartpixReal/Muon_Collider_Smart_Pixels/eric/model3_quantized_4w0i_hyperparameter_results_20260221_131507/hls_outputs/hls_model_trial_1/myproject_prj/solution1/.autopilot/db/myproject.pp.0.cpp:57900:2: warning: Added loop label VITIS_LOOP_451_1:   [xilinx-label-all-loops]
 for (int ii = 0; ii < CONFIG_T::n_in; ii++) {
 ^~~
 VITIS_LOOP_451_1: 
/home/youeric/PixelML/SmartpixReal/Muon_Collider_Smart_Pixels/eric/model3_quantized_4w0i_hyperparameter_results_20260221_131507/hls_outputs/hls_model_trial_1/myproject_prj/solution1/.autopilot/db/myproject.pp.0.cpp:57900:2: note: FIX-IT applied suggested code changes
/home/youeric/PixelML/SmartpixReal/Muon_Collider_Smart_Pixels/eric/model3_quantized_4w0i_hyperparameter_results_20260221_131507/hls_outputs/hls_model_trial_1/myproject_prj/solution1/.autopilot/db/myproject.pp.0.cpp:57916:5: warning: Added loop label VITIS_LOOP_467_1:   [xilinx-label-all-loops]
    for (int ii = 0; ii < CONFIG_T::n_in; ii++) {
    ^~~
    VITIS_LOOP_467_1: 
/home/youeric/PixelML/SmartpixReal/Muon_Collider_Smart_Pixels/eric/model3_quantized_4w0i_hyperparameter_results_20260221_131507/hls_outputs/hls_model_trial_1/myproject_prj/solution1/.autopilot/db/myproject.pp.0.cpp:57916:5: note: FIX-IT applied suggested code changes
/home/youeric/PixelML/SmartpixReal/Muon_Collider_Smart_Pixels/eric/model3_quantized_4w0i_hyperparameter_results_20260221_131507/hls_outputs/hls_model_trial_1/myproject_prj/solution1/.autopilot/db/myproject.pp.0.cpp:57934:5: warning: Added loop label VITIS_LOOP_485_1:   [xilinx-label-all-loops]
    for (int ii = 0; ii < CONFIG_T::n_in; ii++) {
    ^~~
    VITIS_LOOP_485_1: 
/home/youeric/PixelML/SmartpixReal/Muon_Collider_Smart_Pixels/eric/model3_quantized_4w0i_hyperparameter_results_20260221_131507/hls_outputs/hls_model_trial_1/myproject_prj/solution1/.autopilot/db/myproject.pp.0.cpp:57934:5: note: FIX-IT applied suggested code changes
/home/youeric/PixelML/SmartpixReal/Muon_Collider_Smart_Pixels/eric/model3_quantized_4w0i_hyperparameter_results_20260221_131507/hls_outputs/hls_model_trial_1/myproject_prj/solution1/.autopilot/db/myproject.pp.0.cpp:57951:5: warning: Added loop label VITIS_LOOP_502_1:   [xilinx-label-all-loops]
    for (int ii = 0; ii < CONFIG_T::n_in; ii++) {
    ^~~
    VITIS_LOOP_502_1: 
/home/youeric/PixelML/SmartpixReal/Muon_Collider_Smart_Pixels/eric/model3_quantized_4w0i_hyperparameter_results_20260221_131507/hls_outputs/hls_model_trial_1/myproject_prj/solution1/.autopilot/db/myproject.pp.0.cpp:57951:5: note: FIX-IT applied suggested code changes
/home/youeric/PixelML/SmartpixReal/Muon_Collider_Smart_Pixels/eric/model3_quantized_4w0i_hyperparameter_results_20260221_131507/hls_outputs/hls_model_trial_1/myproject_prj/solution1/.autopilot/db/myproject.pp.0.cpp:57968:5: warning: Added loop label VITIS_LOOP_519_1:   [xilinx-label-all-loops]
    for (int ii = 0; ii < N_TABLE; ii++) {
    ^~~
    VITIS_LOOP_519_1: 
/home/youeric/PixelML/SmartpixReal/Muon_Collider_Smart_Pixels/eric/model3_quantized_4w0i_hyperparameter_results_20260221_131507/hls_outputs/hls_model_trial_1/myproject_prj/solution1/.autopilot/db/myproject.pp.0.cpp:57968:5: note: FIX-IT applied suggested code changes
/home/youeric/PixelML/SmartpixReal/Muon_Collider_Smart_Pixels/eric/model3_quantized_4w0i_hyperparameter_results_20260221_131507/hls_outputs/hls_model_trial_1/myproject_prj/solution1/.autopilot/db/myproject.pp.0.cpp:57998:5: warning: Added loop label VITIS_LOOP_549_1:   [xilinx-label-all-loops]
    for (int ii = 0; ii < CONFIG_T::n_in; ii++) {
    ^~~
    VITIS_LOOP_549_1: 
/home/youeric/PixelML/SmartpixReal/Muon_Collider_Smart_Pixels/eric/model3_quantized_4w0i_hyperparameter_results_20260221_131507/hls_outputs/hls_model_trial_1/myproject_prj/solution1/.autopilot/db/myproject.pp.0.cpp:57998:5: note: FIX-IT applied suggested code changes
/home/youeric/PixelML/SmartpixReal/Muon_Collider_Smart_Pixels/eric/model3_quantized_4w0i_hyperparameter_results_20260221_131507/hls_outputs/hls_model_trial_1/myproject_prj/solution1/.autopilot/db/myproject.pp.0.cpp:58017:5: warning: Added loop label VITIS_LOOP_568_1:   [xilinx-label-all-loops]
    for (int ii = 0; ii < N_TABLE; ii++) {
    ^~~
    VITIS_LOOP_568_1: 
/home/youeric/PixelML/SmartpixReal/Muon_Collider_Smart_Pixels/eric/model3_quantized_4w0i_hyperparameter_results_20260221_131507/hls_outputs/hls_model_trial_1/myproject_prj/solution1/.autopilot/db/myproject.pp.0.cpp:58017:5: note: FIX-IT applied suggested code changes
/home/youeric/PixelML/SmartpixReal/Muon_Collider_Smart_Pixels/eric/model3_quantized_4w0i_hyperparameter_results_20260221_131507/hls_outputs/hls_model_trial_1/myproject_prj/solution1/.autopilot/db/myproject.pp.0.cpp:58047:5: warning: Added loop label VITIS_LOOP_598_1:   [xilinx-label-all-loops]
    for (int ii = 0; ii < CONFIG_T::n_in; ii++) {
    ^~~
    VITIS_LOOP_598_1: 
/home/youeric/PixelML/SmartpixReal/Muon_Collider_Smart_Pixels/eric/model3_quantized_4w0i_hyperparameter_results_20260221_131507/hls_outputs/hls_model_trial_1/myproject_prj/solution1/.autopilot/db/myproject.pp.0.cpp:58047:5: note: FIX-IT applied suggested code changes
/home/youeric/PixelML/SmartpixReal/Muon_Collider_Smart_Pixels/eric/model3_quantized_4w0i_hyperparameter_results_20260221_131507/hls_outputs/hls_model_trial_1/myproject_prj/solution1/.autopilot/db/myproject.pp.0.cpp:58066:5: warning: Added loop label VITIS_LOOP_617_1:   [xilinx-label-all-loops]
    for (int ii = 0; ii < N_TABLE; ii++) {
    ^~~
    VITIS_LOOP_617_1: 
/home/youeric/PixelML/SmartpixReal/Muon_Collider_Smart_Pixels/eric/model3_quantized_4w0i_hyperparameter_results_20260221_131507/hls_outputs/hls_model_trial_1/myproject_prj/solution1/.autopilot/db/myproject.pp.0.cpp:58066:5: note: FIX-IT applied suggested code changes
/home/youeric/PixelML/SmartpixReal/Muon_Collider_Smart_Pixels/eric/model3_quantized_4w0i_hyperparameter_results_20260221_131507/hls_outputs/hls_model_trial_1/myproject_prj/solution1/.autopilot/db/myproject.pp.0.cpp:58096:5: warning: Added loop label VITIS_LOOP_647_1:   [xilinx-label-all-loops]
    for (int ii = 0; ii < CONFIG_T::n_in; ii++) {
    ^~~
    VITIS_LOOP_647_1: 
/home/youeric/PixelML/SmartpixReal/Muon_Collider_Smart_Pixels/eric/model3_quantized_4w0i_hyperparameter_results_20260221_131507/hls_outputs/hls_model_trial_1/myproject_prj/solution1/.autopilot/db/myproject.pp.0.cpp:58096:5: note: FIX-IT applied suggested code changes
/home/youeric/PixelML/SmartpixReal/Muon_Collider_Smart_Pixels/eric/model3_quantized_4w0i_hyperparameter_results_20260221_131507/hls_outputs/hls_model_trial_1/myproject_prj/solution1/.autopilot/db/myproject.pp.0.cpp:58123:5: warning: Added loop label VITIS_LOOP_674_1:   [xilinx-label-all-loops]
    for (int ii = 0; ii < N_TABLE; ii++) {
    ^~~
    VITIS_LOOP_674_1: 
/home/youeric/PixelML/SmartpixReal/Muon_Collider_Smart_Pixels/eric/model3_quantized_4w0i_hyperparameter_results_20260221_131507/hls_outputs/hls_model_trial_1/myproject_prj/solution1/.autopilot/db/myproject.pp.0.cpp:58123:5: note: FIX-IT applied suggested code changes
/home/youeric/PixelML/SmartpixReal/Muon_Collider_Smart_Pixels/eric/model3_quantized_4w0i_hyperparameter_results_20260221_131507/hls_outputs/hls_model_trial_1/myproject_prj/solution1/.autopilot/db/myproject.pp.0.cpp:58152:5: warning: Added loop label VITIS_LOOP_703_1:   [xilinx-label-all-loops]
    for (int ii = 0; ii < CONFIG_T::n_in; ii++) {
    ^~~
    VITIS_LOOP_703_1: 
/home/youeric/PixelML/SmartpixReal/Muon_Collider_Smart_Pixels/eric/model3_quantized_4w0i_hyperparameter_results_20260221_131507/hls_outputs/hls_model_trial_1/myproject_prj/solution1/.autopilot/db/myproject.pp.0.cpp:58152:5: note: FIX-IT applied suggested code changes
/home/youeric/PixelML/SmartpixReal/Muon_Collider_Smart_Pixels/eric/model3_quantized_4w0i_hyperparameter_results_20260221_131507/hls_outputs/hls_model_trial_1/myproject_prj/solution1/.autopilot/db/myproject.pp.0.cpp:58173:5: warning: Added loop label VITIS_LOOP_724_1:   [xilinx-label-all-loops]
    for (int ii = 0; ii < CONFIG_T::n_in; ii++) {
    ^~~
    VITIS_LOOP_724_1: 
/home/youeric/PixelML/SmartpixReal/Muon_Collider_Smart_Pixels/eric/model3_quantized_4w0i_hyperparameter_results_20260221_131507/hls_outputs/hls_model_trial_1/myproject_prj/solution1/.autopilot/db/myproject.pp.0.cpp:58173:5: note: FIX-IT applied suggested code changes
/home/youeric/PixelML/SmartpixReal/Muon_Collider_Smart_Pixels/eric/model3_quantized_4w0i_hyperparameter_results_20260221_131507/hls_outputs/hls_model_trial_1/myproject_prj/solution1/.autopilot/db/myproject.pp.0.cpp:58191:5: warning: Added loop label VITIS_LOOP_742_1:   [xilinx-label-all-loops]
    for (int ii = 0; ii < CONFIG_T::n_in; ii++) {
    ^~~
    VITIS_LOOP_742_1: 
/home/youeric/PixelML/SmartpixReal/Muon_Collider_Smart_Pixels/eric/model3_quantized_4w0i_hyperparameter_results_20260221_131507/hls_outputs/hls_model_trial_1/myproject_prj/solution1/.autopilot/db/myproject.pp.0.cpp:58191:5: note: FIX-IT applied suggested code changes
/home/youeric/PixelML/SmartpixReal/Muon_Collider_Smart_Pixels/eric/model3_quantized_4w0i_hyperparameter_results_20260221_131507/hls_outputs/hls_model_trial_1/myproject_prj/solution1/.autopilot/db/myproject.pp.0.cpp:58211:5: warning: Added loop label VITIS_LOOP_762_1:   [xilinx-label-all-loops]
    for (int ii = 0; ii < CONFIG_T::n_in; ii++) {
    ^~~
    VITIS_LOOP_762_1: 
/home/youeric/PixelML/SmartpixReal/Muon_Collider_Smart_Pixels/eric/model3_quantized_4w0i_hyperparameter_results_20260221_131507/hls_outputs/hls_model_trial_1/myproject_prj/solution1/.autopilot/db/myproject.pp.0.cpp:58211:5: note: FIX-IT applied suggested code changes
/home/youeric/PixelML/SmartpixReal/Muon_Collider_Smart_Pixels/eric/model3_quantized_4w0i_hyperparameter_results_20260221_131507/hls_outputs/hls_model_trial_1/myproject_prj/solution1/.autopilot/db/myproject.pp.0.cpp:58307:9: warning: Added loop label VITIS_LOOP_73_1:   [xilinx-label-all-loops]
        for (int i = 0; i < N / data_T::size; i++) {
        ^~~
        VITIS_LOOP_73_1: 
/home/youeric/PixelML/SmartpixReal/Muon_Collider_Smart_Pixels/eric/model3_quantized_4w0i_hyperparameter_results_20260221_131507/hls_outputs/hls_model_trial_1/myproject_prj/solution1/.autopilot/db/myproject.pp.0.cpp:58307:9: note: FIX-IT applied suggested code changes
/home/youeric/PixelML/SmartpixReal/Muon_Collider_Smart_Pixels/eric/model3_quantized_4w0i_hyperparameter_results_20260221_131507/hls_outputs/hls_model_trial_1/myproject_prj/solution1/.autopilot/db/myproject.pp.0.cpp:58314:13: warning: Added loop label VITIS_LOOP_80_2:   [xilinx-label-all-loops]
            for (int j = 0; j < data_T::size; j++) {
            ^~~
            VITIS_LOOP_80_2: 
/home/youeric/PixelML/SmartpixReal/Muon_Collider_Smart_Pixels/eric/model3_quantized_4w0i_hyperparameter_results_20260221_131507/hls_outputs/hls_model_trial_1/myproject_prj/solution1/.autopilot/db/myproject.pp.0.cpp:58314:13: note: FIX-IT applied suggested code changes
/home/youeric/PixelML/SmartpixReal/Muon_Collider_Smart_Pixels/eric/model3_quantized_4w0i_hyperparameter_results_20260221_131507/hls_outputs/hls_model_trial_1/myproject_prj/solution1/.autopilot/db/myproject.pp.0.cpp:58323:9: warning: Added loop label VITIS_LOOP_89_3:   [xilinx-label-all-loops]
        for (int i = 0; i < N / data_T::size; i++) {
        ^~~
        VITIS_LOOP_89_3: 
/home/youeric/PixelML/SmartpixReal/Muon_Collider_Smart_Pixels/eric/model3_quantized_4w0i_hyperparameter_results_20260221_131507/hls_outputs/hls_model_trial_1/myproject_prj/solution1/.autopilot/db/myproject.pp.0.cpp:58323:9: note: FIX-IT applied suggested code changes
/home/youeric/PixelML/SmartpixReal/Muon_Collider_Smart_Pixels/eric/model3_quantized_4w0i_hyperparameter_results_20260221_131507/hls_outputs/hls_model_trial_1/myproject_prj/solution1/.autopilot/db/myproject.pp.0.cpp:58332:13: warning: Added loop label VITIS_LOOP_98_4:   [xilinx-label-all-loops]
            for (int j = 0; j < pack_diff; j++) {
            ^~~
            VITIS_LOOP_98_4: 
/home/youeric/PixelML/SmartpixReal/Muon_Collider_Smart_Pixels/eric/model3_quantized_4w0i_hyperparameter_results_20260221_131507/hls_outputs/hls_model_trial_1/myproject_prj/solution1/.autopilot/db/myproject.pp.0.cpp:58332:13: note: FIX-IT applied suggested code changes
/home/youeric/PixelML/SmartpixReal/Muon_Collider_Smart_Pixels/eric/model3_quantized_4w0i_hyperparameter_results_20260221_131507/hls_outputs/hls_model_trial_1/myproject_prj/solution1/.autopilot/db/myproject.pp.0.cpp:58336:17: warning: Added loop label VITIS_LOOP_102_5:   [xilinx-label-all-loops]
                for (int k = 0; k < res_T::size; k++) {
                ^~~
                VITIS_LOOP_102_5: 
/home/youeric/PixelML/SmartpixReal/Muon_Collider_Smart_Pixels/eric/model3_quantized_4w0i_hyperparameter_results_20260221_131507/hls_outputs/hls_model_trial_1/myproject_prj/solution1/.autopilot/db/myproject.pp.0.cpp:58336:17: note: FIX-IT applied suggested code changes
/home/youeric/PixelML/SmartpixReal/Muon_Collider_Smart_Pixels/eric/model3_quantized_4w0i_hyperparameter_results_20260221_131507/hls_outputs/hls_model_trial_1/myproject_prj/solution1/.autopilot/db/myproject.pp.0.cpp:58347:9: warning: Added loop label VITIS_LOOP_113_6:   [xilinx-label-all-loops]
        for (int i = 0; i < N / data_T::size; i++) {
        ^~~
        VITIS_LOOP_113_6: 
/home/youeric/PixelML/SmartpixReal/Muon_Collider_Smart_Pixels/eric/model3_quantized_4w0i_hyperparameter_results_20260221_131507/hls_outputs/hls_model_trial_1/myproject_prj/solution1/.autopilot/db/myproject.pp.0.cpp:58347:9: note: FIX-IT applied suggested code changes
/home/youeric/PixelML/SmartpixReal/Muon_Collider_Smart_Pixels/eric/model3_quantized_4w0i_hyperparameter_results_20260221_131507/hls_outputs/hls_model_trial_1/myproject_prj/solution1/.autopilot/db/myproject.pp.0.cpp:58351:13: warning: Added loop label VITIS_LOOP_117_7:   [xilinx-label-all-loops]
            for (int j = 0; j < data_T::size; j++) {
            ^~~
            VITIS_LOOP_117_7: 
/home/youeric/PixelML/SmartpixReal/Muon_Collider_Smart_Pixels/eric/model3_quantized_4w0i_hyperparameter_results_20260221_131507/hls_outputs/hls_model_trial_1/myproject_prj/solution1/.autopilot/db/myproject.pp.0.cpp:58351:13: note: FIX-IT applied suggested code changes
/home/youeric/PixelML/SmartpixReal/Muon_Collider_Smart_Pixels/eric/model3_quantized_4w0i_hyperparameter_results_20260221_131507/hls_outputs/hls_model_trial_1/myproject_prj/solution1/.autopilot/db/myproject.pp.0.cpp:58375:9: warning: Added loop label VITIS_LOOP_141_1:   [xilinx-label-all-loops]
        for (int j = 0; j < n_dupl; j++) {
        ^~~
        VITIS_LOOP_141_1: 
/home/youeric/PixelML/SmartpixReal/Muon_Collider_Smart_Pixels/eric/model3_quantized_4w0i_hyperparameter_results_20260221_131507/hls_outputs/hls_model_trial_1/myproject_prj/solution1/.autopilot/db/myproject.pp.0.cpp:58375:9: note: FIX-IT applied suggested code changes
/home/youeric/PixelML/SmartpixReal/Muon_Collider_Smart_Pixels/eric/model3_quantized_4w0i_hyperparameter_results_20260221_131507/hls_outputs/hls_model_trial_1/myproject_prj/solution1/.autopilot/db/myproject.pp.0.cpp:58379:13: warning: Added loop label VITIS_LOOP_145_2:   [xilinx-label-all-loops]
            for (int k = 0; k < res_T::size; k++) {
            ^~~
            VITIS_LOOP_145_2: 
/home/youeric/PixelML/SmartpixReal/Muon_Collider_Smart_Pixels/eric/model3_quantized_4w0i_hyperparameter_results_20260221_131507/hls_outputs/hls_model_trial_1/myproject_prj/solution1/.autopilot/db/myproject.pp.0.cpp:58379:13: note: FIX-IT applied suggested code changes
/home/youeric/PixelML/SmartpixReal/Muon_Collider_Smart_Pixels/eric/model3_quantized_4w0i_hyperparameter_results_20260221_131507/hls_outputs/hls_model_trial_1/myproject_prj/solution1/.autopilot/db/myproject.pp.0.cpp:58398:9: warning: Added loop label VITIS_LOOP_164_1:   [xilinx-label-all-loops]
        for (int k = 0; k < res_T::size; k++) {
        ^~~
        VITIS_LOOP_164_1: 
/home/youeric/PixelML/SmartpixReal/Muon_Collider_Smart_Pixels/eric/model3_quantized_4w0i_hyperparameter_results_20260221_131507/hls_outputs/hls_model_trial_1/myproject_prj/solution1/.autopilot/db/myproject.pp.0.cpp:58398:9: note: FIX-IT applied suggested code changes
/home/youeric/PixelML/SmartpixReal/Muon_Collider_Smart_Pixels/eric/model3_quantized_4w0i_hyperparameter_results_20260221_131507/hls_outputs/hls_model_trial_1/myproject_prj/solution1/.autopilot/db/myproject.pp.0.cpp:58421:2: warning: Added loop label VITIS_LOOP_187_1:   [xilinx-label-all-loops]
 for (int i = 0; i < CONFIG_T::height * CONFIG_T::width / data_T::size; i++) {
 ^~~
 VITIS_LOOP_187_1: 
/home/youeric/PixelML/SmartpixReal/Muon_Collider_Smart_Pixels/eric/model3_quantized_4w0i_hyperparameter_results_20260221_131507/hls_outputs/hls_model_trial_1/myproject_prj/solution1/.autopilot/db/myproject.pp.0.cpp:58421:2: note: FIX-IT applied suggested code changes
/home/youeric/PixelML/SmartpixReal/Muon_Collider_Smart_Pixels/eric/model3_quantized_4w0i_hyperparameter_results_20260221_131507/hls_outputs/hls_model_trial_1/myproject_prj/solution1/.autopilot/db/myproject.pp.0.cpp:58424:9: warning: Added loop label VITIS_LOOP_190_2:   [xilinx-label-all-loops]
        for (int j = 0; j < data_T::size; j++) {
        ^~~
        VITIS_LOOP_190_2: 
/home/youeric/PixelML/SmartpixReal/Muon_Collider_Smart_Pixels/eric/model3_quantized_4w0i_hyperparameter_results_20260221_131507/hls_outputs/hls_model_trial_1/myproject_prj/solution1/.autopilot/db/myproject.pp.0.cpp:58424:9: note: FIX-IT applied suggested code changes
/home/youeric/PixelML/SmartpixReal/Muon_Collider_Smart_Pixels/eric/model3_quantized_4w0i_hyperparameter_results_20260221_131507/hls_outputs/hls_model_trial_1/myproject_prj/solution1/.autopilot/db/myproject.pp.0.cpp:58429:5: warning: Added loop label VITIS_LOOP_195_3:   [xilinx-label-all-loops]
    for (int i = 0; i < CONFIG_T::height * CONFIG_T::width / res_T::size; i++) {
    ^~~
    VITIS_LOOP_195_3: 
/home/youeric/PixelML/SmartpixReal/Muon_Collider_Smart_Pixels/eric/model3_quantized_4w0i_hyperparameter_results_20260221_131507/hls_outputs/hls_model_trial_1/myproject_prj/solution1/.autopilot/db/myproject.pp.0.cpp:58429:5: note: FIX-IT applied suggested code changes
/home/youeric/PixelML/SmartpixReal/Muon_Collider_Smart_Pixels/eric/model3_quantized_4w0i_hyperparameter_results_20260221_131507/hls_outputs/hls_model_trial_1/myproject_prj/solution1/.autopilot/db/myproject.pp.0.cpp:58433:9: warning: Added loop label VITIS_LOOP_199_4:   [xilinx-label-all-loops]
        for (int j = 0; j < res_T::size; j++) {
        ^~~
        VITIS_LOOP_199_4: 
/home/youeric/PixelML/SmartpixReal/Muon_Collider_Smart_Pixels/eric/model3_quantized_4w0i_hyperparameter_results_20260221_131507/hls_outputs/hls_model_trial_1/myproject_prj/solution1/.autopilot/db/myproject.pp.0.cpp:58433:9: note: FIX-IT applied suggested code changes
/home/youeric/PixelML/SmartpixReal/Muon_Collider_Smart_Pixels/eric/model3_quantized_4w0i_hyperparameter_results_20260221_131507/hls_outputs/hls_model_trial_1/myproject_prj/solution1/.autopilot/db/myproject.pp.0.cpp:58647:9: warning: Added loop label VITIS_LOOP_213_1:   [xilinx-label-all-loops]
        for (unsigned j = 0; j < data_T::size; j++) {
        ^~~
        VITIS_LOOP_213_1: 
/home/youeric/PixelML/SmartpixReal/Muon_Collider_Smart_Pixels/eric/model3_quantized_4w0i_hyperparameter_results_20260221_131507/hls_outputs/hls_model_trial_1/myproject_prj/solution1/.autopilot/db/myproject.pp.0.cpp:58647:9: note: FIX-IT applied suggested code changes
/home/youeric/PixelML/SmartpixReal/Muon_Collider_Smart_Pixels/eric/model3_quantized_4w0i_hyperparameter_results_20260221_131507/hls_outputs/hls_model_trial_1/myproject_prj/solution1/.autopilot/db/myproject.pp.0.cpp:58656:9: warning: Added loop label VITIS_LOOP_222_2:   [xilinx-label-all-loops]
        for (unsigned j = 0; j < data_T::size; j++) {
        ^~~
        VITIS_LOOP_222_2: 
/home/youeric/PixelML/SmartpixReal/Muon_Collider_Smart_Pixels/eric/model3_quantized_4w0i_hyperparameter_results_20260221_131507/hls_outputs/hls_model_trial_1/myproject_prj/solution1/.autopilot/db/myproject.pp.0.cpp:58656:9: note: FIX-IT applied suggested code changes
/home/youeric/PixelML/SmartpixReal/Muon_Collider_Smart_Pixels/eric/model3_quantized_4w0i_hyperparameter_results_20260221_131507/hls_outputs/hls_model_trial_1/myproject_prj/solution1/.autopilot/db/myproject.pp.0.cpp:58762:5: warning: Added loop label VITIS_LOOP_328_1:   [xilinx-label-all-loops]
    for (int i = 0; i < CONFIG_T::n_in / res_T::size; i++) {
    ^~~
    VITIS_LOOP_328_1: 
/home/youeric/PixelML/SmartpixReal/Muon_Collider_Smart_Pixels/eric/model3_quantized_4w0i_hyperparameter_results_20260221_131507/hls_outputs/hls_model_trial_1/myproject_prj/solution1/.autopilot/db/myproject.pp.0.cpp:58762:5: note: FIX-IT applied suggested code changes
/home/youeric/PixelML/SmartpixReal/Muon_Collider_Smart_Pixels/eric/model3_quantized_4w0i_hyperparameter_results_20260221_131507/hls_outputs/hls_model_trial_1/myproject_prj/solution1/.autopilot/db/myproject.pp.0.cpp:58767:9: warning: Added loop label VITIS_LOOP_333_2:   [xilinx-label-all-loops]
        for (int i = 0; i < res_T::size; i++) {
        ^~~
        VITIS_LOOP_333_2: 
/home/youeric/PixelML/SmartpixReal/Muon_Collider_Smart_Pixels/eric/model3_quantized_4w0i_hyperparameter_results_20260221_131507/hls_outputs/hls_model_trial_1/myproject_prj/solution1/.autopilot/db/myproject.pp.0.cpp:58767:9: note: FIX-IT applied suggested code changes
/home/youeric/PixelML/SmartpixReal/Muon_Collider_Smart_Pixels/eric/model3_quantized_4w0i_hyperparameter_results_20260221_131507/hls_outputs/hls_model_trial_1/myproject_prj/solution1/.autopilot/db/myproject.pp.0.cpp:58775:9: warning: Added loop label VITIS_LOOP_341_3:   [xilinx-label-all-loops]
        for (int i = 1; i < res_T::size; i++) {
        ^~~
        VITIS_LOOP_341_3: 
/home/youeric/PixelML/SmartpixReal/Muon_Collider_Smart_Pixels/eric/model3_quantized_4w0i_hyperparameter_results_20260221_131507/hls_outputs/hls_model_trial_1/myproject_prj/solution1/.autopilot/db/myproject.pp.0.cpp:58775:9: note: FIX-IT applied suggested code changes
/home/youeric/PixelML/SmartpixReal/Muon_Collider_Smart_Pixels/eric/model3_quantized_4w0i_hyperparameter_results_20260221_131507/hls_outputs/hls_model_trial_1/myproject_prj/solution1/.autopilot/db/myproject.pp.0.cpp:60027:9: warning: Added loop label VITIS_LOOP_64_1:   [xilinx-label-all-loops]
        for (unsigned i = 0; i < __SHIFT_DEPTH__; ++i)
        ^~~
        VITIS_LOOP_64_1: 
/home/youeric/PixelML/SmartpixReal/Muon_Collider_Smart_Pixels/eric/model3_quantized_4w0i_hyperparameter_results_20260221_131507/hls_outputs/hls_model_trial_1/myproject_prj/solution1/.autopilot/db/myproject.pp.0.cpp:60027:9: note: FIX-IT applied suggested code changes
/home/youeric/PixelML/SmartpixReal/Muon_Collider_Smart_Pixels/eric/model3_quantized_4w0i_hyperparameter_results_20260221_131507/hls_outputs/hls_model_trial_1/myproject_prj/solution1/.autopilot/db/myproject.pp.0.cpp:60034:9: warning: Added loop label VITIS_LOOP_71_1:   [xilinx-label-all-loops]
        for (unsigned i = 0; i < __SHIFT_DEPTH__; ++i)
        ^~~
        VITIS_LOOP_71_1: 
/home/youeric/PixelML/SmartpixReal/Muon_Collider_Smart_Pixels/eric/model3_quantized_4w0i_hyperparameter_results_20260221_131507/hls_outputs/hls_model_trial_1/myproject_prj/solution1/.autopilot/db/myproject.pp.0.cpp:60034:9: note: FIX-IT applied suggested code changes
/home/youeric/PixelML/SmartpixReal/Muon_Collider_Smart_Pixels/eric/model3_quantized_4w0i_hyperparameter_results_20260221_131507/hls_outputs/hls_model_trial_1/myproject_prj/solution1/.autopilot/db/myproject.pp.0.cpp:60562:5: warning: Added loop label VITIS_LOOP_14_1:   [xilinx-label-all-loops]
    for (unsigned k = 0; k < CONFIG_T::n_out; k++) {
    ^~~
    VITIS_LOOP_14_1: 
/home/youeric/PixelML/SmartpixReal/Muon_Collider_Smart_Pixels/eric/model3_quantized_4w0i_hyperparameter_results_20260221_131507/hls_outputs/hls_model_trial_1/myproject_prj/solution1/.autopilot/db/myproject.pp.0.cpp:60562:5: note: FIX-IT applied suggested code changes
/home/youeric/PixelML/SmartpixReal/Muon_Collider_Smart_Pixels/eric/model3_quantized_4w0i_hyperparameter_results_20260221_131507/hls_outputs/hls_model_trial_1/myproject_prj/solution1/.autopilot/db/myproject.pp.0.cpp:60622:9: warning: Added loop label VITIS_LOOP_74_1:   [xilinx-label-all-loops]
        for (int im = 0; im < CONFIG_T::n_out; im++) {
        ^~~
        VITIS_LOOP_74_1: 
/home/youeric/PixelML/SmartpixReal/Muon_Collider_Smart_Pixels/eric/model3_quantized_4w0i_hyperparameter_results_20260221_131507/hls_outputs/hls_model_trial_1/myproject_prj/solution1/.autopilot/db/myproject.pp.0.cpp:60622:9: note: FIX-IT applied suggested code changes
/home/youeric/PixelML/SmartpixReal/Muon_Collider_Smart_Pixels/eric/model3_quantized_4w0i_hyperparameter_results_20260221_131507/hls_outputs/hls_model_trial_1/myproject_prj/solution1/.autopilot/db/myproject.pp.0.cpp:60806:2: warning: Added loop label VITIS_LOOP_39_1:   [xilinx-label-all-loops]
 for (int ii = 0; ii < CONFIG_T::n_elem; ii++) {
 ^~~
 VITIS_LOOP_39_1: 
/home/youeric/PixelML/SmartpixReal/Muon_Collider_Smart_Pixels/eric/model3_quantized_4w0i_hyperparameter_results_20260221_131507/hls_outputs/hls_model_trial_1/myproject_prj/solution1/.autopilot/db/myproject.pp.0.cpp:60806:2: note: FIX-IT applied suggested code changes
/home/youeric/PixelML/SmartpixReal/Muon_Collider_Smart_Pixels/eric/model3_quantized_4w0i_hyperparameter_results_20260221_131507/hls_outputs/hls_model_trial_1/myproject_prj/solution1/.autopilot/db/myproject.pp.0.cpp:60815:2: warning: Added loop label VITIS_LOOP_48_1:   [xilinx-label-all-loops]
 for (int ii = 0; ii < CONFIG_T::n_elem; ii++) {
 ^~~
 VITIS_LOOP_48_1: 
/home/youeric/PixelML/SmartpixReal/Muon_Collider_Smart_Pixels/eric/model3_quantized_4w0i_hyperparameter_results_20260221_131507/hls_outputs/hls_model_trial_1/myproject_prj/solution1/.autopilot/db/myproject.pp.0.cpp:60815:2: note: FIX-IT applied suggested code changes
/home/youeric/PixelML/SmartpixReal/Muon_Collider_Smart_Pixels/eric/model3_quantized_4w0i_hyperparameter_results_20260221_131507/hls_outputs/hls_model_trial_1/myproject_prj/solution1/.autopilot/db/myproject.pp.0.cpp:60824:2: warning: Added loop label VITIS_LOOP_57_1:   [xilinx-label-all-loops]
 for (int ii = 0; ii < CONFIG_T::n_elem; ii++) {
 ^~~
 VITIS_LOOP_57_1: 
/home/youeric/PixelML/SmartpixReal/Muon_Collider_Smart_Pixels/eric/model3_quantized_4w0i_hyperparameter_results_20260221_131507/hls_outputs/hls_model_trial_1/myproject_prj/solution1/.autopilot/db/myproject.pp.0.cpp:60824:2: note: FIX-IT applied suggested code changes
/home/youeric/PixelML/SmartpixReal/Muon_Collider_Smart_Pixels/eric/model3_quantized_4w0i_hyperparameter_results_20260221_131507/hls_outputs/hls_model_trial_1/myproject_prj/solution1/.autopilot/db/myproject.pp.0.cpp:60833:2: warning: Added loop label VITIS_LOOP_66_1:   [xilinx-label-all-loops]
 for (int ii = 0; ii < CONFIG_T::n_elem; ii++) {
 ^~~
 VITIS_LOOP_66_1: 
/home/youeric/PixelML/SmartpixReal/Muon_Collider_Smart_Pixels/eric/model3_quantized_4w0i_hyperparameter_results_20260221_131507/hls_outputs/hls_model_trial_1/myproject_prj/solution1/.autopilot/db/myproject.pp.0.cpp:60833:2: note: FIX-IT applied suggested code changes
/home/youeric/PixelML/SmartpixReal/Muon_Collider_Smart_Pixels/eric/model3_quantized_4w0i_hyperparameter_results_20260221_131507/hls_outputs/hls_model_trial_1/myproject_prj/solution1/.autopilot/db/myproject.pp.0.cpp:60842:2: warning: Added loop label VITIS_LOOP_75_1:   [xilinx-label-all-loops]
 for (int ii = 0; ii < CONFIG_T::n_elem; ii++) {
 ^~~
 VITIS_LOOP_75_1: 
/home/youeric/PixelML/SmartpixReal/Muon_Collider_Smart_Pixels/eric/model3_quantized_4w0i_hyperparameter_results_20260221_131507/hls_outputs/hls_model_trial_1/myproject_prj/solution1/.autopilot/db/myproject.pp.0.cpp:60842:2: note: FIX-IT applied suggested code changes
/home/youeric/PixelML/SmartpixReal/Muon_Collider_Smart_Pixels/eric/model3_quantized_4w0i_hyperparameter_results_20260221_131507/hls_outputs/hls_model_trial_1/myproject_prj/solution1/.autopilot/db/myproject.pp.0.cpp:60851:2: warning: Added loop label VITIS_LOOP_84_1:   [xilinx-label-all-loops]
 for (int ii = 0; ii < CONFIG_T::n_elem; ii++) {
 ^~~
 VITIS_LOOP_84_1: 
/home/youeric/PixelML/SmartpixReal/Muon_Collider_Smart_Pixels/eric/model3_quantized_4w0i_hyperparameter_results_20260221_131507/hls_outputs/hls_model_trial_1/myproject_prj/solution1/.autopilot/db/myproject.pp.0.cpp:60851:2: note: FIX-IT applied suggested code changes
/home/youeric/PixelML/SmartpixReal/Muon_Collider_Smart_Pixels/eric/model3_quantized_4w0i_hyperparameter_results_20260221_131507/hls_outputs/hls_model_trial_1/myproject_prj/solution1/.autopilot/db/myproject.pp.0.cpp:60886:2: warning: Added loop label VITIS_LOOP_119_1:   [xilinx-label-all-loops]
 for (int ii = 0; ii < CONFIG_T::n_elem1_0; ii++) {
 ^~~
 VITIS_LOOP_119_1: 
/home/youeric/PixelML/SmartpixReal/Muon_Collider_Smart_Pixels/eric/model3_quantized_4w0i_hyperparameter_results_20260221_131507/hls_outputs/hls_model_trial_1/myproject_prj/solution1/.autopilot/db/myproject.pp.0.cpp:60886:2: note: FIX-IT applied suggested code changes
/home/youeric/PixelML/SmartpixReal/Muon_Collider_Smart_Pixels/eric/model3_quantized_4w0i_hyperparameter_results_20260221_131507/hls_outputs/hls_model_trial_1/myproject_prj/solution1/.autopilot/db/myproject.pp.0.cpp:60889:5: warning: Added loop label VITIS_LOOP_122_2:   [xilinx-label-all-loops]
    for (int ii = 0; ii < CONFIG_T::n_elem2_0; ii++) {
    ^~~
    VITIS_LOOP_122_2: 
/home/youeric/PixelML/SmartpixReal/Muon_Collider_Smart_Pixels/eric/model3_quantized_4w0i_hyperparameter_results_20260221_131507/hls_outputs/hls_model_trial_1/myproject_prj/solution1/.autopilot/db/myproject.pp.0.cpp:60889:5: note: FIX-IT applied suggested code changes
/home/youeric/PixelML/SmartpixReal/Muon_Collider_Smart_Pixels/eric/model3_quantized_4w0i_hyperparameter_results_20260221_131507/hls_outputs/hls_model_trial_1/myproject_prj/solution1/.autopilot/db/myproject.pp.0.cpp:60900:2: warning: Added loop label VITIS_LOOP_133_1:   [xilinx-label-all-loops]
 for (int ii = 0; ii < CONFIG_T::n_elem1_0 * CONFIG_T::n_elem1_1; ii++) {
 ^~~
 VITIS_LOOP_133_1: 
/home/youeric/PixelML/SmartpixReal/Muon_Collider_Smart_Pixels/eric/model3_quantized_4w0i_hyperparameter_results_20260221_131507/hls_outputs/hls_model_trial_1/myproject_prj/solution1/.autopilot/db/myproject.pp.0.cpp:60900:2: note: FIX-IT applied suggested code changes
/home/youeric/PixelML/SmartpixReal/Muon_Collider_Smart_Pixels/eric/model3_quantized_4w0i_hyperparameter_results_20260221_131507/hls_outputs/hls_model_trial_1/myproject_prj/solution1/.autopilot/db/myproject.pp.0.cpp:60903:5: warning: Added loop label VITIS_LOOP_136_2:   [xilinx-label-all-loops]
    for (int ii = 0; ii < CONFIG_T::n_elem2_0 * CONFIG_T::n_elem2_1; ii++) {
    ^~~
    VITIS_LOOP_136_2: 
/home/youeric/PixelML/SmartpixReal/Muon_Collider_Smart_Pixels/eric/model3_quantized_4w0i_hyperparameter_results_20260221_131507/hls_outputs/hls_model_trial_1/myproject_prj/solution1/.autopilot/db/myproject.pp.0.cpp:60903:5: note: FIX-IT applied suggested code changes
/home/youeric/PixelML/SmartpixReal/Muon_Collider_Smart_Pixels/eric/model3_quantized_4w0i_hyperparameter_results_20260221_131507/hls_outputs/hls_model_trial_1/myproject_prj/solution1/.autopilot/db/myproject.pp.0.cpp:60914:2: warning: Added loop label VITIS_LOOP_147_1:   [xilinx-label-all-loops]
 for (int ii = 0; ii < CONFIG_T::n_elem1_0; ii++) {
 ^~~
 VITIS_LOOP_147_1: 
/home/youeric/PixelML/SmartpixReal/Muon_Collider_Smart_Pixels/eric/model3_quantized_4w0i_hyperparameter_results_20260221_131507/hls_outputs/hls_model_trial_1/myproject_prj/solution1/.autopilot/db/myproject.pp.0.cpp:60914:2: note: FIX-IT applied suggested code changes
/home/youeric/PixelML/SmartpixReal/Muon_Collider_Smart_Pixels/eric/model3_quantized_4w0i_hyperparameter_results_20260221_131507/hls_outputs/hls_model_trial_1/myproject_prj/solution1/.autopilot/db/myproject.pp.0.cpp:60915:9: warning: Added loop label VITIS_LOOP_148_2:   [xilinx-label-all-loops]
        for (int jj = 0; jj < CONFIG_T::n_elem1_1; jj++) {
        ^~~
        VITIS_LOOP_148_2: 
/home/youeric/PixelML/SmartpixReal/Muon_Collider_Smart_Pixels/eric/model3_quantized_4w0i_hyperparameter_results_20260221_131507/hls_outputs/hls_model_trial_1/myproject_prj/solution1/.autopilot/db/myproject.pp.0.cpp:60915:9: note: FIX-IT applied suggested code changes
/home/youeric/PixelML/SmartpixReal/Muon_Collider_Smart_Pixels/eric/model3_quantized_4w0i_hyperparameter_results_20260221_131507/hls_outputs/hls_model_trial_1/myproject_prj/solution1/.autopilot/db/myproject.pp.0.cpp:60918:9: warning: Added loop label VITIS_LOOP_151_3:   [xilinx-label-all-loops]
        for (int jj = 0; jj < CONFIG_T::n_elem2_1; jj++) {
        ^~~
        VITIS_LOOP_151_3: 
/home/youeric/PixelML/SmartpixReal/Muon_Collider_Smart_Pixels/eric/model3_quantized_4w0i_hyperparameter_results_20260221_131507/hls_outputs/hls_model_trial_1/myproject_prj/solution1/.autopilot/db/myproject.pp.0.cpp:60918:9: note: FIX-IT applied suggested code changes
/home/youeric/PixelML/SmartpixReal/Muon_Collider_Smart_Pixels/eric/model3_quantized_4w0i_hyperparameter_results_20260221_131507/hls_outputs/hls_model_trial_1/myproject_prj/solution1/.autopilot/db/myproject.pp.0.cpp:60945:2: warning: Added loop label VITIS_LOOP_178_1:   [xilinx-label-all-loops]
 for (int ii = 0; ii < CONFIG_T::n_elem1_0 * CONFIG_T::n_elem1_1 * CONFIG_T::n_elem1_2; ii++) {
 ^~~
 VITIS_LOOP_178_1: 
/home/youeric/PixelML/SmartpixReal/Muon_Collider_Smart_Pixels/eric/model3_quantized_4w0i_hyperparameter_results_20260221_131507/hls_outputs/hls_model_trial_1/myproject_prj/solution1/.autopilot/db/myproject.pp.0.cpp:60945:2: note: FIX-IT applied suggested code changes
/home/youeric/PixelML/SmartpixReal/Muon_Collider_Smart_Pixels/eric/model3_quantized_4w0i_hyperparameter_results_20260221_131507/hls_outputs/hls_model_trial_1/myproject_prj/solution1/.autopilot/db/myproject.pp.0.cpp:60948:5: warning: Added loop label VITIS_LOOP_181_2:   [xilinx-label-all-loops]
    for (int ii = 0; ii < CONFIG_T::n_elem2_0 * CONFIG_T::n_elem2_1 * CONFIG_T::n_elem2_2; ii++) {
    ^~~
    VITIS_LOOP_181_2: 
/home/youeric/PixelML/SmartpixReal/Muon_Collider_Smart_Pixels/eric/model3_quantized_4w0i_hyperparameter_results_20260221_131507/hls_outputs/hls_model_trial_1/myproject_prj/solution1/.autopilot/db/myproject.pp.0.cpp:60948:5: note: FIX-IT applied suggested code changes
/home/youeric/PixelML/SmartpixReal/Muon_Collider_Smart_Pixels/eric/model3_quantized_4w0i_hyperparameter_results_20260221_131507/hls_outputs/hls_model_trial_1/myproject_prj/solution1/.autopilot/db/myproject.pp.0.cpp:60960:2: warning: Added loop label VITIS_LOOP_193_1:   [xilinx-label-all-loops]
 for (int ii = 0; ii < CONFIG_T::n_elem1_0; ii++) {
 ^~~
 VITIS_LOOP_193_1: 
/home/youeric/PixelML/SmartpixReal/Muon_Collider_Smart_Pixels/eric/model3_quantized_4w0i_hyperparameter_results_20260221_131507/hls_outputs/hls_model_trial_1/myproject_prj/solution1/.autopilot/db/myproject.pp.0.cpp:60960:2: note: FIX-IT applied suggested code changes
/home/youeric/PixelML/SmartpixReal/Muon_Collider_Smart_Pixels/eric/model3_quantized_4w0i_hyperparameter_results_20260221_131507/hls_outputs/hls_model_trial_1/myproject_prj/solution1/.autopilot/db/myproject.pp.0.cpp:60961:9: warning: Added loop label VITIS_LOOP_194_2:   [xilinx-label-all-loops]
        for (int jj = 0; jj < CONFIG_T::n_elem1_1; jj++) {
        ^~~
        VITIS_LOOP_194_2: 
/home/youeric/PixelML/SmartpixReal/Muon_Collider_Smart_Pixels/eric/model3_quantized_4w0i_hyperparameter_results_20260221_131507/hls_outputs/hls_model_trial_1/myproject_prj/solution1/.autopilot/db/myproject.pp.0.cpp:60961:9: note: FIX-IT applied suggested code changes
/home/youeric/PixelML/SmartpixReal/Muon_Collider_Smart_Pixels/eric/model3_quantized_4w0i_hyperparameter_results_20260221_131507/hls_outputs/hls_model_trial_1/myproject_prj/solution1/.autopilot/db/myproject.pp.0.cpp:60962:13: warning: Added loop label VITIS_LOOP_195_3:   [xilinx-label-all-loops]
            for (int kk = 0; kk < CONFIG_T::n_elem1_2; kk++) {
            ^~~
            VITIS_LOOP_195_3: 
/home/youeric/PixelML/SmartpixReal/Muon_Collider_Smart_Pixels/eric/model3_quantized_4w0i_hyperparameter_results_20260221_131507/hls_outputs/hls_model_trial_1/myproject_prj/solution1/.autopilot/db/myproject.pp.0.cpp:60962:13: note: FIX-IT applied suggested code changes
/home/youeric/PixelML/SmartpixReal/Muon_Collider_Smart_Pixels/eric/model3_quantized_4w0i_hyperparameter_results_20260221_131507/hls_outputs/hls_model_trial_1/myproject_prj/solution1/.autopilot/db/myproject.pp.0.cpp:60969:9: warning: Added loop label VITIS_LOOP_202_4:   [xilinx-label-all-loops]
        for (int jj = 0; jj < CONFIG_T::n_elem2_1; jj++) {
        ^~~
        VITIS_LOOP_202_4: 
/home/youeric/PixelML/SmartpixReal/Muon_Collider_Smart_Pixels/eric/model3_quantized_4w0i_hyperparameter_results_20260221_131507/hls_outputs/hls_model_trial_1/myproject_prj/solution1/.autopilot/db/myproject.pp.0.cpp:60969:9: note: FIX-IT applied suggested code changes
/home/youeric/PixelML/SmartpixReal/Muon_Collider_Smart_Pixels/eric/model3_quantized_4w0i_hyperparameter_results_20260221_131507/hls_outputs/hls_model_trial_1/myproject_prj/solution1/.autopilot/db/myproject.pp.0.cpp:60970:13: warning: Added loop label VITIS_LOOP_203_5:   [xilinx-label-all-loops]
            for (int kk = 0; kk < CONFIG_T::n_elem2_2; kk++) {
            ^~~
            VITIS_LOOP_203_5: 
/home/youeric/PixelML/SmartpixReal/Muon_Collider_Smart_Pixels/eric/model3_quantized_4w0i_hyperparameter_results_20260221_131507/hls_outputs/hls_model_trial_1/myproject_prj/solution1/.autopilot/db/myproject.pp.0.cpp:60970:13: note: FIX-IT applied suggested code changes
/home/youeric/PixelML/SmartpixReal/Muon_Collider_Smart_Pixels/eric/model3_quantized_4w0i_hyperparameter_results_20260221_131507/hls_outputs/hls_model_trial_1/myproject_prj/solution1/.autopilot/db/myproject.pp.0.cpp:60987:2: warning: Added loop label VITIS_LOOP_220_1:   [xilinx-label-all-loops]
 for (int ii = 0; ii < CONFIG_T::n_elem1_0; ii++) {
 ^~~
 VITIS_LOOP_220_1: 
/home/youeric/PixelML/SmartpixReal/Muon_Collider_Smart_Pixels/eric/model3_quantized_4w0i_hyperparameter_results_20260221_131507/hls_outputs/hls_model_trial_1/myproject_prj/solution1/.autopilot/db/myproject.pp.0.cpp:60987:2: note: FIX-IT applied suggested code changes
/home/youeric/PixelML/SmartpixReal/Muon_Collider_Smart_Pixels/eric/model3_quantized_4w0i_hyperparameter_results_20260221_131507/hls_outputs/hls_model_trial_1/myproject_prj/solution1/.autopilot/db/myproject.pp.0.cpp:60988:9: warning: Added loop label VITIS_LOOP_221_2:   [xilinx-label-all-loops]
        for (int jj = 0; jj < CONFIG_T::n_elem1_1; jj++) {
        ^~~
        VITIS_LOOP_221_2: 
/home/youeric/PixelML/SmartpixReal/Muon_Collider_Smart_Pixels/eric/model3_quantized_4w0i_hyperparameter_results_20260221_131507/hls_outputs/hls_model_trial_1/myproject_prj/solution1/.autopilot/db/myproject.pp.0.cpp:60988:9: note: FIX-IT applied suggested code changes
/home/youeric/PixelML/SmartpixReal/Muon_Collider_Smart_Pixels/eric/model3_quantized_4w0i_hyperparameter_results_20260221_131507/hls_outputs/hls_model_trial_1/myproject_prj/solution1/.autopilot/db/myproject.pp.0.cpp:60989:13: warning: Added loop label VITIS_LOOP_222_3:   [xilinx-label-all-loops]
            for (int kk = 0; kk < CONFIG_T::n_elem1_2; kk++) {
            ^~~
            VITIS_LOOP_222_3: 
/home/youeric/PixelML/SmartpixReal/Muon_Collider_Smart_Pixels/eric/model3_quantized_4w0i_hyperparameter_results_20260221_131507/hls_outputs/hls_model_trial_1/myproject_prj/solution1/.autopilot/db/myproject.pp.0.cpp:60989:13: note: FIX-IT applied suggested code changes
/home/youeric/PixelML/SmartpixReal/Muon_Collider_Smart_Pixels/eric/model3_quantized_4w0i_hyperparameter_results_20260221_131507/hls_outputs/hls_model_trial_1/myproject_prj/solution1/.autopilot/db/myproject.pp.0.cpp:60995:13: warning: Added loop label VITIS_LOOP_228_4:   [xilinx-label-all-loops]
            for (int kk = 0; kk < CONFIG_T::n_elem1_2; kk++) {
            ^~~
            VITIS_LOOP_228_4: 
/home/youeric/PixelML/SmartpixReal/Muon_Collider_Smart_Pixels/eric/model3_quantized_4w0i_hyperparameter_results_20260221_131507/hls_outputs/hls_model_trial_1/myproject_prj/solution1/.autopilot/db/myproject.pp.0.cpp:60995:13: note: FIX-IT applied suggested code changes
/home/youeric/PixelML/SmartpixReal/Muon_Collider_Smart_Pixels/eric/model3_quantized_4w0i_hyperparameter_results_20260221_131507/hls_outputs/hls_model_trial_1/myproject_prj/solution1/.autopilot/db/myproject.pp.0.cpp:61407:5: warning: Added loop label VITIS_LOOP_13_1:   [xilinx-label-all-loops]
    for (int i = 1; i < N; i++) {
    ^~~
    VITIS_LOOP_13_1: 
/home/youeric/PixelML/SmartpixReal/Muon_Collider_Smart_Pixels/eric/model3_quantized_4w0i_hyperparameter_results_20260221_131507/hls_outputs/hls_model_trial_1/myproject_prj/solution1/.autopilot/db/myproject.pp.0.cpp:61407:5: note: FIX-IT applied suggested code changes
/home/youeric/PixelML/SmartpixReal/Muon_Collider_Smart_Pixels/eric/model3_quantized_4w0i_hyperparameter_results_20260221_131507/hls_outputs/hls_model_trial_1/myproject_prj/solution1/.autopilot/db/myproject.pp.0.cpp:61416:5: warning: Added loop label VITIS_LOOP_22_1:   [xilinx-label-all-loops]
    for (int i = 0; i < N; i++) {
    ^~~
    VITIS_LOOP_22_1: 
/home/youeric/PixelML/SmartpixReal/Muon_Collider_Smart_Pixels/eric/model3_quantized_4w0i_hyperparameter_results_20260221_131507/hls_outputs/hls_model_trial_1/myproject_prj/solution1/.autopilot/db/myproject.pp.0.cpp:61416:5: note: FIX-IT applied suggested code changes
/home/youeric/PixelML/SmartpixReal/Muon_Collider_Smart_Pixels/eric/model3_quantized_4w0i_hyperparameter_results_20260221_131507/hls_outputs/hls_model_trial_1/myproject_prj/solution1/.autopilot/db/myproject.pp.0.cpp:61428:5: warning: Added loop label VITIS_LOOP_34_1:   [xilinx-label-all-loops]
    for (int i = 0; i < N; i++) {
    ^~~
    VITIS_LOOP_34_1: 
/home/youeric/PixelML/SmartpixReal/Muon_Collider_Smart_Pixels/eric/model3_quantized_4w0i_hyperparameter_results_20260221_131507/hls_outputs/hls_model_trial_1/myproject_prj/solution1/.autopilot/db/myproject.pp.0.cpp:61428:5: note: FIX-IT applied suggested code changes
/home/youeric/PixelML/SmartpixReal/Muon_Collider_Smart_Pixels/eric/model3_quantized_4w0i_hyperparameter_results_20260221_131507/hls_outputs/hls_model_trial_1/myproject_prj/solution1/.autopilot/db/myproject.pp.0.cpp:61440:5: warning: Added loop label VITIS_LOOP_46_1:   [xilinx-label-all-loops]
    for (int i = 0; i < N; i++) {
    ^~~
    VITIS_LOOP_46_1: 
/home/youeric/PixelML/SmartpixReal/Muon_Collider_Smart_Pixels/eric/model3_quantized_4w0i_hyperparameter_results_20260221_131507/hls_outputs/hls_model_trial_1/myproject_prj/solution1/.autopilot/db/myproject.pp.0.cpp:61440:5: note: FIX-IT applied suggested code changes
/home/youeric/PixelML/SmartpixReal/Muon_Collider_Smart_Pixels/eric/model3_quantized_4w0i_hyperparameter_results_20260221_131507/hls_outputs/hls_model_trial_1/myproject_prj/solution1/.autopilot/db/myproject.pp.0.cpp:61508:5: warning: Added loop label VITIS_LOOP_114_1:   [xilinx-label-all-loops]
    for (int ff = 0; ff < CONFIG_T::n_filt; ff++) {
    ^~~
    VITIS_LOOP_114_1: 
/home/youeric/PixelML/SmartpixReal/Muon_Collider_Smart_Pixels/eric/model3_quantized_4w0i_hyperparameter_results_20260221_131507/hls_outputs/hls_model_trial_1/myproject_prj/solution1/.autopilot/db/myproject.pp.0.cpp:61508:5: note: FIX-IT applied suggested code changes
/home/youeric/PixelML/SmartpixReal/Muon_Collider_Smart_Pixels/eric/model3_quantized_4w0i_hyperparameter_results_20260221_131507/hls_outputs/hls_model_trial_1/myproject_prj/solution1/.autopilot/db/myproject.pp.0.cpp:61510:9: warning: Added loop label VITIS_LOOP_116_2:   [xilinx-label-all-loops]
        for (int ii = 0; ii < padded_width; ii += CONFIG_T::stride_width) {
        ^~~
        VITIS_LOOP_116_2: 
/home/youeric/PixelML/SmartpixReal/Muon_Collider_Smart_Pixels/eric/model3_quantized_4w0i_hyperparameter_results_20260221_131507/hls_outputs/hls_model_trial_1/myproject_prj/solution1/.autopilot/db/myproject.pp.0.cpp:61510:9: note: FIX-IT applied suggested code changes
/home/youeric/PixelML/SmartpixReal/Muon_Collider_Smart_Pixels/eric/model3_quantized_4w0i_hyperparameter_results_20260221_131507/hls_outputs/hls_model_trial_1/myproject_prj/solution1/.autopilot/db/myproject.pp.0.cpp:61515:13: warning: Added loop label VITIS_LOOP_121_3:   [xilinx-label-all-loops]
            for (int jj = 0; jj < CONFIG_T::stride_width; jj++) {
            ^~~
            VITIS_LOOP_121_3: 
/home/youeric/PixelML/SmartpixReal/Muon_Collider_Smart_Pixels/eric/model3_quantized_4w0i_hyperparameter_results_20260221_131507/hls_outputs/hls_model_trial_1/myproject_prj/solution1/.autopilot/db/myproject.pp.0.cpp:61515:13: note: FIX-IT applied suggested code changes
/home/youeric/PixelML/SmartpixReal/Muon_Collider_Smart_Pixels/eric/model3_quantized_4w0i_hyperparameter_results_20260221_131507/hls_outputs/hls_model_trial_1/myproject_prj/solution1/.autopilot/db/myproject.pp.0.cpp:61549:2: warning: Added loop label VITIS_LOOP_155_1:   [xilinx-label-all-loops]
 for (int ff = 0; ff < CONFIG_T::n_filt; ff++) {
 ^~~
 VITIS_LOOP_155_1: 
/home/youeric/PixelML/SmartpixReal/Muon_Collider_Smart_Pixels/eric/model3_quantized_4w0i_hyperparameter_results_20260221_131507/hls_outputs/hls_model_trial_1/myproject_prj/solution1/.autopilot/db/myproject.pp.0.cpp:61549:2: note: FIX-IT applied suggested code changes
/home/youeric/PixelML/SmartpixReal/Muon_Collider_Smart_Pixels/eric/model3_quantized_4w0i_hyperparameter_results_20260221_131507/hls_outputs/hls_model_trial_1/myproject_prj/solution1/.autopilot/db/myproject.pp.0.cpp:61551:9: warning: Added loop label VITIS_LOOP_157_2:   [xilinx-label-all-loops]
        for (int jj = 0; jj < CONFIG_T::n_in; jj++) {
        ^~~
        VITIS_LOOP_157_2: 
/home/youeric/PixelML/SmartpixReal/Muon_Collider_Smart_Pixels/eric/model3_quantized_4w0i_hyperparameter_results_20260221_131507/hls_outputs/hls_model_trial_1/myproject_prj/solution1/.autopilot/db/myproject.pp.0.cpp:61551:9: note: FIX-IT applied suggested code changes
/home/youeric/PixelML/SmartpixReal/Muon_Collider_Smart_Pixels/eric/model3_quantized_4w0i_hyperparameter_results_20260221_131507/hls_outputs/hls_model_trial_1/myproject_prj/solution1/.autopilot/db/myproject.pp.0.cpp:61605:5: warning: Added loop label VITIS_LOOP_211_1:   [xilinx-label-all-loops]
    for (int ff = 0; ff < CONFIG_T::n_filt; ff++) {
    ^~~
    VITIS_LOOP_211_1: 
/home/youeric/PixelML/SmartpixReal/Muon_Collider_Smart_Pixels/eric/model3_quantized_4w0i_hyperparameter_results_20260221_131507/hls_outputs/hls_model_trial_1/myproject_prj/solution1/.autopilot/db/myproject.pp.0.cpp:61605:5: note: FIX-IT applied suggested code changes
/home/youeric/PixelML/SmartpixReal/Muon_Collider_Smart_Pixels/eric/model3_quantized_4w0i_hyperparameter_results_20260221_131507/hls_outputs/hls_model_trial_1/myproject_prj/solution1/.autopilot/db/myproject.pp.0.cpp:61607:9: warning: Added loop label VITIS_LOOP_213_2:   [xilinx-label-all-loops]
        for (int ii = 0; ii < padded_height; ii += CONFIG_T::stride_height) {
        ^~~
        VITIS_LOOP_213_2: 
/home/youeric/PixelML/SmartpixReal/Muon_Collider_Smart_Pixels/eric/model3_quantized_4w0i_hyperparameter_results_20260221_131507/hls_outputs/hls_model_trial_1/myproject_prj/solution1/.autopilot/db/myproject.pp.0.cpp:61607:9: note: FIX-IT applied suggested code changes
/home/youeric/PixelML/SmartpixReal/Muon_Collider_Smart_Pixels/eric/model3_quantized_4w0i_hyperparameter_results_20260221_131507/hls_outputs/hls_model_trial_1/myproject_prj/solution1/.autopilot/db/myproject.pp.0.cpp:61609:13: warning: Added loop label VITIS_LOOP_215_3:   [xilinx-label-all-loops]
            for (int jj = 0; jj < padded_width; jj += CONFIG_T::stride_width) {
            ^~~
            VITIS_LOOP_215_3: 
/home/youeric/PixelML/SmartpixReal/Muon_Collider_Smart_Pixels/eric/model3_quantized_4w0i_hyperparameter_results_20260221_131507/hls_outputs/hls_model_trial_1/myproject_prj/solution1/.autopilot/db/myproject.pp.0.cpp:61609:13: note: FIX-IT applied suggested code changes
/home/youeric/PixelML/SmartpixReal/Muon_Collider_Smart_Pixels/eric/model3_quantized_4w0i_hyperparameter_results_20260221_131507/hls_outputs/hls_model_trial_1/myproject_prj/solution1/.autopilot/db/myproject.pp.0.cpp:61614:17: warning: Added loop label VITIS_LOOP_220_4:   [xilinx-label-all-loops]
                for (int kk = 0; kk < CONFIG_T::stride_height; kk++) {
                ^~~
                VITIS_LOOP_220_4: 
/home/youeric/PixelML/SmartpixReal/Muon_Collider_Smart_Pixels/eric/model3_quantized_4w0i_hyperparameter_results_20260221_131507/hls_outputs/hls_model_trial_1/myproject_prj/solution1/.autopilot/db/myproject.pp.0.cpp:61614:17: note: FIX-IT applied suggested code changes
/home/youeric/PixelML/SmartpixReal/Muon_Collider_Smart_Pixels/eric/model3_quantized_4w0i_hyperparameter_results_20260221_131507/hls_outputs/hls_model_trial_1/myproject_prj/solution1/.autopilot/db/myproject.pp.0.cpp:61616:21: warning: Added loop label VITIS_LOOP_222_5:   [xilinx-label-all-loops]
                    for (int ll = 0; ll < CONFIG_T::stride_width; ll++) {
                    ^~~
                    VITIS_LOOP_222_5: 
/home/youeric/PixelML/SmartpixReal/Muon_Collider_Smart_Pixels/eric/model3_quantized_4w0i_hyperparameter_results_20260221_131507/hls_outputs/hls_model_trial_1/myproject_prj/solution1/.autopilot/db/myproject.pp.0.cpp:61616:21: note: FIX-IT applied suggested code changes
/home/youeric/PixelML/SmartpixReal/Muon_Collider_Smart_Pixels/eric/model3_quantized_4w0i_hyperparameter_results_20260221_131507/hls_outputs/hls_model_trial_1/myproject_prj/solution1/.autopilot/db/myproject.pp.0.cpp:61664:5: warning: Added loop label VITIS_LOOP_270_1:   [xilinx-label-all-loops]
    for (int ff = 0; ff < CONFIG_T::n_filt; ff++) {
    ^~~
    VITIS_LOOP_270_1: 
/home/youeric/PixelML/SmartpixReal/Muon_Collider_Smart_Pixels/eric/model3_quantized_4w0i_hyperparameter_results_20260221_131507/hls_outputs/hls_model_trial_1/myproject_prj/solution1/.autopilot/db/myproject.pp.0.cpp:61664:5: note: FIX-IT applied suggested code changes
/home/youeric/PixelML/SmartpixReal/Muon_Collider_Smart_Pixels/eric/model3_quantized_4w0i_hyperparameter_results_20260221_131507/hls_outputs/hls_model_trial_1/myproject_prj/solution1/.autopilot/db/myproject.pp.0.cpp:61666:9: warning: Added loop label VITIS_LOOP_272_2:   [xilinx-label-all-loops]
        for (int ii = 0; ii < padded_height; ii += CONFIG_T::stride_height) {
        ^~~
        VITIS_LOOP_272_2: 
/home/youeric/PixelML/SmartpixReal/Muon_Collider_Smart_Pixels/eric/model3_quantized_4w0i_hyperparameter_results_20260221_131507/hls_outputs/hls_model_trial_1/myproject_prj/solution1/.autopilot/db/myproject.pp.0.cpp:61666:9: note: FIX-IT applied suggested code changes
/home/youeric/PixelML/SmartpixReal/Muon_Collider_Smart_Pixels/eric/model3_quantized_4w0i_hyperparameter_results_20260221_131507/hls_outputs/hls_model_trial_1/myproject_prj/solution1/.autopilot/db/myproject.pp.0.cpp:61668:13: warning: Added loop label VITIS_LOOP_274_3:   [xilinx-label-all-loops]
            for (int jj = 0; jj < padded_width; jj += CONFIG_T::stride_width) {
            ^~~
            VITIS_LOOP_274_3: 
/home/youeric/PixelML/SmartpixReal/Muon_Collider_Smart_Pixels/eric/model3_quantized_4w0i_hyperparameter_results_20260221_131507/hls_outputs/hls_model_trial_1/myproject_prj/solution1/.autopilot/db/myproject.pp.0.cpp:61668:13: note: FIX-IT applied suggested code changes
/home/youeric/PixelML/SmartpixReal/Muon_Collider_Smart_Pixels/eric/model3_quantized_4w0i_hyperparameter_results_20260221_131507/hls_outputs/hls_model_trial_1/myproject_prj/solution1/.autopilot/db/myproject.pp.0.cpp:61673:17: warning: Added loop label VITIS_LOOP_279_4:   [xilinx-label-all-loops]
                for (int kk = 0; kk < CONFIG_T::stride_height; kk++) {
                ^~~
                VITIS_LOOP_279_4: 
/home/youeric/PixelML/SmartpixReal/Muon_Collider_Smart_Pixels/eric/model3_quantized_4w0i_hyperparameter_results_20260221_131507/hls_outputs/hls_model_trial_1/myproject_prj/solution1/.autopilot/db/myproject.pp.0.cpp:61673:17: note: FIX-IT applied suggested code changes
/home/youeric/PixelML/SmartpixReal/Muon_Collider_Smart_Pixels/eric/model3_quantized_4w0i_hyperparameter_results_20260221_131507/hls_outputs/hls_model_trial_1/myproject_prj/solution1/.autopilot/db/myproject.pp.0.cpp:61675:21: warning: Added loop label VITIS_LOOP_281_5:   [xilinx-label-all-loops]
                    for (int ll = 0; ll < CONFIG_T::stride_width; ll++) {
                    ^~~
                    VITIS_LOOP_281_5: 
/home/youeric/PixelML/SmartpixReal/Muon_Collider_Smart_Pixels/eric/model3_quantized_4w0i_hyperparameter_results_20260221_131507/hls_outputs/hls_model_trial_1/myproject_prj/solution1/.autopilot/db/myproject.pp.0.cpp:61675:21: note: FIX-IT applied suggested code changes
