#-----------------------------------------------------------
# Vivado v2024.1 (64-bit)
# SW Build 5076996 on Wed May 22 18:36:09 MDT 2024
# IP Build 5075265 on Wed May 22 21:45:21 MDT 2024
# SharedData Build 5076995 on Wed May 22 18:29:18 MDT 2024
# Start of session at: Mon Feb 23 21:56:21 2026
# Process ID: 4174471
# Current directory: /home/youeric/PixelML/SmartpixReal/Muon_Collider_Smart_Pixels/eric/eric_new_smaller_2_23_run/hls_outputs/hls_model_trial_096
# Command line: vivado -mode batch -source vivado_synth.tcl
# Log file: /home/youeric/PixelML/SmartpixReal/Muon_Collider_Smart_Pixels/eric/eric_new_smaller_2_23_run/hls_outputs/hls_model_trial_096/vivado.log
# Journal file: /home/youeric/PixelML/SmartpixReal/Muon_Collider_Smart_Pixels/eric/eric_new_smaller_2_23_run/hls_outputs/hls_model_trial_096/vivado.jou
# Running On        :kdplab01
# Platform          :unknown
# Operating System  :unknown
# Processor Detail  :Intel(R) Xeon(R) Silver 4314 CPU @ 2.40GHz
# CPU Frequency     :2900.131 MHz
# CPU Physical cores:32
# CPU Logical cores :64
# Host memory       :134212 MB
# Swap memory       :4294 MB
# Total Virtual     :138507 MB
# Available Virtual :90112 MB
#-----------------------------------------------------------
source vivado_synth.tcl
# set tcldir [file dirname [info script]]
# source [file join $tcldir project.tcl]
## variable project_name
## set project_name "myproject"
## variable backend
## set backend "vivado"
## variable part
## set part "xc7z020clg400-1"
## variable clock_period
## set clock_period 5
## variable clock_uncertainty
## set clock_uncertainty 12.5%
## variable version
## set version "1.0.0"
# add_files ${project_name}_prj/solution1/syn/vhdl
add_files: Time (s): cpu = 00:00:05 ; elapsed = 00:00:05 . Memory (MB): peak = 1674.113 ; gain = 40.836 ; free physical = 68579 ; free virtual = 91170
# synth_design -top ${project_name} -part $part
Command: synth_design -top myproject -part xc7z020clg400-1
Starting synth_design
Attempting to get a license for feature 'Synthesis' and/or device 'xc7z020'
INFO: [Common 17-349] Got license for feature 'Synthesis' and/or device 'xc7z020'
INFO: [Synth 8-7079] Multithreading enabled for synth_design using a maximum of 4 processes.
INFO: [Synth 8-7078] Launching helper process for spawning children vivado processes
INFO: [Synth 8-7075] Helper process launched with PID 4190386
---------------------------------------------------------------------------------
Starting Synthesize : Time (s): cpu = 00:00:04 ; elapsed = 00:00:04 . Memory (MB): peak = 2105.703 ; gain = 425.629 ; free physical = 66372 ; free virtual = 88962
---------------------------------------------------------------------------------
INFO: [Synth 8-638] synthesizing module 'myproject' [/home/youeric/PixelML/SmartpixReal/Muon_Collider_Smart_Pixels/eric/eric_new_smaller_2_23_run/hls_outputs/hls_model_trial_096/myproject_prj/solution1/syn/vhdl/myproject.vhd:34]
INFO: [Synth 8-3491] module 'myproject_concatenate1d_ap_fixed_ap_fixed_ap_fixed_16_6_5_3_0_config3_s' declared at '/home/youeric/PixelML/SmartpixReal/Muon_Collider_Smart_Pixels/eric/eric_new_smaller_2_23_run/hls_outputs/hls_model_trial_096/myproject_prj/solution1/syn/vhdl/myproject_concatenate1d_ap_fixed_ap_fixed_ap_fixed_16_6_5_3_0_config3_s.vhd:11' bound to instance 'call_ret1_concatenate1d_ap_fixed_ap_fixed_ap_fixed_16_6_5_3_0_config3_s_fu_141' of component 'myproject_concatenate1d_ap_fixed_ap_fixed_ap_fixed_16_6_5_3_0_config3_s' [/home/youeric/PixelML/SmartpixReal/Muon_Collider_Smart_Pixels/eric/eric_new_smaller_2_23_run/hls_outputs/hls_model_trial_096/myproject_prj/solution1/syn/vhdl/myproject.vhd:850]
INFO: [Synth 8-638] synthesizing module 'myproject_concatenate1d_ap_fixed_ap_fixed_ap_fixed_16_6_5_3_0_config3_s' [/home/youeric/PixelML/SmartpixReal/Muon_Collider_Smart_Pixels/eric/eric_new_smaller_2_23_run/hls_outputs/hls_model_trial_096/myproject_prj/solution1/syn/vhdl/myproject_concatenate1d_ap_fixed_ap_fixed_ap_fixed_16_6_5_3_0_config3_s.vhd:54]
INFO: [Synth 8-256] done synthesizing module 'myproject_concatenate1d_ap_fixed_ap_fixed_ap_fixed_16_6_5_3_0_config3_s' (0#1) [/home/youeric/PixelML/SmartpixReal/Muon_Collider_Smart_Pixels/eric/eric_new_smaller_2_23_run/hls_outputs/hls_model_trial_096/myproject_prj/solution1/syn/vhdl/myproject_concatenate1d_ap_fixed_ap_fixed_ap_fixed_16_6_5_3_0_config3_s.vhd:54]
INFO: [Synth 8-3491] module 'myproject_concatenate1d_ap_fixed_ap_fixed_ap_fixed_16_6_5_3_0_config7_s' declared at '/home/youeric/PixelML/SmartpixReal/Muon_Collider_Smart_Pixels/eric/eric_new_smaller_2_23_run/hls_outputs/hls_model_trial_096/myproject_prj/solution1/syn/vhdl/myproject_concatenate1d_ap_fixed_ap_fixed_ap_fixed_16_6_5_3_0_config7_s.vhd:11' bound to instance 'call_ret2_concatenate1d_ap_fixed_ap_fixed_ap_fixed_16_6_5_3_0_config7_s_fu_149' of component 'myproject_concatenate1d_ap_fixed_ap_fixed_ap_fixed_16_6_5_3_0_config7_s' [/home/youeric/PixelML/SmartpixReal/Muon_Collider_Smart_Pixels/eric/eric_new_smaller_2_23_run/hls_outputs/hls_model_trial_096/myproject_prj/solution1/syn/vhdl/myproject.vhd:891]
INFO: [Synth 8-638] synthesizing module 'myproject_concatenate1d_ap_fixed_ap_fixed_ap_fixed_16_6_5_3_0_config7_s' [/home/youeric/PixelML/SmartpixReal/Muon_Collider_Smart_Pixels/eric/eric_new_smaller_2_23_run/hls_outputs/hls_model_trial_096/myproject_prj/solution1/syn/vhdl/myproject_concatenate1d_ap_fixed_ap_fixed_ap_fixed_16_6_5_3_0_config7_s.vhd:88]
INFO: [Synth 8-256] done synthesizing module 'myproject_concatenate1d_ap_fixed_ap_fixed_ap_fixed_16_6_5_3_0_config7_s' (0#1) [/home/youeric/PixelML/SmartpixReal/Muon_Collider_Smart_Pixels/eric/eric_new_smaller_2_23_run/hls_outputs/hls_model_trial_096/myproject_prj/solution1/syn/vhdl/myproject_concatenate1d_ap_fixed_ap_fixed_ap_fixed_16_6_5_3_0_config7_s.vhd:88]
INFO: [Synth 8-3491] module 'myproject_dense_latency_ap_fixed_16_6_5_3_0_ap_fixed_16_6_5_3_0_config9_s' declared at '/home/youeric/PixelML/SmartpixReal/Muon_Collider_Smart_Pixels/eric/eric_new_smaller_2_23_run/hls_outputs/hls_model_trial_096/myproject_prj/solution1/syn/vhdl/myproject_dense_latency_ap_fixed_16_6_5_3_0_ap_fixed_16_6_5_3_0_config9_s.vhd:11' bound to instance 'grp_dense_latency_ap_fixed_16_6_5_3_0_ap_fixed_16_6_5_3_0_config9_s_fu_189' of component 'myproject_dense_latency_ap_fixed_16_6_5_3_0_ap_fixed_16_6_5_3_0_config9_s' [/home/youeric/PixelML/SmartpixReal/Muon_Collider_Smart_Pixels/eric/eric_new_smaller_2_23_run/hls_outputs/hls_model_trial_096/myproject_prj/solution1/syn/vhdl/myproject.vhd:966]
INFO: [Synth 8-638] synthesizing module 'myproject_dense_latency_ap_fixed_16_6_5_3_0_ap_fixed_16_6_5_3_0_config9_s' [/home/youeric/PixelML/SmartpixReal/Muon_Collider_Smart_Pixels/eric/eric_new_smaller_2_23_run/hls_outputs/hls_model_trial_096/myproject_prj/solution1/syn/vhdl/myproject_dense_latency_ap_fixed_16_6_5_3_0_ap_fixed_16_6_5_3_0_config9_s.vhd:62]
INFO: [Synth 8-256] done synthesizing module 'myproject_dense_latency_ap_fixed_16_6_5_3_0_ap_fixed_16_6_5_3_0_config9_s' (0#1) [/home/youeric/PixelML/SmartpixReal/Muon_Collider_Smart_Pixels/eric/eric_new_smaller_2_23_run/hls_outputs/hls_model_trial_096/myproject_prj/solution1/syn/vhdl/myproject_dense_latency_ap_fixed_16_6_5_3_0_ap_fixed_16_6_5_3_0_config9_s.vhd:62]
INFO: [Synth 8-3491] module 'myproject_concatenate1d_ap_fixed_ap_fixed_ap_fixed_16_6_5_3_0_config8_s' declared at '/home/youeric/PixelML/SmartpixReal/Muon_Collider_Smart_Pixels/eric/eric_new_smaller_2_23_run/hls_outputs/hls_model_trial_096/myproject_prj/solution1/syn/vhdl/myproject_concatenate1d_ap_fixed_ap_fixed_ap_fixed_16_6_5_3_0_config8_s.vhd:11' bound to instance 'call_ret3_concatenate1d_ap_fixed_ap_fixed_ap_fixed_16_6_5_3_0_config8_s_fu_228' of component 'myproject_concatenate1d_ap_fixed_ap_fixed_ap_fixed_16_6_5_3_0_config8_s' [/home/youeric/PixelML/SmartpixReal/Muon_Collider_Smart_Pixels/eric/eric_new_smaller_2_23_run/hls_outputs/hls_model_trial_096/myproject_prj/solution1/syn/vhdl/myproject.vhd:1015]
INFO: [Synth 8-638] synthesizing module 'myproject_concatenate1d_ap_fixed_ap_fixed_ap_fixed_16_6_5_3_0_config8_s' [/home/youeric/PixelML/SmartpixReal/Muon_Collider_Smart_Pixels/eric/eric_new_smaller_2_23_run/hls_outputs/hls_model_trial_096/myproject_prj/solution1/syn/vhdl/myproject_concatenate1d_ap_fixed_ap_fixed_ap_fixed_16_6_5_3_0_config8_s.vhd:22]
INFO: [Synth 8-256] done synthesizing module 'myproject_concatenate1d_ap_fixed_ap_fixed_ap_fixed_16_6_5_3_0_config8_s' (0#1) [/home/youeric/PixelML/SmartpixReal/Muon_Collider_Smart_Pixels/eric/eric_new_smaller_2_23_run/hls_outputs/hls_model_trial_096/myproject_prj/solution1/syn/vhdl/myproject_concatenate1d_ap_fixed_ap_fixed_ap_fixed_16_6_5_3_0_config8_s.vhd:22]
INFO: [Synth 8-3491] module 'myproject_dense_latency_ap_fixed_16_6_5_3_0_ap_fixed_16_6_5_3_0_config11_s' declared at '/home/youeric/PixelML/SmartpixReal/Muon_Collider_Smart_Pixels/eric/eric_new_smaller_2_23_run/hls_outputs/hls_model_trial_096/myproject_prj/solution1/syn/vhdl/myproject_dense_latency_ap_fixed_16_6_5_3_0_ap_fixed_16_6_5_3_0_config11_s.vhd:11' bound to instance 'grp_dense_latency_ap_fixed_16_6_5_3_0_ap_fixed_16_6_5_3_0_config11_s_fu_234' of component 'myproject_dense_latency_ap_fixed_16_6_5_3_0_ap_fixed_16_6_5_3_0_config11_s' [/home/youeric/PixelML/SmartpixReal/Muon_Collider_Smart_Pixels/eric/eric_new_smaller_2_23_run/hls_outputs/hls_model_trial_096/myproject_prj/solution1/syn/vhdl/myproject.vhd:1024]
INFO: [Synth 8-638] synthesizing module 'myproject_dense_latency_ap_fixed_16_6_5_3_0_ap_fixed_16_6_5_3_0_config11_s' [/home/youeric/PixelML/SmartpixReal/Muon_Collider_Smart_Pixels/eric/eric_new_smaller_2_23_run/hls_outputs/hls_model_trial_096/myproject_prj/solution1/syn/vhdl/myproject_dense_latency_ap_fixed_16_6_5_3_0_ap_fixed_16_6_5_3_0_config11_s.vhd:35]
	Parameter ID bound to: 1 - type: integer 
	Parameter NUM_STAGE bound to: 2 - type: integer 
	Parameter din0_WIDTH bound to: 16 - type: integer 
	Parameter din1_WIDTH bound to: 5 - type: integer 
	Parameter dout_WIDTH bound to: 21 - type: integer 
INFO: [Synth 8-3491] module 'myproject_mul_16s_5s_21_2_1' declared at '/home/youeric/PixelML/SmartpixReal/Muon_Collider_Smart_Pixels/eric/eric_new_smaller_2_23_run/hls_outputs/hls_model_trial_096/myproject_prj/solution1/syn/vhdl/myproject_mul_16s_5s_21_2_1.vhd:7' bound to instance 'mul_16s_5s_21_2_1_U75' of component 'myproject_mul_16s_5s_21_2_1' [/home/youeric/PixelML/SmartpixReal/Muon_Collider_Smart_Pixels/eric/eric_new_smaller_2_23_run/hls_outputs/hls_model_trial_096/myproject_prj/solution1/syn/vhdl/myproject_dense_latency_ap_fixed_16_6_5_3_0_ap_fixed_16_6_5_3_0_config11_s.vhd:257]
INFO: [Synth 8-638] synthesizing module 'myproject_mul_16s_5s_21_2_1' [/home/youeric/PixelML/SmartpixReal/Muon_Collider_Smart_Pixels/eric/eric_new_smaller_2_23_run/hls_outputs/hls_model_trial_096/myproject_prj/solution1/syn/vhdl/myproject_mul_16s_5s_21_2_1.vhd:27]
	Parameter ID bound to: 1 - type: integer 
	Parameter NUM_STAGE bound to: 2 - type: integer 
	Parameter din0_WIDTH bound to: 16 - type: integer 
	Parameter din1_WIDTH bound to: 5 - type: integer 
	Parameter dout_WIDTH bound to: 21 - type: integer 
INFO: [Synth 8-256] done synthesizing module 'myproject_mul_16s_5s_21_2_1' (0#1) [/home/youeric/PixelML/SmartpixReal/Muon_Collider_Smart_Pixels/eric/eric_new_smaller_2_23_run/hls_outputs/hls_model_trial_096/myproject_prj/solution1/syn/vhdl/myproject_mul_16s_5s_21_2_1.vhd:27]
	Parameter ID bound to: 1 - type: integer 
	Parameter NUM_STAGE bound to: 2 - type: integer 
	Parameter din0_WIDTH bound to: 16 - type: integer 
	Parameter din1_WIDTH bound to: 6 - type: integer 
	Parameter dout_WIDTH bound to: 21 - type: integer 
INFO: [Synth 8-3491] module 'myproject_mul_16s_6ns_21_2_1' declared at '/home/youeric/PixelML/SmartpixReal/Muon_Collider_Smart_Pixels/eric/eric_new_smaller_2_23_run/hls_outputs/hls_model_trial_096/myproject_prj/solution1/syn/vhdl/myproject_mul_16s_6ns_21_2_1.vhd:7' bound to instance 'mul_16s_6ns_21_2_1_U76' of component 'myproject_mul_16s_6ns_21_2_1' [/home/youeric/PixelML/SmartpixReal/Muon_Collider_Smart_Pixels/eric/eric_new_smaller_2_23_run/hls_outputs/hls_model_trial_096/myproject_prj/solution1/syn/vhdl/myproject_dense_latency_ap_fixed_16_6_5_3_0_ap_fixed_16_6_5_3_0_config11_s.vhd:272]
INFO: [Synth 8-638] synthesizing module 'myproject_mul_16s_6ns_21_2_1' [/home/youeric/PixelML/SmartpixReal/Muon_Collider_Smart_Pixels/eric/eric_new_smaller_2_23_run/hls_outputs/hls_model_trial_096/myproject_prj/solution1/syn/vhdl/myproject_mul_16s_6ns_21_2_1.vhd:27]
	Parameter ID bound to: 1 - type: integer 
	Parameter NUM_STAGE bound to: 2 - type: integer 
	Parameter din0_WIDTH bound to: 16 - type: integer 
	Parameter din1_WIDTH bound to: 6 - type: integer 
	Parameter dout_WIDTH bound to: 21 - type: integer 
INFO: [Synth 8-256] done synthesizing module 'myproject_mul_16s_6ns_21_2_1' (0#1) [/home/youeric/PixelML/SmartpixReal/Muon_Collider_Smart_Pixels/eric/eric_new_smaller_2_23_run/hls_outputs/hls_model_trial_096/myproject_prj/solution1/syn/vhdl/myproject_mul_16s_6ns_21_2_1.vhd:27]
	Parameter ID bound to: 1 - type: integer 
	Parameter NUM_STAGE bound to: 2 - type: integer 
	Parameter din0_WIDTH bound to: 16 - type: integer 
	Parameter din1_WIDTH bound to: 6 - type: integer 
	Parameter dout_WIDTH bound to: 21 - type: integer 
INFO: [Synth 8-3491] module 'myproject_mul_16s_6s_21_2_1' declared at '/home/youeric/PixelML/SmartpixReal/Muon_Collider_Smart_Pixels/eric/eric_new_smaller_2_23_run/hls_outputs/hls_model_trial_096/myproject_prj/solution1/syn/vhdl/myproject_mul_16s_6s_21_2_1.vhd:7' bound to instance 'mul_16s_6s_21_2_1_U77' of component 'myproject_mul_16s_6s_21_2_1' [/home/youeric/PixelML/SmartpixReal/Muon_Collider_Smart_Pixels/eric/eric_new_smaller_2_23_run/hls_outputs/hls_model_trial_096/myproject_prj/solution1/syn/vhdl/myproject_dense_latency_ap_fixed_16_6_5_3_0_ap_fixed_16_6_5_3_0_config11_s.vhd:287]
INFO: [Synth 8-638] synthesizing module 'myproject_mul_16s_6s_21_2_1' [/home/youeric/PixelML/SmartpixReal/Muon_Collider_Smart_Pixels/eric/eric_new_smaller_2_23_run/hls_outputs/hls_model_trial_096/myproject_prj/solution1/syn/vhdl/myproject_mul_16s_6s_21_2_1.vhd:27]
	Parameter ID bound to: 1 - type: integer 
	Parameter NUM_STAGE bound to: 2 - type: integer 
	Parameter din0_WIDTH bound to: 16 - type: integer 
	Parameter din1_WIDTH bound to: 6 - type: integer 
	Parameter dout_WIDTH bound to: 21 - type: integer 
INFO: [Synth 8-256] done synthesizing module 'myproject_mul_16s_6s_21_2_1' (0#1) [/home/youeric/PixelML/SmartpixReal/Muon_Collider_Smart_Pixels/eric/eric_new_smaller_2_23_run/hls_outputs/hls_model_trial_096/myproject_prj/solution1/syn/vhdl/myproject_mul_16s_6s_21_2_1.vhd:27]
	Parameter ID bound to: 1 - type: integer 
	Parameter NUM_STAGE bound to: 2 - type: integer 
	Parameter din0_WIDTH bound to: 16 - type: integer 
	Parameter din1_WIDTH bound to: 6 - type: integer 
	Parameter dout_WIDTH bound to: 21 - type: integer 
INFO: [Synth 8-3491] module 'myproject_mul_16s_6s_21_2_1' declared at '/home/youeric/PixelML/SmartpixReal/Muon_Collider_Smart_Pixels/eric/eric_new_smaller_2_23_run/hls_outputs/hls_model_trial_096/myproject_prj/solution1/syn/vhdl/myproject_mul_16s_6s_21_2_1.vhd:7' bound to instance 'mul_16s_6s_21_2_1_U78' of component 'myproject_mul_16s_6s_21_2_1' [/home/youeric/PixelML/SmartpixReal/Muon_Collider_Smart_Pixels/eric/eric_new_smaller_2_23_run/hls_outputs/hls_model_trial_096/myproject_prj/solution1/syn/vhdl/myproject_dense_latency_ap_fixed_16_6_5_3_0_ap_fixed_16_6_5_3_0_config11_s.vhd:302]
	Parameter ID bound to: 1 - type: integer 
	Parameter NUM_STAGE bound to: 2 - type: integer 
	Parameter din0_WIDTH bound to: 16 - type: integer 
	Parameter din1_WIDTH bound to: 6 - type: integer 
	Parameter dout_WIDTH bound to: 21 - type: integer 
INFO: [Synth 8-3491] module 'myproject_mul_16s_6s_21_2_1' declared at '/home/youeric/PixelML/SmartpixReal/Muon_Collider_Smart_Pixels/eric/eric_new_smaller_2_23_run/hls_outputs/hls_model_trial_096/myproject_prj/solution1/syn/vhdl/myproject_mul_16s_6s_21_2_1.vhd:7' bound to instance 'mul_16s_6s_21_2_1_U79' of component 'myproject_mul_16s_6s_21_2_1' [/home/youeric/PixelML/SmartpixReal/Muon_Collider_Smart_Pixels/eric/eric_new_smaller_2_23_run/hls_outputs/hls_model_trial_096/myproject_prj/solution1/syn/vhdl/myproject_dense_latency_ap_fixed_16_6_5_3_0_ap_fixed_16_6_5_3_0_config11_s.vhd:317]
	Parameter ID bound to: 1 - type: integer 
	Parameter NUM_STAGE bound to: 2 - type: integer 
	Parameter din0_WIDTH bound to: 16 - type: integer 
	Parameter din1_WIDTH bound to: 6 - type: integer 
	Parameter dout_WIDTH bound to: 21 - type: integer 
INFO: [Synth 8-3491] module 'myproject_mul_16s_6ns_21_2_1' declared at '/home/youeric/PixelML/SmartpixReal/Muon_Collider_Smart_Pixels/eric/eric_new_smaller_2_23_run/hls_outputs/hls_model_trial_096/myproject_prj/solution1/syn/vhdl/myproject_mul_16s_6ns_21_2_1.vhd:7' bound to instance 'mul_16s_6ns_21_2_1_U80' of component 'myproject_mul_16s_6ns_21_2_1' [/home/youeric/PixelML/SmartpixReal/Muon_Collider_Smart_Pixels/eric/eric_new_smaller_2_23_run/hls_outputs/hls_model_trial_096/myproject_prj/solution1/syn/vhdl/myproject_dense_latency_ap_fixed_16_6_5_3_0_ap_fixed_16_6_5_3_0_config11_s.vhd:332]
INFO: [Synth 8-256] done synthesizing module 'myproject_dense_latency_ap_fixed_16_6_5_3_0_ap_fixed_16_6_5_3_0_config11_s' (0#1) [/home/youeric/PixelML/SmartpixReal/Muon_Collider_Smart_Pixels/eric/eric_new_smaller_2_23_run/hls_outputs/hls_model_trial_096/myproject_prj/solution1/syn/vhdl/myproject_dense_latency_ap_fixed_16_6_5_3_0_ap_fixed_16_6_5_3_0_config11_s.vhd:35]
INFO: [Synth 8-3491] module 'myproject_relu_ap_fixed_16_6_5_3_0_ap_ufixed_8_0_4_0_0_relu_config13_s' declared at '/home/youeric/PixelML/SmartpixReal/Muon_Collider_Smart_Pixels/eric/eric_new_smaller_2_23_run/hls_outputs/hls_model_trial_096/myproject_prj/solution1/syn/vhdl/myproject_relu_ap_fixed_16_6_5_3_0_ap_ufixed_8_0_4_0_0_relu_config13_s.vhd:11' bound to instance 'grp_relu_ap_fixed_16_6_5_3_0_ap_ufixed_8_0_4_0_0_relu_config13_s_fu_240' of component 'myproject_relu_ap_fixed_16_6_5_3_0_ap_ufixed_8_0_4_0_0_relu_config13_s' [/home/youeric/PixelML/SmartpixReal/Muon_Collider_Smart_Pixels/eric/eric_new_smaller_2_23_run/hls_outputs/hls_model_trial_096/myproject_prj/solution1/syn/vhdl/myproject.vhd:1046]
INFO: [Synth 8-638] synthesizing module 'myproject_relu_ap_fixed_16_6_5_3_0_ap_ufixed_8_0_4_0_0_relu_config13_s' [/home/youeric/PixelML/SmartpixReal/Muon_Collider_Smart_Pixels/eric/eric_new_smaller_2_23_run/hls_outputs/hls_model_trial_096/myproject_prj/solution1/syn/vhdl/myproject_relu_ap_fixed_16_6_5_3_0_ap_ufixed_8_0_4_0_0_relu_config13_s.vhd:39]
INFO: [Synth 8-256] done synthesizing module 'myproject_relu_ap_fixed_16_6_5_3_0_ap_ufixed_8_0_4_0_0_relu_config13_s' (0#1) [/home/youeric/PixelML/SmartpixReal/Muon_Collider_Smart_Pixels/eric/eric_new_smaller_2_23_run/hls_outputs/hls_model_trial_096/myproject_prj/solution1/syn/vhdl/myproject_relu_ap_fixed_16_6_5_3_0_ap_ufixed_8_0_4_0_0_relu_config13_s.vhd:39]
INFO: [Synth 8-3491] module 'myproject_relu_ap_fixed_16_6_5_3_0_ap_ufixed_8_0_4_0_0_relu_config14_s' declared at '/home/youeric/PixelML/SmartpixReal/Muon_Collider_Smart_Pixels/eric/eric_new_smaller_2_23_run/hls_outputs/hls_model_trial_096/myproject_prj/solution1/syn/vhdl/myproject_relu_ap_fixed_16_6_5_3_0_ap_ufixed_8_0_4_0_0_relu_config14_s.vhd:11' bound to instance 'grp_relu_ap_fixed_16_6_5_3_0_ap_ufixed_8_0_4_0_0_relu_config14_s_fu_252' of component 'myproject_relu_ap_fixed_16_6_5_3_0_ap_ufixed_8_0_4_0_0_relu_config14_s' [/home/youeric/PixelML/SmartpixReal/Muon_Collider_Smart_Pixels/eric/eric_new_smaller_2_23_run/hls_outputs/hls_model_trial_096/myproject_prj/solution1/syn/vhdl/myproject.vhd:1072]
INFO: [Synth 8-638] synthesizing module 'myproject_relu_ap_fixed_16_6_5_3_0_ap_ufixed_8_0_4_0_0_relu_config14_s' [/home/youeric/PixelML/SmartpixReal/Muon_Collider_Smart_Pixels/eric/eric_new_smaller_2_23_run/hls_outputs/hls_model_trial_096/myproject_prj/solution1/syn/vhdl/myproject_relu_ap_fixed_16_6_5_3_0_ap_ufixed_8_0_4_0_0_relu_config14_s.vhd:43]
INFO: [Synth 8-256] done synthesizing module 'myproject_relu_ap_fixed_16_6_5_3_0_ap_ufixed_8_0_4_0_0_relu_config14_s' (0#1) [/home/youeric/PixelML/SmartpixReal/Muon_Collider_Smart_Pixels/eric/eric_new_smaller_2_23_run/hls_outputs/hls_model_trial_096/myproject_prj/solution1/syn/vhdl/myproject_relu_ap_fixed_16_6_5_3_0_ap_ufixed_8_0_4_0_0_relu_config14_s.vhd:43]
INFO: [Synth 8-3491] module 'myproject_concatenate1d_ap_ufixed_ap_ufixed_ap_fixed_16_6_5_3_0_config15_s' declared at '/home/youeric/PixelML/SmartpixReal/Muon_Collider_Smart_Pixels/eric/eric_new_smaller_2_23_run/hls_outputs/hls_model_trial_096/myproject_prj/solution1/syn/vhdl/myproject_concatenate1d_ap_ufixed_ap_ufixed_ap_fixed_16_6_5_3_0_config15_s.vhd:11' bound to instance 'call_ret8_concatenate1d_ap_ufixed_ap_ufixed_ap_fixed_16_6_5_3_0_config15_s_fu_266' of component 'myproject_concatenate1d_ap_ufixed_ap_ufixed_ap_fixed_16_6_5_3_0_config15_s' [/home/youeric/PixelML/SmartpixReal/Muon_Collider_Smart_Pixels/eric/eric_new_smaller_2_23_run/hls_outputs/hls_model_trial_096/myproject_prj/solution1/syn/vhdl/myproject.vhd:1102]
INFO: [Synth 8-638] synthesizing module 'myproject_concatenate1d_ap_ufixed_ap_ufixed_ap_fixed_16_6_5_3_0_config15_s' [/home/youeric/PixelML/SmartpixReal/Muon_Collider_Smart_Pixels/eric/eric_new_smaller_2_23_run/hls_outputs/hls_model_trial_096/myproject_prj/solution1/syn/vhdl/myproject_concatenate1d_ap_ufixed_ap_ufixed_ap_fixed_16_6_5_3_0_config15_s.vhd:54]
INFO: [Synth 8-256] done synthesizing module 'myproject_concatenate1d_ap_ufixed_ap_ufixed_ap_fixed_16_6_5_3_0_config15_s' (0#1) [/home/youeric/PixelML/SmartpixReal/Muon_Collider_Smart_Pixels/eric/eric_new_smaller_2_23_run/hls_outputs/hls_model_trial_096/myproject_prj/solution1/syn/vhdl/myproject_concatenate1d_ap_ufixed_ap_ufixed_ap_fixed_16_6_5_3_0_config15_s.vhd:54]
INFO: [Synth 8-3491] module 'myproject_dense_latency_ap_fixed_16_6_5_3_0_ap_fixed_16_6_5_3_0_config16_s' declared at '/home/youeric/PixelML/SmartpixReal/Muon_Collider_Smart_Pixels/eric/eric_new_smaller_2_23_run/hls_outputs/hls_model_trial_096/myproject_prj/solution1/syn/vhdl/myproject_dense_latency_ap_fixed_16_6_5_3_0_ap_fixed_16_6_5_3_0_config16_s.vhd:11' bound to instance 'grp_dense_latency_ap_fixed_16_6_5_3_0_ap_fixed_16_6_5_3_0_config16_s_fu_288' of component 'myproject_dense_latency_ap_fixed_16_6_5_3_0_ap_fixed_16_6_5_3_0_config16_s' [/home/youeric/PixelML/SmartpixReal/Muon_Collider_Smart_Pixels/eric/eric_new_smaller_2_23_run/hls_outputs/hls_model_trial_096/myproject_prj/solution1/syn/vhdl/myproject.vhd:1143]
INFO: [Synth 8-638] synthesizing module 'myproject_dense_latency_ap_fixed_16_6_5_3_0_ap_fixed_16_6_5_3_0_config16_s' [/home/youeric/PixelML/SmartpixReal/Muon_Collider_Smart_Pixels/eric/eric_new_smaller_2_23_run/hls_outputs/hls_model_trial_096/myproject_prj/solution1/syn/vhdl/myproject_dense_latency_ap_fixed_16_6_5_3_0_ap_fixed_16_6_5_3_0_config16_s.vhd:41]
INFO: [Synth 8-256] done synthesizing module 'myproject_dense_latency_ap_fixed_16_6_5_3_0_ap_fixed_16_6_5_3_0_config16_s' (0#1) [/home/youeric/PixelML/SmartpixReal/Muon_Collider_Smart_Pixels/eric/eric_new_smaller_2_23_run/hls_outputs/hls_model_trial_096/myproject_prj/solution1/syn/vhdl/myproject_dense_latency_ap_fixed_16_6_5_3_0_ap_fixed_16_6_5_3_0_config16_s.vhd:41]
INFO: [Synth 8-3491] module 'myproject_relu_ap_fixed_16_6_5_3_0_ap_ufixed_8_0_4_0_0_relu_config18_s' declared at '/home/youeric/PixelML/SmartpixReal/Muon_Collider_Smart_Pixels/eric/eric_new_smaller_2_23_run/hls_outputs/hls_model_trial_096/myproject_prj/solution1/syn/vhdl/myproject_relu_ap_fixed_16_6_5_3_0_ap_ufixed_8_0_4_0_0_relu_config18_s.vhd:11' bound to instance 'grp_relu_ap_fixed_16_6_5_3_0_ap_ufixed_8_0_4_0_0_relu_config18_s_fu_310' of component 'myproject_relu_ap_fixed_16_6_5_3_0_ap_ufixed_8_0_4_0_0_relu_config18_s' [/home/youeric/PixelML/SmartpixReal/Muon_Collider_Smart_Pixels/eric/eric_new_smaller_2_23_run/hls_outputs/hls_model_trial_096/myproject_prj/solution1/syn/vhdl/myproject.vhd:1171]
INFO: [Synth 8-638] synthesizing module 'myproject_relu_ap_fixed_16_6_5_3_0_ap_ufixed_8_0_4_0_0_relu_config18_s' [/home/youeric/PixelML/SmartpixReal/Muon_Collider_Smart_Pixels/eric/eric_new_smaller_2_23_run/hls_outputs/hls_model_trial_096/myproject_prj/solution1/syn/vhdl/myproject_relu_ap_fixed_16_6_5_3_0_ap_ufixed_8_0_4_0_0_relu_config18_s.vhd:31]
INFO: [Synth 8-256] done synthesizing module 'myproject_relu_ap_fixed_16_6_5_3_0_ap_ufixed_8_0_4_0_0_relu_config18_s' (0#1) [/home/youeric/PixelML/SmartpixReal/Muon_Collider_Smart_Pixels/eric/eric_new_smaller_2_23_run/hls_outputs/hls_model_trial_096/myproject_prj/solution1/syn/vhdl/myproject_relu_ap_fixed_16_6_5_3_0_ap_ufixed_8_0_4_0_0_relu_config18_s.vhd:31]
INFO: [Synth 8-3491] module 'myproject_dense_latency_ap_ufixed_8_0_4_0_0_ap_fixed_16_6_5_3_0_config19_s' declared at '/home/youeric/PixelML/SmartpixReal/Muon_Collider_Smart_Pixels/eric/eric_new_smaller_2_23_run/hls_outputs/hls_model_trial_096/myproject_prj/solution1/syn/vhdl/myproject_dense_latency_ap_ufixed_8_0_4_0_0_ap_fixed_16_6_5_3_0_config19_s.vhd:11' bound to instance 'grp_dense_latency_ap_ufixed_8_0_4_0_0_ap_fixed_16_6_5_3_0_config19_s_fu_318' of component 'myproject_dense_latency_ap_ufixed_8_0_4_0_0_ap_fixed_16_6_5_3_0_config19_s' [/home/youeric/PixelML/SmartpixReal/Muon_Collider_Smart_Pixels/eric/eric_new_smaller_2_23_run/hls_outputs/hls_model_trial_096/myproject_prj/solution1/syn/vhdl/myproject.vhd:1189]
INFO: [Synth 8-638] synthesizing module 'myproject_dense_latency_ap_ufixed_8_0_4_0_0_ap_fixed_16_6_5_3_0_config19_s' [/home/youeric/PixelML/SmartpixReal/Muon_Collider_Smart_Pixels/eric/eric_new_smaller_2_23_run/hls_outputs/hls_model_trial_096/myproject_prj/solution1/syn/vhdl/myproject_dense_latency_ap_ufixed_8_0_4_0_0_ap_fixed_16_6_5_3_0_config19_s.vhd:30]
INFO: [Synth 8-256] done synthesizing module 'myproject_dense_latency_ap_ufixed_8_0_4_0_0_ap_fixed_16_6_5_3_0_config19_s' (0#1) [/home/youeric/PixelML/SmartpixReal/Muon_Collider_Smart_Pixels/eric/eric_new_smaller_2_23_run/hls_outputs/hls_model_trial_096/myproject_prj/solution1/syn/vhdl/myproject_dense_latency_ap_ufixed_8_0_4_0_0_ap_fixed_16_6_5_3_0_config19_s.vhd:30]
INFO: [Synth 8-3491] module 'myproject_relu_ap_fixed_16_6_5_3_0_ap_ufixed_8_0_4_0_0_relu_config21_s' declared at '/home/youeric/PixelML/SmartpixReal/Muon_Collider_Smart_Pixels/eric/eric_new_smaller_2_23_run/hls_outputs/hls_model_trial_096/myproject_prj/solution1/syn/vhdl/myproject_relu_ap_fixed_16_6_5_3_0_ap_ufixed_8_0_4_0_0_relu_config21_s.vhd:11' bound to instance 'grp_relu_ap_fixed_16_6_5_3_0_ap_ufixed_8_0_4_0_0_relu_config21_s_fu_326' of component 'myproject_relu_ap_fixed_16_6_5_3_0_ap_ufixed_8_0_4_0_0_relu_config21_s' [/home/youeric/PixelML/SmartpixReal/Muon_Collider_Smart_Pixels/eric/eric_new_smaller_2_23_run/hls_outputs/hls_model_trial_096/myproject_prj/solution1/syn/vhdl/myproject.vhd:1206]
INFO: [Synth 8-638] synthesizing module 'myproject_relu_ap_fixed_16_6_5_3_0_ap_ufixed_8_0_4_0_0_relu_config21_s' [/home/youeric/PixelML/SmartpixReal/Muon_Collider_Smart_Pixels/eric/eric_new_smaller_2_23_run/hls_outputs/hls_model_trial_096/myproject_prj/solution1/syn/vhdl/myproject_relu_ap_fixed_16_6_5_3_0_ap_ufixed_8_0_4_0_0_relu_config21_s.vhd:29]
INFO: [Synth 8-256] done synthesizing module 'myproject_relu_ap_fixed_16_6_5_3_0_ap_ufixed_8_0_4_0_0_relu_config21_s' (0#1) [/home/youeric/PixelML/SmartpixReal/Muon_Collider_Smart_Pixels/eric/eric_new_smaller_2_23_run/hls_outputs/hls_model_trial_096/myproject_prj/solution1/syn/vhdl/myproject_relu_ap_fixed_16_6_5_3_0_ap_ufixed_8_0_4_0_0_relu_config21_s.vhd:29]
INFO: [Synth 8-3491] module 'myproject_dense_latency_ap_ufixed_8_0_4_0_0_ap_fixed_16_6_5_3_0_config22_s' declared at '/home/youeric/PixelML/SmartpixReal/Muon_Collider_Smart_Pixels/eric/eric_new_smaller_2_23_run/hls_outputs/hls_model_trial_096/myproject_prj/solution1/syn/vhdl/myproject_dense_latency_ap_ufixed_8_0_4_0_0_ap_fixed_16_6_5_3_0_config22_s.vhd:11' bound to instance 'grp_dense_latency_ap_ufixed_8_0_4_0_0_ap_fixed_16_6_5_3_0_config22_s_fu_333' of component 'myproject_dense_latency_ap_ufixed_8_0_4_0_0_ap_fixed_16_6_5_3_0_config22_s' [/home/youeric/PixelML/SmartpixReal/Muon_Collider_Smart_Pixels/eric/eric_new_smaller_2_23_run/hls_outputs/hls_model_trial_096/myproject_prj/solution1/syn/vhdl/myproject.vhd:1222]
INFO: [Synth 8-638] synthesizing module 'myproject_dense_latency_ap_ufixed_8_0_4_0_0_ap_fixed_16_6_5_3_0_config22_s' [/home/youeric/PixelML/SmartpixReal/Muon_Collider_Smart_Pixels/eric/eric_new_smaller_2_23_run/hls_outputs/hls_model_trial_096/myproject_prj/solution1/syn/vhdl/myproject_dense_latency_ap_ufixed_8_0_4_0_0_ap_fixed_16_6_5_3_0_config22_s.vhd:27]
INFO: [Synth 8-256] done synthesizing module 'myproject_dense_latency_ap_ufixed_8_0_4_0_0_ap_fixed_16_6_5_3_0_config22_s' (0#1) [/home/youeric/PixelML/SmartpixReal/Muon_Collider_Smart_Pixels/eric/eric_new_smaller_2_23_run/hls_outputs/hls_model_trial_096/myproject_prj/solution1/syn/vhdl/myproject_dense_latency_ap_ufixed_8_0_4_0_0_ap_fixed_16_6_5_3_0_config22_s.vhd:27]
INFO: [Synth 8-256] done synthesizing module 'myproject' (0#1) [/home/youeric/PixelML/SmartpixReal/Muon_Collider_Smart_Pixels/eric/eric_new_smaller_2_23_run/hls_outputs/hls_model_trial_096/myproject_prj/solution1/syn/vhdl/myproject.vhd:34]
WARNING: [Synth 8-7129] Port ap_rst in module myproject_dense_latency_ap_fixed_16_6_5_3_0_ap_fixed_16_6_5_3_0_config16_s is either unconnected or has no load
WARNING: [Synth 8-7129] Port ap_rst in module myproject_concatenate1d_ap_ufixed_ap_ufixed_ap_fixed_16_6_5_3_0_config15_s is either unconnected or has no load
WARNING: [Synth 8-7129] Port reset in module myproject_mul_16s_6ns_21_2_1 is either unconnected or has no load
WARNING: [Synth 8-7129] Port reset in module myproject_mul_16s_6s_21_2_1 is either unconnected or has no load
WARNING: [Synth 8-7129] Port reset in module myproject_mul_16s_5s_21_2_1 is either unconnected or has no load
WARNING: [Synth 8-7129] Port ap_rst in module myproject_concatenate1d_ap_fixed_ap_fixed_ap_fixed_16_6_5_3_0_config8_s is either unconnected or has no load
WARNING: [Synth 8-7129] Port ap_rst in module myproject_dense_latency_ap_fixed_16_6_5_3_0_ap_fixed_16_6_5_3_0_config9_s is either unconnected or has no load
WARNING: [Synth 8-7129] Port ap_rst in module myproject_concatenate1d_ap_fixed_ap_fixed_ap_fixed_16_6_5_3_0_config7_s is either unconnected or has no load
WARNING: [Synth 8-7129] Port ap_rst in module myproject_concatenate1d_ap_fixed_ap_fixed_ap_fixed_16_6_5_3_0_config3_s is either unconnected or has no load
---------------------------------------------------------------------------------
Finished Synthesize : Time (s): cpu = 00:00:06 ; elapsed = 00:00:06 . Memory (MB): peak = 2223.641 ; gain = 543.566 ; free physical = 65534 ; free virtual = 88126
---------------------------------------------------------------------------------
---------------------------------------------------------------------------------
Finished Constraint Validation : Time (s): cpu = 00:00:07 ; elapsed = 00:00:07 . Memory (MB): peak = 2241.453 ; gain = 561.379 ; free physical = 65322 ; free virtual = 87915
---------------------------------------------------------------------------------
---------------------------------------------------------------------------------
Start Loading Part and Timing Information
---------------------------------------------------------------------------------
Loading part: xc7z020clg400-1
---------------------------------------------------------------------------------
INFO: [Device 21-403] Loading part xc7z020clg400-1
Finished Loading Part and Timing Information : Time (s): cpu = 00:00:07 ; elapsed = 00:00:07 . Memory (MB): peak = 2249.457 ; gain = 569.383 ; free physical = 65318 ; free virtual = 87911
---------------------------------------------------------------------------------
---------------------------------------------------------------------------------
Finished RTL Optimization Phase 2 : Time (s): cpu = 00:00:10 ; elapsed = 00:00:09 . Memory (MB): peak = 2263.402 ; gain = 583.328 ; free physical = 64904 ; free virtual = 87498
---------------------------------------------------------------------------------
No constraint files found.
---------------------------------------------------------------------------------
Start RTL Component Statistics 
---------------------------------------------------------------------------------
Detailed RTL Component Info : 
+---Adders : 
	   3 Input   21 Bit       Adders := 7     
	   2 Input   21 Bit       Adders := 1     
	   3 Input   20 Bit       Adders := 1     
	   2 Input   20 Bit       Adders := 1     
	   3 Input   19 Bit       Adders := 73    
	   2 Input   19 Bit       Adders := 12    
	   2 Input   16 Bit       Adders := 73    
	   3 Input   16 Bit       Adders := 91    
	   2 Input   15 Bit       Adders := 33    
	   2 Input   14 Bit       Adders := 25    
	   2 Input   13 Bit       Adders := 2     
	   3 Input   13 Bit       Adders := 1     
	   2 Input   12 Bit       Adders := 4     
	   3 Input   12 Bit       Adders := 3     
	   3 Input   11 Bit       Adders := 5     
	   2 Input   11 Bit       Adders := 4     
	   3 Input   10 Bit       Adders := 1     
	   2 Input   10 Bit       Adders := 1     
	   2 Input    8 Bit       Adders := 26    
+---XORs : 
	   2 Input      1 Bit         XORs := 53    
	   3 Input      1 Bit         XORs := 1     
+---Registers : 
	              336 Bit    Registers := 1     
	              208 Bit    Registers := 1     
	               16 Bit    Registers := 368   
	               15 Bit    Registers := 46    
	               14 Bit    Registers := 19    
	               13 Bit    Registers := 3     
	               12 Bit    Registers := 2     
	               11 Bit    Registers := 7     
	               10 Bit    Registers := 4     
	                8 Bit    Registers := 48    
	                1 Bit    Registers := 131   
+---Muxes : 
	   2 Input  336 Bit        Muxes := 1     
	   2 Input  208 Bit        Muxes := 1     
	   2 Input   16 Bit        Muxes := 15    
	   2 Input   13 Bit        Muxes := 1     
	   3 Input   13 Bit        Muxes := 1     
	   2 Input   12 Bit        Muxes := 1     
	   2 Input    8 Bit        Muxes := 100   
	   3 Input    8 Bit        Muxes := 1     
	   2 Input    1 Bit        Muxes := 38    
---------------------------------------------------------------------------------
Finished RTL Component Statistics 
---------------------------------------------------------------------------------
---------------------------------------------------------------------------------
Start Part Resource Summary
---------------------------------------------------------------------------------
INFO: [Device 21-9227] Part: xc7z020clg400-1 does not have CEAM library.
Part Resources:
DSPs: 220 (col length:60)
BRAMs: 280 (col length: RAMB18 60 RAMB36 30)
---------------------------------------------------------------------------------
Finished Part Resource Summary
---------------------------------------------------------------------------------
No constraint files found.
---------------------------------------------------------------------------------
Start Cross Boundary and Area Optimization
---------------------------------------------------------------------------------
WARNING: [Synth 8-7080] Parallel synthesis criteria is not met
DSP Report: Generating DSP mul_16s_6s_21_2_1_U79/buff0_reg, operation Mode is: (A*(B:0x3ffe6))'.
DSP Report: register mul_16s_6s_21_2_1_U79/buff0_reg is absorbed into DSP mul_16s_6s_21_2_1_U79/buff0_reg.
DSP Report: operator mul_16s_6s_21_2_1_U79/tmp_product is absorbed into DSP mul_16s_6s_21_2_1_U79/buff0_reg.
DSP Report: Generating DSP mul_16s_6s_21_2_1_U78/buff0_reg, operation Mode is: (A*(B:0x3ffed))'.
DSP Report: register mul_16s_6s_21_2_1_U78/buff0_reg is absorbed into DSP mul_16s_6s_21_2_1_U78/buff0_reg.
DSP Report: operator mul_16s_6s_21_2_1_U78/tmp_product is absorbed into DSP mul_16s_6s_21_2_1_U78/buff0_reg.
DSP Report: Generating DSP mul_16s_6ns_21_2_1_U76/buff0_reg, operation Mode is: (A*(B:0x1d))'.
DSP Report: register mul_16s_6ns_21_2_1_U76/buff0_reg is absorbed into DSP mul_16s_6ns_21_2_1_U76/buff0_reg.
DSP Report: operator mul_16s_6ns_21_2_1_U76/tmp_product is absorbed into DSP mul_16s_6ns_21_2_1_U76/buff0_reg.
DSP Report: Generating DSP mul_16s_6s_21_2_1_U77/buff0_reg, operation Mode is: (A*(B:0x3ffe5))'.
DSP Report: register mul_16s_6s_21_2_1_U77/buff0_reg is absorbed into DSP mul_16s_6s_21_2_1_U77/buff0_reg.
DSP Report: operator mul_16s_6s_21_2_1_U77/tmp_product is absorbed into DSP mul_16s_6s_21_2_1_U77/buff0_reg.
DSP Report: Generating DSP mul_16s_6ns_21_2_1_U80/buff0_reg, operation Mode is: (A*(B:0x1b))'.
DSP Report: register mul_16s_6ns_21_2_1_U80/buff0_reg is absorbed into DSP mul_16s_6ns_21_2_1_U80/buff0_reg.
DSP Report: operator mul_16s_6ns_21_2_1_U80/tmp_product is absorbed into DSP mul_16s_6ns_21_2_1_U80/buff0_reg.
WARNING: [Synth 8-7129] Port ap_rst in module myproject_dense_latency_ap_fixed_16_6_5_3_0_ap_fixed_16_6_5_3_0_config16_s is either unconnected or has no load
WARNING: [Synth 8-7129] Port ap_rst in module myproject_dense_latency_ap_fixed_16_6_5_3_0_ap_fixed_16_6_5_3_0_config9_s is either unconnected or has no load
---------------------------------------------------------------------------------
Finished Cross Boundary and Area Optimization : Time (s): cpu = 00:00:19 ; elapsed = 00:00:17 . Memory (MB): peak = 2439.809 ; gain = 759.734 ; free physical = 62818 ; free virtual = 85424
---------------------------------------------------------------------------------
 Sort Area is  mul_16s_6ns_21_2_1_U76/buff0_reg_4 : 0 0 : 269 269 : Used 1 time 0
 Sort Area is  mul_16s_6ns_21_2_1_U80/buff0_reg_5 : 0 0 : 269 269 : Used 1 time 0
 Sort Area is  mul_16s_6s_21_2_1_U77/buff0_reg_3 : 0 0 : 269 269 : Used 1 time 0
 Sort Area is  mul_16s_6s_21_2_1_U78/buff0_reg_2 : 0 0 : 269 269 : Used 1 time 0
 Sort Area is  mul_16s_6s_21_2_1_U79/buff0_reg_0 : 0 0 : 269 269 : Used 1 time 0
---------------------------------------------------------------------------------
Start ROM, RAM, DSP, Shift Register and Retiming Reporting
---------------------------------------------------------------------------------

DSP: Preliminary Mapping Report (see note below. The ' indicates corresponding REG is set)
+-----------------------------+------------------+--------+--------+--------+--------+--------+------+------+------+------+-------+------+------+
|Module Name                  | DSP Mapping      | A Size | B Size | C Size | D Size | P Size | AREG | BREG | CREG | DREG | ADREG | MREG | PREG | 
+-----------------------------+------------------+--------+--------+--------+--------+--------+------+------+------+------+-------+------+------+
|myproject_mul_16s_6s_21_2_1  | (A*(B:0x3ffe6))' | 16     | 6      | -      | -      | 22     | 0    | 0    | -    | -    | -     | 1    | 0    | 
|myproject_mul_16s_6s_21_2_1  | (A*(B:0x3ffed))' | 16     | 6      | -      | -      | 22     | 0    | 0    | -    | -    | -     | 1    | 0    | 
|myproject_mul_16s_6ns_21_2_1 | (A*(B:0x1d))'    | 16     | 6      | -      | -      | 22     | 0    | 0    | -    | -    | -     | 1    | 0    | 
|myproject_mul_16s_6s_21_2_1  | (A*(B:0x3ffe5))' | 16     | 6      | -      | -      | 22     | 0    | 0    | -    | -    | -     | 1    | 0    | 
|myproject_mul_16s_6ns_21_2_1 | (A*(B:0x1b))'    | 16     | 6      | -      | -      | 22     | 0    | 0    | -    | -    | -     | 1    | 0    | 
+-----------------------------+------------------+--------+--------+--------+--------+--------+------+------+------+------+-------+------+------+

Note: The table above is a preliminary report that shows the DSPs inferred at the current stage of the synthesis flow. Some DSP may be reimplemented as non DSP primitives later in the synthesis flow. Multiple instantiated DSPs are reported only once.
---------------------------------------------------------------------------------
Finished ROM, RAM, DSP, Shift Register and Retiming Reporting
---------------------------------------------------------------------------------
No constraint files found.
---------------------------------------------------------------------------------
Start Timing Optimization
---------------------------------------------------------------------------------
---------------------------------------------------------------------------------
Finished Timing Optimization : Time (s): cpu = 00:00:19 ; elapsed = 00:00:18 . Memory (MB): peak = 2439.809 ; gain = 759.734 ; free physical = 62749 ; free virtual = 85354
---------------------------------------------------------------------------------
---------------------------------------------------------------------------------
Start Technology Mapping
---------------------------------------------------------------------------------
---------------------------------------------------------------------------------
Finished Technology Mapping : Time (s): cpu = 00:00:22 ; elapsed = 00:00:21 . Memory (MB): peak = 2439.809 ; gain = 759.734 ; free physical = 62787 ; free virtual = 85183
---------------------------------------------------------------------------------
---------------------------------------------------------------------------------
Start IO Insertion
---------------------------------------------------------------------------------
---------------------------------------------------------------------------------
Start Flattening Before IO Insertion
---------------------------------------------------------------------------------
---------------------------------------------------------------------------------
Finished Flattening Before IO Insertion
---------------------------------------------------------------------------------
---------------------------------------------------------------------------------
Start Final Netlist Cleanup
---------------------------------------------------------------------------------
---------------------------------------------------------------------------------
Finished Final Netlist Cleanup
---------------------------------------------------------------------------------
---------------------------------------------------------------------------------
Finished IO Insertion : Time (s): cpu = 00:00:26 ; elapsed = 00:00:25 . Memory (MB): peak = 2439.809 ; gain = 759.734 ; free physical = 62591 ; free virtual = 85003
---------------------------------------------------------------------------------
---------------------------------------------------------------------------------
Start Renaming Generated Instances
---------------------------------------------------------------------------------
---------------------------------------------------------------------------------
Finished Renaming Generated Instances : Time (s): cpu = 00:00:26 ; elapsed = 00:00:25 . Memory (MB): peak = 2439.809 ; gain = 759.734 ; free physical = 62590 ; free virtual = 85002
---------------------------------------------------------------------------------
---------------------------------------------------------------------------------
Start Rebuilding User Hierarchy
---------------------------------------------------------------------------------
---------------------------------------------------------------------------------
Finished Rebuilding User Hierarchy : Time (s): cpu = 00:00:26 ; elapsed = 00:00:25 . Memory (MB): peak = 2439.809 ; gain = 759.734 ; free physical = 62561 ; free virtual = 84973
---------------------------------------------------------------------------------
---------------------------------------------------------------------------------
Start Renaming Generated Ports
---------------------------------------------------------------------------------
---------------------------------------------------------------------------------
Finished Renaming Generated Ports : Time (s): cpu = 00:00:26 ; elapsed = 00:00:25 . Memory (MB): peak = 2439.809 ; gain = 759.734 ; free physical = 62561 ; free virtual = 84974
---------------------------------------------------------------------------------
---------------------------------------------------------------------------------
Start Handling Custom Attributes
---------------------------------------------------------------------------------
---------------------------------------------------------------------------------
Finished Handling Custom Attributes : Time (s): cpu = 00:00:26 ; elapsed = 00:00:25 . Memory (MB): peak = 2439.809 ; gain = 759.734 ; free physical = 62559 ; free virtual = 84976
---------------------------------------------------------------------------------
---------------------------------------------------------------------------------
Start Renaming Generated Nets
---------------------------------------------------------------------------------
---------------------------------------------------------------------------------
Finished Renaming Generated Nets : Time (s): cpu = 00:00:26 ; elapsed = 00:00:25 . Memory (MB): peak = 2439.809 ; gain = 759.734 ; free physical = 62558 ; free virtual = 84975
---------------------------------------------------------------------------------
---------------------------------------------------------------------------------
Start Writing Synthesis Report
---------------------------------------------------------------------------------

DSP Final Report (the ' indicates corresponding REG is set)
+-----------------------------+-------------+--------+--------+--------+--------+--------+------+------+------+------+-------+------+------+
|Module Name                  | DSP Mapping | A Size | B Size | C Size | D Size | P Size | AREG | BREG | CREG | DREG | ADREG | MREG | PREG | 
+-----------------------------+-------------+--------+--------+--------+--------+--------+------+------+------+------+-------+------+------+
|myproject_mul_16s_6ns_21_2_1 | ((A''*B)')' | 30     | 5      | -      | -      | 21     | 2    | 0    | -    | -    | -     | 1    | 1    | 
|myproject_mul_16s_6ns_21_2_1 | ((A''*B)')' | 30     | 5      | -      | -      | 21     | 2    | 0    | -    | -    | -     | 1    | 1    | 
|myproject_mul_16s_6s_21_2_1  | ((A''*B)')' | 30     | 18     | -      | -      | 21     | 2    | 0    | -    | -    | -     | 1    | 1    | 
|myproject_mul_16s_6s_21_2_1  | ((A''*B)')' | 30     | 18     | -      | -      | 21     | 2    | 0    | -    | -    | -     | 1    | 1    | 
|myproject_mul_16s_6s_21_2_1  | ((A''*B)')' | 30     | 18     | -      | -      | 21     | 2    | 0    | -    | -    | -     | 1    | 1    | 
+-----------------------------+-------------+--------+--------+--------+--------+--------+------+------+------+------+-------+------+------+


Report BlackBoxes: 
+-+--------------+----------+
| |BlackBox name |Instances |
+-+--------------+----------+
+-+--------------+----------+

Report Cell Usage: 
+------+--------+------+
|      |Cell    |Count |
+------+--------+------+
|1     |BUFG    |     1|
|2     |CARRY4  |  1694|
|3     |DSP48E1 |     5|
|4     |LUT1    |  1274|
|5     |LUT2    |  3556|
|6     |LUT3    |  2221|
|7     |LUT4    |  1934|
|8     |LUT5    |   133|
|9     |LUT6    |   148|
|10    |FDRE    |  7441|
|11    |IBUF    |   600|
|12    |OBUF    |    12|
+------+--------+------+

Report Instance Areas: 
+------+------------------------------------------------------------------------------+---------------------------------------------------------------------------+------+
|      |Instance                                                                      |Module                                                                     |Cells |
+------+------------------------------------------------------------------------------+---------------------------------------------------------------------------+------+
|1     |top                                                                           |                                                                           | 19019|
|2     |  grp_dense_latency_ap_fixed_16_6_5_3_0_ap_fixed_16_6_5_3_0_config11_s_fu_234 |myproject_dense_latency_ap_fixed_16_6_5_3_0_ap_fixed_16_6_5_3_0_config11_s |   821|
|3     |    mul_16s_5s_21_2_1_U75                                                     |myproject_mul_16s_5s_21_2_1                                                |    73|
|4     |    mul_16s_6ns_21_2_1_U76                                                    |myproject_mul_16s_6ns_21_2_1                                               |     2|
|5     |    mul_16s_6ns_21_2_1_U80                                                    |myproject_mul_16s_6ns_21_2_1_0                                             |     3|
|6     |    mul_16s_6s_21_2_1_U77                                                     |myproject_mul_16s_6s_21_2_1                                                |     1|
|7     |    mul_16s_6s_21_2_1_U78                                                     |myproject_mul_16s_6s_21_2_1_1                                              |    12|
|8     |    mul_16s_6s_21_2_1_U79                                                     |myproject_mul_16s_6s_21_2_1_2                                              |     2|
|9     |  grp_dense_latency_ap_fixed_16_6_5_3_0_ap_fixed_16_6_5_3_0_config16_s_fu_288 |myproject_dense_latency_ap_fixed_16_6_5_3_0_ap_fixed_16_6_5_3_0_config16_s |  2602|
|10    |  grp_dense_latency_ap_fixed_16_6_5_3_0_ap_fixed_16_6_5_3_0_config9_s_fu_189  |myproject_dense_latency_ap_fixed_16_6_5_3_0_ap_fixed_16_6_5_3_0_config9_s  | 12005|
|11    |  grp_dense_latency_ap_ufixed_8_0_4_0_0_ap_fixed_16_6_5_3_0_config19_s_fu_318 |myproject_dense_latency_ap_ufixed_8_0_4_0_0_ap_fixed_16_6_5_3_0_config19_s |   341|
|12    |  grp_dense_latency_ap_ufixed_8_0_4_0_0_ap_fixed_16_6_5_3_0_config22_s_fu_333 |myproject_dense_latency_ap_ufixed_8_0_4_0_0_ap_fixed_16_6_5_3_0_config22_s |    50|
|13    |  grp_relu_ap_fixed_16_6_5_3_0_ap_ufixed_8_0_4_0_0_relu_config13_s_fu_240     |myproject_relu_ap_fixed_16_6_5_3_0_ap_ufixed_8_0_4_0_0_relu_config13_s     |   384|
|14    |  grp_relu_ap_fixed_16_6_5_3_0_ap_ufixed_8_0_4_0_0_relu_config14_s_fu_252     |myproject_relu_ap_fixed_16_6_5_3_0_ap_ufixed_8_0_4_0_0_relu_config14_s     |   477|
|15    |  grp_relu_ap_fixed_16_6_5_3_0_ap_ufixed_8_0_4_0_0_relu_config18_s_fu_310     |myproject_relu_ap_fixed_16_6_5_3_0_ap_ufixed_8_0_4_0_0_relu_config18_s     |   205|
|16    |  grp_relu_ap_fixed_16_6_5_3_0_ap_ufixed_8_0_4_0_0_relu_config21_s_fu_326     |myproject_relu_ap_fixed_16_6_5_3_0_ap_ufixed_8_0_4_0_0_relu_config21_s     |   154|
+------+------------------------------------------------------------------------------+---------------------------------------------------------------------------+------+
---------------------------------------------------------------------------------
Finished Writing Synthesis Report : Time (s): cpu = 00:00:26 ; elapsed = 00:00:25 . Memory (MB): peak = 2439.809 ; gain = 759.734 ; free physical = 62558 ; free virtual = 84975
---------------------------------------------------------------------------------
Synthesis finished with 0 errors, 0 critical warnings and 12 warnings.
Synthesis Optimization Runtime : Time (s): cpu = 00:00:26 ; elapsed = 00:00:25 . Memory (MB): peak = 2439.809 ; gain = 759.734 ; free physical = 62558 ; free virtual = 84972
Synthesis Optimization Complete : Time (s): cpu = 00:00:26 ; elapsed = 00:00:25 . Memory (MB): peak = 2439.816 ; gain = 759.734 ; free physical = 62557 ; free virtual = 84971
INFO: [Project 1-571] Translating synthesized netlist
Netlist sorting complete. Time (s): cpu = 00:00:00.09 ; elapsed = 00:00:00.09 . Memory (MB): peak = 2439.816 ; gain = 0.000 ; free physical = 62803 ; free virtual = 85203
INFO: [Netlist 29-17] Analyzing 1699 Unisim elements for replacement
INFO: [Netlist 29-28] Unisim Transformation completed in 0 CPU seconds
INFO: [Project 1-570] Preparing netlist for logic optimization
INFO: [Opt 31-138] Pushed 0 inverter(s) to 0 load pin(s).
Netlist sorting complete. Time (s): cpu = 00:00:00.01 ; elapsed = 00:00:00 . Memory (MB): peak = 2577.836 ; gain = 0.000 ; free physical = 66172 ; free virtual = 88273
INFO: [Project 1-111] Unisim Transformation Summary:
No Unisim elements were transformed.

Synth Design complete | Checksum: 748022d4
INFO: [Common 17-83] Releasing license: Synthesis
66 Infos, 12 Warnings, 0 Critical Warnings and 0 Errors encountered.
synth_design completed successfully
synth_design: Time (s): cpu = 00:00:35 ; elapsed = 00:00:31 . Memory (MB): peak = 2577.836 ; gain = 903.723 ; free physical = 66173 ; free virtual = 88274
INFO: [Common 17-2834] synth_design peak Physical Memory [PSS] (MB): overall = 1692.059; main = 1419.952; forked = 360.404
INFO: [Common 17-2834] synth_design peak Virtual Memory [VSS] (MB): overall = 4096.273; main = 2577.840; forked = 1656.461
# report_utilization -file vivado_synth.rpt
INFO: [Common 17-206] Exiting Vivado at Mon Feb 23 21:57:01 2026...
