================================================================
== Design Size Report
================================================================

* C-Synthesis has not completed!

* Total Instructions per Compilation Phase
+---------------+--------------+----------------------------------------------------------------------------------+
| Phase         | Instructions | Description                                                                      |
+---------------+--------------+----------------------------------------------------------------------------------+
| Compile/Link  | 32,720       | After all functions are compiled and linked into a single design                 |
| Unroll/Inline | pending      | After user unroll and inline pragmas are applied                                 |
| Array/Struct  |              | After user array partition and struct aggregate/disaggregate pragmas are applied |
| Performance   |              | After transformations are applied to meet performance pragma targets             |
| HW Transforms |              | After hardware transfomations                                                    |
+---------------+--------------+----------------------------------------------------------------------------------+

* Instructions per Function for each Compilation Phase
+--------------------------------------+--------------------------+--------------+
| Function                             | Location                 | Compile/Link |
+--------------------------------------+--------------------------+--------------+
| + myproject                          | myproject.cpp:6          | 32,720       |
|  + conv_2d_cl<ap_fixed<16, 6, A...   | nnet_conv2d.h:42         | 24,744       |
|   + conv_2d_latency_cl<ap_fixed<...  | nnet_conv2d_latency.h:11 | 24,742       |
|      fill_buffer                     | nnet_code_gen.h:32       | 24,105       |
|      product                         | nnet_mult.h:70           |   141        |
|      cast<ap_fixed<16, 6, AP_TRN,... | nnet_mult.h:110          |     3        |
|    relu<ap_fixed<16, 6, AP_TRN,...   | nnet_activation.h:39     |   819        |
|    concatenate1d<ap_fixed<16, 6...   | nnet_merge.h:115         |    32        |
|  + pooling2d_cl<ap_ufixed<8, 0,...   | nnet_pooling.h:195       |   567        |
|     pool_op_limit<config9>           | nnet_pooling.h:190       |     1        |
|     pad_val<ap_ufixed<8, 0, AP_R...  | nnet_pooling.h:65        |   334        |
|   + pool_op<ap_ufixed<8, 0, AP_R...  | nnet_pooling.h:55        |    39        |
|      max<ap_ufixed<8, 0, AP_RND_C... | nnet_pooling.h:11        |    36        |
|  + dense<ap_fixed<16, 6, AP_TRN...   | nnet_dense.h:36          |   605        |
|   + dense_latency<ap_fixed<16, 6...  | nnet_dense_latency.h:13  |   603        |
|      product                         | nnet_mult.h:70           |   141        |
|      cast<ap_fixed<16, 6, AP_TRN,... | nnet_mult.h:110          |     3        |
|    relu<ap_fixed<16, 6, AP_TRN,...   | nnet_activation.h:39     |   819        |
|    concatenate1d<ap_fixed<16, 6...   | nnet_merge.h:115         |    98        |
|  + dense<ap_fixed<16, 6, AP_TRN...   | nnet_dense.h:36          |   605        |
|   + dense_latency<ap_fixed<16, 6...  | nnet_dense_latency.h:13  |   603        |
|      product                         | nnet_mult.h:70           |   141        |
|      cast<ap_fixed<16, 6, AP_TRN,... | nnet_mult.h:110          |     3        |
|    relu<ap_fixed<16, 6, AP_TRN,...   | nnet_activation.h:39     |   819        |
|  + dense<ap_ufixed<8, 0, AP_RND...   | nnet_dense.h:36          |   605        |
|   + dense_latency<ap_ufixed<8, 0...  | nnet_dense_latency.h:13  |   603        |
|      product                         | nnet_mult.h:70           |   141        |
|      cast<ap_ufixed<8, 0, AP_RND_... | nnet_mult.h:110          |     3        |
|    relu<ap_fixed<16, 6, AP_TRN,...   | nnet_activation.h:39     |   819        |
|  + dense<ap_ufixed<8, 0, AP_RND...   | nnet_dense.h:36          |   605        |
|   + dense_latency<ap_ufixed<8, 0...  | nnet_dense_latency.h:13  |   603        |
|      product                         | nnet_mult.h:70           |   141        |
|      cast<ap_ufixed<8, 0, AP_RND_... | nnet_mult.h:110          |     3        |
|    hard_tanh<ap_fixed<16, 6, AP...   | nnet_activation.h:462    | 1,411        |
+--------------------------------------+--------------------------+--------------+

* Design Size Message Settings
+---------------------------------------------+--------+------------------------------------------------------------------+
| Message Setting                             | Value  | Description                                                      |
+---------------------------------------------+--------+------------------------------------------------------------------+
| config_compile -design_size_maximum_warning | 100000 | Show a warning when total design instructions exceeds this value |
+---------------------------------------------+--------+------------------------------------------------------------------+


