WARN: Unable to import optimizer(s) from expr_templates.py: No module named 'sympy'
WARNING: Failed to import handlers from convolution.py: No module named 'torch'.
WARNING: Failed to import handlers from core.py: No module named 'torch'.
WARNING: Failed to import handlers from merge.py: No module named 'torch'.
WARNING: Failed to import handlers from pooling.py: No module named 'torch'.
WARNING: Failed to import handlers from reshape.py: No module named 'torch'.
Total time: 5003.770867824554
Time per execution: 100.07541750907897
Time per epoch: 4.003016704177856
Total time: 5514.062499284744
Time per execution: 110.28125011920929
Time per epoch: 4.411250008392334
Total time: 5728.562565326691
Time per execution: 114.57125148296356
Time per epoch: 4.582850062942505
Total time: 5051.7120633125305
Time per execution: 101.0342414522171
Time per epoch: 4.041369661712647
Total time: 5159.055700540543
Time per execution: 103.18111420154571
Time per epoch: 4.127244571876526
Total time: 26639.53254532814
