

================================================================
== Vitis HLS Report for 'dense_latency_ap_ufixed_8_0_4_0_0_ap_fixed_16_6_5_3_0_config19_s'
================================================================
* Date:           Tue Mar 24 14:55:18 2026

* Version:        2024.1 (Build 5069499 on May 21 2024)
* Project:        myproject_prj
* Solution:       solution1 (Vivado IP Flow Target)
* Product family: zynq
* Target device:  xc7z020-clg400-1


================================================================
== Performance Estimates
================================================================
+ Timing: 
    * Summary: 
    +--------+---------+----------+------------+
    |  Clock |  Target | Estimated| Uncertainty|
    +--------+---------+----------+------------+
    |ap_clk  |  5.00 ns|  4.170 ns|     0.62 ns|
    +--------+---------+----------+------------+

+ Latency: 
    * Summary: 
    +---------+---------+-----------+-----------+-----+-----+---------+
    |  Latency (cycles) |   Latency (absolute)  |  Interval | Pipeline|
    |   min   |   max   |    min    |    max    | min | max |   Type  |
    +---------+---------+-----------+-----------+-----+-----+---------+
    |        2|        2|  10.000 ns|  10.000 ns|    1|    1|      yes|
    +---------+---------+-----------+-----------+-----+-----+---------+

    + Detail: 
        * Instance: 
        N/A

        * Loop: 
        N/A



================================================================
== Utilization Estimates
================================================================
* Summary: 
+-----------------+---------+-----+--------+-------+-----+
|       Name      | BRAM_18K| DSP |   FF   |  LUT  | URAM|
+-----------------+---------+-----+--------+-------+-----+
|DSP              |        -|    -|       -|      -|    -|
|Expression       |        -|    -|       0|    387|    -|
|FIFO             |        -|    -|       -|      -|    -|
|Instance         |        -|    0|       0|    246|    -|
|Memory           |        -|    -|       -|      -|    -|
|Multiplexer      |        -|    -|       -|      -|    -|
|Register         |        -|    -|     233|      -|    -|
+-----------------+---------+-----+--------+-------+-----+
|Total            |        0|    0|     233|    633|    0|
+-----------------+---------+-----+--------+-------+-----+
|Available        |      280|  220|  106400|  53200|    0|
+-----------------+---------+-----+--------+-------+-----+
|Utilization (%)  |        0|    0|      ~0|      1|    0|
+-----------------+---------+-----+--------+-------+-----+

+ Detail: 
    * Instance: 
    +-------------------------+--------------------+---------+----+---+----+-----+
    |         Instance        |       Module       | BRAM_18K| DSP| FF| LUT| URAM|
    +-------------------------+--------------------+---------+----+---+----+-----+
    |mul_8ns_7ns_14_1_1_U274  |mul_8ns_7ns_14_1_1  |        0|   0|  0|  41|    0|
    |mul_8ns_7s_15_1_1_U270   |mul_8ns_7s_15_1_1   |        0|   0|  0|  41|    0|
    |mul_8ns_8ns_15_1_1_U271  |mul_8ns_8ns_15_1_1  |        0|   0|  0|  41|    0|
    |mul_8ns_8ns_15_1_1_U272  |mul_8ns_8ns_15_1_1  |        0|   0|  0|  41|    0|
    |mul_8ns_8ns_15_1_1_U275  |mul_8ns_8ns_15_1_1  |        0|   0|  0|  41|    0|
    |mul_8ns_8s_16_1_1_U273   |mul_8ns_8s_16_1_1   |        0|   0|  0|  41|    0|
    +-------------------------+--------------------+---------+----+---+----+-----+
    |Total                    |                    |        0|   0|  0| 246|    0|
    +-------------------------+--------------------+---------+----+---+----+-----+

    * DSP: 
    N/A

    * Memory: 
    N/A

    * FIFO: 
    N/A

    * Expression: 
    +------------------------+----------+----+---+----+------------+------------+
    |      Variable Name     | Operation| DSP| FF| LUT| Bitwidth P0| Bitwidth P1|
    +------------------------+----------+----+---+----+------------+------------+
    |add_ln58_10_fu_1014_p2  |         +|   0|  0|  14|          13|          13|
    |add_ln58_11_fu_879_p2   |         +|   0|  0|  12|          11|          11|
    |add_ln58_12_fu_885_p2   |         +|   0|  0|  12|          11|           8|
    |add_ln58_13_fu_965_p2   |         +|   0|  0|  12|          12|          12|
    |add_ln58_14_fu_971_p2   |         +|   0|  0|  12|          12|          12|
    |add_ln58_15_fu_977_p2   |         +|   0|  0|  12|          12|          12|
    |add_ln58_16_fu_983_p2   |         +|   0|  0|  12|          12|           8|
    |add_ln58_17_fu_1033_p2  |         +|   0|  0|  13|          13|          13|
    |add_ln58_18_fu_1039_p2  |         +|   0|  0|  13|          13|          13|
    |add_ln58_4_fu_930_p2    |         +|   0|  0|  12|          12|           9|
    |add_ln58_5_fu_936_p2    |         +|   0|  0|  12|          12|          12|
    |add_ln58_6_fu_998_p2    |         +|   0|  0|  14|          13|          13|
    |add_ln58_7_fu_942_p2    |         +|   0|  0|  13|          10|          10|
    |add_ln58_8_fu_947_p2    |         +|   0|  0|  12|          12|           4|
    |add_ln58_9_fu_953_p2    |         +|   0|  0|  12|          12|          12|
    |add_ln58_fu_924_p2      |         +|   0|  0|  12|          11|          11|
    |add_ln73_fu_608_p2      |         +|   0|  0|  14|          13|          13|
    |sub_ln73_1_fu_681_p2    |         -|   0|  0|  20|          15|          15|
    |sub_ln73_2_fu_728_p2    |         -|   0|  0|  23|           1|          16|
    |sub_ln73_3_fu_754_p2    |         -|   0|  0|  20|          15|          15|
    |sub_ln73_4_fu_801_p2    |         -|   0|  0|  23|           1|          16|
    |sub_ln73_5_fu_807_p2    |         -|   0|  0|  23|          16|          16|
    |sub_ln73_6_fu_831_p2    |         -|   0|  0|  20|          15|          15|
    |sub_ln73_7_fu_863_p2    |         -|   0|  0|  23|          16|          16|
    |sub_ln73_fu_570_p2      |         -|   0|  0|  20|          15|          15|
    |ap_enable_pp0           |       xor|   0|  0|   2|           1|           2|
    +------------------------+----------+----+---+----+------------+------------+
    |Total                   |          |   0|  0| 387|         299|         312|
    +------------------------+----------+----+---+----+------------+------------+

    * Multiplexer: 
    N/A

    * Register: 
    +-------------------------------------+----+----+-----+-----------+
    |                 Name                | FF | LUT| Bits| Const Bits|
    +-------------------------------------+----+----+-----+-----------+
    |add_ln58_11_reg_1134                 |  11|   0|   11|          0|
    |add_ln58_12_reg_1139                 |  11|   0|   11|          0|
    |add_ln58_14_reg_1164                 |  12|   0|   12|          0|
    |add_ln58_15_reg_1169                 |  12|   0|   12|          0|
    |add_ln58_16_reg_1174                 |  12|   0|   12|          0|
    |add_ln58_5_reg_1149                  |  12|   0|   12|          0|
    |add_ln58_7_reg_1154                  |  10|   0|   10|          0|
    |add_ln58_9_reg_1159                  |  12|   0|   12|          0|
    |add_ln58_reg_1144                    |  11|   0|   11|          0|
    |ap_CS_fsm                            |   1|   0|    1|          0|
    |ap_enable_reg_pp0_iter1              |   1|   0|    1|          0|
    |ap_enable_reg_pp0_iter2              |   1|   0|    1|          0|
    |tmp_10_reg_1119                      |  10|   0|   10|          0|
    |tmp_4_reg_1078                       |   7|   0|    7|          0|
    |tmp_6_reg_1083                       |  10|   0|   10|          0|
    |tmp_7_reg_1088                       |   9|   0|    9|          0|
    |tmp_9_reg_1114                       |  10|   0|   10|          0|
    |tmp_reg_1073                         |  10|   0|   10|          0|
    |trunc_ln42_1_reg_1098                |  11|   0|   11|          0|
    |trunc_ln42_2_reg_1103                |   9|   0|   11|          2|
    |trunc_ln42_2_reg_1103_pp0_iter1_reg  |   9|   0|   11|          2|
    |trunc_ln42_3_reg_1124                |  11|   0|   11|          0|
    |trunc_ln42_4_reg_1129                |  11|   0|   11|          0|
    |trunc_ln73_3_reg_1109                |  10|   0|   10|          0|
    |trunc_ln_reg_1093                    |  10|   0|   10|          0|
    +-------------------------------------+----+----+-----+-----------+
    |Total                                | 233|   0|  237|          4|
    +-------------------------------------+----+----+-----+-----------+



================================================================
== Interface
================================================================
* Summary: 
+-------------+-----+-----+------------+-----------------------------------------------------------------------------+--------------+
|  RTL Ports  | Dir | Bits|  Protocol  |                                Source Object                                |    C Type    |
+-------------+-----+-----+------------+-----------------------------------------------------------------------------+--------------+
|ap_clk       |   in|    1|  ap_ctrl_hs|  dense_latency<ap_ufixed<8, 0, 4, 0, 0>, ap_fixed<16, 6, 5, 3, 0>, config19>|  return value|
|ap_rst       |   in|    1|  ap_ctrl_hs|  dense_latency<ap_ufixed<8, 0, 4, 0, 0>, ap_fixed<16, 6, 5, 3, 0>, config19>|  return value|
|ap_start     |   in|    1|  ap_ctrl_hs|  dense_latency<ap_ufixed<8, 0, 4, 0, 0>, ap_fixed<16, 6, 5, 3, 0>, config19>|  return value|
|ap_done      |  out|    1|  ap_ctrl_hs|  dense_latency<ap_ufixed<8, 0, 4, 0, 0>, ap_fixed<16, 6, 5, 3, 0>, config19>|  return value|
|ap_idle      |  out|    1|  ap_ctrl_hs|  dense_latency<ap_ufixed<8, 0, 4, 0, 0>, ap_fixed<16, 6, 5, 3, 0>, config19>|  return value|
|ap_ready     |  out|    1|  ap_ctrl_hs|  dense_latency<ap_ufixed<8, 0, 4, 0, 0>, ap_fixed<16, 6, 5, 3, 0>, config19>|  return value|
|ap_ce        |   in|    1|  ap_ctrl_hs|  dense_latency<ap_ufixed<8, 0, 4, 0, 0>, ap_fixed<16, 6, 5, 3, 0>, config19>|  return value|
|ap_return_0  |  out|   16|  ap_ctrl_hs|  dense_latency<ap_ufixed<8, 0, 4, 0, 0>, ap_fixed<16, 6, 5, 3, 0>, config19>|  return value|
|ap_return_1  |  out|   16|  ap_ctrl_hs|  dense_latency<ap_ufixed<8, 0, 4, 0, 0>, ap_fixed<16, 6, 5, 3, 0>, config19>|  return value|
|ap_return_2  |  out|   16|  ap_ctrl_hs|  dense_latency<ap_ufixed<8, 0, 4, 0, 0>, ap_fixed<16, 6, 5, 3, 0>, config19>|  return value|
|ap_return_3  |  out|   16|  ap_ctrl_hs|  dense_latency<ap_ufixed<8, 0, 4, 0, 0>, ap_fixed<16, 6, 5, 3, 0>, config19>|  return value|
|data_0_val   |   in|    8|     ap_none|                                                                   data_0_val|        scalar|
|data_1_val   |   in|    8|     ap_none|                                                                   data_1_val|        scalar|
|data_2_val   |   in|    8|     ap_none|                                                                   data_2_val|        scalar|
|data_3_val   |   in|    8|     ap_none|                                                                   data_3_val|        scalar|
+-------------+-----+-----+------------+-----------------------------------------------------------------------------+--------------+

