WARN: Unable to import optimizer(s) from expr_templates.py: No module named 'sympy'
WARNING: Failed to import handlers from convolution.py: No module named 'torch'.
WARNING: Failed to import handlers from core.py: No module named 'torch'.
WARNING: Failed to import handlers from merge.py: No module named 'torch'.
WARNING: Failed to import handlers from pooling.py: No module named 'torch'.
WARNING: Failed to import handlers from reshape.py: No module named 'torch'.
Total time: 5196.904735803604
Time per execution: 103.93809492111205
Time per epoch: 4.15752380065918
Total time: 5447.452700138092
Time per execution: 108.94905435085296
Time per epoch: 4.357962178039551
Total time: 5347.63264131546
Time per execution: 106.9526530265808
Time per epoch: 4.2781061252593995
Total time: 5071.940579175949
Time per execution: 101.43881184101105
Time per epoch: 4.057552478599548
Total time: 6331.370475769043
Time per execution: 126.62740972042084
Time per epoch: 5.065096393203735
Total time: 27631.926564455032
