

================================================================
== Vitis HLS Report for 'myproject'
================================================================
* Date:           Tue Mar  3 12:18:49 2026

* Version:        2024.1 (Build 5069499 on May 21 2024)
* Project:        myproject_prj
* Solution:       solution1 (Vivado IP Flow Target)
* Product family: zynq
* Target device:  xc7z020-clg400-1


================================================================
== Performance Estimates
================================================================
+ Timing: 
    * Summary: 
    +--------+---------+----------+------------+
    |  Clock |  Target | Estimated| Uncertainty|
    +--------+---------+----------+------------+
    |ap_clk  |  5.00 ns|  4.362 ns|     0.62 ns|
    +--------+---------+----------+------------+

+ Latency: 
    * Summary: 
    +---------+---------+----------+----------+-----+-----+---------+
    |  Latency (cycles) |  Latency (absolute) |  Interval | Pipeline|
    |   min   |   max   |    min   |    max   | min | max |   Type  |
    +---------+---------+----------+----------+-----+-----+---------+
    |       23|       23|  0.115 us|  0.115 us|    1|    1|      yes|
    +---------+---------+----------+----------+-----+-----+---------+

    + Detail: 
        * Instance: 
        +-------------------------------------------------------------------------------+--------------------------------------------------------------------+---------+---------+-----------+-----------+-----+-----+---------+
        |                                                                               |                                                                    |  Latency (cycles) |   Latency (absolute)  |  Interval | Pipeline|
        |                                    Instance                                   |                               Module                               |   min   |   max   |    min    |    max    | min | max |   Type  |
        +-------------------------------------------------------------------------------+--------------------------------------------------------------------+---------+---------+-----------+-----------+-----+-----+---------+
        |call_ret1_concatenate1d_ap_fixed_ap_fixed_ap_fixed_16_6_5_3_0_config3_s_fu_83  |concatenate1d_ap_fixed_ap_fixed_ap_fixed_16_6_5_3_0_config3_s       |        0|        0|       0 ns|       0 ns|    1|    1|      yes|
        |call_ret2_concatenate1d_ap_fixed_ap_fixed_ap_fixed_16_6_5_3_0_config5_s_fu_91  |concatenate1d_ap_fixed_ap_fixed_ap_fixed_16_6_5_3_0_config5_s       |        0|        0|       0 ns|       0 ns|    1|    1|      yes|
        |call_ret3_concatenate1d_ap_fixed_ap_fixed_ap_fixed_16_6_5_3_0_config7_s_fu_99  |concatenate1d_ap_fixed_ap_fixed_ap_fixed_16_6_5_3_0_config7_s       |        0|        0|       0 ns|       0 ns|    1|    1|      yes|
        |grp_dense_latency_ap_fixed_16_6_5_3_0_ap_fixed_16_6_5_3_0_config8_s_fu_108     |dense_latency_ap_fixed_16_6_5_3_0_ap_fixed_16_6_5_3_0_config8_s     |        3|        3|  15.000 ns|  15.000 ns|    1|    1|      yes|
        |call_ret5_relu_ap_fixed_16_6_5_3_0_ap_fixed_16_6_5_3_0_relu_config9_s_fu_116   |relu_ap_fixed_16_6_5_3_0_ap_fixed_16_6_5_3_0_relu_config9_s         |        0|        0|       0 ns|       0 ns|    1|    1|      yes|
        |grp_dense_latency_ap_fixed_16_6_5_3_0_ap_fixed_16_6_5_3_0_config10_s_fu_127    |dense_latency_ap_fixed_16_6_5_3_0_ap_fixed_16_6_5_3_0_config10_s    |        4|        4|  20.000 ns|  20.000 ns|    1|    1|      yes|
        |call_ret7_relu_ap_fixed_16_6_5_3_0_ap_fixed_16_6_5_3_0_relu_config11_s_fu_138  |relu_ap_fixed_16_6_5_3_0_ap_fixed_16_6_5_3_0_relu_config11_s        |        0|        0|       0 ns|       0 ns|    1|    1|      yes|
        |grp_dense_latency_ap_fixed_16_6_5_3_0_ap_fixed_16_6_5_3_0_config12_s_fu_149    |dense_latency_ap_fixed_16_6_5_3_0_ap_fixed_16_6_5_3_0_config12_s    |        4|        4|  20.000 ns|  20.000 ns|    1|    1|      yes|
        |grp_sigmoid_ap_fixed_16_6_5_3_0_ap_fixed_16_6_5_3_0_sigmoid_config13_s_fu_160  |sigmoid_ap_fixed_16_6_5_3_0_ap_fixed_16_6_5_3_0_sigmoid_config13_s  |        3|        3|  15.000 ns|  15.000 ns|    1|    1|      yes|
        +-------------------------------------------------------------------------------+--------------------------------------------------------------------+---------+---------+-----------+-----------+-----+-----+---------+

        * Loop: 
        N/A

============================================================
+ Verbose Summary: Synthesis Manager
============================================================
InlineROM: 1
ExposeGlobal: 0
============================================================
+ Verbose Summary: CDFG Model
============================================================
IsTopModel: 1
ResetActiveHigh: 1
IsCombinational: 0
IsDatapathOnly: 0
HasWiredReturn: 1
HasMFsm: 2
HasVarLatency: 0
IsPipeline: 1
IsRtlPipelined: 1
IsInstanceOverlapped: 0
IsDontTouch: 0
HasImplIP: 0
IsGatedGlobalClock: 0

+ Individual pipeline summary: 
  * Pipeline-0: initiation interval (II) = 1, depth = 24


============================================================
+ Verbose Summary: Schedule
============================================================
* Number of FSM states : 24
* Pipeline : 1
  Pipeline-0 : II = 1, D = 24, States = { 1 2 3 4 5 6 7 8 9 10 11 12 13 14 15 16 17 18 19 20 21 22 23 24 }
* Dataflow Pipeline: 0

* FSM state transitions: 
1 --> 2 
2 --> 3 
3 --> 4 
4 --> 5 
5 --> 6 
6 --> 7 
7 --> 8 
8 --> 9 
9 --> 10 
10 --> 11 
11 --> 12 
12 --> 13 
13 --> 14 
14 --> 15 
15 --> 16 
16 --> 17 
17 --> 18 
18 --> 19 
19 --> 20 
20 --> 21 
21 --> 22 
22 --> 23 
23 --> 24 
24 --> 

* FSM state operations: 

State 1 <SV = 0> <Delay = 3.34>
ST_1 : Operation 25 [1/1] (0.00ns)   --->   "%z_global_read = read i16 @_ssdm_op_Read.ap_vld.i16P0A, i16 %z_global"   --->   Operation 25 'read' 'z_global_read' <Predicate = true> <Delay = 0.00>
ST_1 : Operation 26 [1/1] (0.00ns)   --->   "%x_size_read = read i16 @_ssdm_op_Read.ap_vld.i16P0A, i16 %x_size"   --->   Operation 26 'read' 'x_size_read' <Predicate = true> <Delay = 0.00>
ST_1 : Operation 27 [1/1] (0.00ns)   --->   "%call_ret1 = call i32 @concatenate1d<ap_fixed,ap_fixed,ap_fixed<16,6,5,3,0>,config3>, i16 %z_global_read, i16 %x_size_read" [firmware/myproject.cpp:42]   --->   Operation 27 'call' 'call_ret1' <Predicate = true> <Delay = 0.00> <CoreType = "Generic">   --->   Core 0 '' <Latency = 0> <II = 1> <Delay = 1.00> <Generic> <Opcode : >
ST_1 : Operation 28 [1/1] (0.00ns)   --->   "%layer3_out = extractvalue i32 %call_ret1" [firmware/myproject.cpp:42]   --->   Operation 28 'extractvalue' 'layer3_out' <Predicate = true> <Delay = 0.00>
ST_1 : Operation 29 [1/1] (0.00ns)   --->   "%layer3_out_1 = extractvalue i32 %call_ret1" [firmware/myproject.cpp:42]   --->   Operation 29 'extractvalue' 'layer3_out_1' <Predicate = true> <Delay = 0.00>
ST_1 : Operation 30 [1/1] (0.00ns)   --->   "%y_size_read = read i16 @_ssdm_op_Read.ap_vld.i16P0A, i16 %y_size"   --->   Operation 30 'read' 'y_size_read' <Predicate = true> <Delay = 0.00>
ST_1 : Operation 31 [1/1] (0.00ns)   --->   "%call_ret2 = call i48 @concatenate1d<ap_fixed,ap_fixed,ap_fixed<16,6,5,3,0>,config5>, i16 %layer3_out, i16 %layer3_out_1, i16 %y_size_read" [firmware/myproject.cpp:46]   --->   Operation 31 'call' 'call_ret2' <Predicate = true> <Delay = 0.00> <CoreType = "Generic">   --->   Core 0 '' <Latency = 0> <II = 1> <Delay = 1.00> <Generic> <Opcode : >
ST_1 : Operation 32 [1/1] (0.00ns)   --->   "%layer5_out = extractvalue i48 %call_ret2" [firmware/myproject.cpp:46]   --->   Operation 32 'extractvalue' 'layer5_out' <Predicate = true> <Delay = 0.00>
ST_1 : Operation 33 [1/1] (0.00ns)   --->   "%layer5_out_1 = extractvalue i48 %call_ret2" [firmware/myproject.cpp:46]   --->   Operation 33 'extractvalue' 'layer5_out_1' <Predicate = true> <Delay = 0.00>
ST_1 : Operation 34 [1/1] (0.00ns)   --->   "%layer5_out_2 = extractvalue i48 %call_ret2" [firmware/myproject.cpp:46]   --->   Operation 34 'extractvalue' 'layer5_out_2' <Predicate = true> <Delay = 0.00>
ST_1 : Operation 35 [1/1] (0.00ns)   --->   "%y_local_read = read i16 @_ssdm_op_Read.ap_vld.i16P0A, i16 %y_local"   --->   Operation 35 'read' 'y_local_read' <Predicate = true> <Delay = 0.00>
ST_1 : Operation 36 [1/1] (0.00ns)   --->   "%call_ret3 = call i64 @concatenate1d<ap_fixed,ap_fixed,ap_fixed<16,6,5,3,0>,config7>, i16 %layer5_out, i16 %layer5_out_1, i16 %layer5_out_2, i16 %y_local_read" [firmware/myproject.cpp:50]   --->   Operation 36 'call' 'call_ret3' <Predicate = true> <Delay = 0.00> <CoreType = "Generic">   --->   Core 0 '' <Latency = 0> <II = 1> <Delay = 1.00> <Generic> <Opcode : >
ST_1 : Operation 37 [1/1] (0.00ns)   --->   "%layer7_out = extractvalue i64 %call_ret3" [firmware/myproject.cpp:50]   --->   Operation 37 'extractvalue' 'layer7_out' <Predicate = true> <Delay = 0.00>
ST_1 : Operation 38 [1/1] (0.00ns)   --->   "%layer7_out_1 = extractvalue i64 %call_ret3" [firmware/myproject.cpp:50]   --->   Operation 38 'extractvalue' 'layer7_out_1' <Predicate = true> <Delay = 0.00>
ST_1 : Operation 39 [1/1] (0.00ns)   --->   "%layer7_out_2 = extractvalue i64 %call_ret3" [firmware/myproject.cpp:50]   --->   Operation 39 'extractvalue' 'layer7_out_2' <Predicate = true> <Delay = 0.00>
ST_1 : Operation 40 [1/1] (0.00ns)   --->   "%layer7_out_3 = extractvalue i64 %call_ret3" [firmware/myproject.cpp:50]   --->   Operation 40 'extractvalue' 'layer7_out_3' <Predicate = true> <Delay = 0.00>
ST_1 : Operation 41 [5/5] (3.34ns)   --->   "%call_ret4 = call i112 @dense_latency<ap_fixed<16, 6, 5, 3, 0>, ap_fixed<16, 6, 5, 3, 0>, config8>, i16 %layer7_out, i16 %layer7_out_1, i16 %layer7_out_2, i16 %layer7_out_3" [firmware/nnet_utils/nnet_dense.h:41->firmware/myproject.cpp:54]   --->   Operation 41 'call' 'call_ret4' <Predicate = true> <Delay = 3.34> <CoreType = "Generic">   --->   Core 0 '' <Latency = 0> <II = 1> <Delay = 1.00> <Generic> <Opcode : >

State 2 <SV = 1> <Delay = 4.25>
ST_2 : Operation 42 [4/5] (4.25ns)   --->   "%call_ret4 = call i112 @dense_latency<ap_fixed<16, 6, 5, 3, 0>, ap_fixed<16, 6, 5, 3, 0>, config8>, i16 %layer7_out, i16 %layer7_out_1, i16 %layer7_out_2, i16 %layer7_out_3" [firmware/nnet_utils/nnet_dense.h:41->firmware/myproject.cpp:54]   --->   Operation 42 'call' 'call_ret4' <Predicate = true> <Delay = 4.25> <CoreType = "Generic">   --->   Core 0 '' <Latency = 0> <II = 1> <Delay = 1.00> <Generic> <Opcode : >

State 3 <SV = 2> <Delay = 4.25>
ST_3 : Operation 43 [3/5] (4.25ns)   --->   "%call_ret4 = call i112 @dense_latency<ap_fixed<16, 6, 5, 3, 0>, ap_fixed<16, 6, 5, 3, 0>, config8>, i16 %layer7_out, i16 %layer7_out_1, i16 %layer7_out_2, i16 %layer7_out_3" [firmware/nnet_utils/nnet_dense.h:41->firmware/myproject.cpp:54]   --->   Operation 43 'call' 'call_ret4' <Predicate = true> <Delay = 4.25> <CoreType = "Generic">   --->   Core 0 '' <Latency = 0> <II = 1> <Delay = 1.00> <Generic> <Opcode : >

State 4 <SV = 3> <Delay = 4.25>
ST_4 : Operation 44 [2/5] (4.25ns)   --->   "%call_ret4 = call i112 @dense_latency<ap_fixed<16, 6, 5, 3, 0>, ap_fixed<16, 6, 5, 3, 0>, config8>, i16 %layer7_out, i16 %layer7_out_1, i16 %layer7_out_2, i16 %layer7_out_3" [firmware/nnet_utils/nnet_dense.h:41->firmware/myproject.cpp:54]   --->   Operation 44 'call' 'call_ret4' <Predicate = true> <Delay = 4.25> <CoreType = "Generic">   --->   Core 0 '' <Latency = 0> <II = 1> <Delay = 1.00> <Generic> <Opcode : >

State 5 <SV = 4> <Delay = 3.90>
ST_5 : Operation 45 [1/5] (3.90ns)   --->   "%call_ret4 = call i112 @dense_latency<ap_fixed<16, 6, 5, 3, 0>, ap_fixed<16, 6, 5, 3, 0>, config8>, i16 %layer7_out, i16 %layer7_out_1, i16 %layer7_out_2, i16 %layer7_out_3" [firmware/nnet_utils/nnet_dense.h:41->firmware/myproject.cpp:54]   --->   Operation 45 'call' 'call_ret4' <Predicate = true> <Delay = 3.90> <CoreType = "Generic">   --->   Core 0 '' <Latency = 0> <II = 1> <Delay = 1.00> <Generic> <Opcode : >
ST_5 : Operation 46 [1/1] (0.00ns)   --->   "%layer8_out = extractvalue i112 %call_ret4" [firmware/nnet_utils/nnet_dense.h:41->firmware/myproject.cpp:54]   --->   Operation 46 'extractvalue' 'layer8_out' <Predicate = true> <Delay = 0.00>
ST_5 : Operation 47 [1/1] (0.00ns)   --->   "%layer8_out_1 = extractvalue i112 %call_ret4" [firmware/nnet_utils/nnet_dense.h:41->firmware/myproject.cpp:54]   --->   Operation 47 'extractvalue' 'layer8_out_1' <Predicate = true> <Delay = 0.00>
ST_5 : Operation 48 [1/1] (0.00ns)   --->   "%layer8_out_2 = extractvalue i112 %call_ret4" [firmware/nnet_utils/nnet_dense.h:41->firmware/myproject.cpp:54]   --->   Operation 48 'extractvalue' 'layer8_out_2' <Predicate = true> <Delay = 0.00>
ST_5 : Operation 49 [1/1] (0.00ns)   --->   "%layer8_out_3 = extractvalue i112 %call_ret4" [firmware/nnet_utils/nnet_dense.h:41->firmware/myproject.cpp:54]   --->   Operation 49 'extractvalue' 'layer8_out_3' <Predicate = true> <Delay = 0.00>
ST_5 : Operation 50 [1/1] (0.00ns)   --->   "%layer8_out_4 = extractvalue i112 %call_ret4" [firmware/nnet_utils/nnet_dense.h:41->firmware/myproject.cpp:54]   --->   Operation 50 'extractvalue' 'layer8_out_4' <Predicate = true> <Delay = 0.00>
ST_5 : Operation 51 [1/1] (0.00ns)   --->   "%layer8_out_5 = extractvalue i112 %call_ret4" [firmware/nnet_utils/nnet_dense.h:41->firmware/myproject.cpp:54]   --->   Operation 51 'extractvalue' 'layer8_out_5' <Predicate = true> <Delay = 0.00>
ST_5 : Operation 52 [1/1] (0.00ns)   --->   "%layer8_out_6 = extractvalue i112 %call_ret4" [firmware/nnet_utils/nnet_dense.h:41->firmware/myproject.cpp:54]   --->   Operation 52 'extractvalue' 'layer8_out_6' <Predicate = true> <Delay = 0.00>

State 6 <SV = 5> <Delay = 2.83>
ST_6 : Operation 53 [1/1] (2.83ns)   --->   "%call_ret5 = call i112 @relu<ap_fixed<16, 6, 5, 3, 0>, ap_fixed<16, 6, 5, 3, 0>, relu_config9>, i16 %layer8_out, i16 %layer8_out_1, i16 %layer8_out_2, i16 %layer8_out_3, i16 %layer8_out_4, i16 %layer8_out_5, i16 %layer8_out_6" [firmware/myproject.cpp:58]   --->   Operation 53 'call' 'call_ret5' <Predicate = true> <Delay = 2.83> <CoreType = "Generic">   --->   Core 0 '' <Latency = 0> <II = 1> <Delay = 1.00> <Generic> <Opcode : >
ST_6 : Operation 54 [1/1] (0.00ns)   --->   "%layer9_out = extractvalue i112 %call_ret5" [firmware/myproject.cpp:58]   --->   Operation 54 'extractvalue' 'layer9_out' <Predicate = true> <Delay = 0.00>
ST_6 : Operation 55 [1/1] (0.00ns)   --->   "%layer9_out_1 = extractvalue i112 %call_ret5" [firmware/myproject.cpp:58]   --->   Operation 55 'extractvalue' 'layer9_out_1' <Predicate = true> <Delay = 0.00>
ST_6 : Operation 56 [1/1] (0.00ns)   --->   "%layer9_out_2 = extractvalue i112 %call_ret5" [firmware/myproject.cpp:58]   --->   Operation 56 'extractvalue' 'layer9_out_2' <Predicate = true> <Delay = 0.00>
ST_6 : Operation 57 [1/1] (0.00ns)   --->   "%layer9_out_3 = extractvalue i112 %call_ret5" [firmware/myproject.cpp:58]   --->   Operation 57 'extractvalue' 'layer9_out_3' <Predicate = true> <Delay = 0.00>
ST_6 : Operation 58 [1/1] (0.00ns)   --->   "%layer9_out_4 = extractvalue i112 %call_ret5" [firmware/myproject.cpp:58]   --->   Operation 58 'extractvalue' 'layer9_out_4' <Predicate = true> <Delay = 0.00>
ST_6 : Operation 59 [1/1] (0.00ns)   --->   "%layer9_out_5 = extractvalue i112 %call_ret5" [firmware/myproject.cpp:58]   --->   Operation 59 'extractvalue' 'layer9_out_5' <Predicate = true> <Delay = 0.00>
ST_6 : Operation 60 [1/1] (0.00ns)   --->   "%layer9_out_6 = extractvalue i112 %call_ret5" [firmware/myproject.cpp:58]   --->   Operation 60 'extractvalue' 'layer9_out_6' <Predicate = true> <Delay = 0.00>

State 7 <SV = 6> <Delay = 3.34>
ST_7 : Operation 61 [6/6] (3.34ns)   --->   "%call_ret6 = call i112 @dense_latency<ap_fixed<16, 6, 5, 3, 0>, ap_fixed<16, 6, 5, 3, 0>, config10>, i16 %layer9_out, i16 %layer9_out_1, i16 %layer9_out_2, i16 %layer9_out_3, i16 %layer9_out_4, i16 %layer9_out_5, i16 %layer9_out_6" [firmware/nnet_utils/nnet_dense.h:41->firmware/myproject.cpp:62]   --->   Operation 61 'call' 'call_ret6' <Predicate = true> <Delay = 3.34> <CoreType = "Generic">   --->   Core 0 '' <Latency = 0> <II = 1> <Delay = 1.00> <Generic> <Opcode : >

State 8 <SV = 7> <Delay = 4.36>
ST_8 : Operation 62 [5/6] (4.36ns)   --->   "%call_ret6 = call i112 @dense_latency<ap_fixed<16, 6, 5, 3, 0>, ap_fixed<16, 6, 5, 3, 0>, config10>, i16 %layer9_out, i16 %layer9_out_1, i16 %layer9_out_2, i16 %layer9_out_3, i16 %layer9_out_4, i16 %layer9_out_5, i16 %layer9_out_6" [firmware/nnet_utils/nnet_dense.h:41->firmware/myproject.cpp:62]   --->   Operation 62 'call' 'call_ret6' <Predicate = true> <Delay = 4.36> <CoreType = "Generic">   --->   Core 0 '' <Latency = 0> <II = 1> <Delay = 1.00> <Generic> <Opcode : >

State 9 <SV = 8> <Delay = 4.36>
ST_9 : Operation 63 [4/6] (4.36ns)   --->   "%call_ret6 = call i112 @dense_latency<ap_fixed<16, 6, 5, 3, 0>, ap_fixed<16, 6, 5, 3, 0>, config10>, i16 %layer9_out, i16 %layer9_out_1, i16 %layer9_out_2, i16 %layer9_out_3, i16 %layer9_out_4, i16 %layer9_out_5, i16 %layer9_out_6" [firmware/nnet_utils/nnet_dense.h:41->firmware/myproject.cpp:62]   --->   Operation 63 'call' 'call_ret6' <Predicate = true> <Delay = 4.36> <CoreType = "Generic">   --->   Core 0 '' <Latency = 0> <II = 1> <Delay = 1.00> <Generic> <Opcode : >

State 10 <SV = 9> <Delay = 4.36>
ST_10 : Operation 64 [3/6] (4.36ns)   --->   "%call_ret6 = call i112 @dense_latency<ap_fixed<16, 6, 5, 3, 0>, ap_fixed<16, 6, 5, 3, 0>, config10>, i16 %layer9_out, i16 %layer9_out_1, i16 %layer9_out_2, i16 %layer9_out_3, i16 %layer9_out_4, i16 %layer9_out_5, i16 %layer9_out_6" [firmware/nnet_utils/nnet_dense.h:41->firmware/myproject.cpp:62]   --->   Operation 64 'call' 'call_ret6' <Predicate = true> <Delay = 4.36> <CoreType = "Generic">   --->   Core 0 '' <Latency = 0> <II = 1> <Delay = 1.00> <Generic> <Opcode : >

State 11 <SV = 10> <Delay = 4.36>
ST_11 : Operation 65 [2/6] (4.36ns)   --->   "%call_ret6 = call i112 @dense_latency<ap_fixed<16, 6, 5, 3, 0>, ap_fixed<16, 6, 5, 3, 0>, config10>, i16 %layer9_out, i16 %layer9_out_1, i16 %layer9_out_2, i16 %layer9_out_3, i16 %layer9_out_4, i16 %layer9_out_5, i16 %layer9_out_6" [firmware/nnet_utils/nnet_dense.h:41->firmware/myproject.cpp:62]   --->   Operation 65 'call' 'call_ret6' <Predicate = true> <Delay = 4.36> <CoreType = "Generic">   --->   Core 0 '' <Latency = 0> <II = 1> <Delay = 1.00> <Generic> <Opcode : >

State 12 <SV = 11> <Delay = 3.90>
ST_12 : Operation 66 [1/6] (3.90ns)   --->   "%call_ret6 = call i112 @dense_latency<ap_fixed<16, 6, 5, 3, 0>, ap_fixed<16, 6, 5, 3, 0>, config10>, i16 %layer9_out, i16 %layer9_out_1, i16 %layer9_out_2, i16 %layer9_out_3, i16 %layer9_out_4, i16 %layer9_out_5, i16 %layer9_out_6" [firmware/nnet_utils/nnet_dense.h:41->firmware/myproject.cpp:62]   --->   Operation 66 'call' 'call_ret6' <Predicate = true> <Delay = 3.90> <CoreType = "Generic">   --->   Core 0 '' <Latency = 0> <II = 1> <Delay = 1.00> <Generic> <Opcode : >
ST_12 : Operation 67 [1/1] (0.00ns)   --->   "%layer10_out = extractvalue i112 %call_ret6" [firmware/nnet_utils/nnet_dense.h:41->firmware/myproject.cpp:62]   --->   Operation 67 'extractvalue' 'layer10_out' <Predicate = true> <Delay = 0.00>
ST_12 : Operation 68 [1/1] (0.00ns)   --->   "%layer10_out_1 = extractvalue i112 %call_ret6" [firmware/nnet_utils/nnet_dense.h:41->firmware/myproject.cpp:62]   --->   Operation 68 'extractvalue' 'layer10_out_1' <Predicate = true> <Delay = 0.00>
ST_12 : Operation 69 [1/1] (0.00ns)   --->   "%layer10_out_2 = extractvalue i112 %call_ret6" [firmware/nnet_utils/nnet_dense.h:41->firmware/myproject.cpp:62]   --->   Operation 69 'extractvalue' 'layer10_out_2' <Predicate = true> <Delay = 0.00>
ST_12 : Operation 70 [1/1] (0.00ns)   --->   "%layer10_out_3 = extractvalue i112 %call_ret6" [firmware/nnet_utils/nnet_dense.h:41->firmware/myproject.cpp:62]   --->   Operation 70 'extractvalue' 'layer10_out_3' <Predicate = true> <Delay = 0.00>
ST_12 : Operation 71 [1/1] (0.00ns)   --->   "%layer10_out_4 = extractvalue i112 %call_ret6" [firmware/nnet_utils/nnet_dense.h:41->firmware/myproject.cpp:62]   --->   Operation 71 'extractvalue' 'layer10_out_4' <Predicate = true> <Delay = 0.00>
ST_12 : Operation 72 [1/1] (0.00ns)   --->   "%layer10_out_5 = extractvalue i112 %call_ret6" [firmware/nnet_utils/nnet_dense.h:41->firmware/myproject.cpp:62]   --->   Operation 72 'extractvalue' 'layer10_out_5' <Predicate = true> <Delay = 0.00>
ST_12 : Operation 73 [1/1] (0.00ns)   --->   "%layer10_out_6 = extractvalue i112 %call_ret6" [firmware/nnet_utils/nnet_dense.h:41->firmware/myproject.cpp:62]   --->   Operation 73 'extractvalue' 'layer10_out_6' <Predicate = true> <Delay = 0.00>

State 13 <SV = 12> <Delay = 2.83>
ST_13 : Operation 74 [1/1] (2.83ns)   --->   "%call_ret7 = call i112 @relu<ap_fixed<16, 6, 5, 3, 0>, ap_fixed<16, 6, 5, 3, 0>, relu_config11>, i16 %layer10_out, i16 %layer10_out_1, i16 %layer10_out_2, i16 %layer10_out_3, i16 %layer10_out_4, i16 %layer10_out_5, i16 %layer10_out_6" [firmware/myproject.cpp:66]   --->   Operation 74 'call' 'call_ret7' <Predicate = true> <Delay = 2.83> <CoreType = "Generic">   --->   Core 0 '' <Latency = 0> <II = 1> <Delay = 1.00> <Generic> <Opcode : >
ST_13 : Operation 75 [1/1] (0.00ns)   --->   "%layer11_out = extractvalue i112 %call_ret7" [firmware/myproject.cpp:66]   --->   Operation 75 'extractvalue' 'layer11_out' <Predicate = true> <Delay = 0.00>
ST_13 : Operation 76 [1/1] (0.00ns)   --->   "%layer11_out_1 = extractvalue i112 %call_ret7" [firmware/myproject.cpp:66]   --->   Operation 76 'extractvalue' 'layer11_out_1' <Predicate = true> <Delay = 0.00>
ST_13 : Operation 77 [1/1] (0.00ns)   --->   "%layer11_out_2 = extractvalue i112 %call_ret7" [firmware/myproject.cpp:66]   --->   Operation 77 'extractvalue' 'layer11_out_2' <Predicate = true> <Delay = 0.00>
ST_13 : Operation 78 [1/1] (0.00ns)   --->   "%layer11_out_3 = extractvalue i112 %call_ret7" [firmware/myproject.cpp:66]   --->   Operation 78 'extractvalue' 'layer11_out_3' <Predicate = true> <Delay = 0.00>
ST_13 : Operation 79 [1/1] (0.00ns)   --->   "%layer11_out_4 = extractvalue i112 %call_ret7" [firmware/myproject.cpp:66]   --->   Operation 79 'extractvalue' 'layer11_out_4' <Predicate = true> <Delay = 0.00>
ST_13 : Operation 80 [1/1] (0.00ns)   --->   "%layer11_out_5 = extractvalue i112 %call_ret7" [firmware/myproject.cpp:66]   --->   Operation 80 'extractvalue' 'layer11_out_5' <Predicate = true> <Delay = 0.00>
ST_13 : Operation 81 [1/1] (0.00ns)   --->   "%layer11_out_6 = extractvalue i112 %call_ret7" [firmware/myproject.cpp:66]   --->   Operation 81 'extractvalue' 'layer11_out_6' <Predicate = true> <Delay = 0.00>

State 14 <SV = 13> <Delay = 3.34>
ST_14 : Operation 82 [6/6] (3.34ns)   --->   "%layer12_out = call i16 @dense_latency<ap_fixed<16, 6, 5, 3, 0>, ap_fixed<16, 6, 5, 3, 0>, config12>, i16 %layer11_out, i16 %layer11_out_1, i16 %layer11_out_2, i16 %layer11_out_3, i16 %layer11_out_4, i16 %layer11_out_5, i16 %layer11_out_6" [firmware/nnet_utils/nnet_dense.h:41->firmware/myproject.cpp:70]   --->   Operation 82 'call' 'layer12_out' <Predicate = true> <Delay = 3.34> <CoreType = "Generic">   --->   Core 0 '' <Latency = 0> <II = 1> <Delay = 1.00> <Generic> <Opcode : >

State 15 <SV = 14> <Delay = 3.90>
ST_15 : Operation 83 [5/6] (3.90ns)   --->   "%layer12_out = call i16 @dense_latency<ap_fixed<16, 6, 5, 3, 0>, ap_fixed<16, 6, 5, 3, 0>, config12>, i16 %layer11_out, i16 %layer11_out_1, i16 %layer11_out_2, i16 %layer11_out_3, i16 %layer11_out_4, i16 %layer11_out_5, i16 %layer11_out_6" [firmware/nnet_utils/nnet_dense.h:41->firmware/myproject.cpp:70]   --->   Operation 83 'call' 'layer12_out' <Predicate = true> <Delay = 3.90> <CoreType = "Generic">   --->   Core 0 '' <Latency = 0> <II = 1> <Delay = 1.00> <Generic> <Opcode : >

State 16 <SV = 15> <Delay = 3.90>
ST_16 : Operation 84 [4/6] (3.90ns)   --->   "%layer12_out = call i16 @dense_latency<ap_fixed<16, 6, 5, 3, 0>, ap_fixed<16, 6, 5, 3, 0>, config12>, i16 %layer11_out, i16 %layer11_out_1, i16 %layer11_out_2, i16 %layer11_out_3, i16 %layer11_out_4, i16 %layer11_out_5, i16 %layer11_out_6" [firmware/nnet_utils/nnet_dense.h:41->firmware/myproject.cpp:70]   --->   Operation 84 'call' 'layer12_out' <Predicate = true> <Delay = 3.90> <CoreType = "Generic">   --->   Core 0 '' <Latency = 0> <II = 1> <Delay = 1.00> <Generic> <Opcode : >

State 17 <SV = 16> <Delay = 3.90>
ST_17 : Operation 85 [3/6] (3.90ns)   --->   "%layer12_out = call i16 @dense_latency<ap_fixed<16, 6, 5, 3, 0>, ap_fixed<16, 6, 5, 3, 0>, config12>, i16 %layer11_out, i16 %layer11_out_1, i16 %layer11_out_2, i16 %layer11_out_3, i16 %layer11_out_4, i16 %layer11_out_5, i16 %layer11_out_6" [firmware/nnet_utils/nnet_dense.h:41->firmware/myproject.cpp:70]   --->   Operation 85 'call' 'layer12_out' <Predicate = true> <Delay = 3.90> <CoreType = "Generic">   --->   Core 0 '' <Latency = 0> <II = 1> <Delay = 1.00> <Generic> <Opcode : >

State 18 <SV = 17> <Delay = 3.90>
ST_18 : Operation 86 [2/6] (3.90ns)   --->   "%layer12_out = call i16 @dense_latency<ap_fixed<16, 6, 5, 3, 0>, ap_fixed<16, 6, 5, 3, 0>, config12>, i16 %layer11_out, i16 %layer11_out_1, i16 %layer11_out_2, i16 %layer11_out_3, i16 %layer11_out_4, i16 %layer11_out_5, i16 %layer11_out_6" [firmware/nnet_utils/nnet_dense.h:41->firmware/myproject.cpp:70]   --->   Operation 86 'call' 'layer12_out' <Predicate = true> <Delay = 3.90> <CoreType = "Generic">   --->   Core 0 '' <Latency = 0> <II = 1> <Delay = 1.00> <Generic> <Opcode : >

State 19 <SV = 18> <Delay = 3.90>
ST_19 : Operation 87 [1/6] (3.90ns)   --->   "%layer12_out = call i16 @dense_latency<ap_fixed<16, 6, 5, 3, 0>, ap_fixed<16, 6, 5, 3, 0>, config12>, i16 %layer11_out, i16 %layer11_out_1, i16 %layer11_out_2, i16 %layer11_out_3, i16 %layer11_out_4, i16 %layer11_out_5, i16 %layer11_out_6" [firmware/nnet_utils/nnet_dense.h:41->firmware/myproject.cpp:70]   --->   Operation 87 'call' 'layer12_out' <Predicate = true> <Delay = 3.90> <CoreType = "Generic">   --->   Core 0 '' <Latency = 0> <II = 1> <Delay = 1.00> <Generic> <Opcode : >

State 20 <SV = 19> <Delay = 4.10>
ST_20 : Operation 88 [5/5] (4.10ns)   --->   "%call_ret = call i10 @sigmoid<ap_fixed<16, 6, 5, 3, 0>, ap_fixed<16, 6, 5, 3, 0>, sigmoid_config13>, i16 %layer12_out, i10 %sigmoid_table" [firmware/myproject.cpp:72]   --->   Operation 88 'call' 'call_ret' <Predicate = true> <Delay = 4.10> <CoreType = "Generic">   --->   Core 0 '' <Latency = 0> <II = 1> <Delay = 1.00> <Generic> <Opcode : >

State 21 <SV = 20> <Delay = 4.10>
ST_21 : Operation 89 [4/5] (4.10ns)   --->   "%call_ret = call i10 @sigmoid<ap_fixed<16, 6, 5, 3, 0>, ap_fixed<16, 6, 5, 3, 0>, sigmoid_config13>, i16 %layer12_out, i10 %sigmoid_table" [firmware/myproject.cpp:72]   --->   Operation 89 'call' 'call_ret' <Predicate = true> <Delay = 4.10> <CoreType = "Generic">   --->   Core 0 '' <Latency = 0> <II = 1> <Delay = 1.00> <Generic> <Opcode : >

State 22 <SV = 21> <Delay = 4.10>
ST_22 : Operation 90 [3/5] (4.10ns)   --->   "%call_ret = call i10 @sigmoid<ap_fixed<16, 6, 5, 3, 0>, ap_fixed<16, 6, 5, 3, 0>, sigmoid_config13>, i16 %layer12_out, i10 %sigmoid_table" [firmware/myproject.cpp:72]   --->   Operation 90 'call' 'call_ret' <Predicate = true> <Delay = 4.10> <CoreType = "Generic">   --->   Core 0 '' <Latency = 0> <II = 1> <Delay = 1.00> <Generic> <Opcode : >

State 23 <SV = 22> <Delay = 4.10>
ST_23 : Operation 91 [2/5] (4.10ns)   --->   "%call_ret = call i10 @sigmoid<ap_fixed<16, 6, 5, 3, 0>, ap_fixed<16, 6, 5, 3, 0>, sigmoid_config13>, i16 %layer12_out, i10 %sigmoid_table" [firmware/myproject.cpp:72]   --->   Operation 91 'call' 'call_ret' <Predicate = true> <Delay = 4.10> <CoreType = "Generic">   --->   Core 0 '' <Latency = 0> <II = 1> <Delay = 1.00> <Generic> <Opcode : >

State 24 <SV = 23> <Delay = 3.25>
ST_24 : Operation 92 [1/1] (0.00ns)   --->   "%specpipeline_ln0 = specpipeline void @_ssdm_op_SpecPipeline, i32 4294967295, i32 0, i32 0, i32 0, void @empty_0"   --->   Operation 92 'specpipeline' 'specpipeline_ln0' <Predicate = true> <Delay = 0.00>
ST_24 : Operation 93 [1/1] (0.00ns)   --->   "%spectopmodule_ln0 = spectopmodule void @_ssdm_op_SpecTopModule, void @empty_2"   --->   Operation 93 'spectopmodule' 'spectopmodule_ln0' <Predicate = true> <Delay = 0.00>
ST_24 : Operation 94 [1/1] (0.00ns)   --->   "%specbitsmap_ln0 = specbitsmap void @_ssdm_op_SpecBitsMap, i16 %z_global"   --->   Operation 94 'specbitsmap' 'specbitsmap_ln0' <Predicate = true> <Delay = 0.00>
ST_24 : Operation 95 [1/1] (0.00ns)   --->   "%specinterface_ln0 = specinterface void @_ssdm_op_SpecInterface, i16 %z_global, void @empty, i32 4294967295, i32 4294967295, void @empty_0, i32 0, i32 0, void @empty_0, void @empty_0, void @empty_0, i32 0, i32 0, i32 0, i32 0, void @empty_0, void @empty_0, i32 4294967295, i32 0, i32 0"   --->   Operation 95 'specinterface' 'specinterface_ln0' <Predicate = true> <Delay = 0.00>
ST_24 : Operation 96 [1/1] (0.00ns)   --->   "%specbitsmap_ln0 = specbitsmap void @_ssdm_op_SpecBitsMap, i16 %x_size"   --->   Operation 96 'specbitsmap' 'specbitsmap_ln0' <Predicate = true> <Delay = 0.00>
ST_24 : Operation 97 [1/1] (0.00ns)   --->   "%specinterface_ln0 = specinterface void @_ssdm_op_SpecInterface, i16 %x_size, void @empty, i32 4294967295, i32 4294967295, void @empty_0, i32 0, i32 0, void @empty_0, void @empty_0, void @empty_0, i32 0, i32 0, i32 0, i32 0, void @empty_0, void @empty_0, i32 4294967295, i32 0, i32 0"   --->   Operation 97 'specinterface' 'specinterface_ln0' <Predicate = true> <Delay = 0.00>
ST_24 : Operation 98 [1/1] (0.00ns)   --->   "%specbitsmap_ln0 = specbitsmap void @_ssdm_op_SpecBitsMap, i16 %y_size"   --->   Operation 98 'specbitsmap' 'specbitsmap_ln0' <Predicate = true> <Delay = 0.00>
ST_24 : Operation 99 [1/1] (0.00ns)   --->   "%specinterface_ln0 = specinterface void @_ssdm_op_SpecInterface, i16 %y_size, void @empty, i32 4294967295, i32 4294967295, void @empty_0, i32 0, i32 0, void @empty_0, void @empty_0, void @empty_0, i32 0, i32 0, i32 0, i32 0, void @empty_0, void @empty_0, i32 4294967295, i32 0, i32 0"   --->   Operation 99 'specinterface' 'specinterface_ln0' <Predicate = true> <Delay = 0.00>
ST_24 : Operation 100 [1/1] (0.00ns)   --->   "%specbitsmap_ln0 = specbitsmap void @_ssdm_op_SpecBitsMap, i16 %y_local"   --->   Operation 100 'specbitsmap' 'specbitsmap_ln0' <Predicate = true> <Delay = 0.00>
ST_24 : Operation 101 [1/1] (0.00ns)   --->   "%specinterface_ln0 = specinterface void @_ssdm_op_SpecInterface, i16 %y_local, void @empty, i32 4294967295, i32 4294967295, void @empty_0, i32 0, i32 0, void @empty_0, void @empty_0, void @empty_0, i32 0, i32 0, i32 0, i32 0, void @empty_0, void @empty_0, i32 4294967295, i32 0, i32 0"   --->   Operation 101 'specinterface' 'specinterface_ln0' <Predicate = true> <Delay = 0.00>
ST_24 : Operation 102 [1/1] (0.00ns)   --->   "%specbitsmap_ln0 = specbitsmap void @_ssdm_op_SpecBitsMap, i16 %layer13_out"   --->   Operation 102 'specbitsmap' 'specbitsmap_ln0' <Predicate = true> <Delay = 0.00>
ST_24 : Operation 103 [1/1] (0.00ns)   --->   "%specinterface_ln0 = specinterface void @_ssdm_op_SpecInterface, i16 %layer13_out, void @empty, i32 4294967295, i32 4294967295, void @empty_0, i32 0, i32 0, void @empty_0, void @empty_0, void @empty_0, i32 0, i32 0, i32 0, i32 0, void @empty_0, void @empty_0, i32 4294967295, i32 0, i32 0"   --->   Operation 103 'specinterface' 'specinterface_ln0' <Predicate = true> <Delay = 0.00>
ST_24 : Operation 104 [1/5] (3.25ns)   --->   "%call_ret = call i10 @sigmoid<ap_fixed<16, 6, 5, 3, 0>, ap_fixed<16, 6, 5, 3, 0>, sigmoid_config13>, i16 %layer12_out, i10 %sigmoid_table" [firmware/myproject.cpp:72]   --->   Operation 104 'call' 'call_ret' <Predicate = true> <Delay = 3.25> <CoreType = "Generic">   --->   Core 0 '' <Latency = 0> <II = 1> <Delay = 1.00> <Generic> <Opcode : >
ST_24 : Operation 105 [1/1] (0.00ns)   --->   "%zext_ln72 = zext i10 %call_ret" [firmware/myproject.cpp:72]   --->   Operation 105 'zext' 'zext_ln72' <Predicate = true> <Delay = 0.00>
ST_24 : Operation 106 [1/1] (0.00ns)   --->   "%write_ln72 = write void @_ssdm_op_Write.ap_vld.i16P0A, i16 %layer13_out, i16 %zext_ln72" [firmware/myproject.cpp:72]   --->   Operation 106 'write' 'write_ln72' <Predicate = true> <Delay = 0.00>
ST_24 : Operation 107 [1/1] (0.00ns)   --->   "%ret_ln74 = ret" [firmware/myproject.cpp:74]   --->   Operation 107 'ret' 'ret_ln74' <Predicate = true> <Delay = 0.00>


============================================================
+ Verbose Summary: Binding
============================================================
STG Binding: 
---------------- STG Properties BEGIN ----------------
- Is combinational: 0
- Is one-state seq: 0
- Is datapath-only: 0
- Is pipelined: 1
- Is top level: 1
Port [ Return ] is wired: 1; IO mode=ap_ctrl_hs:ce=0
Port [ z_global]:  wired=1; compound=0; hidden=0; nouse=0; global=0; static=0; extern=0; dir=0; type=0; pingpong=0; private_global=0; IO mode=ap_vld:ce=0
Port [ x_size]:  wired=1; compound=0; hidden=0; nouse=0; global=0; static=0; extern=0; dir=0; type=0; pingpong=0; private_global=0; IO mode=ap_vld:ce=0
Port [ y_size]:  wired=1; compound=0; hidden=0; nouse=0; global=0; static=0; extern=0; dir=0; type=0; pingpong=0; private_global=0; IO mode=ap_vld:ce=0
Port [ y_local]:  wired=1; compound=0; hidden=0; nouse=0; global=0; static=0; extern=0; dir=0; type=0; pingpong=0; private_global=0; IO mode=ap_vld:ce=0
Port [ layer13_out]:  wired=1; compound=0; hidden=0; nouse=0; global=0; static=0; extern=0; dir=1; type=0; pingpong=0; private_global=0; IO mode=ap_vld:ce=0
Port [ sigmoid_table]:  wired=0; compound=1; hidden=1; nouse=1; global=1; static=1; extern=0; dir=0; type=1; pingpong=0; private_global=0; MemPort=[1]; IO mode=ap_memory:ce=0
---------------- STG Properties END ------------------

---------------- Datapath Model BEGIN ----------------

<LifeTime>
<method=bitvector/>
z_global_read     (read         ) [ 0000000000000000000000000]
x_size_read       (read         ) [ 0000000000000000000000000]
call_ret1         (call         ) [ 0000000000000000000000000]
layer3_out        (extractvalue ) [ 0000000000000000000000000]
layer3_out_1      (extractvalue ) [ 0000000000000000000000000]
y_size_read       (read         ) [ 0000000000000000000000000]
call_ret2         (call         ) [ 0000000000000000000000000]
layer5_out        (extractvalue ) [ 0000000000000000000000000]
layer5_out_1      (extractvalue ) [ 0000000000000000000000000]
layer5_out_2      (extractvalue ) [ 0000000000000000000000000]
y_local_read      (read         ) [ 0000000000000000000000000]
call_ret3         (call         ) [ 0000000000000000000000000]
layer7_out        (extractvalue ) [ 0111110000000000000000000]
layer7_out_1      (extractvalue ) [ 0111110000000000000000000]
layer7_out_2      (extractvalue ) [ 0111110000000000000000000]
layer7_out_3      (extractvalue ) [ 0111110000000000000000000]
call_ret4         (call         ) [ 0000000000000000000000000]
layer8_out        (extractvalue ) [ 0100001000000000000000000]
layer8_out_1      (extractvalue ) [ 0100001000000000000000000]
layer8_out_2      (extractvalue ) [ 0100001000000000000000000]
layer8_out_3      (extractvalue ) [ 0100001000000000000000000]
layer8_out_4      (extractvalue ) [ 0100001000000000000000000]
layer8_out_5      (extractvalue ) [ 0100001000000000000000000]
layer8_out_6      (extractvalue ) [ 0100001000000000000000000]
call_ret5         (call         ) [ 0000000000000000000000000]
layer9_out        (extractvalue ) [ 0100000111111000000000000]
layer9_out_1      (extractvalue ) [ 0100000111111000000000000]
layer9_out_2      (extractvalue ) [ 0100000111111000000000000]
layer9_out_3      (extractvalue ) [ 0100000111111000000000000]
layer9_out_4      (extractvalue ) [ 0100000111111000000000000]
layer9_out_5      (extractvalue ) [ 0100000111111000000000000]
layer9_out_6      (extractvalue ) [ 0100000111111000000000000]
call_ret6         (call         ) [ 0000000000000000000000000]
layer10_out       (extractvalue ) [ 0100000000000100000000000]
layer10_out_1     (extractvalue ) [ 0100000000000100000000000]
layer10_out_2     (extractvalue ) [ 0100000000000100000000000]
layer10_out_3     (extractvalue ) [ 0100000000000100000000000]
layer10_out_4     (extractvalue ) [ 0100000000000100000000000]
layer10_out_5     (extractvalue ) [ 0100000000000100000000000]
layer10_out_6     (extractvalue ) [ 0100000000000100000000000]
call_ret7         (call         ) [ 0000000000000000000000000]
layer11_out       (extractvalue ) [ 0100000000000011111100000]
layer11_out_1     (extractvalue ) [ 0100000000000011111100000]
layer11_out_2     (extractvalue ) [ 0100000000000011111100000]
layer11_out_3     (extractvalue ) [ 0100000000000011111100000]
layer11_out_4     (extractvalue ) [ 0100000000000011111100000]
layer11_out_5     (extractvalue ) [ 0100000000000011111100000]
layer11_out_6     (extractvalue ) [ 0100000000000011111100000]
layer12_out       (call         ) [ 0100000000000000000011111]
specpipeline_ln0  (specpipeline ) [ 0000000000000000000000000]
spectopmodule_ln0 (spectopmodule) [ 0000000000000000000000000]
specbitsmap_ln0   (specbitsmap  ) [ 0000000000000000000000000]
specinterface_ln0 (specinterface) [ 0000000000000000000000000]
specbitsmap_ln0   (specbitsmap  ) [ 0000000000000000000000000]
specinterface_ln0 (specinterface) [ 0000000000000000000000000]
specbitsmap_ln0   (specbitsmap  ) [ 0000000000000000000000000]
specinterface_ln0 (specinterface) [ 0000000000000000000000000]
specbitsmap_ln0   (specbitsmap  ) [ 0000000000000000000000000]
specinterface_ln0 (specinterface) [ 0000000000000000000000000]
specbitsmap_ln0   (specbitsmap  ) [ 0000000000000000000000000]
specinterface_ln0 (specinterface) [ 0000000000000000000000000]
call_ret          (call         ) [ 0000000000000000000000000]
zext_ln72         (zext         ) [ 0000000000000000000000000]
write_ln72        (write        ) [ 0000000000000000000000000]
ret_ln74          (ret          ) [ 0000000000000000000000000]
</LifeTime>

<model>

<comp_list>
<comp id="0" class="1000" name="z_global">
<pin_list>
<pin id="1" dir="1" index="0" bw="1" slack="0"/>
</pin_list>
<bind>
<StgValue><ssdm name="z_global"/></StgValue>
</bind>
</comp>

<comp id="2" class="1000" name="x_size">
<pin_list>
<pin id="3" dir="1" index="0" bw="1" slack="0"/>
</pin_list>
<bind>
<StgValue><ssdm name="x_size"/></StgValue>
</bind>
</comp>

<comp id="4" class="1000" name="y_size">
<pin_list>
<pin id="5" dir="1" index="0" bw="1" slack="0"/>
</pin_list>
<bind>
<StgValue><ssdm name="y_size"/></StgValue>
</bind>
</comp>

<comp id="6" class="1000" name="y_local">
<pin_list>
<pin id="7" dir="1" index="0" bw="1" slack="0"/>
</pin_list>
<bind>
<StgValue><ssdm name="y_local"/></StgValue>
</bind>
</comp>

<comp id="8" class="1000" name="layer13_out">
<pin_list>
<pin id="9" dir="1" index="0" bw="1" slack="0"/>
</pin_list>
<bind>
<StgValue><ssdm name="layer13_out"/></StgValue>
</bind>
</comp>

<comp id="10" class="1000" name="sigmoid_table">
<pin_list>
<pin id="11" dir="1" index="0" bw="1" slack="0"/>
</pin_list>
<bind>
<StgValue><ssdm name="sigmoid_table"/><MemPortTyVec>1 </MemPortTyVec>
</StgValue>
</bind>
</comp>

<comp id="12" class="1001" name="const_12">
<pin_list>
<pin id="13" dir="1" index="0" bw="1" slack="0"/>
</pin_list>
<bind>
<StgValue><ssdm name="_ssdm_op_Read.ap_vld.i16P0A"/></StgValue>
</bind>
</comp>

<comp id="14" class="1001" name="const_14">
<pin_list>
<pin id="15" dir="1" index="0" bw="1" slack="0"/>
</pin_list>
<bind>
<StgValue><ssdm name="concatenate1d<ap_fixed,ap_fixed,ap_fixed<16,6,5,3,0>,config3>"/></StgValue>
</bind>
</comp>

<comp id="16" class="1001" name="const_16">
<pin_list>
<pin id="17" dir="1" index="0" bw="1" slack="0"/>
</pin_list>
<bind>
<StgValue><ssdm name="concatenate1d<ap_fixed,ap_fixed,ap_fixed<16,6,5,3,0>,config5>"/></StgValue>
</bind>
</comp>

<comp id="18" class="1001" name="const_18">
<pin_list>
<pin id="19" dir="1" index="0" bw="1" slack="0"/>
</pin_list>
<bind>
<StgValue><ssdm name="concatenate1d<ap_fixed,ap_fixed,ap_fixed<16,6,5,3,0>,config7>"/></StgValue>
</bind>
</comp>

<comp id="20" class="1001" name="const_20">
<pin_list>
<pin id="21" dir="1" index="0" bw="1" slack="0"/>
</pin_list>
<bind>
<StgValue><ssdm name="dense_latency<ap_fixed<16, 6, 5, 3, 0>, ap_fixed<16, 6, 5, 3, 0>, config8>"/></StgValue>
</bind>
</comp>

<comp id="22" class="1001" name="const_22">
<pin_list>
<pin id="23" dir="1" index="0" bw="1" slack="0"/>
</pin_list>
<bind>
<StgValue><ssdm name="relu<ap_fixed<16, 6, 5, 3, 0>, ap_fixed<16, 6, 5, 3, 0>, relu_config9>"/></StgValue>
</bind>
</comp>

<comp id="24" class="1001" name="const_24">
<pin_list>
<pin id="25" dir="1" index="0" bw="1" slack="0"/>
</pin_list>
<bind>
<StgValue><ssdm name="dense_latency<ap_fixed<16, 6, 5, 3, 0>, ap_fixed<16, 6, 5, 3, 0>, config10>"/></StgValue>
</bind>
</comp>

<comp id="26" class="1001" name="const_26">
<pin_list>
<pin id="27" dir="1" index="0" bw="1" slack="0"/>
</pin_list>
<bind>
<StgValue><ssdm name="relu<ap_fixed<16, 6, 5, 3, 0>, ap_fixed<16, 6, 5, 3, 0>, relu_config11>"/></StgValue>
</bind>
</comp>

<comp id="28" class="1001" name="const_28">
<pin_list>
<pin id="29" dir="1" index="0" bw="1" slack="0"/>
</pin_list>
<bind>
<StgValue><ssdm name="dense_latency<ap_fixed<16, 6, 5, 3, 0>, ap_fixed<16, 6, 5, 3, 0>, config12>"/></StgValue>
</bind>
</comp>

<comp id="30" class="1001" name="const_30">
<pin_list>
<pin id="31" dir="1" index="0" bw="1" slack="0"/>
</pin_list>
<bind>
<StgValue><ssdm name="sigmoid<ap_fixed<16, 6, 5, 3, 0>, ap_fixed<16, 6, 5, 3, 0>, sigmoid_config13>"/></StgValue>
</bind>
</comp>

<comp id="32" class="1001" name="const_32">
<pin_list>
<pin id="33" dir="1" index="0" bw="1" slack="2147483647"/>
</pin_list>
<bind>
<StgValue><ssdm name="_ssdm_op_SpecPipeline"/></StgValue>
</bind>
</comp>

<comp id="34" class="1001" name="const_34">
<pin_list>
<pin id="35" dir="1" index="0" bw="1" slack="2147483647"/>
</pin_list>
<bind>
<StgValue><ssdm name=""/></StgValue>
</bind>
</comp>

<comp id="36" class="1001" name="const_36">
<pin_list>
<pin id="37" dir="1" index="0" bw="1" slack="2147483647"/>
</pin_list>
<bind>
<StgValue><ssdm name=""/></StgValue>
</bind>
</comp>

<comp id="38" class="1001" name="const_38">
<pin_list>
<pin id="39" dir="1" index="0" bw="1" slack="2147483647"/>
</pin_list>
<bind>
<StgValue><ssdm name="empty_0"/></StgValue>
</bind>
</comp>

<comp id="40" class="1001" name="const_40">
<pin_list>
<pin id="41" dir="1" index="0" bw="1" slack="2147483647"/>
</pin_list>
<bind>
<StgValue><ssdm name="_ssdm_op_SpecTopModule"/></StgValue>
</bind>
</comp>

<comp id="42" class="1001" name="const_42">
<pin_list>
<pin id="43" dir="1" index="0" bw="1" slack="2147483647"/>
</pin_list>
<bind>
<StgValue><ssdm name="empty_2"/></StgValue>
</bind>
</comp>

<comp id="44" class="1001" name="const_44">
<pin_list>
<pin id="45" dir="1" index="0" bw="1" slack="2147483647"/>
</pin_list>
<bind>
<StgValue><ssdm name="_ssdm_op_SpecBitsMap"/></StgValue>
</bind>
</comp>

<comp id="46" class="1001" name="const_46">
<pin_list>
<pin id="47" dir="1" index="0" bw="1" slack="2147483647"/>
</pin_list>
<bind>
<StgValue><ssdm name="_ssdm_op_SpecInterface"/></StgValue>
</bind>
</comp>

<comp id="48" class="1001" name="const_48">
<pin_list>
<pin id="49" dir="1" index="0" bw="1" slack="2147483647"/>
</pin_list>
<bind>
<StgValue><ssdm name="empty"/></StgValue>
</bind>
</comp>

<comp id="50" class="1001" name="const_50">
<pin_list>
<pin id="51" dir="1" index="0" bw="1" slack="0"/>
</pin_list>
<bind>
<StgValue><ssdm name="_ssdm_op_Write.ap_vld.i16P0A"/></StgValue>
</bind>
</comp>

<comp id="52" class="1004" name="z_global_read_read_fu_52">
<pin_list>
<pin id="53" dir="0" index="0" bw="16" slack="0"/>
<pin id="54" dir="0" index="1" bw="16" slack="0"/>
<pin id="55" dir="1" index="2" bw="16" slack="0"/>
</pin_list>
<bind>
<opcode="read(1150) " fcode="read"/>
<opset="z_global_read/1 "/>
</bind>
</comp>

<comp id="58" class="1004" name="x_size_read_read_fu_58">
<pin_list>
<pin id="59" dir="0" index="0" bw="16" slack="0"/>
<pin id="60" dir="0" index="1" bw="16" slack="0"/>
<pin id="61" dir="1" index="2" bw="16" slack="0"/>
</pin_list>
<bind>
<opcode="read(1150) " fcode="read"/>
<opset="x_size_read/1 "/>
</bind>
</comp>

<comp id="64" class="1004" name="y_size_read_read_fu_64">
<pin_list>
<pin id="65" dir="0" index="0" bw="16" slack="0"/>
<pin id="66" dir="0" index="1" bw="16" slack="0"/>
<pin id="67" dir="1" index="2" bw="16" slack="0"/>
</pin_list>
<bind>
<opcode="read(1150) " fcode="read"/>
<opset="y_size_read/1 "/>
</bind>
</comp>

<comp id="70" class="1004" name="y_local_read_read_fu_70">
<pin_list>
<pin id="71" dir="0" index="0" bw="16" slack="0"/>
<pin id="72" dir="0" index="1" bw="16" slack="0"/>
<pin id="73" dir="1" index="2" bw="16" slack="0"/>
</pin_list>
<bind>
<opcode="read(1150) " fcode="read"/>
<opset="y_local_read/1 "/>
</bind>
</comp>

<comp id="76" class="1004" name="write_ln72_write_fu_76">
<pin_list>
<pin id="77" dir="0" index="0" bw="0" slack="0"/>
<pin id="78" dir="0" index="1" bw="16" slack="0"/>
<pin id="79" dir="0" index="2" bw="10" slack="0"/>
<pin id="80" dir="1" index="3" bw="0" slack="2147483647"/>
</pin_list>
<bind>
<opcode="write(1151) " fcode="write"/>
<opset="write_ln72/24 "/>
</bind>
</comp>

<comp id="83" class="1004" name="call_ret1_concatenate1d_ap_fixed_ap_fixed_ap_fixed_16_6_5_3_0_config3_s_fu_83">
<pin_list>
<pin id="84" dir="0" index="0" bw="32" slack="0"/>
<pin id="85" dir="0" index="1" bw="16" slack="0"/>
<pin id="86" dir="0" index="2" bw="16" slack="0"/>
<pin id="87" dir="1" index="3" bw="32" slack="0"/>
</pin_list>
<bind>
<opcode="call(48) " fcode="call"/>
<opset="call_ret1/1 "/>
</bind>
</comp>

<comp id="91" class="1004" name="call_ret2_concatenate1d_ap_fixed_ap_fixed_ap_fixed_16_6_5_3_0_config5_s_fu_91">
<pin_list>
<pin id="92" dir="0" index="0" bw="48" slack="0"/>
<pin id="93" dir="0" index="1" bw="16" slack="0"/>
<pin id="94" dir="0" index="2" bw="16" slack="0"/>
<pin id="95" dir="0" index="3" bw="16" slack="0"/>
<pin id="96" dir="1" index="4" bw="48" slack="0"/>
</pin_list>
<bind>
<opcode="call(48) " fcode="call"/>
<opset="call_ret2/1 "/>
</bind>
</comp>

<comp id="99" class="1004" name="call_ret3_concatenate1d_ap_fixed_ap_fixed_ap_fixed_16_6_5_3_0_config7_s_fu_99">
<pin_list>
<pin id="100" dir="0" index="0" bw="64" slack="0"/>
<pin id="101" dir="0" index="1" bw="16" slack="0"/>
<pin id="102" dir="0" index="2" bw="16" slack="0"/>
<pin id="103" dir="0" index="3" bw="16" slack="0"/>
<pin id="104" dir="0" index="4" bw="16" slack="0"/>
<pin id="105" dir="1" index="5" bw="64" slack="0"/>
</pin_list>
<bind>
<opcode="call(48) " fcode="call"/>
<opset="call_ret3/1 "/>
</bind>
</comp>

<comp id="108" class="1004" name="grp_dense_latency_ap_fixed_16_6_5_3_0_ap_fixed_16_6_5_3_0_config8_s_fu_108">
<pin_list>
<pin id="109" dir="0" index="0" bw="112" slack="0"/>
<pin id="110" dir="0" index="1" bw="16" slack="0"/>
<pin id="111" dir="0" index="2" bw="16" slack="0"/>
<pin id="112" dir="0" index="3" bw="16" slack="0"/>
<pin id="113" dir="0" index="4" bw="16" slack="0"/>
<pin id="114" dir="1" index="5" bw="112" slack="0"/>
</pin_list>
<bind>
<opcode="call(48) " fcode="call"/>
<opset="call_ret4/1 "/>
</bind>
</comp>

<comp id="116" class="1004" name="call_ret5_relu_ap_fixed_16_6_5_3_0_ap_fixed_16_6_5_3_0_relu_config9_s_fu_116">
<pin_list>
<pin id="117" dir="0" index="0" bw="112" slack="0"/>
<pin id="118" dir="0" index="1" bw="16" slack="1"/>
<pin id="119" dir="0" index="2" bw="16" slack="1"/>
<pin id="120" dir="0" index="3" bw="16" slack="1"/>
<pin id="121" dir="0" index="4" bw="16" slack="1"/>
<pin id="122" dir="0" index="5" bw="16" slack="1"/>
<pin id="123" dir="0" index="6" bw="16" slack="1"/>
<pin id="124" dir="0" index="7" bw="16" slack="1"/>
<pin id="125" dir="1" index="8" bw="112" slack="0"/>
</pin_list>
<bind>
<opcode="call(48) " fcode="call"/>
<opset="call_ret5/6 "/>
</bind>
</comp>

<comp id="127" class="1004" name="grp_dense_latency_ap_fixed_16_6_5_3_0_ap_fixed_16_6_5_3_0_config10_s_fu_127">
<pin_list>
<pin id="128" dir="0" index="0" bw="112" slack="0"/>
<pin id="129" dir="0" index="1" bw="16" slack="1"/>
<pin id="130" dir="0" index="2" bw="16" slack="1"/>
<pin id="131" dir="0" index="3" bw="16" slack="1"/>
<pin id="132" dir="0" index="4" bw="16" slack="1"/>
<pin id="133" dir="0" index="5" bw="16" slack="1"/>
<pin id="134" dir="0" index="6" bw="16" slack="1"/>
<pin id="135" dir="0" index="7" bw="16" slack="1"/>
<pin id="136" dir="1" index="8" bw="112" slack="0"/>
</pin_list>
<bind>
<opcode="call(48) " fcode="call"/>
<opset="call_ret6/7 "/>
</bind>
</comp>

<comp id="138" class="1004" name="call_ret7_relu_ap_fixed_16_6_5_3_0_ap_fixed_16_6_5_3_0_relu_config11_s_fu_138">
<pin_list>
<pin id="139" dir="0" index="0" bw="112" slack="0"/>
<pin id="140" dir="0" index="1" bw="16" slack="1"/>
<pin id="141" dir="0" index="2" bw="16" slack="1"/>
<pin id="142" dir="0" index="3" bw="16" slack="1"/>
<pin id="143" dir="0" index="4" bw="16" slack="1"/>
<pin id="144" dir="0" index="5" bw="16" slack="1"/>
<pin id="145" dir="0" index="6" bw="16" slack="1"/>
<pin id="146" dir="0" index="7" bw="16" slack="1"/>
<pin id="147" dir="1" index="8" bw="112" slack="0"/>
</pin_list>
<bind>
<opcode="call(48) " fcode="call"/>
<opset="call_ret7/13 "/>
</bind>
</comp>

<comp id="149" class="1004" name="grp_dense_latency_ap_fixed_16_6_5_3_0_ap_fixed_16_6_5_3_0_config12_s_fu_149">
<pin_list>
<pin id="150" dir="0" index="0" bw="16" slack="0"/>
<pin id="151" dir="0" index="1" bw="16" slack="1"/>
<pin id="152" dir="0" index="2" bw="16" slack="1"/>
<pin id="153" dir="0" index="3" bw="16" slack="1"/>
<pin id="154" dir="0" index="4" bw="16" slack="1"/>
<pin id="155" dir="0" index="5" bw="16" slack="1"/>
<pin id="156" dir="0" index="6" bw="16" slack="1"/>
<pin id="157" dir="0" index="7" bw="16" slack="1"/>
<pin id="158" dir="1" index="8" bw="16" slack="1"/>
</pin_list>
<bind>
<opcode="call(48) " fcode="call"/>
<opset="layer12_out/14 "/>
</bind>
</comp>

<comp id="160" class="1004" name="grp_sigmoid_ap_fixed_16_6_5_3_0_ap_fixed_16_6_5_3_0_sigmoid_config13_s_fu_160">
<pin_list>
<pin id="161" dir="0" index="0" bw="10" slack="0"/>
<pin id="162" dir="0" index="1" bw="16" slack="1"/>
<pin id="163" dir="0" index="2" bw="10" slack="0"/>
<pin id="164" dir="1" index="3" bw="10" slack="0"/>
</pin_list>
<bind>
<opcode="call(48) " fcode="call"/>
<opset="call_ret/20 "/>
</bind>
</comp>

<comp id="167" class="1004" name="layer3_out_fu_167">
<pin_list>
<pin id="168" dir="0" index="0" bw="32" slack="0"/>
<pin id="169" dir="1" index="1" bw="16" slack="0"/>
</pin_list>
<bind>
<opcode="extractvalue(56) " fcode="extractvalue"/>
<opset="layer3_out/1 "/>
</bind>
</comp>

<comp id="172" class="1004" name="layer3_out_1_fu_172">
<pin_list>
<pin id="173" dir="0" index="0" bw="32" slack="0"/>
<pin id="174" dir="1" index="1" bw="16" slack="0"/>
</pin_list>
<bind>
<opcode="extractvalue(56) " fcode="extractvalue"/>
<opset="layer3_out_1/1 "/>
</bind>
</comp>

<comp id="177" class="1004" name="layer5_out_fu_177">
<pin_list>
<pin id="178" dir="0" index="0" bw="48" slack="0"/>
<pin id="179" dir="1" index="1" bw="16" slack="0"/>
</pin_list>
<bind>
<opcode="extractvalue(56) " fcode="extractvalue"/>
<opset="layer5_out/1 "/>
</bind>
</comp>

<comp id="182" class="1004" name="layer5_out_1_fu_182">
<pin_list>
<pin id="183" dir="0" index="0" bw="48" slack="0"/>
<pin id="184" dir="1" index="1" bw="16" slack="0"/>
</pin_list>
<bind>
<opcode="extractvalue(56) " fcode="extractvalue"/>
<opset="layer5_out_1/1 "/>
</bind>
</comp>

<comp id="187" class="1004" name="layer5_out_2_fu_187">
<pin_list>
<pin id="188" dir="0" index="0" bw="48" slack="0"/>
<pin id="189" dir="1" index="1" bw="16" slack="0"/>
</pin_list>
<bind>
<opcode="extractvalue(56) " fcode="extractvalue"/>
<opset="layer5_out_2/1 "/>
</bind>
</comp>

<comp id="192" class="1004" name="layer7_out_fu_192">
<pin_list>
<pin id="193" dir="0" index="0" bw="64" slack="0"/>
<pin id="194" dir="1" index="1" bw="16" slack="0"/>
</pin_list>
<bind>
<opcode="extractvalue(56) " fcode="extractvalue"/>
<opset="layer7_out/1 "/>
</bind>
</comp>

<comp id="197" class="1004" name="layer7_out_1_fu_197">
<pin_list>
<pin id="198" dir="0" index="0" bw="64" slack="0"/>
<pin id="199" dir="1" index="1" bw="16" slack="0"/>
</pin_list>
<bind>
<opcode="extractvalue(56) " fcode="extractvalue"/>
<opset="layer7_out_1/1 "/>
</bind>
</comp>

<comp id="202" class="1004" name="layer7_out_2_fu_202">
<pin_list>
<pin id="203" dir="0" index="0" bw="64" slack="0"/>
<pin id="204" dir="1" index="1" bw="16" slack="0"/>
</pin_list>
<bind>
<opcode="extractvalue(56) " fcode="extractvalue"/>
<opset="layer7_out_2/1 "/>
</bind>
</comp>

<comp id="207" class="1004" name="layer7_out_3_fu_207">
<pin_list>
<pin id="208" dir="0" index="0" bw="64" slack="0"/>
<pin id="209" dir="1" index="1" bw="16" slack="0"/>
</pin_list>
<bind>
<opcode="extractvalue(56) " fcode="extractvalue"/>
<opset="layer7_out_3/1 "/>
</bind>
</comp>

<comp id="212" class="1004" name="layer8_out_fu_212">
<pin_list>
<pin id="213" dir="0" index="0" bw="112" slack="0"/>
<pin id="214" dir="1" index="1" bw="16" slack="1"/>
</pin_list>
<bind>
<opcode="extractvalue(56) " fcode="extractvalue"/>
<opset="layer8_out/5 "/>
</bind>
</comp>

<comp id="216" class="1004" name="layer8_out_1_fu_216">
<pin_list>
<pin id="217" dir="0" index="0" bw="112" slack="0"/>
<pin id="218" dir="1" index="1" bw="16" slack="1"/>
</pin_list>
<bind>
<opcode="extractvalue(56) " fcode="extractvalue"/>
<opset="layer8_out_1/5 "/>
</bind>
</comp>

<comp id="220" class="1004" name="layer8_out_2_fu_220">
<pin_list>
<pin id="221" dir="0" index="0" bw="112" slack="0"/>
<pin id="222" dir="1" index="1" bw="16" slack="1"/>
</pin_list>
<bind>
<opcode="extractvalue(56) " fcode="extractvalue"/>
<opset="layer8_out_2/5 "/>
</bind>
</comp>

<comp id="224" class="1004" name="layer8_out_3_fu_224">
<pin_list>
<pin id="225" dir="0" index="0" bw="112" slack="0"/>
<pin id="226" dir="1" index="1" bw="16" slack="1"/>
</pin_list>
<bind>
<opcode="extractvalue(56) " fcode="extractvalue"/>
<opset="layer8_out_3/5 "/>
</bind>
</comp>

<comp id="228" class="1004" name="layer8_out_4_fu_228">
<pin_list>
<pin id="229" dir="0" index="0" bw="112" slack="0"/>
<pin id="230" dir="1" index="1" bw="16" slack="1"/>
</pin_list>
<bind>
<opcode="extractvalue(56) " fcode="extractvalue"/>
<opset="layer8_out_4/5 "/>
</bind>
</comp>

<comp id="232" class="1004" name="layer8_out_5_fu_232">
<pin_list>
<pin id="233" dir="0" index="0" bw="112" slack="0"/>
<pin id="234" dir="1" index="1" bw="16" slack="1"/>
</pin_list>
<bind>
<opcode="extractvalue(56) " fcode="extractvalue"/>
<opset="layer8_out_5/5 "/>
</bind>
</comp>

<comp id="236" class="1004" name="layer8_out_6_fu_236">
<pin_list>
<pin id="237" dir="0" index="0" bw="112" slack="0"/>
<pin id="238" dir="1" index="1" bw="16" slack="1"/>
</pin_list>
<bind>
<opcode="extractvalue(56) " fcode="extractvalue"/>
<opset="layer8_out_6/5 "/>
</bind>
</comp>

<comp id="240" class="1004" name="layer9_out_fu_240">
<pin_list>
<pin id="241" dir="0" index="0" bw="112" slack="0"/>
<pin id="242" dir="1" index="1" bw="16" slack="1"/>
</pin_list>
<bind>
<opcode="extractvalue(56) " fcode="extractvalue"/>
<opset="layer9_out/6 "/>
</bind>
</comp>

<comp id="244" class="1004" name="layer9_out_1_fu_244">
<pin_list>
<pin id="245" dir="0" index="0" bw="112" slack="0"/>
<pin id="246" dir="1" index="1" bw="16" slack="1"/>
</pin_list>
<bind>
<opcode="extractvalue(56) " fcode="extractvalue"/>
<opset="layer9_out_1/6 "/>
</bind>
</comp>

<comp id="248" class="1004" name="layer9_out_2_fu_248">
<pin_list>
<pin id="249" dir="0" index="0" bw="112" slack="0"/>
<pin id="250" dir="1" index="1" bw="16" slack="1"/>
</pin_list>
<bind>
<opcode="extractvalue(56) " fcode="extractvalue"/>
<opset="layer9_out_2/6 "/>
</bind>
</comp>

<comp id="252" class="1004" name="layer9_out_3_fu_252">
<pin_list>
<pin id="253" dir="0" index="0" bw="112" slack="0"/>
<pin id="254" dir="1" index="1" bw="16" slack="1"/>
</pin_list>
<bind>
<opcode="extractvalue(56) " fcode="extractvalue"/>
<opset="layer9_out_3/6 "/>
</bind>
</comp>

<comp id="256" class="1004" name="layer9_out_4_fu_256">
<pin_list>
<pin id="257" dir="0" index="0" bw="112" slack="0"/>
<pin id="258" dir="1" index="1" bw="16" slack="1"/>
</pin_list>
<bind>
<opcode="extractvalue(56) " fcode="extractvalue"/>
<opset="layer9_out_4/6 "/>
</bind>
</comp>

<comp id="260" class="1004" name="layer9_out_5_fu_260">
<pin_list>
<pin id="261" dir="0" index="0" bw="112" slack="0"/>
<pin id="262" dir="1" index="1" bw="16" slack="1"/>
</pin_list>
<bind>
<opcode="extractvalue(56) " fcode="extractvalue"/>
<opset="layer9_out_5/6 "/>
</bind>
</comp>

<comp id="264" class="1004" name="layer9_out_6_fu_264">
<pin_list>
<pin id="265" dir="0" index="0" bw="112" slack="0"/>
<pin id="266" dir="1" index="1" bw="16" slack="1"/>
</pin_list>
<bind>
<opcode="extractvalue(56) " fcode="extractvalue"/>
<opset="layer9_out_6/6 "/>
</bind>
</comp>

<comp id="268" class="1004" name="layer10_out_fu_268">
<pin_list>
<pin id="269" dir="0" index="0" bw="112" slack="0"/>
<pin id="270" dir="1" index="1" bw="16" slack="1"/>
</pin_list>
<bind>
<opcode="extractvalue(56) " fcode="extractvalue"/>
<opset="layer10_out/12 "/>
</bind>
</comp>

<comp id="272" class="1004" name="layer10_out_1_fu_272">
<pin_list>
<pin id="273" dir="0" index="0" bw="112" slack="0"/>
<pin id="274" dir="1" index="1" bw="16" slack="1"/>
</pin_list>
<bind>
<opcode="extractvalue(56) " fcode="extractvalue"/>
<opset="layer10_out_1/12 "/>
</bind>
</comp>

<comp id="276" class="1004" name="layer10_out_2_fu_276">
<pin_list>
<pin id="277" dir="0" index="0" bw="112" slack="0"/>
<pin id="278" dir="1" index="1" bw="16" slack="1"/>
</pin_list>
<bind>
<opcode="extractvalue(56) " fcode="extractvalue"/>
<opset="layer10_out_2/12 "/>
</bind>
</comp>

<comp id="280" class="1004" name="layer10_out_3_fu_280">
<pin_list>
<pin id="281" dir="0" index="0" bw="112" slack="0"/>
<pin id="282" dir="1" index="1" bw="16" slack="1"/>
</pin_list>
<bind>
<opcode="extractvalue(56) " fcode="extractvalue"/>
<opset="layer10_out_3/12 "/>
</bind>
</comp>

<comp id="284" class="1004" name="layer10_out_4_fu_284">
<pin_list>
<pin id="285" dir="0" index="0" bw="112" slack="0"/>
<pin id="286" dir="1" index="1" bw="16" slack="1"/>
</pin_list>
<bind>
<opcode="extractvalue(56) " fcode="extractvalue"/>
<opset="layer10_out_4/12 "/>
</bind>
</comp>

<comp id="288" class="1004" name="layer10_out_5_fu_288">
<pin_list>
<pin id="289" dir="0" index="0" bw="112" slack="0"/>
<pin id="290" dir="1" index="1" bw="16" slack="1"/>
</pin_list>
<bind>
<opcode="extractvalue(56) " fcode="extractvalue"/>
<opset="layer10_out_5/12 "/>
</bind>
</comp>

<comp id="292" class="1004" name="layer10_out_6_fu_292">
<pin_list>
<pin id="293" dir="0" index="0" bw="112" slack="0"/>
<pin id="294" dir="1" index="1" bw="16" slack="1"/>
</pin_list>
<bind>
<opcode="extractvalue(56) " fcode="extractvalue"/>
<opset="layer10_out_6/12 "/>
</bind>
</comp>

<comp id="296" class="1004" name="layer11_out_fu_296">
<pin_list>
<pin id="297" dir="0" index="0" bw="112" slack="0"/>
<pin id="298" dir="1" index="1" bw="16" slack="1"/>
</pin_list>
<bind>
<opcode="extractvalue(56) " fcode="extractvalue"/>
<opset="layer11_out/13 "/>
</bind>
</comp>

<comp id="300" class="1004" name="layer11_out_1_fu_300">
<pin_list>
<pin id="301" dir="0" index="0" bw="112" slack="0"/>
<pin id="302" dir="1" index="1" bw="16" slack="1"/>
</pin_list>
<bind>
<opcode="extractvalue(56) " fcode="extractvalue"/>
<opset="layer11_out_1/13 "/>
</bind>
</comp>

<comp id="304" class="1004" name="layer11_out_2_fu_304">
<pin_list>
<pin id="305" dir="0" index="0" bw="112" slack="0"/>
<pin id="306" dir="1" index="1" bw="16" slack="1"/>
</pin_list>
<bind>
<opcode="extractvalue(56) " fcode="extractvalue"/>
<opset="layer11_out_2/13 "/>
</bind>
</comp>

<comp id="308" class="1004" name="layer11_out_3_fu_308">
<pin_list>
<pin id="309" dir="0" index="0" bw="112" slack="0"/>
<pin id="310" dir="1" index="1" bw="16" slack="1"/>
</pin_list>
<bind>
<opcode="extractvalue(56) " fcode="extractvalue"/>
<opset="layer11_out_3/13 "/>
</bind>
</comp>

<comp id="312" class="1004" name="layer11_out_4_fu_312">
<pin_list>
<pin id="313" dir="0" index="0" bw="112" slack="0"/>
<pin id="314" dir="1" index="1" bw="16" slack="1"/>
</pin_list>
<bind>
<opcode="extractvalue(56) " fcode="extractvalue"/>
<opset="layer11_out_4/13 "/>
</bind>
</comp>

<comp id="316" class="1004" name="layer11_out_5_fu_316">
<pin_list>
<pin id="317" dir="0" index="0" bw="112" slack="0"/>
<pin id="318" dir="1" index="1" bw="16" slack="1"/>
</pin_list>
<bind>
<opcode="extractvalue(56) " fcode="extractvalue"/>
<opset="layer11_out_5/13 "/>
</bind>
</comp>

<comp id="320" class="1004" name="layer11_out_6_fu_320">
<pin_list>
<pin id="321" dir="0" index="0" bw="112" slack="0"/>
<pin id="322" dir="1" index="1" bw="16" slack="1"/>
</pin_list>
<bind>
<opcode="extractvalue(56) " fcode="extractvalue"/>
<opset="layer11_out_6/13 "/>
</bind>
</comp>

<comp id="324" class="1004" name="zext_ln72_fu_324">
<pin_list>
<pin id="325" dir="0" index="0" bw="10" slack="0"/>
<pin id="326" dir="1" index="1" bw="16" slack="0"/>
</pin_list>
<bind>
<opcode="zext(34) " fcode="zext"/>
<opset="zext_ln72/24 "/>
</bind>
</comp>

<comp id="329" class="1005" name="layer7_out_reg_329">
<pin_list>
<pin id="330" dir="0" index="0" bw="16" slack="1"/>
<pin id="331" dir="1" index="1" bw="16" slack="1"/>
</pin_list>
<bind>
<opset="layer7_out "/>
</bind>
</comp>

<comp id="334" class="1005" name="layer7_out_1_reg_334">
<pin_list>
<pin id="335" dir="0" index="0" bw="16" slack="1"/>
<pin id="336" dir="1" index="1" bw="16" slack="1"/>
</pin_list>
<bind>
<opset="layer7_out_1 "/>
</bind>
</comp>

<comp id="339" class="1005" name="layer7_out_2_reg_339">
<pin_list>
<pin id="340" dir="0" index="0" bw="16" slack="1"/>
<pin id="341" dir="1" index="1" bw="16" slack="1"/>
</pin_list>
<bind>
<opset="layer7_out_2 "/>
</bind>
</comp>

<comp id="344" class="1005" name="layer7_out_3_reg_344">
<pin_list>
<pin id="345" dir="0" index="0" bw="16" slack="1"/>
<pin id="346" dir="1" index="1" bw="16" slack="1"/>
</pin_list>
<bind>
<opset="layer7_out_3 "/>
</bind>
</comp>

<comp id="349" class="1005" name="layer8_out_reg_349">
<pin_list>
<pin id="350" dir="0" index="0" bw="16" slack="1"/>
<pin id="351" dir="1" index="1" bw="16" slack="1"/>
</pin_list>
<bind>
<opset="layer8_out "/>
</bind>
</comp>

<comp id="354" class="1005" name="layer8_out_1_reg_354">
<pin_list>
<pin id="355" dir="0" index="0" bw="16" slack="1"/>
<pin id="356" dir="1" index="1" bw="16" slack="1"/>
</pin_list>
<bind>
<opset="layer8_out_1 "/>
</bind>
</comp>

<comp id="359" class="1005" name="layer8_out_2_reg_359">
<pin_list>
<pin id="360" dir="0" index="0" bw="16" slack="1"/>
<pin id="361" dir="1" index="1" bw="16" slack="1"/>
</pin_list>
<bind>
<opset="layer8_out_2 "/>
</bind>
</comp>

<comp id="364" class="1005" name="layer8_out_3_reg_364">
<pin_list>
<pin id="365" dir="0" index="0" bw="16" slack="1"/>
<pin id="366" dir="1" index="1" bw="16" slack="1"/>
</pin_list>
<bind>
<opset="layer8_out_3 "/>
</bind>
</comp>

<comp id="369" class="1005" name="layer8_out_4_reg_369">
<pin_list>
<pin id="370" dir="0" index="0" bw="16" slack="1"/>
<pin id="371" dir="1" index="1" bw="16" slack="1"/>
</pin_list>
<bind>
<opset="layer8_out_4 "/>
</bind>
</comp>

<comp id="374" class="1005" name="layer8_out_5_reg_374">
<pin_list>
<pin id="375" dir="0" index="0" bw="16" slack="1"/>
<pin id="376" dir="1" index="1" bw="16" slack="1"/>
</pin_list>
<bind>
<opset="layer8_out_5 "/>
</bind>
</comp>

<comp id="379" class="1005" name="layer8_out_6_reg_379">
<pin_list>
<pin id="380" dir="0" index="0" bw="16" slack="1"/>
<pin id="381" dir="1" index="1" bw="16" slack="1"/>
</pin_list>
<bind>
<opset="layer8_out_6 "/>
</bind>
</comp>

<comp id="384" class="1005" name="layer9_out_reg_384">
<pin_list>
<pin id="385" dir="0" index="0" bw="16" slack="1"/>
<pin id="386" dir="1" index="1" bw="16" slack="1"/>
</pin_list>
<bind>
<opset="layer9_out "/>
</bind>
</comp>

<comp id="389" class="1005" name="layer9_out_1_reg_389">
<pin_list>
<pin id="390" dir="0" index="0" bw="16" slack="1"/>
<pin id="391" dir="1" index="1" bw="16" slack="1"/>
</pin_list>
<bind>
<opset="layer9_out_1 "/>
</bind>
</comp>

<comp id="394" class="1005" name="layer9_out_2_reg_394">
<pin_list>
<pin id="395" dir="0" index="0" bw="16" slack="1"/>
<pin id="396" dir="1" index="1" bw="16" slack="1"/>
</pin_list>
<bind>
<opset="layer9_out_2 "/>
</bind>
</comp>

<comp id="399" class="1005" name="layer9_out_3_reg_399">
<pin_list>
<pin id="400" dir="0" index="0" bw="16" slack="1"/>
<pin id="401" dir="1" index="1" bw="16" slack="1"/>
</pin_list>
<bind>
<opset="layer9_out_3 "/>
</bind>
</comp>

<comp id="404" class="1005" name="layer9_out_4_reg_404">
<pin_list>
<pin id="405" dir="0" index="0" bw="16" slack="1"/>
<pin id="406" dir="1" index="1" bw="16" slack="1"/>
</pin_list>
<bind>
<opset="layer9_out_4 "/>
</bind>
</comp>

<comp id="409" class="1005" name="layer9_out_5_reg_409">
<pin_list>
<pin id="410" dir="0" index="0" bw="16" slack="1"/>
<pin id="411" dir="1" index="1" bw="16" slack="1"/>
</pin_list>
<bind>
<opset="layer9_out_5 "/>
</bind>
</comp>

<comp id="414" class="1005" name="layer9_out_6_reg_414">
<pin_list>
<pin id="415" dir="0" index="0" bw="16" slack="1"/>
<pin id="416" dir="1" index="1" bw="16" slack="1"/>
</pin_list>
<bind>
<opset="layer9_out_6 "/>
</bind>
</comp>

<comp id="419" class="1005" name="layer10_out_reg_419">
<pin_list>
<pin id="420" dir="0" index="0" bw="16" slack="1"/>
<pin id="421" dir="1" index="1" bw="16" slack="1"/>
</pin_list>
<bind>
<opset="layer10_out "/>
</bind>
</comp>

<comp id="424" class="1005" name="layer10_out_1_reg_424">
<pin_list>
<pin id="425" dir="0" index="0" bw="16" slack="1"/>
<pin id="426" dir="1" index="1" bw="16" slack="1"/>
</pin_list>
<bind>
<opset="layer10_out_1 "/>
</bind>
</comp>

<comp id="429" class="1005" name="layer10_out_2_reg_429">
<pin_list>
<pin id="430" dir="0" index="0" bw="16" slack="1"/>
<pin id="431" dir="1" index="1" bw="16" slack="1"/>
</pin_list>
<bind>
<opset="layer10_out_2 "/>
</bind>
</comp>

<comp id="434" class="1005" name="layer10_out_3_reg_434">
<pin_list>
<pin id="435" dir="0" index="0" bw="16" slack="1"/>
<pin id="436" dir="1" index="1" bw="16" slack="1"/>
</pin_list>
<bind>
<opset="layer10_out_3 "/>
</bind>
</comp>

<comp id="439" class="1005" name="layer10_out_4_reg_439">
<pin_list>
<pin id="440" dir="0" index="0" bw="16" slack="1"/>
<pin id="441" dir="1" index="1" bw="16" slack="1"/>
</pin_list>
<bind>
<opset="layer10_out_4 "/>
</bind>
</comp>

<comp id="444" class="1005" name="layer10_out_5_reg_444">
<pin_list>
<pin id="445" dir="0" index="0" bw="16" slack="1"/>
<pin id="446" dir="1" index="1" bw="16" slack="1"/>
</pin_list>
<bind>
<opset="layer10_out_5 "/>
</bind>
</comp>

<comp id="449" class="1005" name="layer10_out_6_reg_449">
<pin_list>
<pin id="450" dir="0" index="0" bw="16" slack="1"/>
<pin id="451" dir="1" index="1" bw="16" slack="1"/>
</pin_list>
<bind>
<opset="layer10_out_6 "/>
</bind>
</comp>

<comp id="454" class="1005" name="layer11_out_reg_454">
<pin_list>
<pin id="455" dir="0" index="0" bw="16" slack="1"/>
<pin id="456" dir="1" index="1" bw="16" slack="1"/>
</pin_list>
<bind>
<opset="layer11_out "/>
</bind>
</comp>

<comp id="459" class="1005" name="layer11_out_1_reg_459">
<pin_list>
<pin id="460" dir="0" index="0" bw="16" slack="1"/>
<pin id="461" dir="1" index="1" bw="16" slack="1"/>
</pin_list>
<bind>
<opset="layer11_out_1 "/>
</bind>
</comp>

<comp id="464" class="1005" name="layer11_out_2_reg_464">
<pin_list>
<pin id="465" dir="0" index="0" bw="16" slack="1"/>
<pin id="466" dir="1" index="1" bw="16" slack="1"/>
</pin_list>
<bind>
<opset="layer11_out_2 "/>
</bind>
</comp>

<comp id="469" class="1005" name="layer11_out_3_reg_469">
<pin_list>
<pin id="470" dir="0" index="0" bw="16" slack="1"/>
<pin id="471" dir="1" index="1" bw="16" slack="1"/>
</pin_list>
<bind>
<opset="layer11_out_3 "/>
</bind>
</comp>

<comp id="474" class="1005" name="layer11_out_4_reg_474">
<pin_list>
<pin id="475" dir="0" index="0" bw="16" slack="1"/>
<pin id="476" dir="1" index="1" bw="16" slack="1"/>
</pin_list>
<bind>
<opset="layer11_out_4 "/>
</bind>
</comp>

<comp id="479" class="1005" name="layer11_out_5_reg_479">
<pin_list>
<pin id="480" dir="0" index="0" bw="16" slack="1"/>
<pin id="481" dir="1" index="1" bw="16" slack="1"/>
</pin_list>
<bind>
<opset="layer11_out_5 "/>
</bind>
</comp>

<comp id="484" class="1005" name="layer11_out_6_reg_484">
<pin_list>
<pin id="485" dir="0" index="0" bw="16" slack="1"/>
<pin id="486" dir="1" index="1" bw="16" slack="1"/>
</pin_list>
<bind>
<opset="layer11_out_6 "/>
</bind>
</comp>

<comp id="489" class="1005" name="layer12_out_reg_489">
<pin_list>
<pin id="490" dir="0" index="0" bw="16" slack="1"/>
<pin id="491" dir="1" index="1" bw="16" slack="1"/>
</pin_list>
<bind>
<opset="layer12_out "/>
</bind>
</comp>

</comp_list>

<net_list>
<net id="56"><net_src comp="12" pin="0"/><net_sink comp="52" pin=0"/></net>

<net id="57"><net_src comp="0" pin="0"/><net_sink comp="52" pin=1"/></net>

<net id="62"><net_src comp="12" pin="0"/><net_sink comp="58" pin=0"/></net>

<net id="63"><net_src comp="2" pin="0"/><net_sink comp="58" pin=1"/></net>

<net id="68"><net_src comp="12" pin="0"/><net_sink comp="64" pin=0"/></net>

<net id="69"><net_src comp="4" pin="0"/><net_sink comp="64" pin=1"/></net>

<net id="74"><net_src comp="12" pin="0"/><net_sink comp="70" pin=0"/></net>

<net id="75"><net_src comp="6" pin="0"/><net_sink comp="70" pin=1"/></net>

<net id="81"><net_src comp="50" pin="0"/><net_sink comp="76" pin=0"/></net>

<net id="82"><net_src comp="8" pin="0"/><net_sink comp="76" pin=1"/></net>

<net id="88"><net_src comp="14" pin="0"/><net_sink comp="83" pin=0"/></net>

<net id="89"><net_src comp="52" pin="2"/><net_sink comp="83" pin=1"/></net>

<net id="90"><net_src comp="58" pin="2"/><net_sink comp="83" pin=2"/></net>

<net id="97"><net_src comp="16" pin="0"/><net_sink comp="91" pin=0"/></net>

<net id="98"><net_src comp="64" pin="2"/><net_sink comp="91" pin=3"/></net>

<net id="106"><net_src comp="18" pin="0"/><net_sink comp="99" pin=0"/></net>

<net id="107"><net_src comp="70" pin="2"/><net_sink comp="99" pin=4"/></net>

<net id="115"><net_src comp="20" pin="0"/><net_sink comp="108" pin=0"/></net>

<net id="126"><net_src comp="22" pin="0"/><net_sink comp="116" pin=0"/></net>

<net id="137"><net_src comp="24" pin="0"/><net_sink comp="127" pin=0"/></net>

<net id="148"><net_src comp="26" pin="0"/><net_sink comp="138" pin=0"/></net>

<net id="159"><net_src comp="28" pin="0"/><net_sink comp="149" pin=0"/></net>

<net id="165"><net_src comp="30" pin="0"/><net_sink comp="160" pin=0"/></net>

<net id="166"><net_src comp="10" pin="0"/><net_sink comp="160" pin=2"/></net>

<net id="170"><net_src comp="83" pin="3"/><net_sink comp="167" pin=0"/></net>

<net id="171"><net_src comp="167" pin="1"/><net_sink comp="91" pin=1"/></net>

<net id="175"><net_src comp="83" pin="3"/><net_sink comp="172" pin=0"/></net>

<net id="176"><net_src comp="172" pin="1"/><net_sink comp="91" pin=2"/></net>

<net id="180"><net_src comp="91" pin="4"/><net_sink comp="177" pin=0"/></net>

<net id="181"><net_src comp="177" pin="1"/><net_sink comp="99" pin=1"/></net>

<net id="185"><net_src comp="91" pin="4"/><net_sink comp="182" pin=0"/></net>

<net id="186"><net_src comp="182" pin="1"/><net_sink comp="99" pin=2"/></net>

<net id="190"><net_src comp="91" pin="4"/><net_sink comp="187" pin=0"/></net>

<net id="191"><net_src comp="187" pin="1"/><net_sink comp="99" pin=3"/></net>

<net id="195"><net_src comp="99" pin="5"/><net_sink comp="192" pin=0"/></net>

<net id="196"><net_src comp="192" pin="1"/><net_sink comp="108" pin=1"/></net>

<net id="200"><net_src comp="99" pin="5"/><net_sink comp="197" pin=0"/></net>

<net id="201"><net_src comp="197" pin="1"/><net_sink comp="108" pin=2"/></net>

<net id="205"><net_src comp="99" pin="5"/><net_sink comp="202" pin=0"/></net>

<net id="206"><net_src comp="202" pin="1"/><net_sink comp="108" pin=3"/></net>

<net id="210"><net_src comp="99" pin="5"/><net_sink comp="207" pin=0"/></net>

<net id="211"><net_src comp="207" pin="1"/><net_sink comp="108" pin=4"/></net>

<net id="215"><net_src comp="108" pin="5"/><net_sink comp="212" pin=0"/></net>

<net id="219"><net_src comp="108" pin="5"/><net_sink comp="216" pin=0"/></net>

<net id="223"><net_src comp="108" pin="5"/><net_sink comp="220" pin=0"/></net>

<net id="227"><net_src comp="108" pin="5"/><net_sink comp="224" pin=0"/></net>

<net id="231"><net_src comp="108" pin="5"/><net_sink comp="228" pin=0"/></net>

<net id="235"><net_src comp="108" pin="5"/><net_sink comp="232" pin=0"/></net>

<net id="239"><net_src comp="108" pin="5"/><net_sink comp="236" pin=0"/></net>

<net id="243"><net_src comp="116" pin="8"/><net_sink comp="240" pin=0"/></net>

<net id="247"><net_src comp="116" pin="8"/><net_sink comp="244" pin=0"/></net>

<net id="251"><net_src comp="116" pin="8"/><net_sink comp="248" pin=0"/></net>

<net id="255"><net_src comp="116" pin="8"/><net_sink comp="252" pin=0"/></net>

<net id="259"><net_src comp="116" pin="8"/><net_sink comp="256" pin=0"/></net>

<net id="263"><net_src comp="116" pin="8"/><net_sink comp="260" pin=0"/></net>

<net id="267"><net_src comp="116" pin="8"/><net_sink comp="264" pin=0"/></net>

<net id="271"><net_src comp="127" pin="8"/><net_sink comp="268" pin=0"/></net>

<net id="275"><net_src comp="127" pin="8"/><net_sink comp="272" pin=0"/></net>

<net id="279"><net_src comp="127" pin="8"/><net_sink comp="276" pin=0"/></net>

<net id="283"><net_src comp="127" pin="8"/><net_sink comp="280" pin=0"/></net>

<net id="287"><net_src comp="127" pin="8"/><net_sink comp="284" pin=0"/></net>

<net id="291"><net_src comp="127" pin="8"/><net_sink comp="288" pin=0"/></net>

<net id="295"><net_src comp="127" pin="8"/><net_sink comp="292" pin=0"/></net>

<net id="299"><net_src comp="138" pin="8"/><net_sink comp="296" pin=0"/></net>

<net id="303"><net_src comp="138" pin="8"/><net_sink comp="300" pin=0"/></net>

<net id="307"><net_src comp="138" pin="8"/><net_sink comp="304" pin=0"/></net>

<net id="311"><net_src comp="138" pin="8"/><net_sink comp="308" pin=0"/></net>

<net id="315"><net_src comp="138" pin="8"/><net_sink comp="312" pin=0"/></net>

<net id="319"><net_src comp="138" pin="8"/><net_sink comp="316" pin=0"/></net>

<net id="323"><net_src comp="138" pin="8"/><net_sink comp="320" pin=0"/></net>

<net id="327"><net_src comp="160" pin="3"/><net_sink comp="324" pin=0"/></net>

<net id="328"><net_src comp="324" pin="1"/><net_sink comp="76" pin=2"/></net>

<net id="332"><net_src comp="192" pin="1"/><net_sink comp="329" pin=0"/></net>

<net id="333"><net_src comp="329" pin="1"/><net_sink comp="108" pin=1"/></net>

<net id="337"><net_src comp="197" pin="1"/><net_sink comp="334" pin=0"/></net>

<net id="338"><net_src comp="334" pin="1"/><net_sink comp="108" pin=2"/></net>

<net id="342"><net_src comp="202" pin="1"/><net_sink comp="339" pin=0"/></net>

<net id="343"><net_src comp="339" pin="1"/><net_sink comp="108" pin=3"/></net>

<net id="347"><net_src comp="207" pin="1"/><net_sink comp="344" pin=0"/></net>

<net id="348"><net_src comp="344" pin="1"/><net_sink comp="108" pin=4"/></net>

<net id="352"><net_src comp="212" pin="1"/><net_sink comp="349" pin=0"/></net>

<net id="353"><net_src comp="349" pin="1"/><net_sink comp="116" pin=1"/></net>

<net id="357"><net_src comp="216" pin="1"/><net_sink comp="354" pin=0"/></net>

<net id="358"><net_src comp="354" pin="1"/><net_sink comp="116" pin=2"/></net>

<net id="362"><net_src comp="220" pin="1"/><net_sink comp="359" pin=0"/></net>

<net id="363"><net_src comp="359" pin="1"/><net_sink comp="116" pin=3"/></net>

<net id="367"><net_src comp="224" pin="1"/><net_sink comp="364" pin=0"/></net>

<net id="368"><net_src comp="364" pin="1"/><net_sink comp="116" pin=4"/></net>

<net id="372"><net_src comp="228" pin="1"/><net_sink comp="369" pin=0"/></net>

<net id="373"><net_src comp="369" pin="1"/><net_sink comp="116" pin=5"/></net>

<net id="377"><net_src comp="232" pin="1"/><net_sink comp="374" pin=0"/></net>

<net id="378"><net_src comp="374" pin="1"/><net_sink comp="116" pin=6"/></net>

<net id="382"><net_src comp="236" pin="1"/><net_sink comp="379" pin=0"/></net>

<net id="383"><net_src comp="379" pin="1"/><net_sink comp="116" pin=7"/></net>

<net id="387"><net_src comp="240" pin="1"/><net_sink comp="384" pin=0"/></net>

<net id="388"><net_src comp="384" pin="1"/><net_sink comp="127" pin=1"/></net>

<net id="392"><net_src comp="244" pin="1"/><net_sink comp="389" pin=0"/></net>

<net id="393"><net_src comp="389" pin="1"/><net_sink comp="127" pin=2"/></net>

<net id="397"><net_src comp="248" pin="1"/><net_sink comp="394" pin=0"/></net>

<net id="398"><net_src comp="394" pin="1"/><net_sink comp="127" pin=3"/></net>

<net id="402"><net_src comp="252" pin="1"/><net_sink comp="399" pin=0"/></net>

<net id="403"><net_src comp="399" pin="1"/><net_sink comp="127" pin=4"/></net>

<net id="407"><net_src comp="256" pin="1"/><net_sink comp="404" pin=0"/></net>

<net id="408"><net_src comp="404" pin="1"/><net_sink comp="127" pin=5"/></net>

<net id="412"><net_src comp="260" pin="1"/><net_sink comp="409" pin=0"/></net>

<net id="413"><net_src comp="409" pin="1"/><net_sink comp="127" pin=6"/></net>

<net id="417"><net_src comp="264" pin="1"/><net_sink comp="414" pin=0"/></net>

<net id="418"><net_src comp="414" pin="1"/><net_sink comp="127" pin=7"/></net>

<net id="422"><net_src comp="268" pin="1"/><net_sink comp="419" pin=0"/></net>

<net id="423"><net_src comp="419" pin="1"/><net_sink comp="138" pin=1"/></net>

<net id="427"><net_src comp="272" pin="1"/><net_sink comp="424" pin=0"/></net>

<net id="428"><net_src comp="424" pin="1"/><net_sink comp="138" pin=2"/></net>

<net id="432"><net_src comp="276" pin="1"/><net_sink comp="429" pin=0"/></net>

<net id="433"><net_src comp="429" pin="1"/><net_sink comp="138" pin=3"/></net>

<net id="437"><net_src comp="280" pin="1"/><net_sink comp="434" pin=0"/></net>

<net id="438"><net_src comp="434" pin="1"/><net_sink comp="138" pin=4"/></net>

<net id="442"><net_src comp="284" pin="1"/><net_sink comp="439" pin=0"/></net>

<net id="443"><net_src comp="439" pin="1"/><net_sink comp="138" pin=5"/></net>

<net id="447"><net_src comp="288" pin="1"/><net_sink comp="444" pin=0"/></net>

<net id="448"><net_src comp="444" pin="1"/><net_sink comp="138" pin=6"/></net>

<net id="452"><net_src comp="292" pin="1"/><net_sink comp="449" pin=0"/></net>

<net id="453"><net_src comp="449" pin="1"/><net_sink comp="138" pin=7"/></net>

<net id="457"><net_src comp="296" pin="1"/><net_sink comp="454" pin=0"/></net>

<net id="458"><net_src comp="454" pin="1"/><net_sink comp="149" pin=1"/></net>

<net id="462"><net_src comp="300" pin="1"/><net_sink comp="459" pin=0"/></net>

<net id="463"><net_src comp="459" pin="1"/><net_sink comp="149" pin=2"/></net>

<net id="467"><net_src comp="304" pin="1"/><net_sink comp="464" pin=0"/></net>

<net id="468"><net_src comp="464" pin="1"/><net_sink comp="149" pin=3"/></net>

<net id="472"><net_src comp="308" pin="1"/><net_sink comp="469" pin=0"/></net>

<net id="473"><net_src comp="469" pin="1"/><net_sink comp="149" pin=4"/></net>

<net id="477"><net_src comp="312" pin="1"/><net_sink comp="474" pin=0"/></net>

<net id="478"><net_src comp="474" pin="1"/><net_sink comp="149" pin=5"/></net>

<net id="482"><net_src comp="316" pin="1"/><net_sink comp="479" pin=0"/></net>

<net id="483"><net_src comp="479" pin="1"/><net_sink comp="149" pin=6"/></net>

<net id="487"><net_src comp="320" pin="1"/><net_sink comp="484" pin=0"/></net>

<net id="488"><net_src comp="484" pin="1"/><net_sink comp="149" pin=7"/></net>

<net id="492"><net_src comp="149" pin="8"/><net_sink comp="489" pin=0"/></net>

<net id="493"><net_src comp="489" pin="1"/><net_sink comp="160" pin=1"/></net>

</net_list>

</model> 
---------------- Datapath Model END ------------------

* FSMD analyzer results:
  - Output states:
	Port: layer13_out | {24 }
 - Input state : 
	Port: myproject : z_global | {1 }
	Port: myproject : x_size | {1 }
	Port: myproject : y_size | {1 }
	Port: myproject : y_local | {1 }
	Port: myproject : sigmoid_table | {22 23 }
  - Chain level:
	State 1
		layer3_out : 1
		layer3_out_1 : 1
		call_ret2 : 2
		layer5_out : 3
		layer5_out_1 : 3
		layer5_out_2 : 3
		call_ret3 : 4
		layer7_out : 5
		layer7_out_1 : 5
		layer7_out_2 : 5
		layer7_out_3 : 5
		call_ret4 : 6
	State 2
	State 3
	State 4
	State 5
		layer8_out : 1
		layer8_out_1 : 1
		layer8_out_2 : 1
		layer8_out_3 : 1
		layer8_out_4 : 1
		layer8_out_5 : 1
		layer8_out_6 : 1
	State 6
		layer9_out : 1
		layer9_out_1 : 1
		layer9_out_2 : 1
		layer9_out_3 : 1
		layer9_out_4 : 1
		layer9_out_5 : 1
		layer9_out_6 : 1
	State 7
	State 8
	State 9
	State 10
	State 11
	State 12
		layer10_out : 1
		layer10_out_1 : 1
		layer10_out_2 : 1
		layer10_out_3 : 1
		layer10_out_4 : 1
		layer10_out_5 : 1
		layer10_out_6 : 1
	State 13
		layer11_out : 1
		layer11_out_1 : 1
		layer11_out_2 : 1
		layer11_out_3 : 1
		layer11_out_4 : 1
		layer11_out_5 : 1
		layer11_out_6 : 1
	State 14
	State 15
	State 16
	State 17
	State 18
	State 19
	State 20
	State 21
	State 22
	State 23
	State 24
		zext_ln72 : 1
		write_ln72 : 2


============================================================
+ Verbose Summary: Datapath Resource usage 
============================================================

* Functional unit list:
|----------|-------------------------------------------------------------------------------|---------|---------|---------|---------|
| Operation|                                Functional Unit                                |   DSP   |  Delay  |    FF   |   LUT   |
|----------|-------------------------------------------------------------------------------|---------|---------|---------|---------|
|          | call_ret1_concatenate1d_ap_fixed_ap_fixed_ap_fixed_16_6_5_3_0_config3_s_fu_83 |    0    |    0    |    0    |    0    |
|          | call_ret2_concatenate1d_ap_fixed_ap_fixed_ap_fixed_16_6_5_3_0_config5_s_fu_91 |    0    |    0    |    0    |    0    |
|          | call_ret3_concatenate1d_ap_fixed_ap_fixed_ap_fixed_16_6_5_3_0_config7_s_fu_99 |    0    |    0    |    0    |    0    |
|          |   grp_dense_latency_ap_fixed_16_6_5_3_0_ap_fixed_16_6_5_3_0_config8_s_fu_108  |    19   |  30.172 |   1993  |   914   |
|   call   |  call_ret5_relu_ap_fixed_16_6_5_3_0_ap_fixed_16_6_5_3_0_relu_config9_s_fu_116 |    0    |    0    |    0    |   266   |
|          |  grp_dense_latency_ap_fixed_16_6_5_3_0_ap_fixed_16_6_5_3_0_config10_s_fu_127  |    45   |  71.46  |   4606  |   1558  |
|          | call_ret7_relu_ap_fixed_16_6_5_3_0_ap_fixed_16_6_5_3_0_relu_config11_s_fu_138 |    0    |    0    |    0    |   266   |
|          |  grp_dense_latency_ap_fixed_16_6_5_3_0_ap_fixed_16_6_5_3_0_config12_s_fu_149  |    7    |  11.116 |   859   |   210   |
|          | grp_sigmoid_ap_fixed_16_6_5_3_0_ap_fixed_16_6_5_3_0_sigmoid_config13_s_fu_160 |    0    |  1.588  |    32   |   106   |
|----------|-------------------------------------------------------------------------------|---------|---------|---------|---------|
|          |                            z_global_read_read_fu_52                           |    0    |    0    |    0    |    0    |
|   read   |                             x_size_read_read_fu_58                            |    0    |    0    |    0    |    0    |
|          |                             y_size_read_read_fu_64                            |    0    |    0    |    0    |    0    |
|          |                            y_local_read_read_fu_70                            |    0    |    0    |    0    |    0    |
|----------|-------------------------------------------------------------------------------|---------|---------|---------|---------|
|   write  |                             write_ln72_write_fu_76                            |    0    |    0    |    0    |    0    |
|----------|-------------------------------------------------------------------------------|---------|---------|---------|---------|
|          |                               layer3_out_fu_167                               |    0    |    0    |    0    |    0    |
|          |                              layer3_out_1_fu_172                              |    0    |    0    |    0    |    0    |
|          |                               layer5_out_fu_177                               |    0    |    0    |    0    |    0    |
|          |                              layer5_out_1_fu_182                              |    0    |    0    |    0    |    0    |
|          |                              layer5_out_2_fu_187                              |    0    |    0    |    0    |    0    |
|          |                               layer7_out_fu_192                               |    0    |    0    |    0    |    0    |
|          |                              layer7_out_1_fu_197                              |    0    |    0    |    0    |    0    |
|          |                              layer7_out_2_fu_202                              |    0    |    0    |    0    |    0    |
|          |                              layer7_out_3_fu_207                              |    0    |    0    |    0    |    0    |
|          |                               layer8_out_fu_212                               |    0    |    0    |    0    |    0    |
|          |                              layer8_out_1_fu_216                              |    0    |    0    |    0    |    0    |
|          |                              layer8_out_2_fu_220                              |    0    |    0    |    0    |    0    |
|          |                              layer8_out_3_fu_224                              |    0    |    0    |    0    |    0    |
|          |                              layer8_out_4_fu_228                              |    0    |    0    |    0    |    0    |
|          |                              layer8_out_5_fu_232                              |    0    |    0    |    0    |    0    |
|          |                              layer8_out_6_fu_236                              |    0    |    0    |    0    |    0    |
|          |                               layer9_out_fu_240                               |    0    |    0    |    0    |    0    |
|          |                              layer9_out_1_fu_244                              |    0    |    0    |    0    |    0    |
|extractvalue|                              layer9_out_2_fu_248                              |    0    |    0    |    0    |    0    |
|          |                              layer9_out_3_fu_252                              |    0    |    0    |    0    |    0    |
|          |                              layer9_out_4_fu_256                              |    0    |    0    |    0    |    0    |
|          |                              layer9_out_5_fu_260                              |    0    |    0    |    0    |    0    |
|          |                              layer9_out_6_fu_264                              |    0    |    0    |    0    |    0    |
|          |                               layer10_out_fu_268                              |    0    |    0    |    0    |    0    |
|          |                              layer10_out_1_fu_272                             |    0    |    0    |    0    |    0    |
|          |                              layer10_out_2_fu_276                             |    0    |    0    |    0    |    0    |
|          |                              layer10_out_3_fu_280                             |    0    |    0    |    0    |    0    |
|          |                              layer10_out_4_fu_284                             |    0    |    0    |    0    |    0    |
|          |                              layer10_out_5_fu_288                             |    0    |    0    |    0    |    0    |
|          |                              layer10_out_6_fu_292                             |    0    |    0    |    0    |    0    |
|          |                               layer11_out_fu_296                              |    0    |    0    |    0    |    0    |
|          |                              layer11_out_1_fu_300                             |    0    |    0    |    0    |    0    |
|          |                              layer11_out_2_fu_304                             |    0    |    0    |    0    |    0    |
|          |                              layer11_out_3_fu_308                             |    0    |    0    |    0    |    0    |
|          |                              layer11_out_4_fu_312                             |    0    |    0    |    0    |    0    |
|          |                              layer11_out_5_fu_316                             |    0    |    0    |    0    |    0    |
|          |                              layer11_out_6_fu_320                             |    0    |    0    |    0    |    0    |
|----------|-------------------------------------------------------------------------------|---------|---------|---------|---------|
|   zext   |                                zext_ln72_fu_324                               |    0    |    0    |    0    |    0    |
|----------|-------------------------------------------------------------------------------|---------|---------|---------|---------|
|   Total  |                                                                               |    71   | 114.336 |   7490  |   3320  |
|----------|-------------------------------------------------------------------------------|---------|---------|---------|---------|

Memories:
+-------------+--------+--------+--------+
|             |  BRAM  |   FF   |   LUT  |
+-------------+--------+--------+--------+
|sigmoid_table|    1   |    0   |    0   |
+-------------+--------+--------+--------+
|    Total    |    1   |    0   |    0   |
+-------------+--------+--------+--------+

* Register list:
+---------------------+--------+
|                     |   FF   |
+---------------------+--------+
|layer10_out_1_reg_424|   16   |
|layer10_out_2_reg_429|   16   |
|layer10_out_3_reg_434|   16   |
|layer10_out_4_reg_439|   16   |
|layer10_out_5_reg_444|   16   |
|layer10_out_6_reg_449|   16   |
| layer10_out_reg_419 |   16   |
|layer11_out_1_reg_459|   16   |
|layer11_out_2_reg_464|   16   |
|layer11_out_3_reg_469|   16   |
|layer11_out_4_reg_474|   16   |
|layer11_out_5_reg_479|   16   |
|layer11_out_6_reg_484|   16   |
| layer11_out_reg_454 |   16   |
| layer12_out_reg_489 |   16   |
| layer7_out_1_reg_334|   16   |
| layer7_out_2_reg_339|   16   |
| layer7_out_3_reg_344|   16   |
|  layer7_out_reg_329 |   16   |
| layer8_out_1_reg_354|   16   |
| layer8_out_2_reg_359|   16   |
| layer8_out_3_reg_364|   16   |
| layer8_out_4_reg_369|   16   |
| layer8_out_5_reg_374|   16   |
| layer8_out_6_reg_379|   16   |
|  layer8_out_reg_349 |   16   |
| layer9_out_1_reg_389|   16   |
| layer9_out_2_reg_394|   16   |
| layer9_out_3_reg_399|   16   |
| layer9_out_4_reg_404|   16   |
| layer9_out_5_reg_409|   16   |
| layer9_out_6_reg_414|   16   |
|  layer9_out_reg_384 |   16   |
+---------------------+--------+
|        Total        |   528  |
+---------------------+--------+

* Multiplexer (MUX) list: 
|----------------------------------------------------------------------------|------|------|------|--------||---------||---------||---------|
|                                    Comp                                    |  Pin | Size |  BW  | S x BW ||  Delay  ||    FF   ||   LUT   |
|----------------------------------------------------------------------------|------|------|------|--------||---------||---------||---------|
| grp_dense_latency_ap_fixed_16_6_5_3_0_ap_fixed_16_6_5_3_0_config8_s_fu_108 |  p1  |   2  |  16  |   32   ||    0    ||    9    |
| grp_dense_latency_ap_fixed_16_6_5_3_0_ap_fixed_16_6_5_3_0_config8_s_fu_108 |  p2  |   2  |  16  |   32   ||    0    ||    9    |
| grp_dense_latency_ap_fixed_16_6_5_3_0_ap_fixed_16_6_5_3_0_config8_s_fu_108 |  p3  |   2  |  16  |   32   ||    0    ||    9    |
| grp_dense_latency_ap_fixed_16_6_5_3_0_ap_fixed_16_6_5_3_0_config8_s_fu_108 |  p4  |   2  |  16  |   32   ||    0    ||    9    |
|----------------------------------------------------------------------------|------|------|------|--------||---------||---------||---------|
|                                    Total                                   |      |      |      |   128  ||  6.352  ||    0    ||    36   |
|----------------------------------------------------------------------------|------|------|------|--------||---------||---------||---------|



* Summary:
+-----------+--------+--------+--------+--------+--------+
|           |  BRAM  |   DSP  |  Delay |   FF   |   LUT  |
+-----------+--------+--------+--------+--------+--------+
|  Function |    -   |   71   |   114  |  7490  |  3320  |
|   Memory  |    1   |    -   |    -   |    0   |    0   |
|Multiplexer|    -   |    -   |    6   |    0   |   36   |
|  Register |    -   |    -   |    -   |   528  |    -   |
+-----------+--------+--------+--------+--------+--------+
|   Total   |    1   |   71   |   120  |  8018  |  3356  |
+-----------+--------+--------+--------+--------+--------+
