

================================================================
== Vitis HLS Report for 'sigmoid_ap_fixed_16_6_5_3_0_ap_fixed_16_6_5_3_0_sigmoid_config13_s'
================================================================
* Date:           Tue Mar  3 12:18:49 2026

* Version:        2024.1 (Build 5069499 on May 21 2024)
* Project:        myproject_prj
* Solution:       solution1 (Vivado IP Flow Target)
* Product family: zynq
* Target device:  xc7z020-clg400-1


================================================================
== Performance Estimates
================================================================
+ Timing: 
    * Summary: 
    +--------+---------+----------+------------+
    |  Clock |  Target | Estimated| Uncertainty|
    +--------+---------+----------+------------+
    |ap_clk  |  5.00 ns|  4.107 ns|     0.62 ns|
    +--------+---------+----------+------------+

+ Latency: 
    * Summary: 
    +---------+---------+-----------+-----------+-----+-----+---------+
    |  Latency (cycles) |   Latency (absolute)  |  Interval | Pipeline|
    |   min   |   max   |    min    |    max    | min | max |   Type  |
    +---------+---------+-----------+-----------+-----+-----+---------+
    |        3|        3|  15.000 ns|  15.000 ns|    1|    1|      yes|
    +---------+---------+-----------+-----------+-----+-----+---------+

    + Detail: 
        * Instance: 
        N/A

        * Loop: 
        N/A

============================================================
+ Verbose Summary: Synthesis Manager
============================================================
InlineROM: 1
ExposeGlobal: 0
============================================================
+ Verbose Summary: CDFG Model
============================================================
IsTopModel: 0
ResetActiveHigh: 1
IsCombinational: 0
IsDatapathOnly: 0
HasWiredReturn: 1
HasMFsm: 2
HasVarLatency: 0
IsPipeline: 1
IsRtlPipelined: 1
IsInstanceOverlapped: 0
IsDontTouch: 0
HasImplIP: 0
IsGatedGlobalClock: 0

+ Individual pipeline summary: 
  * Pipeline-0: initiation interval (II) = 1, depth = 4


============================================================
+ Verbose Summary: Schedule
============================================================
* Number of FSM states : 4
* Pipeline : 1
  Pipeline-0 : II = 1, D = 4, States = { 1 2 3 4 }
* Dataflow Pipeline: 0

* FSM state transitions: 
1 --> 2 
2 --> 3 
3 --> 4 
4 --> 

* FSM state operations: 

State 1 <SV = 0> <Delay = 4.10>
ST_1 : Operation 5 [1/1] (0.00ns)   --->   "%data_val_read = read i16 @_ssdm_op_Read.ap_auto.i16, i16 %data_val" [firmware/nnet_utils/nnet_activation.h:115]   --->   Operation 5 'read' 'data_val_read' <Predicate = true> <Delay = 0.00>
ST_1 : Operation 6 [1/1] (0.00ns)   --->   "%tmp_3 = partselect i12 @_ssdm_op_PartSelect.i12.i16.i32.i32, i16 %data_val_read, i32 4, i32 15" [firmware/nnet_utils/nnet_activation.h:115]   --->   Operation 6 'partselect' 'tmp_3' <Predicate = true> <Delay = 0.00>
ST_1 : Operation 7 [1/1] (0.00ns)   --->   "%sext_ln115 = sext i12 %tmp_3" [firmware/nnet_utils/nnet_activation.h:115]   --->   Operation 7 'sext' 'sext_ln115' <Predicate = true> <Delay = 0.00>
ST_1 : Operation 8 [1/1] (0.00ns) (grouped into LUT with out node index)   --->   "%tmp = bitselect i1 @_ssdm_op_BitSelect.i1.i16.i32, i16 %data_val_read, i32 15" [firmware/nnet_utils/nnet_activation.h:115]   --->   Operation 8 'bitselect' 'tmp' <Predicate = true> <Delay = 0.00>
ST_1 : Operation 9 [1/1] (0.00ns)   --->   "%trunc_ln115 = trunc i16 %data_val_read" [firmware/nnet_utils/nnet_activation.h:115]   --->   Operation 9 'trunc' 'trunc_ln115' <Predicate = true> <Delay = 0.00>
ST_1 : Operation 10 [1/1] (0.00ns)   --->   "%tmp_2 = bitconcatenate i10 @_ssdm_op_BitConcatenate.i10.i4.i6, i4 %trunc_ln115, i6 0" [firmware/nnet_utils/nnet_activation.h:115]   --->   Operation 10 'bitconcatenate' 'tmp_2' <Predicate = true> <Delay = 0.00>
ST_1 : Operation 11 [1/1] (1.73ns)   --->   "%icmp_ln115 = icmp_ne  i10 %tmp_2, i10 0" [firmware/nnet_utils/nnet_activation.h:115]   --->   Operation 11 'icmp' 'icmp_ln115' <Predicate = true> <Delay = 1.73> <CoreInst = "Cmp">   --->   Core 9 'Cmp' <Latency = 0> <II = 1> <Delay = 1.73> <FuncUnit> <Opcode : 'seteq' 'setne' 'setle' 'setge' 'setlt' 'setgt'> <InPorts = 2> <OutPorts = 1>
ST_1 : Operation 12 [1/1] (1.54ns)   --->   "%add_ln115 = add i13 %sext_ln115, i13 1" [firmware/nnet_utils/nnet_activation.h:115]   --->   Operation 12 'add' 'add_ln115' <Predicate = true> <Delay = 1.54> <CoreInst = "Adder">   --->   Core 1 'Adder' <Latency = 0> <II = 1> <Delay = 1.54> <FuncUnit> <Opcode : 'add' 'sub'> <InPorts = 2> <OutPorts = 1>
ST_1 : Operation 13 [1/1] (0.00ns) (grouped into LUT with out node index)   --->   "%select_ln115 = select i1 %icmp_ln115, i13 %add_ln115, i13 %sext_ln115" [firmware/nnet_utils/nnet_activation.h:115]   --->   Operation 13 'select' 'select_ln115' <Predicate = true> <Delay = 0.00> <CoreInst = "Sel">   --->   Core 73 'Sel' <Latency = 0> <II = 1> <Delay = 0.69> <FuncUnit> <Opcode : 'select'> <InPorts = 3> <OutPorts = 1>
ST_1 : Operation 14 [1/1] (0.00ns) (grouped into LUT with out node index)   --->   "%data_round = select i1 %tmp, i13 %select_ln115, i13 %sext_ln115" [firmware/nnet_utils/nnet_activation.h:115]   --->   Operation 14 'select' 'data_round' <Predicate = true> <Delay = 0.00> <CoreInst = "Sel">   --->   Core 73 'Sel' <Latency = 0> <II = 1> <Delay = 0.69> <FuncUnit> <Opcode : 'select'> <InPorts = 3> <OutPorts = 1>
ST_1 : Operation 15 [1/1] (1.67ns) (out node of the LUT)   --->   "%index = add i13 %data_round, i13 512" [firmware/nnet_utils/nnet_activation.h:116]   --->   Operation 15 'add' 'index' <Predicate = true> <Delay = 1.67> <CoreInst = "Adder">   --->   Core 1 'Adder' <Latency = 0> <II = 1> <Delay = 1.67> <FuncUnit> <Opcode : 'add' 'sub'> <InPorts = 2> <OutPorts = 1>
ST_1 : Operation 16 [1/1] (0.00ns)   --->   "%trunc_ln113 = trunc i13 %index" [firmware/nnet_utils/nnet_activation.h:113]   --->   Operation 16 'trunc' 'trunc_ln113' <Predicate = true> <Delay = 0.00>
ST_1 : Operation 17 [1/1] (0.00ns)   --->   "%tmp_1 = bitselect i1 @_ssdm_op_BitSelect.i1.i13.i32, i13 %index, i32 12" [firmware/nnet_utils/nnet_activation.h:117]   --->   Operation 17 'bitselect' 'tmp_1' <Predicate = true> <Delay = 0.00>
ST_1 : Operation 18 [1/1] (0.69ns)   --->   "%index_1 = select i1 %tmp_1, i12 0, i12 %trunc_ln113" [firmware/nnet_utils/nnet_activation.h:117]   --->   Operation 18 'select' 'index_1' <Predicate = true> <Delay = 0.69> <CoreInst = "Sel">   --->   Core 73 'Sel' <Latency = 0> <II = 1> <Delay = 0.69> <FuncUnit> <Opcode : 'select'> <InPorts = 3> <OutPorts = 1>
ST_1 : Operation 19 [1/1] (0.00ns)   --->   "%trunc_ln113_1 = trunc i12 %index_1" [firmware/nnet_utils/nnet_activation.h:113]   --->   Operation 19 'trunc' 'trunc_ln113_1' <Predicate = true> <Delay = 0.00>
ST_1 : Operation 20 [1/1] (0.00ns)   --->   "%tmp_4 = partselect i2 @_ssdm_op_PartSelect.i2.i12.i32.i32, i12 %index_1, i32 10, i32 11" [firmware/nnet_utils/nnet_activation.h:119]   --->   Operation 20 'partselect' 'tmp_4' <Predicate = true> <Delay = 0.00>

State 2 <SV = 1> <Delay = 2.25>
ST_2 : Operation 21 [1/1] (1.56ns)   --->   "%icmp_ln119 = icmp_ne  i2 %tmp_4, i2 0" [firmware/nnet_utils/nnet_activation.h:119]   --->   Operation 21 'icmp' 'icmp_ln119' <Predicate = true> <Delay = 1.56> <CoreInst = "Cmp">   --->   Core 9 'Cmp' <Latency = 0> <II = 1> <Delay = 1.56> <FuncUnit> <Opcode : 'seteq' 'setne' 'setle' 'setge' 'setlt' 'setgt'> <InPorts = 2> <OutPorts = 1>
ST_2 : Operation 22 [1/1] (0.68ns)   --->   "%index_2 = select i1 %icmp_ln119, i10 1023, i10 %trunc_ln113_1" [firmware/nnet_utils/nnet_activation.h:119]   --->   Operation 22 'select' 'index_2' <Predicate = true> <Delay = 0.68> <CoreInst = "Sel">   --->   Core 73 'Sel' <Latency = 0> <II = 1> <Delay = 0.68> <FuncUnit> <Opcode : 'select'> <InPorts = 3> <OutPorts = 1>

State 3 <SV = 2> <Delay = 3.25>
ST_3 : Operation 23 [1/1] (0.00ns)   --->   "%zext_ln121 = zext i10 %index_2" [firmware/nnet_utils/nnet_activation.h:121]   --->   Operation 23 'zext' 'zext_ln121' <Predicate = true> <Delay = 0.00>
ST_3 : Operation 24 [1/1] (0.00ns)   --->   "%sigmoid_table_addr = getelementptr i10 %sigmoid_table, i64 0, i64 %zext_ln121" [firmware/nnet_utils/nnet_activation.h:121]   --->   Operation 24 'getelementptr' 'sigmoid_table_addr' <Predicate = true> <Delay = 0.00>
ST_3 : Operation 25 [2/2] (3.25ns)   --->   "%sigmoid_table_load = load i10 %sigmoid_table_addr" [firmware/nnet_utils/nnet_activation.h:121]   --->   Operation 25 'load' 'sigmoid_table_load' <Predicate = true> <Delay = 3.25> <CoreInst = "ROM">   --->   Core 94 'ROM' <Latency = 1> <II = 1> <Delay = 3.25> <Storage> <Opcode : 'load'> <Ports = 0> <Width = 10> <Depth = 1024> <ROM>

State 4 <SV = 3> <Delay = 3.25>
ST_4 : Operation 26 [1/1] (0.00ns)   --->   "%specpipeline_ln115 = specpipeline void @_ssdm_op_SpecPipeline, i32 4294967295, i32 0, i32 0, i32 0, void @empty_0" [firmware/nnet_utils/nnet_activation.h:115]   --->   Operation 26 'specpipeline' 'specpipeline_ln115' <Predicate = true> <Delay = 0.00>
ST_4 : Operation 27 [1/2] (3.25ns)   --->   "%sigmoid_table_load = load i10 %sigmoid_table_addr" [firmware/nnet_utils/nnet_activation.h:121]   --->   Operation 27 'load' 'sigmoid_table_load' <Predicate = true> <Delay = 3.25> <CoreInst = "ROM">   --->   Core 94 'ROM' <Latency = 1> <II = 1> <Delay = 3.25> <Storage> <Opcode : 'load'> <Ports = 0> <Width = 10> <Depth = 1024> <ROM>
ST_4 : Operation 28 [1/1] (0.00ns)   --->   "%ret_ln123 = ret i10 %sigmoid_table_load" [firmware/nnet_utils/nnet_activation.h:123]   --->   Operation 28 'ret' 'ret_ln123' <Predicate = true> <Delay = 0.00>


============================================================
+ Verbose Summary: Binding
============================================================
STG Binding: 
---------------- STG Properties BEGIN ----------------
- Is combinational: 0
- Is one-state seq: 0
- Is datapath-only: 1
- Is pipelined: 1
- Is top level: 0
Port [ Return ] is wired: 1; IO mode=ap_ctrl_hs:ce=0
Port [ data_val]:  wired=1; compound=0; hidden=0; nouse=0; global=0; static=0; extern=0; dir=0; type=0; pingpong=0; private_global=0; IO mode=ap_none:ce=0
Port [ sigmoid_table]:  wired=0; compound=1; hidden=1; nouse=0; global=1; static=1; extern=0; dir=0; type=1; pingpong=0; private_global=1; MemPort=[1]; IO mode=ap_memory:ce=0
---------------- STG Properties END ------------------

---------------- Datapath Model BEGIN ----------------

<LifeTime>
<method=bitvector/>
data_val_read      (read          ) [ 00000]
tmp_3              (partselect    ) [ 00000]
sext_ln115         (sext          ) [ 00000]
tmp                (bitselect     ) [ 00000]
trunc_ln115        (trunc         ) [ 00000]
tmp_2              (bitconcatenate) [ 00000]
icmp_ln115         (icmp          ) [ 00000]
add_ln115          (add           ) [ 00000]
select_ln115       (select        ) [ 00000]
data_round         (select        ) [ 00000]
index              (add           ) [ 00000]
trunc_ln113        (trunc         ) [ 00000]
tmp_1              (bitselect     ) [ 00000]
index_1            (select        ) [ 00000]
trunc_ln113_1      (trunc         ) [ 01100]
tmp_4              (partselect    ) [ 01100]
icmp_ln119         (icmp          ) [ 00000]
index_2            (select        ) [ 01010]
zext_ln121         (zext          ) [ 00000]
sigmoid_table_addr (getelementptr ) [ 01001]
specpipeline_ln115 (specpipeline  ) [ 00000]
sigmoid_table_load (load          ) [ 00000]
ret_ln123          (ret           ) [ 00000]
</LifeTime>

<model>

<comp_list>
<comp id="0" class="1000" name="data_val">
<pin_list>
<pin id="1" dir="1" index="0" bw="1" slack="0"/>
</pin_list>
<bind>
<StgValue><ssdm name="data_val"/></StgValue>
</bind>
</comp>

<comp id="2" class="1000" name="sigmoid_table">
<pin_list>
<pin id="3" dir="1" index="0" bw="1" slack="0"/>
</pin_list>
<bind>
<StgValue><ssdm name="sigmoid_table"/><MemPortTyVec>1 </MemPortTyVec>
</StgValue>
</bind>
</comp>

<comp id="4" class="1001" name="const_4">
<pin_list>
<pin id="5" dir="1" index="0" bw="1" slack="0"/>
</pin_list>
<bind>
<StgValue><ssdm name="_ssdm_op_Read.ap_auto.i16"/></StgValue>
</bind>
</comp>

<comp id="6" class="1001" name="const_6">
<pin_list>
<pin id="7" dir="1" index="0" bw="1" slack="0"/>
</pin_list>
<bind>
<StgValue><ssdm name="_ssdm_op_PartSelect.i12.i16.i32.i32"/></StgValue>
</bind>
</comp>

<comp id="8" class="1001" name="const_8">
<pin_list>
<pin id="9" dir="1" index="0" bw="1" slack="0"/>
</pin_list>
<bind>
<StgValue><ssdm name=""/></StgValue>
</bind>
</comp>

<comp id="10" class="1001" name="const_10">
<pin_list>
<pin id="11" dir="1" index="0" bw="1" slack="0"/>
</pin_list>
<bind>
<StgValue><ssdm name=""/></StgValue>
</bind>
</comp>

<comp id="12" class="1001" name="const_12">
<pin_list>
<pin id="13" dir="1" index="0" bw="1" slack="0"/>
</pin_list>
<bind>
<StgValue><ssdm name="_ssdm_op_BitSelect.i1.i16.i32"/></StgValue>
</bind>
</comp>

<comp id="14" class="1001" name="const_14">
<pin_list>
<pin id="15" dir="1" index="0" bw="1" slack="0"/>
</pin_list>
<bind>
<StgValue><ssdm name="_ssdm_op_BitConcatenate.i10.i4.i6"/></StgValue>
</bind>
</comp>

<comp id="16" class="1001" name="const_16">
<pin_list>
<pin id="17" dir="1" index="0" bw="1" slack="0"/>
</pin_list>
<bind>
<StgValue><ssdm name=""/></StgValue>
</bind>
</comp>

<comp id="18" class="1001" name="const_18">
<pin_list>
<pin id="19" dir="1" index="0" bw="1" slack="0"/>
</pin_list>
<bind>
<StgValue><ssdm name=""/></StgValue>
</bind>
</comp>

<comp id="20" class="1001" name="const_20">
<pin_list>
<pin id="21" dir="1" index="0" bw="1" slack="0"/>
</pin_list>
<bind>
<StgValue><ssdm name=""/></StgValue>
</bind>
</comp>

<comp id="22" class="1001" name="const_22">
<pin_list>
<pin id="23" dir="1" index="0" bw="1" slack="0"/>
</pin_list>
<bind>
<StgValue><ssdm name=""/></StgValue>
</bind>
</comp>

<comp id="24" class="1001" name="const_24">
<pin_list>
<pin id="25" dir="1" index="0" bw="1" slack="0"/>
</pin_list>
<bind>
<StgValue><ssdm name="_ssdm_op_BitSelect.i1.i13.i32"/></StgValue>
</bind>
</comp>

<comp id="26" class="1001" name="const_26">
<pin_list>
<pin id="27" dir="1" index="0" bw="1" slack="0"/>
</pin_list>
<bind>
<StgValue><ssdm name=""/></StgValue>
</bind>
</comp>

<comp id="28" class="1001" name="const_28">
<pin_list>
<pin id="29" dir="1" index="0" bw="1" slack="0"/>
</pin_list>
<bind>
<StgValue><ssdm name=""/></StgValue>
</bind>
</comp>

<comp id="30" class="1001" name="const_30">
<pin_list>
<pin id="31" dir="1" index="0" bw="1" slack="0"/>
</pin_list>
<bind>
<StgValue><ssdm name="_ssdm_op_PartSelect.i2.i12.i32.i32"/></StgValue>
</bind>
</comp>

<comp id="32" class="1001" name="const_32">
<pin_list>
<pin id="33" dir="1" index="0" bw="1" slack="0"/>
</pin_list>
<bind>
<StgValue><ssdm name=""/></StgValue>
</bind>
</comp>

<comp id="34" class="1001" name="const_34">
<pin_list>
<pin id="35" dir="1" index="0" bw="1" slack="0"/>
</pin_list>
<bind>
<StgValue><ssdm name=""/></StgValue>
</bind>
</comp>

<comp id="36" class="1001" name="const_36">
<pin_list>
<pin id="37" dir="1" index="0" bw="1" slack="0"/>
</pin_list>
<bind>
<StgValue><ssdm name=""/></StgValue>
</bind>
</comp>

<comp id="38" class="1001" name="const_38">
<pin_list>
<pin id="39" dir="1" index="0" bw="1" slack="0"/>
</pin_list>
<bind>
<StgValue><ssdm name=""/></StgValue>
</bind>
</comp>

<comp id="40" class="1001" name="const_40">
<pin_list>
<pin id="41" dir="1" index="0" bw="1" slack="0"/>
</pin_list>
<bind>
<StgValue><ssdm name=""/></StgValue>
</bind>
</comp>

<comp id="42" class="1001" name="const_42">
<pin_list>
<pin id="43" dir="1" index="0" bw="1" slack="2147483647"/>
</pin_list>
<bind>
<StgValue><ssdm name="_ssdm_op_SpecPipeline"/></StgValue>
</bind>
</comp>

<comp id="44" class="1001" name="const_44">
<pin_list>
<pin id="45" dir="1" index="0" bw="1" slack="2147483647"/>
</pin_list>
<bind>
<StgValue><ssdm name=""/></StgValue>
</bind>
</comp>

<comp id="46" class="1001" name="const_46">
<pin_list>
<pin id="47" dir="1" index="0" bw="1" slack="2147483647"/>
</pin_list>
<bind>
<StgValue><ssdm name=""/></StgValue>
</bind>
</comp>

<comp id="48" class="1001" name="const_48">
<pin_list>
<pin id="49" dir="1" index="0" bw="1" slack="2147483647"/>
</pin_list>
<bind>
<StgValue><ssdm name="empty_0"/></StgValue>
</bind>
</comp>

<comp id="50" class="1004" name="data_val_read_read_fu_50">
<pin_list>
<pin id="51" dir="0" index="0" bw="16" slack="0"/>
<pin id="52" dir="0" index="1" bw="16" slack="0"/>
<pin id="53" dir="1" index="2" bw="16" slack="0"/>
</pin_list>
<bind>
<opcode="read(1150) " fcode="read"/>
<opset="data_val_read/1 "/>
</bind>
</comp>

<comp id="56" class="1004" name="sigmoid_table_addr_gep_fu_56">
<pin_list>
<pin id="57" dir="0" index="0" bw="10" slack="0"/>
<pin id="58" dir="0" index="1" bw="1" slack="0"/>
<pin id="59" dir="0" index="2" bw="10" slack="0"/>
<pin id="60" dir="1" index="3" bw="10" slack="0"/>
</pin_list>
<bind>
<opcode="getelementptr(29) " fcode="getelementptr"/>
<opset="sigmoid_table_addr/3 "/>
</bind>
</comp>

<comp id="63" class="1004" name="grp_access_fu_63">
<pin_list>
<pin id="64" dir="0" index="0" bw="10" slack="0"/>
<pin id="65" dir="0" index="1" bw="10" slack="2147483647"/>
<pin id="66" dir="0" index="2" bw="0" slack="2147483647"/>
<pin id="67" dir="1" index="3" bw="10" slack="2147483647"/>
</pin_list>
<bind>
<opcode="load(27) " fcode="load"/>
<opset="sigmoid_table_load/3 "/>
</bind>
</comp>

<comp id="69" class="1004" name="tmp_3_fu_69">
<pin_list>
<pin id="70" dir="0" index="0" bw="12" slack="0"/>
<pin id="71" dir="0" index="1" bw="16" slack="0"/>
<pin id="72" dir="0" index="2" bw="4" slack="0"/>
<pin id="73" dir="0" index="3" bw="5" slack="0"/>
<pin id="74" dir="1" index="4" bw="12" slack="0"/>
</pin_list>
<bind>
<opcode="partselect(1002) " fcode="partselect"/>
<opset="tmp_3/1 "/>
</bind>
</comp>

<comp id="79" class="1004" name="sext_ln115_fu_79">
<pin_list>
<pin id="80" dir="0" index="0" bw="12" slack="0"/>
<pin id="81" dir="1" index="1" bw="13" slack="0"/>
</pin_list>
<bind>
<opcode="sext(35) " fcode="sext"/>
<opset="sext_ln115/1 "/>
</bind>
</comp>

<comp id="83" class="1004" name="tmp_fu_83">
<pin_list>
<pin id="84" dir="0" index="0" bw="1" slack="0"/>
<pin id="85" dir="0" index="1" bw="16" slack="0"/>
<pin id="86" dir="0" index="2" bw="5" slack="0"/>
<pin id="87" dir="1" index="3" bw="1" slack="0"/>
</pin_list>
<bind>
<opcode="bitselect(1000) " fcode="bitselect"/>
<opset="tmp/1 "/>
</bind>
</comp>

<comp id="91" class="1004" name="trunc_ln115_fu_91">
<pin_list>
<pin id="92" dir="0" index="0" bw="16" slack="0"/>
<pin id="93" dir="1" index="1" bw="4" slack="0"/>
</pin_list>
<bind>
<opcode="trunc(33) " fcode="trunc"/>
<opset="trunc_ln115/1 "/>
</bind>
</comp>

<comp id="95" class="1004" name="tmp_2_fu_95">
<pin_list>
<pin id="96" dir="0" index="0" bw="10" slack="0"/>
<pin id="97" dir="0" index="1" bw="4" slack="0"/>
<pin id="98" dir="0" index="2" bw="1" slack="0"/>
<pin id="99" dir="1" index="3" bw="10" slack="0"/>
</pin_list>
<bind>
<opcode="bitconcatenate(1004) " fcode="bitconcatenate"/>
<opset="tmp_2/1 "/>
</bind>
</comp>

<comp id="103" class="1004" name="icmp_ln115_fu_103">
<pin_list>
<pin id="104" dir="0" index="0" bw="10" slack="0"/>
<pin id="105" dir="0" index="1" bw="1" slack="0"/>
<pin id="106" dir="1" index="2" bw="1" slack="0"/>
</pin_list>
<bind>
<opcode="icmp(45) " fcode="icmp"/>
<opset="icmp_ln115/1 "/>
</bind>
</comp>

<comp id="109" class="1004" name="add_ln115_fu_109">
<pin_list>
<pin id="110" dir="0" index="0" bw="12" slack="0"/>
<pin id="111" dir="0" index="1" bw="1" slack="0"/>
<pin id="112" dir="1" index="2" bw="13" slack="0"/>
</pin_list>
<bind>
<opcode="add(8) " fcode="add"/>
<opset="add_ln115/1 "/>
</bind>
</comp>

<comp id="115" class="1004" name="select_ln115_fu_115">
<pin_list>
<pin id="116" dir="0" index="0" bw="1" slack="0"/>
<pin id="117" dir="0" index="1" bw="13" slack="0"/>
<pin id="118" dir="0" index="2" bw="12" slack="0"/>
<pin id="119" dir="1" index="3" bw="13" slack="0"/>
</pin_list>
<bind>
<opcode="select(49) " fcode="select"/>
<opset="select_ln115/1 "/>
</bind>
</comp>

<comp id="123" class="1004" name="data_round_fu_123">
<pin_list>
<pin id="124" dir="0" index="0" bw="1" slack="0"/>
<pin id="125" dir="0" index="1" bw="13" slack="0"/>
<pin id="126" dir="0" index="2" bw="12" slack="0"/>
<pin id="127" dir="1" index="3" bw="13" slack="0"/>
</pin_list>
<bind>
<opcode="select(49) " fcode="select"/>
<opset="data_round/1 "/>
</bind>
</comp>

<comp id="131" class="1004" name="index_fu_131">
<pin_list>
<pin id="132" dir="0" index="0" bw="13" slack="0"/>
<pin id="133" dir="0" index="1" bw="11" slack="0"/>
<pin id="134" dir="1" index="2" bw="13" slack="0"/>
</pin_list>
<bind>
<opcode="add(8) " fcode="add"/>
<opset="index/1 "/>
</bind>
</comp>

<comp id="137" class="1004" name="trunc_ln113_fu_137">
<pin_list>
<pin id="138" dir="0" index="0" bw="13" slack="0"/>
<pin id="139" dir="1" index="1" bw="12" slack="0"/>
</pin_list>
<bind>
<opcode="trunc(33) " fcode="trunc"/>
<opset="trunc_ln113/1 "/>
</bind>
</comp>

<comp id="141" class="1004" name="tmp_1_fu_141">
<pin_list>
<pin id="142" dir="0" index="0" bw="1" slack="0"/>
<pin id="143" dir="0" index="1" bw="13" slack="0"/>
<pin id="144" dir="0" index="2" bw="5" slack="0"/>
<pin id="145" dir="1" index="3" bw="1" slack="0"/>
</pin_list>
<bind>
<opcode="bitselect(1000) " fcode="bitselect"/>
<opset="tmp_1/1 "/>
</bind>
</comp>

<comp id="149" class="1004" name="index_1_fu_149">
<pin_list>
<pin id="150" dir="0" index="0" bw="1" slack="0"/>
<pin id="151" dir="0" index="1" bw="1" slack="0"/>
<pin id="152" dir="0" index="2" bw="12" slack="0"/>
<pin id="153" dir="1" index="3" bw="12" slack="0"/>
</pin_list>
<bind>
<opcode="select(49) " fcode="select"/>
<opset="index_1/1 "/>
</bind>
</comp>

<comp id="157" class="1004" name="trunc_ln113_1_fu_157">
<pin_list>
<pin id="158" dir="0" index="0" bw="12" slack="0"/>
<pin id="159" dir="1" index="1" bw="10" slack="1"/>
</pin_list>
<bind>
<opcode="trunc(33) " fcode="trunc"/>
<opset="trunc_ln113_1/1 "/>
</bind>
</comp>

<comp id="161" class="1004" name="tmp_4_fu_161">
<pin_list>
<pin id="162" dir="0" index="0" bw="2" slack="0"/>
<pin id="163" dir="0" index="1" bw="12" slack="0"/>
<pin id="164" dir="0" index="2" bw="5" slack="0"/>
<pin id="165" dir="0" index="3" bw="5" slack="0"/>
<pin id="166" dir="1" index="4" bw="2" slack="1"/>
</pin_list>
<bind>
<opcode="partselect(1002) " fcode="partselect"/>
<opset="tmp_4/1 "/>
</bind>
</comp>

<comp id="171" class="1004" name="icmp_ln119_fu_171">
<pin_list>
<pin id="172" dir="0" index="0" bw="2" slack="1"/>
<pin id="173" dir="0" index="1" bw="1" slack="0"/>
<pin id="174" dir="1" index="2" bw="1" slack="0"/>
</pin_list>
<bind>
<opcode="icmp(45) " fcode="icmp"/>
<opset="icmp_ln119/2 "/>
</bind>
</comp>

<comp id="176" class="1004" name="index_2_fu_176">
<pin_list>
<pin id="177" dir="0" index="0" bw="1" slack="0"/>
<pin id="178" dir="0" index="1" bw="1" slack="0"/>
<pin id="179" dir="0" index="2" bw="10" slack="1"/>
<pin id="180" dir="1" index="3" bw="10" slack="1"/>
</pin_list>
<bind>
<opcode="select(49) " fcode="select"/>
<opset="index_2/2 "/>
</bind>
</comp>

<comp id="183" class="1004" name="zext_ln121_fu_183">
<pin_list>
<pin id="184" dir="0" index="0" bw="10" slack="1"/>
<pin id="185" dir="1" index="1" bw="64" slack="0"/>
</pin_list>
<bind>
<opcode="zext(34) " fcode="zext"/>
<opset="zext_ln121/3 "/>
</bind>
</comp>

<comp id="187" class="1005" name="trunc_ln113_1_reg_187">
<pin_list>
<pin id="188" dir="0" index="0" bw="10" slack="1"/>
<pin id="189" dir="1" index="1" bw="10" slack="1"/>
</pin_list>
<bind>
<opset="trunc_ln113_1 "/>
</bind>
</comp>

<comp id="192" class="1005" name="tmp_4_reg_192">
<pin_list>
<pin id="193" dir="0" index="0" bw="2" slack="1"/>
<pin id="194" dir="1" index="1" bw="2" slack="1"/>
</pin_list>
<bind>
<opset="tmp_4 "/>
</bind>
</comp>

<comp id="197" class="1005" name="index_2_reg_197">
<pin_list>
<pin id="198" dir="0" index="0" bw="10" slack="1"/>
<pin id="199" dir="1" index="1" bw="10" slack="1"/>
</pin_list>
<bind>
<opset="index_2 "/>
</bind>
</comp>

<comp id="202" class="1005" name="sigmoid_table_addr_reg_202">
<pin_list>
<pin id="203" dir="0" index="0" bw="10" slack="1"/>
<pin id="204" dir="1" index="1" bw="10" slack="1"/>
</pin_list>
<bind>
<opset="sigmoid_table_addr "/>
</bind>
</comp>

</comp_list>

<net_list>
<net id="54"><net_src comp="4" pin="0"/><net_sink comp="50" pin=0"/></net>

<net id="55"><net_src comp="0" pin="0"/><net_sink comp="50" pin=1"/></net>

<net id="61"><net_src comp="2" pin="0"/><net_sink comp="56" pin=0"/></net>

<net id="62"><net_src comp="40" pin="0"/><net_sink comp="56" pin=1"/></net>

<net id="68"><net_src comp="56" pin="3"/><net_sink comp="63" pin=0"/></net>

<net id="75"><net_src comp="6" pin="0"/><net_sink comp="69" pin=0"/></net>

<net id="76"><net_src comp="50" pin="2"/><net_sink comp="69" pin=1"/></net>

<net id="77"><net_src comp="8" pin="0"/><net_sink comp="69" pin=2"/></net>

<net id="78"><net_src comp="10" pin="0"/><net_sink comp="69" pin=3"/></net>

<net id="82"><net_src comp="69" pin="4"/><net_sink comp="79" pin=0"/></net>

<net id="88"><net_src comp="12" pin="0"/><net_sink comp="83" pin=0"/></net>

<net id="89"><net_src comp="50" pin="2"/><net_sink comp="83" pin=1"/></net>

<net id="90"><net_src comp="10" pin="0"/><net_sink comp="83" pin=2"/></net>

<net id="94"><net_src comp="50" pin="2"/><net_sink comp="91" pin=0"/></net>

<net id="100"><net_src comp="14" pin="0"/><net_sink comp="95" pin=0"/></net>

<net id="101"><net_src comp="91" pin="1"/><net_sink comp="95" pin=1"/></net>

<net id="102"><net_src comp="16" pin="0"/><net_sink comp="95" pin=2"/></net>

<net id="107"><net_src comp="95" pin="3"/><net_sink comp="103" pin=0"/></net>

<net id="108"><net_src comp="18" pin="0"/><net_sink comp="103" pin=1"/></net>

<net id="113"><net_src comp="79" pin="1"/><net_sink comp="109" pin=0"/></net>

<net id="114"><net_src comp="20" pin="0"/><net_sink comp="109" pin=1"/></net>

<net id="120"><net_src comp="103" pin="2"/><net_sink comp="115" pin=0"/></net>

<net id="121"><net_src comp="109" pin="2"/><net_sink comp="115" pin=1"/></net>

<net id="122"><net_src comp="79" pin="1"/><net_sink comp="115" pin=2"/></net>

<net id="128"><net_src comp="83" pin="3"/><net_sink comp="123" pin=0"/></net>

<net id="129"><net_src comp="115" pin="3"/><net_sink comp="123" pin=1"/></net>

<net id="130"><net_src comp="79" pin="1"/><net_sink comp="123" pin=2"/></net>

<net id="135"><net_src comp="123" pin="3"/><net_sink comp="131" pin=0"/></net>

<net id="136"><net_src comp="22" pin="0"/><net_sink comp="131" pin=1"/></net>

<net id="140"><net_src comp="131" pin="2"/><net_sink comp="137" pin=0"/></net>

<net id="146"><net_src comp="24" pin="0"/><net_sink comp="141" pin=0"/></net>

<net id="147"><net_src comp="131" pin="2"/><net_sink comp="141" pin=1"/></net>

<net id="148"><net_src comp="26" pin="0"/><net_sink comp="141" pin=2"/></net>

<net id="154"><net_src comp="141" pin="3"/><net_sink comp="149" pin=0"/></net>

<net id="155"><net_src comp="28" pin="0"/><net_sink comp="149" pin=1"/></net>

<net id="156"><net_src comp="137" pin="1"/><net_sink comp="149" pin=2"/></net>

<net id="160"><net_src comp="149" pin="3"/><net_sink comp="157" pin=0"/></net>

<net id="167"><net_src comp="30" pin="0"/><net_sink comp="161" pin=0"/></net>

<net id="168"><net_src comp="149" pin="3"/><net_sink comp="161" pin=1"/></net>

<net id="169"><net_src comp="32" pin="0"/><net_sink comp="161" pin=2"/></net>

<net id="170"><net_src comp="34" pin="0"/><net_sink comp="161" pin=3"/></net>

<net id="175"><net_src comp="36" pin="0"/><net_sink comp="171" pin=1"/></net>

<net id="181"><net_src comp="171" pin="2"/><net_sink comp="176" pin=0"/></net>

<net id="182"><net_src comp="38" pin="0"/><net_sink comp="176" pin=1"/></net>

<net id="186"><net_src comp="183" pin="1"/><net_sink comp="56" pin=2"/></net>

<net id="190"><net_src comp="157" pin="1"/><net_sink comp="187" pin=0"/></net>

<net id="191"><net_src comp="187" pin="1"/><net_sink comp="176" pin=2"/></net>

<net id="195"><net_src comp="161" pin="4"/><net_sink comp="192" pin=0"/></net>

<net id="196"><net_src comp="192" pin="1"/><net_sink comp="171" pin=0"/></net>

<net id="200"><net_src comp="176" pin="3"/><net_sink comp="197" pin=0"/></net>

<net id="201"><net_src comp="197" pin="1"/><net_sink comp="183" pin=0"/></net>

<net id="205"><net_src comp="56" pin="3"/><net_sink comp="202" pin=0"/></net>

<net id="206"><net_src comp="202" pin="1"/><net_sink comp="63" pin=0"/></net>

</net_list>

</model> 
---------------- Datapath Model END ------------------

* FSMD analyzer results:
  - Output states:
 - Input state : 
	Port: sigmoid<ap_fixed<16, 6, 5, 3, 0>, ap_fixed<16, 6, 5, 3, 0>, sigmoid_config13> : data_val | {1 }
	Port: sigmoid<ap_fixed<16, 6, 5, 3, 0>, ap_fixed<16, 6, 5, 3, 0>, sigmoid_config13> : sigmoid_table | {3 4 }
  - Chain level:
	State 1
		sext_ln115 : 1
		tmp_2 : 1
		icmp_ln115 : 2
		add_ln115 : 2
		select_ln115 : 3
		data_round : 4
		index : 5
		trunc_ln113 : 6
		tmp_1 : 6
		index_1 : 7
		trunc_ln113_1 : 8
		tmp_4 : 8
	State 2
		index_2 : 1
	State 3
		sigmoid_table_addr : 1
		sigmoid_table_load : 2
	State 4
		ret_ln123 : 1


============================================================
+ Verbose Summary: Datapath Resource usage 
============================================================

* Functional unit list:
|----------|--------------------------|---------|---------|
| Operation|      Functional Unit     |    FF   |   LUT   |
|----------|--------------------------|---------|---------|
|          |    select_ln115_fu_115   |    0    |    13   |
|  select  |     data_round_fu_123    |    0    |    13   |
|          |      index_1_fu_149      |    0    |    12   |
|          |      index_2_fu_176      |    0    |    10   |
|----------|--------------------------|---------|---------|
|    add   |     add_ln115_fu_109     |    0    |    12   |
|          |       index_fu_131       |    0    |    14   |
|----------|--------------------------|---------|---------|
|   icmp   |     icmp_ln115_fu_103    |    0    |    13   |
|          |     icmp_ln119_fu_171    |    0    |    10   |
|----------|--------------------------|---------|---------|
|   read   | data_val_read_read_fu_50 |    0    |    0    |
|----------|--------------------------|---------|---------|
|partselect|        tmp_3_fu_69       |    0    |    0    |
|          |       tmp_4_fu_161       |    0    |    0    |
|----------|--------------------------|---------|---------|
|   sext   |     sext_ln115_fu_79     |    0    |    0    |
|----------|--------------------------|---------|---------|
| bitselect|         tmp_fu_83        |    0    |    0    |
|          |       tmp_1_fu_141       |    0    |    0    |
|----------|--------------------------|---------|---------|
|          |     trunc_ln115_fu_91    |    0    |    0    |
|   trunc  |    trunc_ln113_fu_137    |    0    |    0    |
|          |   trunc_ln113_1_fu_157   |    0    |    0    |
|----------|--------------------------|---------|---------|
|bitconcatenate|        tmp_2_fu_95       |    0    |    0    |
|----------|--------------------------|---------|---------|
|   zext   |     zext_ln121_fu_183    |    0    |    0    |
|----------|--------------------------|---------|---------|
|   Total  |                          |    0    |    97   |
|----------|--------------------------|---------|---------|

Memories:
N/A

* Register list:
+--------------------------+--------+
|                          |   FF   |
+--------------------------+--------+
|      index_2_reg_197     |   10   |
|sigmoid_table_addr_reg_202|   10   |
|       tmp_4_reg_192      |    2   |
|   trunc_ln113_1_reg_187  |   10   |
+--------------------------+--------+
|           Total          |   32   |
+--------------------------+--------+

* Multiplexer (MUX) list: 
|------------------|------|------|------|--------||---------||---------||---------|
|       Comp       |  Pin | Size |  BW  | S x BW ||  Delay  ||    FF   ||   LUT   |
|------------------|------|------|------|--------||---------||---------||---------|
| grp_access_fu_63 |  p0  |   2  |  10  |   20   ||    0    ||    9    |
|------------------|------|------|------|--------||---------||---------||---------|
|       Total      |      |      |      |   20   ||  1.588  ||    0    ||    9    |
|------------------|------|------|------|--------||---------||---------||---------|



* Summary:
+-----------+--------+--------+--------+
|           |  Delay |   FF   |   LUT  |
+-----------+--------+--------+--------+
|  Function |    -   |    0   |   97   |
|   Memory  |    -   |    -   |    -   |
|Multiplexer|    1   |    0   |    9   |
|  Register |    -   |   32   |    -   |
+-----------+--------+--------+--------+
|   Total   |    1   |   32   |   106  |
+-----------+--------+--------+--------+
