#-----------------------------------------------------------
# Vivado v2024.1 (64-bit)
# SW Build 5076996 on Wed May 22 18:36:09 MDT 2024
# IP Build 5075265 on Wed May 22 21:45:21 MDT 2024
# SharedData Build 5076995 on Wed May 22 18:29:18 MDT 2024
# Start of session at: Mon Apr 20 16:58:10 2026
# Process ID: 3197762
# Current directory: /home/youeric/PixelML/SmartpixReal/Muon_Collider_Smart_Pixels/eric/Model1_quantized_4w0i_pareto_roc_selected/hls_outputs/hls_model_trial_432
# Command line: vivado -mode batch -source vivado_synth.tcl
# Log file: /home/youeric/PixelML/SmartpixReal/Muon_Collider_Smart_Pixels/eric/Model1_quantized_4w0i_pareto_roc_selected/hls_outputs/hls_model_trial_432/vivado.log
# Journal file: /home/youeric/PixelML/SmartpixReal/Muon_Collider_Smart_Pixels/eric/Model1_quantized_4w0i_pareto_roc_selected/hls_outputs/hls_model_trial_432/vivado.jou
# Running On        :kdplab01
# Platform          :unknown
# Operating System  :unknown
# Processor Detail  :Intel(R) Xeon(R) Silver 4314 CPU @ 2.40GHz
# CPU Frequency     :3000.000 MHz
# CPU Physical cores:32
# CPU Logical cores :64
# Host memory       :134212 MB
# Swap memory       :122406 MB
# Total Virtual     :256618 MB
# Available Virtual :138839 MB
#-----------------------------------------------------------
source vivado_synth.tcl
# set tcldir [file dirname [info script]]
# source [file join $tcldir project.tcl]
## variable project_name
## set project_name "myproject"
## variable backend
## set backend "vivado"
## variable part
## set part "xc7z020clg400-1"
## variable clock_period
## set clock_period 5
## variable clock_uncertainty
## set clock_uncertainty 12.5%
## variable version
## set version "1.0.0"
# add_files ${project_name}_prj/solution1/syn/vhdl
add_files: Time (s): cpu = 00:00:05 ; elapsed = 00:00:05 . Memory (MB): peak = 1673.957 ; gain = 23.836 ; free physical = 55710 ; free virtual = 131636
# synth_design -top ${project_name} -part $part
Command: synth_design -top myproject -part xc7z020clg400-1
Starting synth_design
Attempting to get a license for feature 'Synthesis' and/or device 'xc7z020'
INFO: [Common 17-349] Got license for feature 'Synthesis' and/or device 'xc7z020'
INFO: [Synth 8-7079] Multithreading enabled for synth_design using a maximum of 4 processes.
INFO: [Synth 8-7078] Launching helper process for spawning children vivado processes
INFO: [Synth 8-7075] Helper process launched with PID 3208057
---------------------------------------------------------------------------------
Starting Synthesize : Time (s): cpu = 00:00:04 ; elapsed = 00:00:04 . Memory (MB): peak = 2105.547 ; gain = 425.629 ; free physical = 55732 ; free virtual = 130875
---------------------------------------------------------------------------------
INFO: [Synth 8-638] synthesizing module 'myproject' [/home/youeric/PixelML/SmartpixReal/Muon_Collider_Smart_Pixels/eric/Model1_quantized_4w0i_pareto_roc_selected/hls_outputs/hls_model_trial_432/myproject_prj/solution1/syn/vhdl/myproject.vhd:32]
INFO: [Synth 8-3491] module 'myproject_linear_ap_fixed_16_6_5_3_0_ap_fixed_8_1_4_0_0_linear_config3_s' declared at '/home/youeric/PixelML/SmartpixReal/Muon_Collider_Smart_Pixels/eric/Model1_quantized_4w0i_pareto_roc_selected/hls_outputs/hls_model_trial_432/myproject_prj/solution1/syn/vhdl/myproject_linear_ap_fixed_16_6_5_3_0_ap_fixed_8_1_4_0_0_linear_config3_s.vhd:11' bound to instance 'grp_linear_ap_fixed_16_6_5_3_0_ap_fixed_8_1_4_0_0_linear_config3_s_fu_135' of component 'myproject_linear_ap_fixed_16_6_5_3_0_ap_fixed_8_1_4_0_0_linear_config3_s' [/home/youeric/PixelML/SmartpixReal/Muon_Collider_Smart_Pixels/eric/Model1_quantized_4w0i_pareto_roc_selected/hls_outputs/hls_model_trial_432/myproject_prj/solution1/syn/vhdl/myproject.vhd:577]
INFO: [Synth 8-638] synthesizing module 'myproject_linear_ap_fixed_16_6_5_3_0_ap_fixed_8_1_4_0_0_linear_config3_s' [/home/youeric/PixelML/SmartpixReal/Muon_Collider_Smart_Pixels/eric/Model1_quantized_4w0i_pareto_roc_selected/hls_outputs/hls_model_trial_432/myproject_prj/solution1/syn/vhdl/myproject_linear_ap_fixed_16_6_5_3_0_ap_fixed_8_1_4_0_0_linear_config3_s.vhd:25]
INFO: [Synth 8-256] done synthesizing module 'myproject_linear_ap_fixed_16_6_5_3_0_ap_fixed_8_1_4_0_0_linear_config3_s' (0#1) [/home/youeric/PixelML/SmartpixReal/Muon_Collider_Smart_Pixels/eric/Model1_quantized_4w0i_pareto_roc_selected/hls_outputs/hls_model_trial_432/myproject_prj/solution1/syn/vhdl/myproject_linear_ap_fixed_16_6_5_3_0_ap_fixed_8_1_4_0_0_linear_config3_s.vhd:25]
INFO: [Synth 8-3491] module 'myproject_linear_ap_fixed_16_6_5_3_0_ap_fixed_8_1_4_0_0_linear_config4_s' declared at '/home/youeric/PixelML/SmartpixReal/Muon_Collider_Smart_Pixels/eric/Model1_quantized_4w0i_pareto_roc_selected/hls_outputs/hls_model_trial_432/myproject_prj/solution1/syn/vhdl/myproject_linear_ap_fixed_16_6_5_3_0_ap_fixed_8_1_4_0_0_linear_config4_s.vhd:11' bound to instance 'grp_linear_ap_fixed_16_6_5_3_0_ap_fixed_8_1_4_0_0_linear_config4_s_fu_141' of component 'myproject_linear_ap_fixed_16_6_5_3_0_ap_fixed_8_1_4_0_0_linear_config4_s' [/home/youeric/PixelML/SmartpixReal/Muon_Collider_Smart_Pixels/eric/Model1_quantized_4w0i_pareto_roc_selected/hls_outputs/hls_model_trial_432/myproject_prj/solution1/syn/vhdl/myproject.vhd:589]
INFO: [Synth 8-638] synthesizing module 'myproject_linear_ap_fixed_16_6_5_3_0_ap_fixed_8_1_4_0_0_linear_config4_s' [/home/youeric/PixelML/SmartpixReal/Muon_Collider_Smart_Pixels/eric/Model1_quantized_4w0i_pareto_roc_selected/hls_outputs/hls_model_trial_432/myproject_prj/solution1/syn/vhdl/myproject_linear_ap_fixed_16_6_5_3_0_ap_fixed_8_1_4_0_0_linear_config4_s.vhd:25]
INFO: [Synth 8-256] done synthesizing module 'myproject_linear_ap_fixed_16_6_5_3_0_ap_fixed_8_1_4_0_0_linear_config4_s' (0#1) [/home/youeric/PixelML/SmartpixReal/Muon_Collider_Smart_Pixels/eric/Model1_quantized_4w0i_pareto_roc_selected/hls_outputs/hls_model_trial_432/myproject_prj/solution1/syn/vhdl/myproject_linear_ap_fixed_16_6_5_3_0_ap_fixed_8_1_4_0_0_linear_config4_s.vhd:25]
INFO: [Synth 8-3491] module 'myproject_linear_ap_fixed_16_6_5_3_0_ap_fixed_8_1_4_0_0_linear_config7_s' declared at '/home/youeric/PixelML/SmartpixReal/Muon_Collider_Smart_Pixels/eric/Model1_quantized_4w0i_pareto_roc_selected/hls_outputs/hls_model_trial_432/myproject_prj/solution1/syn/vhdl/myproject_linear_ap_fixed_16_6_5_3_0_ap_fixed_8_1_4_0_0_linear_config7_s.vhd:11' bound to instance 'grp_linear_ap_fixed_16_6_5_3_0_ap_fixed_8_1_4_0_0_linear_config7_s_fu_147' of component 'myproject_linear_ap_fixed_16_6_5_3_0_ap_fixed_8_1_4_0_0_linear_config7_s' [/home/youeric/PixelML/SmartpixReal/Muon_Collider_Smart_Pixels/eric/Model1_quantized_4w0i_pareto_roc_selected/hls_outputs/hls_model_trial_432/myproject_prj/solution1/syn/vhdl/myproject.vhd:601]
INFO: [Synth 8-638] synthesizing module 'myproject_linear_ap_fixed_16_6_5_3_0_ap_fixed_8_1_4_0_0_linear_config7_s' [/home/youeric/PixelML/SmartpixReal/Muon_Collider_Smart_Pixels/eric/Model1_quantized_4w0i_pareto_roc_selected/hls_outputs/hls_model_trial_432/myproject_prj/solution1/syn/vhdl/myproject_linear_ap_fixed_16_6_5_3_0_ap_fixed_8_1_4_0_0_linear_config7_s.vhd:25]
INFO: [Synth 8-256] done synthesizing module 'myproject_linear_ap_fixed_16_6_5_3_0_ap_fixed_8_1_4_0_0_linear_config7_s' (0#1) [/home/youeric/PixelML/SmartpixReal/Muon_Collider_Smart_Pixels/eric/Model1_quantized_4w0i_pareto_roc_selected/hls_outputs/hls_model_trial_432/myproject_prj/solution1/syn/vhdl/myproject_linear_ap_fixed_16_6_5_3_0_ap_fixed_8_1_4_0_0_linear_config7_s.vhd:25]
INFO: [Synth 8-3491] module 'myproject_linear_ap_fixed_16_6_5_3_0_ap_fixed_8_1_4_0_0_linear_config10_s' declared at '/home/youeric/PixelML/SmartpixReal/Muon_Collider_Smart_Pixels/eric/Model1_quantized_4w0i_pareto_roc_selected/hls_outputs/hls_model_trial_432/myproject_prj/solution1/syn/vhdl/myproject_linear_ap_fixed_16_6_5_3_0_ap_fixed_8_1_4_0_0_linear_config10_s.vhd:11' bound to instance 'grp_linear_ap_fixed_16_6_5_3_0_ap_fixed_8_1_4_0_0_linear_config10_s_fu_153' of component 'myproject_linear_ap_fixed_16_6_5_3_0_ap_fixed_8_1_4_0_0_linear_config10_s' [/home/youeric/PixelML/SmartpixReal/Muon_Collider_Smart_Pixels/eric/Model1_quantized_4w0i_pareto_roc_selected/hls_outputs/hls_model_trial_432/myproject_prj/solution1/syn/vhdl/myproject.vhd:613]
INFO: [Synth 8-638] synthesizing module 'myproject_linear_ap_fixed_16_6_5_3_0_ap_fixed_8_1_4_0_0_linear_config10_s' [/home/youeric/PixelML/SmartpixReal/Muon_Collider_Smart_Pixels/eric/Model1_quantized_4w0i_pareto_roc_selected/hls_outputs/hls_model_trial_432/myproject_prj/solution1/syn/vhdl/myproject_linear_ap_fixed_16_6_5_3_0_ap_fixed_8_1_4_0_0_linear_config10_s.vhd:25]
INFO: [Synth 8-256] done synthesizing module 'myproject_linear_ap_fixed_16_6_5_3_0_ap_fixed_8_1_4_0_0_linear_config10_s' (0#1) [/home/youeric/PixelML/SmartpixReal/Muon_Collider_Smart_Pixels/eric/Model1_quantized_4w0i_pareto_roc_selected/hls_outputs/hls_model_trial_432/myproject_prj/solution1/syn/vhdl/myproject_linear_ap_fixed_16_6_5_3_0_ap_fixed_8_1_4_0_0_linear_config10_s.vhd:25]
INFO: [Synth 8-3491] module 'myproject_concatenate1d_ap_fixed_ap_fixed_ap_fixed_16_6_5_3_0_config6_s' declared at '/home/youeric/PixelML/SmartpixReal/Muon_Collider_Smart_Pixels/eric/Model1_quantized_4w0i_pareto_roc_selected/hls_outputs/hls_model_trial_432/myproject_prj/solution1/syn/vhdl/myproject_concatenate1d_ap_fixed_ap_fixed_ap_fixed_16_6_5_3_0_config6_s.vhd:11' bound to instance 'call_ret1_concatenate1d_ap_fixed_ap_fixed_ap_fixed_16_6_5_3_0_config6_s_fu_159' of component 'myproject_concatenate1d_ap_fixed_ap_fixed_ap_fixed_16_6_5_3_0_config6_s' [/home/youeric/PixelML/SmartpixReal/Muon_Collider_Smart_Pixels/eric/Model1_quantized_4w0i_pareto_roc_selected/hls_outputs/hls_model_trial_432/myproject_prj/solution1/syn/vhdl/myproject.vhd:625]
INFO: [Synth 8-638] synthesizing module 'myproject_concatenate1d_ap_fixed_ap_fixed_ap_fixed_16_6_5_3_0_config6_s' [/home/youeric/PixelML/SmartpixReal/Muon_Collider_Smart_Pixels/eric/Model1_quantized_4w0i_pareto_roc_selected/hls_outputs/hls_model_trial_432/myproject_prj/solution1/syn/vhdl/myproject_concatenate1d_ap_fixed_ap_fixed_ap_fixed_16_6_5_3_0_config6_s.vhd:22]
INFO: [Synth 8-256] done synthesizing module 'myproject_concatenate1d_ap_fixed_ap_fixed_ap_fixed_16_6_5_3_0_config6_s' (0#1) [/home/youeric/PixelML/SmartpixReal/Muon_Collider_Smart_Pixels/eric/Model1_quantized_4w0i_pareto_roc_selected/hls_outputs/hls_model_trial_432/myproject_prj/solution1/syn/vhdl/myproject_concatenate1d_ap_fixed_ap_fixed_ap_fixed_16_6_5_3_0_config6_s.vhd:22]
INFO: [Synth 8-3491] module 'myproject_concatenate1d_ap_fixed_ap_fixed_ap_fixed_16_6_5_3_0_config9_s' declared at '/home/youeric/PixelML/SmartpixReal/Muon_Collider_Smart_Pixels/eric/Model1_quantized_4w0i_pareto_roc_selected/hls_outputs/hls_model_trial_432/myproject_prj/solution1/syn/vhdl/myproject_concatenate1d_ap_fixed_ap_fixed_ap_fixed_16_6_5_3_0_config9_s.vhd:11' bound to instance 'call_ret2_concatenate1d_ap_fixed_ap_fixed_ap_fixed_16_6_5_3_0_config9_s_fu_165' of component 'myproject_concatenate1d_ap_fixed_ap_fixed_ap_fixed_16_6_5_3_0_config9_s' [/home/youeric/PixelML/SmartpixReal/Muon_Collider_Smart_Pixels/eric/Model1_quantized_4w0i_pareto_roc_selected/hls_outputs/hls_model_trial_432/myproject_prj/solution1/syn/vhdl/myproject.vhd:634]
INFO: [Synth 8-638] synthesizing module 'myproject_concatenate1d_ap_fixed_ap_fixed_ap_fixed_16_6_5_3_0_config9_s' [/home/youeric/PixelML/SmartpixReal/Muon_Collider_Smart_Pixels/eric/Model1_quantized_4w0i_pareto_roc_selected/hls_outputs/hls_model_trial_432/myproject_prj/solution1/syn/vhdl/myproject_concatenate1d_ap_fixed_ap_fixed_ap_fixed_16_6_5_3_0_config9_s.vhd:24]
INFO: [Synth 8-256] done synthesizing module 'myproject_concatenate1d_ap_fixed_ap_fixed_ap_fixed_16_6_5_3_0_config9_s' (0#1) [/home/youeric/PixelML/SmartpixReal/Muon_Collider_Smart_Pixels/eric/Model1_quantized_4w0i_pareto_roc_selected/hls_outputs/hls_model_trial_432/myproject_prj/solution1/syn/vhdl/myproject_concatenate1d_ap_fixed_ap_fixed_ap_fixed_16_6_5_3_0_config9_s.vhd:24]
INFO: [Synth 8-3491] module 'myproject_concatenate1d_ap_fixed_ap_fixed_ap_fixed_16_6_5_3_0_config11_s' declared at '/home/youeric/PixelML/SmartpixReal/Muon_Collider_Smart_Pixels/eric/Model1_quantized_4w0i_pareto_roc_selected/hls_outputs/hls_model_trial_432/myproject_prj/solution1/syn/vhdl/myproject_concatenate1d_ap_fixed_ap_fixed_ap_fixed_16_6_5_3_0_config11_s.vhd:11' bound to instance 'call_ret3_concatenate1d_ap_fixed_ap_fixed_ap_fixed_16_6_5_3_0_config11_s_fu_172' of component 'myproject_concatenate1d_ap_fixed_ap_fixed_ap_fixed_16_6_5_3_0_config11_s' [/home/youeric/PixelML/SmartpixReal/Muon_Collider_Smart_Pixels/eric/Model1_quantized_4w0i_pareto_roc_selected/hls_outputs/hls_model_trial_432/myproject_prj/solution1/syn/vhdl/myproject.vhd:645]
INFO: [Synth 8-638] synthesizing module 'myproject_concatenate1d_ap_fixed_ap_fixed_ap_fixed_16_6_5_3_0_config11_s' [/home/youeric/PixelML/SmartpixReal/Muon_Collider_Smart_Pixels/eric/Model1_quantized_4w0i_pareto_roc_selected/hls_outputs/hls_model_trial_432/myproject_prj/solution1/syn/vhdl/myproject_concatenate1d_ap_fixed_ap_fixed_ap_fixed_16_6_5_3_0_config11_s.vhd:26]
INFO: [Synth 8-256] done synthesizing module 'myproject_concatenate1d_ap_fixed_ap_fixed_ap_fixed_16_6_5_3_0_config11_s' (0#1) [/home/youeric/PixelML/SmartpixReal/Muon_Collider_Smart_Pixels/eric/Model1_quantized_4w0i_pareto_roc_selected/hls_outputs/hls_model_trial_432/myproject_prj/solution1/syn/vhdl/myproject_concatenate1d_ap_fixed_ap_fixed_ap_fixed_16_6_5_3_0_config11_s.vhd:26]
INFO: [Synth 8-3491] module 'myproject_dense_latency_ap_fixed_16_6_5_3_0_ap_fixed_16_6_5_3_0_config12_s' declared at '/home/youeric/PixelML/SmartpixReal/Muon_Collider_Smart_Pixels/eric/Model1_quantized_4w0i_pareto_roc_selected/hls_outputs/hls_model_trial_432/myproject_prj/solution1/syn/vhdl/myproject_dense_latency_ap_fixed_16_6_5_3_0_ap_fixed_16_6_5_3_0_config12_s.vhd:11' bound to instance 'grp_dense_latency_ap_fixed_16_6_5_3_0_ap_fixed_16_6_5_3_0_config12_s_fu_180' of component 'myproject_dense_latency_ap_fixed_16_6_5_3_0_ap_fixed_16_6_5_3_0_config12_s' [/home/youeric/PixelML/SmartpixReal/Muon_Collider_Smart_Pixels/eric/Model1_quantized_4w0i_pareto_roc_selected/hls_outputs/hls_model_trial_432/myproject_prj/solution1/syn/vhdl/myproject.vhd:658]
INFO: [Synth 8-638] synthesizing module 'myproject_dense_latency_ap_fixed_16_6_5_3_0_ap_fixed_16_6_5_3_0_config12_s' [/home/youeric/PixelML/SmartpixReal/Muon_Collider_Smart_Pixels/eric/Model1_quantized_4w0i_pareto_roc_selected/hls_outputs/hls_model_trial_432/myproject_prj/solution1/syn/vhdl/myproject_dense_latency_ap_fixed_16_6_5_3_0_ap_fixed_16_6_5_3_0_config12_s.vhd:32]
INFO: [Synth 8-256] done synthesizing module 'myproject_dense_latency_ap_fixed_16_6_5_3_0_ap_fixed_16_6_5_3_0_config12_s' (0#1) [/home/youeric/PixelML/SmartpixReal/Muon_Collider_Smart_Pixels/eric/Model1_quantized_4w0i_pareto_roc_selected/hls_outputs/hls_model_trial_432/myproject_prj/solution1/syn/vhdl/myproject_dense_latency_ap_fixed_16_6_5_3_0_ap_fixed_16_6_5_3_0_config12_s.vhd:32]
INFO: [Synth 8-3491] module 'myproject_relu_ap_fixed_16_6_5_3_0_ap_ufixed_8_0_4_0_0_relu_config14_s' declared at '/home/youeric/PixelML/SmartpixReal/Muon_Collider_Smart_Pixels/eric/Model1_quantized_4w0i_pareto_roc_selected/hls_outputs/hls_model_trial_432/myproject_prj/solution1/syn/vhdl/myproject_relu_ap_fixed_16_6_5_3_0_ap_ufixed_8_0_4_0_0_relu_config14_s.vhd:11' bound to instance 'grp_relu_ap_fixed_16_6_5_3_0_ap_ufixed_8_0_4_0_0_relu_config14_s_fu_188' of component 'myproject_relu_ap_fixed_16_6_5_3_0_ap_ufixed_8_0_4_0_0_relu_config14_s' [/home/youeric/PixelML/SmartpixReal/Muon_Collider_Smart_Pixels/eric/Model1_quantized_4w0i_pareto_roc_selected/hls_outputs/hls_model_trial_432/myproject_prj/solution1/syn/vhdl/myproject.vhd:677]
INFO: [Synth 8-638] synthesizing module 'myproject_relu_ap_fixed_16_6_5_3_0_ap_ufixed_8_0_4_0_0_relu_config14_s' [/home/youeric/PixelML/SmartpixReal/Muon_Collider_Smart_Pixels/eric/Model1_quantized_4w0i_pareto_roc_selected/hls_outputs/hls_model_trial_432/myproject_prj/solution1/syn/vhdl/myproject_relu_ap_fixed_16_6_5_3_0_ap_ufixed_8_0_4_0_0_relu_config14_s.vhd:33]
INFO: [Synth 8-256] done synthesizing module 'myproject_relu_ap_fixed_16_6_5_3_0_ap_ufixed_8_0_4_0_0_relu_config14_s' (0#1) [/home/youeric/PixelML/SmartpixReal/Muon_Collider_Smart_Pixels/eric/Model1_quantized_4w0i_pareto_roc_selected/hls_outputs/hls_model_trial_432/myproject_prj/solution1/syn/vhdl/myproject_relu_ap_fixed_16_6_5_3_0_ap_ufixed_8_0_4_0_0_relu_config14_s.vhd:33]
INFO: [Synth 8-3491] module 'myproject_dense_latency_ap_ufixed_8_0_4_0_0_ap_fixed_16_6_5_3_0_config15_s' declared at '/home/youeric/PixelML/SmartpixReal/Muon_Collider_Smart_Pixels/eric/Model1_quantized_4w0i_pareto_roc_selected/hls_outputs/hls_model_trial_432/myproject_prj/solution1/syn/vhdl/myproject_dense_latency_ap_ufixed_8_0_4_0_0_ap_fixed_16_6_5_3_0_config15_s.vhd:11' bound to instance 'grp_dense_latency_ap_ufixed_8_0_4_0_0_ap_fixed_16_6_5_3_0_config15_s_fu_197' of component 'myproject_dense_latency_ap_ufixed_8_0_4_0_0_ap_fixed_16_6_5_3_0_config15_s' [/home/youeric/PixelML/SmartpixReal/Muon_Collider_Smart_Pixels/eric/Model1_quantized_4w0i_pareto_roc_selected/hls_outputs/hls_model_trial_432/myproject_prj/solution1/syn/vhdl/myproject.vhd:697]
INFO: [Synth 8-638] synthesizing module 'myproject_dense_latency_ap_ufixed_8_0_4_0_0_ap_fixed_16_6_5_3_0_config15_s' [/home/youeric/PixelML/SmartpixReal/Muon_Collider_Smart_Pixels/eric/Model1_quantized_4w0i_pareto_roc_selected/hls_outputs/hls_model_trial_432/myproject_prj/solution1/syn/vhdl/myproject_dense_latency_ap_ufixed_8_0_4_0_0_ap_fixed_16_6_5_3_0_config15_s.vhd:33]
INFO: [Synth 8-256] done synthesizing module 'myproject_dense_latency_ap_ufixed_8_0_4_0_0_ap_fixed_16_6_5_3_0_config15_s' (0#1) [/home/youeric/PixelML/SmartpixReal/Muon_Collider_Smart_Pixels/eric/Model1_quantized_4w0i_pareto_roc_selected/hls_outputs/hls_model_trial_432/myproject_prj/solution1/syn/vhdl/myproject_dense_latency_ap_ufixed_8_0_4_0_0_ap_fixed_16_6_5_3_0_config15_s.vhd:33]
INFO: [Synth 8-3491] module 'myproject_relu_ap_fixed_16_6_5_3_0_ap_ufixed_8_0_4_0_0_relu_config17_s' declared at '/home/youeric/PixelML/SmartpixReal/Muon_Collider_Smart_Pixels/eric/Model1_quantized_4w0i_pareto_roc_selected/hls_outputs/hls_model_trial_432/myproject_prj/solution1/syn/vhdl/myproject_relu_ap_fixed_16_6_5_3_0_ap_ufixed_8_0_4_0_0_relu_config17_s.vhd:11' bound to instance 'grp_relu_ap_fixed_16_6_5_3_0_ap_ufixed_8_0_4_0_0_relu_config17_s_fu_206' of component 'myproject_relu_ap_fixed_16_6_5_3_0_ap_ufixed_8_0_4_0_0_relu_config17_s' [/home/youeric/PixelML/SmartpixReal/Muon_Collider_Smart_Pixels/eric/Model1_quantized_4w0i_pareto_roc_selected/hls_outputs/hls_model_trial_432/myproject_prj/solution1/syn/vhdl/myproject.vhd:717]
INFO: [Synth 8-638] synthesizing module 'myproject_relu_ap_fixed_16_6_5_3_0_ap_ufixed_8_0_4_0_0_relu_config17_s' [/home/youeric/PixelML/SmartpixReal/Muon_Collider_Smart_Pixels/eric/Model1_quantized_4w0i_pareto_roc_selected/hls_outputs/hls_model_trial_432/myproject_prj/solution1/syn/vhdl/myproject_relu_ap_fixed_16_6_5_3_0_ap_ufixed_8_0_4_0_0_relu_config17_s.vhd:33]
INFO: [Synth 8-256] done synthesizing module 'myproject_relu_ap_fixed_16_6_5_3_0_ap_ufixed_8_0_4_0_0_relu_config17_s' (0#1) [/home/youeric/PixelML/SmartpixReal/Muon_Collider_Smart_Pixels/eric/Model1_quantized_4w0i_pareto_roc_selected/hls_outputs/hls_model_trial_432/myproject_prj/solution1/syn/vhdl/myproject_relu_ap_fixed_16_6_5_3_0_ap_ufixed_8_0_4_0_0_relu_config17_s.vhd:33]
INFO: [Synth 8-3491] module 'myproject_dense_latency_ap_ufixed_8_0_4_0_0_ap_fixed_16_6_5_3_0_config18_s' declared at '/home/youeric/PixelML/SmartpixReal/Muon_Collider_Smart_Pixels/eric/Model1_quantized_4w0i_pareto_roc_selected/hls_outputs/hls_model_trial_432/myproject_prj/solution1/syn/vhdl/myproject_dense_latency_ap_ufixed_8_0_4_0_0_ap_fixed_16_6_5_3_0_config18_s.vhd:11' bound to instance 'grp_dense_latency_ap_ufixed_8_0_4_0_0_ap_fixed_16_6_5_3_0_config18_s_fu_215' of component 'myproject_dense_latency_ap_ufixed_8_0_4_0_0_ap_fixed_16_6_5_3_0_config18_s' [/home/youeric/PixelML/SmartpixReal/Muon_Collider_Smart_Pixels/eric/Model1_quantized_4w0i_pareto_roc_selected/hls_outputs/hls_model_trial_432/myproject_prj/solution1/syn/vhdl/myproject.vhd:737]
INFO: [Synth 8-638] synthesizing module 'myproject_dense_latency_ap_ufixed_8_0_4_0_0_ap_fixed_16_6_5_3_0_config18_s' [/home/youeric/PixelML/SmartpixReal/Muon_Collider_Smart_Pixels/eric/Model1_quantized_4w0i_pareto_roc_selected/hls_outputs/hls_model_trial_432/myproject_prj/solution1/syn/vhdl/myproject_dense_latency_ap_ufixed_8_0_4_0_0_ap_fixed_16_6_5_3_0_config18_s.vhd:33]
INFO: [Synth 8-256] done synthesizing module 'myproject_dense_latency_ap_ufixed_8_0_4_0_0_ap_fixed_16_6_5_3_0_config18_s' (0#1) [/home/youeric/PixelML/SmartpixReal/Muon_Collider_Smart_Pixels/eric/Model1_quantized_4w0i_pareto_roc_selected/hls_outputs/hls_model_trial_432/myproject_prj/solution1/syn/vhdl/myproject_dense_latency_ap_ufixed_8_0_4_0_0_ap_fixed_16_6_5_3_0_config18_s.vhd:33]
INFO: [Synth 8-3491] module 'myproject_relu_ap_fixed_16_6_5_3_0_ap_ufixed_8_0_4_0_0_relu_config20_s' declared at '/home/youeric/PixelML/SmartpixReal/Muon_Collider_Smart_Pixels/eric/Model1_quantized_4w0i_pareto_roc_selected/hls_outputs/hls_model_trial_432/myproject_prj/solution1/syn/vhdl/myproject_relu_ap_fixed_16_6_5_3_0_ap_ufixed_8_0_4_0_0_relu_config20_s.vhd:11' bound to instance 'grp_relu_ap_fixed_16_6_5_3_0_ap_ufixed_8_0_4_0_0_relu_config20_s_fu_224' of component 'myproject_relu_ap_fixed_16_6_5_3_0_ap_ufixed_8_0_4_0_0_relu_config20_s' [/home/youeric/PixelML/SmartpixReal/Muon_Collider_Smart_Pixels/eric/Model1_quantized_4w0i_pareto_roc_selected/hls_outputs/hls_model_trial_432/myproject_prj/solution1/syn/vhdl/myproject.vhd:757]
INFO: [Synth 8-638] synthesizing module 'myproject_relu_ap_fixed_16_6_5_3_0_ap_ufixed_8_0_4_0_0_relu_config20_s' [/home/youeric/PixelML/SmartpixReal/Muon_Collider_Smart_Pixels/eric/Model1_quantized_4w0i_pareto_roc_selected/hls_outputs/hls_model_trial_432/myproject_prj/solution1/syn/vhdl/myproject_relu_ap_fixed_16_6_5_3_0_ap_ufixed_8_0_4_0_0_relu_config20_s.vhd:33]
INFO: [Synth 8-256] done synthesizing module 'myproject_relu_ap_fixed_16_6_5_3_0_ap_ufixed_8_0_4_0_0_relu_config20_s' (0#1) [/home/youeric/PixelML/SmartpixReal/Muon_Collider_Smart_Pixels/eric/Model1_quantized_4w0i_pareto_roc_selected/hls_outputs/hls_model_trial_432/myproject_prj/solution1/syn/vhdl/myproject_relu_ap_fixed_16_6_5_3_0_ap_ufixed_8_0_4_0_0_relu_config20_s.vhd:33]
INFO: [Synth 8-3491] module 'myproject_dense_latency_ap_ufixed_8_0_4_0_0_ap_fixed_16_6_5_3_0_config21_s' declared at '/home/youeric/PixelML/SmartpixReal/Muon_Collider_Smart_Pixels/eric/Model1_quantized_4w0i_pareto_roc_selected/hls_outputs/hls_model_trial_432/myproject_prj/solution1/syn/vhdl/myproject_dense_latency_ap_ufixed_8_0_4_0_0_ap_fixed_16_6_5_3_0_config21_s.vhd:11' bound to instance 'grp_dense_latency_ap_ufixed_8_0_4_0_0_ap_fixed_16_6_5_3_0_config21_s_fu_233' of component 'myproject_dense_latency_ap_ufixed_8_0_4_0_0_ap_fixed_16_6_5_3_0_config21_s' [/home/youeric/PixelML/SmartpixReal/Muon_Collider_Smart_Pixels/eric/Model1_quantized_4w0i_pareto_roc_selected/hls_outputs/hls_model_trial_432/myproject_prj/solution1/syn/vhdl/myproject.vhd:777]
INFO: [Synth 8-638] synthesizing module 'myproject_dense_latency_ap_ufixed_8_0_4_0_0_ap_fixed_16_6_5_3_0_config21_s' [/home/youeric/PixelML/SmartpixReal/Muon_Collider_Smart_Pixels/eric/Model1_quantized_4w0i_pareto_roc_selected/hls_outputs/hls_model_trial_432/myproject_prj/solution1/syn/vhdl/myproject_dense_latency_ap_ufixed_8_0_4_0_0_ap_fixed_16_6_5_3_0_config21_s.vhd:29]
INFO: [Synth 8-256] done synthesizing module 'myproject_dense_latency_ap_ufixed_8_0_4_0_0_ap_fixed_16_6_5_3_0_config21_s' (0#1) [/home/youeric/PixelML/SmartpixReal/Muon_Collider_Smart_Pixels/eric/Model1_quantized_4w0i_pareto_roc_selected/hls_outputs/hls_model_trial_432/myproject_prj/solution1/syn/vhdl/myproject_dense_latency_ap_ufixed_8_0_4_0_0_ap_fixed_16_6_5_3_0_config21_s.vhd:29]
INFO: [Synth 8-256] done synthesizing module 'myproject' (0#1) [/home/youeric/PixelML/SmartpixReal/Muon_Collider_Smart_Pixels/eric/Model1_quantized_4w0i_pareto_roc_selected/hls_outputs/hls_model_trial_432/myproject_prj/solution1/syn/vhdl/myproject.vhd:32]
WARNING: [Synth 8-7129] Port ap_rst in module myproject_concatenate1d_ap_fixed_ap_fixed_ap_fixed_16_6_5_3_0_config11_s is either unconnected or has no load
WARNING: [Synth 8-7129] Port ap_rst in module myproject_concatenate1d_ap_fixed_ap_fixed_ap_fixed_16_6_5_3_0_config9_s is either unconnected or has no load
WARNING: [Synth 8-7129] Port ap_rst in module myproject_concatenate1d_ap_fixed_ap_fixed_ap_fixed_16_6_5_3_0_config6_s is either unconnected or has no load
---------------------------------------------------------------------------------
Finished Synthesize : Time (s): cpu = 00:00:05 ; elapsed = 00:00:06 . Memory (MB): peak = 2199.516 ; gain = 519.598 ; free physical = 56169 ; free virtual = 131036
---------------------------------------------------------------------------------
---------------------------------------------------------------------------------
Finished Constraint Validation : Time (s): cpu = 00:00:06 ; elapsed = 00:00:06 . Memory (MB): peak = 2217.328 ; gain = 537.410 ; free physical = 56064 ; free virtual = 130931
---------------------------------------------------------------------------------
---------------------------------------------------------------------------------
Start Loading Part and Timing Information
---------------------------------------------------------------------------------
Loading part: xc7z020clg400-1
---------------------------------------------------------------------------------
INFO: [Device 21-403] Loading part xc7z020clg400-1
Finished Loading Part and Timing Information : Time (s): cpu = 00:00:06 ; elapsed = 00:00:06 . Memory (MB): peak = 2225.332 ; gain = 545.414 ; free physical = 56064 ; free virtual = 130931
---------------------------------------------------------------------------------
WARNING: [Synth 8-3936] Found unconnected internal register 'data_val_read_reg_299_reg' and it is trimmed from '16' to '12' bits. [/home/youeric/PixelML/SmartpixReal/Muon_Collider_Smart_Pixels/eric/Model1_quantized_4w0i_pareto_roc_selected/hls_outputs/hls_model_trial_432/myproject_prj/solution1/syn/vhdl/myproject_linear_ap_fixed_16_6_5_3_0_ap_fixed_8_1_4_0_0_linear_config3_s.vhd:144]
WARNING: [Synth 8-3936] Found unconnected internal register 'data_val_read_reg_299_reg' and it is trimmed from '16' to '12' bits. [/home/youeric/PixelML/SmartpixReal/Muon_Collider_Smart_Pixels/eric/Model1_quantized_4w0i_pareto_roc_selected/hls_outputs/hls_model_trial_432/myproject_prj/solution1/syn/vhdl/myproject_linear_ap_fixed_16_6_5_3_0_ap_fixed_8_1_4_0_0_linear_config4_s.vhd:144]
WARNING: [Synth 8-3936] Found unconnected internal register 'data_val_read_reg_299_reg' and it is trimmed from '16' to '12' bits. [/home/youeric/PixelML/SmartpixReal/Muon_Collider_Smart_Pixels/eric/Model1_quantized_4w0i_pareto_roc_selected/hls_outputs/hls_model_trial_432/myproject_prj/solution1/syn/vhdl/myproject_linear_ap_fixed_16_6_5_3_0_ap_fixed_8_1_4_0_0_linear_config7_s.vhd:144]
WARNING: [Synth 8-3936] Found unconnected internal register 'data_val_read_reg_299_reg' and it is trimmed from '16' to '12' bits. [/home/youeric/PixelML/SmartpixReal/Muon_Collider_Smart_Pixels/eric/Model1_quantized_4w0i_pareto_roc_selected/hls_outputs/hls_model_trial_432/myproject_prj/solution1/syn/vhdl/myproject_linear_ap_fixed_16_6_5_3_0_ap_fixed_8_1_4_0_0_linear_config10_s.vhd:144]
---------------------------------------------------------------------------------
Finished RTL Optimization Phase 2 : Time (s): cpu = 00:00:07 ; elapsed = 00:00:07 . Memory (MB): peak = 2242.246 ; gain = 562.328 ; free physical = 56005 ; free virtual = 130803
---------------------------------------------------------------------------------
No constraint files found.
---------------------------------------------------------------------------------
Start RTL Component Statistics 
---------------------------------------------------------------------------------
Detailed RTL Component Info : 
+---Adders : 
	   3 Input   19 Bit       Adders := 5     
	   3 Input   16 Bit       Adders := 6     
	   2 Input   16 Bit       Adders := 4     
	   2 Input   14 Bit       Adders := 3     
	   2 Input   13 Bit       Adders := 8     
	   3 Input   13 Bit       Adders := 1     
	   2 Input   12 Bit       Adders := 15    
	   3 Input   12 Bit       Adders := 9     
	   3 Input   11 Bit       Adders := 11    
	   2 Input   11 Bit       Adders := 10    
	   3 Input   10 Bit       Adders := 3     
	   2 Input   10 Bit       Adders := 2     
	   2 Input    9 Bit       Adders := 1     
	   2 Input    8 Bit       Adders := 20    
+---XORs : 
	   2 Input      1 Bit         XORs := 57    
	   3 Input      1 Bit         XORs := 1     
+---Registers : 
	               16 Bit    Registers := 33    
	               15 Bit    Registers := 3     
	               14 Bit    Registers := 2     
	               13 Bit    Registers := 2     
	               12 Bit    Registers := 15    
	               11 Bit    Registers := 11    
	               10 Bit    Registers := 6     
	                9 Bit    Registers := 5     
	                8 Bit    Registers := 38    
	                1 Bit    Registers := 124   
+---Muxes : 
	   2 Input   16 Bit        Muxes := 4     
	   2 Input   15 Bit        Muxes := 1     
	   3 Input   13 Bit        Muxes := 1     
	   2 Input   12 Bit        Muxes := 1     
	   3 Input    8 Bit        Muxes := 5     
	   2 Input    8 Bit        Muxes := 60    
	   2 Input    1 Bit        Muxes := 51    
---------------------------------------------------------------------------------
Finished RTL Component Statistics 
---------------------------------------------------------------------------------
---------------------------------------------------------------------------------
Start Part Resource Summary
---------------------------------------------------------------------------------
INFO: [Device 21-9227] Part: xc7z020clg400-1 does not have CEAM library.
Part Resources:
DSPs: 220 (col length:60)
BRAMs: 280 (col length: RAMB18 60 RAMB36 30)
---------------------------------------------------------------------------------
Finished Part Resource Summary
---------------------------------------------------------------------------------
No constraint files found.
---------------------------------------------------------------------------------
Start Cross Boundary and Area Optimization
---------------------------------------------------------------------------------
WARNING: [Synth 8-7080] Parallel synthesis criteria is not met
---------------------------------------------------------------------------------
Finished Cross Boundary and Area Optimization : Time (s): cpu = 00:00:13 ; elapsed = 00:00:18 . Memory (MB): peak = 2382.668 ; gain = 702.750 ; free physical = 57953 ; free virtual = 131508
---------------------------------------------------------------------------------
No constraint files found.
---------------------------------------------------------------------------------
Start Timing Optimization
---------------------------------------------------------------------------------
---------------------------------------------------------------------------------
Finished Timing Optimization : Time (s): cpu = 00:00:13 ; elapsed = 00:00:18 . Memory (MB): peak = 2382.668 ; gain = 702.750 ; free physical = 57911 ; free virtual = 131473
---------------------------------------------------------------------------------
---------------------------------------------------------------------------------
Start Technology Mapping
---------------------------------------------------------------------------------
---------------------------------------------------------------------------------
Finished Technology Mapping : Time (s): cpu = 00:00:14 ; elapsed = 00:00:18 . Memory (MB): peak = 2390.676 ; gain = 710.758 ; free physical = 57860 ; free virtual = 131433
---------------------------------------------------------------------------------
---------------------------------------------------------------------------------
Start IO Insertion
---------------------------------------------------------------------------------
---------------------------------------------------------------------------------
Start Flattening Before IO Insertion
---------------------------------------------------------------------------------
---------------------------------------------------------------------------------
Finished Flattening Before IO Insertion
---------------------------------------------------------------------------------
---------------------------------------------------------------------------------
Start Final Netlist Cleanup
---------------------------------------------------------------------------------
---------------------------------------------------------------------------------
Finished Final Netlist Cleanup
---------------------------------------------------------------------------------
---------------------------------------------------------------------------------
Finished IO Insertion : Time (s): cpu = 00:00:17 ; elapsed = 00:00:22 . Memory (MB): peak = 2390.676 ; gain = 710.758 ; free physical = 57322 ; free virtual = 131080
---------------------------------------------------------------------------------
---------------------------------------------------------------------------------
Start Renaming Generated Instances
---------------------------------------------------------------------------------
---------------------------------------------------------------------------------
Finished Renaming Generated Instances : Time (s): cpu = 00:00:17 ; elapsed = 00:00:22 . Memory (MB): peak = 2390.676 ; gain = 710.758 ; free physical = 57322 ; free virtual = 131080
---------------------------------------------------------------------------------
---------------------------------------------------------------------------------
Start Rebuilding User Hierarchy
---------------------------------------------------------------------------------
---------------------------------------------------------------------------------
Finished Rebuilding User Hierarchy : Time (s): cpu = 00:00:17 ; elapsed = 00:00:22 . Memory (MB): peak = 2390.676 ; gain = 710.758 ; free physical = 57318 ; free virtual = 131081
---------------------------------------------------------------------------------
---------------------------------------------------------------------------------
Start Renaming Generated Ports
---------------------------------------------------------------------------------
---------------------------------------------------------------------------------
Finished Renaming Generated Ports : Time (s): cpu = 00:00:17 ; elapsed = 00:00:22 . Memory (MB): peak = 2390.676 ; gain = 710.758 ; free physical = 57317 ; free virtual = 131080
---------------------------------------------------------------------------------
---------------------------------------------------------------------------------
Start Handling Custom Attributes
---------------------------------------------------------------------------------
---------------------------------------------------------------------------------
Finished Handling Custom Attributes : Time (s): cpu = 00:00:17 ; elapsed = 00:00:22 . Memory (MB): peak = 2390.676 ; gain = 710.758 ; free physical = 57313 ; free virtual = 131078
---------------------------------------------------------------------------------
---------------------------------------------------------------------------------
Start Renaming Generated Nets
---------------------------------------------------------------------------------
---------------------------------------------------------------------------------
Finished Renaming Generated Nets : Time (s): cpu = 00:00:17 ; elapsed = 00:00:22 . Memory (MB): peak = 2390.676 ; gain = 710.758 ; free physical = 57313 ; free virtual = 131079
---------------------------------------------------------------------------------
---------------------------------------------------------------------------------
Start Writing Synthesis Report
---------------------------------------------------------------------------------

Report BlackBoxes: 
+-+--------------+----------+
| |BlackBox name |Instances |
+-+--------------+----------+
+-+--------------+----------+

Report Cell Usage: 
+------+-------+------+
|      |Cell   |Count |
+------+-------+------+
|1     |BUFG   |     1|
|2     |CARRY4 |   284|
|3     |LUT1   |   169|
|4     |LUT2   |   717|
|5     |LUT3   |   225|
|6     |LUT4   |   315|
|7     |LUT5   |   124|
|8     |LUT6   |   159|
|9     |FDRE   |  1226|
|10    |FDSE   |     7|
|11    |IBUF   |    71|
|12    |OBUF   |    12|
+------+-------+------+

Report Instance Areas: 
+------+------------------------------------------------------------------------------+---------------------------------------------------------------------------+------+
|      |Instance                                                                      |Module                                                                     |Cells |
+------+------------------------------------------------------------------------------+---------------------------------------------------------------------------+------+
|1     |top                                                                           |                                                                           |  3310|
|2     |  grp_dense_latency_ap_fixed_16_6_5_3_0_ap_fixed_16_6_5_3_0_config12_s_fu_180 |myproject_dense_latency_ap_fixed_16_6_5_3_0_ap_fixed_16_6_5_3_0_config12_s |   547|
|3     |  grp_dense_latency_ap_ufixed_8_0_4_0_0_ap_fixed_16_6_5_3_0_config15_s_fu_197 |myproject_dense_latency_ap_ufixed_8_0_4_0_0_ap_fixed_16_6_5_3_0_config15_s |   562|
|4     |  grp_dense_latency_ap_ufixed_8_0_4_0_0_ap_fixed_16_6_5_3_0_config18_s_fu_215 |myproject_dense_latency_ap_ufixed_8_0_4_0_0_ap_fixed_16_6_5_3_0_config18_s |   531|
|5     |  grp_dense_latency_ap_ufixed_8_0_4_0_0_ap_fixed_16_6_5_3_0_config21_s_fu_233 |myproject_dense_latency_ap_ufixed_8_0_4_0_0_ap_fixed_16_6_5_3_0_config21_s |   149|
|6     |  grp_linear_ap_fixed_16_6_5_3_0_ap_fixed_8_1_4_0_0_linear_config10_s_fu_153  |myproject_linear_ap_fixed_16_6_5_3_0_ap_fixed_8_1_4_0_0_linear_config10_s  |    49|
|7     |  grp_linear_ap_fixed_16_6_5_3_0_ap_fixed_8_1_4_0_0_linear_config3_s_fu_135   |myproject_linear_ap_fixed_16_6_5_3_0_ap_fixed_8_1_4_0_0_linear_config3_s   |    49|
|8     |  grp_linear_ap_fixed_16_6_5_3_0_ap_fixed_8_1_4_0_0_linear_config4_s_fu_141   |myproject_linear_ap_fixed_16_6_5_3_0_ap_fixed_8_1_4_0_0_linear_config4_s   |    49|
|9     |  grp_linear_ap_fixed_16_6_5_3_0_ap_fixed_8_1_4_0_0_linear_config7_s_fu_147   |myproject_linear_ap_fixed_16_6_5_3_0_ap_fixed_8_1_4_0_0_linear_config7_s   |    49|
|10    |  grp_relu_ap_fixed_16_6_5_3_0_ap_ufixed_8_0_4_0_0_relu_config14_s_fu_188     |myproject_relu_ap_fixed_16_6_5_3_0_ap_ufixed_8_0_4_0_0_relu_config14_s     |   293|
|11    |  grp_relu_ap_fixed_16_6_5_3_0_ap_ufixed_8_0_4_0_0_relu_config17_s_fu_206     |myproject_relu_ap_fixed_16_6_5_3_0_ap_ufixed_8_0_4_0_0_relu_config17_s     |   222|
|12    |  grp_relu_ap_fixed_16_6_5_3_0_ap_ufixed_8_0_4_0_0_relu_config20_s_fu_224     |myproject_relu_ap_fixed_16_6_5_3_0_ap_ufixed_8_0_4_0_0_relu_config20_s     |   226|
+------+------------------------------------------------------------------------------+---------------------------------------------------------------------------+------+
---------------------------------------------------------------------------------
Finished Writing Synthesis Report : Time (s): cpu = 00:00:17 ; elapsed = 00:00:22 . Memory (MB): peak = 2390.676 ; gain = 710.758 ; free physical = 57312 ; free virtual = 131078
---------------------------------------------------------------------------------
Synthesis finished with 0 errors, 0 critical warnings and 8 warnings.
Synthesis Optimization Runtime : Time (s): cpu = 00:00:17 ; elapsed = 00:00:22 . Memory (MB): peak = 2390.676 ; gain = 710.758 ; free physical = 57309 ; free virtual = 131077
Synthesis Optimization Complete : Time (s): cpu = 00:00:17 ; elapsed = 00:00:22 . Memory (MB): peak = 2390.684 ; gain = 710.758 ; free physical = 57309 ; free virtual = 131077
INFO: [Project 1-571] Translating synthesized netlist
Netlist sorting complete. Time (s): cpu = 00:00:00.02 ; elapsed = 00:00:00.02 . Memory (MB): peak = 2390.684 ; gain = 0.000 ; free physical = 57985 ; free virtual = 131835
INFO: [Netlist 29-17] Analyzing 284 Unisim elements for replacement
INFO: [Netlist 29-28] Unisim Transformation completed in 0 CPU seconds
INFO: [Project 1-570] Preparing netlist for logic optimization
INFO: [Opt 31-138] Pushed 0 inverter(s) to 0 load pin(s).
Netlist sorting complete. Time (s): cpu = 00:00:00 ; elapsed = 00:00:00 . Memory (MB): peak = 2525.391 ; gain = 0.000 ; free physical = 57459 ; free virtual = 131326
INFO: [Project 1-111] Unisim Transformation Summary:
No Unisim elements were transformed.

Synth Design complete | Checksum: 7ec5920
INFO: [Common 17-83] Releasing license: Synthesis
57 Infos, 8 Warnings, 0 Critical Warnings and 0 Errors encountered.
synth_design completed successfully
synth_design: Time (s): cpu = 00:00:24 ; elapsed = 00:00:26 . Memory (MB): peak = 2525.391 ; gain = 851.434 ; free physical = 57580 ; free virtual = 131448
INFO: [Common 17-2834] synth_design peak Physical Memory [PSS] (MB): overall = 1570.730; main = 1339.671; forked = 307.826
INFO: [Common 17-2834] synth_design peak Virtual Memory [VSS] (MB): overall = 4032.289; main = 2525.395; forked = 1641.609
# report_utilization -file vivado_synth.rpt
INFO: [Common 17-206] Exiting Vivado at Mon Apr 20 16:58:45 2026...
