

================================================================
== Vitis HLS Report for 'dense_latency_ap_fixed_16_6_5_3_0_ap_fixed_16_6_5_3_0_config9_s'
================================================================
* Date:           Mon Feb 23 22:02:35 2026

* Version:        2024.1 (Build 5069499 on May 21 2024)
* Project:        myproject_prj
* Solution:       solution1 (Vivado IP Flow Target)
* Product family: zynq
* Target device:  xc7z020-clg400-1


================================================================
== Performance Estimates
================================================================
+ Timing: 
    * Summary: 
    +--------+---------+----------+------------+
    |  Clock |  Target | Estimated| Uncertainty|
    +--------+---------+----------+------------+
    |ap_clk  |  5.00 ns|  4.302 ns|     0.62 ns|
    +--------+---------+----------+------------+

+ Latency: 
    * Summary: 
    +---------+---------+-----------+-----------+-----+-----+---------+
    |  Latency (cycles) |   Latency (absolute)  |  Interval | Pipeline|
    |   min   |   max   |    min    |    max    | min | max |   Type  |
    +---------+---------+-----------+-----------+-----+-----+---------+
    |        4|        4|  20.000 ns|  20.000 ns|    1|    1|      yes|
    +---------+---------+-----------+-----------+-----+-----+---------+

    + Detail: 
        * Instance: 
        N/A

        * Loop: 
        N/A



================================================================
== Utilization Estimates
================================================================
* Summary: 
+-----------------+---------+-----+--------+-------+-----+
|       Name      | BRAM_18K| DSP |   FF   |  LUT  | URAM|
+-----------------+---------+-----+--------+-------+-----+
|DSP              |        -|    -|       -|      -|    -|
|Expression       |        -|    -|       0|   7696|    -|
|FIFO             |        -|    -|       -|      -|    -|
|Instance         |        -|    -|       -|      -|    -|
|Memory           |        -|    -|       -|      -|    -|
|Multiplexer      |        -|    -|       0|    112|    -|
|Register         |        -|    -|    5004|     64|    -|
+-----------------+---------+-----+--------+-------+-----+
|Total            |        0|    0|    5004|   7872|    0|
+-----------------+---------+-----+--------+-------+-----+
|Available        |      280|  220|  106400|  53200|    0|
+-----------------+---------+-----+--------+-------+-----+
|Utilization (%)  |        0|    0|       4|     14|    0|
+-----------------+---------+-----+--------+-------+-----+

+ Detail: 
    * Instance: 
    N/A

    * DSP: 
    N/A

    * Memory: 
    N/A

    * FIFO: 
    N/A

    * Expression: 
    +-------------------------+----------+----+---+----+------------+------------+
    |      Variable Name      | Operation| DSP| FF| LUT| Bitwidth P0| Bitwidth P1|
    +-------------------------+----------+----+---+----+------------+------------+
    |add_ln42_1_fu_4659_p2    |         +|   0|  0|  26|          19|          19|
    |add_ln42_2_fu_1340_p2    |         +|   0|  0|  26|          19|          19|
    |add_ln42_3_fu_3636_p2    |         +|   0|  0|  26|          19|          19|
    |add_ln42_fu_4352_p2      |         +|   0|  0|  26|          19|          19|
    |add_ln58_100_fu_3974_p2  |         +|   0|  0|  17|          14|          14|
    |add_ln58_101_fu_3984_p2  |         +|   0|  0|  17|          14|          14|
    |add_ln58_102_fu_3994_p2  |         +|   0|  0|  20|          15|          15|
    |add_ln58_103_fu_4000_p2  |         +|   0|  0|  17|          14|          14|
    |add_ln58_104_fu_4010_p2  |         +|   0|  0|  17|          14|          14|
    |add_ln58_105_fu_4020_p2  |         +|   0|  0|  20|          15|          15|
    |add_ln58_106_fu_5098_p2  |         +|   0|  0|  23|          16|          16|
    |add_ln58_107_fu_5550_p2  |         +|   0|  0|  16|          16|          16|
    |add_ln58_108_fu_5735_p2  |         +|   0|  0|  16|          16|          16|
    |add_ln58_109_fu_5104_p2  |         +|   0|  0|  23|          16|          16|
    |add_ln58_110_fu_5555_p2  |         +|   0|  0|  16|          16|          16|
    |add_ln58_111_fu_5110_p2  |         +|   0|  0|  16|          16|          16|
    |add_ln58_112_fu_4026_p2  |         +|   0|  0|  23|          16|          16|
    |add_ln58_113_fu_5115_p2  |         +|   0|  0|  16|          16|          16|
    |add_ln58_114_fu_5559_p2  |         +|   0|  0|  16|          16|          16|
    |add_ln58_115_fu_5120_p2  |         +|   0|  0|  23|          16|          16|
    |add_ln58_116_fu_5564_p2  |         +|   0|  0|  16|          16|          16|
    |add_ln58_117_fu_5126_p2  |         +|   0|  0|  16|          16|          16|
    |add_ln58_118_fu_4032_p2  |         +|   0|  0|  23|          16|          16|
    |add_ln58_119_fu_5130_p2  |         +|   0|  0|  16|          16|          16|
    |add_ln58_120_fu_5569_p2  |         +|   0|  0|  16|          16|          16|
    |add_ln58_121_fu_5740_p2  |         +|   0|  0|  16|          16|          16|
    |add_ln58_122_fu_5135_p2  |         +|   0|  0|  16|          16|          16|
    |add_ln58_123_fu_5140_p2  |         +|   0|  0|  16|          16|          16|
    |add_ln58_124_fu_5146_p2  |         +|   0|  0|  16|          16|          16|
    |add_ln58_125_fu_4038_p2  |         +|   0|  0|  20|          15|          15|
    |add_ln58_126_fu_5155_p2  |         +|   0|  0|  16|          16|          16|
    |add_ln58_127_fu_5574_p2  |         +|   0|  0|  16|          16|          16|
    |add_ln58_128_fu_4044_p2  |         +|   0|  0|  20|          15|          15|
    |add_ln58_129_fu_5164_p2  |         +|   0|  0|  16|          16|          16|
    |add_ln58_130_fu_4050_p2  |         +|   0|  0|  17|          14|          14|
    |add_ln58_131_fu_4060_p2  |         +|   0|  0|  17|          14|          14|
    |add_ln58_132_fu_4070_p2  |         +|   0|  0|  20|          15|          15|
    |add_ln58_133_fu_5173_p2  |         +|   0|  0|  16|          16|          16|
    |add_ln58_134_fu_5578_p2  |         +|   0|  0|  16|          16|          16|
    |add_ln58_135_fu_5744_p2  |         +|   0|  0|  16|          16|          16|
    |add_ln58_136_fu_5179_p2  |         +|   0|  0|  23|          16|          16|
    |add_ln58_137_fu_5749_p2  |         +|   0|  0|  16|          16|          16|
    |add_ln58_138_fu_5583_p2  |         +|   0|  0|  16|          16|          16|
    |add_ln58_139_fu_5184_p2  |         +|   0|  0|  23|          16|          16|
    |add_ln58_140_fu_5587_p2  |         +|   0|  0|  16|          16|          16|
    |add_ln58_141_fu_5754_p2  |         +|   0|  0|  16|          16|          16|
    |add_ln58_142_fu_4076_p2  |         +|   0|  0|  23|          16|          16|
    |add_ln58_143_fu_4082_p2  |         +|   0|  0|  23|          16|          16|
    |add_ln58_144_fu_5592_p2  |         +|   0|  0|  16|          16|          16|
    |add_ln58_145_fu_5190_p2  |         +|   0|  0|  16|          16|          16|
    |add_ln58_146_fu_4088_p2  |         +|   0|  0|  23|          16|          16|
    |add_ln58_147_fu_5194_p2  |         +|   0|  0|  16|          16|          16|
    |add_ln58_148_fu_5596_p2  |         +|   0|  0|  16|          16|          16|
    |add_ln58_149_fu_5804_p2  |         +|   0|  0|  16|          16|          16|
    |add_ln58_150_fu_5199_p2  |         +|   0|  0|  16|          16|          16|
    |add_ln58_151_fu_5205_p2  |         +|   0|  0|  16|          16|          16|
    |add_ln58_152_fu_5210_p2  |         +|   0|  0|  16|          16|          16|
    |add_ln58_153_fu_4094_p2  |         +|   0|  0|  23|          16|          16|
    |add_ln58_154_fu_5215_p2  |         +|   0|  0|  16|          16|          16|
    |add_ln58_155_fu_5759_p2  |         +|   0|  0|  16|          16|          16|
    |add_ln58_156_fu_4100_p2  |         +|   0|  0|  23|          16|          16|
    |add_ln58_157_fu_5220_p2  |         +|   0|  0|  23|          16|          16|
    |add_ln58_158_fu_5601_p2  |         +|   0|  0|  16|          16|          16|
    |add_ln58_159_fu_5225_p2  |         +|   0|  0|  16|          16|          16|
    |add_ln58_15_fu_4911_p2   |         +|   0|  0|  23|          16|          16|
    |add_ln58_160_fu_4106_p2  |         +|   0|  0|  17|          14|          10|
    |add_ln58_161_fu_5233_p2  |         +|   0|  0|  16|          16|          16|
    |add_ln58_162_fu_5605_p2  |         +|   0|  0|  16|          16|          16|
    |add_ln58_163_fu_5763_p2  |         +|   0|  0|  16|          16|          16|
    |add_ln58_164_fu_5808_p2  |         +|   0|  0|  16|          16|          16|
    |add_ln58_165_fu_5239_p2  |         +|   0|  0|  23|          16|          16|
    |add_ln58_166_fu_5610_p2  |         +|   0|  0|  16|          16|          16|
    |add_ln58_167_fu_5245_p2  |         +|   0|  0|  16|          16|          16|
    |add_ln58_168_fu_5249_p2  |         +|   0|  0|  16|          16|          16|
    |add_ln58_169_fu_5614_p2  |         +|   0|  0|  16|          16|          16|
    |add_ln58_16_fu_5469_p2   |         +|   0|  0|  16|          16|          16|
    |add_ln58_170_fu_4112_p2  |         +|   0|  0|  23|          16|          16|
    |add_ln58_171_fu_5254_p2  |         +|   0|  0|  20|          15|          15|
    |add_ln58_172_fu_5622_p2  |         +|   0|  0|  16|          16|          16|
    |add_ln58_173_fu_5260_p2  |         +|   0|  0|  16|          16|          16|
    |add_ln58_174_fu_4118_p2  |         +|   0|  0|  23|          16|          16|
    |add_ln58_175_fu_5264_p2  |         +|   0|  0|  16|          16|          16|
    |add_ln58_176_fu_5627_p2  |         +|   0|  0|  16|          16|          16|
    |add_ln58_177_fu_5768_p2  |         +|   0|  0|  16|          16|          16|
    |add_ln58_178_fu_5269_p2  |         +|   0|  0|  20|          15|          15|
    |add_ln58_179_fu_5278_p2  |         +|   0|  0|  23|          16|          16|
    |add_ln58_17_fu_4917_p2   |         +|   0|  0|  16|          16|          16|
    |add_ln58_180_fu_5283_p2  |         +|   0|  0|  16|          16|          16|
    |add_ln58_181_fu_4124_p2  |         +|   0|  0|  23|          16|          16|
    |add_ln58_182_fu_5288_p2  |         +|   0|  0|  16|          16|          16|
    |add_ln58_183_fu_5632_p2  |         +|   0|  0|  16|          16|          16|
    |add_ln58_184_fu_4130_p2  |         +|   0|  0|  20|          15|          15|
    |add_ln58_185_fu_4136_p2  |         +|   0|  0|  20|          15|          15|
    |add_ln58_186_fu_5299_p2  |         +|   0|  0|  16|          16|          16|
    |add_ln58_187_fu_4142_p2  |         +|   0|  0|  17|          14|          14|
    |add_ln58_188_fu_4152_p2  |         +|   0|  0|  17|          14|           9|
    |add_ln58_189_fu_4162_p2  |         +|   0|  0|  20|          15|          15|
    |add_ln58_18_fu_3792_p2   |         +|   0|  0|  23|          16|          16|
    |add_ln58_190_fu_5308_p2  |         +|   0|  0|  16|          16|          16|
    |add_ln58_191_fu_5636_p2  |         +|   0|  0|  16|          16|          16|
    |add_ln58_192_fu_5772_p2  |         +|   0|  0|  16|          16|          16|
    |add_ln58_193_fu_5314_p2  |         +|   0|  0|  20|          15|          15|
    |add_ln58_194_fu_5644_p2  |         +|   0|  0|  16|          16|          16|
    |add_ln58_195_fu_4168_p2  |         +|   0|  0|  20|          15|          15|
    |add_ln58_196_fu_5323_p2  |         +|   0|  0|  16|          16|          16|
    |add_ln58_197_fu_5328_p2  |         +|   0|  0|  16|          16|          16|
    |add_ln58_198_fu_5650_p2  |         +|   0|  0|  16|          16|          16|
    |add_ln58_199_fu_5334_p2  |         +|   0|  0|  23|          16|          16|
    |add_ln58_19_fu_4922_p2   |         +|   0|  0|  16|          16|          16|
    |add_ln58_200_fu_5655_p2  |         +|   0|  0|  16|          16|          16|
    |add_ln58_201_fu_5339_p2  |         +|   0|  0|  16|          16|          16|
    |add_ln58_202_fu_4174_p2  |         +|   0|  0|  20|          15|          15|
    |add_ln58_203_fu_5348_p2  |         +|   0|  0|  16|          16|          16|
    |add_ln58_204_fu_5660_p2  |         +|   0|  0|  16|          16|          16|
    |add_ln58_205_fu_5777_p2  |         +|   0|  0|  16|          16|          16|
    |add_ln58_206_fu_5354_p2  |         +|   0|  0|  16|          16|          16|
    |add_ln58_207_fu_5359_p2  |         +|   0|  0|  16|          16|          16|
    |add_ln58_208_fu_5365_p2  |         +|   0|  0|  16|          16|          16|
    |add_ln58_209_fu_4180_p2  |         +|   0|  0|  23|          16|          16|
    |add_ln58_20_fu_5473_p2   |         +|   0|  0|  16|          16|          16|
    |add_ln58_210_fu_5371_p2  |         +|   0|  0|  16|          16|          16|
    |add_ln58_211_fu_5665_p2  |         +|   0|  0|  16|          16|          16|
    |add_ln58_212_fu_4186_p2  |         +|   0|  0|  20|          15|          15|
    |add_ln58_213_fu_4192_p2  |         +|   0|  0|  20|          15|          15|
    |add_ln58_214_fu_5382_p2  |         +|   0|  0|  16|          16|          16|
    |add_ln58_215_fu_4198_p2  |         +|   0|  0|  17|          14|          14|
    |add_ln58_216_fu_4208_p2  |         +|   0|  0|  17|          14|           9|
    |add_ln58_217_fu_4218_p2  |         +|   0|  0|  20|          15|          15|
    |add_ln58_218_fu_5391_p2  |         +|   0|  0|  16|          16|          16|
    |add_ln58_219_fu_5669_p2  |         +|   0|  0|  16|          16|          16|
    |add_ln58_21_fu_3798_p2   |         +|   0|  0|  23|          16|          16|
    |add_ln58_220_fu_5781_p2  |         +|   0|  0|  16|          16|          16|
    |add_ln58_221_fu_5397_p2  |         +|   0|  0|  23|          16|          16|
    |add_ln58_222_fu_5674_p2  |         +|   0|  0|  16|          16|          16|
    |add_ln58_223_fu_5402_p2  |         +|   0|  0|  16|          16|          16|
    |add_ln58_224_fu_4224_p2  |         +|   0|  0|  23|          16|          16|
    |add_ln58_225_fu_5406_p2  |         +|   0|  0|  16|          16|          16|
    |add_ln58_226_fu_5678_p2  |         +|   0|  0|  16|          16|          16|
    |add_ln58_227_fu_4230_p2  |         +|   0|  0|  23|          16|          16|
    |add_ln58_228_fu_4236_p2  |         +|   0|  0|  23|          16|          16|
    |add_ln58_229_fu_5683_p2  |         +|   0|  0|  16|          16|          16|
    |add_ln58_22_fu_4927_p2   |         +|   0|  0|  23|          16|          16|
    |add_ln58_230_fu_5411_p2  |         +|   0|  0|  16|          16|          16|
    |add_ln58_231_fu_4242_p2  |         +|   0|  0|  23|          16|          16|
    |add_ln58_232_fu_5415_p2  |         +|   0|  0|  16|          16|          16|
    |add_ln58_233_fu_5687_p2  |         +|   0|  0|  16|          16|          16|
    |add_ln58_234_fu_5813_p2  |         +|   0|  0|  16|          16|          16|
    |add_ln58_235_fu_5420_p2  |         +|   0|  0|  16|          16|          16|
    |add_ln58_236_fu_4248_p2  |         +|   0|  0|  23|          16|          16|
    |add_ln58_237_fu_5425_p2  |         +|   0|  0|  16|          16|          16|
    |add_ln58_238_fu_5430_p2  |         +|   0|  0|  16|          16|          16|
    |add_ln58_239_fu_4254_p2  |         +|   0|  0|  23|          16|          16|
    |add_ln58_23_fu_5478_p2   |         +|   0|  0|  16|          16|          16|
    |add_ln58_240_fu_5434_p2  |         +|   0|  0|  16|          16|          16|
    |add_ln58_241_fu_5786_p2  |         +|   0|  0|  16|          16|          16|
    |add_ln58_242_fu_5439_p2  |         +|   0|  0|  23|          16|          16|
    |add_ln58_243_fu_4260_p2  |         +|   0|  0|  23|          16|          16|
    |add_ln58_244_fu_5692_p2  |         +|   0|  0|  16|          16|          16|
    |add_ln58_245_fu_4266_p2  |         +|   0|  0|  20|          15|          15|
    |add_ln58_246_fu_4272_p2  |         +|   0|  0|  17|          14|          11|
    |add_ln58_247_fu_4282_p2  |         +|   0|  0|  20|          15|          15|
    |add_ln58_248_fu_5451_p2  |         +|   0|  0|  23|          16|          16|
    |add_ln58_249_fu_5696_p2  |         +|   0|  0|  16|          16|          16|
    |add_ln58_24_fu_4931_p2   |         +|   0|  0|  16|          16|          16|
    |add_ln58_250_fu_5790_p2  |         +|   0|  0|  16|          16|          16|
    |add_ln58_251_fu_5817_p2  |         +|   0|  0|  16|          16|          16|
    |add_ln58_25_fu_3804_p2   |         +|   0|  0|  23|          16|          16|
    |add_ln58_26_fu_4936_p2   |         +|   0|  0|  16|          16|          16|
    |add_ln58_27_fu_5482_p2   |         +|   0|  0|  16|          16|          16|
    |add_ln58_28_fu_5704_p2   |         +|   0|  0|  16|          16|          16|
    |add_ln58_29_fu_4941_p2   |         +|   0|  0|  16|          16|          16|
    |add_ln58_30_fu_3810_p2   |         +|   0|  0|  23|          16|          16|
    |add_ln58_31_fu_4945_p2   |         +|   0|  0|  16|          16|          16|
    |add_ln58_32_fu_4950_p2   |         +|   0|  0|  16|          16|          16|
    |add_ln58_33_fu_3816_p2   |         +|   0|  0|  23|          16|          16|
    |add_ln58_34_fu_4955_p2   |         +|   0|  0|  16|          16|          16|
    |add_ln58_35_fu_5487_p2   |         +|   0|  0|  16|          16|          16|
    |add_ln58_36_fu_3822_p2   |         +|   0|  0|  20|          15|          15|
    |add_ln58_37_fu_3828_p2   |         +|   0|  0|  17|          14|          14|
    |add_ln58_38_fu_4966_p2   |         +|   0|  0|  16|          16|          16|
    |add_ln58_39_fu_3834_p2   |         +|   0|  0|  17|          14|          14|
    |add_ln58_40_fu_3844_p2   |         +|   0|  0|  17|          14|           9|
    |add_ln58_41_fu_3854_p2   |         +|   0|  0|  20|          15|          15|
    |add_ln58_42_fu_4975_p2   |         +|   0|  0|  16|          16|          16|
    |add_ln58_43_fu_5491_p2   |         +|   0|  0|  16|          16|          16|
    |add_ln58_44_fu_5708_p2   |         +|   0|  0|  16|          16|          16|
    |add_ln58_45_fu_4981_p2   |         +|   0|  0|  23|          16|          16|
    |add_ln58_46_fu_4987_p2   |         +|   0|  0|  23|          16|          16|
    |add_ln58_47_fu_5496_p2   |         +|   0|  0|  16|          16|          16|
    |add_ln58_48_fu_4992_p2   |         +|   0|  0|  16|          16|          16|
    |add_ln58_49_fu_3860_p2   |         +|   0|  0|  23|          16|          16|
    |add_ln58_50_fu_4996_p2   |         +|   0|  0|  16|          16|          16|
    |add_ln58_51_fu_5500_p2   |         +|   0|  0|  16|          16|          16|
    |add_ln58_52_fu_3866_p2   |         +|   0|  0|  23|          16|          16|
    |add_ln58_53_fu_3872_p2   |         +|   0|  0|  23|          16|          16|
    |add_ln58_54_fu_5713_p2   |         +|   0|  0|  16|          16|          16|
    |add_ln58_55_fu_5505_p2   |         +|   0|  0|  16|          16|          16|
    |add_ln58_56_fu_5001_p2   |         +|   0|  0|  16|          16|          16|
    |add_ln58_57_fu_5006_p2   |         +|   0|  0|  16|          16|          16|
    |add_ln58_58_fu_5510_p2   |         +|   0|  0|  16|          16|          16|
    |add_ln58_59_fu_5717_p2   |         +|   0|  0|  16|          16|          16|
    |add_ln58_60_fu_5795_p2   |         +|   0|  0|  16|          16|          16|
    |add_ln58_61_fu_5012_p2   |         +|   0|  0|  16|          16|          16|
    |add_ln58_62_fu_3878_p2   |         +|   0|  0|  23|          16|          16|
    |add_ln58_63_fu_5016_p2   |         +|   0|  0|  16|          16|          16|
    |add_ln58_64_fu_5021_p2   |         +|   0|  0|  16|          16|          16|
    |add_ln58_65_fu_3884_p2   |         +|   0|  0|  20|          15|          15|
    |add_ln58_66_fu_5028_p2   |         +|   0|  0|  16|          16|          16|
    |add_ln58_67_fu_5722_p2   |         +|   0|  0|  16|          16|          16|
    |add_ln58_68_fu_5034_p2   |         +|   0|  0|  23|          16|          16|
    |add_ln58_69_fu_3890_p2   |         +|   0|  0|  20|          15|          15|
    |add_ln58_70_fu_5518_p2   |         +|   0|  0|  16|          16|          16|
    |add_ln58_71_fu_3896_p2   |         +|   0|  0|  20|          15|          15|
    |add_ln58_72_fu_3902_p2   |         +|   0|  0|  17|          14|          12|
    |add_ln58_73_fu_3912_p2   |         +|   0|  0|  20|          15|          15|
    |add_ln58_74_fu_5045_p2   |         +|   0|  0|  23|          16|          16|
    |add_ln58_75_fu_5523_p2   |         +|   0|  0|  16|          16|          16|
    |add_ln58_76_fu_5726_p2   |         +|   0|  0|  16|          16|          16|
    |add_ln58_77_fu_5799_p2   |         +|   0|  0|  16|          16|          16|
    |add_ln58_78_fu_5051_p2   |         +|   0|  0|  23|          16|          16|
    |add_ln58_79_fu_3918_p2   |         +|   0|  0|  23|          16|          16|
    |add_ln58_80_fu_5528_p2   |         +|   0|  0|  16|          16|          16|
    |add_ln58_81_fu_3924_p2   |         +|   0|  0|  23|          16|          16|
    |add_ln58_82_fu_5057_p2   |         +|   0|  0|  16|          16|          16|
    |add_ln58_83_fu_5062_p2   |         +|   0|  0|  16|          16|          16|
    |add_ln58_84_fu_5532_p2   |         +|   0|  0|  16|          16|          16|
    |add_ln58_85_fu_5067_p2   |         +|   0|  0|  23|          16|          16|
    |add_ln58_86_fu_3930_p2   |         +|   0|  0|  23|          16|          16|
    |add_ln58_87_fu_5537_p2   |         +|   0|  0|  16|          16|          16|
    |add_ln58_88_fu_5071_p2   |         +|   0|  0|  16|          16|          16|
    |add_ln58_89_fu_3936_p2   |         +|   0|  0|  23|          16|          16|
    |add_ln58_90_fu_5076_p2   |         +|   0|  0|  16|          16|          16|
    |add_ln58_91_fu_5541_p2   |         +|   0|  0|  16|          16|          16|
    |add_ln58_92_fu_5731_p2   |         +|   0|  0|  16|          16|          16|
    |add_ln58_93_fu_5081_p2   |         +|   0|  0|  16|          16|          16|
    |add_ln58_94_fu_3942_p2   |         +|   0|  0|  23|          16|          16|
    |add_ln58_95_fu_5087_p2   |         +|   0|  0|  16|          16|          16|
    |add_ln58_96_fu_3948_p2   |         +|   0|  0|  20|          15|          15|
    |add_ln58_97_fu_3958_p2   |         +|   0|  0|  20|          15|          15|
    |add_ln58_98_fu_3968_p2   |         +|   0|  0|  23|          16|          16|
    |add_ln58_99_fu_5546_p2   |         +|   0|  0|  16|          16|          16|
    |add_ln58_fu_4905_p2      |         +|   0|  0|  23|          16|          16|
    |sub_ln42_10_fu_4767_p2   |         -|   0|  0|  26|           1|          19|
    |sub_ln42_11_fu_4783_p2   |         -|   0|  0|  26|          19|          19|
    |sub_ln42_12_fu_682_p2    |         -|   0|  0|  26|          19|          19|
    |sub_ln42_13_fu_762_p2    |         -|   0|  0|  26|          19|          19|
    |sub_ln42_14_fu_818_p2    |         -|   0|  0|  26|          19|          19|
    |sub_ln42_15_fu_962_p2    |         -|   0|  0|  26|          19|          19|
    |sub_ln42_16_fu_1022_p2   |         -|   0|  0|  26|          19|          19|
    |sub_ln42_17_fu_1080_p2   |         -|   0|  0|  19|           1|          19|
    |sub_ln42_18_fu_1086_p2   |         -|   0|  0|  19|          19|          19|
    |sub_ln42_19_fu_1184_p2   |         -|   0|  0|  26|          19|          19|
    |sub_ln42_1_fu_472_p2     |         -|   0|  0|  19|          19|          19|
    |sub_ln42_20_fu_1212_p2   |         -|   0|  0|  26|          19|          19|
    |sub_ln42_21_fu_1456_p2   |         -|   0|  0|  26|          19|          19|
    |sub_ln42_22_fu_1532_p2   |         -|   0|  0|  26|          19|          19|
    |sub_ln42_23_fu_1564_p2   |         -|   0|  0|  26|           1|          19|
    |sub_ln42_24_fu_1596_p2   |         -|   0|  0|  19|           1|          19|
    |sub_ln42_25_fu_1602_p2   |         -|   0|  0|  19|          19|          19|
    |sub_ln42_26_fu_1638_p2   |         -|   0|  0|  26|          19|          19|
    |sub_ln42_27_fu_1654_p2   |         -|   0|  0|  26|          19|          19|
    |sub_ln42_28_fu_1684_p2   |         -|   0|  0|  26|           1|          19|
    |sub_ln42_29_fu_1748_p2   |         -|   0|  0|  26|          19|          19|
    |sub_ln42_2_fu_4472_p2    |         -|   0|  0|  26|          19|          19|
    |sub_ln42_30_fu_1778_p2   |         -|   0|  0|  26|           1|          19|
    |sub_ln42_31_fu_1794_p2   |         -|   0|  0|  26|          19|          19|
    |sub_ln42_32_fu_1884_p2   |         -|   0|  0|  26|          19|          19|
    |sub_ln42_33_fu_2258_p2   |         -|   0|  0|  26|          19|          19|
    |sub_ln42_34_fu_2390_p2   |         -|   0|  0|  26|          19|          19|
    |sub_ln42_35_fu_2442_p2   |         -|   0|  0|  26|          19|          19|
    |sub_ln42_36_fu_2524_p2   |         -|   0|  0|  26|          19|          19|
    |sub_ln42_37_fu_2580_p2   |         -|   0|  0|  26|           1|          19|
    |sub_ln42_38_fu_2638_p2   |         -|   0|  0|  26|          19|          19|
    |sub_ln42_39_fu_2698_p2   |         -|   0|  0|  26|           1|          19|
    |sub_ln42_3_fu_4584_p2    |         -|   0|  0|  26|           1|          19|
    |sub_ln42_40_fu_2744_p2   |         -|   0|  0|  26|          19|          19|
    |sub_ln42_41_fu_2834_p2   |         -|   0|  0|  26|          19|          19|
    |sub_ln42_42_fu_2960_p2   |         -|   0|  0|  19|           1|          19|
    |sub_ln42_43_fu_2966_p2   |         -|   0|  0|  19|          19|          19|
    |sub_ln42_44_fu_3088_p2   |         -|   0|  0|  26|          19|          19|
    |sub_ln42_45_fu_3150_p2   |         -|   0|  0|  26|           1|          19|
    |sub_ln42_46_fu_3166_p2   |         -|   0|  0|  26|          19|          19|
    |sub_ln42_47_fu_3258_p2   |         -|   0|  0|  26|          19|          19|
    |sub_ln42_48_fu_3288_p2   |         -|   0|  0|  26|           1|          19|
    |sub_ln42_49_fu_3332_p2   |         -|   0|  0|  26|          19|          19|
    |sub_ln42_4_fu_4643_p2    |         -|   0|  0|  26|          19|          19|
    |sub_ln42_50_fu_3438_p2   |         -|   0|  0|  26|          19|          19|
    |sub_ln42_51_fu_3696_p2   |         -|   0|  0|  26|           1|          19|
    |sub_ln42_52_fu_3726_p2   |         -|   0|  0|  26|          19|          19|
    |sub_ln42_53_fu_3754_p2   |         -|   0|  0|  19|           1|          19|
    |sub_ln42_54_fu_3760_p2   |         -|   0|  0|  19|          19|          19|
    |sub_ln42_5_fu_4675_p2    |         -|   0|  0|  26|           1|          19|
    |sub_ln42_6_fu_4691_p2    |         -|   0|  0|  26|          19|          19|
    |sub_ln42_7_fu_602_p2     |         -|   0|  0|  19|           1|          19|
    |sub_ln42_8_fu_608_p2     |         -|   0|  0|  19|          19|          19|
    |sub_ln42_9_fu_4748_p2    |         -|   0|  0|  26|          19|          19|
    |sub_ln42_fu_466_p2       |         -|   0|  0|  19|           1|          19|
    |sub_ln73_10_fu_2108_p2   |         -|   0|  0|  24|           1|          17|
    |sub_ln73_11_fu_2170_p2   |         -|   0|  0|  24|           1|          17|
    |sub_ln73_12_fu_2338_p2   |         -|   0|  0|  24|           1|          17|
    |sub_ln73_13_fu_2486_p2   |         -|   0|  0|  24|           1|          17|
    |sub_ln73_14_fu_2760_p2   |         -|   0|  0|  24|           1|          17|
    |sub_ln73_15_fu_2788_p2   |         -|   0|  0|  24|           1|          17|
    |sub_ln73_16_fu_2992_p2   |         -|   0|  0|  24|           1|          17|
    |sub_ln73_17_fu_3060_p2   |         -|   0|  0|  24|           1|          17|
    |sub_ln73_18_fu_3210_p2   |         -|   0|  0|  24|           1|          17|
    |sub_ln73_19_fu_3230_p2   |         -|   0|  0|  24|           1|          17|
    |sub_ln73_1_fu_4407_p2    |         -|   0|  0|  24|           1|          17|
    |sub_ln73_20_fu_3414_p2   |         -|   0|  0|  24|           1|          17|
    |sub_ln73_21_fu_3472_p2   |         -|   0|  0|  24|           1|          17|
    |sub_ln73_22_fu_3542_p2   |         -|   0|  0|  24|           1|          17|
    |sub_ln73_23_fu_4305_p2   |         -|   0|  0|  25|           1|          18|
    |sub_ln73_24_fu_4385_p2   |         -|   0|  0|  26|          19|          19|
    |sub_ln73_25_fu_450_p2    |         -|   0|  0|  26|          19|          19|
    |sub_ln73_26_fu_4438_p2   |         -|   0|  0|  26|          19|          19|
    |sub_ln73_27_fu_4492_p2   |         -|   0|  0|  25|           1|          18|
    |sub_ln73_28_fu_4508_p2   |         -|   0|  0|  26|          19|          19|
    |sub_ln73_29_fu_4561_p2   |         -|   0|  0|  26|          19|          19|
    |sub_ln73_2_fu_4530_p2    |         -|   0|  0|  24|           1|          17|
    |sub_ln73_30_fu_4620_p2   |         -|   0|  0|  26|           1|          19|
    |sub_ln73_31_fu_730_p2    |         -|   0|  0|  26|          19|          19|
    |sub_ln73_32_fu_746_p2    |         -|   0|  0|  26|          19|          19|
    |sub_ln73_33_fu_794_p2    |         -|   0|  0|  26|           1|          19|
    |sub_ln73_34_fu_834_p2    |         -|   0|  0|  26|          19|          19|
    |sub_ln73_35_fu_850_p2    |         -|   0|  0|  26|          19|          19|
    |sub_ln73_36_fu_994_p2    |         -|   0|  0|  25|           1|          18|
    |sub_ln73_37_fu_1064_p2   |         -|   0|  0|  26|          19|          19|
    |sub_ln73_38_fu_1114_p2   |         -|   0|  0|  25|           1|          18|
    |sub_ln73_39_fu_1250_p2   |         -|   0|  0|  26|          19|          19|
    |sub_ln73_3_fu_4707_p2    |         -|   0|  0|  24|           1|          17|
    |sub_ln73_40_fu_1292_p2   |         -|   0|  0|  25|           1|          18|
    |sub_ln73_41_fu_1324_p2   |         -|   0|  0|  26|          19|          19|
    |sub_ln73_42_fu_1356_p2   |         -|   0|  0|  26|          19|          19|
    |sub_ln73_43_fu_1372_p2   |         -|   0|  0|  26|           1|          19|
    |sub_ln73_44_fu_1400_p2   |         -|   0|  0|  25|           1|          18|
    |sub_ln73_45_fu_1492_p2   |         -|   0|  0|  26|          19|          19|
    |sub_ln73_46_fu_1508_p2   |         -|   0|  0|  26|           1|          19|
    |sub_ln73_47_fu_1826_p2   |         -|   0|  0|  26|           1|          19|
    |sub_ln73_48_fu_1854_p2   |         -|   0|  0|  25|           1|          18|
    |sub_ln73_49_fu_1934_p2   |         -|   0|  0|  26|          19|          19|
    |sub_ln73_4_fu_4798_p2    |         -|   0|  0|  24|           1|          17|
    |sub_ln73_50_fu_1968_p2   |         -|   0|  0|  26|           1|          19|
    |sub_ln73_51_fu_2030_p2   |         -|   0|  0|  25|           1|          18|
    |sub_ln73_52_fu_2074_p2   |         -|   0|  0|  26|           1|          19|
    |sub_ln73_53_fu_2136_p2   |         -|   0|  0|  26|           1|          19|
    |sub_ln73_54_fu_2230_p2   |         -|   0|  0|  25|           1|          18|
    |sub_ln73_55_fu_2308_p2   |         -|   0|  0|  25|           1|          18|
    |sub_ln73_56_fu_2366_p2   |         -|   0|  0|  26|          19|          19|
    |sub_ln73_57_fu_2426_p2   |         -|   0|  0|  26|           1|          19|
    |sub_ln73_58_fu_2470_p2   |         -|   0|  0|  25|           1|          18|
    |sub_ln73_59_fu_2556_p2   |         -|   0|  0|  26|          19|          19|
    |sub_ln73_5_fu_642_p2     |         -|   0|  0|  24|           1|          17|
    |sub_ln73_60_fu_2622_p2   |         -|   0|  0|  25|           1|          18|
    |sub_ln73_61_fu_2674_p2   |         -|   0|  0|  26|           1|          19|
    |sub_ln73_62_fu_2728_p2   |         -|   0|  0|  26|          19|          19|
    |sub_ln73_63_fu_2862_p2   |         -|   0|  0|  26|           1|          19|
    |sub_ln73_64_fu_2878_p2   |         -|   0|  0|  26|          19|          19|
    |sub_ln73_65_fu_2914_p2   |         -|   0|  0|  25|           1|          18|
    |sub_ln73_66_fu_3028_p2   |         -|   0|  0|  26|          19|          19|
    |sub_ln73_67_fu_3044_p2   |         -|   0|  0|  26|           1|          19|
    |sub_ln73_68_fu_3104_p2   |         -|   0|  0|  26|          19|          19|
    |sub_ln73_69_fu_3194_p2   |         -|   0|  0|  26|          19|          19|
    |sub_ln73_6_fu_894_p2     |         -|   0|  0|  24|           1|          17|
    |sub_ln73_70_fu_3368_p2   |         -|   0|  0|  26|          19|          19|
    |sub_ln73_71_fu_3384_p2   |         -|   0|  0|  26|           1|          19|
    |sub_ln73_72_fu_3504_p2   |         -|   0|  0|  25|           1|          18|
    |sub_ln73_73_fu_3578_p2   |         -|   0|  0|  26|          19|          19|
    |sub_ln73_74_fu_3620_p2   |         -|   0|  0|  25|           1|          18|
    |sub_ln73_75_fu_3668_p2   |         -|   0|  0|  25|           1|          18|
    |sub_ln73_76_fu_3776_p2   |         -|   0|  0|  26|          19|          19|
    |sub_ln73_7_fu_1548_p2    |         -|   0|  0|  24|           1|          17|
    |sub_ln73_8_fu_1984_p2    |         -|   0|  0|  24|           1|          17|
    |sub_ln73_9_fu_2046_p2    |         -|   0|  0|  24|           1|          17|
    |sub_ln73_fu_4325_p2      |         -|   0|  0|  24|           1|          17|
    +-------------------------+----------+----+---+----+------------+------------+
    |Total                    |          |   0|  0|7696|        5092|        6248|
    +-------------------------+----------+----+---+----+------------+------------+

    * Multiplexer: 
    +-------------+----+-----------+-----+-----------+
    |     Name    | LUT| Input Size| Bits| Total Bits|
    +-------------+----+-----------+-----+-----------+
    |ap_return_0  |  14|          3|   16|         48|
    |ap_return_1  |  14|          3|   16|         48|
    |ap_return_2  |  14|          3|   16|         48|
    |ap_return_3  |  14|          3|   16|         48|
    |ap_return_4  |  14|          3|   16|         48|
    |ap_return_5  |  14|          3|   16|         48|
    |ap_return_6  |  14|          3|   16|         48|
    |ap_return_7  |  14|          3|   16|         48|
    +-------------+----+-----------+-----+-----------+
    |Total        | 112|         24|  128|        384|
    +-------------+----+-----------+-----+-----------+

    * Register: 
    +-------------------------------------+----+----+-----+-----------+
    |                 Name                | FF | LUT| Bits| Const Bits|
    +-------------------------------------+----+----+-----+-----------+
    |add_ln58_102_reg_6428                |  15|   0|   15|          0|
    |add_ln58_105_reg_6433                |  15|   0|   15|          0|
    |add_ln58_106_reg_6733                |  16|   0|   16|          0|
    |add_ln58_107_reg_6954                |  16|   0|   16|          0|
    |add_ln58_108_reg_7049                |  16|   0|   16|          0|
    |add_ln58_109_reg_6738                |  16|   0|   16|          0|
    |add_ln58_112_reg_6438                |  16|   0|   16|          0|
    |add_ln58_113_reg_6743                |  16|   0|   16|          0|
    |add_ln58_114_reg_6959                |  16|   0|   16|          0|
    |add_ln58_115_reg_6748                |  16|   0|   16|          0|
    |add_ln58_118_reg_6443                |  16|   0|   16|          0|
    |add_ln58_119_reg_6753                |  16|   0|   16|          0|
    |add_ln58_120_reg_6964                |  16|   0|   16|          0|
    |add_ln58_123_reg_6758                |  16|   0|   16|          0|
    |add_ln58_125_reg_6448                |  15|   0|   15|          0|
    |add_ln58_126_reg_6763                |  16|   0|   16|          0|
    |add_ln58_128_reg_6453                |  15|   0|   15|          0|
    |add_ln58_132_reg_6458                |  15|   0|   15|          0|
    |add_ln58_133_reg_6768                |  16|   0|   16|          0|
    |add_ln58_134_reg_6969                |  16|   0|   16|          0|
    |add_ln58_135_reg_7054                |  16|   0|   16|          0|
    |add_ln58_136_reg_6773                |  16|   0|   16|          0|
    |add_ln58_136_reg_6773_pp0_iter2_reg  |  16|   0|   16|          0|
    |add_ln58_139_reg_6778                |  16|   0|   16|          0|
    |add_ln58_140_reg_6974                |  16|   0|   16|          0|
    |add_ln58_141_reg_7059                |  16|   0|   16|          0|
    |add_ln58_142_reg_6463                |  16|   0|   16|          0|
    |add_ln58_142_reg_6463_pp0_iter1_reg  |  16|   0|   16|          0|
    |add_ln58_143_reg_6468                |  16|   0|   16|          0|
    |add_ln58_143_reg_6468_pp0_iter1_reg  |  16|   0|   16|          0|
    |add_ln58_146_reg_6473                |  16|   0|   16|          0|
    |add_ln58_147_reg_6783                |  16|   0|   16|          0|
    |add_ln58_148_reg_6979                |  16|   0|   16|          0|
    |add_ln58_148_reg_6979_pp0_iter3_reg  |  16|   0|   16|          0|
    |add_ln58_151_reg_6788                |  16|   0|   16|          0|
    |add_ln58_151_reg_6788_pp0_iter2_reg  |  16|   0|   16|          0|
    |add_ln58_153_reg_6478                |  16|   0|   16|          0|
    |add_ln58_154_reg_6793                |  16|   0|   16|          0|
    |add_ln58_154_reg_6793_pp0_iter2_reg  |  16|   0|   16|          0|
    |add_ln58_156_reg_6483                |  16|   0|   16|          0|
    |add_ln58_156_reg_6483_pp0_iter1_reg  |  16|   0|   16|          0|
    |add_ln58_157_reg_6798                |  16|   0|   16|          0|
    |add_ln58_15_reg_6633                 |  16|   0|   16|          0|
    |add_ln58_160_reg_6488                |  14|   0|   14|          0|
    |add_ln58_161_reg_6803                |  16|   0|   16|          0|
    |add_ln58_162_reg_6984                |  16|   0|   16|          0|
    |add_ln58_163_reg_7064                |  16|   0|   16|          0|
    |add_ln58_165_reg_6808                |  16|   0|   16|          0|
    |add_ln58_168_reg_6814                |  16|   0|   16|          0|
    |add_ln58_169_reg_6989                |  16|   0|   16|          0|
    |add_ln58_170_reg_6493                |  16|   0|   16|          0|
    |add_ln58_170_reg_6493_pp0_iter1_reg  |  16|   0|   16|          0|
    |add_ln58_171_reg_6819                |  15|   0|   15|          0|
    |add_ln58_174_reg_6498                |  16|   0|   16|          0|
    |add_ln58_175_reg_6824                |  16|   0|   16|          0|
    |add_ln58_176_reg_6994                |  16|   0|   16|          0|
    |add_ln58_179_reg_6829                |  16|   0|   16|          0|
    |add_ln58_181_reg_6503                |  16|   0|   16|          0|
    |add_ln58_182_reg_6834                |  16|   0|   16|          0|
    |add_ln58_184_reg_6508                |  15|   0|   15|          0|
    |add_ln58_185_reg_6513                |  15|   0|   15|          0|
    |add_ln58_189_reg_6518                |  15|   0|   15|          0|
    |add_ln58_18_reg_6317                 |  16|   0|   16|          0|
    |add_ln58_190_reg_6839                |  16|   0|   16|          0|
    |add_ln58_191_reg_6999                |  16|   0|   16|          0|
    |add_ln58_192_reg_7069                |  16|   0|   16|          0|
    |add_ln58_193_reg_6844                |  15|   0|   15|          0|
    |add_ln58_195_reg_6523                |  15|   0|   15|          0|
    |add_ln58_197_reg_6849                |  16|   0|   16|          0|
    |add_ln58_198_reg_7004                |  16|   0|   16|          0|
    |add_ln58_199_reg_6854                |  16|   0|   16|          0|
    |add_ln58_19_reg_6638                 |  16|   0|   16|          0|
    |add_ln58_202_reg_6528                |  15|   0|   15|          0|
    |add_ln58_203_reg_6859                |  16|   0|   16|          0|
    |add_ln58_204_reg_7009                |  16|   0|   16|          0|
    |add_ln58_207_reg_6864                |  16|   0|   16|          0|
    |add_ln58_209_reg_6533                |  16|   0|   16|          0|
    |add_ln58_20_reg_6914                 |  16|   0|   16|          0|
    |add_ln58_210_reg_6869                |  16|   0|   16|          0|
    |add_ln58_212_reg_6538                |  15|   0|   15|          0|
    |add_ln58_213_reg_6543                |  15|   0|   15|          0|
    |add_ln58_217_reg_6548                |  15|   0|   15|          0|
    |add_ln58_218_reg_6874                |  16|   0|   16|          0|
    |add_ln58_219_reg_7014                |  16|   0|   16|          0|
    |add_ln58_21_reg_6322                 |  16|   0|   16|          0|
    |add_ln58_21_reg_6322_pp0_iter1_reg   |  16|   0|   16|          0|
    |add_ln58_220_reg_7074                |  16|   0|   16|          0|
    |add_ln58_221_reg_6879                |  16|   0|   16|          0|
    |add_ln58_224_reg_6553                |  16|   0|   16|          0|
    |add_ln58_225_reg_6884                |  16|   0|   16|          0|
    |add_ln58_226_reg_7019                |  16|   0|   16|          0|
    |add_ln58_226_reg_7019_pp0_iter3_reg  |  16|   0|   16|          0|
    |add_ln58_227_reg_6558                |  16|   0|   16|          0|
    |add_ln58_227_reg_6558_pp0_iter1_reg  |  16|   0|   16|          0|
    |add_ln58_228_reg_6563                |  16|   0|   16|          0|
    |add_ln58_228_reg_6563_pp0_iter1_reg  |  16|   0|   16|          0|
    |add_ln58_22_reg_6643                 |  16|   0|   16|          0|
    |add_ln58_231_reg_6568                |  16|   0|   16|          0|
    |add_ln58_232_reg_6889                |  16|   0|   16|          0|
    |add_ln58_233_reg_7024                |  16|   0|   16|          0|
    |add_ln58_233_reg_7024_pp0_iter3_reg  |  16|   0|   16|          0|
    |add_ln58_236_reg_6573                |  16|   0|   16|          0|
    |add_ln58_237_reg_6894                |  16|   0|   16|          0|
    |add_ln58_237_reg_6894_pp0_iter2_reg  |  16|   0|   16|          0|
    |add_ln58_239_reg_6578                |  16|   0|   16|          0|
    |add_ln58_240_reg_6899                |  16|   0|   16|          0|
    |add_ln58_240_reg_6899_pp0_iter2_reg  |  16|   0|   16|          0|
    |add_ln58_242_reg_6904                |  16|   0|   16|          0|
    |add_ln58_243_reg_6583                |  16|   0|   16|          0|
    |add_ln58_243_reg_6583_pp0_iter1_reg  |  16|   0|   16|          0|
    |add_ln58_245_reg_6588                |  15|   0|   15|          0|
    |add_ln58_247_reg_6593                |  15|   0|   15|          0|
    |add_ln58_248_reg_6909                |  16|   0|   16|          0|
    |add_ln58_249_reg_7029                |  16|   0|   16|          0|
    |add_ln58_250_reg_7079                |  16|   0|   16|          0|
    |add_ln58_25_reg_6327                 |  16|   0|   16|          0|
    |add_ln58_26_reg_6648                 |  16|   0|   16|          0|
    |add_ln58_27_reg_6919                 |  16|   0|   16|          0|
    |add_ln58_30_reg_6332                 |  16|   0|   16|          0|
    |add_ln58_31_reg_6653                 |  16|   0|   16|          0|
    |add_ln58_33_reg_6337                 |  16|   0|   16|          0|
    |add_ln58_34_reg_6658                 |  16|   0|   16|          0|
    |add_ln58_36_reg_6342                 |  15|   0|   15|          0|
    |add_ln58_37_reg_6347                 |  14|   0|   14|          0|
    |add_ln58_41_reg_6352                 |  15|   0|   15|          0|
    |add_ln58_42_reg_6663                 |  16|   0|   16|          0|
    |add_ln58_43_reg_6924                 |  16|   0|   16|          0|
    |add_ln58_44_reg_7034                 |  16|   0|   16|          0|
    |add_ln58_45_reg_6668                 |  16|   0|   16|          0|
    |add_ln58_46_reg_6673                 |  16|   0|   16|          0|
    |add_ln58_49_reg_6357                 |  16|   0|   16|          0|
    |add_ln58_50_reg_6678                 |  16|   0|   16|          0|
    |add_ln58_51_reg_6929                 |  16|   0|   16|          0|
    |add_ln58_51_reg_6929_pp0_iter3_reg   |  16|   0|   16|          0|
    |add_ln58_52_reg_6362                 |  16|   0|   16|          0|
    |add_ln58_53_reg_6367                 |  16|   0|   16|          0|
    |add_ln58_57_reg_6683                 |  16|   0|   16|          0|
    |add_ln58_58_reg_6934                 |  16|   0|   16|          0|
    |add_ln58_59_reg_7039                 |  16|   0|   16|          0|
    |add_ln58_62_reg_6372                 |  16|   0|   16|          0|
    |add_ln58_63_reg_6688                 |  16|   0|   16|          0|
    |add_ln58_63_reg_6688_pp0_iter2_reg   |  16|   0|   16|          0|
    |add_ln58_65_reg_6377                 |  15|   0|   15|          0|
    |add_ln58_66_reg_6693                 |  16|   0|   16|          0|
    |add_ln58_66_reg_6693_pp0_iter2_reg   |  16|   0|   16|          0|
    |add_ln58_68_reg_6698                 |  16|   0|   16|          0|
    |add_ln58_69_reg_6382                 |  15|   0|   15|          0|
    |add_ln58_69_reg_6382_pp0_iter1_reg   |  15|   0|   15|          0|
    |add_ln58_71_reg_6387                 |  15|   0|   15|          0|
    |add_ln58_73_reg_6392                 |  15|   0|   15|          0|
    |add_ln58_74_reg_6703                 |  16|   0|   16|          0|
    |add_ln58_75_reg_6939                 |  16|   0|   16|          0|
    |add_ln58_76_reg_7044                 |  16|   0|   16|          0|
    |add_ln58_78_reg_6708                 |  16|   0|   16|          0|
    |add_ln58_79_reg_6397                 |  16|   0|   16|          0|
    |add_ln58_79_reg_6397_pp0_iter1_reg   |  16|   0|   16|          0|
    |add_ln58_81_reg_6402                 |  16|   0|   16|          0|
    |add_ln58_83_reg_6713                 |  16|   0|   16|          0|
    |add_ln58_84_reg_6944                 |  16|   0|   16|          0|
    |add_ln58_85_reg_6718                 |  16|   0|   16|          0|
    |add_ln58_86_reg_6408                 |  16|   0|   16|          0|
    |add_ln58_86_reg_6408_pp0_iter1_reg   |  16|   0|   16|          0|
    |add_ln58_89_reg_6413                 |  16|   0|   16|          0|
    |add_ln58_90_reg_6723                 |  16|   0|   16|          0|
    |add_ln58_91_reg_6949                 |  16|   0|   16|          0|
    |add_ln58_94_reg_6418                 |  16|   0|   16|          0|
    |add_ln58_95_reg_6728                 |  16|   0|   16|          0|
    |add_ln58_98_reg_6423                 |  16|   0|   16|          0|
    |add_ln58_98_reg_6423_pp0_iter1_reg   |  16|   0|   16|          0|
    |add_ln58_reg_6628                    |  16|   0|   16|          0|
    |ap_ce_reg                            |   1|   0|    1|          0|
    |ap_return_0_int_reg                  |  16|   0|   16|          0|
    |ap_return_1_int_reg                  |  16|   0|   16|          0|
    |ap_return_2_int_reg                  |  16|   0|   16|          0|
    |ap_return_3_int_reg                  |  16|   0|   16|          0|
    |ap_return_4_int_reg                  |  16|   0|   16|          0|
    |ap_return_5_int_reg                  |  16|   0|   16|          0|
    |ap_return_6_int_reg                  |  16|   0|   16|          0|
    |ap_return_7_int_reg                  |  16|   0|   16|          0|
    |data_0_val_int_reg                   |  16|   0|   16|          0|
    |data_0_val_read_reg_5903             |  16|   0|   16|          0|
    |data_10_val_int_reg                  |  16|   0|   16|          0|
    |data_11_val_int_reg                  |  16|   0|   16|          0|
    |data_12_val_int_reg                  |  16|   0|   16|          0|
    |data_13_val_int_reg                  |  16|   0|   16|          0|
    |data_14_val_int_reg                  |  16|   0|   16|          0|
    |data_15_val_int_reg                  |  16|   0|   16|          0|
    |data_16_val_int_reg                  |  16|   0|   16|          0|
    |data_17_val_int_reg                  |  16|   0|   16|          0|
    |data_18_val_int_reg                  |  16|   0|   16|          0|
    |data_19_val_int_reg                  |  16|   0|   16|          0|
    |data_1_val_int_reg                   |  16|   0|   16|          0|
    |data_1_val_read_reg_5897             |  16|   0|   16|          0|
    |data_20_val_int_reg                  |  16|   0|   16|          0|
    |data_21_val_int_reg                  |  16|   0|   16|          0|
    |data_22_val_int_reg                  |  16|   0|   16|          0|
    |data_23_val_int_reg                  |  16|   0|   16|          0|
    |data_24_val_int_reg                  |  16|   0|   16|          0|
    |data_25_val_int_reg                  |  16|   0|   16|          0|
    |data_26_val_int_reg                  |  16|   0|   16|          0|
    |data_27_val_int_reg                  |  16|   0|   16|          0|
    |data_28_val_int_reg                  |  16|   0|   16|          0|
    |data_29_val_int_reg                  |  16|   0|   16|          0|
    |data_2_val_int_reg                   |  16|   0|   16|          0|
    |data_30_val_int_reg                  |  16|   0|   16|          0|
    |data_31_val_int_reg                  |  16|   0|   16|          0|
    |data_32_val_int_reg                  |  16|   0|   16|          0|
    |data_33_val_int_reg                  |  16|   0|   16|          0|
    |data_34_val_int_reg                  |  16|   0|   16|          0|
    |data_3_val_int_reg                   |  16|   0|   16|          0|
    |data_3_val_read_reg_5888             |  16|   0|   16|          0|
    |data_4_val_int_reg                   |  16|   0|   16|          0|
    |data_4_val_read_reg_5880             |  16|   0|   16|          0|
    |data_5_val_int_reg                   |  16|   0|   16|          0|
    |data_5_val_read_reg_5872             |  16|   0|   16|          0|
    |data_6_val_int_reg                   |  16|   0|   16|          0|
    |data_6_val_read_reg_5865             |  16|   0|   16|          0|
    |data_7_val_int_reg                   |  16|   0|   16|          0|
    |data_8_val_int_reg                   |  16|   0|   16|          0|
    |data_9_val_int_reg                   |  16|   0|   16|          0|
    |mult_100_reg_6062                    |  16|   0|   16|          0|
    |mult_103_reg_6067                    |  14|   0|   14|          0|
    |mult_103_reg_6067_pp0_iter1_reg      |  14|   0|   14|          0|
    |mult_105_reg_6072                    |  15|   0|   15|          0|
    |mult_106_reg_6077                    |  14|   0|   14|          0|
    |mult_107_reg_6082                    |  16|   0|   16|          0|
    |mult_109_reg_6087                    |  14|   0|   14|          0|
    |mult_10_reg_5916                     |  16|   0|   16|          0|
    |mult_10_reg_5916_pp0_iter1_reg       |  16|   0|   16|          0|
    |mult_110_reg_6093                    |  16|   0|   16|          0|
    |mult_112_reg_6098                    |  14|   0|   14|          0|
    |mult_115_reg_6103                    |  15|   0|   15|          0|
    |mult_116_reg_6108                    |  16|   0|   16|          0|
    |mult_118_reg_6113                    |  15|   0|   15|          0|
    |mult_11_reg_5922                     |  16|   0|   16|          0|
    |mult_120_reg_6118                    |  14|   0|   14|          0|
    |mult_121_reg_6123                    |  16|   0|   16|          0|
    |mult_122_reg_6128                    |  16|   0|   16|          0|
    |mult_124_reg_6133                    |  16|   0|   16|          0|
    |mult_125_reg_6138                    |  15|   0|   15|          0|
    |mult_126_reg_6143                    |  14|   0|   14|          0|
    |mult_129_reg_6148                    |  16|   0|   16|          0|
    |mult_130_reg_6153                    |  16|   0|   16|          0|
    |mult_131_reg_6159                    |  14|   0|   14|          0|
    |mult_132_reg_6164                    |  15|   0|   15|          0|
    |mult_134_reg_6169                    |  16|   0|   16|          0|
    |mult_135_reg_6174                    |  16|   0|   16|          0|
    |mult_137_reg_6179                    |  16|   0|   16|          0|
    |mult_138_reg_6184                    |  16|   0|   16|          0|
    |mult_142_reg_6190                    |  16|   0|   16|          0|
    |mult_143_reg_6195                    |  16|   0|   16|          0|
    |mult_147_reg_6200                    |  16|   0|   16|          0|
    |mult_148_reg_6205                    |  15|   0|   15|          0|
    |mult_149_reg_6210                    |  14|   0|   14|          0|
    |mult_151_reg_6215                    |  16|   0|   16|          0|
    |mult_153_reg_6220                    |  16|   0|   16|          0|
    |mult_154_reg_6225                    |  16|   0|   16|          0|
    |mult_159_reg_6230                    |  14|   0|   14|          0|
    |mult_160_reg_6236                    |  14|   0|   14|          0|
    |mult_161_reg_6241                    |  16|   0|   16|          0|
    |mult_163_reg_6246                    |  16|   0|   16|          0|
    |mult_166_reg_6251                    |  16|   0|   16|          0|
    |mult_167_reg_6256                    |  16|   0|   16|          0|
    |mult_168_reg_6261                    |  16|   0|   16|          0|
    |mult_16_reg_6608                     |  16|   0|   16|          0|
    |mult_170_reg_6266                    |  14|   0|   14|          0|
    |mult_171_reg_6271                    |  16|   0|   16|          0|
    |mult_173_reg_6276                    |  14|   0|   14|          0|
    |mult_174_reg_6286                    |  15|   0|   15|          0|
    |mult_177_reg_6291                    |  16|   0|   16|          0|
    |mult_179_reg_6296                    |  15|   0|   15|          0|
    |mult_17_reg_6613                     |  15|   0|   15|          0|
    |mult_182_reg_6301                    |  16|   0|   16|          0|
    |mult_184_reg_6307                    |  16|   0|   16|          0|
    |mult_185_reg_6312                    |  16|   0|   16|          0|
    |mult_22_reg_6618                     |  16|   0|   16|          0|
    |mult_23_reg_5927                     |  15|   0|   15|          0|
    |mult_2_reg_6598                      |  14|   0|   14|          0|
    |mult_2_reg_6598_pp0_iter2_reg        |  14|   0|   14|          0|
    |mult_33_reg_5937                     |  16|   0|   16|          0|
    |mult_35_reg_5942                     |  15|   0|   15|          0|
    |mult_39_reg_5947                     |  14|   0|   14|          0|
    |mult_3_reg_6603                      |  16|   0|   16|          0|
    |mult_40_reg_5952                     |  16|   0|   16|          0|
    |mult_41_reg_5957                     |  15|   0|   15|          0|
    |mult_42_reg_5962                     |  14|   0|   14|          0|
    |mult_44_reg_5967                     |  16|   0|   16|          0|
    |mult_45_reg_5972                     |  16|   0|   16|          0|
    |mult_46_reg_5977                     |  16|   0|   16|          0|
    |mult_47_reg_5982                     |  16|   0|   16|          0|
    |mult_49_reg_5987                     |  16|   0|   16|          0|
    |mult_51_reg_5992                     |  15|   0|   15|          0|
    |mult_52_reg_5997                     |  14|   0|   14|          0|
    |mult_55_reg_6002                     |  16|   0|   16|          0|
    |mult_59_reg_6007                     |  16|   0|   16|          0|
    |mult_5_reg_5911                      |  15|   0|   15|          0|
    |mult_60_reg_6012                     |  16|   0|   16|          0|
    |mult_63_reg_6017                     |  15|   0|   15|          0|
    |mult_67_reg_6022                     |  15|   0|   15|          0|
    |mult_70_reg_6027                     |  15|   0|   15|          0|
    |mult_82_reg_6032                     |  14|   0|   14|          0|
    |mult_82_reg_6032_pp0_iter1_reg       |  14|   0|   14|          0|
    |mult_84_reg_6037                     |  16|   0|   16|          0|
    |mult_93_reg_6042                     |  16|   0|   16|          0|
    |mult_95_reg_6047                     |  16|   0|   16|          0|
    |mult_96_reg_6052                     |  15|   0|   15|          0|
    |mult_96_reg_6052_pp0_iter1_reg       |  15|   0|   15|          0|
    |mult_98_reg_6057                     |  16|   0|   16|          0|
    |sext_ln17_51_reg_6281                |  15|   0|   15|          0|
    |sext_ln42_48_reg_6623                |  16|   0|   16|          0|
    |sext_ln73_12_reg_5932                |  19|   0|   19|          0|
    |add_ln58_52_reg_6362                 |  64|  32|   16|          0|
    |add_ln58_53_reg_6367                 |  64|  32|   16|          0|
    +-------------------------------------+----+----+-----+-----------+
    |Total                                |5004|  64| 4908|          0|
    +-------------------------------------+----+----+-----+-----------+



================================================================
== Interface
================================================================
* Summary: 
+-------------+-----+-----+------------+----------------------------------------------------------------------------+--------------+
|  RTL Ports  | Dir | Bits|  Protocol  |                                Source Object                               |    C Type    |
+-------------+-----+-----+------------+----------------------------------------------------------------------------+--------------+
|ap_clk       |   in|    1|  ap_ctrl_hs|  dense_latency<ap_fixed<16, 6, 5, 3, 0>, ap_fixed<16, 6, 5, 3, 0>, config9>|  return value|
|ap_rst       |   in|    1|  ap_ctrl_hs|  dense_latency<ap_fixed<16, 6, 5, 3, 0>, ap_fixed<16, 6, 5, 3, 0>, config9>|  return value|
|ap_return_0  |  out|   16|  ap_ctrl_hs|  dense_latency<ap_fixed<16, 6, 5, 3, 0>, ap_fixed<16, 6, 5, 3, 0>, config9>|  return value|
|ap_return_1  |  out|   16|  ap_ctrl_hs|  dense_latency<ap_fixed<16, 6, 5, 3, 0>, ap_fixed<16, 6, 5, 3, 0>, config9>|  return value|
|ap_return_2  |  out|   16|  ap_ctrl_hs|  dense_latency<ap_fixed<16, 6, 5, 3, 0>, ap_fixed<16, 6, 5, 3, 0>, config9>|  return value|
|ap_return_3  |  out|   16|  ap_ctrl_hs|  dense_latency<ap_fixed<16, 6, 5, 3, 0>, ap_fixed<16, 6, 5, 3, 0>, config9>|  return value|
|ap_return_4  |  out|   16|  ap_ctrl_hs|  dense_latency<ap_fixed<16, 6, 5, 3, 0>, ap_fixed<16, 6, 5, 3, 0>, config9>|  return value|
|ap_return_5  |  out|   16|  ap_ctrl_hs|  dense_latency<ap_fixed<16, 6, 5, 3, 0>, ap_fixed<16, 6, 5, 3, 0>, config9>|  return value|
|ap_return_6  |  out|   16|  ap_ctrl_hs|  dense_latency<ap_fixed<16, 6, 5, 3, 0>, ap_fixed<16, 6, 5, 3, 0>, config9>|  return value|
|ap_return_7  |  out|   16|  ap_ctrl_hs|  dense_latency<ap_fixed<16, 6, 5, 3, 0>, ap_fixed<16, 6, 5, 3, 0>, config9>|  return value|
|ap_ce        |   in|    1|  ap_ctrl_hs|  dense_latency<ap_fixed<16, 6, 5, 3, 0>, ap_fixed<16, 6, 5, 3, 0>, config9>|  return value|
|data_0_val   |   in|   16|     ap_none|                                                                  data_0_val|        scalar|
|data_1_val   |   in|   16|     ap_none|                                                                  data_1_val|        scalar|
|data_2_val   |   in|   16|     ap_none|                                                                  data_2_val|        scalar|
|data_3_val   |   in|   16|     ap_none|                                                                  data_3_val|        scalar|
|data_4_val   |   in|   16|     ap_none|                                                                  data_4_val|        scalar|
|data_5_val   |   in|   16|     ap_none|                                                                  data_5_val|        scalar|
|data_6_val   |   in|   16|     ap_none|                                                                  data_6_val|        scalar|
|data_7_val   |   in|   16|     ap_none|                                                                  data_7_val|        scalar|
|data_8_val   |   in|   16|     ap_none|                                                                  data_8_val|        scalar|
|data_9_val   |   in|   16|     ap_none|                                                                  data_9_val|        scalar|
|data_10_val  |   in|   16|     ap_none|                                                                 data_10_val|        scalar|
|data_11_val  |   in|   16|     ap_none|                                                                 data_11_val|        scalar|
|data_12_val  |   in|   16|     ap_none|                                                                 data_12_val|        scalar|
|data_13_val  |   in|   16|     ap_none|                                                                 data_13_val|        scalar|
|data_14_val  |   in|   16|     ap_none|                                                                 data_14_val|        scalar|
|data_15_val  |   in|   16|     ap_none|                                                                 data_15_val|        scalar|
|data_16_val  |   in|   16|     ap_none|                                                                 data_16_val|        scalar|
|data_17_val  |   in|   16|     ap_none|                                                                 data_17_val|        scalar|
|data_18_val  |   in|   16|     ap_none|                                                                 data_18_val|        scalar|
|data_19_val  |   in|   16|     ap_none|                                                                 data_19_val|        scalar|
|data_20_val  |   in|   16|     ap_none|                                                                 data_20_val|        scalar|
|data_21_val  |   in|   16|     ap_none|                                                                 data_21_val|        scalar|
|data_22_val  |   in|   16|     ap_none|                                                                 data_22_val|        scalar|
|data_23_val  |   in|   16|     ap_none|                                                                 data_23_val|        scalar|
|data_24_val  |   in|   16|     ap_none|                                                                 data_24_val|        scalar|
|data_25_val  |   in|   16|     ap_none|                                                                 data_25_val|        scalar|
|data_26_val  |   in|   16|     ap_none|                                                                 data_26_val|        scalar|
|data_27_val  |   in|   16|     ap_none|                                                                 data_27_val|        scalar|
|data_28_val  |   in|   16|     ap_none|                                                                 data_28_val|        scalar|
|data_29_val  |   in|   16|     ap_none|                                                                 data_29_val|        scalar|
|data_30_val  |   in|   16|     ap_none|                                                                 data_30_val|        scalar|
|data_31_val  |   in|   16|     ap_none|                                                                 data_31_val|        scalar|
|data_32_val  |   in|   16|     ap_none|                                                                 data_32_val|        scalar|
|data_33_val  |   in|   16|     ap_none|                                                                 data_33_val|        scalar|
|data_34_val  |   in|   16|     ap_none|                                                                 data_34_val|        scalar|
+-------------+-----+-----+------------+----------------------------------------------------------------------------+--------------+

