#-----------------------------------------------------------
# Vivado v2024.1 (64-bit)
# SW Build 5076996 on Wed May 22 18:36:09 MDT 2024
# IP Build 5075265 on Wed May 22 21:45:21 MDT 2024
# SharedData Build 5076995 on Wed May 22 18:29:18 MDT 2024
# Start of session at: Tue Apr 14 14:58:28 2026
# Process ID: 991840
# Current directory: /home/ryanmichaud/common_repo/Muon_Collider_Smart_Pixels/ryan/model1_quantized_4w0i_pareto/hls_outputs/hls_model_trial_424
# Command line: vivado -mode batch -source vivado_synth.tcl
# Log file: /home/ryanmichaud/common_repo/Muon_Collider_Smart_Pixels/ryan/model1_quantized_4w0i_pareto/hls_outputs/hls_model_trial_424/vivado.log
# Journal file: /home/ryanmichaud/common_repo/Muon_Collider_Smart_Pixels/ryan/model1_quantized_4w0i_pareto/hls_outputs/hls_model_trial_424/vivado.jou
# Running On        :kdplab01
# Platform          :unknown
# Operating System  :unknown
# Processor Detail  :Intel(R) Xeon(R) Silver 4314 CPU @ 2.40GHz
# CPU Frequency     :3396.418 MHz
# CPU Physical cores:32
# CPU Logical cores :64
# Host memory       :134212 MB
# Swap memory       :73014 MB
# Total Virtual     :207226 MB
# Available Virtual :148058 MB
#-----------------------------------------------------------
source vivado_synth.tcl
# set tcldir [file dirname [info script]]
# source [file join $tcldir project.tcl]
## variable project_name
## set project_name "myproject"
## variable backend
## set backend "vivado"
## variable part
## set part "xc7z020clg400-1"
## variable clock_period
## set clock_period 5
## variable clock_uncertainty
## set clock_uncertainty 12.5%
## variable version
## set version "1.0.0"
# add_files ${project_name}_prj/solution1/syn/vhdl
add_files: Time (s): cpu = 00:00:05 ; elapsed = 00:00:05 . Memory (MB): peak = 1674.023 ; gain = 39.836 ; free physical = 67198 ; free virtual = 141316
# synth_design -top ${project_name} -part $part
Command: synth_design -top myproject -part xc7z020clg400-1
Starting synth_design
Attempting to get a license for feature 'Synthesis' and/or device 'xc7z020'
INFO: [Common 17-349] Got license for feature 'Synthesis' and/or device 'xc7z020'
INFO: [Synth 8-7079] Multithreading enabled for synth_design using a maximum of 4 processes.
INFO: [Synth 8-7078] Launching helper process for spawning children vivado processes
INFO: [Synth 8-7075] Helper process launched with PID 992218
---------------------------------------------------------------------------------
Starting Synthesize : Time (s): cpu = 00:00:03 ; elapsed = 00:00:04 . Memory (MB): peak = 2105.613 ; gain = 425.633 ; free physical = 65317 ; free virtual = 139442
---------------------------------------------------------------------------------
INFO: [Synth 8-638] synthesizing module 'myproject' [/home/ryanmichaud/common_repo/Muon_Collider_Smart_Pixels/ryan/model1_quantized_4w0i_pareto/hls_outputs/hls_model_trial_424/myproject_prj/solution1/syn/vhdl/myproject.vhd:32]
INFO: [Synth 8-3491] module 'myproject_linear_ap_fixed_16_6_5_3_0_ap_fixed_8_1_4_0_0_linear_config3_s' declared at '/home/ryanmichaud/common_repo/Muon_Collider_Smart_Pixels/ryan/model1_quantized_4w0i_pareto/hls_outputs/hls_model_trial_424/myproject_prj/solution1/syn/vhdl/myproject_linear_ap_fixed_16_6_5_3_0_ap_fixed_8_1_4_0_0_linear_config3_s.vhd:11' bound to instance 'grp_linear_ap_fixed_16_6_5_3_0_ap_fixed_8_1_4_0_0_linear_config3_s_fu_129' of component 'myproject_linear_ap_fixed_16_6_5_3_0_ap_fixed_8_1_4_0_0_linear_config3_s' [/home/ryanmichaud/common_repo/Muon_Collider_Smart_Pixels/ryan/model1_quantized_4w0i_pareto/hls_outputs/hls_model_trial_424/myproject_prj/solution1/syn/vhdl/myproject.vhd:497]
INFO: [Synth 8-638] synthesizing module 'myproject_linear_ap_fixed_16_6_5_3_0_ap_fixed_8_1_4_0_0_linear_config3_s' [/home/ryanmichaud/common_repo/Muon_Collider_Smart_Pixels/ryan/model1_quantized_4w0i_pareto/hls_outputs/hls_model_trial_424/myproject_prj/solution1/syn/vhdl/myproject_linear_ap_fixed_16_6_5_3_0_ap_fixed_8_1_4_0_0_linear_config3_s.vhd:25]
INFO: [Synth 8-256] done synthesizing module 'myproject_linear_ap_fixed_16_6_5_3_0_ap_fixed_8_1_4_0_0_linear_config3_s' (0#1) [/home/ryanmichaud/common_repo/Muon_Collider_Smart_Pixels/ryan/model1_quantized_4w0i_pareto/hls_outputs/hls_model_trial_424/myproject_prj/solution1/syn/vhdl/myproject_linear_ap_fixed_16_6_5_3_0_ap_fixed_8_1_4_0_0_linear_config3_s.vhd:25]
INFO: [Synth 8-3491] module 'myproject_linear_ap_fixed_16_6_5_3_0_ap_fixed_8_1_4_0_0_linear_config4_s' declared at '/home/ryanmichaud/common_repo/Muon_Collider_Smart_Pixels/ryan/model1_quantized_4w0i_pareto/hls_outputs/hls_model_trial_424/myproject_prj/solution1/syn/vhdl/myproject_linear_ap_fixed_16_6_5_3_0_ap_fixed_8_1_4_0_0_linear_config4_s.vhd:11' bound to instance 'grp_linear_ap_fixed_16_6_5_3_0_ap_fixed_8_1_4_0_0_linear_config4_s_fu_135' of component 'myproject_linear_ap_fixed_16_6_5_3_0_ap_fixed_8_1_4_0_0_linear_config4_s' [/home/ryanmichaud/common_repo/Muon_Collider_Smart_Pixels/ryan/model1_quantized_4w0i_pareto/hls_outputs/hls_model_trial_424/myproject_prj/solution1/syn/vhdl/myproject.vhd:509]
INFO: [Synth 8-638] synthesizing module 'myproject_linear_ap_fixed_16_6_5_3_0_ap_fixed_8_1_4_0_0_linear_config4_s' [/home/ryanmichaud/common_repo/Muon_Collider_Smart_Pixels/ryan/model1_quantized_4w0i_pareto/hls_outputs/hls_model_trial_424/myproject_prj/solution1/syn/vhdl/myproject_linear_ap_fixed_16_6_5_3_0_ap_fixed_8_1_4_0_0_linear_config4_s.vhd:25]
INFO: [Synth 8-256] done synthesizing module 'myproject_linear_ap_fixed_16_6_5_3_0_ap_fixed_8_1_4_0_0_linear_config4_s' (0#1) [/home/ryanmichaud/common_repo/Muon_Collider_Smart_Pixels/ryan/model1_quantized_4w0i_pareto/hls_outputs/hls_model_trial_424/myproject_prj/solution1/syn/vhdl/myproject_linear_ap_fixed_16_6_5_3_0_ap_fixed_8_1_4_0_0_linear_config4_s.vhd:25]
INFO: [Synth 8-3491] module 'myproject_linear_ap_fixed_16_6_5_3_0_ap_fixed_8_1_4_0_0_linear_config7_s' declared at '/home/ryanmichaud/common_repo/Muon_Collider_Smart_Pixels/ryan/model1_quantized_4w0i_pareto/hls_outputs/hls_model_trial_424/myproject_prj/solution1/syn/vhdl/myproject_linear_ap_fixed_16_6_5_3_0_ap_fixed_8_1_4_0_0_linear_config7_s.vhd:11' bound to instance 'grp_linear_ap_fixed_16_6_5_3_0_ap_fixed_8_1_4_0_0_linear_config7_s_fu_141' of component 'myproject_linear_ap_fixed_16_6_5_3_0_ap_fixed_8_1_4_0_0_linear_config7_s' [/home/ryanmichaud/common_repo/Muon_Collider_Smart_Pixels/ryan/model1_quantized_4w0i_pareto/hls_outputs/hls_model_trial_424/myproject_prj/solution1/syn/vhdl/myproject.vhd:521]
INFO: [Synth 8-638] synthesizing module 'myproject_linear_ap_fixed_16_6_5_3_0_ap_fixed_8_1_4_0_0_linear_config7_s' [/home/ryanmichaud/common_repo/Muon_Collider_Smart_Pixels/ryan/model1_quantized_4w0i_pareto/hls_outputs/hls_model_trial_424/myproject_prj/solution1/syn/vhdl/myproject_linear_ap_fixed_16_6_5_3_0_ap_fixed_8_1_4_0_0_linear_config7_s.vhd:25]
INFO: [Synth 8-256] done synthesizing module 'myproject_linear_ap_fixed_16_6_5_3_0_ap_fixed_8_1_4_0_0_linear_config7_s' (0#1) [/home/ryanmichaud/common_repo/Muon_Collider_Smart_Pixels/ryan/model1_quantized_4w0i_pareto/hls_outputs/hls_model_trial_424/myproject_prj/solution1/syn/vhdl/myproject_linear_ap_fixed_16_6_5_3_0_ap_fixed_8_1_4_0_0_linear_config7_s.vhd:25]
INFO: [Synth 8-3491] module 'myproject_linear_ap_fixed_16_6_5_3_0_ap_fixed_8_1_4_0_0_linear_config10_s' declared at '/home/ryanmichaud/common_repo/Muon_Collider_Smart_Pixels/ryan/model1_quantized_4w0i_pareto/hls_outputs/hls_model_trial_424/myproject_prj/solution1/syn/vhdl/myproject_linear_ap_fixed_16_6_5_3_0_ap_fixed_8_1_4_0_0_linear_config10_s.vhd:11' bound to instance 'grp_linear_ap_fixed_16_6_5_3_0_ap_fixed_8_1_4_0_0_linear_config10_s_fu_147' of component 'myproject_linear_ap_fixed_16_6_5_3_0_ap_fixed_8_1_4_0_0_linear_config10_s' [/home/ryanmichaud/common_repo/Muon_Collider_Smart_Pixels/ryan/model1_quantized_4w0i_pareto/hls_outputs/hls_model_trial_424/myproject_prj/solution1/syn/vhdl/myproject.vhd:533]
INFO: [Synth 8-638] synthesizing module 'myproject_linear_ap_fixed_16_6_5_3_0_ap_fixed_8_1_4_0_0_linear_config10_s' [/home/ryanmichaud/common_repo/Muon_Collider_Smart_Pixels/ryan/model1_quantized_4w0i_pareto/hls_outputs/hls_model_trial_424/myproject_prj/solution1/syn/vhdl/myproject_linear_ap_fixed_16_6_5_3_0_ap_fixed_8_1_4_0_0_linear_config10_s.vhd:25]
INFO: [Synth 8-256] done synthesizing module 'myproject_linear_ap_fixed_16_6_5_3_0_ap_fixed_8_1_4_0_0_linear_config10_s' (0#1) [/home/ryanmichaud/common_repo/Muon_Collider_Smart_Pixels/ryan/model1_quantized_4w0i_pareto/hls_outputs/hls_model_trial_424/myproject_prj/solution1/syn/vhdl/myproject_linear_ap_fixed_16_6_5_3_0_ap_fixed_8_1_4_0_0_linear_config10_s.vhd:25]
INFO: [Synth 8-3491] module 'myproject_concatenate1d_ap_fixed_ap_fixed_ap_fixed_16_6_5_3_0_config6_s' declared at '/home/ryanmichaud/common_repo/Muon_Collider_Smart_Pixels/ryan/model1_quantized_4w0i_pareto/hls_outputs/hls_model_trial_424/myproject_prj/solution1/syn/vhdl/myproject_concatenate1d_ap_fixed_ap_fixed_ap_fixed_16_6_5_3_0_config6_s.vhd:11' bound to instance 'call_ret1_concatenate1d_ap_fixed_ap_fixed_ap_fixed_16_6_5_3_0_config6_s_fu_153' of component 'myproject_concatenate1d_ap_fixed_ap_fixed_ap_fixed_16_6_5_3_0_config6_s' [/home/ryanmichaud/common_repo/Muon_Collider_Smart_Pixels/ryan/model1_quantized_4w0i_pareto/hls_outputs/hls_model_trial_424/myproject_prj/solution1/syn/vhdl/myproject.vhd:545]
INFO: [Synth 8-638] synthesizing module 'myproject_concatenate1d_ap_fixed_ap_fixed_ap_fixed_16_6_5_3_0_config6_s' [/home/ryanmichaud/common_repo/Muon_Collider_Smart_Pixels/ryan/model1_quantized_4w0i_pareto/hls_outputs/hls_model_trial_424/myproject_prj/solution1/syn/vhdl/myproject_concatenate1d_ap_fixed_ap_fixed_ap_fixed_16_6_5_3_0_config6_s.vhd:22]
INFO: [Synth 8-256] done synthesizing module 'myproject_concatenate1d_ap_fixed_ap_fixed_ap_fixed_16_6_5_3_0_config6_s' (0#1) [/home/ryanmichaud/common_repo/Muon_Collider_Smart_Pixels/ryan/model1_quantized_4w0i_pareto/hls_outputs/hls_model_trial_424/myproject_prj/solution1/syn/vhdl/myproject_concatenate1d_ap_fixed_ap_fixed_ap_fixed_16_6_5_3_0_config6_s.vhd:22]
INFO: [Synth 8-3491] module 'myproject_concatenate1d_ap_fixed_ap_fixed_ap_fixed_16_6_5_3_0_config9_s' declared at '/home/ryanmichaud/common_repo/Muon_Collider_Smart_Pixels/ryan/model1_quantized_4w0i_pareto/hls_outputs/hls_model_trial_424/myproject_prj/solution1/syn/vhdl/myproject_concatenate1d_ap_fixed_ap_fixed_ap_fixed_16_6_5_3_0_config9_s.vhd:11' bound to instance 'call_ret2_concatenate1d_ap_fixed_ap_fixed_ap_fixed_16_6_5_3_0_config9_s_fu_159' of component 'myproject_concatenate1d_ap_fixed_ap_fixed_ap_fixed_16_6_5_3_0_config9_s' [/home/ryanmichaud/common_repo/Muon_Collider_Smart_Pixels/ryan/model1_quantized_4w0i_pareto/hls_outputs/hls_model_trial_424/myproject_prj/solution1/syn/vhdl/myproject.vhd:554]
INFO: [Synth 8-638] synthesizing module 'myproject_concatenate1d_ap_fixed_ap_fixed_ap_fixed_16_6_5_3_0_config9_s' [/home/ryanmichaud/common_repo/Muon_Collider_Smart_Pixels/ryan/model1_quantized_4w0i_pareto/hls_outputs/hls_model_trial_424/myproject_prj/solution1/syn/vhdl/myproject_concatenate1d_ap_fixed_ap_fixed_ap_fixed_16_6_5_3_0_config9_s.vhd:24]
INFO: [Synth 8-256] done synthesizing module 'myproject_concatenate1d_ap_fixed_ap_fixed_ap_fixed_16_6_5_3_0_config9_s' (0#1) [/home/ryanmichaud/common_repo/Muon_Collider_Smart_Pixels/ryan/model1_quantized_4w0i_pareto/hls_outputs/hls_model_trial_424/myproject_prj/solution1/syn/vhdl/myproject_concatenate1d_ap_fixed_ap_fixed_ap_fixed_16_6_5_3_0_config9_s.vhd:24]
INFO: [Synth 8-3491] module 'myproject_concatenate1d_ap_fixed_ap_fixed_ap_fixed_16_6_5_3_0_config11_s' declared at '/home/ryanmichaud/common_repo/Muon_Collider_Smart_Pixels/ryan/model1_quantized_4w0i_pareto/hls_outputs/hls_model_trial_424/myproject_prj/solution1/syn/vhdl/myproject_concatenate1d_ap_fixed_ap_fixed_ap_fixed_16_6_5_3_0_config11_s.vhd:11' bound to instance 'call_ret3_concatenate1d_ap_fixed_ap_fixed_ap_fixed_16_6_5_3_0_config11_s_fu_166' of component 'myproject_concatenate1d_ap_fixed_ap_fixed_ap_fixed_16_6_5_3_0_config11_s' [/home/ryanmichaud/common_repo/Muon_Collider_Smart_Pixels/ryan/model1_quantized_4w0i_pareto/hls_outputs/hls_model_trial_424/myproject_prj/solution1/syn/vhdl/myproject.vhd:565]
INFO: [Synth 8-638] synthesizing module 'myproject_concatenate1d_ap_fixed_ap_fixed_ap_fixed_16_6_5_3_0_config11_s' [/home/ryanmichaud/common_repo/Muon_Collider_Smart_Pixels/ryan/model1_quantized_4w0i_pareto/hls_outputs/hls_model_trial_424/myproject_prj/solution1/syn/vhdl/myproject_concatenate1d_ap_fixed_ap_fixed_ap_fixed_16_6_5_3_0_config11_s.vhd:26]
INFO: [Synth 8-256] done synthesizing module 'myproject_concatenate1d_ap_fixed_ap_fixed_ap_fixed_16_6_5_3_0_config11_s' (0#1) [/home/ryanmichaud/common_repo/Muon_Collider_Smart_Pixels/ryan/model1_quantized_4w0i_pareto/hls_outputs/hls_model_trial_424/myproject_prj/solution1/syn/vhdl/myproject_concatenate1d_ap_fixed_ap_fixed_ap_fixed_16_6_5_3_0_config11_s.vhd:26]
INFO: [Synth 8-3491] module 'myproject_dense_latency_ap_fixed_16_6_5_3_0_ap_fixed_16_6_5_3_0_config12_s' declared at '/home/ryanmichaud/common_repo/Muon_Collider_Smart_Pixels/ryan/model1_quantized_4w0i_pareto/hls_outputs/hls_model_trial_424/myproject_prj/solution1/syn/vhdl/myproject_dense_latency_ap_fixed_16_6_5_3_0_ap_fixed_16_6_5_3_0_config12_s.vhd:11' bound to instance 'grp_dense_latency_ap_fixed_16_6_5_3_0_ap_fixed_16_6_5_3_0_config12_s_fu_174' of component 'myproject_dense_latency_ap_fixed_16_6_5_3_0_ap_fixed_16_6_5_3_0_config12_s' [/home/ryanmichaud/common_repo/Muon_Collider_Smart_Pixels/ryan/model1_quantized_4w0i_pareto/hls_outputs/hls_model_trial_424/myproject_prj/solution1/syn/vhdl/myproject.vhd:578]
INFO: [Synth 8-638] synthesizing module 'myproject_dense_latency_ap_fixed_16_6_5_3_0_ap_fixed_16_6_5_3_0_config12_s' [/home/ryanmichaud/common_repo/Muon_Collider_Smart_Pixels/ryan/model1_quantized_4w0i_pareto/hls_outputs/hls_model_trial_424/myproject_prj/solution1/syn/vhdl/myproject_dense_latency_ap_fixed_16_6_5_3_0_ap_fixed_16_6_5_3_0_config12_s.vhd:32]
INFO: [Synth 8-256] done synthesizing module 'myproject_dense_latency_ap_fixed_16_6_5_3_0_ap_fixed_16_6_5_3_0_config12_s' (0#1) [/home/ryanmichaud/common_repo/Muon_Collider_Smart_Pixels/ryan/model1_quantized_4w0i_pareto/hls_outputs/hls_model_trial_424/myproject_prj/solution1/syn/vhdl/myproject_dense_latency_ap_fixed_16_6_5_3_0_ap_fixed_16_6_5_3_0_config12_s.vhd:32]
INFO: [Synth 8-3491] module 'myproject_relu_ap_fixed_16_6_5_3_0_ap_ufixed_8_0_4_0_0_relu_config14_s' declared at '/home/ryanmichaud/common_repo/Muon_Collider_Smart_Pixels/ryan/model1_quantized_4w0i_pareto/hls_outputs/hls_model_trial_424/myproject_prj/solution1/syn/vhdl/myproject_relu_ap_fixed_16_6_5_3_0_ap_ufixed_8_0_4_0_0_relu_config14_s.vhd:11' bound to instance 'grp_relu_ap_fixed_16_6_5_3_0_ap_ufixed_8_0_4_0_0_relu_config14_s_fu_182' of component 'myproject_relu_ap_fixed_16_6_5_3_0_ap_ufixed_8_0_4_0_0_relu_config14_s' [/home/ryanmichaud/common_repo/Muon_Collider_Smart_Pixels/ryan/model1_quantized_4w0i_pareto/hls_outputs/hls_model_trial_424/myproject_prj/solution1/syn/vhdl/myproject.vhd:597]
INFO: [Synth 8-638] synthesizing module 'myproject_relu_ap_fixed_16_6_5_3_0_ap_ufixed_8_0_4_0_0_relu_config14_s' [/home/ryanmichaud/common_repo/Muon_Collider_Smart_Pixels/ryan/model1_quantized_4w0i_pareto/hls_outputs/hls_model_trial_424/myproject_prj/solution1/syn/vhdl/myproject_relu_ap_fixed_16_6_5_3_0_ap_ufixed_8_0_4_0_0_relu_config14_s.vhd:33]
INFO: [Synth 8-256] done synthesizing module 'myproject_relu_ap_fixed_16_6_5_3_0_ap_ufixed_8_0_4_0_0_relu_config14_s' (0#1) [/home/ryanmichaud/common_repo/Muon_Collider_Smart_Pixels/ryan/model1_quantized_4w0i_pareto/hls_outputs/hls_model_trial_424/myproject_prj/solution1/syn/vhdl/myproject_relu_ap_fixed_16_6_5_3_0_ap_ufixed_8_0_4_0_0_relu_config14_s.vhd:33]
INFO: [Synth 8-3491] module 'myproject_dense_latency_ap_ufixed_8_0_4_0_0_ap_fixed_16_6_5_3_0_config15_s' declared at '/home/ryanmichaud/common_repo/Muon_Collider_Smart_Pixels/ryan/model1_quantized_4w0i_pareto/hls_outputs/hls_model_trial_424/myproject_prj/solution1/syn/vhdl/myproject_dense_latency_ap_ufixed_8_0_4_0_0_ap_fixed_16_6_5_3_0_config15_s.vhd:11' bound to instance 'grp_dense_latency_ap_ufixed_8_0_4_0_0_ap_fixed_16_6_5_3_0_config15_s_fu_191' of component 'myproject_dense_latency_ap_ufixed_8_0_4_0_0_ap_fixed_16_6_5_3_0_config15_s' [/home/ryanmichaud/common_repo/Muon_Collider_Smart_Pixels/ryan/model1_quantized_4w0i_pareto/hls_outputs/hls_model_trial_424/myproject_prj/solution1/syn/vhdl/myproject.vhd:617]
INFO: [Synth 8-638] synthesizing module 'myproject_dense_latency_ap_ufixed_8_0_4_0_0_ap_fixed_16_6_5_3_0_config15_s' [/home/ryanmichaud/common_repo/Muon_Collider_Smart_Pixels/ryan/model1_quantized_4w0i_pareto/hls_outputs/hls_model_trial_424/myproject_prj/solution1/syn/vhdl/myproject_dense_latency_ap_ufixed_8_0_4_0_0_ap_fixed_16_6_5_3_0_config15_s.vhd:33]
INFO: [Synth 8-256] done synthesizing module 'myproject_dense_latency_ap_ufixed_8_0_4_0_0_ap_fixed_16_6_5_3_0_config15_s' (0#1) [/home/ryanmichaud/common_repo/Muon_Collider_Smart_Pixels/ryan/model1_quantized_4w0i_pareto/hls_outputs/hls_model_trial_424/myproject_prj/solution1/syn/vhdl/myproject_dense_latency_ap_ufixed_8_0_4_0_0_ap_fixed_16_6_5_3_0_config15_s.vhd:33]
INFO: [Synth 8-3491] module 'myproject_relu_ap_fixed_16_6_5_3_0_ap_ufixed_8_0_4_0_0_relu_config17_s' declared at '/home/ryanmichaud/common_repo/Muon_Collider_Smart_Pixels/ryan/model1_quantized_4w0i_pareto/hls_outputs/hls_model_trial_424/myproject_prj/solution1/syn/vhdl/myproject_relu_ap_fixed_16_6_5_3_0_ap_ufixed_8_0_4_0_0_relu_config17_s.vhd:11' bound to instance 'grp_relu_ap_fixed_16_6_5_3_0_ap_ufixed_8_0_4_0_0_relu_config17_s_fu_200' of component 'myproject_relu_ap_fixed_16_6_5_3_0_ap_ufixed_8_0_4_0_0_relu_config17_s' [/home/ryanmichaud/common_repo/Muon_Collider_Smart_Pixels/ryan/model1_quantized_4w0i_pareto/hls_outputs/hls_model_trial_424/myproject_prj/solution1/syn/vhdl/myproject.vhd:637]
INFO: [Synth 8-638] synthesizing module 'myproject_relu_ap_fixed_16_6_5_3_0_ap_ufixed_8_0_4_0_0_relu_config17_s' [/home/ryanmichaud/common_repo/Muon_Collider_Smart_Pixels/ryan/model1_quantized_4w0i_pareto/hls_outputs/hls_model_trial_424/myproject_prj/solution1/syn/vhdl/myproject_relu_ap_fixed_16_6_5_3_0_ap_ufixed_8_0_4_0_0_relu_config17_s.vhd:33]
INFO: [Synth 8-256] done synthesizing module 'myproject_relu_ap_fixed_16_6_5_3_0_ap_ufixed_8_0_4_0_0_relu_config17_s' (0#1) [/home/ryanmichaud/common_repo/Muon_Collider_Smart_Pixels/ryan/model1_quantized_4w0i_pareto/hls_outputs/hls_model_trial_424/myproject_prj/solution1/syn/vhdl/myproject_relu_ap_fixed_16_6_5_3_0_ap_ufixed_8_0_4_0_0_relu_config17_s.vhd:33]
INFO: [Synth 8-3491] module 'myproject_dense_latency_ap_ufixed_8_0_4_0_0_ap_fixed_16_6_5_3_0_config18_s' declared at '/home/ryanmichaud/common_repo/Muon_Collider_Smart_Pixels/ryan/model1_quantized_4w0i_pareto/hls_outputs/hls_model_trial_424/myproject_prj/solution1/syn/vhdl/myproject_dense_latency_ap_ufixed_8_0_4_0_0_ap_fixed_16_6_5_3_0_config18_s.vhd:11' bound to instance 'grp_dense_latency_ap_ufixed_8_0_4_0_0_ap_fixed_16_6_5_3_0_config18_s_fu_209' of component 'myproject_dense_latency_ap_ufixed_8_0_4_0_0_ap_fixed_16_6_5_3_0_config18_s' [/home/ryanmichaud/common_repo/Muon_Collider_Smart_Pixels/ryan/model1_quantized_4w0i_pareto/hls_outputs/hls_model_trial_424/myproject_prj/solution1/syn/vhdl/myproject.vhd:657]
INFO: [Synth 8-638] synthesizing module 'myproject_dense_latency_ap_ufixed_8_0_4_0_0_ap_fixed_16_6_5_3_0_config18_s' [/home/ryanmichaud/common_repo/Muon_Collider_Smart_Pixels/ryan/model1_quantized_4w0i_pareto/hls_outputs/hls_model_trial_424/myproject_prj/solution1/syn/vhdl/myproject_dense_latency_ap_ufixed_8_0_4_0_0_ap_fixed_16_6_5_3_0_config18_s.vhd:29]
INFO: [Synth 8-256] done synthesizing module 'myproject_dense_latency_ap_ufixed_8_0_4_0_0_ap_fixed_16_6_5_3_0_config18_s' (0#1) [/home/ryanmichaud/common_repo/Muon_Collider_Smart_Pixels/ryan/model1_quantized_4w0i_pareto/hls_outputs/hls_model_trial_424/myproject_prj/solution1/syn/vhdl/myproject_dense_latency_ap_ufixed_8_0_4_0_0_ap_fixed_16_6_5_3_0_config18_s.vhd:29]
INFO: [Synth 8-256] done synthesizing module 'myproject' (0#1) [/home/ryanmichaud/common_repo/Muon_Collider_Smart_Pixels/ryan/model1_quantized_4w0i_pareto/hls_outputs/hls_model_trial_424/myproject_prj/solution1/syn/vhdl/myproject.vhd:32]
WARNING: [Synth 8-7129] Port ap_rst in module myproject_concatenate1d_ap_fixed_ap_fixed_ap_fixed_16_6_5_3_0_config11_s is either unconnected or has no load
WARNING: [Synth 8-7129] Port ap_rst in module myproject_concatenate1d_ap_fixed_ap_fixed_ap_fixed_16_6_5_3_0_config9_s is either unconnected or has no load
WARNING: [Synth 8-7129] Port ap_rst in module myproject_concatenate1d_ap_fixed_ap_fixed_ap_fixed_16_6_5_3_0_config6_s is either unconnected or has no load
---------------------------------------------------------------------------------
Finished Synthesize : Time (s): cpu = 00:00:05 ; elapsed = 00:00:06 . Memory (MB): peak = 2195.582 ; gain = 515.602 ; free physical = 65059 ; free virtual = 139188
---------------------------------------------------------------------------------
---------------------------------------------------------------------------------
Finished Constraint Validation : Time (s): cpu = 00:00:06 ; elapsed = 00:00:06 . Memory (MB): peak = 2213.395 ; gain = 533.414 ; free physical = 65031 ; free virtual = 139166
---------------------------------------------------------------------------------
---------------------------------------------------------------------------------
Start Loading Part and Timing Information
---------------------------------------------------------------------------------
Loading part: xc7z020clg400-1
---------------------------------------------------------------------------------
Finished Loading Part and Timing Information : Time (s): cpu = 00:00:06 ; elapsed = 00:00:06 . Memory (MB): peak = 2221.398 ; gain = 541.418 ; free physical = 65031 ; free virtual = 139166
INFO: [Device 21-403] Loading part xc7z020clg400-1
---------------------------------------------------------------------------------
WARNING: [Synth 8-3936] Found unconnected internal register 'data_val_read_reg_299_reg' and it is trimmed from '16' to '12' bits. [/home/ryanmichaud/common_repo/Muon_Collider_Smart_Pixels/ryan/model1_quantized_4w0i_pareto/hls_outputs/hls_model_trial_424/myproject_prj/solution1/syn/vhdl/myproject_linear_ap_fixed_16_6_5_3_0_ap_fixed_8_1_4_0_0_linear_config3_s.vhd:144]
WARNING: [Synth 8-3936] Found unconnected internal register 'data_val_read_reg_299_reg' and it is trimmed from '16' to '12' bits. [/home/ryanmichaud/common_repo/Muon_Collider_Smart_Pixels/ryan/model1_quantized_4w0i_pareto/hls_outputs/hls_model_trial_424/myproject_prj/solution1/syn/vhdl/myproject_linear_ap_fixed_16_6_5_3_0_ap_fixed_8_1_4_0_0_linear_config4_s.vhd:144]
WARNING: [Synth 8-3936] Found unconnected internal register 'data_val_read_reg_299_reg' and it is trimmed from '16' to '12' bits. [/home/ryanmichaud/common_repo/Muon_Collider_Smart_Pixels/ryan/model1_quantized_4w0i_pareto/hls_outputs/hls_model_trial_424/myproject_prj/solution1/syn/vhdl/myproject_linear_ap_fixed_16_6_5_3_0_ap_fixed_8_1_4_0_0_linear_config7_s.vhd:144]
WARNING: [Synth 8-3936] Found unconnected internal register 'data_val_read_reg_299_reg' and it is trimmed from '16' to '12' bits. [/home/ryanmichaud/common_repo/Muon_Collider_Smart_Pixels/ryan/model1_quantized_4w0i_pareto/hls_outputs/hls_model_trial_424/myproject_prj/solution1/syn/vhdl/myproject_linear_ap_fixed_16_6_5_3_0_ap_fixed_8_1_4_0_0_linear_config10_s.vhd:144]
---------------------------------------------------------------------------------
Finished RTL Optimization Phase 2 : Time (s): cpu = 00:00:06 ; elapsed = 00:00:07 . Memory (MB): peak = 2230.305 ; gain = 550.324 ; free physical = 64972 ; free virtual = 139127
---------------------------------------------------------------------------------
No constraint files found.
---------------------------------------------------------------------------------
Start RTL Component Statistics 
---------------------------------------------------------------------------------
Detailed RTL Component Info : 
+---Adders : 
	   3 Input   19 Bit       Adders := 8     
	   2 Input   19 Bit       Adders := 1     
	   2 Input   16 Bit       Adders := 3     
	   3 Input   16 Bit       Adders := 6     
	   2 Input   15 Bit       Adders := 3     
	   2 Input   14 Bit       Adders := 2     
	   3 Input   13 Bit       Adders := 4     
	   2 Input   13 Bit       Adders := 2     
	   3 Input   12 Bit       Adders := 4     
	   2 Input   12 Bit       Adders := 3     
	   2 Input   11 Bit       Adders := 5     
	   3 Input   11 Bit       Adders := 8     
	   2 Input   10 Bit       Adders := 5     
	   3 Input   10 Bit       Adders := 1     
	   2 Input    8 Bit       Adders := 15    
+---XORs : 
	   2 Input      1 Bit         XORs := 48    
	   3 Input      1 Bit         XORs := 1     
+---Registers : 
	               16 Bit    Registers := 31    
	               15 Bit    Registers := 2     
	               14 Bit    Registers := 5     
	               13 Bit    Registers := 1     
	               12 Bit    Registers := 9     
	               11 Bit    Registers := 5     
	               10 Bit    Registers := 10    
	                8 Bit    Registers := 33    
	                1 Bit    Registers := 100   
+---Muxes : 
	   2 Input   16 Bit        Muxes := 4     
	   2 Input   14 Bit        Muxes := 1     
	   3 Input   13 Bit        Muxes := 1     
	   2 Input   12 Bit        Muxes := 1     
	   3 Input    8 Bit        Muxes := 5     
	   2 Input    8 Bit        Muxes := 40    
	   2 Input    1 Bit        Muxes := 44    
---------------------------------------------------------------------------------
Finished RTL Component Statistics 
---------------------------------------------------------------------------------
---------------------------------------------------------------------------------
Start Part Resource Summary
---------------------------------------------------------------------------------
INFO: [Device 21-9227] Part: xc7z020clg400-1 does not have CEAM library.
Part Resources:
DSPs: 220 (col length:60)
BRAMs: 280 (col length: RAMB18 60 RAMB36 30)
---------------------------------------------------------------------------------
Finished Part Resource Summary
---------------------------------------------------------------------------------
No constraint files found.
---------------------------------------------------------------------------------
Start Cross Boundary and Area Optimization
---------------------------------------------------------------------------------
WARNING: [Synth 8-7080] Parallel synthesis criteria is not met
---------------------------------------------------------------------------------
Finished Cross Boundary and Area Optimization : Time (s): cpu = 00:00:12 ; elapsed = 00:00:14 . Memory (MB): peak = 2380.602 ; gain = 700.621 ; free physical = 63245 ; free virtual = 137433
---------------------------------------------------------------------------------
No constraint files found.
---------------------------------------------------------------------------------
Start Timing Optimization
---------------------------------------------------------------------------------
---------------------------------------------------------------------------------
Finished Timing Optimization : Time (s): cpu = 00:00:12 ; elapsed = 00:00:14 . Memory (MB): peak = 2380.602 ; gain = 700.621 ; free physical = 63245 ; free virtual = 137433
---------------------------------------------------------------------------------
---------------------------------------------------------------------------------
Start Technology Mapping
---------------------------------------------------------------------------------
---------------------------------------------------------------------------------
Finished Technology Mapping : Time (s): cpu = 00:00:13 ; elapsed = 00:00:15 . Memory (MB): peak = 2388.609 ; gain = 708.629 ; free physical = 63237 ; free virtual = 137425
---------------------------------------------------------------------------------
---------------------------------------------------------------------------------
Start IO Insertion
---------------------------------------------------------------------------------
---------------------------------------------------------------------------------
Start Flattening Before IO Insertion
---------------------------------------------------------------------------------
---------------------------------------------------------------------------------
Finished Flattening Before IO Insertion
---------------------------------------------------------------------------------
---------------------------------------------------------------------------------
Start Final Netlist Cleanup
---------------------------------------------------------------------------------
---------------------------------------------------------------------------------
Finished Final Netlist Cleanup
---------------------------------------------------------------------------------
---------------------------------------------------------------------------------
Finished IO Insertion : Time (s): cpu = 00:00:16 ; elapsed = 00:00:18 . Memory (MB): peak = 2388.609 ; gain = 708.629 ; free physical = 63063 ; free virtual = 137251
---------------------------------------------------------------------------------
---------------------------------------------------------------------------------
Start Renaming Generated Instances
---------------------------------------------------------------------------------
---------------------------------------------------------------------------------
Finished Renaming Generated Instances : Time (s): cpu = 00:00:16 ; elapsed = 00:00:18 . Memory (MB): peak = 2388.609 ; gain = 708.629 ; free physical = 63064 ; free virtual = 137252
---------------------------------------------------------------------------------
---------------------------------------------------------------------------------
Start Rebuilding User Hierarchy
---------------------------------------------------------------------------------
---------------------------------------------------------------------------------
Finished Rebuilding User Hierarchy : Time (s): cpu = 00:00:16 ; elapsed = 00:00:18 . Memory (MB): peak = 2388.609 ; gain = 708.629 ; free physical = 63065 ; free virtual = 137253
---------------------------------------------------------------------------------
---------------------------------------------------------------------------------
Start Renaming Generated Ports
---------------------------------------------------------------------------------
---------------------------------------------------------------------------------
Finished Renaming Generated Ports : Time (s): cpu = 00:00:16 ; elapsed = 00:00:18 . Memory (MB): peak = 2388.609 ; gain = 708.629 ; free physical = 63064 ; free virtual = 137253
---------------------------------------------------------------------------------
---------------------------------------------------------------------------------
Start Handling Custom Attributes
---------------------------------------------------------------------------------
---------------------------------------------------------------------------------
Finished Handling Custom Attributes : Time (s): cpu = 00:00:16 ; elapsed = 00:00:18 . Memory (MB): peak = 2388.609 ; gain = 708.629 ; free physical = 63064 ; free virtual = 137252
---------------------------------------------------------------------------------
---------------------------------------------------------------------------------
Start Renaming Generated Nets
---------------------------------------------------------------------------------
---------------------------------------------------------------------------------
Finished Renaming Generated Nets : Time (s): cpu = 00:00:16 ; elapsed = 00:00:18 . Memory (MB): peak = 2388.609 ; gain = 708.629 ; free physical = 63064 ; free virtual = 137252
---------------------------------------------------------------------------------
---------------------------------------------------------------------------------
Start Writing Synthesis Report
---------------------------------------------------------------------------------

Report BlackBoxes: 
+-+--------------+----------+
| |BlackBox name |Instances |
+-+--------------+----------+
+-+--------------+----------+

Report Cell Usage: 
+------+-------+------+
|      |Cell   |Count |
+------+-------+------+
|1     |BUFG   |     1|
|2     |CARRY4 |   208|
|3     |LUT1   |   140|
|4     |LUT2   |   466|
|5     |LUT3   |   246|
|6     |LUT4   |   282|
|7     |LUT5   |    80|
|8     |LUT6   |   133|
|9     |FDRE   |  1040|
|10    |IBUF   |    71|
|11    |OBUF   |    12|
+------+-------+------+

Report Instance Areas: 
+------+------------------------------------------------------------------------------+---------------------------------------------------------------------------+------+
|      |Instance                                                                      |Module                                                                     |Cells |
+------+------------------------------------------------------------------------------+---------------------------------------------------------------------------+------+
|1     |top                                                                           |                                                                           |  2679|
|2     |  grp_dense_latency_ap_fixed_16_6_5_3_0_ap_fixed_16_6_5_3_0_config12_s_fu_174 |myproject_dense_latency_ap_fixed_16_6_5_3_0_ap_fixed_16_6_5_3_0_config12_s |   743|
|3     |  grp_dense_latency_ap_ufixed_8_0_4_0_0_ap_fixed_16_6_5_3_0_config15_s_fu_191 |myproject_dense_latency_ap_ufixed_8_0_4_0_0_ap_fixed_16_6_5_3_0_config15_s |   643|
|4     |  grp_dense_latency_ap_ufixed_8_0_4_0_0_ap_fixed_16_6_5_3_0_config18_s_fu_209 |myproject_dense_latency_ap_ufixed_8_0_4_0_0_ap_fixed_16_6_5_3_0_config18_s |   117|
|5     |  grp_linear_ap_fixed_16_6_5_3_0_ap_fixed_8_1_4_0_0_linear_config10_s_fu_147  |myproject_linear_ap_fixed_16_6_5_3_0_ap_fixed_8_1_4_0_0_linear_config10_s  |    49|
|6     |  grp_linear_ap_fixed_16_6_5_3_0_ap_fixed_8_1_4_0_0_linear_config3_s_fu_129   |myproject_linear_ap_fixed_16_6_5_3_0_ap_fixed_8_1_4_0_0_linear_config3_s   |    49|
|7     |  grp_linear_ap_fixed_16_6_5_3_0_ap_fixed_8_1_4_0_0_linear_config4_s_fu_135   |myproject_linear_ap_fixed_16_6_5_3_0_ap_fixed_8_1_4_0_0_linear_config4_s   |    50|
|8     |  grp_linear_ap_fixed_16_6_5_3_0_ap_fixed_8_1_4_0_0_linear_config7_s_fu_141   |myproject_linear_ap_fixed_16_6_5_3_0_ap_fixed_8_1_4_0_0_linear_config7_s   |    49|
|9     |  grp_relu_ap_fixed_16_6_5_3_0_ap_ufixed_8_0_4_0_0_relu_config14_s_fu_182     |myproject_relu_ap_fixed_16_6_5_3_0_ap_ufixed_8_0_4_0_0_relu_config14_s     |   240|
|10    |  grp_relu_ap_fixed_16_6_5_3_0_ap_ufixed_8_0_4_0_0_relu_config17_s_fu_200     |myproject_relu_ap_fixed_16_6_5_3_0_ap_ufixed_8_0_4_0_0_relu_config17_s     |   225|
+------+------------------------------------------------------------------------------+---------------------------------------------------------------------------+------+
---------------------------------------------------------------------------------
Finished Writing Synthesis Report : Time (s): cpu = 00:00:16 ; elapsed = 00:00:18 . Memory (MB): peak = 2388.609 ; gain = 708.629 ; free physical = 63064 ; free virtual = 137252
---------------------------------------------------------------------------------
Synthesis finished with 0 errors, 0 critical warnings and 8 warnings.
Synthesis Optimization Runtime : Time (s): cpu = 00:00:16 ; elapsed = 00:00:18 . Memory (MB): peak = 2388.609 ; gain = 708.629 ; free physical = 63062 ; free virtual = 137250
Synthesis Optimization Complete : Time (s): cpu = 00:00:16 ; elapsed = 00:00:18 . Memory (MB): peak = 2388.617 ; gain = 708.629 ; free physical = 63057 ; free virtual = 137246
INFO: [Project 1-571] Translating synthesized netlist
Netlist sorting complete. Time (s): cpu = 00:00:00.01 ; elapsed = 00:00:00.01 . Memory (MB): peak = 2388.617 ; gain = 0.000 ; free physical = 63611 ; free virtual = 137800
INFO: [Netlist 29-17] Analyzing 208 Unisim elements for replacement
INFO: [Netlist 29-28] Unisim Transformation completed in 0 CPU seconds
INFO: [Project 1-570] Preparing netlist for logic optimization
INFO: [Opt 31-138] Pushed 0 inverter(s) to 0 load pin(s).
Netlist sorting complete. Time (s): cpu = 00:00:00 ; elapsed = 00:00:00 . Memory (MB): peak = 2523.324 ; gain = 0.000 ; free physical = 63424 ; free virtual = 137628
INFO: [Project 1-111] Unisim Transformation Summary:
No Unisim elements were transformed.

Synth Design complete | Checksum: b0050c4b
INFO: [Common 17-83] Releasing license: Synthesis
51 Infos, 8 Warnings, 0 Critical Warnings and 0 Errors encountered.
synth_design completed successfully
synth_design: Time (s): cpu = 00:00:22 ; elapsed = 00:00:22 . Memory (MB): peak = 2523.324 ; gain = 849.301 ; free physical = 63426 ; free virtual = 137630
INFO: [Common 17-2834] synth_design peak Physical Memory [PSS] (MB): overall = 1468.191; main = 1390.087; forked = 333.226
INFO: [Common 17-2834] synth_design peak Virtual Memory [VSS] (MB): overall = 3894.707; main = 2523.328; forked = 1655.492
# report_utilization -file vivado_synth.rpt
INFO: [Common 17-206] Exiting Vivado at Tue Apr 14 14:58:59 2026...
