#-----------------------------------------------------------
# Vivado v2024.1 (64-bit)
# SW Build 5076996 on Wed May 22 18:36:09 MDT 2024
# IP Build 5075265 on Wed May 22 21:45:21 MDT 2024
# SharedData Build 5076995 on Wed May 22 18:29:18 MDT 2024
# Start of session at: Mon Apr 20 16:44:16 2026
# Process ID: 2535803
# Current directory: /home/youeric/PixelML/SmartpixReal/Muon_Collider_Smart_Pixels/eric/Model1_quantized_6w0i_pareto_roc_selected/hls_outputs/hls_model_trial_636
# Command line: vivado -mode batch -source vivado_synth.tcl
# Log file: /home/youeric/PixelML/SmartpixReal/Muon_Collider_Smart_Pixels/eric/Model1_quantized_6w0i_pareto_roc_selected/hls_outputs/hls_model_trial_636/vivado.log
# Journal file: /home/youeric/PixelML/SmartpixReal/Muon_Collider_Smart_Pixels/eric/Model1_quantized_6w0i_pareto_roc_selected/hls_outputs/hls_model_trial_636/vivado.jou
# Running On        :kdplab01
# Platform          :unknown
# Operating System  :unknown
# Processor Detail  :Intel(R) Xeon(R) Silver 4314 CPU @ 2.40GHz
# CPU Frequency     :3000.294 MHz
# CPU Physical cores:32
# CPU Logical cores :64
# Host memory       :134212 MB
# Swap memory       :122406 MB
# Total Virtual     :256618 MB
# Available Virtual :174095 MB
#-----------------------------------------------------------
source vivado_synth.tcl
# set tcldir [file dirname [info script]]
# source [file join $tcldir project.tcl]
## variable project_name
## set project_name "myproject"
## variable backend
## set backend "vivado"
## variable part
## set part "xc7z020clg400-1"
## variable clock_period
## set clock_period 5
## variable clock_uncertainty
## set clock_uncertainty 12.5%
## variable version
## set version "1.0.0"
# add_files ${project_name}_prj/solution1/syn/vhdl
add_files: Time (s): cpu = 00:00:06 ; elapsed = 00:00:06 . Memory (MB): peak = 1673.145 ; gain = 48.836 ; free physical = 56722 ; free virtual = 164376
# synth_design -top ${project_name} -part $part
Command: synth_design -top myproject -part xc7z020clg400-1
Starting synth_design
Attempting to get a license for feature 'Synthesis' and/or device 'xc7z020'
INFO: [Common 17-349] Got license for feature 'Synthesis' and/or device 'xc7z020'
INFO: [Synth 8-7079] Multithreading enabled for synth_design using a maximum of 4 processes.
INFO: [Synth 8-7078] Launching helper process for spawning children vivado processes
INFO: [Synth 8-7075] Helper process launched with PID 2547258
---------------------------------------------------------------------------------
Starting Synthesize : Time (s): cpu = 00:00:04 ; elapsed = 00:00:10 . Memory (MB): peak = 2105.766 ; gain = 424.656 ; free physical = 56816 ; free virtual = 160541
---------------------------------------------------------------------------------
INFO: [Synth 8-638] synthesizing module 'myproject' [/home/youeric/PixelML/SmartpixReal/Muon_Collider_Smart_Pixels/eric/Model1_quantized_6w0i_pareto_roc_selected/hls_outputs/hls_model_trial_636/myproject_prj/solution1/syn/vhdl/myproject.vhd:32]
INFO: [Synth 8-3491] module 'myproject_linear_ap_fixed_16_6_5_3_0_ap_fixed_8_1_4_0_0_linear_config3_s' declared at '/home/youeric/PixelML/SmartpixReal/Muon_Collider_Smart_Pixels/eric/Model1_quantized_6w0i_pareto_roc_selected/hls_outputs/hls_model_trial_636/myproject_prj/solution1/syn/vhdl/myproject_linear_ap_fixed_16_6_5_3_0_ap_fixed_8_1_4_0_0_linear_config3_s.vhd:11' bound to instance 'grp_linear_ap_fixed_16_6_5_3_0_ap_fixed_8_1_4_0_0_linear_config3_s_fu_133' of component 'myproject_linear_ap_fixed_16_6_5_3_0_ap_fixed_8_1_4_0_0_linear_config3_s' [/home/youeric/PixelML/SmartpixReal/Muon_Collider_Smart_Pixels/eric/Model1_quantized_6w0i_pareto_roc_selected/hls_outputs/hls_model_trial_636/myproject_prj/solution1/syn/vhdl/myproject.vhd:561]
INFO: [Synth 8-638] synthesizing module 'myproject_linear_ap_fixed_16_6_5_3_0_ap_fixed_8_1_4_0_0_linear_config3_s' [/home/youeric/PixelML/SmartpixReal/Muon_Collider_Smart_Pixels/eric/Model1_quantized_6w0i_pareto_roc_selected/hls_outputs/hls_model_trial_636/myproject_prj/solution1/syn/vhdl/myproject_linear_ap_fixed_16_6_5_3_0_ap_fixed_8_1_4_0_0_linear_config3_s.vhd:25]
INFO: [Synth 8-256] done synthesizing module 'myproject_linear_ap_fixed_16_6_5_3_0_ap_fixed_8_1_4_0_0_linear_config3_s' (0#1) [/home/youeric/PixelML/SmartpixReal/Muon_Collider_Smart_Pixels/eric/Model1_quantized_6w0i_pareto_roc_selected/hls_outputs/hls_model_trial_636/myproject_prj/solution1/syn/vhdl/myproject_linear_ap_fixed_16_6_5_3_0_ap_fixed_8_1_4_0_0_linear_config3_s.vhd:25]
INFO: [Synth 8-3491] module 'myproject_linear_ap_fixed_16_6_5_3_0_ap_fixed_8_1_4_0_0_linear_config4_s' declared at '/home/youeric/PixelML/SmartpixReal/Muon_Collider_Smart_Pixels/eric/Model1_quantized_6w0i_pareto_roc_selected/hls_outputs/hls_model_trial_636/myproject_prj/solution1/syn/vhdl/myproject_linear_ap_fixed_16_6_5_3_0_ap_fixed_8_1_4_0_0_linear_config4_s.vhd:11' bound to instance 'grp_linear_ap_fixed_16_6_5_3_0_ap_fixed_8_1_4_0_0_linear_config4_s_fu_139' of component 'myproject_linear_ap_fixed_16_6_5_3_0_ap_fixed_8_1_4_0_0_linear_config4_s' [/home/youeric/PixelML/SmartpixReal/Muon_Collider_Smart_Pixels/eric/Model1_quantized_6w0i_pareto_roc_selected/hls_outputs/hls_model_trial_636/myproject_prj/solution1/syn/vhdl/myproject.vhd:573]
INFO: [Synth 8-638] synthesizing module 'myproject_linear_ap_fixed_16_6_5_3_0_ap_fixed_8_1_4_0_0_linear_config4_s' [/home/youeric/PixelML/SmartpixReal/Muon_Collider_Smart_Pixels/eric/Model1_quantized_6w0i_pareto_roc_selected/hls_outputs/hls_model_trial_636/myproject_prj/solution1/syn/vhdl/myproject_linear_ap_fixed_16_6_5_3_0_ap_fixed_8_1_4_0_0_linear_config4_s.vhd:25]
INFO: [Synth 8-256] done synthesizing module 'myproject_linear_ap_fixed_16_6_5_3_0_ap_fixed_8_1_4_0_0_linear_config4_s' (0#1) [/home/youeric/PixelML/SmartpixReal/Muon_Collider_Smart_Pixels/eric/Model1_quantized_6w0i_pareto_roc_selected/hls_outputs/hls_model_trial_636/myproject_prj/solution1/syn/vhdl/myproject_linear_ap_fixed_16_6_5_3_0_ap_fixed_8_1_4_0_0_linear_config4_s.vhd:25]
INFO: [Synth 8-3491] module 'myproject_linear_ap_fixed_16_6_5_3_0_ap_fixed_8_1_4_0_0_linear_config7_s' declared at '/home/youeric/PixelML/SmartpixReal/Muon_Collider_Smart_Pixels/eric/Model1_quantized_6w0i_pareto_roc_selected/hls_outputs/hls_model_trial_636/myproject_prj/solution1/syn/vhdl/myproject_linear_ap_fixed_16_6_5_3_0_ap_fixed_8_1_4_0_0_linear_config7_s.vhd:11' bound to instance 'grp_linear_ap_fixed_16_6_5_3_0_ap_fixed_8_1_4_0_0_linear_config7_s_fu_145' of component 'myproject_linear_ap_fixed_16_6_5_3_0_ap_fixed_8_1_4_0_0_linear_config7_s' [/home/youeric/PixelML/SmartpixReal/Muon_Collider_Smart_Pixels/eric/Model1_quantized_6w0i_pareto_roc_selected/hls_outputs/hls_model_trial_636/myproject_prj/solution1/syn/vhdl/myproject.vhd:585]
INFO: [Synth 8-638] synthesizing module 'myproject_linear_ap_fixed_16_6_5_3_0_ap_fixed_8_1_4_0_0_linear_config7_s' [/home/youeric/PixelML/SmartpixReal/Muon_Collider_Smart_Pixels/eric/Model1_quantized_6w0i_pareto_roc_selected/hls_outputs/hls_model_trial_636/myproject_prj/solution1/syn/vhdl/myproject_linear_ap_fixed_16_6_5_3_0_ap_fixed_8_1_4_0_0_linear_config7_s.vhd:25]
INFO: [Synth 8-256] done synthesizing module 'myproject_linear_ap_fixed_16_6_5_3_0_ap_fixed_8_1_4_0_0_linear_config7_s' (0#1) [/home/youeric/PixelML/SmartpixReal/Muon_Collider_Smart_Pixels/eric/Model1_quantized_6w0i_pareto_roc_selected/hls_outputs/hls_model_trial_636/myproject_prj/solution1/syn/vhdl/myproject_linear_ap_fixed_16_6_5_3_0_ap_fixed_8_1_4_0_0_linear_config7_s.vhd:25]
INFO: [Synth 8-3491] module 'myproject_linear_ap_fixed_16_6_5_3_0_ap_fixed_8_1_4_0_0_linear_config10_s' declared at '/home/youeric/PixelML/SmartpixReal/Muon_Collider_Smart_Pixels/eric/Model1_quantized_6w0i_pareto_roc_selected/hls_outputs/hls_model_trial_636/myproject_prj/solution1/syn/vhdl/myproject_linear_ap_fixed_16_6_5_3_0_ap_fixed_8_1_4_0_0_linear_config10_s.vhd:11' bound to instance 'grp_linear_ap_fixed_16_6_5_3_0_ap_fixed_8_1_4_0_0_linear_config10_s_fu_151' of component 'myproject_linear_ap_fixed_16_6_5_3_0_ap_fixed_8_1_4_0_0_linear_config10_s' [/home/youeric/PixelML/SmartpixReal/Muon_Collider_Smart_Pixels/eric/Model1_quantized_6w0i_pareto_roc_selected/hls_outputs/hls_model_trial_636/myproject_prj/solution1/syn/vhdl/myproject.vhd:597]
INFO: [Synth 8-638] synthesizing module 'myproject_linear_ap_fixed_16_6_5_3_0_ap_fixed_8_1_4_0_0_linear_config10_s' [/home/youeric/PixelML/SmartpixReal/Muon_Collider_Smart_Pixels/eric/Model1_quantized_6w0i_pareto_roc_selected/hls_outputs/hls_model_trial_636/myproject_prj/solution1/syn/vhdl/myproject_linear_ap_fixed_16_6_5_3_0_ap_fixed_8_1_4_0_0_linear_config10_s.vhd:25]
INFO: [Synth 8-256] done synthesizing module 'myproject_linear_ap_fixed_16_6_5_3_0_ap_fixed_8_1_4_0_0_linear_config10_s' (0#1) [/home/youeric/PixelML/SmartpixReal/Muon_Collider_Smart_Pixels/eric/Model1_quantized_6w0i_pareto_roc_selected/hls_outputs/hls_model_trial_636/myproject_prj/solution1/syn/vhdl/myproject_linear_ap_fixed_16_6_5_3_0_ap_fixed_8_1_4_0_0_linear_config10_s.vhd:25]
INFO: [Synth 8-3491] module 'myproject_concatenate1d_ap_fixed_ap_fixed_ap_fixed_16_6_5_3_0_config6_s' declared at '/home/youeric/PixelML/SmartpixReal/Muon_Collider_Smart_Pixels/eric/Model1_quantized_6w0i_pareto_roc_selected/hls_outputs/hls_model_trial_636/myproject_prj/solution1/syn/vhdl/myproject_concatenate1d_ap_fixed_ap_fixed_ap_fixed_16_6_5_3_0_config6_s.vhd:11' bound to instance 'call_ret1_concatenate1d_ap_fixed_ap_fixed_ap_fixed_16_6_5_3_0_config6_s_fu_157' of component 'myproject_concatenate1d_ap_fixed_ap_fixed_ap_fixed_16_6_5_3_0_config6_s' [/home/youeric/PixelML/SmartpixReal/Muon_Collider_Smart_Pixels/eric/Model1_quantized_6w0i_pareto_roc_selected/hls_outputs/hls_model_trial_636/myproject_prj/solution1/syn/vhdl/myproject.vhd:609]
INFO: [Synth 8-638] synthesizing module 'myproject_concatenate1d_ap_fixed_ap_fixed_ap_fixed_16_6_5_3_0_config6_s' [/home/youeric/PixelML/SmartpixReal/Muon_Collider_Smart_Pixels/eric/Model1_quantized_6w0i_pareto_roc_selected/hls_outputs/hls_model_trial_636/myproject_prj/solution1/syn/vhdl/myproject_concatenate1d_ap_fixed_ap_fixed_ap_fixed_16_6_5_3_0_config6_s.vhd:22]
INFO: [Synth 8-256] done synthesizing module 'myproject_concatenate1d_ap_fixed_ap_fixed_ap_fixed_16_6_5_3_0_config6_s' (0#1) [/home/youeric/PixelML/SmartpixReal/Muon_Collider_Smart_Pixels/eric/Model1_quantized_6w0i_pareto_roc_selected/hls_outputs/hls_model_trial_636/myproject_prj/solution1/syn/vhdl/myproject_concatenate1d_ap_fixed_ap_fixed_ap_fixed_16_6_5_3_0_config6_s.vhd:22]
INFO: [Synth 8-3491] module 'myproject_concatenate1d_ap_fixed_ap_fixed_ap_fixed_16_6_5_3_0_config9_s' declared at '/home/youeric/PixelML/SmartpixReal/Muon_Collider_Smart_Pixels/eric/Model1_quantized_6w0i_pareto_roc_selected/hls_outputs/hls_model_trial_636/myproject_prj/solution1/syn/vhdl/myproject_concatenate1d_ap_fixed_ap_fixed_ap_fixed_16_6_5_3_0_config9_s.vhd:11' bound to instance 'call_ret2_concatenate1d_ap_fixed_ap_fixed_ap_fixed_16_6_5_3_0_config9_s_fu_163' of component 'myproject_concatenate1d_ap_fixed_ap_fixed_ap_fixed_16_6_5_3_0_config9_s' [/home/youeric/PixelML/SmartpixReal/Muon_Collider_Smart_Pixels/eric/Model1_quantized_6w0i_pareto_roc_selected/hls_outputs/hls_model_trial_636/myproject_prj/solution1/syn/vhdl/myproject.vhd:618]
INFO: [Synth 8-638] synthesizing module 'myproject_concatenate1d_ap_fixed_ap_fixed_ap_fixed_16_6_5_3_0_config9_s' [/home/youeric/PixelML/SmartpixReal/Muon_Collider_Smart_Pixels/eric/Model1_quantized_6w0i_pareto_roc_selected/hls_outputs/hls_model_trial_636/myproject_prj/solution1/syn/vhdl/myproject_concatenate1d_ap_fixed_ap_fixed_ap_fixed_16_6_5_3_0_config9_s.vhd:24]
INFO: [Synth 8-256] done synthesizing module 'myproject_concatenate1d_ap_fixed_ap_fixed_ap_fixed_16_6_5_3_0_config9_s' (0#1) [/home/youeric/PixelML/SmartpixReal/Muon_Collider_Smart_Pixels/eric/Model1_quantized_6w0i_pareto_roc_selected/hls_outputs/hls_model_trial_636/myproject_prj/solution1/syn/vhdl/myproject_concatenate1d_ap_fixed_ap_fixed_ap_fixed_16_6_5_3_0_config9_s.vhd:24]
INFO: [Synth 8-3491] module 'myproject_concatenate1d_ap_fixed_ap_fixed_ap_fixed_16_6_5_3_0_config11_s' declared at '/home/youeric/PixelML/SmartpixReal/Muon_Collider_Smart_Pixels/eric/Model1_quantized_6w0i_pareto_roc_selected/hls_outputs/hls_model_trial_636/myproject_prj/solution1/syn/vhdl/myproject_concatenate1d_ap_fixed_ap_fixed_ap_fixed_16_6_5_3_0_config11_s.vhd:11' bound to instance 'call_ret3_concatenate1d_ap_fixed_ap_fixed_ap_fixed_16_6_5_3_0_config11_s_fu_170' of component 'myproject_concatenate1d_ap_fixed_ap_fixed_ap_fixed_16_6_5_3_0_config11_s' [/home/youeric/PixelML/SmartpixReal/Muon_Collider_Smart_Pixels/eric/Model1_quantized_6w0i_pareto_roc_selected/hls_outputs/hls_model_trial_636/myproject_prj/solution1/syn/vhdl/myproject.vhd:629]
INFO: [Synth 8-638] synthesizing module 'myproject_concatenate1d_ap_fixed_ap_fixed_ap_fixed_16_6_5_3_0_config11_s' [/home/youeric/PixelML/SmartpixReal/Muon_Collider_Smart_Pixels/eric/Model1_quantized_6w0i_pareto_roc_selected/hls_outputs/hls_model_trial_636/myproject_prj/solution1/syn/vhdl/myproject_concatenate1d_ap_fixed_ap_fixed_ap_fixed_16_6_5_3_0_config11_s.vhd:26]
INFO: [Synth 8-256] done synthesizing module 'myproject_concatenate1d_ap_fixed_ap_fixed_ap_fixed_16_6_5_3_0_config11_s' (0#1) [/home/youeric/PixelML/SmartpixReal/Muon_Collider_Smart_Pixels/eric/Model1_quantized_6w0i_pareto_roc_selected/hls_outputs/hls_model_trial_636/myproject_prj/solution1/syn/vhdl/myproject_concatenate1d_ap_fixed_ap_fixed_ap_fixed_16_6_5_3_0_config11_s.vhd:26]
INFO: [Synth 8-3491] module 'myproject_dense_latency_ap_fixed_16_6_5_3_0_ap_fixed_16_6_5_3_0_config12_s' declared at '/home/youeric/PixelML/SmartpixReal/Muon_Collider_Smart_Pixels/eric/Model1_quantized_6w0i_pareto_roc_selected/hls_outputs/hls_model_trial_636/myproject_prj/solution1/syn/vhdl/myproject_dense_latency_ap_fixed_16_6_5_3_0_ap_fixed_16_6_5_3_0_config12_s.vhd:11' bound to instance 'grp_dense_latency_ap_fixed_16_6_5_3_0_ap_fixed_16_6_5_3_0_config12_s_fu_178' of component 'myproject_dense_latency_ap_fixed_16_6_5_3_0_ap_fixed_16_6_5_3_0_config12_s' [/home/youeric/PixelML/SmartpixReal/Muon_Collider_Smart_Pixels/eric/Model1_quantized_6w0i_pareto_roc_selected/hls_outputs/hls_model_trial_636/myproject_prj/solution1/syn/vhdl/myproject.vhd:642]
INFO: [Synth 8-638] synthesizing module 'myproject_dense_latency_ap_fixed_16_6_5_3_0_ap_fixed_16_6_5_3_0_config12_s' [/home/youeric/PixelML/SmartpixReal/Muon_Collider_Smart_Pixels/eric/Model1_quantized_6w0i_pareto_roc_selected/hls_outputs/hls_model_trial_636/myproject_prj/solution1/syn/vhdl/myproject_dense_latency_ap_fixed_16_6_5_3_0_ap_fixed_16_6_5_3_0_config12_s.vhd:31]
INFO: [Synth 8-256] done synthesizing module 'myproject_dense_latency_ap_fixed_16_6_5_3_0_ap_fixed_16_6_5_3_0_config12_s' (0#1) [/home/youeric/PixelML/SmartpixReal/Muon_Collider_Smart_Pixels/eric/Model1_quantized_6w0i_pareto_roc_selected/hls_outputs/hls_model_trial_636/myproject_prj/solution1/syn/vhdl/myproject_dense_latency_ap_fixed_16_6_5_3_0_ap_fixed_16_6_5_3_0_config12_s.vhd:31]
INFO: [Synth 8-3491] module 'myproject_relu_ap_fixed_16_6_5_3_0_ap_ufixed_8_0_4_0_0_relu_config14_s' declared at '/home/youeric/PixelML/SmartpixReal/Muon_Collider_Smart_Pixels/eric/Model1_quantized_6w0i_pareto_roc_selected/hls_outputs/hls_model_trial_636/myproject_prj/solution1/syn/vhdl/myproject_relu_ap_fixed_16_6_5_3_0_ap_ufixed_8_0_4_0_0_relu_config14_s.vhd:11' bound to instance 'grp_relu_ap_fixed_16_6_5_3_0_ap_ufixed_8_0_4_0_0_relu_config14_s_fu_186' of component 'myproject_relu_ap_fixed_16_6_5_3_0_ap_ufixed_8_0_4_0_0_relu_config14_s' [/home/youeric/PixelML/SmartpixReal/Muon_Collider_Smart_Pixels/eric/Model1_quantized_6w0i_pareto_roc_selected/hls_outputs/hls_model_trial_636/myproject_prj/solution1/syn/vhdl/myproject.vhd:660]
INFO: [Synth 8-638] synthesizing module 'myproject_relu_ap_fixed_16_6_5_3_0_ap_ufixed_8_0_4_0_0_relu_config14_s' [/home/youeric/PixelML/SmartpixReal/Muon_Collider_Smart_Pixels/eric/Model1_quantized_6w0i_pareto_roc_selected/hls_outputs/hls_model_trial_636/myproject_prj/solution1/syn/vhdl/myproject_relu_ap_fixed_16_6_5_3_0_ap_ufixed_8_0_4_0_0_relu_config14_s.vhd:31]
INFO: [Synth 8-256] done synthesizing module 'myproject_relu_ap_fixed_16_6_5_3_0_ap_ufixed_8_0_4_0_0_relu_config14_s' (0#1) [/home/youeric/PixelML/SmartpixReal/Muon_Collider_Smart_Pixels/eric/Model1_quantized_6w0i_pareto_roc_selected/hls_outputs/hls_model_trial_636/myproject_prj/solution1/syn/vhdl/myproject_relu_ap_fixed_16_6_5_3_0_ap_ufixed_8_0_4_0_0_relu_config14_s.vhd:31]
INFO: [Synth 8-3491] module 'myproject_dense_latency_ap_ufixed_8_0_4_0_0_ap_fixed_16_6_5_3_0_config15_s' declared at '/home/youeric/PixelML/SmartpixReal/Muon_Collider_Smart_Pixels/eric/Model1_quantized_6w0i_pareto_roc_selected/hls_outputs/hls_model_trial_636/myproject_prj/solution1/syn/vhdl/myproject_dense_latency_ap_ufixed_8_0_4_0_0_ap_fixed_16_6_5_3_0_config15_s.vhd:11' bound to instance 'grp_dense_latency_ap_ufixed_8_0_4_0_0_ap_fixed_16_6_5_3_0_config15_s_fu_194' of component 'myproject_dense_latency_ap_ufixed_8_0_4_0_0_ap_fixed_16_6_5_3_0_config15_s' [/home/youeric/PixelML/SmartpixReal/Muon_Collider_Smart_Pixels/eric/Model1_quantized_6w0i_pareto_roc_selected/hls_outputs/hls_model_trial_636/myproject_prj/solution1/syn/vhdl/myproject.vhd:678]
INFO: [Synth 8-638] synthesizing module 'myproject_dense_latency_ap_ufixed_8_0_4_0_0_ap_fixed_16_6_5_3_0_config15_s' [/home/youeric/PixelML/SmartpixReal/Muon_Collider_Smart_Pixels/eric/Model1_quantized_6w0i_pareto_roc_selected/hls_outputs/hls_model_trial_636/myproject_prj/solution1/syn/vhdl/myproject_dense_latency_ap_ufixed_8_0_4_0_0_ap_fixed_16_6_5_3_0_config15_s.vhd:31]
	Parameter ID bound to: 1 - type: integer 
	Parameter NUM_STAGE bound to: 1 - type: integer 
	Parameter din0_WIDTH bound to: 8 - type: integer 
	Parameter din1_WIDTH bound to: 5 - type: integer 
	Parameter dout_WIDTH bound to: 12 - type: integer 
INFO: [Synth 8-3491] module 'myproject_mul_8ns_5ns_12_1_1' declared at '/home/youeric/PixelML/SmartpixReal/Muon_Collider_Smart_Pixels/eric/Model1_quantized_6w0i_pareto_roc_selected/hls_outputs/hls_model_trial_636/myproject_prj/solution1/syn/vhdl/myproject_mul_8ns_5ns_12_1_1.vhd:7' bound to instance 'mul_8ns_5ns_12_1_1_U22' of component 'myproject_mul_8ns_5ns_12_1_1' [/home/youeric/PixelML/SmartpixReal/Muon_Collider_Smart_Pixels/eric/Model1_quantized_6w0i_pareto_roc_selected/hls_outputs/hls_model_trial_636/myproject_prj/solution1/syn/vhdl/myproject_dense_latency_ap_ufixed_8_0_4_0_0_ap_fixed_16_6_5_3_0_config15_s.vhd:194]
INFO: [Synth 8-638] synthesizing module 'myproject_mul_8ns_5ns_12_1_1' [/home/youeric/PixelML/SmartpixReal/Muon_Collider_Smart_Pixels/eric/Model1_quantized_6w0i_pareto_roc_selected/hls_outputs/hls_model_trial_636/myproject_prj/solution1/syn/vhdl/myproject_mul_8ns_5ns_12_1_1.vhd:23]
	Parameter ID bound to: 1 - type: integer 
	Parameter NUM_STAGE bound to: 1 - type: integer 
	Parameter din0_WIDTH bound to: 8 - type: integer 
	Parameter din1_WIDTH bound to: 5 - type: integer 
	Parameter dout_WIDTH bound to: 12 - type: integer 
INFO: [Synth 8-256] done synthesizing module 'myproject_mul_8ns_5ns_12_1_1' (0#1) [/home/youeric/PixelML/SmartpixReal/Muon_Collider_Smart_Pixels/eric/Model1_quantized_6w0i_pareto_roc_selected/hls_outputs/hls_model_trial_636/myproject_prj/solution1/syn/vhdl/myproject_mul_8ns_5ns_12_1_1.vhd:23]
	Parameter ID bound to: 1 - type: integer 
	Parameter NUM_STAGE bound to: 1 - type: integer 
	Parameter din0_WIDTH bound to: 8 - type: integer 
	Parameter din1_WIDTH bound to: 5 - type: integer 
	Parameter dout_WIDTH bound to: 13 - type: integer 
INFO: [Synth 8-3491] module 'myproject_mul_8ns_5s_13_1_1' declared at '/home/youeric/PixelML/SmartpixReal/Muon_Collider_Smart_Pixels/eric/Model1_quantized_6w0i_pareto_roc_selected/hls_outputs/hls_model_trial_636/myproject_prj/solution1/syn/vhdl/myproject_mul_8ns_5s_13_1_1.vhd:7' bound to instance 'mul_8ns_5s_13_1_1_U23' of component 'myproject_mul_8ns_5s_13_1_1' [/home/youeric/PixelML/SmartpixReal/Muon_Collider_Smart_Pixels/eric/Model1_quantized_6w0i_pareto_roc_selected/hls_outputs/hls_model_trial_636/myproject_prj/solution1/syn/vhdl/myproject_dense_latency_ap_ufixed_8_0_4_0_0_ap_fixed_16_6_5_3_0_config15_s.vhd:206]
INFO: [Synth 8-638] synthesizing module 'myproject_mul_8ns_5s_13_1_1' [/home/youeric/PixelML/SmartpixReal/Muon_Collider_Smart_Pixels/eric/Model1_quantized_6w0i_pareto_roc_selected/hls_outputs/hls_model_trial_636/myproject_prj/solution1/syn/vhdl/myproject_mul_8ns_5s_13_1_1.vhd:23]
	Parameter ID bound to: 1 - type: integer 
	Parameter NUM_STAGE bound to: 1 - type: integer 
	Parameter din0_WIDTH bound to: 8 - type: integer 
	Parameter din1_WIDTH bound to: 5 - type: integer 
	Parameter dout_WIDTH bound to: 13 - type: integer 
INFO: [Synth 8-256] done synthesizing module 'myproject_mul_8ns_5s_13_1_1' (0#1) [/home/youeric/PixelML/SmartpixReal/Muon_Collider_Smart_Pixels/eric/Model1_quantized_6w0i_pareto_roc_selected/hls_outputs/hls_model_trial_636/myproject_prj/solution1/syn/vhdl/myproject_mul_8ns_5s_13_1_1.vhd:23]
INFO: [Synth 8-256] done synthesizing module 'myproject_dense_latency_ap_ufixed_8_0_4_0_0_ap_fixed_16_6_5_3_0_config15_s' (0#1) [/home/youeric/PixelML/SmartpixReal/Muon_Collider_Smart_Pixels/eric/Model1_quantized_6w0i_pareto_roc_selected/hls_outputs/hls_model_trial_636/myproject_prj/solution1/syn/vhdl/myproject_dense_latency_ap_ufixed_8_0_4_0_0_ap_fixed_16_6_5_3_0_config15_s.vhd:31]
INFO: [Synth 8-3491] module 'myproject_relu_ap_fixed_16_6_5_3_0_ap_ufixed_8_0_4_0_0_relu_config17_s' declared at '/home/youeric/PixelML/SmartpixReal/Muon_Collider_Smart_Pixels/eric/Model1_quantized_6w0i_pareto_roc_selected/hls_outputs/hls_model_trial_636/myproject_prj/solution1/syn/vhdl/myproject_relu_ap_fixed_16_6_5_3_0_ap_ufixed_8_0_4_0_0_relu_config17_s.vhd:11' bound to instance 'grp_relu_ap_fixed_16_6_5_3_0_ap_ufixed_8_0_4_0_0_relu_config17_s_fu_202' of component 'myproject_relu_ap_fixed_16_6_5_3_0_ap_ufixed_8_0_4_0_0_relu_config17_s' [/home/youeric/PixelML/SmartpixReal/Muon_Collider_Smart_Pixels/eric/Model1_quantized_6w0i_pareto_roc_selected/hls_outputs/hls_model_trial_636/myproject_prj/solution1/syn/vhdl/myproject.vhd:696]
INFO: [Synth 8-638] synthesizing module 'myproject_relu_ap_fixed_16_6_5_3_0_ap_ufixed_8_0_4_0_0_relu_config17_s' [/home/youeric/PixelML/SmartpixReal/Muon_Collider_Smart_Pixels/eric/Model1_quantized_6w0i_pareto_roc_selected/hls_outputs/hls_model_trial_636/myproject_prj/solution1/syn/vhdl/myproject_relu_ap_fixed_16_6_5_3_0_ap_ufixed_8_0_4_0_0_relu_config17_s.vhd:31]
INFO: [Synth 8-256] done synthesizing module 'myproject_relu_ap_fixed_16_6_5_3_0_ap_ufixed_8_0_4_0_0_relu_config17_s' (0#1) [/home/youeric/PixelML/SmartpixReal/Muon_Collider_Smart_Pixels/eric/Model1_quantized_6w0i_pareto_roc_selected/hls_outputs/hls_model_trial_636/myproject_prj/solution1/syn/vhdl/myproject_relu_ap_fixed_16_6_5_3_0_ap_ufixed_8_0_4_0_0_relu_config17_s.vhd:31]
INFO: [Synth 8-3491] module 'myproject_dense_latency_ap_ufixed_8_0_4_0_0_ap_fixed_16_6_5_3_0_config18_s' declared at '/home/youeric/PixelML/SmartpixReal/Muon_Collider_Smart_Pixels/eric/Model1_quantized_6w0i_pareto_roc_selected/hls_outputs/hls_model_trial_636/myproject_prj/solution1/syn/vhdl/myproject_dense_latency_ap_ufixed_8_0_4_0_0_ap_fixed_16_6_5_3_0_config18_s.vhd:11' bound to instance 'grp_dense_latency_ap_ufixed_8_0_4_0_0_ap_fixed_16_6_5_3_0_config18_s_fu_210' of component 'myproject_dense_latency_ap_ufixed_8_0_4_0_0_ap_fixed_16_6_5_3_0_config18_s' [/home/youeric/PixelML/SmartpixReal/Muon_Collider_Smart_Pixels/eric/Model1_quantized_6w0i_pareto_roc_selected/hls_outputs/hls_model_trial_636/myproject_prj/solution1/syn/vhdl/myproject.vhd:714]
INFO: [Synth 8-638] synthesizing module 'myproject_dense_latency_ap_ufixed_8_0_4_0_0_ap_fixed_16_6_5_3_0_config18_s' [/home/youeric/PixelML/SmartpixReal/Muon_Collider_Smart_Pixels/eric/Model1_quantized_6w0i_pareto_roc_selected/hls_outputs/hls_model_trial_636/myproject_prj/solution1/syn/vhdl/myproject_dense_latency_ap_ufixed_8_0_4_0_0_ap_fixed_16_6_5_3_0_config18_s.vhd:31]
	Parameter ID bound to: 1 - type: integer 
	Parameter NUM_STAGE bound to: 1 - type: integer 
	Parameter din0_WIDTH bound to: 8 - type: integer 
	Parameter din1_WIDTH bound to: 5 - type: integer 
	Parameter dout_WIDTH bound to: 13 - type: integer 
INFO: [Synth 8-3491] module 'myproject_mul_8ns_5s_13_1_1' declared at '/home/youeric/PixelML/SmartpixReal/Muon_Collider_Smart_Pixels/eric/Model1_quantized_6w0i_pareto_roc_selected/hls_outputs/hls_model_trial_636/myproject_prj/solution1/syn/vhdl/myproject_mul_8ns_5s_13_1_1.vhd:7' bound to instance 'mul_8ns_5s_13_1_1_U34' of component 'myproject_mul_8ns_5s_13_1_1' [/home/youeric/PixelML/SmartpixReal/Muon_Collider_Smart_Pixels/eric/Model1_quantized_6w0i_pareto_roc_selected/hls_outputs/hls_model_trial_636/myproject_prj/solution1/syn/vhdl/myproject_dense_latency_ap_ufixed_8_0_4_0_0_ap_fixed_16_6_5_3_0_config18_s.vhd:198]
	Parameter ID bound to: 1 - type: integer 
	Parameter NUM_STAGE bound to: 1 - type: integer 
	Parameter din0_WIDTH bound to: 8 - type: integer 
	Parameter din1_WIDTH bound to: 6 - type: integer 
	Parameter dout_WIDTH bound to: 14 - type: integer 
INFO: [Synth 8-3491] module 'myproject_mul_8ns_6s_14_1_1' declared at '/home/youeric/PixelML/SmartpixReal/Muon_Collider_Smart_Pixels/eric/Model1_quantized_6w0i_pareto_roc_selected/hls_outputs/hls_model_trial_636/myproject_prj/solution1/syn/vhdl/myproject_mul_8ns_6s_14_1_1.vhd:7' bound to instance 'mul_8ns_6s_14_1_1_U35' of component 'myproject_mul_8ns_6s_14_1_1' [/home/youeric/PixelML/SmartpixReal/Muon_Collider_Smart_Pixels/eric/Model1_quantized_6w0i_pareto_roc_selected/hls_outputs/hls_model_trial_636/myproject_prj/solution1/syn/vhdl/myproject_dense_latency_ap_ufixed_8_0_4_0_0_ap_fixed_16_6_5_3_0_config18_s.vhd:210]
INFO: [Synth 8-638] synthesizing module 'myproject_mul_8ns_6s_14_1_1' [/home/youeric/PixelML/SmartpixReal/Muon_Collider_Smart_Pixels/eric/Model1_quantized_6w0i_pareto_roc_selected/hls_outputs/hls_model_trial_636/myproject_prj/solution1/syn/vhdl/myproject_mul_8ns_6s_14_1_1.vhd:23]
	Parameter ID bound to: 1 - type: integer 
	Parameter NUM_STAGE bound to: 1 - type: integer 
	Parameter din0_WIDTH bound to: 8 - type: integer 
	Parameter din1_WIDTH bound to: 6 - type: integer 
	Parameter dout_WIDTH bound to: 14 - type: integer 
INFO: [Synth 8-256] done synthesizing module 'myproject_mul_8ns_6s_14_1_1' (0#1) [/home/youeric/PixelML/SmartpixReal/Muon_Collider_Smart_Pixels/eric/Model1_quantized_6w0i_pareto_roc_selected/hls_outputs/hls_model_trial_636/myproject_prj/solution1/syn/vhdl/myproject_mul_8ns_6s_14_1_1.vhd:23]
	Parameter ID bound to: 1 - type: integer 
	Parameter NUM_STAGE bound to: 1 - type: integer 
	Parameter din0_WIDTH bound to: 8 - type: integer 
	Parameter din1_WIDTH bound to: 6 - type: integer 
	Parameter dout_WIDTH bound to: 14 - type: integer 
INFO: [Synth 8-3491] module 'myproject_mul_8ns_6s_14_1_1' declared at '/home/youeric/PixelML/SmartpixReal/Muon_Collider_Smart_Pixels/eric/Model1_quantized_6w0i_pareto_roc_selected/hls_outputs/hls_model_trial_636/myproject_prj/solution1/syn/vhdl/myproject_mul_8ns_6s_14_1_1.vhd:7' bound to instance 'mul_8ns_6s_14_1_1_U36' of component 'myproject_mul_8ns_6s_14_1_1' [/home/youeric/PixelML/SmartpixReal/Muon_Collider_Smart_Pixels/eric/Model1_quantized_6w0i_pareto_roc_selected/hls_outputs/hls_model_trial_636/myproject_prj/solution1/syn/vhdl/myproject_dense_latency_ap_ufixed_8_0_4_0_0_ap_fixed_16_6_5_3_0_config18_s.vhd:222]
	Parameter ID bound to: 1 - type: integer 
	Parameter NUM_STAGE bound to: 1 - type: integer 
	Parameter din0_WIDTH bound to: 8 - type: integer 
	Parameter din1_WIDTH bound to: 6 - type: integer 
	Parameter dout_WIDTH bound to: 14 - type: integer 
INFO: [Synth 8-3491] module 'myproject_mul_8ns_6s_14_1_1' declared at '/home/youeric/PixelML/SmartpixReal/Muon_Collider_Smart_Pixels/eric/Model1_quantized_6w0i_pareto_roc_selected/hls_outputs/hls_model_trial_636/myproject_prj/solution1/syn/vhdl/myproject_mul_8ns_6s_14_1_1.vhd:7' bound to instance 'mul_8ns_6s_14_1_1_U37' of component 'myproject_mul_8ns_6s_14_1_1' [/home/youeric/PixelML/SmartpixReal/Muon_Collider_Smart_Pixels/eric/Model1_quantized_6w0i_pareto_roc_selected/hls_outputs/hls_model_trial_636/myproject_prj/solution1/syn/vhdl/myproject_dense_latency_ap_ufixed_8_0_4_0_0_ap_fixed_16_6_5_3_0_config18_s.vhd:234]
INFO: [Synth 8-256] done synthesizing module 'myproject_dense_latency_ap_ufixed_8_0_4_0_0_ap_fixed_16_6_5_3_0_config18_s' (0#1) [/home/youeric/PixelML/SmartpixReal/Muon_Collider_Smart_Pixels/eric/Model1_quantized_6w0i_pareto_roc_selected/hls_outputs/hls_model_trial_636/myproject_prj/solution1/syn/vhdl/myproject_dense_latency_ap_ufixed_8_0_4_0_0_ap_fixed_16_6_5_3_0_config18_s.vhd:31]
INFO: [Synth 8-3491] module 'myproject_relu_ap_fixed_16_6_5_3_0_ap_ufixed_8_0_4_0_0_relu_config20_s' declared at '/home/youeric/PixelML/SmartpixReal/Muon_Collider_Smart_Pixels/eric/Model1_quantized_6w0i_pareto_roc_selected/hls_outputs/hls_model_trial_636/myproject_prj/solution1/syn/vhdl/myproject_relu_ap_fixed_16_6_5_3_0_ap_ufixed_8_0_4_0_0_relu_config20_s.vhd:11' bound to instance 'grp_relu_ap_fixed_16_6_5_3_0_ap_ufixed_8_0_4_0_0_relu_config20_s_fu_218' of component 'myproject_relu_ap_fixed_16_6_5_3_0_ap_ufixed_8_0_4_0_0_relu_config20_s' [/home/youeric/PixelML/SmartpixReal/Muon_Collider_Smart_Pixels/eric/Model1_quantized_6w0i_pareto_roc_selected/hls_outputs/hls_model_trial_636/myproject_prj/solution1/syn/vhdl/myproject.vhd:732]
INFO: [Synth 8-638] synthesizing module 'myproject_relu_ap_fixed_16_6_5_3_0_ap_ufixed_8_0_4_0_0_relu_config20_s' [/home/youeric/PixelML/SmartpixReal/Muon_Collider_Smart_Pixels/eric/Model1_quantized_6w0i_pareto_roc_selected/hls_outputs/hls_model_trial_636/myproject_prj/solution1/syn/vhdl/myproject_relu_ap_fixed_16_6_5_3_0_ap_ufixed_8_0_4_0_0_relu_config20_s.vhd:31]
INFO: [Synth 8-256] done synthesizing module 'myproject_relu_ap_fixed_16_6_5_3_0_ap_ufixed_8_0_4_0_0_relu_config20_s' (0#1) [/home/youeric/PixelML/SmartpixReal/Muon_Collider_Smart_Pixels/eric/Model1_quantized_6w0i_pareto_roc_selected/hls_outputs/hls_model_trial_636/myproject_prj/solution1/syn/vhdl/myproject_relu_ap_fixed_16_6_5_3_0_ap_ufixed_8_0_4_0_0_relu_config20_s.vhd:31]
INFO: [Synth 8-3491] module 'myproject_dense_latency_ap_ufixed_8_0_4_0_0_ap_fixed_16_6_5_3_0_config21_s' declared at '/home/youeric/PixelML/SmartpixReal/Muon_Collider_Smart_Pixels/eric/Model1_quantized_6w0i_pareto_roc_selected/hls_outputs/hls_model_trial_636/myproject_prj/solution1/syn/vhdl/myproject_dense_latency_ap_ufixed_8_0_4_0_0_ap_fixed_16_6_5_3_0_config21_s.vhd:11' bound to instance 'grp_dense_latency_ap_ufixed_8_0_4_0_0_ap_fixed_16_6_5_3_0_config21_s_fu_226' of component 'myproject_dense_latency_ap_ufixed_8_0_4_0_0_ap_fixed_16_6_5_3_0_config21_s' [/home/youeric/PixelML/SmartpixReal/Muon_Collider_Smart_Pixels/eric/Model1_quantized_6w0i_pareto_roc_selected/hls_outputs/hls_model_trial_636/myproject_prj/solution1/syn/vhdl/myproject.vhd:750]
INFO: [Synth 8-638] synthesizing module 'myproject_dense_latency_ap_ufixed_8_0_4_0_0_ap_fixed_16_6_5_3_0_config21_s' [/home/youeric/PixelML/SmartpixReal/Muon_Collider_Smart_Pixels/eric/Model1_quantized_6w0i_pareto_roc_selected/hls_outputs/hls_model_trial_636/myproject_prj/solution1/syn/vhdl/myproject_dense_latency_ap_ufixed_8_0_4_0_0_ap_fixed_16_6_5_3_0_config21_s.vhd:28]
	Parameter ID bound to: 1 - type: integer 
	Parameter NUM_STAGE bound to: 1 - type: integer 
	Parameter din0_WIDTH bound to: 8 - type: integer 
	Parameter din1_WIDTH bound to: 5 - type: integer 
	Parameter dout_WIDTH bound to: 13 - type: integer 
INFO: [Synth 8-3491] module 'myproject_mul_8ns_5s_13_1_1' declared at '/home/youeric/PixelML/SmartpixReal/Muon_Collider_Smart_Pixels/eric/Model1_quantized_6w0i_pareto_roc_selected/hls_outputs/hls_model_trial_636/myproject_prj/solution1/syn/vhdl/myproject_mul_8ns_5s_13_1_1.vhd:7' bound to instance 'mul_8ns_5s_13_1_1_U47' of component 'myproject_mul_8ns_5s_13_1_1' [/home/youeric/PixelML/SmartpixReal/Muon_Collider_Smart_Pixels/eric/Model1_quantized_6w0i_pareto_roc_selected/hls_outputs/hls_model_trial_636/myproject_prj/solution1/syn/vhdl/myproject_dense_latency_ap_ufixed_8_0_4_0_0_ap_fixed_16_6_5_3_0_config21_s.vhd:108]
INFO: [Synth 8-256] done synthesizing module 'myproject_dense_latency_ap_ufixed_8_0_4_0_0_ap_fixed_16_6_5_3_0_config21_s' (0#1) [/home/youeric/PixelML/SmartpixReal/Muon_Collider_Smart_Pixels/eric/Model1_quantized_6w0i_pareto_roc_selected/hls_outputs/hls_model_trial_636/myproject_prj/solution1/syn/vhdl/myproject_dense_latency_ap_ufixed_8_0_4_0_0_ap_fixed_16_6_5_3_0_config21_s.vhd:28]
INFO: [Synth 8-256] done synthesizing module 'myproject' (0#1) [/home/youeric/PixelML/SmartpixReal/Muon_Collider_Smart_Pixels/eric/Model1_quantized_6w0i_pareto_roc_selected/hls_outputs/hls_model_trial_636/myproject_prj/solution1/syn/vhdl/myproject.vhd:32]
WARNING: [Synth 8-7129] Port ap_rst in module myproject_concatenate1d_ap_fixed_ap_fixed_ap_fixed_16_6_5_3_0_config11_s is either unconnected or has no load
WARNING: [Synth 8-7129] Port ap_rst in module myproject_concatenate1d_ap_fixed_ap_fixed_ap_fixed_16_6_5_3_0_config9_s is either unconnected or has no load
WARNING: [Synth 8-7129] Port ap_rst in module myproject_concatenate1d_ap_fixed_ap_fixed_ap_fixed_16_6_5_3_0_config6_s is either unconnected or has no load
---------------------------------------------------------------------------------
Finished Synthesize : Time (s): cpu = 00:00:06 ; elapsed = 00:00:12 . Memory (MB): peak = 2198.703 ; gain = 517.594 ; free physical = 56822 ; free virtual = 159919
---------------------------------------------------------------------------------
---------------------------------------------------------------------------------
Finished Constraint Validation : Time (s): cpu = 00:00:07 ; elapsed = 00:00:13 . Memory (MB): peak = 2216.516 ; gain = 535.406 ; free physical = 56828 ; free virtual = 159852
---------------------------------------------------------------------------------
---------------------------------------------------------------------------------
Start Loading Part and Timing Information
---------------------------------------------------------------------------------
Loading part: xc7z020clg400-1
---------------------------------------------------------------------------------
Finished Loading Part and Timing Information : Time (s): cpu = 00:00:07 ; elapsed = 00:00:13 . Memory (MB): peak = 2224.520 ; gain = 543.410 ; free physical = 56828 ; free virtual = 159853
INFO: [Device 21-403] Loading part xc7z020clg400-1
---------------------------------------------------------------------------------
WARNING: [Synth 8-3936] Found unconnected internal register 'data_val_read_reg_299_reg' and it is trimmed from '16' to '12' bits. [/home/youeric/PixelML/SmartpixReal/Muon_Collider_Smart_Pixels/eric/Model1_quantized_6w0i_pareto_roc_selected/hls_outputs/hls_model_trial_636/myproject_prj/solution1/syn/vhdl/myproject_linear_ap_fixed_16_6_5_3_0_ap_fixed_8_1_4_0_0_linear_config3_s.vhd:144]
WARNING: [Synth 8-3936] Found unconnected internal register 'data_val_read_reg_299_reg' and it is trimmed from '16' to '12' bits. [/home/youeric/PixelML/SmartpixReal/Muon_Collider_Smart_Pixels/eric/Model1_quantized_6w0i_pareto_roc_selected/hls_outputs/hls_model_trial_636/myproject_prj/solution1/syn/vhdl/myproject_linear_ap_fixed_16_6_5_3_0_ap_fixed_8_1_4_0_0_linear_config4_s.vhd:144]
WARNING: [Synth 8-3936] Found unconnected internal register 'data_val_read_reg_299_reg' and it is trimmed from '16' to '12' bits. [/home/youeric/PixelML/SmartpixReal/Muon_Collider_Smart_Pixels/eric/Model1_quantized_6w0i_pareto_roc_selected/hls_outputs/hls_model_trial_636/myproject_prj/solution1/syn/vhdl/myproject_linear_ap_fixed_16_6_5_3_0_ap_fixed_8_1_4_0_0_linear_config7_s.vhd:144]
WARNING: [Synth 8-3936] Found unconnected internal register 'data_val_read_reg_299_reg' and it is trimmed from '16' to '12' bits. [/home/youeric/PixelML/SmartpixReal/Muon_Collider_Smart_Pixels/eric/Model1_quantized_6w0i_pareto_roc_selected/hls_outputs/hls_model_trial_636/myproject_prj/solution1/syn/vhdl/myproject_linear_ap_fixed_16_6_5_3_0_ap_fixed_8_1_4_0_0_linear_config10_s.vhd:144]
---------------------------------------------------------------------------------
Finished RTL Optimization Phase 2 : Time (s): cpu = 00:00:08 ; elapsed = 00:00:14 . Memory (MB): peak = 2242.332 ; gain = 561.223 ; free physical = 56870 ; free virtual = 159819
---------------------------------------------------------------------------------
No constraint files found.
---------------------------------------------------------------------------------
Start RTL Component Statistics 
---------------------------------------------------------------------------------
Detailed RTL Component Info : 
+---Adders : 
	   3 Input   21 Bit       Adders := 5     
	   3 Input   20 Bit       Adders := 1     
	   3 Input   19 Bit       Adders := 2     
	   3 Input   16 Bit       Adders := 4     
	   2 Input   16 Bit       Adders := 2     
	   2 Input   15 Bit       Adders := 2     
	   2 Input   14 Bit       Adders := 2     
	   3 Input   14 Bit       Adders := 1     
	   2 Input   13 Bit       Adders := 7     
	   3 Input   13 Bit       Adders := 10    
	   2 Input   12 Bit       Adders := 11    
	   3 Input   12 Bit       Adders := 5     
	   2 Input   11 Bit       Adders := 6     
	   3 Input   11 Bit       Adders := 1     
	   3 Input   10 Bit       Adders := 1     
	   2 Input    8 Bit       Adders := 17    
+---XORs : 
	   2 Input      1 Bit         XORs := 51    
	   3 Input      1 Bit         XORs := 1     
+---Registers : 
	               16 Bit    Registers := 28    
	               15 Bit    Registers := 2     
	               14 Bit    Registers := 5     
	               13 Bit    Registers := 2     
	               12 Bit    Registers := 8     
	               11 Bit    Registers := 16    
	               10 Bit    Registers := 6     
	                9 Bit    Registers := 6     
	                8 Bit    Registers := 37    
	                7 Bit    Registers := 2     
	                1 Bit    Registers := 120   
+---Muxes : 
	   2 Input   16 Bit        Muxes := 4     
	   2 Input   14 Bit        Muxes := 1     
	   3 Input   13 Bit        Muxes := 1     
	   2 Input   12 Bit        Muxes := 1     
	   3 Input    8 Bit        Muxes := 5     
	   2 Input    8 Bit        Muxes := 48    
	   2 Input    1 Bit        Muxes := 48    
---------------------------------------------------------------------------------
Finished RTL Component Statistics 
---------------------------------------------------------------------------------
---------------------------------------------------------------------------------
Start Part Resource Summary
---------------------------------------------------------------------------------
INFO: [Device 21-9227] Part: xc7z020clg400-1 does not have CEAM library.
Part Resources:
DSPs: 220 (col length:60)
BRAMs: 280 (col length: RAMB18 60 RAMB36 30)
---------------------------------------------------------------------------------
Finished Part Resource Summary
---------------------------------------------------------------------------------
No constraint files found.
---------------------------------------------------------------------------------
Start Cross Boundary and Area Optimization
---------------------------------------------------------------------------------
WARNING: [Synth 8-7080] Parallel synthesis criteria is not met
WARNING: [Synth 8-3332] Sequential element (grp_dense_latency_ap_ufixed_8_0_4_0_0_ap_fixed_16_6_5_3_0_config15_s_fu_194/lshr_ln42_9_reg_711_reg__8) is unused and will be removed from module myproject.
WARNING: [Synth 8-3332] Sequential element (grp_dense_latency_ap_ufixed_8_0_4_0_0_ap_fixed_16_6_5_3_0_config15_s_fu_194/lshr_ln42_9_reg_711_reg__9) is unused and will be removed from module myproject.
WARNING: [Synth 8-3332] Sequential element (grp_dense_latency_ap_ufixed_8_0_4_0_0_ap_fixed_16_6_5_3_0_config15_s_fu_194/lshr_ln42_9_reg_711_reg__10) is unused and will be removed from module myproject.
---------------------------------------------------------------------------------
Finished Cross Boundary and Area Optimization : Time (s): cpu = 00:00:14 ; elapsed = 00:00:21 . Memory (MB): peak = 2381.754 ; gain = 700.645 ; free physical = 57020 ; free virtual = 159033
---------------------------------------------------------------------------------
No constraint files found.
---------------------------------------------------------------------------------
Start Timing Optimization
---------------------------------------------------------------------------------
---------------------------------------------------------------------------------
Finished Timing Optimization : Time (s): cpu = 00:00:15 ; elapsed = 00:00:21 . Memory (MB): peak = 2381.754 ; gain = 700.645 ; free physical = 57009 ; free virtual = 159022
---------------------------------------------------------------------------------
---------------------------------------------------------------------------------
Start Technology Mapping
---------------------------------------------------------------------------------
---------------------------------------------------------------------------------
Finished Technology Mapping : Time (s): cpu = 00:00:15 ; elapsed = 00:00:21 . Memory (MB): peak = 2381.754 ; gain = 700.645 ; free physical = 56969 ; free virtual = 158982
---------------------------------------------------------------------------------
---------------------------------------------------------------------------------
Start IO Insertion
---------------------------------------------------------------------------------
---------------------------------------------------------------------------------
Start Flattening Before IO Insertion
---------------------------------------------------------------------------------
---------------------------------------------------------------------------------
Finished Flattening Before IO Insertion
---------------------------------------------------------------------------------
---------------------------------------------------------------------------------
Start Final Netlist Cleanup
---------------------------------------------------------------------------------
---------------------------------------------------------------------------------
Finished Final Netlist Cleanup
---------------------------------------------------------------------------------
---------------------------------------------------------------------------------
Finished IO Insertion : Time (s): cpu = 00:00:19 ; elapsed = 00:00:25 . Memory (MB): peak = 2381.754 ; gain = 700.645 ; free physical = 57247 ; free virtual = 159227
---------------------------------------------------------------------------------
---------------------------------------------------------------------------------
Start Renaming Generated Instances
---------------------------------------------------------------------------------
---------------------------------------------------------------------------------
Finished Renaming Generated Instances : Time (s): cpu = 00:00:19 ; elapsed = 00:00:25 . Memory (MB): peak = 2381.754 ; gain = 700.645 ; free physical = 57246 ; free virtual = 159226
---------------------------------------------------------------------------------
---------------------------------------------------------------------------------
Start Rebuilding User Hierarchy
---------------------------------------------------------------------------------
---------------------------------------------------------------------------------
Finished Rebuilding User Hierarchy : Time (s): cpu = 00:00:19 ; elapsed = 00:00:25 . Memory (MB): peak = 2381.754 ; gain = 700.645 ; free physical = 57243 ; free virtual = 159223
---------------------------------------------------------------------------------
---------------------------------------------------------------------------------
Start Renaming Generated Ports
---------------------------------------------------------------------------------
---------------------------------------------------------------------------------
Finished Renaming Generated Ports : Time (s): cpu = 00:00:19 ; elapsed = 00:00:25 . Memory (MB): peak = 2381.754 ; gain = 700.645 ; free physical = 57243 ; free virtual = 159223
---------------------------------------------------------------------------------
---------------------------------------------------------------------------------
Start Handling Custom Attributes
---------------------------------------------------------------------------------
---------------------------------------------------------------------------------
Finished Handling Custom Attributes : Time (s): cpu = 00:00:19 ; elapsed = 00:00:25 . Memory (MB): peak = 2381.754 ; gain = 700.645 ; free physical = 57243 ; free virtual = 159223
---------------------------------------------------------------------------------
---------------------------------------------------------------------------------
Start Renaming Generated Nets
---------------------------------------------------------------------------------
---------------------------------------------------------------------------------
Finished Renaming Generated Nets : Time (s): cpu = 00:00:19 ; elapsed = 00:00:25 . Memory (MB): peak = 2381.754 ; gain = 700.645 ; free physical = 57243 ; free virtual = 159223
---------------------------------------------------------------------------------
---------------------------------------------------------------------------------
Start Writing Synthesis Report
---------------------------------------------------------------------------------

Report BlackBoxes: 
+-+--------------+----------+
| |BlackBox name |Instances |
+-+--------------+----------+
+-+--------------+----------+

Report Cell Usage: 
+------+-------+------+
|      |Cell   |Count |
+------+-------+------+
|1     |BUFG   |     1|
|2     |CARRY4 |   254|
|3     |LUT1   |   202|
|4     |LUT2   |   650|
|5     |LUT3   |   207|
|6     |LUT4   |   258|
|7     |LUT5   |    73|
|8     |LUT6   |   129|
|9     |FDRE   |  1175|
|10    |IBUF   |    71|
|11    |OBUF   |    12|
+------+-------+------+

Report Instance Areas: 
+------+------------------------------------------------------------------------------+---------------------------------------------------------------------------+------+
|      |Instance                                                                      |Module                                                                     |Cells |
+------+------------------------------------------------------------------------------+---------------------------------------------------------------------------+------+
|1     |top                                                                           |                                                                           |  3032|
|2     |  grp_dense_latency_ap_fixed_16_6_5_3_0_ap_fixed_16_6_5_3_0_config12_s_fu_178 |myproject_dense_latency_ap_fixed_16_6_5_3_0_ap_fixed_16_6_5_3_0_config12_s |   565|
|3     |  grp_dense_latency_ap_ufixed_8_0_4_0_0_ap_fixed_16_6_5_3_0_config15_s_fu_194 |myproject_dense_latency_ap_ufixed_8_0_4_0_0_ap_fixed_16_6_5_3_0_config15_s |   464|
|4     |    mul_8ns_5ns_12_1_1_U22                                                    |myproject_mul_8ns_5ns_12_1_1                                               |    18|
|5     |    mul_8ns_5s_13_1_1_U23                                                     |myproject_mul_8ns_5s_13_1_1_3                                              |    30|
|6     |  grp_dense_latency_ap_ufixed_8_0_4_0_0_ap_fixed_16_6_5_3_0_config18_s_fu_210 |myproject_dense_latency_ap_ufixed_8_0_4_0_0_ap_fixed_16_6_5_3_0_config18_s |   533|
|7     |    mul_8ns_5s_13_1_1_U34                                                     |myproject_mul_8ns_5s_13_1_1_0                                              |    30|
|8     |    mul_8ns_6s_14_1_1_U35                                                     |myproject_mul_8ns_6s_14_1_1                                                |    38|
|9     |    mul_8ns_6s_14_1_1_U36                                                     |myproject_mul_8ns_6s_14_1_1_1                                              |    20|
|10    |    mul_8ns_6s_14_1_1_U37                                                     |myproject_mul_8ns_6s_14_1_1_2                                              |    29|
|11    |  grp_dense_latency_ap_ufixed_8_0_4_0_0_ap_fixed_16_6_5_3_0_config21_s_fu_226 |myproject_dense_latency_ap_ufixed_8_0_4_0_0_ap_fixed_16_6_5_3_0_config21_s |   165|
|12    |    mul_8ns_5s_13_1_1_U47                                                     |myproject_mul_8ns_5s_13_1_1                                                |    30|
|13    |  grp_linear_ap_fixed_16_6_5_3_0_ap_fixed_8_1_4_0_0_linear_config10_s_fu_151  |myproject_linear_ap_fixed_16_6_5_3_0_ap_fixed_8_1_4_0_0_linear_config10_s  |    49|
|14    |  grp_linear_ap_fixed_16_6_5_3_0_ap_fixed_8_1_4_0_0_linear_config3_s_fu_133   |myproject_linear_ap_fixed_16_6_5_3_0_ap_fixed_8_1_4_0_0_linear_config3_s   |    49|
|15    |  grp_linear_ap_fixed_16_6_5_3_0_ap_fixed_8_1_4_0_0_linear_config4_s_fu_139   |myproject_linear_ap_fixed_16_6_5_3_0_ap_fixed_8_1_4_0_0_linear_config4_s   |    49|
|16    |  grp_linear_ap_fixed_16_6_5_3_0_ap_fixed_8_1_4_0_0_linear_config7_s_fu_145   |myproject_linear_ap_fixed_16_6_5_3_0_ap_fixed_8_1_4_0_0_linear_config7_s   |    50|
|17    |  grp_relu_ap_fixed_16_6_5_3_0_ap_ufixed_8_0_4_0_0_relu_config14_s_fu_186     |myproject_relu_ap_fixed_16_6_5_3_0_ap_ufixed_8_0_4_0_0_relu_config14_s     |   192|
|18    |  grp_relu_ap_fixed_16_6_5_3_0_ap_ufixed_8_0_4_0_0_relu_config17_s_fu_202     |myproject_relu_ap_fixed_16_6_5_3_0_ap_ufixed_8_0_4_0_0_relu_config17_s     |   177|
|19    |  grp_relu_ap_fixed_16_6_5_3_0_ap_ufixed_8_0_4_0_0_relu_config20_s_fu_218     |myproject_relu_ap_fixed_16_6_5_3_0_ap_ufixed_8_0_4_0_0_relu_config20_s     |   180|
+------+------------------------------------------------------------------------------+---------------------------------------------------------------------------+------+
---------------------------------------------------------------------------------
Finished Writing Synthesis Report : Time (s): cpu = 00:00:19 ; elapsed = 00:00:25 . Memory (MB): peak = 2381.754 ; gain = 700.645 ; free physical = 57243 ; free virtual = 159223
---------------------------------------------------------------------------------
Synthesis finished with 0 errors, 0 critical warnings and 11 warnings.
Synthesis Optimization Runtime : Time (s): cpu = 00:00:19 ; elapsed = 00:00:25 . Memory (MB): peak = 2381.754 ; gain = 700.645 ; free physical = 57243 ; free virtual = 159223
Synthesis Optimization Complete : Time (s): cpu = 00:00:19 ; elapsed = 00:00:25 . Memory (MB): peak = 2381.762 ; gain = 700.645 ; free physical = 57243 ; free virtual = 159223
INFO: [Project 1-571] Translating synthesized netlist
Netlist sorting complete. Time (s): cpu = 00:00:00.02 ; elapsed = 00:00:00.01 . Memory (MB): peak = 2387.691 ; gain = 0.000 ; free physical = 57556 ; free virtual = 159529
INFO: [Netlist 29-17] Analyzing 254 Unisim elements for replacement
INFO: [Netlist 29-28] Unisim Transformation completed in 0 CPU seconds
INFO: [Project 1-570] Preparing netlist for logic optimization
INFO: [Opt 31-138] Pushed 0 inverter(s) to 0 load pin(s).
Netlist sorting complete. Time (s): cpu = 00:00:00 ; elapsed = 00:00:00 . Memory (MB): peak = 2524.406 ; gain = 0.000 ; free physical = 58040 ; free virtual = 160016
INFO: [Project 1-111] Unisim Transformation Summary:
No Unisim elements were transformed.

Synth Design complete | Checksum: 9484f515
INFO: [Common 17-83] Releasing license: Synthesis
70 Infos, 11 Warnings, 0 Critical Warnings and 0 Errors encountered.
synth_design completed successfully
synth_design: Time (s): cpu = 00:00:26 ; elapsed = 00:00:31 . Memory (MB): peak = 2524.406 ; gain = 851.262 ; free physical = 58006 ; free virtual = 159983
INFO: [Common 17-2834] synth_design peak Physical Memory [PSS] (MB): overall = 1564.927; main = 1331.002; forked = 321.764
INFO: [Common 17-2834] synth_design peak Virtual Memory [VSS] (MB): overall = 4046.211; main = 2524.410; forked = 1664.453
# report_utilization -file vivado_synth.rpt
INFO: [Common 17-206] Exiting Vivado at Mon Apr 20 16:44:57 2026...
