#-----------------------------------------------------------
# Vivado v2024.1 (64-bit)
# SW Build 5076996 on Wed May 22 18:36:09 MDT 2024
# IP Build 5075265 on Wed May 22 21:45:21 MDT 2024
# SharedData Build 5076995 on Wed May 22 18:29:18 MDT 2024
# Start of session at: Mon Apr 20 16:55:47 2026
# Process ID: 3063101
# Current directory: /home/youeric/PixelML/SmartpixReal/Muon_Collider_Smart_Pixels/eric/Model1_quantized_6w0i_pareto_roc_selected/hls_outputs/hls_model_trial_620
# Command line: vivado -mode batch -source vivado_synth.tcl
# Log file: /home/youeric/PixelML/SmartpixReal/Muon_Collider_Smart_Pixels/eric/Model1_quantized_6w0i_pareto_roc_selected/hls_outputs/hls_model_trial_620/vivado.log
# Journal file: /home/youeric/PixelML/SmartpixReal/Muon_Collider_Smart_Pixels/eric/Model1_quantized_6w0i_pareto_roc_selected/hls_outputs/hls_model_trial_620/vivado.jou
# Running On        :kdplab01
# Platform          :unknown
# Operating System  :unknown
# Processor Detail  :Intel(R) Xeon(R) Silver 4314 CPU @ 2.40GHz
# CPU Frequency     :2900.000 MHz
# CPU Physical cores:32
# CPU Logical cores :64
# Host memory       :134212 MB
# Swap memory       :122406 MB
# Total Virtual     :256618 MB
# Available Virtual :138934 MB
#-----------------------------------------------------------
source vivado_synth.tcl
# set tcldir [file dirname [info script]]
# source [file join $tcldir project.tcl]
## variable project_name
## set project_name "myproject"
## variable backend
## set backend "vivado"
## variable part
## set part "xc7z020clg400-1"
## variable clock_period
## set clock_period 5
## variable clock_uncertainty
## set clock_uncertainty 12.5%
## variable version
## set version "1.0.0"
# add_files ${project_name}_prj/solution1/syn/vhdl
add_files: Time (s): cpu = 00:00:05 ; elapsed = 00:00:08 . Memory (MB): peak = 1674.012 ; gain = 144.805 ; free physical = 56978 ; free virtual = 132543
# synth_design -top ${project_name} -part $part
Command: synth_design -top myproject -part xc7z020clg400-1
Starting synth_design
Attempting to get a license for feature 'Synthesis' and/or device 'xc7z020'
INFO: [Common 17-349] Got license for feature 'Synthesis' and/or device 'xc7z020'
INFO: [Synth 8-7079] Multithreading enabled for synth_design using a maximum of 4 processes.
INFO: [Synth 8-7078] Launching helper process for spawning children vivado processes
INFO: [Synth 8-7075] Helper process launched with PID 3089618
---------------------------------------------------------------------------------
Starting Synthesize : Time (s): cpu = 00:00:04 ; elapsed = 00:00:05 . Memory (MB): peak = 2105.602 ; gain = 425.625 ; free physical = 56190 ; free virtual = 130795
---------------------------------------------------------------------------------
INFO: [Synth 8-638] synthesizing module 'myproject' [/home/youeric/PixelML/SmartpixReal/Muon_Collider_Smart_Pixels/eric/Model1_quantized_6w0i_pareto_roc_selected/hls_outputs/hls_model_trial_620/myproject_prj/solution1/syn/vhdl/myproject.vhd:32]
INFO: [Synth 8-3491] module 'myproject_linear_ap_fixed_16_6_5_3_0_ap_fixed_8_1_4_0_0_linear_config3_s' declared at '/home/youeric/PixelML/SmartpixReal/Muon_Collider_Smart_Pixels/eric/Model1_quantized_6w0i_pareto_roc_selected/hls_outputs/hls_model_trial_620/myproject_prj/solution1/syn/vhdl/myproject_linear_ap_fixed_16_6_5_3_0_ap_fixed_8_1_4_0_0_linear_config3_s.vhd:11' bound to instance 'grp_linear_ap_fixed_16_6_5_3_0_ap_fixed_8_1_4_0_0_linear_config3_s_fu_131' of component 'myproject_linear_ap_fixed_16_6_5_3_0_ap_fixed_8_1_4_0_0_linear_config3_s' [/home/youeric/PixelML/SmartpixReal/Muon_Collider_Smart_Pixels/eric/Model1_quantized_6w0i_pareto_roc_selected/hls_outputs/hls_model_trial_620/myproject_prj/solution1/syn/vhdl/myproject.vhd:571]
INFO: [Synth 8-638] synthesizing module 'myproject_linear_ap_fixed_16_6_5_3_0_ap_fixed_8_1_4_0_0_linear_config3_s' [/home/youeric/PixelML/SmartpixReal/Muon_Collider_Smart_Pixels/eric/Model1_quantized_6w0i_pareto_roc_selected/hls_outputs/hls_model_trial_620/myproject_prj/solution1/syn/vhdl/myproject_linear_ap_fixed_16_6_5_3_0_ap_fixed_8_1_4_0_0_linear_config3_s.vhd:25]
INFO: [Synth 8-256] done synthesizing module 'myproject_linear_ap_fixed_16_6_5_3_0_ap_fixed_8_1_4_0_0_linear_config3_s' (0#1) [/home/youeric/PixelML/SmartpixReal/Muon_Collider_Smart_Pixels/eric/Model1_quantized_6w0i_pareto_roc_selected/hls_outputs/hls_model_trial_620/myproject_prj/solution1/syn/vhdl/myproject_linear_ap_fixed_16_6_5_3_0_ap_fixed_8_1_4_0_0_linear_config3_s.vhd:25]
INFO: [Synth 8-3491] module 'myproject_linear_ap_fixed_16_6_5_3_0_ap_fixed_8_1_4_0_0_linear_config4_s' declared at '/home/youeric/PixelML/SmartpixReal/Muon_Collider_Smart_Pixels/eric/Model1_quantized_6w0i_pareto_roc_selected/hls_outputs/hls_model_trial_620/myproject_prj/solution1/syn/vhdl/myproject_linear_ap_fixed_16_6_5_3_0_ap_fixed_8_1_4_0_0_linear_config4_s.vhd:11' bound to instance 'grp_linear_ap_fixed_16_6_5_3_0_ap_fixed_8_1_4_0_0_linear_config4_s_fu_137' of component 'myproject_linear_ap_fixed_16_6_5_3_0_ap_fixed_8_1_4_0_0_linear_config4_s' [/home/youeric/PixelML/SmartpixReal/Muon_Collider_Smart_Pixels/eric/Model1_quantized_6w0i_pareto_roc_selected/hls_outputs/hls_model_trial_620/myproject_prj/solution1/syn/vhdl/myproject.vhd:583]
INFO: [Synth 8-638] synthesizing module 'myproject_linear_ap_fixed_16_6_5_3_0_ap_fixed_8_1_4_0_0_linear_config4_s' [/home/youeric/PixelML/SmartpixReal/Muon_Collider_Smart_Pixels/eric/Model1_quantized_6w0i_pareto_roc_selected/hls_outputs/hls_model_trial_620/myproject_prj/solution1/syn/vhdl/myproject_linear_ap_fixed_16_6_5_3_0_ap_fixed_8_1_4_0_0_linear_config4_s.vhd:25]
INFO: [Synth 8-256] done synthesizing module 'myproject_linear_ap_fixed_16_6_5_3_0_ap_fixed_8_1_4_0_0_linear_config4_s' (0#1) [/home/youeric/PixelML/SmartpixReal/Muon_Collider_Smart_Pixels/eric/Model1_quantized_6w0i_pareto_roc_selected/hls_outputs/hls_model_trial_620/myproject_prj/solution1/syn/vhdl/myproject_linear_ap_fixed_16_6_5_3_0_ap_fixed_8_1_4_0_0_linear_config4_s.vhd:25]
INFO: [Synth 8-3491] module 'myproject_linear_ap_fixed_16_6_5_3_0_ap_fixed_8_1_4_0_0_linear_config7_s' declared at '/home/youeric/PixelML/SmartpixReal/Muon_Collider_Smart_Pixels/eric/Model1_quantized_6w0i_pareto_roc_selected/hls_outputs/hls_model_trial_620/myproject_prj/solution1/syn/vhdl/myproject_linear_ap_fixed_16_6_5_3_0_ap_fixed_8_1_4_0_0_linear_config7_s.vhd:11' bound to instance 'grp_linear_ap_fixed_16_6_5_3_0_ap_fixed_8_1_4_0_0_linear_config7_s_fu_143' of component 'myproject_linear_ap_fixed_16_6_5_3_0_ap_fixed_8_1_4_0_0_linear_config7_s' [/home/youeric/PixelML/SmartpixReal/Muon_Collider_Smart_Pixels/eric/Model1_quantized_6w0i_pareto_roc_selected/hls_outputs/hls_model_trial_620/myproject_prj/solution1/syn/vhdl/myproject.vhd:595]
INFO: [Synth 8-638] synthesizing module 'myproject_linear_ap_fixed_16_6_5_3_0_ap_fixed_8_1_4_0_0_linear_config7_s' [/home/youeric/PixelML/SmartpixReal/Muon_Collider_Smart_Pixels/eric/Model1_quantized_6w0i_pareto_roc_selected/hls_outputs/hls_model_trial_620/myproject_prj/solution1/syn/vhdl/myproject_linear_ap_fixed_16_6_5_3_0_ap_fixed_8_1_4_0_0_linear_config7_s.vhd:25]
INFO: [Synth 8-256] done synthesizing module 'myproject_linear_ap_fixed_16_6_5_3_0_ap_fixed_8_1_4_0_0_linear_config7_s' (0#1) [/home/youeric/PixelML/SmartpixReal/Muon_Collider_Smart_Pixels/eric/Model1_quantized_6w0i_pareto_roc_selected/hls_outputs/hls_model_trial_620/myproject_prj/solution1/syn/vhdl/myproject_linear_ap_fixed_16_6_5_3_0_ap_fixed_8_1_4_0_0_linear_config7_s.vhd:25]
INFO: [Synth 8-3491] module 'myproject_linear_ap_fixed_16_6_5_3_0_ap_fixed_8_1_4_0_0_linear_config10_s' declared at '/home/youeric/PixelML/SmartpixReal/Muon_Collider_Smart_Pixels/eric/Model1_quantized_6w0i_pareto_roc_selected/hls_outputs/hls_model_trial_620/myproject_prj/solution1/syn/vhdl/myproject_linear_ap_fixed_16_6_5_3_0_ap_fixed_8_1_4_0_0_linear_config10_s.vhd:11' bound to instance 'grp_linear_ap_fixed_16_6_5_3_0_ap_fixed_8_1_4_0_0_linear_config10_s_fu_149' of component 'myproject_linear_ap_fixed_16_6_5_3_0_ap_fixed_8_1_4_0_0_linear_config10_s' [/home/youeric/PixelML/SmartpixReal/Muon_Collider_Smart_Pixels/eric/Model1_quantized_6w0i_pareto_roc_selected/hls_outputs/hls_model_trial_620/myproject_prj/solution1/syn/vhdl/myproject.vhd:607]
INFO: [Synth 8-638] synthesizing module 'myproject_linear_ap_fixed_16_6_5_3_0_ap_fixed_8_1_4_0_0_linear_config10_s' [/home/youeric/PixelML/SmartpixReal/Muon_Collider_Smart_Pixels/eric/Model1_quantized_6w0i_pareto_roc_selected/hls_outputs/hls_model_trial_620/myproject_prj/solution1/syn/vhdl/myproject_linear_ap_fixed_16_6_5_3_0_ap_fixed_8_1_4_0_0_linear_config10_s.vhd:25]
INFO: [Synth 8-256] done synthesizing module 'myproject_linear_ap_fixed_16_6_5_3_0_ap_fixed_8_1_4_0_0_linear_config10_s' (0#1) [/home/youeric/PixelML/SmartpixReal/Muon_Collider_Smart_Pixels/eric/Model1_quantized_6w0i_pareto_roc_selected/hls_outputs/hls_model_trial_620/myproject_prj/solution1/syn/vhdl/myproject_linear_ap_fixed_16_6_5_3_0_ap_fixed_8_1_4_0_0_linear_config10_s.vhd:25]
INFO: [Synth 8-3491] module 'myproject_concatenate1d_ap_fixed_ap_fixed_ap_fixed_16_6_5_3_0_config6_s' declared at '/home/youeric/PixelML/SmartpixReal/Muon_Collider_Smart_Pixels/eric/Model1_quantized_6w0i_pareto_roc_selected/hls_outputs/hls_model_trial_620/myproject_prj/solution1/syn/vhdl/myproject_concatenate1d_ap_fixed_ap_fixed_ap_fixed_16_6_5_3_0_config6_s.vhd:11' bound to instance 'call_ret1_concatenate1d_ap_fixed_ap_fixed_ap_fixed_16_6_5_3_0_config6_s_fu_155' of component 'myproject_concatenate1d_ap_fixed_ap_fixed_ap_fixed_16_6_5_3_0_config6_s' [/home/youeric/PixelML/SmartpixReal/Muon_Collider_Smart_Pixels/eric/Model1_quantized_6w0i_pareto_roc_selected/hls_outputs/hls_model_trial_620/myproject_prj/solution1/syn/vhdl/myproject.vhd:619]
INFO: [Synth 8-638] synthesizing module 'myproject_concatenate1d_ap_fixed_ap_fixed_ap_fixed_16_6_5_3_0_config6_s' [/home/youeric/PixelML/SmartpixReal/Muon_Collider_Smart_Pixels/eric/Model1_quantized_6w0i_pareto_roc_selected/hls_outputs/hls_model_trial_620/myproject_prj/solution1/syn/vhdl/myproject_concatenate1d_ap_fixed_ap_fixed_ap_fixed_16_6_5_3_0_config6_s.vhd:22]
INFO: [Synth 8-256] done synthesizing module 'myproject_concatenate1d_ap_fixed_ap_fixed_ap_fixed_16_6_5_3_0_config6_s' (0#1) [/home/youeric/PixelML/SmartpixReal/Muon_Collider_Smart_Pixels/eric/Model1_quantized_6w0i_pareto_roc_selected/hls_outputs/hls_model_trial_620/myproject_prj/solution1/syn/vhdl/myproject_concatenate1d_ap_fixed_ap_fixed_ap_fixed_16_6_5_3_0_config6_s.vhd:22]
INFO: [Synth 8-3491] module 'myproject_concatenate1d_ap_fixed_ap_fixed_ap_fixed_16_6_5_3_0_config9_s' declared at '/home/youeric/PixelML/SmartpixReal/Muon_Collider_Smart_Pixels/eric/Model1_quantized_6w0i_pareto_roc_selected/hls_outputs/hls_model_trial_620/myproject_prj/solution1/syn/vhdl/myproject_concatenate1d_ap_fixed_ap_fixed_ap_fixed_16_6_5_3_0_config9_s.vhd:11' bound to instance 'call_ret2_concatenate1d_ap_fixed_ap_fixed_ap_fixed_16_6_5_3_0_config9_s_fu_161' of component 'myproject_concatenate1d_ap_fixed_ap_fixed_ap_fixed_16_6_5_3_0_config9_s' [/home/youeric/PixelML/SmartpixReal/Muon_Collider_Smart_Pixels/eric/Model1_quantized_6w0i_pareto_roc_selected/hls_outputs/hls_model_trial_620/myproject_prj/solution1/syn/vhdl/myproject.vhd:628]
INFO: [Synth 8-638] synthesizing module 'myproject_concatenate1d_ap_fixed_ap_fixed_ap_fixed_16_6_5_3_0_config9_s' [/home/youeric/PixelML/SmartpixReal/Muon_Collider_Smart_Pixels/eric/Model1_quantized_6w0i_pareto_roc_selected/hls_outputs/hls_model_trial_620/myproject_prj/solution1/syn/vhdl/myproject_concatenate1d_ap_fixed_ap_fixed_ap_fixed_16_6_5_3_0_config9_s.vhd:24]
INFO: [Synth 8-256] done synthesizing module 'myproject_concatenate1d_ap_fixed_ap_fixed_ap_fixed_16_6_5_3_0_config9_s' (0#1) [/home/youeric/PixelML/SmartpixReal/Muon_Collider_Smart_Pixels/eric/Model1_quantized_6w0i_pareto_roc_selected/hls_outputs/hls_model_trial_620/myproject_prj/solution1/syn/vhdl/myproject_concatenate1d_ap_fixed_ap_fixed_ap_fixed_16_6_5_3_0_config9_s.vhd:24]
INFO: [Synth 8-3491] module 'myproject_concatenate1d_ap_fixed_ap_fixed_ap_fixed_16_6_5_3_0_config11_s' declared at '/home/youeric/PixelML/SmartpixReal/Muon_Collider_Smart_Pixels/eric/Model1_quantized_6w0i_pareto_roc_selected/hls_outputs/hls_model_trial_620/myproject_prj/solution1/syn/vhdl/myproject_concatenate1d_ap_fixed_ap_fixed_ap_fixed_16_6_5_3_0_config11_s.vhd:11' bound to instance 'call_ret3_concatenate1d_ap_fixed_ap_fixed_ap_fixed_16_6_5_3_0_config11_s_fu_168' of component 'myproject_concatenate1d_ap_fixed_ap_fixed_ap_fixed_16_6_5_3_0_config11_s' [/home/youeric/PixelML/SmartpixReal/Muon_Collider_Smart_Pixels/eric/Model1_quantized_6w0i_pareto_roc_selected/hls_outputs/hls_model_trial_620/myproject_prj/solution1/syn/vhdl/myproject.vhd:639]
INFO: [Synth 8-638] synthesizing module 'myproject_concatenate1d_ap_fixed_ap_fixed_ap_fixed_16_6_5_3_0_config11_s' [/home/youeric/PixelML/SmartpixReal/Muon_Collider_Smart_Pixels/eric/Model1_quantized_6w0i_pareto_roc_selected/hls_outputs/hls_model_trial_620/myproject_prj/solution1/syn/vhdl/myproject_concatenate1d_ap_fixed_ap_fixed_ap_fixed_16_6_5_3_0_config11_s.vhd:26]
INFO: [Synth 8-256] done synthesizing module 'myproject_concatenate1d_ap_fixed_ap_fixed_ap_fixed_16_6_5_3_0_config11_s' (0#1) [/home/youeric/PixelML/SmartpixReal/Muon_Collider_Smart_Pixels/eric/Model1_quantized_6w0i_pareto_roc_selected/hls_outputs/hls_model_trial_620/myproject_prj/solution1/syn/vhdl/myproject_concatenate1d_ap_fixed_ap_fixed_ap_fixed_16_6_5_3_0_config11_s.vhd:26]
INFO: [Synth 8-3491] module 'myproject_dense_latency_ap_fixed_16_6_5_3_0_ap_fixed_16_6_5_3_0_config12_s' declared at '/home/youeric/PixelML/SmartpixReal/Muon_Collider_Smart_Pixels/eric/Model1_quantized_6w0i_pareto_roc_selected/hls_outputs/hls_model_trial_620/myproject_prj/solution1/syn/vhdl/myproject_dense_latency_ap_fixed_16_6_5_3_0_ap_fixed_16_6_5_3_0_config12_s.vhd:11' bound to instance 'grp_dense_latency_ap_fixed_16_6_5_3_0_ap_fixed_16_6_5_3_0_config12_s_fu_176' of component 'myproject_dense_latency_ap_fixed_16_6_5_3_0_ap_fixed_16_6_5_3_0_config12_s' [/home/youeric/PixelML/SmartpixReal/Muon_Collider_Smart_Pixels/eric/Model1_quantized_6w0i_pareto_roc_selected/hls_outputs/hls_model_trial_620/myproject_prj/solution1/syn/vhdl/myproject.vhd:652]
INFO: [Synth 8-638] synthesizing module 'myproject_dense_latency_ap_fixed_16_6_5_3_0_ap_fixed_16_6_5_3_0_config12_s' [/home/youeric/PixelML/SmartpixReal/Muon_Collider_Smart_Pixels/eric/Model1_quantized_6w0i_pareto_roc_selected/hls_outputs/hls_model_trial_620/myproject_prj/solution1/syn/vhdl/myproject_dense_latency_ap_fixed_16_6_5_3_0_ap_fixed_16_6_5_3_0_config12_s.vhd:37]
INFO: [Synth 8-256] done synthesizing module 'myproject_dense_latency_ap_fixed_16_6_5_3_0_ap_fixed_16_6_5_3_0_config12_s' (0#1) [/home/youeric/PixelML/SmartpixReal/Muon_Collider_Smart_Pixels/eric/Model1_quantized_6w0i_pareto_roc_selected/hls_outputs/hls_model_trial_620/myproject_prj/solution1/syn/vhdl/myproject_dense_latency_ap_fixed_16_6_5_3_0_ap_fixed_16_6_5_3_0_config12_s.vhd:37]
INFO: [Synth 8-3491] module 'myproject_relu_ap_fixed_16_6_5_3_0_ap_ufixed_8_0_4_0_0_relu_config14_s' declared at '/home/youeric/PixelML/SmartpixReal/Muon_Collider_Smart_Pixels/eric/Model1_quantized_6w0i_pareto_roc_selected/hls_outputs/hls_model_trial_620/myproject_prj/solution1/syn/vhdl/myproject_relu_ap_fixed_16_6_5_3_0_ap_ufixed_8_0_4_0_0_relu_config14_s.vhd:11' bound to instance 'grp_relu_ap_fixed_16_6_5_3_0_ap_ufixed_8_0_4_0_0_relu_config14_s_fu_184' of component 'myproject_relu_ap_fixed_16_6_5_3_0_ap_ufixed_8_0_4_0_0_relu_config14_s' [/home/youeric/PixelML/SmartpixReal/Muon_Collider_Smart_Pixels/eric/Model1_quantized_6w0i_pareto_roc_selected/hls_outputs/hls_model_trial_620/myproject_prj/solution1/syn/vhdl/myproject.vhd:676]
INFO: [Synth 8-638] synthesizing module 'myproject_relu_ap_fixed_16_6_5_3_0_ap_ufixed_8_0_4_0_0_relu_config14_s' [/home/youeric/PixelML/SmartpixReal/Muon_Collider_Smart_Pixels/eric/Model1_quantized_6w0i_pareto_roc_selected/hls_outputs/hls_model_trial_620/myproject_prj/solution1/syn/vhdl/myproject_relu_ap_fixed_16_6_5_3_0_ap_ufixed_8_0_4_0_0_relu_config14_s.vhd:43]
INFO: [Synth 8-256] done synthesizing module 'myproject_relu_ap_fixed_16_6_5_3_0_ap_ufixed_8_0_4_0_0_relu_config14_s' (0#1) [/home/youeric/PixelML/SmartpixReal/Muon_Collider_Smart_Pixels/eric/Model1_quantized_6w0i_pareto_roc_selected/hls_outputs/hls_model_trial_620/myproject_prj/solution1/syn/vhdl/myproject_relu_ap_fixed_16_6_5_3_0_ap_ufixed_8_0_4_0_0_relu_config14_s.vhd:43]
INFO: [Synth 8-3491] module 'myproject_dense_latency_ap_ufixed_8_0_4_0_0_ap_fixed_16_6_5_3_0_config15_s' declared at '/home/youeric/PixelML/SmartpixReal/Muon_Collider_Smart_Pixels/eric/Model1_quantized_6w0i_pareto_roc_selected/hls_outputs/hls_model_trial_620/myproject_prj/solution1/syn/vhdl/myproject_dense_latency_ap_ufixed_8_0_4_0_0_ap_fixed_16_6_5_3_0_config15_s.vhd:11' bound to instance 'grp_dense_latency_ap_ufixed_8_0_4_0_0_ap_fixed_16_6_5_3_0_config15_s_fu_198' of component 'myproject_dense_latency_ap_ufixed_8_0_4_0_0_ap_fixed_16_6_5_3_0_config15_s' [/home/youeric/PixelML/SmartpixReal/Muon_Collider_Smart_Pixels/eric/Model1_quantized_6w0i_pareto_roc_selected/hls_outputs/hls_model_trial_620/myproject_prj/solution1/syn/vhdl/myproject.vhd:706]
INFO: [Synth 8-638] synthesizing module 'myproject_dense_latency_ap_ufixed_8_0_4_0_0_ap_fixed_16_6_5_3_0_config15_s' [/home/youeric/PixelML/SmartpixReal/Muon_Collider_Smart_Pixels/eric/Model1_quantized_6w0i_pareto_roc_selected/hls_outputs/hls_model_trial_620/myproject_prj/solution1/syn/vhdl/myproject_dense_latency_ap_ufixed_8_0_4_0_0_ap_fixed_16_6_5_3_0_config15_s.vhd:39]
	Parameter ID bound to: 1 - type: integer 
	Parameter NUM_STAGE bound to: 1 - type: integer 
	Parameter din0_WIDTH bound to: 8 - type: integer 
	Parameter din1_WIDTH bound to: 6 - type: integer 
	Parameter dout_WIDTH bound to: 13 - type: integer 
INFO: [Synth 8-3491] module 'myproject_mul_8ns_6ns_13_1_0' declared at '/home/youeric/PixelML/SmartpixReal/Muon_Collider_Smart_Pixels/eric/Model1_quantized_6w0i_pareto_roc_selected/hls_outputs/hls_model_trial_620/myproject_prj/solution1/syn/vhdl/myproject_mul_8ns_6ns_13_1_0.vhd:7' bound to instance 'mul_8ns_6ns_13_1_0_U28' of component 'myproject_mul_8ns_6ns_13_1_0' [/home/youeric/PixelML/SmartpixReal/Muon_Collider_Smart_Pixels/eric/Model1_quantized_6w0i_pareto_roc_selected/hls_outputs/hls_model_trial_620/myproject_prj/solution1/syn/vhdl/myproject_dense_latency_ap_ufixed_8_0_4_0_0_ap_fixed_16_6_5_3_0_config15_s.vhd:775]
INFO: [Synth 8-638] synthesizing module 'myproject_mul_8ns_6ns_13_1_0' [/home/youeric/PixelML/SmartpixReal/Muon_Collider_Smart_Pixels/eric/Model1_quantized_6w0i_pareto_roc_selected/hls_outputs/hls_model_trial_620/myproject_prj/solution1/syn/vhdl/myproject_mul_8ns_6ns_13_1_0.vhd:23]
	Parameter ID bound to: 1 - type: integer 
	Parameter NUM_STAGE bound to: 1 - type: integer 
	Parameter din0_WIDTH bound to: 8 - type: integer 
	Parameter din1_WIDTH bound to: 6 - type: integer 
	Parameter dout_WIDTH bound to: 13 - type: integer 
INFO: [Synth 8-256] done synthesizing module 'myproject_mul_8ns_6ns_13_1_0' (0#1) [/home/youeric/PixelML/SmartpixReal/Muon_Collider_Smart_Pixels/eric/Model1_quantized_6w0i_pareto_roc_selected/hls_outputs/hls_model_trial_620/myproject_prj/solution1/syn/vhdl/myproject_mul_8ns_6ns_13_1_0.vhd:23]
	Parameter ID bound to: 1 - type: integer 
	Parameter NUM_STAGE bound to: 1 - type: integer 
	Parameter din0_WIDTH bound to: 8 - type: integer 
	Parameter din1_WIDTH bound to: 6 - type: integer 
	Parameter dout_WIDTH bound to: 13 - type: integer 
INFO: [Synth 8-3491] module 'myproject_mul_8ns_6ns_13_1_0' declared at '/home/youeric/PixelML/SmartpixReal/Muon_Collider_Smart_Pixels/eric/Model1_quantized_6w0i_pareto_roc_selected/hls_outputs/hls_model_trial_620/myproject_prj/solution1/syn/vhdl/myproject_mul_8ns_6ns_13_1_0.vhd:7' bound to instance 'mul_8ns_6ns_13_1_0_U29' of component 'myproject_mul_8ns_6ns_13_1_0' [/home/youeric/PixelML/SmartpixReal/Muon_Collider_Smart_Pixels/eric/Model1_quantized_6w0i_pareto_roc_selected/hls_outputs/hls_model_trial_620/myproject_prj/solution1/syn/vhdl/myproject_dense_latency_ap_ufixed_8_0_4_0_0_ap_fixed_16_6_5_3_0_config15_s.vhd:787]
	Parameter ID bound to: 1 - type: integer 
	Parameter NUM_STAGE bound to: 1 - type: integer 
	Parameter din0_WIDTH bound to: 8 - type: integer 
	Parameter din1_WIDTH bound to: 6 - type: integer 
	Parameter dout_WIDTH bound to: 13 - type: integer 
INFO: [Synth 8-3491] module 'myproject_mul_8ns_6ns_13_1_0' declared at '/home/youeric/PixelML/SmartpixReal/Muon_Collider_Smart_Pixels/eric/Model1_quantized_6w0i_pareto_roc_selected/hls_outputs/hls_model_trial_620/myproject_prj/solution1/syn/vhdl/myproject_mul_8ns_6ns_13_1_0.vhd:7' bound to instance 'mul_8ns_6ns_13_1_0_U30' of component 'myproject_mul_8ns_6ns_13_1_0' [/home/youeric/PixelML/SmartpixReal/Muon_Collider_Smart_Pixels/eric/Model1_quantized_6w0i_pareto_roc_selected/hls_outputs/hls_model_trial_620/myproject_prj/solution1/syn/vhdl/myproject_dense_latency_ap_ufixed_8_0_4_0_0_ap_fixed_16_6_5_3_0_config15_s.vhd:799]
	Parameter ID bound to: 1 - type: integer 
	Parameter NUM_STAGE bound to: 1 - type: integer 
	Parameter din0_WIDTH bound to: 8 - type: integer 
	Parameter din1_WIDTH bound to: 5 - type: integer 
	Parameter dout_WIDTH bound to: 12 - type: integer 
INFO: [Synth 8-3491] module 'myproject_mul_8ns_5ns_12_1_0' declared at '/home/youeric/PixelML/SmartpixReal/Muon_Collider_Smart_Pixels/eric/Model1_quantized_6w0i_pareto_roc_selected/hls_outputs/hls_model_trial_620/myproject_prj/solution1/syn/vhdl/myproject_mul_8ns_5ns_12_1_0.vhd:7' bound to instance 'mul_8ns_5ns_12_1_0_U31' of component 'myproject_mul_8ns_5ns_12_1_0' [/home/youeric/PixelML/SmartpixReal/Muon_Collider_Smart_Pixels/eric/Model1_quantized_6w0i_pareto_roc_selected/hls_outputs/hls_model_trial_620/myproject_prj/solution1/syn/vhdl/myproject_dense_latency_ap_ufixed_8_0_4_0_0_ap_fixed_16_6_5_3_0_config15_s.vhd:811]
INFO: [Synth 8-638] synthesizing module 'myproject_mul_8ns_5ns_12_1_0' [/home/youeric/PixelML/SmartpixReal/Muon_Collider_Smart_Pixels/eric/Model1_quantized_6w0i_pareto_roc_selected/hls_outputs/hls_model_trial_620/myproject_prj/solution1/syn/vhdl/myproject_mul_8ns_5ns_12_1_0.vhd:23]
	Parameter ID bound to: 1 - type: integer 
	Parameter NUM_STAGE bound to: 1 - type: integer 
	Parameter din0_WIDTH bound to: 8 - type: integer 
	Parameter din1_WIDTH bound to: 5 - type: integer 
	Parameter dout_WIDTH bound to: 12 - type: integer 
INFO: [Synth 8-256] done synthesizing module 'myproject_mul_8ns_5ns_12_1_0' (0#1) [/home/youeric/PixelML/SmartpixReal/Muon_Collider_Smart_Pixels/eric/Model1_quantized_6w0i_pareto_roc_selected/hls_outputs/hls_model_trial_620/myproject_prj/solution1/syn/vhdl/myproject_mul_8ns_5ns_12_1_0.vhd:23]
	Parameter ID bound to: 1 - type: integer 
	Parameter NUM_STAGE bound to: 1 - type: integer 
	Parameter din0_WIDTH bound to: 8 - type: integer 
	Parameter din1_WIDTH bound to: 5 - type: integer 
	Parameter dout_WIDTH bound to: 12 - type: integer 
INFO: [Synth 8-3491] module 'myproject_mul_8ns_5ns_12_1_0' declared at '/home/youeric/PixelML/SmartpixReal/Muon_Collider_Smart_Pixels/eric/Model1_quantized_6w0i_pareto_roc_selected/hls_outputs/hls_model_trial_620/myproject_prj/solution1/syn/vhdl/myproject_mul_8ns_5ns_12_1_0.vhd:7' bound to instance 'mul_8ns_5ns_12_1_0_U32' of component 'myproject_mul_8ns_5ns_12_1_0' [/home/youeric/PixelML/SmartpixReal/Muon_Collider_Smart_Pixels/eric/Model1_quantized_6w0i_pareto_roc_selected/hls_outputs/hls_model_trial_620/myproject_prj/solution1/syn/vhdl/myproject_dense_latency_ap_ufixed_8_0_4_0_0_ap_fixed_16_6_5_3_0_config15_s.vhd:823]
	Parameter ID bound to: 1 - type: integer 
	Parameter NUM_STAGE bound to: 1 - type: integer 
	Parameter din0_WIDTH bound to: 8 - type: integer 
	Parameter din1_WIDTH bound to: 5 - type: integer 
	Parameter dout_WIDTH bound to: 12 - type: integer 
INFO: [Synth 8-3491] module 'myproject_mul_8ns_5ns_12_1_0' declared at '/home/youeric/PixelML/SmartpixReal/Muon_Collider_Smart_Pixels/eric/Model1_quantized_6w0i_pareto_roc_selected/hls_outputs/hls_model_trial_620/myproject_prj/solution1/syn/vhdl/myproject_mul_8ns_5ns_12_1_0.vhd:7' bound to instance 'mul_8ns_5ns_12_1_0_U33' of component 'myproject_mul_8ns_5ns_12_1_0' [/home/youeric/PixelML/SmartpixReal/Muon_Collider_Smart_Pixels/eric/Model1_quantized_6w0i_pareto_roc_selected/hls_outputs/hls_model_trial_620/myproject_prj/solution1/syn/vhdl/myproject_dense_latency_ap_ufixed_8_0_4_0_0_ap_fixed_16_6_5_3_0_config15_s.vhd:835]
	Parameter ID bound to: 1 - type: integer 
	Parameter NUM_STAGE bound to: 1 - type: integer 
	Parameter din0_WIDTH bound to: 8 - type: integer 
	Parameter din1_WIDTH bound to: 5 - type: integer 
	Parameter dout_WIDTH bound to: 13 - type: integer 
INFO: [Synth 8-3491] module 'myproject_mul_8ns_5s_13_1_0' declared at '/home/youeric/PixelML/SmartpixReal/Muon_Collider_Smart_Pixels/eric/Model1_quantized_6w0i_pareto_roc_selected/hls_outputs/hls_model_trial_620/myproject_prj/solution1/syn/vhdl/myproject_mul_8ns_5s_13_1_0.vhd:7' bound to instance 'mul_8ns_5s_13_1_0_U34' of component 'myproject_mul_8ns_5s_13_1_0' [/home/youeric/PixelML/SmartpixReal/Muon_Collider_Smart_Pixels/eric/Model1_quantized_6w0i_pareto_roc_selected/hls_outputs/hls_model_trial_620/myproject_prj/solution1/syn/vhdl/myproject_dense_latency_ap_ufixed_8_0_4_0_0_ap_fixed_16_6_5_3_0_config15_s.vhd:847]
INFO: [Synth 8-638] synthesizing module 'myproject_mul_8ns_5s_13_1_0' [/home/youeric/PixelML/SmartpixReal/Muon_Collider_Smart_Pixels/eric/Model1_quantized_6w0i_pareto_roc_selected/hls_outputs/hls_model_trial_620/myproject_prj/solution1/syn/vhdl/myproject_mul_8ns_5s_13_1_0.vhd:23]
	Parameter ID bound to: 1 - type: integer 
	Parameter NUM_STAGE bound to: 1 - type: integer 
	Parameter din0_WIDTH bound to: 8 - type: integer 
	Parameter din1_WIDTH bound to: 5 - type: integer 
	Parameter dout_WIDTH bound to: 13 - type: integer 
INFO: [Synth 8-256] done synthesizing module 'myproject_mul_8ns_5s_13_1_0' (0#1) [/home/youeric/PixelML/SmartpixReal/Muon_Collider_Smart_Pixels/eric/Model1_quantized_6w0i_pareto_roc_selected/hls_outputs/hls_model_trial_620/myproject_prj/solution1/syn/vhdl/myproject_mul_8ns_5s_13_1_0.vhd:23]
	Parameter ID bound to: 1 - type: integer 
	Parameter NUM_STAGE bound to: 1 - type: integer 
	Parameter din0_WIDTH bound to: 8 - type: integer 
	Parameter din1_WIDTH bound to: 5 - type: integer 
	Parameter dout_WIDTH bound to: 12 - type: integer 
INFO: [Synth 8-3491] module 'myproject_mul_8ns_5ns_12_1_0' declared at '/home/youeric/PixelML/SmartpixReal/Muon_Collider_Smart_Pixels/eric/Model1_quantized_6w0i_pareto_roc_selected/hls_outputs/hls_model_trial_620/myproject_prj/solution1/syn/vhdl/myproject_mul_8ns_5ns_12_1_0.vhd:7' bound to instance 'mul_8ns_5ns_12_1_0_U35' of component 'myproject_mul_8ns_5ns_12_1_0' [/home/youeric/PixelML/SmartpixReal/Muon_Collider_Smart_Pixels/eric/Model1_quantized_6w0i_pareto_roc_selected/hls_outputs/hls_model_trial_620/myproject_prj/solution1/syn/vhdl/myproject_dense_latency_ap_ufixed_8_0_4_0_0_ap_fixed_16_6_5_3_0_config15_s.vhd:859]
	Parameter ID bound to: 1 - type: integer 
	Parameter NUM_STAGE bound to: 1 - type: integer 
	Parameter din0_WIDTH bound to: 8 - type: integer 
	Parameter din1_WIDTH bound to: 5 - type: integer 
	Parameter dout_WIDTH bound to: 13 - type: integer 
INFO: [Synth 8-3491] module 'myproject_mul_8ns_5s_13_1_0' declared at '/home/youeric/PixelML/SmartpixReal/Muon_Collider_Smart_Pixels/eric/Model1_quantized_6w0i_pareto_roc_selected/hls_outputs/hls_model_trial_620/myproject_prj/solution1/syn/vhdl/myproject_mul_8ns_5s_13_1_0.vhd:7' bound to instance 'mul_8ns_5s_13_1_0_U36' of component 'myproject_mul_8ns_5s_13_1_0' [/home/youeric/PixelML/SmartpixReal/Muon_Collider_Smart_Pixels/eric/Model1_quantized_6w0i_pareto_roc_selected/hls_outputs/hls_model_trial_620/myproject_prj/solution1/syn/vhdl/myproject_dense_latency_ap_ufixed_8_0_4_0_0_ap_fixed_16_6_5_3_0_config15_s.vhd:871]
	Parameter ID bound to: 1 - type: integer 
	Parameter NUM_STAGE bound to: 1 - type: integer 
	Parameter din0_WIDTH bound to: 8 - type: integer 
	Parameter din1_WIDTH bound to: 6 - type: integer 
	Parameter dout_WIDTH bound to: 13 - type: integer 
INFO: [Synth 8-3491] module 'myproject_mul_8ns_6ns_13_1_0' declared at '/home/youeric/PixelML/SmartpixReal/Muon_Collider_Smart_Pixels/eric/Model1_quantized_6w0i_pareto_roc_selected/hls_outputs/hls_model_trial_620/myproject_prj/solution1/syn/vhdl/myproject_mul_8ns_6ns_13_1_0.vhd:7' bound to instance 'mul_8ns_6ns_13_1_0_U37' of component 'myproject_mul_8ns_6ns_13_1_0' [/home/youeric/PixelML/SmartpixReal/Muon_Collider_Smart_Pixels/eric/Model1_quantized_6w0i_pareto_roc_selected/hls_outputs/hls_model_trial_620/myproject_prj/solution1/syn/vhdl/myproject_dense_latency_ap_ufixed_8_0_4_0_0_ap_fixed_16_6_5_3_0_config15_s.vhd:883]
	Parameter ID bound to: 1 - type: integer 
	Parameter NUM_STAGE bound to: 1 - type: integer 
	Parameter din0_WIDTH bound to: 8 - type: integer 
	Parameter din1_WIDTH bound to: 6 - type: integer 
	Parameter dout_WIDTH bound to: 14 - type: integer 
INFO: [Synth 8-3491] module 'myproject_mul_8ns_6s_14_1_0' declared at '/home/youeric/PixelML/SmartpixReal/Muon_Collider_Smart_Pixels/eric/Model1_quantized_6w0i_pareto_roc_selected/hls_outputs/hls_model_trial_620/myproject_prj/solution1/syn/vhdl/myproject_mul_8ns_6s_14_1_0.vhd:7' bound to instance 'mul_8ns_6s_14_1_0_U38' of component 'myproject_mul_8ns_6s_14_1_0' [/home/youeric/PixelML/SmartpixReal/Muon_Collider_Smart_Pixels/eric/Model1_quantized_6w0i_pareto_roc_selected/hls_outputs/hls_model_trial_620/myproject_prj/solution1/syn/vhdl/myproject_dense_latency_ap_ufixed_8_0_4_0_0_ap_fixed_16_6_5_3_0_config15_s.vhd:895]
INFO: [Synth 8-638] synthesizing module 'myproject_mul_8ns_6s_14_1_0' [/home/youeric/PixelML/SmartpixReal/Muon_Collider_Smart_Pixels/eric/Model1_quantized_6w0i_pareto_roc_selected/hls_outputs/hls_model_trial_620/myproject_prj/solution1/syn/vhdl/myproject_mul_8ns_6s_14_1_0.vhd:23]
	Parameter ID bound to: 1 - type: integer 
	Parameter NUM_STAGE bound to: 1 - type: integer 
	Parameter din0_WIDTH bound to: 8 - type: integer 
	Parameter din1_WIDTH bound to: 6 - type: integer 
	Parameter dout_WIDTH bound to: 14 - type: integer 
INFO: [Synth 8-256] done synthesizing module 'myproject_mul_8ns_6s_14_1_0' (0#1) [/home/youeric/PixelML/SmartpixReal/Muon_Collider_Smart_Pixels/eric/Model1_quantized_6w0i_pareto_roc_selected/hls_outputs/hls_model_trial_620/myproject_prj/solution1/syn/vhdl/myproject_mul_8ns_6s_14_1_0.vhd:23]
	Parameter ID bound to: 1 - type: integer 
	Parameter NUM_STAGE bound to: 1 - type: integer 
	Parameter din0_WIDTH bound to: 8 - type: integer 
	Parameter din1_WIDTH bound to: 5 - type: integer 
	Parameter dout_WIDTH bound to: 12 - type: integer 
INFO: [Synth 8-3491] module 'myproject_mul_8ns_5ns_12_1_0' declared at '/home/youeric/PixelML/SmartpixReal/Muon_Collider_Smart_Pixels/eric/Model1_quantized_6w0i_pareto_roc_selected/hls_outputs/hls_model_trial_620/myproject_prj/solution1/syn/vhdl/myproject_mul_8ns_5ns_12_1_0.vhd:7' bound to instance 'mul_8ns_5ns_12_1_0_U39' of component 'myproject_mul_8ns_5ns_12_1_0' [/home/youeric/PixelML/SmartpixReal/Muon_Collider_Smart_Pixels/eric/Model1_quantized_6w0i_pareto_roc_selected/hls_outputs/hls_model_trial_620/myproject_prj/solution1/syn/vhdl/myproject_dense_latency_ap_ufixed_8_0_4_0_0_ap_fixed_16_6_5_3_0_config15_s.vhd:907]
	Parameter ID bound to: 1 - type: integer 
	Parameter NUM_STAGE bound to: 1 - type: integer 
	Parameter din0_WIDTH bound to: 8 - type: integer 
	Parameter din1_WIDTH bound to: 5 - type: integer 
	Parameter dout_WIDTH bound to: 12 - type: integer 
INFO: [Synth 8-3491] module 'myproject_mul_8ns_5ns_12_1_0' declared at '/home/youeric/PixelML/SmartpixReal/Muon_Collider_Smart_Pixels/eric/Model1_quantized_6w0i_pareto_roc_selected/hls_outputs/hls_model_trial_620/myproject_prj/solution1/syn/vhdl/myproject_mul_8ns_5ns_12_1_0.vhd:7' bound to instance 'mul_8ns_5ns_12_1_0_U40' of component 'myproject_mul_8ns_5ns_12_1_0' [/home/youeric/PixelML/SmartpixReal/Muon_Collider_Smart_Pixels/eric/Model1_quantized_6w0i_pareto_roc_selected/hls_outputs/hls_model_trial_620/myproject_prj/solution1/syn/vhdl/myproject_dense_latency_ap_ufixed_8_0_4_0_0_ap_fixed_16_6_5_3_0_config15_s.vhd:919]
	Parameter ID bound to: 1 - type: integer 
	Parameter NUM_STAGE bound to: 1 - type: integer 
	Parameter din0_WIDTH bound to: 8 - type: integer 
	Parameter din1_WIDTH bound to: 6 - type: integer 
	Parameter dout_WIDTH bound to: 14 - type: integer 
INFO: [Synth 8-3491] module 'myproject_mul_8ns_6s_14_1_0' declared at '/home/youeric/PixelML/SmartpixReal/Muon_Collider_Smart_Pixels/eric/Model1_quantized_6w0i_pareto_roc_selected/hls_outputs/hls_model_trial_620/myproject_prj/solution1/syn/vhdl/myproject_mul_8ns_6s_14_1_0.vhd:7' bound to instance 'mul_8ns_6s_14_1_0_U41' of component 'myproject_mul_8ns_6s_14_1_0' [/home/youeric/PixelML/SmartpixReal/Muon_Collider_Smart_Pixels/eric/Model1_quantized_6w0i_pareto_roc_selected/hls_outputs/hls_model_trial_620/myproject_prj/solution1/syn/vhdl/myproject_dense_latency_ap_ufixed_8_0_4_0_0_ap_fixed_16_6_5_3_0_config15_s.vhd:931]
	Parameter ID bound to: 1 - type: integer 
	Parameter NUM_STAGE bound to: 1 - type: integer 
	Parameter din0_WIDTH bound to: 8 - type: integer 
	Parameter din1_WIDTH bound to: 6 - type: integer 
	Parameter dout_WIDTH bound to: 13 - type: integer 
INFO: [Synth 8-3491] module 'myproject_mul_8ns_6ns_13_1_0' declared at '/home/youeric/PixelML/SmartpixReal/Muon_Collider_Smart_Pixels/eric/Model1_quantized_6w0i_pareto_roc_selected/hls_outputs/hls_model_trial_620/myproject_prj/solution1/syn/vhdl/myproject_mul_8ns_6ns_13_1_0.vhd:7' bound to instance 'mul_8ns_6ns_13_1_0_U42' of component 'myproject_mul_8ns_6ns_13_1_0' [/home/youeric/PixelML/SmartpixReal/Muon_Collider_Smart_Pixels/eric/Model1_quantized_6w0i_pareto_roc_selected/hls_outputs/hls_model_trial_620/myproject_prj/solution1/syn/vhdl/myproject_dense_latency_ap_ufixed_8_0_4_0_0_ap_fixed_16_6_5_3_0_config15_s.vhd:943]
	Parameter ID bound to: 1 - type: integer 
	Parameter NUM_STAGE bound to: 1 - type: integer 
	Parameter din0_WIDTH bound to: 8 - type: integer 
	Parameter din1_WIDTH bound to: 6 - type: integer 
	Parameter dout_WIDTH bound to: 13 - type: integer 
INFO: [Synth 8-3491] module 'myproject_mul_8ns_6ns_13_1_0' declared at '/home/youeric/PixelML/SmartpixReal/Muon_Collider_Smart_Pixels/eric/Model1_quantized_6w0i_pareto_roc_selected/hls_outputs/hls_model_trial_620/myproject_prj/solution1/syn/vhdl/myproject_mul_8ns_6ns_13_1_0.vhd:7' bound to instance 'mul_8ns_6ns_13_1_0_U43' of component 'myproject_mul_8ns_6ns_13_1_0' [/home/youeric/PixelML/SmartpixReal/Muon_Collider_Smart_Pixels/eric/Model1_quantized_6w0i_pareto_roc_selected/hls_outputs/hls_model_trial_620/myproject_prj/solution1/syn/vhdl/myproject_dense_latency_ap_ufixed_8_0_4_0_0_ap_fixed_16_6_5_3_0_config15_s.vhd:955]
	Parameter ID bound to: 1 - type: integer 
	Parameter NUM_STAGE bound to: 1 - type: integer 
	Parameter din0_WIDTH bound to: 8 - type: integer 
	Parameter din1_WIDTH bound to: 6 - type: integer 
	Parameter dout_WIDTH bound to: 14 - type: integer 
INFO: [Synth 8-3491] module 'myproject_mul_8ns_6s_14_1_0' declared at '/home/youeric/PixelML/SmartpixReal/Muon_Collider_Smart_Pixels/eric/Model1_quantized_6w0i_pareto_roc_selected/hls_outputs/hls_model_trial_620/myproject_prj/solution1/syn/vhdl/myproject_mul_8ns_6s_14_1_0.vhd:7' bound to instance 'mul_8ns_6s_14_1_0_U44' of component 'myproject_mul_8ns_6s_14_1_0' [/home/youeric/PixelML/SmartpixReal/Muon_Collider_Smart_Pixels/eric/Model1_quantized_6w0i_pareto_roc_selected/hls_outputs/hls_model_trial_620/myproject_prj/solution1/syn/vhdl/myproject_dense_latency_ap_ufixed_8_0_4_0_0_ap_fixed_16_6_5_3_0_config15_s.vhd:967]
INFO: [Synth 8-256] done synthesizing module 'myproject_dense_latency_ap_ufixed_8_0_4_0_0_ap_fixed_16_6_5_3_0_config15_s' (0#1) [/home/youeric/PixelML/SmartpixReal/Muon_Collider_Smart_Pixels/eric/Model1_quantized_6w0i_pareto_roc_selected/hls_outputs/hls_model_trial_620/myproject_prj/solution1/syn/vhdl/myproject_dense_latency_ap_ufixed_8_0_4_0_0_ap_fixed_16_6_5_3_0_config15_s.vhd:39]
INFO: [Synth 8-3491] module 'myproject_relu_ap_fixed_16_6_5_3_0_ap_ufixed_8_0_4_0_0_relu_config17_s' declared at '/home/youeric/PixelML/SmartpixReal/Muon_Collider_Smart_Pixels/eric/Model1_quantized_6w0i_pareto_roc_selected/hls_outputs/hls_model_trial_620/myproject_prj/solution1/syn/vhdl/myproject_relu_ap_fixed_16_6_5_3_0_ap_ufixed_8_0_4_0_0_relu_config17_s.vhd:11' bound to instance 'grp_relu_ap_fixed_16_6_5_3_0_ap_ufixed_8_0_4_0_0_relu_config17_s_fu_212' of component 'myproject_relu_ap_fixed_16_6_5_3_0_ap_ufixed_8_0_4_0_0_relu_config17_s' [/home/youeric/PixelML/SmartpixReal/Muon_Collider_Smart_Pixels/eric/Model1_quantized_6w0i_pareto_roc_selected/hls_outputs/hls_model_trial_620/myproject_prj/solution1/syn/vhdl/myproject.vhd:732]
INFO: [Synth 8-638] synthesizing module 'myproject_relu_ap_fixed_16_6_5_3_0_ap_ufixed_8_0_4_0_0_relu_config17_s' [/home/youeric/PixelML/SmartpixReal/Muon_Collider_Smart_Pixels/eric/Model1_quantized_6w0i_pareto_roc_selected/hls_outputs/hls_model_trial_620/myproject_prj/solution1/syn/vhdl/myproject_relu_ap_fixed_16_6_5_3_0_ap_ufixed_8_0_4_0_0_relu_config17_s.vhd:43]
INFO: [Synth 8-256] done synthesizing module 'myproject_relu_ap_fixed_16_6_5_3_0_ap_ufixed_8_0_4_0_0_relu_config17_s' (0#1) [/home/youeric/PixelML/SmartpixReal/Muon_Collider_Smart_Pixels/eric/Model1_quantized_6w0i_pareto_roc_selected/hls_outputs/hls_model_trial_620/myproject_prj/solution1/syn/vhdl/myproject_relu_ap_fixed_16_6_5_3_0_ap_ufixed_8_0_4_0_0_relu_config17_s.vhd:43]
INFO: [Synth 8-3491] module 'myproject_dense_latency_ap_ufixed_8_0_4_0_0_ap_fixed_16_6_5_3_0_config18_s' declared at '/home/youeric/PixelML/SmartpixReal/Muon_Collider_Smart_Pixels/eric/Model1_quantized_6w0i_pareto_roc_selected/hls_outputs/hls_model_trial_620/myproject_prj/solution1/syn/vhdl/myproject_dense_latency_ap_ufixed_8_0_4_0_0_ap_fixed_16_6_5_3_0_config18_s.vhd:11' bound to instance 'grp_dense_latency_ap_ufixed_8_0_4_0_0_ap_fixed_16_6_5_3_0_config18_s_fu_226' of component 'myproject_dense_latency_ap_ufixed_8_0_4_0_0_ap_fixed_16_6_5_3_0_config18_s' [/home/youeric/PixelML/SmartpixReal/Muon_Collider_Smart_Pixels/eric/Model1_quantized_6w0i_pareto_roc_selected/hls_outputs/hls_model_trial_620/myproject_prj/solution1/syn/vhdl/myproject.vhd:762]
INFO: [Synth 8-638] synthesizing module 'myproject_dense_latency_ap_ufixed_8_0_4_0_0_ap_fixed_16_6_5_3_0_config18_s' [/home/youeric/PixelML/SmartpixReal/Muon_Collider_Smart_Pixels/eric/Model1_quantized_6w0i_pareto_roc_selected/hls_outputs/hls_model_trial_620/myproject_prj/solution1/syn/vhdl/myproject_dense_latency_ap_ufixed_8_0_4_0_0_ap_fixed_16_6_5_3_0_config18_s.vhd:34]
	Parameter ID bound to: 1 - type: integer 
	Parameter NUM_STAGE bound to: 1 - type: integer 
	Parameter din0_WIDTH bound to: 8 - type: integer 
	Parameter din1_WIDTH bound to: 6 - type: integer 
	Parameter dout_WIDTH bound to: 13 - type: integer 
INFO: [Synth 8-3491] module 'myproject_mul_8ns_6ns_13_1_0' declared at '/home/youeric/PixelML/SmartpixReal/Muon_Collider_Smart_Pixels/eric/Model1_quantized_6w0i_pareto_roc_selected/hls_outputs/hls_model_trial_620/myproject_prj/solution1/syn/vhdl/myproject_mul_8ns_6ns_13_1_0.vhd:7' bound to instance 'mul_8ns_6ns_13_1_0_U69' of component 'myproject_mul_8ns_6ns_13_1_0' [/home/youeric/PixelML/SmartpixReal/Muon_Collider_Smart_Pixels/eric/Model1_quantized_6w0i_pareto_roc_selected/hls_outputs/hls_model_trial_620/myproject_prj/solution1/syn/vhdl/myproject_dense_latency_ap_ufixed_8_0_4_0_0_ap_fixed_16_6_5_3_0_config18_s.vhd:162]
	Parameter ID bound to: 1 - type: integer 
	Parameter NUM_STAGE bound to: 1 - type: integer 
	Parameter din0_WIDTH bound to: 8 - type: integer 
	Parameter din1_WIDTH bound to: 6 - type: integer 
	Parameter dout_WIDTH bound to: 13 - type: integer 
INFO: [Synth 8-3491] module 'myproject_mul_8ns_6ns_13_1_0' declared at '/home/youeric/PixelML/SmartpixReal/Muon_Collider_Smart_Pixels/eric/Model1_quantized_6w0i_pareto_roc_selected/hls_outputs/hls_model_trial_620/myproject_prj/solution1/syn/vhdl/myproject_mul_8ns_6ns_13_1_0.vhd:7' bound to instance 'mul_8ns_6ns_13_1_0_U70' of component 'myproject_mul_8ns_6ns_13_1_0' [/home/youeric/PixelML/SmartpixReal/Muon_Collider_Smart_Pixels/eric/Model1_quantized_6w0i_pareto_roc_selected/hls_outputs/hls_model_trial_620/myproject_prj/solution1/syn/vhdl/myproject_dense_latency_ap_ufixed_8_0_4_0_0_ap_fixed_16_6_5_3_0_config18_s.vhd:174]
INFO: [Synth 8-256] done synthesizing module 'myproject_dense_latency_ap_ufixed_8_0_4_0_0_ap_fixed_16_6_5_3_0_config18_s' (0#1) [/home/youeric/PixelML/SmartpixReal/Muon_Collider_Smart_Pixels/eric/Model1_quantized_6w0i_pareto_roc_selected/hls_outputs/hls_model_trial_620/myproject_prj/solution1/syn/vhdl/myproject_dense_latency_ap_ufixed_8_0_4_0_0_ap_fixed_16_6_5_3_0_config18_s.vhd:34]
INFO: [Synth 8-256] done synthesizing module 'myproject' (0#1) [/home/youeric/PixelML/SmartpixReal/Muon_Collider_Smart_Pixels/eric/Model1_quantized_6w0i_pareto_roc_selected/hls_outputs/hls_model_trial_620/myproject_prj/solution1/syn/vhdl/myproject.vhd:32]
WARNING: [Synth 8-7129] Port ap_rst in module myproject_dense_latency_ap_ufixed_8_0_4_0_0_ap_fixed_16_6_5_3_0_config15_s is either unconnected or has no load
WARNING: [Synth 8-7129] Port ap_rst in module myproject_concatenate1d_ap_fixed_ap_fixed_ap_fixed_16_6_5_3_0_config11_s is either unconnected or has no load
WARNING: [Synth 8-7129] Port ap_rst in module myproject_concatenate1d_ap_fixed_ap_fixed_ap_fixed_16_6_5_3_0_config9_s is either unconnected or has no load
WARNING: [Synth 8-7129] Port ap_rst in module myproject_concatenate1d_ap_fixed_ap_fixed_ap_fixed_16_6_5_3_0_config6_s is either unconnected or has no load
---------------------------------------------------------------------------------
Finished Synthesize : Time (s): cpu = 00:00:06 ; elapsed = 00:00:07 . Memory (MB): peak = 2207.539 ; gain = 527.562 ; free physical = 56281 ; free virtual = 130477
---------------------------------------------------------------------------------
---------------------------------------------------------------------------------
Finished Constraint Validation : Time (s): cpu = 00:00:06 ; elapsed = 00:00:08 . Memory (MB): peak = 2222.383 ; gain = 542.406 ; free physical = 56284 ; free virtual = 130448
---------------------------------------------------------------------------------
---------------------------------------------------------------------------------
Start Loading Part and Timing Information
---------------------------------------------------------------------------------
Loading part: xc7z020clg400-1
---------------------------------------------------------------------------------
INFO: [Device 21-403] Loading part xc7z020clg400-1
Finished Loading Part and Timing Information : Time (s): cpu = 00:00:06 ; elapsed = 00:00:08 . Memory (MB): peak = 2230.387 ; gain = 550.410 ; free physical = 56284 ; free virtual = 130448
---------------------------------------------------------------------------------
WARNING: [Synth 8-3936] Found unconnected internal register 'data_val_read_reg_299_reg' and it is trimmed from '16' to '12' bits. [/home/youeric/PixelML/SmartpixReal/Muon_Collider_Smart_Pixels/eric/Model1_quantized_6w0i_pareto_roc_selected/hls_outputs/hls_model_trial_620/myproject_prj/solution1/syn/vhdl/myproject_linear_ap_fixed_16_6_5_3_0_ap_fixed_8_1_4_0_0_linear_config3_s.vhd:144]
WARNING: [Synth 8-3936] Found unconnected internal register 'data_val_read_reg_299_reg' and it is trimmed from '16' to '12' bits. [/home/youeric/PixelML/SmartpixReal/Muon_Collider_Smart_Pixels/eric/Model1_quantized_6w0i_pareto_roc_selected/hls_outputs/hls_model_trial_620/myproject_prj/solution1/syn/vhdl/myproject_linear_ap_fixed_16_6_5_3_0_ap_fixed_8_1_4_0_0_linear_config4_s.vhd:144]
WARNING: [Synth 8-3936] Found unconnected internal register 'data_val_read_reg_299_reg' and it is trimmed from '16' to '12' bits. [/home/youeric/PixelML/SmartpixReal/Muon_Collider_Smart_Pixels/eric/Model1_quantized_6w0i_pareto_roc_selected/hls_outputs/hls_model_trial_620/myproject_prj/solution1/syn/vhdl/myproject_linear_ap_fixed_16_6_5_3_0_ap_fixed_8_1_4_0_0_linear_config7_s.vhd:144]
WARNING: [Synth 8-3936] Found unconnected internal register 'data_val_read_reg_299_reg' and it is trimmed from '16' to '12' bits. [/home/youeric/PixelML/SmartpixReal/Muon_Collider_Smart_Pixels/eric/Model1_quantized_6w0i_pareto_roc_selected/hls_outputs/hls_model_trial_620/myproject_prj/solution1/syn/vhdl/myproject_linear_ap_fixed_16_6_5_3_0_ap_fixed_8_1_4_0_0_linear_config10_s.vhd:144]
---------------------------------------------------------------------------------
Finished RTL Optimization Phase 2 : Time (s): cpu = 00:00:08 ; elapsed = 00:00:09 . Memory (MB): peak = 2249.371 ; gain = 569.395 ; free physical = 56418 ; free virtual = 130580
---------------------------------------------------------------------------------
No constraint files found.
---------------------------------------------------------------------------------
Start RTL Component Statistics 
---------------------------------------------------------------------------------
Detailed RTL Component Info : 
+---Adders : 
	   3 Input   21 Bit       Adders := 6     
	   2 Input   21 Bit       Adders := 2     
	   2 Input   20 Bit       Adders := 2     
	   3 Input   20 Bit       Adders := 2     
	   2 Input   17 Bit       Adders := 1     
	   3 Input   16 Bit       Adders := 11    
	   2 Input   16 Bit       Adders := 4     
	   2 Input   15 Bit       Adders := 3     
	   2 Input   14 Bit       Adders := 9     
	   3 Input   14 Bit       Adders := 6     
	   2 Input   13 Bit       Adders := 14    
	   3 Input   13 Bit       Adders := 29    
	   4 Input   13 Bit       Adders := 1     
	   2 Input   12 Bit       Adders := 24    
	   3 Input   12 Bit       Adders := 14    
	   2 Input   11 Bit       Adders := 10    
	   3 Input   11 Bit       Adders := 7     
	   2 Input   10 Bit       Adders := 7     
	   3 Input   10 Bit       Adders := 3     
	   2 Input    9 Bit       Adders := 4     
	   2 Input    8 Bit       Adders := 26    
+---XORs : 
	   2 Input      1 Bit         XORs := 67    
	   3 Input      1 Bit         XORs := 1     
+---Registers : 
	               17 Bit    Registers := 1     
	               16 Bit    Registers := 45    
	               15 Bit    Registers := 8     
	               14 Bit    Registers := 11    
	               13 Bit    Registers := 19    
	               12 Bit    Registers := 37    
	               11 Bit    Registers := 23    
	               10 Bit    Registers := 31    
	                9 Bit    Registers := 20    
	                8 Bit    Registers := 75    
	                7 Bit    Registers := 4     
	                6 Bit    Registers := 1     
	                5 Bit    Registers := 2     
	                1 Bit    Registers := 130   
+---Muxes : 
	   2 Input   16 Bit        Muxes := 15    
	   3 Input   13 Bit        Muxes := 1     
	   2 Input   12 Bit        Muxes := 1     
	   3 Input    8 Bit        Muxes := 5     
	   2 Input    8 Bit        Muxes := 80    
	   2 Input    1 Bit        Muxes := 53    
---------------------------------------------------------------------------------
Finished RTL Component Statistics 
---------------------------------------------------------------------------------
---------------------------------------------------------------------------------
Start Part Resource Summary
---------------------------------------------------------------------------------
INFO: [Device 21-9227] Part: xc7z020clg400-1 does not have CEAM library.
Part Resources:
DSPs: 220 (col length:60)
BRAMs: 280 (col length: RAMB18 60 RAMB36 30)
---------------------------------------------------------------------------------
Finished Part Resource Summary
---------------------------------------------------------------------------------
No constraint files found.
---------------------------------------------------------------------------------
Start Cross Boundary and Area Optimization
---------------------------------------------------------------------------------
WARNING: [Synth 8-7080] Parallel synthesis criteria is not met
WARNING: [Synth 8-7129] Port ap_rst in module myproject_dense_latency_ap_ufixed_8_0_4_0_0_ap_fixed_16_6_5_3_0_config15_s is either unconnected or has no load
WARNING: [Synth 8-3332] Sequential element (trunc_ln42_10_reg_9708_reg__10) is unused and will be removed from module myproject_dense_latency_ap_ufixed_8_0_4_0_0_ap_fixed_16_6_5_3_0_config15_s.
WARNING: [Synth 8-3332] Sequential element (trunc_ln42_10_reg_9708_reg__11) is unused and will be removed from module myproject_dense_latency_ap_ufixed_8_0_4_0_0_ap_fixed_16_6_5_3_0_config15_s.
WARNING: [Synth 8-3332] Sequential element (trunc_ln42_10_reg_9708_reg__12) is unused and will be removed from module myproject_dense_latency_ap_ufixed_8_0_4_0_0_ap_fixed_16_6_5_3_0_config15_s.
WARNING: [Synth 8-3332] Sequential element (lshr_ln42_7_reg_9965_reg__8) is unused and will be removed from module myproject_dense_latency_ap_ufixed_8_0_4_0_0_ap_fixed_16_6_5_3_0_config15_s.
WARNING: [Synth 8-3332] Sequential element (lshr_ln42_7_reg_9965_reg__9) is unused and will be removed from module myproject_dense_latency_ap_ufixed_8_0_4_0_0_ap_fixed_16_6_5_3_0_config15_s.
WARNING: [Synth 8-3332] Sequential element (lshr_ln42_7_reg_9965_reg__10) is unused and will be removed from module myproject_dense_latency_ap_ufixed_8_0_4_0_0_ap_fixed_16_6_5_3_0_config15_s.
WARNING: [Synth 8-3332] Sequential element (trunc_ln42_2_reg_9683_reg__9) is unused and will be removed from module myproject_dense_latency_ap_ufixed_8_0_4_0_0_ap_fixed_16_6_5_3_0_config15_s.
WARNING: [Synth 8-3332] Sequential element (trunc_ln42_2_reg_9683_reg__10) is unused and will be removed from module myproject_dense_latency_ap_ufixed_8_0_4_0_0_ap_fixed_16_6_5_3_0_config15_s.
WARNING: [Synth 8-3332] Sequential element (trunc_ln42_2_reg_9683_reg__11) is unused and will be removed from module myproject_dense_latency_ap_ufixed_8_0_4_0_0_ap_fixed_16_6_5_3_0_config15_s.
---------------------------------------------------------------------------------
Finished Cross Boundary and Area Optimization : Time (s): cpu = 00:00:16 ; elapsed = 00:00:17 . Memory (MB): peak = 2403.809 ; gain = 723.832 ; free physical = 57308 ; free virtual = 131582
---------------------------------------------------------------------------------
No constraint files found.
---------------------------------------------------------------------------------
Start Timing Optimization
---------------------------------------------------------------------------------
---------------------------------------------------------------------------------
Finished Timing Optimization : Time (s): cpu = 00:00:16 ; elapsed = 00:00:17 . Memory (MB): peak = 2403.809 ; gain = 723.832 ; free physical = 57188 ; free virtual = 131463
---------------------------------------------------------------------------------
---------------------------------------------------------------------------------
Start Technology Mapping
---------------------------------------------------------------------------------
---------------------------------------------------------------------------------
Finished Technology Mapping : Time (s): cpu = 00:00:17 ; elapsed = 00:00:18 . Memory (MB): peak = 2403.809 ; gain = 723.832 ; free physical = 58180 ; free virtual = 132458
---------------------------------------------------------------------------------
---------------------------------------------------------------------------------
Start IO Insertion
---------------------------------------------------------------------------------
---------------------------------------------------------------------------------
Start Flattening Before IO Insertion
---------------------------------------------------------------------------------
---------------------------------------------------------------------------------
Finished Flattening Before IO Insertion
---------------------------------------------------------------------------------
---------------------------------------------------------------------------------
Start Final Netlist Cleanup
---------------------------------------------------------------------------------
---------------------------------------------------------------------------------
Finished Final Netlist Cleanup
---------------------------------------------------------------------------------
---------------------------------------------------------------------------------
Finished IO Insertion : Time (s): cpu = 00:00:21 ; elapsed = 00:00:22 . Memory (MB): peak = 2403.809 ; gain = 723.832 ; free physical = 57677 ; free virtual = 131956
---------------------------------------------------------------------------------
---------------------------------------------------------------------------------
Start Renaming Generated Instances
---------------------------------------------------------------------------------
---------------------------------------------------------------------------------
Finished Renaming Generated Instances : Time (s): cpu = 00:00:21 ; elapsed = 00:00:22 . Memory (MB): peak = 2403.809 ; gain = 723.832 ; free physical = 57673 ; free virtual = 131952
---------------------------------------------------------------------------------
---------------------------------------------------------------------------------
Start Rebuilding User Hierarchy
---------------------------------------------------------------------------------
---------------------------------------------------------------------------------
Finished Rebuilding User Hierarchy : Time (s): cpu = 00:00:21 ; elapsed = 00:00:22 . Memory (MB): peak = 2403.809 ; gain = 723.832 ; free physical = 57652 ; free virtual = 131931
---------------------------------------------------------------------------------
---------------------------------------------------------------------------------
Start Renaming Generated Ports
---------------------------------------------------------------------------------
---------------------------------------------------------------------------------
Finished Renaming Generated Ports : Time (s): cpu = 00:00:21 ; elapsed = 00:00:22 . Memory (MB): peak = 2403.809 ; gain = 723.832 ; free physical = 57649 ; free virtual = 131929
---------------------------------------------------------------------------------
---------------------------------------------------------------------------------
Start Handling Custom Attributes
---------------------------------------------------------------------------------
---------------------------------------------------------------------------------
Finished Handling Custom Attributes : Time (s): cpu = 00:00:21 ; elapsed = 00:00:22 . Memory (MB): peak = 2403.809 ; gain = 723.832 ; free physical = 57648 ; free virtual = 131928
---------------------------------------------------------------------------------
---------------------------------------------------------------------------------
Start Renaming Generated Nets
---------------------------------------------------------------------------------
---------------------------------------------------------------------------------
Finished Renaming Generated Nets : Time (s): cpu = 00:00:21 ; elapsed = 00:00:22 . Memory (MB): peak = 2403.809 ; gain = 723.832 ; free physical = 57643 ; free virtual = 131923
---------------------------------------------------------------------------------
---------------------------------------------------------------------------------
Start Writing Synthesis Report
---------------------------------------------------------------------------------

Report BlackBoxes: 
+-+--------------+----------+
| |BlackBox name |Instances |
+-+--------------+----------+
+-+--------------+----------+

Report Cell Usage: 
+------+-------+------+
|      |Cell   |Count |
+------+-------+------+
|1     |BUFG   |     1|
|2     |CARRY4 |   651|
|3     |LUT1   |   376|
|4     |LUT2   |  1438|
|5     |LUT3   |   940|
|6     |LUT4   |   535|
|7     |LUT5   |   185|
|8     |LUT6   |   191|
|9     |FDRE   |  2817|
|10    |IBUF   |    71|
|11    |OBUF   |    12|
+------+-------+------+

Report Instance Areas: 
+------+------------------------------------------------------------------------------+---------------------------------------------------------------------------+------+
|      |Instance                                                                      |Module                                                                     |Cells |
+------+------------------------------------------------------------------------------+---------------------------------------------------------------------------+------+
|1     |top                                                                           |                                                                           |  7217|
|2     |  grp_dense_latency_ap_fixed_16_6_5_3_0_ap_fixed_16_6_5_3_0_config12_s_fu_176 |myproject_dense_latency_ap_fixed_16_6_5_3_0_ap_fixed_16_6_5_3_0_config12_s |  1127|
|3     |  grp_dense_latency_ap_ufixed_8_0_4_0_0_ap_fixed_16_6_5_3_0_config15_s_fu_198 |myproject_dense_latency_ap_ufixed_8_0_4_0_0_ap_fixed_16_6_5_3_0_config15_s |  3774|
|4     |    mul_8ns_5ns_12_1_0_U31                                                    |myproject_mul_8ns_5ns_12_1_0                                               |    15|
|5     |    mul_8ns_5ns_12_1_0_U32                                                    |myproject_mul_8ns_5ns_12_1_0_1                                             |    15|
|6     |    mul_8ns_5ns_12_1_0_U33                                                    |myproject_mul_8ns_5ns_12_1_0_2                                             |    15|
|7     |    mul_8ns_5ns_12_1_0_U35                                                    |myproject_mul_8ns_5ns_12_1_0_3                                             |    15|
|8     |    mul_8ns_5ns_12_1_0_U39                                                    |myproject_mul_8ns_5ns_12_1_0_4                                             |    15|
|9     |    mul_8ns_5ns_12_1_0_U40                                                    |myproject_mul_8ns_5ns_12_1_0_5                                             |    18|
|10    |    mul_8ns_5s_13_1_0_U34                                                     |myproject_mul_8ns_5s_13_1_0                                                |    30|
|11    |    mul_8ns_5s_13_1_0_U36                                                     |myproject_mul_8ns_5s_13_1_0_6                                              |    30|
|12    |    mul_8ns_6ns_13_1_0_U28                                                    |myproject_mul_8ns_6ns_13_1_0_7                                             |    29|
|13    |    mul_8ns_6ns_13_1_0_U29                                                    |myproject_mul_8ns_6ns_13_1_0_8                                             |    23|
|14    |    mul_8ns_6ns_13_1_0_U30                                                    |myproject_mul_8ns_6ns_13_1_0_9                                             |    18|
|15    |    mul_8ns_6ns_13_1_0_U37                                                    |myproject_mul_8ns_6ns_13_1_0_10                                            |    18|
|16    |    mul_8ns_6ns_13_1_0_U42                                                    |myproject_mul_8ns_6ns_13_1_0_11                                            |    33|
|17    |    mul_8ns_6ns_13_1_0_U43                                                    |myproject_mul_8ns_6ns_13_1_0_12                                            |    24|
|18    |    mul_8ns_6s_14_1_0_U38                                                     |myproject_mul_8ns_6s_14_1_0                                                |    38|
|19    |    mul_8ns_6s_14_1_0_U41                                                     |myproject_mul_8ns_6s_14_1_0_13                                             |    20|
|20    |    mul_8ns_6s_14_1_0_U44                                                     |myproject_mul_8ns_6s_14_1_0_14                                             |    38|
|21    |  grp_dense_latency_ap_ufixed_8_0_4_0_0_ap_fixed_16_6_5_3_0_config18_s_fu_226 |myproject_dense_latency_ap_ufixed_8_0_4_0_0_ap_fixed_16_6_5_3_0_config18_s |   403|
|22    |    mul_8ns_6ns_13_1_0_U69                                                    |myproject_mul_8ns_6ns_13_1_0                                               |    29|
|23    |    mul_8ns_6ns_13_1_0_U70                                                    |myproject_mul_8ns_6ns_13_1_0_0                                             |    24|
|24    |  grp_linear_ap_fixed_16_6_5_3_0_ap_fixed_8_1_4_0_0_linear_config10_s_fu_149  |myproject_linear_ap_fixed_16_6_5_3_0_ap_fixed_8_1_4_0_0_linear_config10_s  |    51|
|25    |  grp_linear_ap_fixed_16_6_5_3_0_ap_fixed_8_1_4_0_0_linear_config3_s_fu_131   |myproject_linear_ap_fixed_16_6_5_3_0_ap_fixed_8_1_4_0_0_linear_config3_s   |    49|
|26    |  grp_linear_ap_fixed_16_6_5_3_0_ap_fixed_8_1_4_0_0_linear_config4_s_fu_137   |myproject_linear_ap_fixed_16_6_5_3_0_ap_fixed_8_1_4_0_0_linear_config4_s   |    49|
|27    |  grp_linear_ap_fixed_16_6_5_3_0_ap_fixed_8_1_4_0_0_linear_config7_s_fu_143   |myproject_linear_ap_fixed_16_6_5_3_0_ap_fixed_8_1_4_0_0_linear_config7_s   |    49|
|28    |  grp_relu_ap_fixed_16_6_5_3_0_ap_ufixed_8_0_4_0_0_relu_config14_s_fu_184     |myproject_relu_ap_fixed_16_6_5_3_0_ap_ufixed_8_0_4_0_0_relu_config14_s     |   490|
|29    |  grp_relu_ap_fixed_16_6_5_3_0_ap_ufixed_8_0_4_0_0_relu_config17_s_fu_212     |myproject_relu_ap_fixed_16_6_5_3_0_ap_ufixed_8_0_4_0_0_relu_config17_s     |   469|
+------+------------------------------------------------------------------------------+---------------------------------------------------------------------------+------+
---------------------------------------------------------------------------------
Finished Writing Synthesis Report : Time (s): cpu = 00:00:21 ; elapsed = 00:00:22 . Memory (MB): peak = 2403.809 ; gain = 723.832 ; free physical = 57623 ; free virtual = 131903
---------------------------------------------------------------------------------
Synthesis finished with 0 errors, 0 critical warnings and 19 warnings.
Synthesis Optimization Runtime : Time (s): cpu = 00:00:21 ; elapsed = 00:00:22 . Memory (MB): peak = 2403.809 ; gain = 723.832 ; free physical = 57575 ; free virtual = 131856
Synthesis Optimization Complete : Time (s): cpu = 00:00:21 ; elapsed = 00:00:22 . Memory (MB): peak = 2403.816 ; gain = 723.832 ; free physical = 57572 ; free virtual = 131853
INFO: [Project 1-571] Translating synthesized netlist
Netlist sorting complete. Time (s): cpu = 00:00:00.04 ; elapsed = 00:00:00.04 . Memory (MB): peak = 2406.777 ; gain = 0.000 ; free physical = 57633 ; free virtual = 131915
INFO: [Netlist 29-17] Analyzing 651 Unisim elements for replacement
INFO: [Netlist 29-28] Unisim Transformation completed in 0 CPU seconds
INFO: [Project 1-570] Preparing netlist for logic optimization
INFO: [Opt 31-138] Pushed 0 inverter(s) to 0 load pin(s).
Netlist sorting complete. Time (s): cpu = 00:00:00 ; elapsed = 00:00:00 . Memory (MB): peak = 2536.492 ; gain = 0.000 ; free physical = 57418 ; free virtual = 131710
INFO: [Project 1-111] Unisim Transformation Summary:
No Unisim elements were transformed.

Synth Design complete | Checksum: 1bb621be
INFO: [Common 17-83] Releasing license: Synthesis
78 Infos, 19 Warnings, 0 Critical Warnings and 0 Errors encountered.
synth_design completed successfully
synth_design: Time (s): cpu = 00:00:29 ; elapsed = 00:00:27 . Memory (MB): peak = 2536.492 ; gain = 862.480 ; free physical = 57406 ; free virtual = 131698
INFO: [Common 17-2834] synth_design peak Physical Memory [PSS] (MB): overall = 1608.385; main = 1344.988; forked = 325.788
INFO: [Common 17-2834] synth_design peak Virtual Memory [VSS] (MB): overall = 4064.266; main = 2536.496; forked = 1660.453
# report_utilization -file vivado_synth.rpt
INFO: [Common 17-206] Exiting Vivado at Mon Apr 20 16:56:39 2026...
