

================================================================
== Vitis HLS Report for 'concatenate1d_ap_fixed_ap_fixed_ap_fixed_16_6_5_3_0_config14_s'
================================================================
* Date:           Tue May  5 12:07:28 2026

* Version:        2024.1 (Build 5069499 on May 21 2024)
* Project:        myproject_prj
* Solution:       solution1 (Vivado IP Flow Target)
* Product family: zynq
* Target device:  xc7z020-clg400-1


================================================================
== Performance Estimates
================================================================
+ Timing: 
    * Summary: 
    +--------+---------+----------+------------+
    |  Clock |  Target | Estimated| Uncertainty|
    +--------+---------+----------+------------+
    |ap_clk  |  5.00 ns|  2.188 ns|     0.62 ns|
    +--------+---------+----------+------------+

+ Latency: 
    * Summary: 
    +---------+---------+----------+----------+-----+-----+---------+
    |  Latency (cycles) |  Latency (absolute) |  Interval | Pipeline|
    |   min   |   max   |    min   |    max   | min | max |   Type  |
    +---------+---------+----------+----------+-----+-----+---------+
    |        0|        0|      0 ns|      0 ns|    1|    1|      yes|
    +---------+---------+----------+----------+-----+-----+---------+

    + Detail: 
        * Instance: 
        N/A

        * Loop: 
        N/A

============================================================
+ Verbose Summary: Synthesis Manager
============================================================
InlineROM: 1
ExposeGlobal: 0
============================================================
+ Verbose Summary: CDFG Model
============================================================
IsTopModel: 0
ResetActiveHigh: 1
IsCombinational: 2
IsDatapathOnly: 0
HasWiredReturn: 1
HasMFsm: 2
HasVarLatency: 0
IsPipeline: 1
IsRtlPipelined: 0
IsInstanceOverlapped: 0
IsDontTouch: 0
HasImplIP: 0
IsGatedGlobalClock: 0

+ Individual pipeline summary: 
  * Pipeline-0: initiation interval (II) = 1, depth = 1


============================================================
+ Verbose Summary: Schedule
============================================================
* Number of FSM states : 1
* Pipeline : 1
  Pipeline-0 : II = 1, D = 1, States = { 1 }
* Dataflow Pipeline: 0

* FSM state transitions: 
1 --> 

* FSM state operations: 

State 1 <SV = 0> <Delay = 2.18>
ST_1 : Operation 2 [1/1] (0.00ns)   --->   "%specpipeline_ln117 = specpipeline void @_ssdm_op_SpecPipeline, i32 4294967295, i32 0, i32 0, i32 0, void @empty_0" [firmware/nnet_utils/nnet_merge.h:117]   --->   Operation 2 'specpipeline' 'specpipeline_ln117' <Predicate = true> <Delay = 0.00>
ST_1 : Operation 3 [1/1] (2.18ns)   --->   "%p_read25 = read i10 @_ssdm_op_Read.ap_auto.i10, i10 %p_read2" [firmware/nnet_utils/nnet_merge.h:123]   --->   Operation 3 'read' 'p_read25' <Predicate = true> <Delay = 2.18> <CoreInst = "FIFO_SRL">   --->   Core 80 'FIFO_SRL' <Latency = 0> <II = 1> <Delay = 3.63> <Storage> <Opcode : 'read' 'write' 'nbread' 'nbwrite'> <Ports = 0> <Width = -1> <Depth = -1> <FIFO>
ST_1 : Operation 4 [1/1] (2.18ns)   --->   "%p_read14 = read i11 @_ssdm_op_Read.ap_auto.i11, i11 %p_read1" [firmware/nnet_utils/nnet_merge.h:123]   --->   Operation 4 'read' 'p_read14' <Predicate = true> <Delay = 2.18> <CoreInst = "FIFO_SRL">   --->   Core 80 'FIFO_SRL' <Latency = 0> <II = 1> <Delay = 3.63> <Storage> <Opcode : 'read' 'write' 'nbread' 'nbwrite'> <Ports = 0> <Width = -1> <Depth = -1> <FIFO>
ST_1 : Operation 5 [1/1] (2.18ns)   --->   "%p_read_3021 = read i11 @_ssdm_op_Read.ap_auto.i11, i11 %p_read" [firmware/nnet_utils/nnet_merge.h:123]   --->   Operation 5 'read' 'p_read_3021' <Predicate = true> <Delay = 2.18> <CoreInst = "FIFO_SRL">   --->   Core 80 'FIFO_SRL' <Latency = 0> <II = 1> <Delay = 3.63> <Storage> <Opcode : 'read' 'write' 'nbread' 'nbwrite'> <Ports = 0> <Width = -1> <Depth = -1> <FIFO>
ST_1 : Operation 6 [1/1] (0.00ns)   --->   "%shl_ln = bitconcatenate i11 @_ssdm_op_BitConcatenate.i11.i10.i1, i10 %p_read25, i1 0" [firmware/nnet_utils/nnet_merge.h:123]   --->   Operation 6 'bitconcatenate' 'shl_ln' <Predicate = true> <Delay = 0.00>
ST_1 : Operation 7 [1/1] (0.00ns)   --->   "%mrv = insertvalue i33 <undef>, i11 %p_read_3021" [firmware/nnet_utils/nnet_merge.h:125]   --->   Operation 7 'insertvalue' 'mrv' <Predicate = true> <Delay = 0.00>
ST_1 : Operation 8 [1/1] (0.00ns)   --->   "%mrv_1 = insertvalue i33 %mrv, i11 %p_read14" [firmware/nnet_utils/nnet_merge.h:125]   --->   Operation 8 'insertvalue' 'mrv_1' <Predicate = true> <Delay = 0.00>
ST_1 : Operation 9 [1/1] (0.00ns)   --->   "%mrv_2 = insertvalue i33 %mrv_1, i11 %shl_ln" [firmware/nnet_utils/nnet_merge.h:125]   --->   Operation 9 'insertvalue' 'mrv_2' <Predicate = true> <Delay = 0.00>
ST_1 : Operation 10 [1/1] (0.00ns)   --->   "%ret_ln125 = ret i33 %mrv_2" [firmware/nnet_utils/nnet_merge.h:125]   --->   Operation 10 'ret' 'ret_ln125' <Predicate = true> <Delay = 0.00>


============================================================
+ Verbose Summary: Binding
============================================================
STG Binding: 
---------------- STG Properties BEGIN ----------------
- Is combinational: 0
- Is one-state seq: 1
- Is datapath-only: 0
- Is pipelined: 1
- Is top level: 0
Port [ Return ] is wired: 1; IO mode=ap_ctrl_hs:ce=0
Port [ p_read]:  wired=1; compound=0; hidden=0; nouse=0; global=0; static=0; extern=0; dir=0; type=0; pingpong=0; private_global=0; IO mode=ap_none:ce=0
Port [ p_read1]:  wired=1; compound=0; hidden=0; nouse=0; global=0; static=0; extern=0; dir=0; type=0; pingpong=0; private_global=0; IO mode=ap_none:ce=0
Port [ p_read2]:  wired=1; compound=0; hidden=0; nouse=0; global=0; static=0; extern=0; dir=0; type=0; pingpong=0; private_global=0; IO mode=ap_none:ce=0
---------------- STG Properties END ------------------

---------------- Datapath Model BEGIN ----------------

<LifeTime>
<method=bitvector/>
specpipeline_ln117 (specpipeline  ) [ 00]
p_read25           (read          ) [ 00]
p_read14           (read          ) [ 00]
p_read_3021        (read          ) [ 00]
shl_ln             (bitconcatenate) [ 00]
mrv                (insertvalue   ) [ 00]
mrv_1              (insertvalue   ) [ 00]
mrv_2              (insertvalue   ) [ 00]
ret_ln125          (ret           ) [ 00]
</LifeTime>

<model>

<comp_list>
<comp id="0" class="1000" name="p_read">
<pin_list>
<pin id="1" dir="1" index="0" bw="1" slack="0"/>
</pin_list>
<bind>
<StgValue><ssdm name="p_read"/></StgValue>
</bind>
</comp>

<comp id="2" class="1000" name="p_read1">
<pin_list>
<pin id="3" dir="1" index="0" bw="1" slack="0"/>
</pin_list>
<bind>
<StgValue><ssdm name="p_read1"/></StgValue>
</bind>
</comp>

<comp id="4" class="1000" name="p_read2">
<pin_list>
<pin id="5" dir="1" index="0" bw="1" slack="0"/>
</pin_list>
<bind>
<StgValue><ssdm name="p_read2"/></StgValue>
</bind>
</comp>

<comp id="6" class="1001" name="const_6">
<pin_list>
<pin id="7" dir="1" index="0" bw="1" slack="2147483647"/>
</pin_list>
<bind>
<StgValue><ssdm name="_ssdm_op_SpecPipeline"/></StgValue>
</bind>
</comp>

<comp id="8" class="1001" name="const_8">
<pin_list>
<pin id="9" dir="1" index="0" bw="1" slack="2147483647"/>
</pin_list>
<bind>
<StgValue><ssdm name=""/></StgValue>
</bind>
</comp>

<comp id="10" class="1001" name="const_10">
<pin_list>
<pin id="11" dir="1" index="0" bw="1" slack="2147483647"/>
</pin_list>
<bind>
<StgValue><ssdm name=""/></StgValue>
</bind>
</comp>

<comp id="12" class="1001" name="const_12">
<pin_list>
<pin id="13" dir="1" index="0" bw="1" slack="2147483647"/>
</pin_list>
<bind>
<StgValue><ssdm name="empty_0"/></StgValue>
</bind>
</comp>

<comp id="14" class="1001" name="const_14">
<pin_list>
<pin id="15" dir="1" index="0" bw="1" slack="0"/>
</pin_list>
<bind>
<StgValue><ssdm name="_ssdm_op_Read.ap_auto.i10"/></StgValue>
</bind>
</comp>

<comp id="16" class="1001" name="const_16">
<pin_list>
<pin id="17" dir="1" index="0" bw="1" slack="0"/>
</pin_list>
<bind>
<StgValue><ssdm name="_ssdm_op_Read.ap_auto.i11"/></StgValue>
</bind>
</comp>

<comp id="18" class="1001" name="const_18">
<pin_list>
<pin id="19" dir="1" index="0" bw="1" slack="0"/>
</pin_list>
<bind>
<StgValue><ssdm name="_ssdm_op_BitConcatenate.i11.i10.i1"/></StgValue>
</bind>
</comp>

<comp id="20" class="1001" name="const_20">
<pin_list>
<pin id="21" dir="1" index="0" bw="1" slack="0"/>
</pin_list>
<bind>
<StgValue><ssdm name=""/></StgValue>
</bind>
</comp>

<comp id="22" class="1001" name="const_22">
<pin_list>
<pin id="23" dir="1" index="0" bw="1" slack="0"/>
</pin_list>
<bind>
<StgValue><ssdm name=""/></StgValue>
</bind>
</comp>

<comp id="24" class="1004" name="p_read25_read_fu_24">
<pin_list>
<pin id="25" dir="0" index="0" bw="10" slack="0"/>
<pin id="26" dir="0" index="1" bw="10" slack="0"/>
<pin id="27" dir="1" index="2" bw="10" slack="0"/>
</pin_list>
<bind>
<opcode="read(1150) " fcode="read"/>
<opset="p_read25/1 "/>
</bind>
</comp>

<comp id="30" class="1004" name="p_read14_read_fu_30">
<pin_list>
<pin id="31" dir="0" index="0" bw="11" slack="0"/>
<pin id="32" dir="0" index="1" bw="11" slack="0"/>
<pin id="33" dir="1" index="2" bw="11" slack="0"/>
</pin_list>
<bind>
<opcode="read(1150) " fcode="read"/>
<opset="p_read14/1 "/>
</bind>
</comp>

<comp id="36" class="1004" name="p_read_3021_read_fu_36">
<pin_list>
<pin id="37" dir="0" index="0" bw="11" slack="0"/>
<pin id="38" dir="0" index="1" bw="11" slack="0"/>
<pin id="39" dir="1" index="2" bw="11" slack="0"/>
</pin_list>
<bind>
<opcode="read(1150) " fcode="read"/>
<opset="p_read_3021/1 "/>
</bind>
</comp>

<comp id="42" class="1004" name="shl_ln_fu_42">
<pin_list>
<pin id="43" dir="0" index="0" bw="11" slack="0"/>
<pin id="44" dir="0" index="1" bw="10" slack="0"/>
<pin id="45" dir="0" index="2" bw="1" slack="0"/>
<pin id="46" dir="1" index="3" bw="11" slack="0"/>
</pin_list>
<bind>
<opcode="bitconcatenate(1004) " fcode="bitconcatenate"/>
<opset="shl_ln/1 "/>
</bind>
</comp>

<comp id="50" class="1004" name="mrv_fu_50">
<pin_list>
<pin id="51" dir="0" index="0" bw="33" slack="0"/>
<pin id="52" dir="0" index="1" bw="11" slack="0"/>
<pin id="53" dir="1" index="2" bw="33" slack="0"/>
</pin_list>
<bind>
<opcode="insertvalue(57) " fcode="insertvalue"/>
<opset="mrv/1 "/>
</bind>
</comp>

<comp id="56" class="1004" name="mrv_1_fu_56">
<pin_list>
<pin id="57" dir="0" index="0" bw="33" slack="0"/>
<pin id="58" dir="0" index="1" bw="11" slack="0"/>
<pin id="59" dir="1" index="2" bw="33" slack="0"/>
</pin_list>
<bind>
<opcode="insertvalue(57) " fcode="insertvalue"/>
<opset="mrv_1/1 "/>
</bind>
</comp>

<comp id="62" class="1004" name="mrv_2_fu_62">
<pin_list>
<pin id="63" dir="0" index="0" bw="33" slack="0"/>
<pin id="64" dir="0" index="1" bw="11" slack="0"/>
<pin id="65" dir="1" index="2" bw="33" slack="2147483647"/>
</pin_list>
<bind>
<opcode="insertvalue(57) " fcode="insertvalue"/>
<opset="mrv_2/1 "/>
</bind>
</comp>

</comp_list>

<net_list>
<net id="28"><net_src comp="14" pin="0"/><net_sink comp="24" pin=0"/></net>

<net id="29"><net_src comp="4" pin="0"/><net_sink comp="24" pin=1"/></net>

<net id="34"><net_src comp="16" pin="0"/><net_sink comp="30" pin=0"/></net>

<net id="35"><net_src comp="2" pin="0"/><net_sink comp="30" pin=1"/></net>

<net id="40"><net_src comp="16" pin="0"/><net_sink comp="36" pin=0"/></net>

<net id="41"><net_src comp="0" pin="0"/><net_sink comp="36" pin=1"/></net>

<net id="47"><net_src comp="18" pin="0"/><net_sink comp="42" pin=0"/></net>

<net id="48"><net_src comp="24" pin="2"/><net_sink comp="42" pin=1"/></net>

<net id="49"><net_src comp="20" pin="0"/><net_sink comp="42" pin=2"/></net>

<net id="54"><net_src comp="22" pin="0"/><net_sink comp="50" pin=0"/></net>

<net id="55"><net_src comp="36" pin="2"/><net_sink comp="50" pin=1"/></net>

<net id="60"><net_src comp="50" pin="2"/><net_sink comp="56" pin=0"/></net>

<net id="61"><net_src comp="30" pin="2"/><net_sink comp="56" pin=1"/></net>

<net id="66"><net_src comp="56" pin="2"/><net_sink comp="62" pin=0"/></net>

<net id="67"><net_src comp="42" pin="3"/><net_sink comp="62" pin=1"/></net>

</net_list>

</model> 
---------------- Datapath Model END ------------------

* FSMD analyzer results:
  - Output states:
 - Input state : 
	Port: concatenate1d<ap_fixed,ap_fixed,ap_fixed<16,6,5,3,0>,config14> : p_read | {1 }
	Port: concatenate1d<ap_fixed,ap_fixed,ap_fixed<16,6,5,3,0>,config14> : p_read1 | {1 }
	Port: concatenate1d<ap_fixed,ap_fixed,ap_fixed<16,6,5,3,0>,config14> : p_read2 | {1 }
  - Chain level:
	State 1
		mrv_1 : 1
		mrv_2 : 2
		ret_ln125 : 3


============================================================
+ Verbose Summary: Datapath Resource usage 
============================================================

* Functional unit list:
|----------|------------------------|
| Operation|     Functional Unit    |
|----------|------------------------|
|          |   p_read25_read_fu_24  |
|   read   |   p_read14_read_fu_30  |
|          | p_read_3021_read_fu_36 |
|----------|------------------------|
|bitconcatenate|      shl_ln_fu_42      |
|----------|------------------------|
|          |        mrv_fu_50       |
|insertvalue|       mrv_1_fu_56      |
|          |       mrv_2_fu_62      |
|----------|------------------------|
|   Total  |                        |
|----------|------------------------|

Memories:
N/A

* Register list:
N/A

* Multiplexer (MUX) list: 
|--------|------|------|------|--------|
|  Comp  |  Pin | Size |  BW  | S x BW |
|--------|------|------|------|--------|
|  Total |      |      |      |    0   |
|--------|------|------|------|--------|



* Summary:
+-----------+
|           |
+-----------+
|  Function |
|   Memory  |
|Multiplexer|
|  Register |
+-----------+
|   Total   |
+-----------+
