

================================================================
== Vitis HLS Report for 'concatenate1d_ap_fixed_ap_fixed_ap_fixed_16_6_5_3_0_config11_s'
================================================================
* Date:           Tue May  5 12:05:31 2026

* Version:        2024.1 (Build 5069499 on May 21 2024)
* Project:        myproject_prj
* Solution:       solution1 (Vivado IP Flow Target)
* Product family: zynq
* Target device:  xc7z020-clg400-1


================================================================
== Performance Estimates
================================================================
+ Timing: 
    * Summary: 
    +--------+---------+----------+------------+
    |  Clock |  Target | Estimated| Uncertainty|
    +--------+---------+----------+------------+
    |ap_clk  |  5.00 ns|  2.188 ns|     0.62 ns|
    +--------+---------+----------+------------+

+ Latency: 
    * Summary: 
    +---------+---------+----------+----------+-----+-----+---------+
    |  Latency (cycles) |  Latency (absolute) |  Interval | Pipeline|
    |   min   |   max   |    min   |    max   | min | max |   Type  |
    +---------+---------+----------+----------+-----+-----+---------+
    |        0|        0|      0 ns|      0 ns|    1|    1|      yes|
    +---------+---------+----------+----------+-----+-----+---------+

    + Detail: 
        * Instance: 
        N/A

        * Loop: 
        N/A

============================================================
+ Verbose Summary: Synthesis Manager
============================================================
InlineROM: 1
ExposeGlobal: 0
============================================================
+ Verbose Summary: CDFG Model
============================================================
IsTopModel: 0
ResetActiveHigh: 1
IsCombinational: 2
IsDatapathOnly: 0
HasWiredReturn: 1
HasMFsm: 2
HasVarLatency: 0
IsPipeline: 1
IsRtlPipelined: 0
IsInstanceOverlapped: 0
IsDontTouch: 0
HasImplIP: 0
IsGatedGlobalClock: 0

+ Individual pipeline summary: 
  * Pipeline-0: initiation interval (II) = 1, depth = 1


============================================================
+ Verbose Summary: Schedule
============================================================
* Number of FSM states : 1
* Pipeline : 1
  Pipeline-0 : II = 1, D = 1, States = { 1 }
* Dataflow Pipeline: 0

* FSM state transitions: 
1 --> 

* FSM state operations: 

State 1 <SV = 0> <Delay = 2.18>
ST_1 : Operation 2 [1/1] (0.00ns)   --->   "%specpipeline_ln117 = specpipeline void @_ssdm_op_SpecPipeline, i32 4294967295, i32 0, i32 0, i32 0, void @empty_0" [firmware/nnet_utils/nnet_merge.h:117]   --->   Operation 2 'specpipeline' 'specpipeline_ln117' <Predicate = true> <Delay = 0.00>
ST_1 : Operation 3 [1/1] (2.18ns)   --->   "%p_read13 = read i10 @_ssdm_op_Read.ap_auto.i10, i10 %p_read1" [firmware/nnet_utils/nnet_merge.h:120]   --->   Operation 3 'read' 'p_read13' <Predicate = true> <Delay = 2.18> <CoreInst = "FIFO_SRL">   --->   Core 80 'FIFO_SRL' <Latency = 0> <II = 1> <Delay = 3.63> <Storage> <Opcode : 'read' 'write' 'nbread' 'nbwrite'> <Ports = 0> <Width = -1> <Depth = -1> <FIFO>
ST_1 : Operation 4 [1/1] (2.18ns)   --->   "%p_read_3022 = read i10 @_ssdm_op_Read.ap_auto.i10, i10 %p_read" [firmware/nnet_utils/nnet_merge.h:120]   --->   Operation 4 'read' 'p_read_3022' <Predicate = true> <Delay = 2.18> <CoreInst = "FIFO_SRL">   --->   Core 80 'FIFO_SRL' <Latency = 0> <II = 1> <Delay = 3.63> <Storage> <Opcode : 'read' 'write' 'nbread' 'nbwrite'> <Ports = 0> <Width = -1> <Depth = -1> <FIFO>
ST_1 : Operation 5 [1/1] (0.00ns)   --->   "%shl_ln = bitconcatenate i11 @_ssdm_op_BitConcatenate.i11.i10.i1, i10 %p_read_3022, i1 0" [firmware/nnet_utils/nnet_merge.h:120]   --->   Operation 5 'bitconcatenate' 'shl_ln' <Predicate = true> <Delay = 0.00>
ST_1 : Operation 6 [1/1] (0.00ns)   --->   "%shl_ln1 = bitconcatenate i11 @_ssdm_op_BitConcatenate.i11.i10.i1, i10 %p_read13, i1 0" [firmware/nnet_utils/nnet_merge.h:123]   --->   Operation 6 'bitconcatenate' 'shl_ln1' <Predicate = true> <Delay = 0.00>
ST_1 : Operation 7 [1/1] (0.00ns)   --->   "%mrv = insertvalue i22 <undef>, i11 %shl_ln" [firmware/nnet_utils/nnet_merge.h:125]   --->   Operation 7 'insertvalue' 'mrv' <Predicate = true> <Delay = 0.00>
ST_1 : Operation 8 [1/1] (0.00ns)   --->   "%mrv_1 = insertvalue i22 %mrv, i11 %shl_ln1" [firmware/nnet_utils/nnet_merge.h:125]   --->   Operation 8 'insertvalue' 'mrv_1' <Predicate = true> <Delay = 0.00>
ST_1 : Operation 9 [1/1] (0.00ns)   --->   "%ret_ln125 = ret i22 %mrv_1" [firmware/nnet_utils/nnet_merge.h:125]   --->   Operation 9 'ret' 'ret_ln125' <Predicate = true> <Delay = 0.00>


============================================================
+ Verbose Summary: Binding
============================================================
STG Binding: 
---------------- STG Properties BEGIN ----------------
- Is combinational: 0
- Is one-state seq: 1
- Is datapath-only: 0
- Is pipelined: 1
- Is top level: 0
Port [ Return ] is wired: 1; IO mode=ap_ctrl_hs:ce=0
Port [ p_read]:  wired=1; compound=0; hidden=0; nouse=0; global=0; static=0; extern=0; dir=0; type=0; pingpong=0; private_global=0; IO mode=ap_none:ce=0
Port [ p_read1]:  wired=1; compound=0; hidden=0; nouse=0; global=0; static=0; extern=0; dir=0; type=0; pingpong=0; private_global=0; IO mode=ap_none:ce=0
---------------- STG Properties END ------------------

---------------- Datapath Model BEGIN ----------------

<LifeTime>
<method=bitvector/>
specpipeline_ln117 (specpipeline  ) [ 00]
p_read13           (read          ) [ 00]
p_read_3022        (read          ) [ 00]
shl_ln             (bitconcatenate) [ 00]
shl_ln1            (bitconcatenate) [ 00]
mrv                (insertvalue   ) [ 00]
mrv_1              (insertvalue   ) [ 00]
ret_ln125          (ret           ) [ 00]
</LifeTime>

<model>

<comp_list>
<comp id="0" class="1000" name="p_read">
<pin_list>
<pin id="1" dir="1" index="0" bw="1" slack="0"/>
</pin_list>
<bind>
<StgValue><ssdm name="p_read"/></StgValue>
</bind>
</comp>

<comp id="2" class="1000" name="p_read1">
<pin_list>
<pin id="3" dir="1" index="0" bw="1" slack="0"/>
</pin_list>
<bind>
<StgValue><ssdm name="p_read1"/></StgValue>
</bind>
</comp>

<comp id="4" class="1001" name="const_4">
<pin_list>
<pin id="5" dir="1" index="0" bw="1" slack="2147483647"/>
</pin_list>
<bind>
<StgValue><ssdm name="_ssdm_op_SpecPipeline"/></StgValue>
</bind>
</comp>

<comp id="6" class="1001" name="const_6">
<pin_list>
<pin id="7" dir="1" index="0" bw="1" slack="2147483647"/>
</pin_list>
<bind>
<StgValue><ssdm name=""/></StgValue>
</bind>
</comp>

<comp id="8" class="1001" name="const_8">
<pin_list>
<pin id="9" dir="1" index="0" bw="1" slack="2147483647"/>
</pin_list>
<bind>
<StgValue><ssdm name=""/></StgValue>
</bind>
</comp>

<comp id="10" class="1001" name="const_10">
<pin_list>
<pin id="11" dir="1" index="0" bw="1" slack="2147483647"/>
</pin_list>
<bind>
<StgValue><ssdm name="empty_0"/></StgValue>
</bind>
</comp>

<comp id="12" class="1001" name="const_12">
<pin_list>
<pin id="13" dir="1" index="0" bw="1" slack="0"/>
</pin_list>
<bind>
<StgValue><ssdm name="_ssdm_op_Read.ap_auto.i10"/></StgValue>
</bind>
</comp>

<comp id="14" class="1001" name="const_14">
<pin_list>
<pin id="15" dir="1" index="0" bw="1" slack="0"/>
</pin_list>
<bind>
<StgValue><ssdm name="_ssdm_op_BitConcatenate.i11.i10.i1"/></StgValue>
</bind>
</comp>

<comp id="16" class="1001" name="const_16">
<pin_list>
<pin id="17" dir="1" index="0" bw="1" slack="0"/>
</pin_list>
<bind>
<StgValue><ssdm name=""/></StgValue>
</bind>
</comp>

<comp id="18" class="1001" name="const_18">
<pin_list>
<pin id="19" dir="1" index="0" bw="1" slack="0"/>
</pin_list>
<bind>
<StgValue><ssdm name=""/></StgValue>
</bind>
</comp>

<comp id="20" class="1004" name="p_read13_read_fu_20">
<pin_list>
<pin id="21" dir="0" index="0" bw="10" slack="0"/>
<pin id="22" dir="0" index="1" bw="10" slack="0"/>
<pin id="23" dir="1" index="2" bw="10" slack="0"/>
</pin_list>
<bind>
<opcode="read(1150) " fcode="read"/>
<opset="p_read13/1 "/>
</bind>
</comp>

<comp id="26" class="1004" name="p_read_3022_read_fu_26">
<pin_list>
<pin id="27" dir="0" index="0" bw="10" slack="0"/>
<pin id="28" dir="0" index="1" bw="10" slack="0"/>
<pin id="29" dir="1" index="2" bw="10" slack="0"/>
</pin_list>
<bind>
<opcode="read(1150) " fcode="read"/>
<opset="p_read_3022/1 "/>
</bind>
</comp>

<comp id="32" class="1004" name="shl_ln_fu_32">
<pin_list>
<pin id="33" dir="0" index="0" bw="11" slack="0"/>
<pin id="34" dir="0" index="1" bw="10" slack="0"/>
<pin id="35" dir="0" index="2" bw="1" slack="0"/>
<pin id="36" dir="1" index="3" bw="11" slack="0"/>
</pin_list>
<bind>
<opcode="bitconcatenate(1004) " fcode="bitconcatenate"/>
<opset="shl_ln/1 "/>
</bind>
</comp>

<comp id="40" class="1004" name="shl_ln1_fu_40">
<pin_list>
<pin id="41" dir="0" index="0" bw="11" slack="0"/>
<pin id="42" dir="0" index="1" bw="10" slack="0"/>
<pin id="43" dir="0" index="2" bw="1" slack="0"/>
<pin id="44" dir="1" index="3" bw="11" slack="0"/>
</pin_list>
<bind>
<opcode="bitconcatenate(1004) " fcode="bitconcatenate"/>
<opset="shl_ln1/1 "/>
</bind>
</comp>

<comp id="48" class="1004" name="mrv_fu_48">
<pin_list>
<pin id="49" dir="0" index="0" bw="22" slack="0"/>
<pin id="50" dir="0" index="1" bw="11" slack="0"/>
<pin id="51" dir="1" index="2" bw="22" slack="0"/>
</pin_list>
<bind>
<opcode="insertvalue(57) " fcode="insertvalue"/>
<opset="mrv/1 "/>
</bind>
</comp>

<comp id="54" class="1004" name="mrv_1_fu_54">
<pin_list>
<pin id="55" dir="0" index="0" bw="22" slack="0"/>
<pin id="56" dir="0" index="1" bw="11" slack="0"/>
<pin id="57" dir="1" index="2" bw="22" slack="2147483647"/>
</pin_list>
<bind>
<opcode="insertvalue(57) " fcode="insertvalue"/>
<opset="mrv_1/1 "/>
</bind>
</comp>

</comp_list>

<net_list>
<net id="24"><net_src comp="12" pin="0"/><net_sink comp="20" pin=0"/></net>

<net id="25"><net_src comp="2" pin="0"/><net_sink comp="20" pin=1"/></net>

<net id="30"><net_src comp="12" pin="0"/><net_sink comp="26" pin=0"/></net>

<net id="31"><net_src comp="0" pin="0"/><net_sink comp="26" pin=1"/></net>

<net id="37"><net_src comp="14" pin="0"/><net_sink comp="32" pin=0"/></net>

<net id="38"><net_src comp="26" pin="2"/><net_sink comp="32" pin=1"/></net>

<net id="39"><net_src comp="16" pin="0"/><net_sink comp="32" pin=2"/></net>

<net id="45"><net_src comp="14" pin="0"/><net_sink comp="40" pin=0"/></net>

<net id="46"><net_src comp="20" pin="2"/><net_sink comp="40" pin=1"/></net>

<net id="47"><net_src comp="16" pin="0"/><net_sink comp="40" pin=2"/></net>

<net id="52"><net_src comp="18" pin="0"/><net_sink comp="48" pin=0"/></net>

<net id="53"><net_src comp="32" pin="3"/><net_sink comp="48" pin=1"/></net>

<net id="58"><net_src comp="48" pin="2"/><net_sink comp="54" pin=0"/></net>

<net id="59"><net_src comp="40" pin="3"/><net_sink comp="54" pin=1"/></net>

</net_list>

</model> 
---------------- Datapath Model END ------------------

* FSMD analyzer results:
  - Output states:
 - Input state : 
	Port: concatenate1d<ap_fixed,ap_fixed,ap_fixed<16,6,5,3,0>,config11> : p_read | {1 }
	Port: concatenate1d<ap_fixed,ap_fixed,ap_fixed<16,6,5,3,0>,config11> : p_read1 | {1 }
  - Chain level:
	State 1
		mrv : 1
		mrv_1 : 2
		ret_ln125 : 3


============================================================
+ Verbose Summary: Datapath Resource usage 
============================================================

* Functional unit list:
|----------|------------------------|
| Operation|     Functional Unit    |
|----------|------------------------|
|   read   |   p_read13_read_fu_20  |
|          | p_read_3022_read_fu_26 |
|----------|------------------------|
|bitconcatenate|      shl_ln_fu_32      |
|          |      shl_ln1_fu_40     |
|----------|------------------------|
|insertvalue|        mrv_fu_48       |
|          |       mrv_1_fu_54      |
|----------|------------------------|
|   Total  |                        |
|----------|------------------------|

Memories:
N/A

* Register list:
N/A

* Multiplexer (MUX) list: 
|--------|------|------|------|--------|
|  Comp  |  Pin | Size |  BW  | S x BW |
|--------|------|------|------|--------|
|  Total |      |      |      |    0   |
|--------|------|------|------|--------|



* Summary:
+-----------+
|           |
+-----------+
|  Function |
|   Memory  |
|Multiplexer|
|  Register |
+-----------+
|   Total   |
+-----------+
