

================================================================
== Vitis HLS Report for 'dense_resource_ap_fixed_16_6_5_3_0_ap_fixed_16_6_5_3_0_config16_s'
================================================================
* Date:           Tue May  5 12:07:49 2026

* Version:        2024.1 (Build 5069499 on May 21 2024)
* Project:        myproject_prj
* Solution:       solution1 (Vivado IP Flow Target)
* Product family: zynq
* Target device:  xc7z020-clg400-1


================================================================
== Performance Estimates
================================================================
+ Timing: 
    * Summary: 
    +--------+---------+----------+------------+
    |  Clock |  Target | Estimated| Uncertainty|
    +--------+---------+----------+------------+
    |ap_clk  |  5.00 ns|  9.620 ns|     0.62 ns|
    +--------+---------+----------+------------+

+ Latency: 
    * Summary: 
    +---------+---------+----------+----------+-----+-----+------------------------------------------+
    |  Latency (cycles) |  Latency (absolute) |  Interval |                 Pipeline                 |
    |   min   |   max   |    min   |    max   | min | max |                   Type                   |
    +---------+---------+----------+----------+-----+-----+------------------------------------------+
    |       21|       22|  0.202 us|  0.212 us|   18|   18|  loop rewind stp(delay=0 clock cycles(s))|
    +---------+---------+----------+----------+-----+-----+------------------------------------------+

    + Detail: 
        * Instance: 
        N/A

        * Loop: 
        +-------------+---------+---------+----------+-----------+-----------+------+----------+
        |             |  Latency (cycles) | Iteration|  Initiation Interval  | Trip |          |
        |  Loop Name  |   min   |   max   |  Latency |  achieved |   target  | Count| Pipelined|
        +-------------+---------+---------+----------+-----------+-----------+------+----------+
        |- ReuseLoop  |       21|       21|         5|          1|          1|    18|       yes|
        +-------------+---------+---------+----------+-----------+-----------+------+----------+

============================================================
+ Verbose Summary: Synthesis Manager
============================================================
InlineROM: 1
ExposeGlobal: 0
============================================================
+ Verbose Summary: CDFG Model
============================================================
IsTopModel: 0
ResetActiveHigh: 1
IsCombinational: 2
IsDatapathOnly: 0
HasWiredReturn: 1
HasMFsm: 2
HasVarLatency: 1
IsPipeline: 0
IsRtlPipelined: 0
IsInstanceOverlapped: 0
IsDontTouch: 0
HasImplIP: 0
IsGatedGlobalClock: 0

+ Individual pipeline summary: 
  * Pipeline-0: initiation interval (II) = 1, depth = 5


============================================================
+ Verbose Summary: Schedule
============================================================
* Number of FSM states : 5
* Pipeline : 1
  Pipeline-0 : II = 1, D = 5, States = { 1 2 3 4 5 }
* Dataflow Pipeline: 0

* FSM state transitions: 
1 --> 2 
2 --> 3 
3 --> 4 
4 --> 5 
5 --> 

* FSM state operations: 

State 1 <SV = 0> <Delay = 5.78>
ST_1 : Operation 7 [1/1] (1.58ns)   --->   "%br_ln124 = br void %rewind_header" [firmware/nnet_utils/nnet_dense_resource.h:124->firmware/nnet_utils/nnet_dense_resource.h:242]   --->   Operation 7 'br' 'br_ln124' <Predicate = true> <Delay = 1.58>
ST_1 : Operation 8 [1/1] (0.00ns)   --->   "%do_init = phi i1 1, void %entry, i1 0, void %for.body19.i.split_ifconv, i1 1, void %for.body51.i"   --->   Operation 8 'phi' 'do_init' <Predicate = true> <Delay = 0.00>
ST_1 : Operation 9 [1/1] (0.00ns)   --->   "%ir49 = phi i5 0, void %entry, i5 %ir, void %for.body19.i.split_ifconv, i5 0, void %for.body51.i"   --->   Operation 9 'phi' 'ir49' <Predicate = true> <Delay = 0.00>
ST_1 : Operation 10 [1/1] (2.18ns)   --->   "%p_read263 = read i11 @_ssdm_op_Read.ap_auto.i11, i11 %p_read2" [firmware/nnet_utils/nnet_dense_resource.h:124->firmware/nnet_utils/nnet_dense_resource.h:242]   --->   Operation 10 'read' 'p_read263' <Predicate = (do_init)> <Delay = 2.18> <CoreInst = "FIFO_SRL">   --->   Core 80 'FIFO_SRL' <Latency = 0> <II = 1> <Delay = 3.63> <Storage> <Opcode : 'read' 'write' 'nbread' 'nbwrite'> <Ports = 0> <Width = -1> <Depth = -1> <FIFO>
ST_1 : Operation 11 [1/1] (2.18ns)   --->   "%p_read162 = read i11 @_ssdm_op_Read.ap_auto.i11, i11 %p_read1" [firmware/nnet_utils/nnet_dense_resource.h:124->firmware/nnet_utils/nnet_dense_resource.h:242]   --->   Operation 11 'read' 'p_read162' <Predicate = (do_init)> <Delay = 2.18> <CoreInst = "FIFO_SRL">   --->   Core 80 'FIFO_SRL' <Latency = 0> <II = 1> <Delay = 3.63> <Storage> <Opcode : 'read' 'write' 'nbread' 'nbwrite'> <Ports = 0> <Width = -1> <Depth = -1> <FIFO>
ST_1 : Operation 12 [1/1] (2.18ns)   --->   "%p_read61 = read i11 @_ssdm_op_Read.ap_auto.i11, i11 %p_read" [firmware/nnet_utils/nnet_dense_resource.h:124->firmware/nnet_utils/nnet_dense_resource.h:242]   --->   Operation 12 'read' 'p_read61' <Predicate = (do_init)> <Delay = 2.18> <CoreInst = "FIFO_SRL">   --->   Core 80 'FIFO_SRL' <Latency = 0> <II = 1> <Delay = 3.63> <Storage> <Opcode : 'read' 'write' 'nbread' 'nbwrite'> <Ports = 0> <Width = -1> <Depth = -1> <FIFO>
ST_1 : Operation 13 [1/1] (1.58ns)   --->   "%br_ln124 = br void %for.body19.i.split_ifconv" [firmware/nnet_utils/nnet_dense_resource.h:124->firmware/nnet_utils/nnet_dense_resource.h:242]   --->   Operation 13 'br' 'br_ln124' <Predicate = (do_init)> <Delay = 1.58>
ST_1 : Operation 14 [1/1] (0.00ns)   --->   "%zext_ln124 = zext i5 %ir49" [firmware/nnet_utils/nnet_dense_resource.h:124->firmware/nnet_utils/nnet_dense_resource.h:242]   --->   Operation 14 'zext' 'zext_ln124' <Predicate = true> <Delay = 0.00>
ST_1 : Operation 15 [1/1] (0.00ns)   --->   "%zext_ln124_1 = zext i5 %ir49" [firmware/nnet_utils/nnet_dense_resource.h:124->firmware/nnet_utils/nnet_dense_resource.h:242]   --->   Operation 15 'zext' 'zext_ln124_1' <Predicate = true> <Delay = 0.00>
ST_1 : Operation 16 [1/1] (0.00ns)   --->   "%zext_ln124_2 = zext i5 %ir49" [firmware/nnet_utils/nnet_dense_resource.h:124->firmware/nnet_utils/nnet_dense_resource.h:242]   --->   Operation 16 'zext' 'zext_ln124_2' <Predicate = true> <Delay = 0.00>
ST_1 : Operation 17 [1/1] (0.00ns)   --->   "%outidx_i_addr = getelementptr i3 %outidx_i, i64 0, i64 %zext_ln124" [firmware/nnet_utils/nnet_dense_resource.h:127->firmware/nnet_utils/nnet_dense_resource.h:242]   --->   Operation 17 'getelementptr' 'outidx_i_addr' <Predicate = true> <Delay = 0.00>
ST_1 : Operation 18 [2/2] (2.32ns)   --->   "%out_index = load i5 %outidx_i_addr" [firmware/nnet_utils/nnet_dense_resource.h:127->firmware/nnet_utils/nnet_dense_resource.h:242]   --->   Operation 18 'load' 'out_index' <Predicate = true> <Delay = 2.32> <CoreInst = "ROM">   --->   Core 94 'ROM' <Latency = 1> <II = 1> <Delay = 2.32> <Storage> <Opcode : 'load'> <Ports = 0> <Width = 3> <Depth = 18> <ROM>
ST_1 : Operation 19 [1/1] (0.00ns)   --->   "%w16_addr = getelementptr i8 %w16, i64 0, i64 %zext_ln124" [firmware/nnet_utils/nnet_dense_resource.h:124->firmware/nnet_utils/nnet_dense_resource.h:242]   --->   Operation 19 'getelementptr' 'w16_addr' <Predicate = true> <Delay = 0.00>
ST_1 : Operation 20 [2/2] (2.32ns)   --->   "%w = load i7 %w16_addr" [firmware/nnet_utils/nnet_dense_resource.h:124->firmware/nnet_utils/nnet_dense_resource.h:242]   --->   Operation 20 'load' 'w' <Predicate = true> <Delay = 2.32> <CoreInst = "ROM">   --->   Core 94 'ROM' <Latency = 1> <II = 1> <Delay = 2.32> <Storage> <Opcode : 'load'> <Ports = 0> <Width = 8> <Depth = 72> <ROM>
ST_1 : Operation 21 [1/1] (1.82ns)   --->   "%add_ln135 = add i6 %zext_ln124_2, i6 18" [firmware/nnet_utils/nnet_dense_resource.h:135->firmware/nnet_utils/nnet_dense_resource.h:242]   --->   Operation 21 'add' 'add_ln135' <Predicate = true> <Delay = 1.82> <CoreInst = "Adder">   --->   Core 1 'Adder' <Latency = 0> <II = 1> <Delay = 1.82> <FuncUnit> <Opcode : 'add' 'sub'> <InPorts = 2> <OutPorts = 1>
ST_1 : Operation 22 [1/1] (0.00ns)   --->   "%add_ln135_cast = zext i6 %add_ln135" [firmware/nnet_utils/nnet_dense_resource.h:135->firmware/nnet_utils/nnet_dense_resource.h:242]   --->   Operation 22 'zext' 'add_ln135_cast' <Predicate = true> <Delay = 0.00>
ST_1 : Operation 23 [1/1] (0.00ns)   --->   "%w16_addr_1 = getelementptr i8 %w16, i64 0, i64 %add_ln135_cast" [firmware/nnet_utils/nnet_dense_resource.h:135->firmware/nnet_utils/nnet_dense_resource.h:242]   --->   Operation 23 'getelementptr' 'w16_addr_1' <Predicate = true> <Delay = 0.00>
ST_1 : Operation 24 [2/2] (2.32ns)   --->   "%w_2736 = load i7 %w16_addr_1" [firmware/nnet_utils/nnet_dense_resource.h:135->firmware/nnet_utils/nnet_dense_resource.h:242]   --->   Operation 24 'load' 'w_2736' <Predicate = true> <Delay = 2.32> <CoreInst = "ROM">   --->   Core 94 'ROM' <Latency = 1> <II = 1> <Delay = 2.32> <Storage> <Opcode : 'load'> <Ports = 0> <Width = 8> <Depth = 72> <ROM>
ST_1 : Operation 25 [1/1] (1.82ns)   --->   "%add_ln135_1 = add i6 %zext_ln124_2, i6 36" [firmware/nnet_utils/nnet_dense_resource.h:135->firmware/nnet_utils/nnet_dense_resource.h:242]   --->   Operation 25 'add' 'add_ln135_1' <Predicate = true> <Delay = 1.82> <CoreInst = "Adder">   --->   Core 1 'Adder' <Latency = 0> <II = 1> <Delay = 1.82> <FuncUnit> <Opcode : 'add' 'sub'> <InPorts = 2> <OutPorts = 1>
ST_1 : Operation 26 [1/1] (0.00ns)   --->   "%add_ln135_1_cast = zext i6 %add_ln135_1" [firmware/nnet_utils/nnet_dense_resource.h:135->firmware/nnet_utils/nnet_dense_resource.h:242]   --->   Operation 26 'zext' 'add_ln135_1_cast' <Predicate = true> <Delay = 0.00>
ST_1 : Operation 27 [1/1] (0.00ns)   --->   "%w16_addr_2 = getelementptr i8 %w16, i64 0, i64 %add_ln135_1_cast" [firmware/nnet_utils/nnet_dense_resource.h:135->firmware/nnet_utils/nnet_dense_resource.h:242]   --->   Operation 27 'getelementptr' 'w16_addr_2' <Predicate = true> <Delay = 0.00>
ST_1 : Operation 28 [2/2] (2.32ns)   --->   "%w_2737 = load i7 %w16_addr_2" [firmware/nnet_utils/nnet_dense_resource.h:135->firmware/nnet_utils/nnet_dense_resource.h:242]   --->   Operation 28 'load' 'w_2737' <Predicate = true> <Delay = 2.32> <CoreInst = "ROM">   --->   Core 94 'ROM' <Latency = 1> <II = 1> <Delay = 2.32> <Storage> <Opcode : 'load'> <Ports = 0> <Width = 8> <Depth = 72> <ROM>
ST_1 : Operation 29 [1/1] (1.87ns)   --->   "%add_ln135_2 = add i7 %zext_ln124_1, i7 54" [firmware/nnet_utils/nnet_dense_resource.h:135->firmware/nnet_utils/nnet_dense_resource.h:242]   --->   Operation 29 'add' 'add_ln135_2' <Predicate = true> <Delay = 1.87> <CoreInst = "Adder">   --->   Core 1 'Adder' <Latency = 0> <II = 1> <Delay = 1.87> <FuncUnit> <Opcode : 'add' 'sub'> <InPorts = 2> <OutPorts = 1>
ST_1 : Operation 30 [1/1] (0.00ns)   --->   "%add_ln135_2_cast = zext i7 %add_ln135_2" [firmware/nnet_utils/nnet_dense_resource.h:135->firmware/nnet_utils/nnet_dense_resource.h:242]   --->   Operation 30 'zext' 'add_ln135_2_cast' <Predicate = true> <Delay = 0.00>
ST_1 : Operation 31 [1/1] (0.00ns)   --->   "%w16_addr_3 = getelementptr i8 %w16, i64 0, i64 %add_ln135_2_cast" [firmware/nnet_utils/nnet_dense_resource.h:135->firmware/nnet_utils/nnet_dense_resource.h:242]   --->   Operation 31 'getelementptr' 'w16_addr_3' <Predicate = true> <Delay = 0.00>
ST_1 : Operation 32 [2/2] (2.32ns)   --->   "%w_2738 = load i7 %w16_addr_3" [firmware/nnet_utils/nnet_dense_resource.h:135->firmware/nnet_utils/nnet_dense_resource.h:242]   --->   Operation 32 'load' 'w_2738' <Predicate = true> <Delay = 2.32> <CoreInst = "ROM">   --->   Core 94 'ROM' <Latency = 1> <II = 1> <Delay = 2.32> <Storage> <Opcode : 'load'> <Ports = 0> <Width = 8> <Depth = 72> <ROM>
ST_1 : Operation 33 [1/1] (1.78ns)   --->   "%ir = add i5 %ir49, i5 1" [firmware/nnet_utils/nnet_dense_resource.h:124->firmware/nnet_utils/nnet_dense_resource.h:242]   --->   Operation 33 'add' 'ir' <Predicate = true> <Delay = 1.78> <CoreInst = "Adder">   --->   Core 1 'Adder' <Latency = 0> <II = 1> <Delay = 1.78> <FuncUnit> <Opcode : 'add' 'sub'> <InPorts = 2> <OutPorts = 1>
ST_1 : Operation 34 [1/1] (1.78ns)   --->   "%icmp_ln124 = icmp_eq  i5 %ir49, i5 17" [firmware/nnet_utils/nnet_dense_resource.h:124->firmware/nnet_utils/nnet_dense_resource.h:242]   --->   Operation 34 'icmp' 'icmp_ln124' <Predicate = true> <Delay = 1.78> <CoreInst = "Cmp">   --->   Core 9 'Cmp' <Latency = 0> <II = 1> <Delay = 1.78> <FuncUnit> <Opcode : 'seteq' 'setne' 'setle' 'setge' 'setlt' 'setgt'> <InPorts = 2> <OutPorts = 1>
ST_1 : Operation 35 [1/1] (0.00ns)   --->   "%br_ln124 = br i1 %icmp_ln124, void %rewind_header, void %for.body51.i" [firmware/nnet_utils/nnet_dense_resource.h:124->firmware/nnet_utils/nnet_dense_resource.h:242]   --->   Operation 35 'br' 'br_ln124' <Predicate = true> <Delay = 0.00>
ST_1 : Operation 36 [1/1] (0.00ns)   --->   "%br_ln246 = br void %rewind_header" [firmware/nnet_utils/nnet_dense_resource.h:246]   --->   Operation 36 'br' 'br_ln246' <Predicate = (icmp_ln124)> <Delay = 0.00>

State 2 <SV = 1> <Delay = 6.52>
ST_2 : Operation 37 [1/1] (0.00ns)   --->   "%p_read61_rewind = phi i11 0, void %entry, i11 %p_read61_phi, void %for.body19.i.split_ifconv, i11 0, void %for.body51.i" [firmware/nnet_utils/nnet_dense_resource.h:124->firmware/nnet_utils/nnet_dense_resource.h:242]   --->   Operation 37 'phi' 'p_read61_rewind' <Predicate = true> <Delay = 0.00>
ST_2 : Operation 38 [1/1] (0.00ns)   --->   "%p_read162_rewind = phi i11 0, void %entry, i11 %p_read162_phi, void %for.body19.i.split_ifconv, i11 0, void %for.body51.i" [firmware/nnet_utils/nnet_dense_resource.h:124->firmware/nnet_utils/nnet_dense_resource.h:242]   --->   Operation 38 'phi' 'p_read162_rewind' <Predicate = true> <Delay = 0.00>
ST_2 : Operation 39 [1/1] (0.00ns)   --->   "%p_read263_rewind = phi i11 0, void %entry, i11 %p_read263_phi, void %for.body19.i.split_ifconv, i11 0, void %for.body51.i" [firmware/nnet_utils/nnet_dense_resource.h:124->firmware/nnet_utils/nnet_dense_resource.h:242]   --->   Operation 39 'phi' 'p_read263_rewind' <Predicate = true> <Delay = 0.00>
ST_2 : Operation 40 [1/1] (0.00ns)   --->   "%in_index50 = phi i2 0, void %entry, i2 %in_index, void %for.body19.i.split_ifconv, i2 0, void %for.body51.i"   --->   Operation 40 'phi' 'in_index50' <Predicate = true> <Delay = 0.00>
ST_2 : Operation 41 [1/1] (1.58ns)   --->   "%br_ln0 = br i1 %do_init, void %for.body19.i.split_ifconv, void %rewind_init"   --->   Operation 41 'br' 'br_ln0' <Predicate = true> <Delay = 1.58>
ST_2 : Operation 42 [1/1] (0.00ns)   --->   "%p_read61_phi = phi i11 %p_read61, void %rewind_init, i11 %p_read61_rewind, void %rewind_header" [firmware/nnet_utils/nnet_dense_resource.h:124->firmware/nnet_utils/nnet_dense_resource.h:242]   --->   Operation 42 'phi' 'p_read61_phi' <Predicate = true> <Delay = 0.00>
ST_2 : Operation 43 [1/1] (0.00ns)   --->   "%p_read162_phi = phi i11 %p_read162, void %rewind_init, i11 %p_read162_rewind, void %rewind_header" [firmware/nnet_utils/nnet_dense_resource.h:124->firmware/nnet_utils/nnet_dense_resource.h:242]   --->   Operation 43 'phi' 'p_read162_phi' <Predicate = true> <Delay = 0.00>
ST_2 : Operation 44 [1/1] (0.00ns)   --->   "%p_read263_phi = phi i11 %p_read263, void %rewind_init, i11 %p_read263_rewind, void %rewind_header" [firmware/nnet_utils/nnet_dense_resource.h:124->firmware/nnet_utils/nnet_dense_resource.h:242]   --->   Operation 44 'phi' 'p_read263_phi' <Predicate = true> <Delay = 0.00>
ST_2 : Operation 45 [1/2] (2.32ns)   --->   "%out_index = load i5 %outidx_i_addr" [firmware/nnet_utils/nnet_dense_resource.h:127->firmware/nnet_utils/nnet_dense_resource.h:242]   --->   Operation 45 'load' 'out_index' <Predicate = true> <Delay = 2.32> <CoreInst = "ROM">   --->   Core 94 'ROM' <Latency = 1> <II = 1> <Delay = 2.32> <Storage> <Opcode : 'load'> <Ports = 0> <Width = 3> <Depth = 18> <ROM>
ST_2 : Operation 46 [1/1] (1.58ns)   --->   "%a = sparsemux i11 @_ssdm_op_SparseMux.ap_auto.3i11.i11.i2, i2 0, i11 %p_read61_phi, i2 1, i11 %p_read162_phi, i2 2, i11 %p_read263_phi, i11 0, i2 %in_index50" [firmware/nnet_utils/nnet_dense_resource.h:124->firmware/nnet_utils/nnet_dense_resource.h:242]   --->   Operation 46 'sparsemux' 'a' <Predicate = true> <Delay = 1.58> <CoreInst = "SparseMux">   --->   Core 132 'SparseMux' <Latency = 0> <II = 1> <Delay = 1.58> <FuncUnit> <Opcode : 'sparsemux'> <InPorts = 2> <OutPorts = 1>
ST_2 : Operation 47 [1/2] (2.32ns)   --->   "%w = load i7 %w16_addr" [firmware/nnet_utils/nnet_dense_resource.h:124->firmware/nnet_utils/nnet_dense_resource.h:242]   --->   Operation 47 'load' 'w' <Predicate = true> <Delay = 2.32> <CoreInst = "ROM">   --->   Core 94 'ROM' <Latency = 1> <II = 1> <Delay = 2.32> <Storage> <Opcode : 'load'> <Ports = 0> <Width = 8> <Depth = 72> <ROM>
ST_2 : Operation 48 [1/1] (0.00ns)   --->   "%sext_ln73 = sext i11 %a" [firmware/nnet_utils/nnet_mult.h:73->firmware/nnet_utils/nnet_dense_resource.h:134->firmware/nnet_utils/nnet_dense_resource.h:242]   --->   Operation 48 'sext' 'sext_ln73' <Predicate = true> <Delay = 0.00>
ST_2 : Operation 49 [1/1] (0.00ns)   --->   "%sext_ln73_2736 = sext i8 %w" [firmware/nnet_utils/nnet_mult.h:73->firmware/nnet_utils/nnet_dense_resource.h:134->firmware/nnet_utils/nnet_dense_resource.h:242]   --->   Operation 49 'sext' 'sext_ln73_2736' <Predicate = true> <Delay = 0.00>
ST_2 : Operation 50 [2/2] (3.34ns)   --->   "%mul_ln73 = mul i19 %sext_ln73, i19 %sext_ln73_2736" [firmware/nnet_utils/nnet_mult.h:73->firmware/nnet_utils/nnet_dense_resource.h:134->firmware/nnet_utils/nnet_dense_resource.h:242]   --->   Operation 50 'mul' 'mul_ln73' <Predicate = true> <Delay = 3.34> <CoreInst = "Multiplier">   --->   Core 3 'Multiplier' <Latency = 1> <II = 1> <Delay = 3.34> <FuncUnit> <Opcode : 'mul'> <InPorts = 2> <OutPorts = 1>
ST_2 : Operation 51 [1/2] (2.32ns)   --->   "%w_2736 = load i7 %w16_addr_1" [firmware/nnet_utils/nnet_dense_resource.h:135->firmware/nnet_utils/nnet_dense_resource.h:242]   --->   Operation 51 'load' 'w_2736' <Predicate = true> <Delay = 2.32> <CoreInst = "ROM">   --->   Core 94 'ROM' <Latency = 1> <II = 1> <Delay = 2.32> <Storage> <Opcode : 'load'> <Ports = 0> <Width = 8> <Depth = 72> <ROM>
ST_2 : Operation 52 [1/1] (0.00ns)   --->   "%sext_ln73_2737 = sext i8 %w_2736" [firmware/nnet_utils/nnet_mult.h:73->firmware/nnet_utils/nnet_dense_resource.h:134->firmware/nnet_utils/nnet_dense_resource.h:242]   --->   Operation 52 'sext' 'sext_ln73_2737' <Predicate = true> <Delay = 0.00>
ST_2 : Operation 53 [2/2] (3.34ns)   --->   "%mul_ln73_2736 = mul i19 %sext_ln73, i19 %sext_ln73_2737" [firmware/nnet_utils/nnet_mult.h:73->firmware/nnet_utils/nnet_dense_resource.h:134->firmware/nnet_utils/nnet_dense_resource.h:242]   --->   Operation 53 'mul' 'mul_ln73_2736' <Predicate = true> <Delay = 3.34> <CoreInst = "Multiplier">   --->   Core 3 'Multiplier' <Latency = 1> <II = 1> <Delay = 3.34> <FuncUnit> <Opcode : 'mul'> <InPorts = 2> <OutPorts = 1>
ST_2 : Operation 54 [1/2] (2.32ns)   --->   "%w_2737 = load i7 %w16_addr_2" [firmware/nnet_utils/nnet_dense_resource.h:135->firmware/nnet_utils/nnet_dense_resource.h:242]   --->   Operation 54 'load' 'w_2737' <Predicate = true> <Delay = 2.32> <CoreInst = "ROM">   --->   Core 94 'ROM' <Latency = 1> <II = 1> <Delay = 2.32> <Storage> <Opcode : 'load'> <Ports = 0> <Width = 8> <Depth = 72> <ROM>
ST_2 : Operation 55 [1/1] (0.00ns)   --->   "%sext_ln73_2738 = sext i8 %w_2737" [firmware/nnet_utils/nnet_mult.h:73->firmware/nnet_utils/nnet_dense_resource.h:134->firmware/nnet_utils/nnet_dense_resource.h:242]   --->   Operation 55 'sext' 'sext_ln73_2738' <Predicate = true> <Delay = 0.00>
ST_2 : Operation 56 [2/2] (3.34ns)   --->   "%mul_ln73_2737 = mul i19 %sext_ln73, i19 %sext_ln73_2738" [firmware/nnet_utils/nnet_mult.h:73->firmware/nnet_utils/nnet_dense_resource.h:134->firmware/nnet_utils/nnet_dense_resource.h:242]   --->   Operation 56 'mul' 'mul_ln73_2737' <Predicate = true> <Delay = 3.34> <CoreInst = "Multiplier">   --->   Core 3 'Multiplier' <Latency = 1> <II = 1> <Delay = 3.34> <FuncUnit> <Opcode : 'mul'> <InPorts = 2> <OutPorts = 1>
ST_2 : Operation 57 [1/2] (2.32ns)   --->   "%w_2738 = load i7 %w16_addr_3" [firmware/nnet_utils/nnet_dense_resource.h:135->firmware/nnet_utils/nnet_dense_resource.h:242]   --->   Operation 57 'load' 'w_2738' <Predicate = true> <Delay = 2.32> <CoreInst = "ROM">   --->   Core 94 'ROM' <Latency = 1> <II = 1> <Delay = 2.32> <Storage> <Opcode : 'load'> <Ports = 0> <Width = 8> <Depth = 72> <ROM>
ST_2 : Operation 58 [1/1] (0.00ns)   --->   "%sext_ln73_2739 = sext i8 %w_2738" [firmware/nnet_utils/nnet_mult.h:73->firmware/nnet_utils/nnet_dense_resource.h:134->firmware/nnet_utils/nnet_dense_resource.h:242]   --->   Operation 58 'sext' 'sext_ln73_2739' <Predicate = true> <Delay = 0.00>
ST_2 : Operation 59 [2/2] (3.34ns)   --->   "%mul_ln73_2738 = mul i19 %sext_ln73, i19 %sext_ln73_2739" [firmware/nnet_utils/nnet_mult.h:73->firmware/nnet_utils/nnet_dense_resource.h:134->firmware/nnet_utils/nnet_dense_resource.h:242]   --->   Operation 59 'mul' 'mul_ln73_2738' <Predicate = true> <Delay = 3.34> <CoreInst = "Multiplier">   --->   Core 3 'Multiplier' <Latency = 1> <II = 1> <Delay = 3.34> <FuncUnit> <Opcode : 'mul'> <InPorts = 2> <OutPorts = 1>
ST_2 : Operation 60 [1/1] (1.56ns)   --->   "%in_index_1 = add i2 %in_index50, i2 1" [firmware/nnet_utils/nnet_dense_resource.h:140->firmware/nnet_utils/nnet_dense_resource.h:242]   --->   Operation 60 'add' 'in_index_1' <Predicate = true> <Delay = 1.56> <CoreInst = "Adder">   --->   Core 1 'Adder' <Latency = 0> <II = 1> <Delay = 1.56> <FuncUnit> <Opcode : 'add' 'sub'> <InPorts = 2> <OutPorts = 1>
ST_2 : Operation 61 [1/1] (1.56ns)   --->   "%icmp_ln141 = icmp_eq  i2 %in_index_1, i2 3" [firmware/nnet_utils/nnet_dense_resource.h:141->firmware/nnet_utils/nnet_dense_resource.h:242]   --->   Operation 61 'icmp' 'icmp_ln141' <Predicate = true> <Delay = 1.56> <CoreInst = "Cmp">   --->   Core 9 'Cmp' <Latency = 0> <II = 1> <Delay = 1.56> <FuncUnit> <Opcode : 'seteq' 'setne' 'setle' 'setge' 'setlt' 'setgt'> <InPorts = 2> <OutPorts = 1>
ST_2 : Operation 62 [1/1] (0.99ns)   --->   "%in_index = select i1 %icmp_ln141, i2 0, i2 %in_index_1" [firmware/nnet_utils/nnet_dense_resource.h:141->firmware/nnet_utils/nnet_dense_resource.h:242]   --->   Operation 62 'select' 'in_index' <Predicate = true> <Delay = 0.99> <CoreInst = "Sel">   --->   Core 73 'Sel' <Latency = 0> <II = 1> <Delay = 0.99> <FuncUnit> <Opcode : 'select'> <InPorts = 3> <OutPorts = 1>

State 3 <SV = 2> <Delay = 3.34>
ST_3 : Operation 63 [1/2] (3.34ns)   --->   "%mul_ln73 = mul i19 %sext_ln73, i19 %sext_ln73_2736" [firmware/nnet_utils/nnet_mult.h:73->firmware/nnet_utils/nnet_dense_resource.h:134->firmware/nnet_utils/nnet_dense_resource.h:242]   --->   Operation 63 'mul' 'mul_ln73' <Predicate = true> <Delay = 3.34> <CoreInst = "Multiplier">   --->   Core 3 'Multiplier' <Latency = 1> <II = 1> <Delay = 3.34> <FuncUnit> <Opcode : 'mul'> <InPorts = 2> <OutPorts = 1>
ST_3 : Operation 64 [1/1] (0.00ns)   --->   "%trunc_ln = partselect i12 @_ssdm_op_PartSelect.i12.i19.i32.i32, i19 %mul_ln73, i32 7, i32 18" [firmware/nnet_utils/nnet_dense_resource.h:133->firmware/nnet_utils/nnet_dense_resource.h:242]   --->   Operation 64 'partselect' 'trunc_ln' <Predicate = true> <Delay = 0.00>
ST_3 : Operation 65 [1/1] (1.65ns)   --->   "%icmp_ln133_2 = icmp_eq  i3 %out_index, i3 3" [firmware/nnet_utils/nnet_dense_resource.h:133->firmware/nnet_utils/nnet_dense_resource.h:242]   --->   Operation 65 'icmp' 'icmp_ln133_2' <Predicate = true> <Delay = 1.65> <CoreInst = "Cmp">   --->   Core 9 'Cmp' <Latency = 0> <II = 1> <Delay = 1.65> <FuncUnit> <Opcode : 'seteq' 'setne' 'setle' 'setge' 'setlt' 'setgt'> <InPorts = 2> <OutPorts = 1>
ST_3 : Operation 66 [1/1] (1.65ns)   --->   "%icmp_ln133_4 = icmp_eq  i3 %out_index, i3 2" [firmware/nnet_utils/nnet_dense_resource.h:133->firmware/nnet_utils/nnet_dense_resource.h:242]   --->   Operation 66 'icmp' 'icmp_ln133_4' <Predicate = true> <Delay = 1.65> <CoreInst = "Cmp">   --->   Core 9 'Cmp' <Latency = 0> <II = 1> <Delay = 1.65> <FuncUnit> <Opcode : 'seteq' 'setne' 'setle' 'setge' 'setlt' 'setgt'> <InPorts = 2> <OutPorts = 1>
ST_3 : Operation 67 [1/2] (3.34ns)   --->   "%mul_ln73_2736 = mul i19 %sext_ln73, i19 %sext_ln73_2737" [firmware/nnet_utils/nnet_mult.h:73->firmware/nnet_utils/nnet_dense_resource.h:134->firmware/nnet_utils/nnet_dense_resource.h:242]   --->   Operation 67 'mul' 'mul_ln73_2736' <Predicate = true> <Delay = 3.34> <CoreInst = "Multiplier">   --->   Core 3 'Multiplier' <Latency = 1> <II = 1> <Delay = 3.34> <FuncUnit> <Opcode : 'mul'> <InPorts = 2> <OutPorts = 1>
ST_3 : Operation 68 [1/1] (0.00ns)   --->   "%trunc_ln133_2 = partselect i12 @_ssdm_op_PartSelect.i12.i19.i32.i32, i19 %mul_ln73_2736, i32 7, i32 18" [firmware/nnet_utils/nnet_dense_resource.h:133->firmware/nnet_utils/nnet_dense_resource.h:242]   --->   Operation 68 'partselect' 'trunc_ln133_2' <Predicate = true> <Delay = 0.00>
ST_3 : Operation 69 [1/2] (3.34ns)   --->   "%mul_ln73_2737 = mul i19 %sext_ln73, i19 %sext_ln73_2738" [firmware/nnet_utils/nnet_mult.h:73->firmware/nnet_utils/nnet_dense_resource.h:134->firmware/nnet_utils/nnet_dense_resource.h:242]   --->   Operation 69 'mul' 'mul_ln73_2737' <Predicate = true> <Delay = 3.34> <CoreInst = "Multiplier">   --->   Core 3 'Multiplier' <Latency = 1> <II = 1> <Delay = 3.34> <FuncUnit> <Opcode : 'mul'> <InPorts = 2> <OutPorts = 1>
ST_3 : Operation 70 [1/1] (0.00ns)   --->   "%trunc_ln133_4 = partselect i12 @_ssdm_op_PartSelect.i12.i19.i32.i32, i19 %mul_ln73_2737, i32 7, i32 18" [firmware/nnet_utils/nnet_dense_resource.h:133->firmware/nnet_utils/nnet_dense_resource.h:242]   --->   Operation 70 'partselect' 'trunc_ln133_4' <Predicate = true> <Delay = 0.00>
ST_3 : Operation 71 [1/2] (3.34ns)   --->   "%mul_ln73_2738 = mul i19 %sext_ln73, i19 %sext_ln73_2739" [firmware/nnet_utils/nnet_mult.h:73->firmware/nnet_utils/nnet_dense_resource.h:134->firmware/nnet_utils/nnet_dense_resource.h:242]   --->   Operation 71 'mul' 'mul_ln73_2738' <Predicate = true> <Delay = 3.34> <CoreInst = "Multiplier">   --->   Core 3 'Multiplier' <Latency = 1> <II = 1> <Delay = 3.34> <FuncUnit> <Opcode : 'mul'> <InPorts = 2> <OutPorts = 1>
ST_3 : Operation 72 [1/1] (0.00ns)   --->   "%trunc_ln133_6 = partselect i12 @_ssdm_op_PartSelect.i12.i19.i32.i32, i19 %mul_ln73_2738, i32 7, i32 18" [firmware/nnet_utils/nnet_dense_resource.h:133->firmware/nnet_utils/nnet_dense_resource.h:242]   --->   Operation 72 'partselect' 'trunc_ln133_6' <Predicate = true> <Delay = 0.00>

State 4 <SV = 3> <Delay = 7.22>
ST_4 : Operation 73 [1/1] (0.00ns)   --->   "%acc48 = phi i16 65160, void %entry, i16 %acc, void %for.body19.i.split_ifconv, i16 65160, void %for.body51.i"   --->   Operation 73 'phi' 'acc48' <Predicate = true> <Delay = 0.00>
ST_4 : Operation 74 [1/1] (0.00ns)   --->   "%acc_145 = phi i16 168, void %entry, i16 %acc_1, void %for.body19.i.split_ifconv, i16 168, void %for.body51.i"   --->   Operation 74 'phi' 'acc_145' <Predicate = true> <Delay = 0.00>
ST_4 : Operation 75 [1/1] (0.00ns)   --->   "%acc_243 = phi i16 344, void %entry, i16 %acc_2, void %for.body19.i.split_ifconv, i16 344, void %for.body51.i"   --->   Operation 75 'phi' 'acc_243' <Predicate = true> <Delay = 0.00>
ST_4 : Operation 76 [1/1] (0.00ns)   --->   "%acc_341 = phi i16 65344, void %entry, i16 %acc_3, void %for.body19.i.split_ifconv, i16 65344, void %for.body51.i"   --->   Operation 76 'phi' 'acc_341' <Predicate = true> <Delay = 0.00>
ST_4 : Operation 77 [1/1] (0.00ns)   --->   "%acc_439 = phi i16 72, void %entry, i16 %acc_4, void %for.body19.i.split_ifconv, i16 72, void %for.body51.i"   --->   Operation 77 'phi' 'acc_439' <Predicate = true> <Delay = 0.00>
ST_4 : Operation 78 [1/1] (0.00ns)   --->   "%acc_537 = phi i16 65160, void %entry, i16 %acc_5, void %for.body19.i.split_ifconv, i16 65160, void %for.body51.i"   --->   Operation 78 'phi' 'acc_537' <Predicate = true> <Delay = 0.00>
ST_4 : Operation 79 [1/1] (0.00ns)   --->   "%acc_636 = phi i16 65136, void %entry, i16 %acc_6, void %for.body19.i.split_ifconv, i16 65136, void %for.body51.i"   --->   Operation 79 'phi' 'acc_636' <Predicate = true> <Delay = 0.00>
ST_4 : Operation 80 [1/1] (0.00ns)   --->   "%acc_733 = phi i16 65272, void %entry, i16 %acc_7, void %for.body19.i.split_ifconv, i16 65272, void %for.body51.i"   --->   Operation 80 'phi' 'acc_733' <Predicate = true> <Delay = 0.00>
ST_4 : Operation 81 [1/1] (0.00ns)   --->   "%acc_831 = phi i16 144, void %entry, i16 %acc_8, void %for.body19.i.split_ifconv, i16 144, void %for.body51.i"   --->   Operation 81 'phi' 'acc_831' <Predicate = true> <Delay = 0.00>
ST_4 : Operation 82 [1/1] (0.00ns)   --->   "%acc_929 = phi i16 136, void %entry, i16 %acc_9, void %for.body19.i.split_ifconv, i16 136, void %for.body51.i"   --->   Operation 82 'phi' 'acc_929' <Predicate = true> <Delay = 0.00>
ST_4 : Operation 83 [1/1] (0.00ns)   --->   "%acc_1027 = phi i16 240, void %entry, i16 %acc_10, void %for.body19.i.split_ifconv, i16 240, void %for.body51.i"   --->   Operation 83 'phi' 'acc_1027' <Predicate = true> <Delay = 0.00>
ST_4 : Operation 84 [1/1] (0.00ns)   --->   "%acc_1125 = phi i16 65080, void %entry, i16 %acc_11, void %for.body19.i.split_ifconv, i16 65080, void %for.body51.i"   --->   Operation 84 'phi' 'acc_1125' <Predicate = true> <Delay = 0.00>
ST_4 : Operation 85 [1/1] (0.00ns)   --->   "%acc_1224 = phi i16 65296, void %entry, i16 %acc_12, void %for.body19.i.split_ifconv, i16 65296, void %for.body51.i"   --->   Operation 85 'phi' 'acc_1224' <Predicate = true> <Delay = 0.00>
ST_4 : Operation 86 [1/1] (0.00ns)   --->   "%acc_1321 = phi i16 592, void %entry, i16 %acc_13, void %for.body19.i.split_ifconv, i16 592, void %for.body51.i"   --->   Operation 86 'phi' 'acc_1321' <Predicate = true> <Delay = 0.00>
ST_4 : Operation 87 [1/1] (0.00ns)   --->   "%acc_1419 = phi i16 65088, void %entry, i16 %acc_14, void %for.body19.i.split_ifconv, i16 65088, void %for.body51.i"   --->   Operation 87 'phi' 'acc_1419' <Predicate = true> <Delay = 0.00>
ST_4 : Operation 88 [1/1] (0.00ns)   --->   "%acc_1517 = phi i16 65368, void %entry, i16 %acc_15, void %for.body19.i.split_ifconv, i16 65368, void %for.body51.i"   --->   Operation 88 'phi' 'acc_1517' <Predicate = true> <Delay = 0.00>
ST_4 : Operation 89 [1/1] (0.00ns)   --->   "%acc_1615 = phi i16 65480, void %entry, i16 %acc_16, void %for.body19.i.split_ifconv, i16 65480, void %for.body51.i"   --->   Operation 89 'phi' 'acc_1615' <Predicate = true> <Delay = 0.00>
ST_4 : Operation 90 [1/1] (0.00ns)   --->   "%acc_1713 = phi i16 65160, void %entry, i16 %acc_17, void %for.body19.i.split_ifconv, i16 65160, void %for.body51.i"   --->   Operation 90 'phi' 'acc_1713' <Predicate = true> <Delay = 0.00>
ST_4 : Operation 91 [1/1] (0.00ns)   --->   "%acc_1811 = phi i16 96, void %entry, i16 %acc_18, void %for.body19.i.split_ifconv, i16 96, void %for.body51.i"   --->   Operation 91 'phi' 'acc_1811' <Predicate = true> <Delay = 0.00>
ST_4 : Operation 92 [1/1] (0.00ns)   --->   "%acc_199 = phi i16 232, void %entry, i16 %acc_19, void %for.body19.i.split_ifconv, i16 232, void %for.body51.i"   --->   Operation 92 'phi' 'acc_199' <Predicate = true> <Delay = 0.00>
ST_4 : Operation 93 [1/1] (0.00ns)   --->   "%acc_207 = phi i16 65528, void %entry, i16 %acc_20, void %for.body19.i.split_ifconv, i16 65528, void %for.body51.i"   --->   Operation 93 'phi' 'acc_207' <Predicate = true> <Delay = 0.00>
ST_4 : Operation 94 [1/1] (0.00ns)   --->   "%acc_215 = phi i16 416, void %entry, i16 %acc_21, void %for.body19.i.split_ifconv, i16 416, void %for.body51.i"   --->   Operation 94 'phi' 'acc_215' <Predicate = true> <Delay = 0.00>
ST_4 : Operation 95 [1/1] (0.00ns)   --->   "%acc_224 = phi i16 65424, void %entry, i16 %acc_22, void %for.body19.i.split_ifconv, i16 65424, void %for.body51.i"   --->   Operation 95 'phi' 'acc_224' <Predicate = true> <Delay = 0.00>
ST_4 : Operation 96 [1/1] (0.00ns)   --->   "%acc_232 = phi i16 65336, void %entry, i16 %acc_23, void %for.body19.i.split_ifconv, i16 65336, void %for.body51.i"   --->   Operation 96 'phi' 'acc_232' <Predicate = true> <Delay = 0.00>
ST_4 : Operation 97 [1/1] (2.06ns)   --->   "%tmp = sparsemux i16 @_ssdm_op_SparseMux.ap_auto.6i16.i16.i3, i3 0, i16 %acc48, i3 1, i16 %acc_145, i3 2, i16 %acc_243, i3 3, i16 %acc_341, i3 4, i16 %acc_439, i3 5, i16 %acc_537, i16 0, i3 %out_index" [firmware/nnet_utils/nnet_dense_resource.h:133->firmware/nnet_utils/nnet_dense_resource.h:242]   --->   Operation 97 'sparsemux' 'tmp' <Predicate = true> <Delay = 2.06> <CoreInst = "SparseMux">   --->   Core 132 'SparseMux' <Latency = 0> <II = 1> <Delay = 2.06> <FuncUnit> <Opcode : 'sparsemux'> <InPorts = 2> <OutPorts = 1>
ST_4 : Operation 98 [1/1] (0.00ns)   --->   "%sext_ln133 = sext i16 %tmp" [firmware/nnet_utils/nnet_dense_resource.h:133->firmware/nnet_utils/nnet_dense_resource.h:242]   --->   Operation 98 'sext' 'sext_ln133' <Predicate = true> <Delay = 0.00>
ST_4 : Operation 99 [1/1] (0.00ns)   --->   "%sext_ln133_1 = sext i12 %trunc_ln" [firmware/nnet_utils/nnet_dense_resource.h:133->firmware/nnet_utils/nnet_dense_resource.h:242]   --->   Operation 99 'sext' 'sext_ln133_1' <Predicate = true> <Delay = 0.00>
ST_4 : Operation 100 [1/1] (2.07ns)   --->   "%add_ln133 = add i17 %sext_ln133, i17 %sext_ln133_1" [firmware/nnet_utils/nnet_dense_resource.h:133->firmware/nnet_utils/nnet_dense_resource.h:242]   --->   Operation 100 'add' 'add_ln133' <Predicate = true> <Delay = 2.07> <CoreInst = "Adder">   --->   Core 1 'Adder' <Latency = 0> <II = 1> <Delay = 2.07> <FuncUnit> <Opcode : 'add' 'sub'> <InPorts = 2> <OutPorts = 1>
ST_4 : Operation 101 [1/1] (1.65ns)   --->   "%icmp_ln133 = icmp_eq  i3 %out_index, i3 5" [firmware/nnet_utils/nnet_dense_resource.h:133->firmware/nnet_utils/nnet_dense_resource.h:242]   --->   Operation 101 'icmp' 'icmp_ln133' <Predicate = true> <Delay = 1.65> <CoreInst = "Cmp">   --->   Core 9 'Cmp' <Latency = 0> <II = 1> <Delay = 1.65> <FuncUnit> <Opcode : 'seteq' 'setne' 'setle' 'setge' 'setlt' 'setgt'> <InPorts = 2> <OutPorts = 1>
ST_4 : Operation 102 [1/1] (1.65ns)   --->   "%icmp_ln133_1 = icmp_eq  i3 %out_index, i3 4" [firmware/nnet_utils/nnet_dense_resource.h:133->firmware/nnet_utils/nnet_dense_resource.h:242]   --->   Operation 102 'icmp' 'icmp_ln133_1' <Predicate = true> <Delay = 1.65> <CoreInst = "Cmp">   --->   Core 9 'Cmp' <Latency = 0> <II = 1> <Delay = 1.65> <FuncUnit> <Opcode : 'seteq' 'setne' 'setle' 'setge' 'setlt' 'setgt'> <InPorts = 2> <OutPorts = 1>
ST_4 : Operation 103 [1/1] (1.65ns)   --->   "%icmp_ln133_5 = icmp_eq  i3 %out_index, i3 1" [firmware/nnet_utils/nnet_dense_resource.h:133->firmware/nnet_utils/nnet_dense_resource.h:242]   --->   Operation 103 'icmp' 'icmp_ln133_5' <Predicate = true> <Delay = 1.65> <CoreInst = "Cmp">   --->   Core 9 'Cmp' <Latency = 0> <II = 1> <Delay = 1.65> <FuncUnit> <Opcode : 'seteq' 'setne' 'setle' 'setge' 'setlt' 'setgt'> <InPorts = 2> <OutPorts = 1>
ST_4 : Operation 104 [1/1] (2.10ns)   --->   "%icmp_ln133_6 = icmp_ne  i17 %add_ln133, i17 0" [firmware/nnet_utils/nnet_dense_resource.h:133->firmware/nnet_utils/nnet_dense_resource.h:242]   --->   Operation 104 'icmp' 'icmp_ln133_6' <Predicate = true> <Delay = 2.10> <CoreInst = "Cmp">   --->   Core 9 'Cmp' <Latency = 0> <II = 1> <Delay = 2.10> <FuncUnit> <Opcode : 'seteq' 'setne' 'setle' 'setge' 'setlt' 'setgt'> <InPorts = 2> <OutPorts = 1>
ST_4 : Operation 105 [1/1] (0.00ns) (grouped into LUT with out node acc_24)   --->   "%or_ln133 = or i1 %icmp_ln133_5, i1 %icmp_ln133_6" [firmware/nnet_utils/nnet_dense_resource.h:133->firmware/nnet_utils/nnet_dense_resource.h:242]   --->   Operation 105 'or' 'or_ln133' <Predicate = true> <Delay = 0.00> <CoreInst = "LogicGate">   --->   Core 74 'LogicGate' <Latency = 0> <II = 1> <Delay = 0.97> <FuncUnit> <Opcode : 'and' 'or' 'xor'> <InPorts = 2> <OutPorts = 1>
ST_4 : Operation 106 [1/1] (0.00ns) (grouped into LUT with out node acc_24)   --->   "%or_ln133_1 = or i1 %or_ln133, i1 %icmp_ln133" [firmware/nnet_utils/nnet_dense_resource.h:133->firmware/nnet_utils/nnet_dense_resource.h:242]   --->   Operation 106 'or' 'or_ln133_1' <Predicate = true> <Delay = 0.00> <CoreInst = "LogicGate">   --->   Core 74 'LogicGate' <Latency = 0> <II = 1> <Delay = 0.97> <FuncUnit> <Opcode : 'and' 'or' 'xor'> <InPorts = 2> <OutPorts = 1>
ST_4 : Operation 107 [1/1] (0.00ns) (grouped into LUT with out node or_ln133_3)   --->   "%or_ln133_2 = or i1 %icmp_ln133_2, i1 %icmp_ln133_1" [firmware/nnet_utils/nnet_dense_resource.h:133->firmware/nnet_utils/nnet_dense_resource.h:242]   --->   Operation 107 'or' 'or_ln133_2' <Predicate = true> <Delay = 0.00> <CoreInst = "LogicGate">   --->   Core 74 'LogicGate' <Latency = 0> <II = 1> <Delay = 0.97> <FuncUnit> <Opcode : 'and' 'or' 'xor'> <InPorts = 2> <OutPorts = 1>
ST_4 : Operation 108 [1/1] (0.97ns) (out node of the LUT)   --->   "%or_ln133_3 = or i1 %or_ln133_2, i1 %icmp_ln133_4" [firmware/nnet_utils/nnet_dense_resource.h:133->firmware/nnet_utils/nnet_dense_resource.h:242]   --->   Operation 108 'or' 'or_ln133_3' <Predicate = true> <Delay = 0.97> <CoreInst = "LogicGate">   --->   Core 74 'LogicGate' <Latency = 0> <II = 1> <Delay = 0.97> <FuncUnit> <Opcode : 'and' 'or' 'xor'> <InPorts = 2> <OutPorts = 1>
ST_4 : Operation 109 [1/1] (0.00ns) (grouped into LUT with out node acc_24)   --->   "%or_ln133_4 = or i1 %or_ln133_3, i1 %or_ln133_1" [firmware/nnet_utils/nnet_dense_resource.h:133->firmware/nnet_utils/nnet_dense_resource.h:242]   --->   Operation 109 'or' 'or_ln133_4' <Predicate = true> <Delay = 0.00> <CoreInst = "LogicGate">   --->   Core 74 'LogicGate' <Latency = 0> <II = 1> <Delay = 0.97> <FuncUnit> <Opcode : 'and' 'or' 'xor'> <InPorts = 2> <OutPorts = 1>
ST_4 : Operation 110 [1/1] (0.97ns) (out node of the LUT)   --->   "%acc_24 = select i1 %or_ln133_4, i16 %acc48, i16 0" [firmware/nnet_utils/nnet_dense_resource.h:133->firmware/nnet_utils/nnet_dense_resource.h:242]   --->   Operation 110 'select' 'acc_24' <Predicate = true> <Delay = 0.97> <CoreInst = "Sel">   --->   Core 73 'Sel' <Latency = 0> <II = 1> <Delay = 0.80> <FuncUnit> <Opcode : 'select'> <InPorts = 3> <OutPorts = 1>
ST_4 : Operation 111 [1/1] (0.00ns)   --->   "%acc_25 = trunc i17 %add_ln133" [firmware/nnet_utils/nnet_dense_resource.h:133->firmware/nnet_utils/nnet_dense_resource.h:242]   --->   Operation 111 'trunc' 'acc_25' <Predicate = true> <Delay = 0.00>
ST_4 : Operation 112 [1/1] (2.06ns)   --->   "%tmp_s = sparsemux i16 @_ssdm_op_SparseMux.ap_auto.6i16.i16.i3, i3 0, i16 %acc_636, i3 1, i16 %acc_733, i3 2, i16 %acc_831, i3 3, i16 %acc_929, i3 4, i16 %acc_1027, i3 5, i16 %acc_1125, i16 0, i3 %out_index" [firmware/nnet_utils/nnet_dense_resource.h:133->firmware/nnet_utils/nnet_dense_resource.h:242]   --->   Operation 112 'sparsemux' 'tmp_s' <Predicate = true> <Delay = 2.06> <CoreInst = "SparseMux">   --->   Core 132 'SparseMux' <Latency = 0> <II = 1> <Delay = 2.06> <FuncUnit> <Opcode : 'sparsemux'> <InPorts = 2> <OutPorts = 1>
ST_4 : Operation 113 [1/1] (0.80ns)   --->   "%acc_5 = select i1 %icmp_ln133, i16 %acc_25, i16 %acc_537" [firmware/nnet_utils/nnet_dense_resource.h:133->firmware/nnet_utils/nnet_dense_resource.h:242]   --->   Operation 113 'select' 'acc_5' <Predicate = true> <Delay = 0.80> <CoreInst = "Sel">   --->   Core 73 'Sel' <Latency = 0> <II = 1> <Delay = 0.80> <FuncUnit> <Opcode : 'select'> <InPorts = 3> <OutPorts = 1>
ST_4 : Operation 114 [1/1] (0.80ns)   --->   "%acc_4 = select i1 %icmp_ln133_1, i16 %acc_25, i16 %acc_439" [firmware/nnet_utils/nnet_dense_resource.h:133->firmware/nnet_utils/nnet_dense_resource.h:242]   --->   Operation 114 'select' 'acc_4' <Predicate = true> <Delay = 0.80> <CoreInst = "Sel">   --->   Core 73 'Sel' <Latency = 0> <II = 1> <Delay = 0.80> <FuncUnit> <Opcode : 'select'> <InPorts = 3> <OutPorts = 1>
ST_4 : Operation 115 [1/1] (0.80ns)   --->   "%acc_3 = select i1 %icmp_ln133_2, i16 %acc_25, i16 %acc_341" [firmware/nnet_utils/nnet_dense_resource.h:133->firmware/nnet_utils/nnet_dense_resource.h:242]   --->   Operation 115 'select' 'acc_3' <Predicate = true> <Delay = 0.80> <CoreInst = "Sel">   --->   Core 73 'Sel' <Latency = 0> <II = 1> <Delay = 0.80> <FuncUnit> <Opcode : 'select'> <InPorts = 3> <OutPorts = 1>
ST_4 : Operation 116 [1/1] (0.80ns)   --->   "%acc_2 = select i1 %icmp_ln133_4, i16 %acc_25, i16 %acc_243" [firmware/nnet_utils/nnet_dense_resource.h:133->firmware/nnet_utils/nnet_dense_resource.h:242]   --->   Operation 116 'select' 'acc_2' <Predicate = true> <Delay = 0.80> <CoreInst = "Sel">   --->   Core 73 'Sel' <Latency = 0> <II = 1> <Delay = 0.80> <FuncUnit> <Opcode : 'select'> <InPorts = 3> <OutPorts = 1>
ST_4 : Operation 117 [1/1] (0.80ns)   --->   "%acc_1 = select i1 %icmp_ln133_5, i16 %acc_25, i16 %acc_145" [firmware/nnet_utils/nnet_dense_resource.h:133->firmware/nnet_utils/nnet_dense_resource.h:242]   --->   Operation 117 'select' 'acc_1' <Predicate = true> <Delay = 0.80> <CoreInst = "Sel">   --->   Core 73 'Sel' <Latency = 0> <II = 1> <Delay = 0.80> <FuncUnit> <Opcode : 'select'> <InPorts = 3> <OutPorts = 1>
ST_4 : Operation 118 [1/1] (0.97ns)   --->   "%or_ln133_5 = or i1 %icmp_ln133_4, i1 %icmp_ln133_2" [firmware/nnet_utils/nnet_dense_resource.h:133->firmware/nnet_utils/nnet_dense_resource.h:242]   --->   Operation 118 'or' 'or_ln133_5' <Predicate = true> <Delay = 0.97> <CoreInst = "LogicGate">   --->   Core 74 'LogicGate' <Latency = 0> <II = 1> <Delay = 0.97> <FuncUnit> <Opcode : 'and' 'or' 'xor'> <InPorts = 2> <OutPorts = 1>
ST_4 : Operation 119 [1/1] (0.00ns) (grouped into LUT with out node or_ln133_8)   --->   "%or_ln133_6 = or i1 %icmp_ln133, i1 %icmp_ln133_1" [firmware/nnet_utils/nnet_dense_resource.h:133->firmware/nnet_utils/nnet_dense_resource.h:242]   --->   Operation 119 'or' 'or_ln133_6' <Predicate = true> <Delay = 0.00> <CoreInst = "LogicGate">   --->   Core 74 'LogicGate' <Latency = 0> <II = 1> <Delay = 0.97> <FuncUnit> <Opcode : 'and' 'or' 'xor'> <InPorts = 2> <OutPorts = 1>
ST_4 : Operation 120 [1/1] (0.00ns) (grouped into LUT with out node or_ln133_8)   --->   "%or_ln133_7 = or i1 %or_ln133_6, i1 %icmp_ln133_5" [firmware/nnet_utils/nnet_dense_resource.h:133->firmware/nnet_utils/nnet_dense_resource.h:242]   --->   Operation 120 'or' 'or_ln133_7' <Predicate = true> <Delay = 0.00> <CoreInst = "LogicGate">   --->   Core 74 'LogicGate' <Latency = 0> <II = 1> <Delay = 0.97> <FuncUnit> <Opcode : 'and' 'or' 'xor'> <InPorts = 2> <OutPorts = 1>
ST_4 : Operation 121 [1/1] (0.97ns) (out node of the LUT)   --->   "%or_ln133_8 = or i1 %or_ln133_7, i1 %or_ln133_5" [firmware/nnet_utils/nnet_dense_resource.h:133->firmware/nnet_utils/nnet_dense_resource.h:242]   --->   Operation 121 'or' 'or_ln133_8' <Predicate = true> <Delay = 0.97> <CoreInst = "LogicGate">   --->   Core 74 'LogicGate' <Latency = 0> <II = 1> <Delay = 0.97> <FuncUnit> <Opcode : 'and' 'or' 'xor'> <InPorts = 2> <OutPorts = 1>
ST_4 : Operation 122 [1/1] (0.00ns)   --->   "%sext_ln133_2 = sext i16 %tmp_s" [firmware/nnet_utils/nnet_dense_resource.h:133->firmware/nnet_utils/nnet_dense_resource.h:242]   --->   Operation 122 'sext' 'sext_ln133_2' <Predicate = true> <Delay = 0.00>
ST_4 : Operation 123 [1/1] (0.00ns)   --->   "%sext_ln133_3 = sext i12 %trunc_ln133_2" [firmware/nnet_utils/nnet_dense_resource.h:133->firmware/nnet_utils/nnet_dense_resource.h:242]   --->   Operation 123 'sext' 'sext_ln133_3' <Predicate = true> <Delay = 0.00>
ST_4 : Operation 124 [1/1] (2.07ns)   --->   "%add_ln133_1 = add i17 %sext_ln133_2, i17 %sext_ln133_3" [firmware/nnet_utils/nnet_dense_resource.h:133->firmware/nnet_utils/nnet_dense_resource.h:242]   --->   Operation 124 'add' 'add_ln133_1' <Predicate = true> <Delay = 2.07> <CoreInst = "Adder">   --->   Core 1 'Adder' <Latency = 0> <II = 1> <Delay = 2.07> <FuncUnit> <Opcode : 'add' 'sub'> <InPorts = 2> <OutPorts = 1>
ST_4 : Operation 125 [1/1] (2.10ns)   --->   "%icmp_ln133_7 = icmp_ne  i17 %add_ln133_1, i17 0" [firmware/nnet_utils/nnet_dense_resource.h:133->firmware/nnet_utils/nnet_dense_resource.h:242]   --->   Operation 125 'icmp' 'icmp_ln133_7' <Predicate = true> <Delay = 2.10> <CoreInst = "Cmp">   --->   Core 9 'Cmp' <Latency = 0> <II = 1> <Delay = 2.10> <FuncUnit> <Opcode : 'seteq' 'setne' 'setle' 'setge' 'setlt' 'setgt'> <InPorts = 2> <OutPorts = 1>
ST_4 : Operation 126 [1/1] (0.00ns) (grouped into LUT with out node acc_26)   --->   "%or_ln133_9 = or i1 %icmp_ln133_5, i1 %icmp_ln133_7" [firmware/nnet_utils/nnet_dense_resource.h:133->firmware/nnet_utils/nnet_dense_resource.h:242]   --->   Operation 126 'or' 'or_ln133_9' <Predicate = true> <Delay = 0.00> <CoreInst = "LogicGate">   --->   Core 74 'LogicGate' <Latency = 0> <II = 1> <Delay = 0.97> <FuncUnit> <Opcode : 'and' 'or' 'xor'> <InPorts = 2> <OutPorts = 1>
ST_4 : Operation 127 [1/1] (0.00ns) (grouped into LUT with out node acc_26)   --->   "%or_ln133_10 = or i1 %or_ln133_9, i1 %icmp_ln133" [firmware/nnet_utils/nnet_dense_resource.h:133->firmware/nnet_utils/nnet_dense_resource.h:242]   --->   Operation 127 'or' 'or_ln133_10' <Predicate = true> <Delay = 0.00> <CoreInst = "LogicGate">   --->   Core 74 'LogicGate' <Latency = 0> <II = 1> <Delay = 0.97> <FuncUnit> <Opcode : 'and' 'or' 'xor'> <InPorts = 2> <OutPorts = 1>
ST_4 : Operation 128 [1/1] (0.00ns) (grouped into LUT with out node acc_26)   --->   "%or_ln133_11 = or i1 %or_ln133_3, i1 %or_ln133_10" [firmware/nnet_utils/nnet_dense_resource.h:133->firmware/nnet_utils/nnet_dense_resource.h:242]   --->   Operation 128 'or' 'or_ln133_11' <Predicate = true> <Delay = 0.00> <CoreInst = "LogicGate">   --->   Core 74 'LogicGate' <Latency = 0> <II = 1> <Delay = 0.97> <FuncUnit> <Opcode : 'and' 'or' 'xor'> <InPorts = 2> <OutPorts = 1>
ST_4 : Operation 129 [1/1] (0.97ns) (out node of the LUT)   --->   "%acc_26 = select i1 %or_ln133_11, i16 %acc_636, i16 0" [firmware/nnet_utils/nnet_dense_resource.h:133->firmware/nnet_utils/nnet_dense_resource.h:242]   --->   Operation 129 'select' 'acc_26' <Predicate = true> <Delay = 0.97> <CoreInst = "Sel">   --->   Core 73 'Sel' <Latency = 0> <II = 1> <Delay = 0.80> <FuncUnit> <Opcode : 'select'> <InPorts = 3> <OutPorts = 1>
ST_4 : Operation 130 [1/1] (0.00ns)   --->   "%acc_27 = trunc i17 %add_ln133_1" [firmware/nnet_utils/nnet_dense_resource.h:133->firmware/nnet_utils/nnet_dense_resource.h:242]   --->   Operation 130 'trunc' 'acc_27' <Predicate = true> <Delay = 0.00>
ST_4 : Operation 131 [1/1] (2.06ns)   --->   "%tmp_9064 = sparsemux i16 @_ssdm_op_SparseMux.ap_auto.6i16.i16.i3, i3 0, i16 %acc_1224, i3 1, i16 %acc_1321, i3 2, i16 %acc_1419, i3 3, i16 %acc_1517, i3 4, i16 %acc_1615, i3 5, i16 %acc_1713, i16 0, i3 %out_index" [firmware/nnet_utils/nnet_dense_resource.h:133->firmware/nnet_utils/nnet_dense_resource.h:242]   --->   Operation 131 'sparsemux' 'tmp_9064' <Predicate = true> <Delay = 2.06> <CoreInst = "SparseMux">   --->   Core 132 'SparseMux' <Latency = 0> <II = 1> <Delay = 2.06> <FuncUnit> <Opcode : 'sparsemux'> <InPorts = 2> <OutPorts = 1>
ST_4 : Operation 132 [1/1] (0.80ns)   --->   "%acc_11 = select i1 %icmp_ln133, i16 %acc_27, i16 %acc_1125" [firmware/nnet_utils/nnet_dense_resource.h:133->firmware/nnet_utils/nnet_dense_resource.h:242]   --->   Operation 132 'select' 'acc_11' <Predicate = true> <Delay = 0.80> <CoreInst = "Sel">   --->   Core 73 'Sel' <Latency = 0> <II = 1> <Delay = 0.80> <FuncUnit> <Opcode : 'select'> <InPorts = 3> <OutPorts = 1>
ST_4 : Operation 133 [1/1] (0.80ns)   --->   "%acc_10 = select i1 %icmp_ln133_1, i16 %acc_27, i16 %acc_1027" [firmware/nnet_utils/nnet_dense_resource.h:133->firmware/nnet_utils/nnet_dense_resource.h:242]   --->   Operation 133 'select' 'acc_10' <Predicate = true> <Delay = 0.80> <CoreInst = "Sel">   --->   Core 73 'Sel' <Latency = 0> <II = 1> <Delay = 0.80> <FuncUnit> <Opcode : 'select'> <InPorts = 3> <OutPorts = 1>
ST_4 : Operation 134 [1/1] (0.80ns)   --->   "%acc_9 = select i1 %icmp_ln133_2, i16 %acc_27, i16 %acc_929" [firmware/nnet_utils/nnet_dense_resource.h:133->firmware/nnet_utils/nnet_dense_resource.h:242]   --->   Operation 134 'select' 'acc_9' <Predicate = true> <Delay = 0.80> <CoreInst = "Sel">   --->   Core 73 'Sel' <Latency = 0> <II = 1> <Delay = 0.80> <FuncUnit> <Opcode : 'select'> <InPorts = 3> <OutPorts = 1>
ST_4 : Operation 135 [1/1] (0.80ns)   --->   "%acc_8 = select i1 %icmp_ln133_4, i16 %acc_27, i16 %acc_831" [firmware/nnet_utils/nnet_dense_resource.h:133->firmware/nnet_utils/nnet_dense_resource.h:242]   --->   Operation 135 'select' 'acc_8' <Predicate = true> <Delay = 0.80> <CoreInst = "Sel">   --->   Core 73 'Sel' <Latency = 0> <II = 1> <Delay = 0.80> <FuncUnit> <Opcode : 'select'> <InPorts = 3> <OutPorts = 1>
ST_4 : Operation 136 [1/1] (0.80ns)   --->   "%acc_7 = select i1 %icmp_ln133_5, i16 %acc_27, i16 %acc_733" [firmware/nnet_utils/nnet_dense_resource.h:133->firmware/nnet_utils/nnet_dense_resource.h:242]   --->   Operation 136 'select' 'acc_7' <Predicate = true> <Delay = 0.80> <CoreInst = "Sel">   --->   Core 73 'Sel' <Latency = 0> <II = 1> <Delay = 0.80> <FuncUnit> <Opcode : 'select'> <InPorts = 3> <OutPorts = 1>
ST_4 : Operation 137 [1/1] (0.00ns)   --->   "%sext_ln133_4 = sext i16 %tmp_9064" [firmware/nnet_utils/nnet_dense_resource.h:133->firmware/nnet_utils/nnet_dense_resource.h:242]   --->   Operation 137 'sext' 'sext_ln133_4' <Predicate = true> <Delay = 0.00>
ST_4 : Operation 138 [1/1] (0.00ns)   --->   "%sext_ln133_5 = sext i12 %trunc_ln133_4" [firmware/nnet_utils/nnet_dense_resource.h:133->firmware/nnet_utils/nnet_dense_resource.h:242]   --->   Operation 138 'sext' 'sext_ln133_5' <Predicate = true> <Delay = 0.00>
ST_4 : Operation 139 [1/1] (2.07ns)   --->   "%add_ln133_2 = add i17 %sext_ln133_4, i17 %sext_ln133_5" [firmware/nnet_utils/nnet_dense_resource.h:133->firmware/nnet_utils/nnet_dense_resource.h:242]   --->   Operation 139 'add' 'add_ln133_2' <Predicate = true> <Delay = 2.07> <CoreInst = "Adder">   --->   Core 1 'Adder' <Latency = 0> <II = 1> <Delay = 2.07> <FuncUnit> <Opcode : 'add' 'sub'> <InPorts = 2> <OutPorts = 1>
ST_4 : Operation 140 [1/1] (2.10ns)   --->   "%icmp_ln133_8 = icmp_ne  i17 %add_ln133_2, i17 0" [firmware/nnet_utils/nnet_dense_resource.h:133->firmware/nnet_utils/nnet_dense_resource.h:242]   --->   Operation 140 'icmp' 'icmp_ln133_8' <Predicate = true> <Delay = 2.10> <CoreInst = "Cmp">   --->   Core 9 'Cmp' <Latency = 0> <II = 1> <Delay = 2.10> <FuncUnit> <Opcode : 'seteq' 'setne' 'setle' 'setge' 'setlt' 'setgt'> <InPorts = 2> <OutPorts = 1>
ST_4 : Operation 141 [1/1] (0.00ns) (grouped into LUT with out node acc_28)   --->   "%or_ln133_12 = or i1 %icmp_ln133_5, i1 %icmp_ln133_8" [firmware/nnet_utils/nnet_dense_resource.h:133->firmware/nnet_utils/nnet_dense_resource.h:242]   --->   Operation 141 'or' 'or_ln133_12' <Predicate = true> <Delay = 0.00> <CoreInst = "LogicGate">   --->   Core 74 'LogicGate' <Latency = 0> <II = 1> <Delay = 0.97> <FuncUnit> <Opcode : 'and' 'or' 'xor'> <InPorts = 2> <OutPorts = 1>
ST_4 : Operation 142 [1/1] (0.00ns) (grouped into LUT with out node acc_28)   --->   "%or_ln133_13 = or i1 %or_ln133_12, i1 %icmp_ln133" [firmware/nnet_utils/nnet_dense_resource.h:133->firmware/nnet_utils/nnet_dense_resource.h:242]   --->   Operation 142 'or' 'or_ln133_13' <Predicate = true> <Delay = 0.00> <CoreInst = "LogicGate">   --->   Core 74 'LogicGate' <Latency = 0> <II = 1> <Delay = 0.97> <FuncUnit> <Opcode : 'and' 'or' 'xor'> <InPorts = 2> <OutPorts = 1>
ST_4 : Operation 143 [1/1] (0.00ns) (grouped into LUT with out node acc_28)   --->   "%or_ln133_14 = or i1 %or_ln133_3, i1 %or_ln133_13" [firmware/nnet_utils/nnet_dense_resource.h:133->firmware/nnet_utils/nnet_dense_resource.h:242]   --->   Operation 143 'or' 'or_ln133_14' <Predicate = true> <Delay = 0.00> <CoreInst = "LogicGate">   --->   Core 74 'LogicGate' <Latency = 0> <II = 1> <Delay = 0.97> <FuncUnit> <Opcode : 'and' 'or' 'xor'> <InPorts = 2> <OutPorts = 1>
ST_4 : Operation 144 [1/1] (0.97ns) (out node of the LUT)   --->   "%acc_28 = select i1 %or_ln133_14, i16 %acc_1224, i16 0" [firmware/nnet_utils/nnet_dense_resource.h:133->firmware/nnet_utils/nnet_dense_resource.h:242]   --->   Operation 144 'select' 'acc_28' <Predicate = true> <Delay = 0.97> <CoreInst = "Sel">   --->   Core 73 'Sel' <Latency = 0> <II = 1> <Delay = 0.80> <FuncUnit> <Opcode : 'select'> <InPorts = 3> <OutPorts = 1>
ST_4 : Operation 145 [1/1] (0.00ns)   --->   "%acc_29 = trunc i17 %add_ln133_2" [firmware/nnet_utils/nnet_dense_resource.h:133->firmware/nnet_utils/nnet_dense_resource.h:242]   --->   Operation 145 'trunc' 'acc_29' <Predicate = true> <Delay = 0.00>
ST_4 : Operation 146 [1/1] (2.06ns)   --->   "%tmp_9065 = sparsemux i16 @_ssdm_op_SparseMux.ap_auto.6i16.i16.i3, i3 0, i16 %acc_1811, i3 1, i16 %acc_199, i3 2, i16 %acc_207, i3 3, i16 %acc_215, i3 4, i16 %acc_224, i3 5, i16 %acc_232, i16 0, i3 %out_index" [firmware/nnet_utils/nnet_dense_resource.h:133->firmware/nnet_utils/nnet_dense_resource.h:242]   --->   Operation 146 'sparsemux' 'tmp_9065' <Predicate = true> <Delay = 2.06> <CoreInst = "SparseMux">   --->   Core 132 'SparseMux' <Latency = 0> <II = 1> <Delay = 2.06> <FuncUnit> <Opcode : 'sparsemux'> <InPorts = 2> <OutPorts = 1>
ST_4 : Operation 147 [1/1] (0.80ns)   --->   "%acc_17 = select i1 %icmp_ln133, i16 %acc_29, i16 %acc_1713" [firmware/nnet_utils/nnet_dense_resource.h:133->firmware/nnet_utils/nnet_dense_resource.h:242]   --->   Operation 147 'select' 'acc_17' <Predicate = true> <Delay = 0.80> <CoreInst = "Sel">   --->   Core 73 'Sel' <Latency = 0> <II = 1> <Delay = 0.80> <FuncUnit> <Opcode : 'select'> <InPorts = 3> <OutPorts = 1>
ST_4 : Operation 148 [1/1] (0.80ns)   --->   "%acc_16 = select i1 %icmp_ln133_1, i16 %acc_29, i16 %acc_1615" [firmware/nnet_utils/nnet_dense_resource.h:133->firmware/nnet_utils/nnet_dense_resource.h:242]   --->   Operation 148 'select' 'acc_16' <Predicate = true> <Delay = 0.80> <CoreInst = "Sel">   --->   Core 73 'Sel' <Latency = 0> <II = 1> <Delay = 0.80> <FuncUnit> <Opcode : 'select'> <InPorts = 3> <OutPorts = 1>
ST_4 : Operation 149 [1/1] (0.80ns)   --->   "%acc_15 = select i1 %icmp_ln133_2, i16 %acc_29, i16 %acc_1517" [firmware/nnet_utils/nnet_dense_resource.h:133->firmware/nnet_utils/nnet_dense_resource.h:242]   --->   Operation 149 'select' 'acc_15' <Predicate = true> <Delay = 0.80> <CoreInst = "Sel">   --->   Core 73 'Sel' <Latency = 0> <II = 1> <Delay = 0.80> <FuncUnit> <Opcode : 'select'> <InPorts = 3> <OutPorts = 1>
ST_4 : Operation 150 [1/1] (0.80ns)   --->   "%acc_14 = select i1 %icmp_ln133_4, i16 %acc_29, i16 %acc_1419" [firmware/nnet_utils/nnet_dense_resource.h:133->firmware/nnet_utils/nnet_dense_resource.h:242]   --->   Operation 150 'select' 'acc_14' <Predicate = true> <Delay = 0.80> <CoreInst = "Sel">   --->   Core 73 'Sel' <Latency = 0> <II = 1> <Delay = 0.80> <FuncUnit> <Opcode : 'select'> <InPorts = 3> <OutPorts = 1>
ST_4 : Operation 151 [1/1] (0.80ns)   --->   "%acc_13 = select i1 %icmp_ln133_5, i16 %acc_29, i16 %acc_1321" [firmware/nnet_utils/nnet_dense_resource.h:133->firmware/nnet_utils/nnet_dense_resource.h:242]   --->   Operation 151 'select' 'acc_13' <Predicate = true> <Delay = 0.80> <CoreInst = "Sel">   --->   Core 73 'Sel' <Latency = 0> <II = 1> <Delay = 0.80> <FuncUnit> <Opcode : 'select'> <InPorts = 3> <OutPorts = 1>
ST_4 : Operation 152 [1/1] (0.00ns)   --->   "%sext_ln133_6 = sext i16 %tmp_9065" [firmware/nnet_utils/nnet_dense_resource.h:133->firmware/nnet_utils/nnet_dense_resource.h:242]   --->   Operation 152 'sext' 'sext_ln133_6' <Predicate = true> <Delay = 0.00>
ST_4 : Operation 153 [1/1] (0.00ns)   --->   "%sext_ln133_7 = sext i12 %trunc_ln133_6" [firmware/nnet_utils/nnet_dense_resource.h:133->firmware/nnet_utils/nnet_dense_resource.h:242]   --->   Operation 153 'sext' 'sext_ln133_7' <Predicate = true> <Delay = 0.00>
ST_4 : Operation 154 [1/1] (2.07ns)   --->   "%add_ln133_3 = add i17 %sext_ln133_6, i17 %sext_ln133_7" [firmware/nnet_utils/nnet_dense_resource.h:133->firmware/nnet_utils/nnet_dense_resource.h:242]   --->   Operation 154 'add' 'add_ln133_3' <Predicate = true> <Delay = 2.07> <CoreInst = "Adder">   --->   Core 1 'Adder' <Latency = 0> <II = 1> <Delay = 2.07> <FuncUnit> <Opcode : 'add' 'sub'> <InPorts = 2> <OutPorts = 1>
ST_4 : Operation 155 [1/1] (2.10ns)   --->   "%icmp_ln133_3 = icmp_eq  i17 %add_ln133_3, i17 0" [firmware/nnet_utils/nnet_dense_resource.h:133->firmware/nnet_utils/nnet_dense_resource.h:242]   --->   Operation 155 'icmp' 'icmp_ln133_3' <Predicate = true> <Delay = 2.10> <CoreInst = "Cmp">   --->   Core 9 'Cmp' <Latency = 0> <II = 1> <Delay = 2.10> <FuncUnit> <Opcode : 'seteq' 'setne' 'setle' 'setge' 'setlt' 'setgt'> <InPorts = 2> <OutPorts = 1>
ST_4 : Operation 156 [1/1] (1.65ns)   --->   "%icmp_ln133_9 = icmp_eq  i3 %out_index, i3 0" [firmware/nnet_utils/nnet_dense_resource.h:133->firmware/nnet_utils/nnet_dense_resource.h:242]   --->   Operation 156 'icmp' 'icmp_ln133_9' <Predicate = true> <Delay = 1.65> <CoreInst = "Cmp">   --->   Core 9 'Cmp' <Latency = 0> <II = 1> <Delay = 1.65> <FuncUnit> <Opcode : 'seteq' 'setne' 'setle' 'setge' 'setlt' 'setgt'> <InPorts = 2> <OutPorts = 1>
ST_4 : Operation 157 [1/1] (0.00ns) (grouped into LUT with out node or_ln133_19)   --->   "%xor_ln133 = xor i1 %icmp_ln133_3, i1 1" [firmware/nnet_utils/nnet_dense_resource.h:133->firmware/nnet_utils/nnet_dense_resource.h:242]   --->   Operation 157 'xor' 'xor_ln133' <Predicate = true> <Delay = 0.00> <CoreInst = "LogicGate">   --->   Core 74 'LogicGate' <Latency = 0> <II = 1> <Delay = 0.97> <FuncUnit> <Opcode : 'and' 'or' 'xor'> <InPorts = 2> <OutPorts = 1>
ST_4 : Operation 158 [1/1] (0.00ns) (grouped into LUT with out node or_ln133_19)   --->   "%or_ln133_15 = or i1 %icmp_ln133_2, i1 %xor_ln133" [firmware/nnet_utils/nnet_dense_resource.h:133->firmware/nnet_utils/nnet_dense_resource.h:242]   --->   Operation 158 'or' 'or_ln133_15' <Predicate = true> <Delay = 0.00> <CoreInst = "LogicGate">   --->   Core 74 'LogicGate' <Latency = 0> <II = 1> <Delay = 0.97> <FuncUnit> <Opcode : 'and' 'or' 'xor'> <InPorts = 2> <OutPorts = 1>
ST_4 : Operation 159 [1/1] (0.00ns) (grouped into LUT with out node or_ln133_19)   --->   "%or_ln133_16 = or i1 %or_ln133_15, i1 %icmp_ln133_1" [firmware/nnet_utils/nnet_dense_resource.h:133->firmware/nnet_utils/nnet_dense_resource.h:242]   --->   Operation 159 'or' 'or_ln133_16' <Predicate = true> <Delay = 0.00> <CoreInst = "LogicGate">   --->   Core 74 'LogicGate' <Latency = 0> <II = 1> <Delay = 0.97> <FuncUnit> <Opcode : 'and' 'or' 'xor'> <InPorts = 2> <OutPorts = 1>
ST_4 : Operation 160 [1/1] (0.00ns) (grouped into LUT with out node or_ln133_19)   --->   "%or_ln133_17 = or i1 %icmp_ln133_5, i1 %icmp_ln133_9" [firmware/nnet_utils/nnet_dense_resource.h:133->firmware/nnet_utils/nnet_dense_resource.h:242]   --->   Operation 160 'or' 'or_ln133_17' <Predicate = true> <Delay = 0.00> <CoreInst = "LogicGate">   --->   Core 74 'LogicGate' <Latency = 0> <II = 1> <Delay = 0.97> <FuncUnit> <Opcode : 'and' 'or' 'xor'> <InPorts = 2> <OutPorts = 1>
ST_4 : Operation 161 [1/1] (0.00ns) (grouped into LUT with out node or_ln133_19)   --->   "%or_ln133_18 = or i1 %or_ln133_17, i1 %icmp_ln133_4" [firmware/nnet_utils/nnet_dense_resource.h:133->firmware/nnet_utils/nnet_dense_resource.h:242]   --->   Operation 161 'or' 'or_ln133_18' <Predicate = true> <Delay = 0.00> <CoreInst = "LogicGate">   --->   Core 74 'LogicGate' <Latency = 0> <II = 1> <Delay = 0.97> <FuncUnit> <Opcode : 'and' 'or' 'xor'> <InPorts = 2> <OutPorts = 1>
ST_4 : Operation 162 [1/1] (0.97ns) (out node of the LUT)   --->   "%or_ln133_19 = or i1 %or_ln133_18, i1 %or_ln133_16" [firmware/nnet_utils/nnet_dense_resource.h:133->firmware/nnet_utils/nnet_dense_resource.h:242]   --->   Operation 162 'or' 'or_ln133_19' <Predicate = true> <Delay = 0.97> <CoreInst = "LogicGate">   --->   Core 74 'LogicGate' <Latency = 0> <II = 1> <Delay = 0.97> <FuncUnit> <Opcode : 'and' 'or' 'xor'> <InPorts = 2> <OutPorts = 1>
ST_4 : Operation 163 [1/1] (0.00ns) (grouped into LUT with out node acc_22)   --->   "%and_ln133 = and i1 %icmp_ln133_3, i1 %icmp_ln133_1" [firmware/nnet_utils/nnet_dense_resource.h:133->firmware/nnet_utils/nnet_dense_resource.h:242]   --->   Operation 163 'and' 'and_ln133' <Predicate = true> <Delay = 0.00> <CoreInst = "LogicGate">   --->   Core 74 'LogicGate' <Latency = 0> <II = 1> <Delay = 0.97> <FuncUnit> <Opcode : 'and' 'or' 'xor'> <InPorts = 2> <OutPorts = 1>
ST_4 : Operation 164 [1/1] (0.00ns) (grouped into LUT with out node acc_22)   --->   "%acc_30 = select i1 %and_ln133, i16 0, i16 %acc_224" [firmware/nnet_utils/nnet_dense_resource.h:133->firmware/nnet_utils/nnet_dense_resource.h:242]   --->   Operation 164 'select' 'acc_30' <Predicate = true> <Delay = 0.00> <CoreInst = "Sel">   --->   Core 73 'Sel' <Latency = 0> <II = 1> <Delay = 0.80> <FuncUnit> <Opcode : 'select'> <InPorts = 3> <OutPorts = 1>
ST_4 : Operation 165 [1/1] (0.00ns)   --->   "%acc_32 = trunc i17 %add_ln133_3" [firmware/nnet_utils/nnet_dense_resource.h:133->firmware/nnet_utils/nnet_dense_resource.h:242]   --->   Operation 165 'trunc' 'acc_32' <Predicate = true> <Delay = 0.00>
ST_4 : Operation 166 [1/1] (0.00ns) (grouped into LUT with out node or_ln133_22)   --->   "%or_ln133_20 = or i1 %icmp_ln133_9, i1 %icmp_ln133" [firmware/nnet_utils/nnet_dense_resource.h:133->firmware/nnet_utils/nnet_dense_resource.h:242]   --->   Operation 166 'or' 'or_ln133_20' <Predicate = true> <Delay = 0.00> <CoreInst = "LogicGate">   --->   Core 74 'LogicGate' <Latency = 0> <II = 1> <Delay = 0.97> <FuncUnit> <Opcode : 'and' 'or' 'xor'> <InPorts = 2> <OutPorts = 1>
ST_4 : Operation 167 [1/1] (0.00ns) (grouped into LUT with out node or_ln133_22)   --->   "%or_ln133_21 = or i1 %or_ln133_20, i1 %icmp_ln133_5" [firmware/nnet_utils/nnet_dense_resource.h:133->firmware/nnet_utils/nnet_dense_resource.h:242]   --->   Operation 167 'or' 'or_ln133_21' <Predicate = true> <Delay = 0.00> <CoreInst = "LogicGate">   --->   Core 74 'LogicGate' <Latency = 0> <II = 1> <Delay = 0.97> <FuncUnit> <Opcode : 'and' 'or' 'xor'> <InPorts = 2> <OutPorts = 1>
ST_4 : Operation 168 [1/1] (0.97ns) (out node of the LUT)   --->   "%or_ln133_22 = or i1 %or_ln133_21, i1 %or_ln133_5" [firmware/nnet_utils/nnet_dense_resource.h:133->firmware/nnet_utils/nnet_dense_resource.h:242]   --->   Operation 168 'or' 'or_ln133_22' <Predicate = true> <Delay = 0.97> <CoreInst = "LogicGate">   --->   Core 74 'LogicGate' <Latency = 0> <II = 1> <Delay = 0.97> <FuncUnit> <Opcode : 'and' 'or' 'xor'> <InPorts = 2> <OutPorts = 1>
ST_4 : Operation 169 [1/1] (0.97ns) (out node of the LUT)   --->   "%acc_22 = select i1 %or_ln133_22, i16 %acc_30, i16 %acc_32" [firmware/nnet_utils/nnet_dense_resource.h:133->firmware/nnet_utils/nnet_dense_resource.h:242]   --->   Operation 169 'select' 'acc_22' <Predicate = true> <Delay = 0.97> <CoreInst = "Sel">   --->   Core 73 'Sel' <Latency = 0> <II = 1> <Delay = 0.80> <FuncUnit> <Opcode : 'select'> <InPorts = 3> <OutPorts = 1>
ST_4 : Operation 170 [1/1] (0.80ns)   --->   "%acc_21 = select i1 %icmp_ln133_2, i16 %acc_32, i16 %acc_215" [firmware/nnet_utils/nnet_dense_resource.h:133->firmware/nnet_utils/nnet_dense_resource.h:242]   --->   Operation 170 'select' 'acc_21' <Predicate = true> <Delay = 0.80> <CoreInst = "Sel">   --->   Core 73 'Sel' <Latency = 0> <II = 1> <Delay = 0.80> <FuncUnit> <Opcode : 'select'> <InPorts = 3> <OutPorts = 1>
ST_4 : Operation 171 [1/1] (0.80ns)   --->   "%acc_20 = select i1 %icmp_ln133_4, i16 %acc_32, i16 %acc_207" [firmware/nnet_utils/nnet_dense_resource.h:133->firmware/nnet_utils/nnet_dense_resource.h:242]   --->   Operation 171 'select' 'acc_20' <Predicate = true> <Delay = 0.80> <CoreInst = "Sel">   --->   Core 73 'Sel' <Latency = 0> <II = 1> <Delay = 0.80> <FuncUnit> <Opcode : 'select'> <InPorts = 3> <OutPorts = 1>
ST_4 : Operation 172 [1/1] (0.80ns)   --->   "%acc_19 = select i1 %icmp_ln133_5, i16 %acc_32, i16 %acc_199" [firmware/nnet_utils/nnet_dense_resource.h:133->firmware/nnet_utils/nnet_dense_resource.h:242]   --->   Operation 172 'select' 'acc_19' <Predicate = true> <Delay = 0.80> <CoreInst = "Sel">   --->   Core 73 'Sel' <Latency = 0> <II = 1> <Delay = 0.80> <FuncUnit> <Opcode : 'select'> <InPorts = 3> <OutPorts = 1>
ST_4 : Operation 173 [1/1] (0.80ns)   --->   "%acc_18 = select i1 %icmp_ln133_9, i16 %acc_32, i16 %acc_1811" [firmware/nnet_utils/nnet_dense_resource.h:133->firmware/nnet_utils/nnet_dense_resource.h:242]   --->   Operation 173 'select' 'acc_18' <Predicate = true> <Delay = 0.80> <CoreInst = "Sel">   --->   Core 73 'Sel' <Latency = 0> <II = 1> <Delay = 0.80> <FuncUnit> <Opcode : 'select'> <InPorts = 3> <OutPorts = 1>

State 5 <SV = 4> <Delay = 9.61>
ST_5 : Operation 174 [1/1] (0.00ns)   --->   "%specpipeline_ln125 = specpipeline void @_ssdm_op_SpecPipeline, i32 1, i32 0, i32 0, i32 1, void @empty_0" [firmware/nnet_utils/nnet_dense_resource.h:125->firmware/nnet_utils/nnet_dense_resource.h:242]   --->   Operation 174 'specpipeline' 'specpipeline_ln125' <Predicate = true> <Delay = 0.00>
ST_5 : Operation 175 [1/1] (0.00ns)   --->   "%speclooptripcount_ln100 = speclooptripcount void @_ssdm_op_SpecLoopTripCount, i64 18, i64 18, i64 18" [firmware/nnet_utils/nnet_dense_resource.h:100->firmware/nnet_utils/nnet_dense_resource.h:242]   --->   Operation 175 'speclooptripcount' 'speclooptripcount_ln100' <Predicate = true> <Delay = 0.00>
ST_5 : Operation 176 [1/1] (0.00ns)   --->   "%specloopname_ln124 = specloopname void @_ssdm_op_SpecLoopName, void @empty_1" [firmware/nnet_utils/nnet_dense_resource.h:124->firmware/nnet_utils/nnet_dense_resource.h:242]   --->   Operation 176 'specloopname' 'specloopname_ln124' <Predicate = true> <Delay = 0.00>
ST_5 : Operation 177 [1/1] (0.80ns) (out node of the LUT)   --->   "%acc = select i1 %or_ln133_8, i16 %acc_24, i16 %acc_25" [firmware/nnet_utils/nnet_dense_resource.h:133->firmware/nnet_utils/nnet_dense_resource.h:242]   --->   Operation 177 'select' 'acc' <Predicate = true> <Delay = 0.80> <CoreInst = "Sel">   --->   Core 73 'Sel' <Latency = 0> <II = 1> <Delay = 0.80> <FuncUnit> <Opcode : 'select'> <InPorts = 3> <OutPorts = 1>
ST_5 : Operation 178 [1/1] (0.80ns) (out node of the LUT)   --->   "%acc_6 = select i1 %or_ln133_8, i16 %acc_26, i16 %acc_27" [firmware/nnet_utils/nnet_dense_resource.h:133->firmware/nnet_utils/nnet_dense_resource.h:242]   --->   Operation 178 'select' 'acc_6' <Predicate = true> <Delay = 0.80> <CoreInst = "Sel">   --->   Core 73 'Sel' <Latency = 0> <II = 1> <Delay = 0.80> <FuncUnit> <Opcode : 'select'> <InPorts = 3> <OutPorts = 1>
ST_5 : Operation 179 [1/1] (0.80ns) (out node of the LUT)   --->   "%acc_12 = select i1 %or_ln133_8, i16 %acc_28, i16 %acc_29" [firmware/nnet_utils/nnet_dense_resource.h:133->firmware/nnet_utils/nnet_dense_resource.h:242]   --->   Operation 179 'select' 'acc_12' <Predicate = true> <Delay = 0.80> <CoreInst = "Sel">   --->   Core 73 'Sel' <Latency = 0> <II = 1> <Delay = 0.80> <FuncUnit> <Opcode : 'select'> <InPorts = 3> <OutPorts = 1>
ST_5 : Operation 180 [1/1] (0.00ns) (grouped into LUT with out node acc_23)   --->   "%acc_31 = select i1 %or_ln133_19, i16 %acc_232, i16 0" [firmware/nnet_utils/nnet_dense_resource.h:133->firmware/nnet_utils/nnet_dense_resource.h:242]   --->   Operation 180 'select' 'acc_31' <Predicate = (!icmp_ln133)> <Delay = 0.00> <CoreInst = "Sel">   --->   Core 73 'Sel' <Latency = 0> <II = 1> <Delay = 0.80> <FuncUnit> <Opcode : 'select'> <InPorts = 3> <OutPorts = 1>
ST_5 : Operation 181 [1/1] (0.80ns) (out node of the LUT)   --->   "%acc_23 = select i1 %icmp_ln133, i16 %acc_32, i16 %acc_31" [firmware/nnet_utils/nnet_dense_resource.h:133->firmware/nnet_utils/nnet_dense_resource.h:242]   --->   Operation 181 'select' 'acc_23' <Predicate = true> <Delay = 0.80> <CoreInst = "Sel">   --->   Core 73 'Sel' <Latency = 0> <II = 1> <Delay = 0.80> <FuncUnit> <Opcode : 'select'> <InPorts = 3> <OutPorts = 1>
ST_5 : Operation 182 [1/1] (0.00ns)   --->   "%mrv = insertvalue i384 <undef>, i16 %acc" [firmware/nnet_utils/nnet_dense_resource.h:246]   --->   Operation 182 'insertvalue' 'mrv' <Predicate = (icmp_ln124)> <Delay = 0.00>
ST_5 : Operation 183 [1/1] (0.00ns)   --->   "%mrv_1 = insertvalue i384 %mrv, i16 %acc_1" [firmware/nnet_utils/nnet_dense_resource.h:246]   --->   Operation 183 'insertvalue' 'mrv_1' <Predicate = (icmp_ln124)> <Delay = 0.00>
ST_5 : Operation 184 [1/1] (0.00ns)   --->   "%mrv_2 = insertvalue i384 %mrv_1, i16 %acc_2" [firmware/nnet_utils/nnet_dense_resource.h:246]   --->   Operation 184 'insertvalue' 'mrv_2' <Predicate = (icmp_ln124)> <Delay = 0.00>
ST_5 : Operation 185 [1/1] (0.00ns)   --->   "%mrv_3 = insertvalue i384 %mrv_2, i16 %acc_3" [firmware/nnet_utils/nnet_dense_resource.h:246]   --->   Operation 185 'insertvalue' 'mrv_3' <Predicate = (icmp_ln124)> <Delay = 0.00>
ST_5 : Operation 186 [1/1] (0.00ns)   --->   "%mrv_4 = insertvalue i384 %mrv_3, i16 %acc_4" [firmware/nnet_utils/nnet_dense_resource.h:246]   --->   Operation 186 'insertvalue' 'mrv_4' <Predicate = (icmp_ln124)> <Delay = 0.00>
ST_5 : Operation 187 [1/1] (0.00ns)   --->   "%mrv_5 = insertvalue i384 %mrv_4, i16 %acc_5" [firmware/nnet_utils/nnet_dense_resource.h:246]   --->   Operation 187 'insertvalue' 'mrv_5' <Predicate = (icmp_ln124)> <Delay = 0.00>
ST_5 : Operation 188 [1/1] (0.00ns)   --->   "%mrv_6 = insertvalue i384 %mrv_5, i16 %acc_6" [firmware/nnet_utils/nnet_dense_resource.h:246]   --->   Operation 188 'insertvalue' 'mrv_6' <Predicate = (icmp_ln124)> <Delay = 0.00>
ST_5 : Operation 189 [1/1] (0.00ns)   --->   "%mrv_7 = insertvalue i384 %mrv_6, i16 %acc_7" [firmware/nnet_utils/nnet_dense_resource.h:246]   --->   Operation 189 'insertvalue' 'mrv_7' <Predicate = (icmp_ln124)> <Delay = 0.00>
ST_5 : Operation 190 [1/1] (0.00ns)   --->   "%mrv_8 = insertvalue i384 %mrv_7, i16 %acc_8" [firmware/nnet_utils/nnet_dense_resource.h:246]   --->   Operation 190 'insertvalue' 'mrv_8' <Predicate = (icmp_ln124)> <Delay = 0.00>
ST_5 : Operation 191 [1/1] (0.00ns)   --->   "%mrv_9 = insertvalue i384 %mrv_8, i16 %acc_9" [firmware/nnet_utils/nnet_dense_resource.h:246]   --->   Operation 191 'insertvalue' 'mrv_9' <Predicate = (icmp_ln124)> <Delay = 0.00>
ST_5 : Operation 192 [1/1] (0.00ns)   --->   "%mrv_10 = insertvalue i384 %mrv_9, i16 %acc_10" [firmware/nnet_utils/nnet_dense_resource.h:246]   --->   Operation 192 'insertvalue' 'mrv_10' <Predicate = (icmp_ln124)> <Delay = 0.00>
ST_5 : Operation 193 [1/1] (0.00ns)   --->   "%mrv_11 = insertvalue i384 %mrv_10, i16 %acc_11" [firmware/nnet_utils/nnet_dense_resource.h:246]   --->   Operation 193 'insertvalue' 'mrv_11' <Predicate = (icmp_ln124)> <Delay = 0.00>
ST_5 : Operation 194 [1/1] (0.00ns)   --->   "%mrv_12 = insertvalue i384 %mrv_11, i16 %acc_12" [firmware/nnet_utils/nnet_dense_resource.h:246]   --->   Operation 194 'insertvalue' 'mrv_12' <Predicate = (icmp_ln124)> <Delay = 0.00>
ST_5 : Operation 195 [1/1] (0.00ns)   --->   "%mrv_13 = insertvalue i384 %mrv_12, i16 %acc_13" [firmware/nnet_utils/nnet_dense_resource.h:246]   --->   Operation 195 'insertvalue' 'mrv_13' <Predicate = (icmp_ln124)> <Delay = 0.00>
ST_5 : Operation 196 [1/1] (0.00ns)   --->   "%mrv_14 = insertvalue i384 %mrv_13, i16 %acc_14" [firmware/nnet_utils/nnet_dense_resource.h:246]   --->   Operation 196 'insertvalue' 'mrv_14' <Predicate = (icmp_ln124)> <Delay = 0.00>
ST_5 : Operation 197 [1/1] (0.00ns)   --->   "%mrv_15 = insertvalue i384 %mrv_14, i16 %acc_15" [firmware/nnet_utils/nnet_dense_resource.h:246]   --->   Operation 197 'insertvalue' 'mrv_15' <Predicate = (icmp_ln124)> <Delay = 0.00>
ST_5 : Operation 198 [1/1] (0.00ns)   --->   "%mrv_16 = insertvalue i384 %mrv_15, i16 %acc_16" [firmware/nnet_utils/nnet_dense_resource.h:246]   --->   Operation 198 'insertvalue' 'mrv_16' <Predicate = (icmp_ln124)> <Delay = 0.00>
ST_5 : Operation 199 [1/1] (0.00ns)   --->   "%mrv_17 = insertvalue i384 %mrv_16, i16 %acc_17" [firmware/nnet_utils/nnet_dense_resource.h:246]   --->   Operation 199 'insertvalue' 'mrv_17' <Predicate = (icmp_ln124)> <Delay = 0.00>
ST_5 : Operation 200 [1/1] (0.00ns)   --->   "%mrv_18 = insertvalue i384 %mrv_17, i16 %acc_18" [firmware/nnet_utils/nnet_dense_resource.h:246]   --->   Operation 200 'insertvalue' 'mrv_18' <Predicate = (icmp_ln124)> <Delay = 0.00>
ST_5 : Operation 201 [1/1] (0.00ns)   --->   "%mrv_19 = insertvalue i384 %mrv_18, i16 %acc_19" [firmware/nnet_utils/nnet_dense_resource.h:246]   --->   Operation 201 'insertvalue' 'mrv_19' <Predicate = (icmp_ln124)> <Delay = 0.00>
ST_5 : Operation 202 [1/1] (0.00ns)   --->   "%mrv_20 = insertvalue i384 %mrv_19, i16 %acc_20" [firmware/nnet_utils/nnet_dense_resource.h:246]   --->   Operation 202 'insertvalue' 'mrv_20' <Predicate = (icmp_ln124)> <Delay = 0.00>
ST_5 : Operation 203 [1/1] (0.00ns)   --->   "%mrv_21 = insertvalue i384 %mrv_20, i16 %acc_21" [firmware/nnet_utils/nnet_dense_resource.h:246]   --->   Operation 203 'insertvalue' 'mrv_21' <Predicate = (icmp_ln124)> <Delay = 0.00>
ST_5 : Operation 204 [1/1] (0.00ns)   --->   "%mrv_22 = insertvalue i384 %mrv_21, i16 %acc_22" [firmware/nnet_utils/nnet_dense_resource.h:246]   --->   Operation 204 'insertvalue' 'mrv_22' <Predicate = (icmp_ln124)> <Delay = 0.00>
ST_5 : Operation 205 [1/1] (0.00ns)   --->   "%mrv_23 = insertvalue i384 %mrv_22, i16 %acc_23" [firmware/nnet_utils/nnet_dense_resource.h:246]   --->   Operation 205 'insertvalue' 'mrv_23' <Predicate = (icmp_ln124)> <Delay = 0.00>
ST_5 : Operation 206 [1/1] (0.00ns)   --->   "%return_ln246 = return void @_ssdm_op_Return, i384 %mrv_23" [firmware/nnet_utils/nnet_dense_resource.h:246]   --->   Operation 206 'return' 'return_ln246' <Predicate = (icmp_ln124)> <Delay = 0.00>


============================================================
+ Verbose Summary: Timing violations
============================================================
Target clock period: 5.000ns, clock uncertainty: 0.625ns.

 <State 1>: 5.780ns
The critical path consists of the following:
	multiplexor before 'phi' operation 5 bit ('ir') with incoming values : ('ir', firmware/nnet_utils/nnet_dense_resource.h:124->firmware/nnet_utils/nnet_dense_resource.h:242) [13]  (1.588 ns)
	'phi' operation 5 bit ('ir') with incoming values : ('ir', firmware/nnet_utils/nnet_dense_resource.h:124->firmware/nnet_utils/nnet_dense_resource.h:242) [13]  (0.000 ns)
	'add' operation 7 bit ('add_ln135_2', firmware/nnet_utils/nnet_dense_resource.h:135->firmware/nnet_utils/nnet_dense_resource.h:242) [130]  (1.870 ns)
	'getelementptr' operation 7 bit ('w16_addr_3', firmware/nnet_utils/nnet_dense_resource.h:135->firmware/nnet_utils/nnet_dense_resource.h:242) [132]  (0.000 ns)
	'load' operation 8 bit ('w', firmware/nnet_utils/nnet_dense_resource.h:135->firmware/nnet_utils/nnet_dense_resource.h:242) on array 'w16' [133]  (2.322 ns)

 <State 2>: 6.525ns
The critical path consists of the following:
	'phi' operation 11 bit ('p_read61_rewind', firmware/nnet_utils/nnet_dense_resource.h:124->firmware/nnet_utils/nnet_dense_resource.h:242) with incoming values : ('p_read61', firmware/nnet_utils/nnet_dense_resource.h:124->firmware/nnet_utils/nnet_dense_resource.h:242) [9]  (0.000 ns)
	multiplexor before 'phi' operation 11 bit ('p_read61_phi', firmware/nnet_utils/nnet_dense_resource.h:124->firmware/nnet_utils/nnet_dense_resource.h:242) with incoming values : ('p_read61', firmware/nnet_utils/nnet_dense_resource.h:124->firmware/nnet_utils/nnet_dense_resource.h:242) [45]  (1.588 ns)
	'phi' operation 11 bit ('p_read61_phi', firmware/nnet_utils/nnet_dense_resource.h:124->firmware/nnet_utils/nnet_dense_resource.h:242) with incoming values : ('p_read61', firmware/nnet_utils/nnet_dense_resource.h:124->firmware/nnet_utils/nnet_dense_resource.h:242) [45]  (0.000 ns)
	'sparsemux' operation 11 bit ('a', firmware/nnet_utils/nnet_dense_resource.h:124->firmware/nnet_utils/nnet_dense_resource.h:242) [56]  (1.588 ns)
	'mul' operation 19 bit ('mul_ln73', firmware/nnet_utils/nnet_mult.h:73->firmware/nnet_utils/nnet_dense_resource.h:134->firmware/nnet_utils/nnet_dense_resource.h:242) [61]  (3.349 ns)

 <State 3>: 3.349ns
The critical path consists of the following:
	'mul' operation 19 bit ('mul_ln73', firmware/nnet_utils/nnet_mult.h:73->firmware/nnet_utils/nnet_dense_resource.h:134->firmware/nnet_utils/nnet_dense_resource.h:242) [61]  (3.349 ns)

 <State 4>: 7.227ns
The critical path consists of the following:
	'phi' operation 16 bit ('acc') with incoming values : ('acc', firmware/nnet_utils/nnet_dense_resource.h:133->firmware/nnet_utils/nnet_dense_resource.h:242) [14]  (0.000 ns)
	'sparsemux' operation 16 bit ('tmp', firmware/nnet_utils/nnet_dense_resource.h:133->firmware/nnet_utils/nnet_dense_resource.h:242) [63]  (2.065 ns)
	'add' operation 17 bit ('add_ln133', firmware/nnet_utils/nnet_dense_resource.h:133->firmware/nnet_utils/nnet_dense_resource.h:242) [66]  (2.077 ns)
	'icmp' operation 1 bit ('icmp_ln133_6', firmware/nnet_utils/nnet_dense_resource.h:133->firmware/nnet_utils/nnet_dense_resource.h:242) [72]  (2.107 ns)
	'or' operation 1 bit ('or_ln133', firmware/nnet_utils/nnet_dense_resource.h:133->firmware/nnet_utils/nnet_dense_resource.h:242) [73]  (0.000 ns)
	'or' operation 1 bit ('or_ln133_1', firmware/nnet_utils/nnet_dense_resource.h:133->firmware/nnet_utils/nnet_dense_resource.h:242) [74]  (0.000 ns)
	'or' operation 1 bit ('or_ln133_4', firmware/nnet_utils/nnet_dense_resource.h:133->firmware/nnet_utils/nnet_dense_resource.h:242) [77]  (0.000 ns)
	'select' operation 16 bit ('acc', firmware/nnet_utils/nnet_dense_resource.h:133->firmware/nnet_utils/nnet_dense_resource.h:242) [78]  (0.978 ns)

 <State 5>: 9.620ns
The critical path consists of the following:
	'select' operation 16 bit ('acc', firmware/nnet_utils/nnet_dense_resource.h:133->firmware/nnet_utils/nnet_dense_resource.h:242) [97]  (0.805 ns)
	multiplexor before 'phi' operation 16 bit ('acc') with incoming values : ('acc', firmware/nnet_utils/nnet_dense_resource.h:133->firmware/nnet_utils/nnet_dense_resource.h:242) [14]  (1.588 ns)
	'phi' operation 16 bit ('acc') with incoming values : ('acc', firmware/nnet_utils/nnet_dense_resource.h:133->firmware/nnet_utils/nnet_dense_resource.h:242) [14]  (0.000 ns)
	'sparsemux' operation 16 bit ('tmp', firmware/nnet_utils/nnet_dense_resource.h:133->firmware/nnet_utils/nnet_dense_resource.h:242) [63]  (2.065 ns)
	'add' operation 17 bit ('add_ln133', firmware/nnet_utils/nnet_dense_resource.h:133->firmware/nnet_utils/nnet_dense_resource.h:242) [66]  (2.077 ns)
	'icmp' operation 1 bit ('icmp_ln133_6', firmware/nnet_utils/nnet_dense_resource.h:133->firmware/nnet_utils/nnet_dense_resource.h:242) [72]  (2.107 ns)
	'or' operation 1 bit ('or_ln133', firmware/nnet_utils/nnet_dense_resource.h:133->firmware/nnet_utils/nnet_dense_resource.h:242) [73]  (0.000 ns)
	'or' operation 1 bit ('or_ln133_1', firmware/nnet_utils/nnet_dense_resource.h:133->firmware/nnet_utils/nnet_dense_resource.h:242) [74]  (0.000 ns)
	'or' operation 1 bit ('or_ln133_4', firmware/nnet_utils/nnet_dense_resource.h:133->firmware/nnet_utils/nnet_dense_resource.h:242) [77]  (0.000 ns)
	'select' operation 16 bit ('acc', firmware/nnet_utils/nnet_dense_resource.h:133->firmware/nnet_utils/nnet_dense_resource.h:242) [78]  (0.978 ns)


============================================================
+ Verbose Summary: Binding
============================================================
N/A
* FSMD analyzer results:
  - Output states:
 - Input state : 
  - Chain level:
	State 1
	State 2
	State 3
	State 4
	State 5


============================================================
+ Verbose Summary: Datapath Resource usage 
============================================================
N/A
