

================================================================
== Vitis HLS Report for 'linear_ap_fixed_16_6_5_3_0_ap_fixed_10_1_4_0_0_linear_config6_s'
================================================================
* Date:           Tue May  5 12:03:59 2026

* Version:        2024.1 (Build 5069499 on May 21 2024)
* Project:        myproject_prj
* Solution:       solution1 (Vivado IP Flow Target)
* Product family: zynq
* Target device:  xc7z020-clg400-1


================================================================
== Performance Estimates
================================================================
+ Timing: 
    * Summary: 
    +--------+---------+----------+------------+
    |  Clock |  Target | Estimated| Uncertainty|
    +--------+---------+----------+------------+
    |ap_clk  |  5.00 ns|  3.702 ns|     0.62 ns|
    +--------+---------+----------+------------+

+ Latency: 
    * Summary: 
    +---------+---------+----------+----------+-----+-----+---------+
    |  Latency (cycles) |  Latency (absolute) |  Interval | Pipeline|
    |   min   |   max   |    min   |    max   | min | max |   Type  |
    +---------+---------+----------+----------+-----+-----+---------+
    |        1|        1|  5.000 ns|  5.000 ns|    1|    1|      yes|
    +---------+---------+----------+----------+-----+-----+---------+

    + Detail: 
        * Instance: 
        N/A

        * Loop: 
        N/A

============================================================
+ Verbose Summary: Synthesis Manager
============================================================
InlineROM: 1
ExposeGlobal: 0
============================================================
+ Verbose Summary: CDFG Model
============================================================
IsTopModel: 0
ResetActiveHigh: 1
IsCombinational: 2
IsDatapathOnly: 0
HasWiredReturn: 1
HasMFsm: 2
HasVarLatency: 0
IsPipeline: 1
IsRtlPipelined: 1
IsInstanceOverlapped: 0
IsDontTouch: 0
HasImplIP: 0
IsGatedGlobalClock: 0

+ Individual pipeline summary: 
  * Pipeline-0: initiation interval (II) = 1, depth = 2


============================================================
+ Verbose Summary: Schedule
============================================================
* Number of FSM states : 2
* Pipeline : 1
  Pipeline-0 : II = 1, D = 2, States = { 1 2 }
* Dataflow Pipeline: 0

* FSM state transitions: 
1 --> 2 
2 --> 

* FSM state operations: 

State 1 <SV = 0> <Delay = 3.70>
ST_1 : Operation 3 [1/1] (0.00ns)   --->   "%nModule_read = read i16 @_ssdm_op_Read.ap_auto.i16P0A, i16 %nModule" [firmware/nnet_utils/nnet_activation.h:32]   --->   Operation 3 'read' 'nModule_read' <Predicate = true> <Delay = 0.00>
ST_1 : Operation 4 [1/1] (0.00ns)   --->   "%tmp = bitselect i1 @_ssdm_op_BitSelect.i1.i16.i64, i16 %nModule_read, i64 15" [firmware/nnet_utils/nnet_activation.h:32]   --->   Operation 4 'bitselect' 'tmp' <Predicate = true> <Delay = 0.00>
ST_1 : Operation 5 [1/1] (0.00ns) (grouped into LUT with out node add_ln32)   --->   "%trunc_ln = partselect i10 @_ssdm_op_PartSelect.i10.i16.i32.i32, i16 %nModule_read, i32 1, i32 10" [firmware/nnet_utils/nnet_activation.h:32]   --->   Operation 5 'partselect' 'trunc_ln' <Predicate = true> <Delay = 0.00>
ST_1 : Operation 6 [1/1] (0.00ns) (grouped into LUT with out node add_ln32)   --->   "%trunc_ln32 = trunc i16 %nModule_read" [firmware/nnet_utils/nnet_activation.h:32]   --->   Operation 6 'trunc' 'trunc_ln32' <Predicate = true> <Delay = 0.00>
ST_1 : Operation 7 [1/1] (0.00ns) (grouped into LUT with out node and_ln32_7)   --->   "%tmp_6876 = bitselect i1 @_ssdm_op_BitSelect.i1.i16.i32, i16 %nModule_read, i32 10" [firmware/nnet_utils/nnet_activation.h:32]   --->   Operation 7 'bitselect' 'tmp_6876' <Predicate = true> <Delay = 0.00>
ST_1 : Operation 8 [1/1] (0.00ns) (grouped into LUT with out node add_ln32)   --->   "%tmp_6877 = bitselect i1 @_ssdm_op_BitSelect.i1.i16.i32, i16 %nModule_read, i32 1" [firmware/nnet_utils/nnet_activation.h:32]   --->   Operation 8 'bitselect' 'tmp_6877' <Predicate = true> <Delay = 0.00>
ST_1 : Operation 9 [1/1] (0.00ns) (grouped into LUT with out node add_ln32)   --->   "%and_ln32 = and i1 %tmp_6877, i1 %trunc_ln32" [firmware/nnet_utils/nnet_activation.h:32]   --->   Operation 9 'and' 'and_ln32' <Predicate = true> <Delay = 0.00> <CoreInst = "LogicGate">   --->   Core 74 'LogicGate' <Latency = 0> <II = 1> <Delay = 0.97> <FuncUnit> <Opcode : 'and' 'or' 'xor'> <InPorts = 2> <OutPorts = 1>
ST_1 : Operation 10 [1/1] (0.00ns) (grouped into LUT with out node add_ln32)   --->   "%zext_ln32 = zext i1 %and_ln32" [firmware/nnet_utils/nnet_activation.h:32]   --->   Operation 10 'zext' 'zext_ln32' <Predicate = true> <Delay = 0.00>
ST_1 : Operation 11 [1/1] (1.73ns) (out node of the LUT)   --->   "%add_ln32 = add i10 %trunc_ln, i10 %zext_ln32" [firmware/nnet_utils/nnet_activation.h:32]   --->   Operation 11 'add' 'add_ln32' <Predicate = true> <Delay = 1.73> <CoreInst = "Adder">   --->   Core 1 'Adder' <Latency = 0> <II = 1> <Delay = 1.73> <FuncUnit> <Opcode : 'add' 'sub'> <InPorts = 2> <OutPorts = 1>
ST_1 : Operation 12 [1/1] (0.00ns)   --->   "%tmp_6878 = bitselect i1 @_ssdm_op_BitSelect.i1.i10.i32, i10 %add_ln32, i32 9" [firmware/nnet_utils/nnet_activation.h:32]   --->   Operation 12 'bitselect' 'tmp_6878' <Predicate = true> <Delay = 0.00>
ST_1 : Operation 13 [1/1] (0.00ns) (grouped into LUT with out node and_ln32_7)   --->   "%xor_ln32 = xor i1 %tmp_6878, i1 1" [firmware/nnet_utils/nnet_activation.h:32]   --->   Operation 13 'xor' 'xor_ln32' <Predicate = true> <Delay = 0.00> <CoreInst = "LogicGate">   --->   Core 74 'LogicGate' <Latency = 0> <II = 1> <Delay = 0.97> <FuncUnit> <Opcode : 'and' 'or' 'xor'> <InPorts = 2> <OutPorts = 1>
ST_1 : Operation 14 [1/1] (0.97ns) (out node of the LUT)   --->   "%and_ln32_7 = and i1 %tmp_6876, i1 %xor_ln32" [firmware/nnet_utils/nnet_activation.h:32]   --->   Operation 14 'and' 'and_ln32_7' <Predicate = true> <Delay = 0.97> <CoreInst = "LogicGate">   --->   Core 74 'LogicGate' <Latency = 0> <II = 1> <Delay = 0.97> <FuncUnit> <Opcode : 'and' 'or' 'xor'> <InPorts = 2> <OutPorts = 1>
ST_1 : Operation 15 [1/1] (0.00ns) (grouped into LUT with out node xor_ln32_10)   --->   "%tmp_6879 = bitselect i1 @_ssdm_op_BitSelect.i1.i16.i64, i16 %nModule_read, i64 11" [firmware/nnet_utils/nnet_activation.h:32]   --->   Operation 15 'bitselect' 'tmp_6879' <Predicate = true> <Delay = 0.00>
ST_1 : Operation 16 [1/1] (0.00ns)   --->   "%tmp_s = partselect i4 @_ssdm_op_PartSelect.i4.i16.i32.i32, i16 %nModule_read, i32 12, i32 15" [firmware/nnet_utils/nnet_activation.h:32]   --->   Operation 16 'partselect' 'tmp_s' <Predicate = true> <Delay = 0.00>
ST_1 : Operation 17 [1/1] (1.73ns)   --->   "%icmp_ln32 = icmp_eq  i4 %tmp_s, i4 15" [firmware/nnet_utils/nnet_activation.h:32]   --->   Operation 17 'icmp' 'icmp_ln32' <Predicate = true> <Delay = 1.73> <CoreInst = "Cmp">   --->   Core 9 'Cmp' <Latency = 0> <II = 1> <Delay = 1.73> <FuncUnit> <Opcode : 'seteq' 'setne' 'setle' 'setge' 'setlt' 'setgt'> <InPorts = 2> <OutPorts = 1>
ST_1 : Operation 18 [1/1] (0.00ns)   --->   "%tmp_7289 = partselect i5 @_ssdm_op_PartSelect.i5.i16.i32.i32, i16 %nModule_read, i32 11, i32 15" [firmware/nnet_utils/nnet_activation.h:32]   --->   Operation 18 'partselect' 'tmp_7289' <Predicate = true> <Delay = 0.00>
ST_1 : Operation 19 [1/1] (1.78ns)   --->   "%icmp_ln32_3 = icmp_eq  i5 %tmp_7289, i5 31" [firmware/nnet_utils/nnet_activation.h:32]   --->   Operation 19 'icmp' 'icmp_ln32_3' <Predicate = true> <Delay = 1.78> <CoreInst = "Cmp">   --->   Core 9 'Cmp' <Latency = 0> <II = 1> <Delay = 1.78> <FuncUnit> <Opcode : 'seteq' 'setne' 'setle' 'setge' 'setlt' 'setgt'> <InPorts = 2> <OutPorts = 1>
ST_1 : Operation 20 [1/1] (1.78ns)   --->   "%icmp_ln32_4 = icmp_eq  i5 %tmp_7289, i5 0" [firmware/nnet_utils/nnet_activation.h:32]   --->   Operation 20 'icmp' 'icmp_ln32_4' <Predicate = true> <Delay = 1.78> <CoreInst = "Cmp">   --->   Core 9 'Cmp' <Latency = 0> <II = 1> <Delay = 1.78> <FuncUnit> <Opcode : 'seteq' 'setne' 'setle' 'setge' 'setlt' 'setgt'> <InPorts = 2> <OutPorts = 1>
ST_1 : Operation 21 [1/1] (0.00ns) (grouped into LUT with out node and_ln32_10)   --->   "%select_ln32 = select i1 %and_ln32_7, i1 %icmp_ln32_3, i1 %icmp_ln32_4" [firmware/nnet_utils/nnet_activation.h:32]   --->   Operation 21 'select' 'select_ln32' <Predicate = true> <Delay = 0.00> <CoreInst = "Sel">   --->   Core 73 'Sel' <Latency = 0> <II = 1> <Delay = 0.99> <FuncUnit> <Opcode : 'select'> <InPorts = 3> <OutPorts = 1>
ST_1 : Operation 22 [1/1] (0.00ns) (grouped into LUT with out node xor_ln32_10)   --->   "%xor_ln32_6 = xor i1 %tmp_6879, i1 1" [firmware/nnet_utils/nnet_activation.h:32]   --->   Operation 22 'xor' 'xor_ln32_6' <Predicate = true> <Delay = 0.00> <CoreInst = "LogicGate">   --->   Core 74 'LogicGate' <Latency = 0> <II = 1> <Delay = 0.97> <FuncUnit> <Opcode : 'and' 'or' 'xor'> <InPorts = 2> <OutPorts = 1>
ST_1 : Operation 23 [1/1] (0.00ns) (grouped into LUT with out node xor_ln32_10)   --->   "%and_ln32_8 = and i1 %icmp_ln32, i1 %xor_ln32_6" [firmware/nnet_utils/nnet_activation.h:32]   --->   Operation 23 'and' 'and_ln32_8' <Predicate = true> <Delay = 0.00> <CoreInst = "LogicGate">   --->   Core 74 'LogicGate' <Latency = 0> <II = 1> <Delay = 0.97> <FuncUnit> <Opcode : 'and' 'or' 'xor'> <InPorts = 2> <OutPorts = 1>
ST_1 : Operation 24 [1/1] (0.00ns) (grouped into LUT with out node xor_ln32_10)   --->   "%select_ln32_4 = select i1 %and_ln32_7, i1 %and_ln32_8, i1 %icmp_ln32_3" [firmware/nnet_utils/nnet_activation.h:32]   --->   Operation 24 'select' 'select_ln32_4' <Predicate = true> <Delay = 0.00> <CoreInst = "Sel">   --->   Core 73 'Sel' <Latency = 0> <II = 1> <Delay = 0.99> <FuncUnit> <Opcode : 'select'> <InPorts = 3> <OutPorts = 1>
ST_1 : Operation 25 [1/1] (0.00ns) (grouped into LUT with out node and_ln32_10)   --->   "%xor_ln32_8 = xor i1 %select_ln32, i1 1" [firmware/nnet_utils/nnet_activation.h:32]   --->   Operation 25 'xor' 'xor_ln32_8' <Predicate = true> <Delay = 0.00> <CoreInst = "LogicGate">   --->   Core 74 'LogicGate' <Latency = 0> <II = 1> <Delay = 0.97> <FuncUnit> <Opcode : 'and' 'or' 'xor'> <InPorts = 2> <OutPorts = 1>
ST_1 : Operation 26 [1/1] (0.00ns) (grouped into LUT with out node and_ln32_10)   --->   "%or_ln32 = or i1 %tmp_6878, i1 %xor_ln32_8" [firmware/nnet_utils/nnet_activation.h:32]   --->   Operation 26 'or' 'or_ln32' <Predicate = true> <Delay = 0.00> <CoreInst = "LogicGate">   --->   Core 74 'LogicGate' <Latency = 0> <II = 1> <Delay = 0.97> <FuncUnit> <Opcode : 'and' 'or' 'xor'> <InPorts = 2> <OutPorts = 1>
ST_1 : Operation 27 [1/1] (0.00ns) (grouped into LUT with out node and_ln32_10)   --->   "%xor_ln32_9 = xor i1 %tmp, i1 1" [firmware/nnet_utils/nnet_activation.h:32]   --->   Operation 27 'xor' 'xor_ln32_9' <Predicate = true> <Delay = 0.00> <CoreInst = "LogicGate">   --->   Core 74 'LogicGate' <Latency = 0> <II = 1> <Delay = 0.97> <FuncUnit> <Opcode : 'and' 'or' 'xor'> <InPorts = 2> <OutPorts = 1>
ST_1 : Operation 28 [1/1] (0.99ns) (out node of the LUT)   --->   "%and_ln32_10 = and i1 %or_ln32, i1 %xor_ln32_9" [firmware/nnet_utils/nnet_activation.h:32]   --->   Operation 28 'and' 'and_ln32_10' <Predicate = true> <Delay = 0.99> <CoreInst = "LogicGate">   --->   Core 74 'LogicGate' <Latency = 0> <II = 1> <Delay = 0.97> <FuncUnit> <Opcode : 'and' 'or' 'xor'> <InPorts = 2> <OutPorts = 1>
ST_1 : Operation 29 [1/1] (0.00ns) (grouped into LUT with out node xor_ln32_10)   --->   "%and_ln32_11 = and i1 %tmp_6878, i1 %select_ln32_4" [firmware/nnet_utils/nnet_activation.h:32]   --->   Operation 29 'and' 'and_ln32_11' <Predicate = true> <Delay = 0.00> <CoreInst = "LogicGate">   --->   Core 74 'LogicGate' <Latency = 0> <II = 1> <Delay = 0.97> <FuncUnit> <Opcode : 'and' 'or' 'xor'> <InPorts = 2> <OutPorts = 1>
ST_1 : Operation 30 [1/1] (0.99ns) (out node of the LUT)   --->   "%xor_ln32_10 = xor i1 %and_ln32_11, i1 1" [firmware/nnet_utils/nnet_activation.h:32]   --->   Operation 30 'xor' 'xor_ln32_10' <Predicate = true> <Delay = 0.99> <CoreInst = "LogicGate">   --->   Core 74 'LogicGate' <Latency = 0> <II = 1> <Delay = 0.97> <FuncUnit> <Opcode : 'and' 'or' 'xor'> <InPorts = 2> <OutPorts = 1>

State 2 <SV = 1> <Delay = 1.66>
ST_2 : Operation 31 [1/1] (0.00ns)   --->   "%specpipeline_ln32 = specpipeline void @_ssdm_op_SpecPipeline, i32 4294967295, i32 0, i32 0, i32 0, void @empty_0" [firmware/nnet_utils/nnet_activation.h:32]   --->   Operation 31 'specpipeline' 'specpipeline_ln32' <Predicate = true> <Delay = 0.00>
ST_2 : Operation 32 [1/1] (0.00ns) (grouped into LUT with out node or_ln32_2)   --->   "%and_ln32_9 = and i1 %and_ln32_7, i1 %icmp_ln32_3" [firmware/nnet_utils/nnet_activation.h:32]   --->   Operation 32 'and' 'and_ln32_9' <Predicate = true> <Delay = 0.00> <CoreInst = "LogicGate">   --->   Core 74 'LogicGate' <Latency = 0> <II = 1> <Delay = 0.97> <FuncUnit> <Opcode : 'and' 'or' 'xor'> <InPorts = 2> <OutPorts = 1>
ST_2 : Operation 33 [1/1] (0.00ns) (grouped into LUT with out node or_ln32_2)   --->   "%xor_ln32_7 = xor i1 %and_ln32_9, i1 1" [firmware/nnet_utils/nnet_activation.h:32]   --->   Operation 33 'xor' 'xor_ln32_7' <Predicate = true> <Delay = 0.00> <CoreInst = "LogicGate">   --->   Core 74 'LogicGate' <Latency = 0> <II = 1> <Delay = 0.97> <FuncUnit> <Opcode : 'and' 'or' 'xor'> <InPorts = 2> <OutPorts = 1>
ST_2 : Operation 34 [1/1] (0.00ns) (grouped into LUT with out node or_ln32_2)   --->   "%empty = and i1 %tmp, i1 %xor_ln32_7" [firmware/nnet_utils/nnet_activation.h:32]   --->   Operation 34 'and' 'empty' <Predicate = true> <Delay = 0.00> <CoreInst = "LogicGate">   --->   Core 74 'LogicGate' <Latency = 0> <II = 1> <Delay = 0.97> <FuncUnit> <Opcode : 'and' 'or' 'xor'> <InPorts = 2> <OutPorts = 1>
ST_2 : Operation 35 [1/1] (0.00ns) (grouped into LUT with out node or_ln32_2)   --->   "%and_ln32_12 = and i1 %empty, i1 %xor_ln32_10" [firmware/nnet_utils/nnet_activation.h:32]   --->   Operation 35 'and' 'and_ln32_12' <Predicate = true> <Delay = 0.00> <CoreInst = "LogicGate">   --->   Core 74 'LogicGate' <Latency = 0> <II = 1> <Delay = 0.97> <FuncUnit> <Opcode : 'and' 'or' 'xor'> <InPorts = 2> <OutPorts = 1>
ST_2 : Operation 36 [1/1] (0.00ns) (grouped into LUT with out node select_ln32_6)   --->   "%select_ln32_5 = select i1 %and_ln32_10, i10 511, i10 512" [firmware/nnet_utils/nnet_activation.h:32]   --->   Operation 36 'select' 'select_ln32_5' <Predicate = true> <Delay = 0.00> <CoreInst = "Sel">   --->   Core 73 'Sel' <Latency = 0> <II = 1> <Delay = 0.68> <FuncUnit> <Opcode : 'select'> <InPorts = 3> <OutPorts = 1>
ST_2 : Operation 37 [1/1] (0.97ns) (out node of the LUT)   --->   "%or_ln32_2 = or i1 %and_ln32_10, i1 %and_ln32_12" [firmware/nnet_utils/nnet_activation.h:32]   --->   Operation 37 'or' 'or_ln32_2' <Predicate = true> <Delay = 0.97> <CoreInst = "LogicGate">   --->   Core 74 'LogicGate' <Latency = 0> <II = 1> <Delay = 0.97> <FuncUnit> <Opcode : 'and' 'or' 'xor'> <InPorts = 2> <OutPorts = 1>
ST_2 : Operation 38 [1/1] (0.68ns) (out node of the LUT)   --->   "%select_ln32_6 = select i1 %or_ln32_2, i10 %select_ln32_5, i10 %add_ln32" [firmware/nnet_utils/nnet_activation.h:32]   --->   Operation 38 'select' 'select_ln32_6' <Predicate = true> <Delay = 0.68> <CoreInst = "Sel">   --->   Core 73 'Sel' <Latency = 0> <II = 1> <Delay = 0.68> <FuncUnit> <Opcode : 'select'> <InPorts = 3> <OutPorts = 1>
ST_2 : Operation 39 [1/1] (0.00ns)   --->   "%ret_ln34 = ret i10 %select_ln32_6" [firmware/nnet_utils/nnet_activation.h:34]   --->   Operation 39 'ret' 'ret_ln34' <Predicate = true> <Delay = 0.00>


============================================================
+ Verbose Summary: Binding
============================================================
STG Binding: 
---------------- STG Properties BEGIN ----------------
- Is combinational: 0
- Is one-state seq: 0
- Is datapath-only: 0
- Is pipelined: 1
- Is top level: 0
Port [ Return ] is wired: 1; IO mode=ap_ctrl_hs:ce=0
Port [ nModule]:  wired=1; compound=0; hidden=0; nouse=0; global=0; static=0; extern=0; dir=0; type=0; pingpong=0; private_global=0; IO mode=ap_vld:ce=0
---------------- STG Properties END ------------------

---------------- Datapath Model BEGIN ----------------

<LifeTime>
<method=bitvector/>
nModule_read      (read        ) [ 000]
tmp               (bitselect   ) [ 011]
trunc_ln          (partselect  ) [ 000]
trunc_ln32        (trunc       ) [ 000]
tmp_6876          (bitselect   ) [ 000]
tmp_6877          (bitselect   ) [ 000]
and_ln32          (and         ) [ 000]
zext_ln32         (zext        ) [ 000]
add_ln32          (add         ) [ 011]
tmp_6878          (bitselect   ) [ 000]
xor_ln32          (xor         ) [ 000]
and_ln32_7        (and         ) [ 011]
tmp_6879          (bitselect   ) [ 000]
tmp_s             (partselect  ) [ 000]
icmp_ln32         (icmp        ) [ 000]
tmp_7289          (partselect  ) [ 000]
icmp_ln32_3       (icmp        ) [ 011]
icmp_ln32_4       (icmp        ) [ 000]
select_ln32       (select      ) [ 000]
xor_ln32_6        (xor         ) [ 000]
and_ln32_8        (and         ) [ 000]
select_ln32_4     (select      ) [ 000]
xor_ln32_8        (xor         ) [ 000]
or_ln32           (or          ) [ 000]
xor_ln32_9        (xor         ) [ 000]
and_ln32_10       (and         ) [ 011]
and_ln32_11       (and         ) [ 000]
xor_ln32_10       (xor         ) [ 011]
specpipeline_ln32 (specpipeline) [ 000]
and_ln32_9        (and         ) [ 000]
xor_ln32_7        (xor         ) [ 000]
empty             (and         ) [ 000]
and_ln32_12       (and         ) [ 000]
select_ln32_5     (select      ) [ 000]
or_ln32_2         (or          ) [ 000]
select_ln32_6     (select      ) [ 000]
ret_ln34          (ret         ) [ 000]
</LifeTime>

<model>

<comp_list>
<comp id="0" class="1000" name="nModule">
<pin_list>
<pin id="1" dir="1" index="0" bw="1" slack="0"/>
</pin_list>
<bind>
<StgValue><ssdm name="nModule"/></StgValue>
</bind>
</comp>

<comp id="2" class="1001" name="const_2">
<pin_list>
<pin id="3" dir="1" index="0" bw="1" slack="0"/>
</pin_list>
<bind>
<StgValue><ssdm name="_ssdm_op_Read.ap_auto.i16P0A"/></StgValue>
</bind>
</comp>

<comp id="4" class="1001" name="const_4">
<pin_list>
<pin id="5" dir="1" index="0" bw="1" slack="0"/>
</pin_list>
<bind>
<StgValue><ssdm name="_ssdm_op_BitSelect.i1.i16.i64"/></StgValue>
</bind>
</comp>

<comp id="6" class="1001" name="const_6">
<pin_list>
<pin id="7" dir="1" index="0" bw="1" slack="0"/>
</pin_list>
<bind>
<StgValue><ssdm name=""/></StgValue>
</bind>
</comp>

<comp id="8" class="1001" name="const_8">
<pin_list>
<pin id="9" dir="1" index="0" bw="1" slack="0"/>
</pin_list>
<bind>
<StgValue><ssdm name="_ssdm_op_PartSelect.i10.i16.i32.i32"/></StgValue>
</bind>
</comp>

<comp id="10" class="1001" name="const_10">
<pin_list>
<pin id="11" dir="1" index="0" bw="1" slack="0"/>
</pin_list>
<bind>
<StgValue><ssdm name=""/></StgValue>
</bind>
</comp>

<comp id="12" class="1001" name="const_12">
<pin_list>
<pin id="13" dir="1" index="0" bw="1" slack="0"/>
</pin_list>
<bind>
<StgValue><ssdm name=""/></StgValue>
</bind>
</comp>

<comp id="14" class="1001" name="const_14">
<pin_list>
<pin id="15" dir="1" index="0" bw="1" slack="0"/>
</pin_list>
<bind>
<StgValue><ssdm name="_ssdm_op_BitSelect.i1.i16.i32"/></StgValue>
</bind>
</comp>

<comp id="16" class="1001" name="const_16">
<pin_list>
<pin id="17" dir="1" index="0" bw="1" slack="0"/>
</pin_list>
<bind>
<StgValue><ssdm name="_ssdm_op_BitSelect.i1.i10.i32"/></StgValue>
</bind>
</comp>

<comp id="18" class="1001" name="const_18">
<pin_list>
<pin id="19" dir="1" index="0" bw="1" slack="0"/>
</pin_list>
<bind>
<StgValue><ssdm name=""/></StgValue>
</bind>
</comp>

<comp id="20" class="1001" name="const_20">
<pin_list>
<pin id="21" dir="1" index="0" bw="1" slack="0"/>
</pin_list>
<bind>
<StgValue><ssdm name=""/></StgValue>
</bind>
</comp>

<comp id="22" class="1001" name="const_22">
<pin_list>
<pin id="23" dir="1" index="0" bw="1" slack="0"/>
</pin_list>
<bind>
<StgValue><ssdm name=""/></StgValue>
</bind>
</comp>

<comp id="24" class="1001" name="const_24">
<pin_list>
<pin id="25" dir="1" index="0" bw="1" slack="0"/>
</pin_list>
<bind>
<StgValue><ssdm name="_ssdm_op_PartSelect.i4.i16.i32.i32"/></StgValue>
</bind>
</comp>

<comp id="26" class="1001" name="const_26">
<pin_list>
<pin id="27" dir="1" index="0" bw="1" slack="0"/>
</pin_list>
<bind>
<StgValue><ssdm name=""/></StgValue>
</bind>
</comp>

<comp id="28" class="1001" name="const_28">
<pin_list>
<pin id="29" dir="1" index="0" bw="1" slack="0"/>
</pin_list>
<bind>
<StgValue><ssdm name=""/></StgValue>
</bind>
</comp>

<comp id="30" class="1001" name="const_30">
<pin_list>
<pin id="31" dir="1" index="0" bw="1" slack="0"/>
</pin_list>
<bind>
<StgValue><ssdm name=""/></StgValue>
</bind>
</comp>

<comp id="32" class="1001" name="const_32">
<pin_list>
<pin id="33" dir="1" index="0" bw="1" slack="0"/>
</pin_list>
<bind>
<StgValue><ssdm name="_ssdm_op_PartSelect.i5.i16.i32.i32"/></StgValue>
</bind>
</comp>

<comp id="34" class="1001" name="const_34">
<pin_list>
<pin id="35" dir="1" index="0" bw="1" slack="0"/>
</pin_list>
<bind>
<StgValue><ssdm name=""/></StgValue>
</bind>
</comp>

<comp id="36" class="1001" name="const_36">
<pin_list>
<pin id="37" dir="1" index="0" bw="1" slack="0"/>
</pin_list>
<bind>
<StgValue><ssdm name=""/></StgValue>
</bind>
</comp>

<comp id="38" class="1001" name="const_38">
<pin_list>
<pin id="39" dir="1" index="0" bw="1" slack="0"/>
</pin_list>
<bind>
<StgValue><ssdm name=""/></StgValue>
</bind>
</comp>

<comp id="40" class="1001" name="const_40">
<pin_list>
<pin id="41" dir="1" index="0" bw="1" slack="2147483647"/>
</pin_list>
<bind>
<StgValue><ssdm name="_ssdm_op_SpecPipeline"/></StgValue>
</bind>
</comp>

<comp id="42" class="1001" name="const_42">
<pin_list>
<pin id="43" dir="1" index="0" bw="1" slack="2147483647"/>
</pin_list>
<bind>
<StgValue><ssdm name=""/></StgValue>
</bind>
</comp>

<comp id="44" class="1001" name="const_44">
<pin_list>
<pin id="45" dir="1" index="0" bw="1" slack="2147483647"/>
</pin_list>
<bind>
<StgValue><ssdm name=""/></StgValue>
</bind>
</comp>

<comp id="46" class="1001" name="const_46">
<pin_list>
<pin id="47" dir="1" index="0" bw="1" slack="2147483647"/>
</pin_list>
<bind>
<StgValue><ssdm name="empty_0"/></StgValue>
</bind>
</comp>

<comp id="48" class="1001" name="const_48">
<pin_list>
<pin id="49" dir="1" index="0" bw="1" slack="0"/>
</pin_list>
<bind>
<StgValue><ssdm name=""/></StgValue>
</bind>
</comp>

<comp id="50" class="1001" name="const_50">
<pin_list>
<pin id="51" dir="1" index="0" bw="1" slack="0"/>
</pin_list>
<bind>
<StgValue><ssdm name=""/></StgValue>
</bind>
</comp>

<comp id="52" class="1004" name="nModule_read_read_fu_52">
<pin_list>
<pin id="53" dir="0" index="0" bw="16" slack="0"/>
<pin id="54" dir="0" index="1" bw="16" slack="0"/>
<pin id="55" dir="1" index="2" bw="16" slack="0"/>
</pin_list>
<bind>
<opcode="read(1150) " fcode="read"/>
<opset="nModule_read/1 "/>
</bind>
</comp>

<comp id="58" class="1004" name="tmp_fu_58">
<pin_list>
<pin id="59" dir="0" index="0" bw="1" slack="0"/>
<pin id="60" dir="0" index="1" bw="16" slack="0"/>
<pin id="61" dir="0" index="2" bw="5" slack="0"/>
<pin id="62" dir="1" index="3" bw="1" slack="0"/>
</pin_list>
<bind>
<opcode="bitselect(1000) " fcode="bitselect"/>
<opset="tmp/1 "/>
</bind>
</comp>

<comp id="66" class="1004" name="trunc_ln_fu_66">
<pin_list>
<pin id="67" dir="0" index="0" bw="10" slack="0"/>
<pin id="68" dir="0" index="1" bw="16" slack="0"/>
<pin id="69" dir="0" index="2" bw="1" slack="0"/>
<pin id="70" dir="0" index="3" bw="5" slack="0"/>
<pin id="71" dir="1" index="4" bw="10" slack="0"/>
</pin_list>
<bind>
<opcode="partselect(1002) " fcode="partselect"/>
<opset="trunc_ln/1 "/>
</bind>
</comp>

<comp id="76" class="1004" name="trunc_ln32_fu_76">
<pin_list>
<pin id="77" dir="0" index="0" bw="16" slack="0"/>
<pin id="78" dir="1" index="1" bw="1" slack="0"/>
</pin_list>
<bind>
<opcode="trunc(33) " fcode="trunc"/>
<opset="trunc_ln32/1 "/>
</bind>
</comp>

<comp id="80" class="1004" name="tmp_6876_fu_80">
<pin_list>
<pin id="81" dir="0" index="0" bw="1" slack="0"/>
<pin id="82" dir="0" index="1" bw="16" slack="0"/>
<pin id="83" dir="0" index="2" bw="5" slack="0"/>
<pin id="84" dir="1" index="3" bw="1" slack="0"/>
</pin_list>
<bind>
<opcode="bitselect(1000) " fcode="bitselect"/>
<opset="tmp_6876/1 "/>
</bind>
</comp>

<comp id="88" class="1004" name="tmp_6877_fu_88">
<pin_list>
<pin id="89" dir="0" index="0" bw="1" slack="0"/>
<pin id="90" dir="0" index="1" bw="16" slack="0"/>
<pin id="91" dir="0" index="2" bw="1" slack="0"/>
<pin id="92" dir="1" index="3" bw="1" slack="0"/>
</pin_list>
<bind>
<opcode="bitselect(1000) " fcode="bitselect"/>
<opset="tmp_6877/1 "/>
</bind>
</comp>

<comp id="96" class="1004" name="and_ln32_fu_96">
<pin_list>
<pin id="97" dir="0" index="0" bw="1" slack="0"/>
<pin id="98" dir="0" index="1" bw="1" slack="0"/>
<pin id="99" dir="1" index="2" bw="1" slack="0"/>
</pin_list>
<bind>
<opcode="and(23) " fcode="and"/>
<opset="and_ln32/1 "/>
</bind>
</comp>

<comp id="102" class="1004" name="zext_ln32_fu_102">
<pin_list>
<pin id="103" dir="0" index="0" bw="1" slack="0"/>
<pin id="104" dir="1" index="1" bw="10" slack="0"/>
</pin_list>
<bind>
<opcode="zext(34) " fcode="zext"/>
<opset="zext_ln32/1 "/>
</bind>
</comp>

<comp id="106" class="1004" name="add_ln32_fu_106">
<pin_list>
<pin id="107" dir="0" index="0" bw="10" slack="0"/>
<pin id="108" dir="0" index="1" bw="1" slack="0"/>
<pin id="109" dir="1" index="2" bw="10" slack="0"/>
</pin_list>
<bind>
<opcode="add(8) " fcode="add"/>
<opset="add_ln32/1 "/>
</bind>
</comp>

<comp id="112" class="1004" name="tmp_6878_fu_112">
<pin_list>
<pin id="113" dir="0" index="0" bw="1" slack="0"/>
<pin id="114" dir="0" index="1" bw="10" slack="0"/>
<pin id="115" dir="0" index="2" bw="5" slack="0"/>
<pin id="116" dir="1" index="3" bw="1" slack="0"/>
</pin_list>
<bind>
<opcode="bitselect(1000) " fcode="bitselect"/>
<opset="tmp_6878/1 "/>
</bind>
</comp>

<comp id="120" class="1004" name="xor_ln32_fu_120">
<pin_list>
<pin id="121" dir="0" index="0" bw="1" slack="0"/>
<pin id="122" dir="0" index="1" bw="1" slack="0"/>
<pin id="123" dir="1" index="2" bw="1" slack="0"/>
</pin_list>
<bind>
<opcode="xor(25) " fcode="xor"/>
<opset="xor_ln32/1 "/>
</bind>
</comp>

<comp id="126" class="1004" name="and_ln32_7_fu_126">
<pin_list>
<pin id="127" dir="0" index="0" bw="1" slack="0"/>
<pin id="128" dir="0" index="1" bw="1" slack="0"/>
<pin id="129" dir="1" index="2" bw="1" slack="0"/>
</pin_list>
<bind>
<opcode="and(23) " fcode="and"/>
<opset="and_ln32_7/1 "/>
</bind>
</comp>

<comp id="132" class="1004" name="tmp_6879_fu_132">
<pin_list>
<pin id="133" dir="0" index="0" bw="1" slack="0"/>
<pin id="134" dir="0" index="1" bw="16" slack="0"/>
<pin id="135" dir="0" index="2" bw="5" slack="0"/>
<pin id="136" dir="1" index="3" bw="1" slack="0"/>
</pin_list>
<bind>
<opcode="bitselect(1000) " fcode="bitselect"/>
<opset="tmp_6879/1 "/>
</bind>
</comp>

<comp id="140" class="1004" name="tmp_s_fu_140">
<pin_list>
<pin id="141" dir="0" index="0" bw="4" slack="0"/>
<pin id="142" dir="0" index="1" bw="16" slack="0"/>
<pin id="143" dir="0" index="2" bw="5" slack="0"/>
<pin id="144" dir="0" index="3" bw="5" slack="0"/>
<pin id="145" dir="1" index="4" bw="4" slack="0"/>
</pin_list>
<bind>
<opcode="partselect(1002) " fcode="partselect"/>
<opset="tmp_s/1 "/>
</bind>
</comp>

<comp id="150" class="1004" name="icmp_ln32_fu_150">
<pin_list>
<pin id="151" dir="0" index="0" bw="4" slack="0"/>
<pin id="152" dir="0" index="1" bw="1" slack="0"/>
<pin id="153" dir="1" index="2" bw="1" slack="0"/>
</pin_list>
<bind>
<opcode="icmp(45) " fcode="icmp"/>
<opset="icmp_ln32/1 "/>
</bind>
</comp>

<comp id="156" class="1004" name="tmp_7289_fu_156">
<pin_list>
<pin id="157" dir="0" index="0" bw="5" slack="0"/>
<pin id="158" dir="0" index="1" bw="16" slack="0"/>
<pin id="159" dir="0" index="2" bw="5" slack="0"/>
<pin id="160" dir="0" index="3" bw="5" slack="0"/>
<pin id="161" dir="1" index="4" bw="5" slack="0"/>
</pin_list>
<bind>
<opcode="partselect(1002) " fcode="partselect"/>
<opset="tmp_7289/1 "/>
</bind>
</comp>

<comp id="166" class="1004" name="icmp_ln32_3_fu_166">
<pin_list>
<pin id="167" dir="0" index="0" bw="5" slack="0"/>
<pin id="168" dir="0" index="1" bw="1" slack="0"/>
<pin id="169" dir="1" index="2" bw="1" slack="0"/>
</pin_list>
<bind>
<opcode="icmp(45) " fcode="icmp"/>
<opset="icmp_ln32_3/1 "/>
</bind>
</comp>

<comp id="172" class="1004" name="icmp_ln32_4_fu_172">
<pin_list>
<pin id="173" dir="0" index="0" bw="5" slack="0"/>
<pin id="174" dir="0" index="1" bw="1" slack="0"/>
<pin id="175" dir="1" index="2" bw="1" slack="0"/>
</pin_list>
<bind>
<opcode="icmp(45) " fcode="icmp"/>
<opset="icmp_ln32_4/1 "/>
</bind>
</comp>

<comp id="178" class="1004" name="select_ln32_fu_178">
<pin_list>
<pin id="179" dir="0" index="0" bw="1" slack="0"/>
<pin id="180" dir="0" index="1" bw="1" slack="0"/>
<pin id="181" dir="0" index="2" bw="1" slack="0"/>
<pin id="182" dir="1" index="3" bw="1" slack="0"/>
</pin_list>
<bind>
<opcode="select(49) " fcode="select"/>
<opset="select_ln32/1 "/>
</bind>
</comp>

<comp id="186" class="1004" name="xor_ln32_6_fu_186">
<pin_list>
<pin id="187" dir="0" index="0" bw="1" slack="0"/>
<pin id="188" dir="0" index="1" bw="1" slack="0"/>
<pin id="189" dir="1" index="2" bw="1" slack="0"/>
</pin_list>
<bind>
<opcode="xor(25) " fcode="xor"/>
<opset="xor_ln32_6/1 "/>
</bind>
</comp>

<comp id="192" class="1004" name="and_ln32_8_fu_192">
<pin_list>
<pin id="193" dir="0" index="0" bw="1" slack="0"/>
<pin id="194" dir="0" index="1" bw="1" slack="0"/>
<pin id="195" dir="1" index="2" bw="1" slack="0"/>
</pin_list>
<bind>
<opcode="and(23) " fcode="and"/>
<opset="and_ln32_8/1 "/>
</bind>
</comp>

<comp id="198" class="1004" name="select_ln32_4_fu_198">
<pin_list>
<pin id="199" dir="0" index="0" bw="1" slack="0"/>
<pin id="200" dir="0" index="1" bw="1" slack="0"/>
<pin id="201" dir="0" index="2" bw="1" slack="0"/>
<pin id="202" dir="1" index="3" bw="1" slack="0"/>
</pin_list>
<bind>
<opcode="select(49) " fcode="select"/>
<opset="select_ln32_4/1 "/>
</bind>
</comp>

<comp id="206" class="1004" name="xor_ln32_8_fu_206">
<pin_list>
<pin id="207" dir="0" index="0" bw="1" slack="0"/>
<pin id="208" dir="0" index="1" bw="1" slack="0"/>
<pin id="209" dir="1" index="2" bw="1" slack="0"/>
</pin_list>
<bind>
<opcode="xor(25) " fcode="xor"/>
<opset="xor_ln32_8/1 "/>
</bind>
</comp>

<comp id="212" class="1004" name="or_ln32_fu_212">
<pin_list>
<pin id="213" dir="0" index="0" bw="1" slack="0"/>
<pin id="214" dir="0" index="1" bw="1" slack="0"/>
<pin id="215" dir="1" index="2" bw="1" slack="0"/>
</pin_list>
<bind>
<opcode="or(24) " fcode="or"/>
<opset="or_ln32/1 "/>
</bind>
</comp>

<comp id="218" class="1004" name="xor_ln32_9_fu_218">
<pin_list>
<pin id="219" dir="0" index="0" bw="1" slack="0"/>
<pin id="220" dir="0" index="1" bw="1" slack="0"/>
<pin id="221" dir="1" index="2" bw="1" slack="0"/>
</pin_list>
<bind>
<opcode="xor(25) " fcode="xor"/>
<opset="xor_ln32_9/1 "/>
</bind>
</comp>

<comp id="224" class="1004" name="and_ln32_10_fu_224">
<pin_list>
<pin id="225" dir="0" index="0" bw="1" slack="0"/>
<pin id="226" dir="0" index="1" bw="1" slack="0"/>
<pin id="227" dir="1" index="2" bw="1" slack="1"/>
</pin_list>
<bind>
<opcode="and(23) " fcode="and"/>
<opset="and_ln32_10/1 "/>
</bind>
</comp>

<comp id="230" class="1004" name="and_ln32_11_fu_230">
<pin_list>
<pin id="231" dir="0" index="0" bw="1" slack="0"/>
<pin id="232" dir="0" index="1" bw="1" slack="0"/>
<pin id="233" dir="1" index="2" bw="1" slack="0"/>
</pin_list>
<bind>
<opcode="and(23) " fcode="and"/>
<opset="and_ln32_11/1 "/>
</bind>
</comp>

<comp id="236" class="1004" name="xor_ln32_10_fu_236">
<pin_list>
<pin id="237" dir="0" index="0" bw="1" slack="0"/>
<pin id="238" dir="0" index="1" bw="1" slack="0"/>
<pin id="239" dir="1" index="2" bw="1" slack="1"/>
</pin_list>
<bind>
<opcode="xor(25) " fcode="xor"/>
<opset="xor_ln32_10/1 "/>
</bind>
</comp>

<comp id="242" class="1004" name="and_ln32_9_fu_242">
<pin_list>
<pin id="243" dir="0" index="0" bw="1" slack="1"/>
<pin id="244" dir="0" index="1" bw="1" slack="1"/>
<pin id="245" dir="1" index="2" bw="1" slack="0"/>
</pin_list>
<bind>
<opcode="and(23) " fcode="and"/>
<opset="and_ln32_9/2 "/>
</bind>
</comp>

<comp id="246" class="1004" name="xor_ln32_7_fu_246">
<pin_list>
<pin id="247" dir="0" index="0" bw="1" slack="0"/>
<pin id="248" dir="0" index="1" bw="1" slack="0"/>
<pin id="249" dir="1" index="2" bw="1" slack="0"/>
</pin_list>
<bind>
<opcode="xor(25) " fcode="xor"/>
<opset="xor_ln32_7/2 "/>
</bind>
</comp>

<comp id="252" class="1004" name="empty_fu_252">
<pin_list>
<pin id="253" dir="0" index="0" bw="1" slack="1"/>
<pin id="254" dir="0" index="1" bw="1" slack="0"/>
<pin id="255" dir="1" index="2" bw="1" slack="0"/>
</pin_list>
<bind>
<opcode="and(23) " fcode="and"/>
<opset="empty/2 "/>
</bind>
</comp>

<comp id="257" class="1004" name="and_ln32_12_fu_257">
<pin_list>
<pin id="258" dir="0" index="0" bw="1" slack="0"/>
<pin id="259" dir="0" index="1" bw="1" slack="1"/>
<pin id="260" dir="1" index="2" bw="1" slack="0"/>
</pin_list>
<bind>
<opcode="and(23) " fcode="and"/>
<opset="and_ln32_12/2 "/>
</bind>
</comp>

<comp id="262" class="1004" name="select_ln32_5_fu_262">
<pin_list>
<pin id="263" dir="0" index="0" bw="1" slack="1"/>
<pin id="264" dir="0" index="1" bw="10" slack="0"/>
<pin id="265" dir="0" index="2" bw="10" slack="0"/>
<pin id="266" dir="1" index="3" bw="10" slack="0"/>
</pin_list>
<bind>
<opcode="select(49) " fcode="select"/>
<opset="select_ln32_5/2 "/>
</bind>
</comp>

<comp id="269" class="1004" name="or_ln32_2_fu_269">
<pin_list>
<pin id="270" dir="0" index="0" bw="1" slack="1"/>
<pin id="271" dir="0" index="1" bw="1" slack="0"/>
<pin id="272" dir="1" index="2" bw="1" slack="0"/>
</pin_list>
<bind>
<opcode="or(24) " fcode="or"/>
<opset="or_ln32_2/2 "/>
</bind>
</comp>

<comp id="274" class="1004" name="select_ln32_6_fu_274">
<pin_list>
<pin id="275" dir="0" index="0" bw="1" slack="0"/>
<pin id="276" dir="0" index="1" bw="10" slack="0"/>
<pin id="277" dir="0" index="2" bw="10" slack="1"/>
<pin id="278" dir="1" index="3" bw="10" slack="2147483647"/>
</pin_list>
<bind>
<opcode="select(49) " fcode="select"/>
<opset="select_ln32_6/2 "/>
</bind>
</comp>

<comp id="281" class="1005" name="tmp_reg_281">
<pin_list>
<pin id="282" dir="0" index="0" bw="1" slack="1"/>
<pin id="283" dir="1" index="1" bw="1" slack="1"/>
</pin_list>
<bind>
<opset="tmp "/>
</bind>
</comp>

<comp id="286" class="1005" name="add_ln32_reg_286">
<pin_list>
<pin id="287" dir="0" index="0" bw="10" slack="1"/>
<pin id="288" dir="1" index="1" bw="10" slack="1"/>
</pin_list>
<bind>
<opset="add_ln32 "/>
</bind>
</comp>

<comp id="291" class="1005" name="and_ln32_7_reg_291">
<pin_list>
<pin id="292" dir="0" index="0" bw="1" slack="1"/>
<pin id="293" dir="1" index="1" bw="1" slack="1"/>
</pin_list>
<bind>
<opset="and_ln32_7 "/>
</bind>
</comp>

<comp id="296" class="1005" name="icmp_ln32_3_reg_296">
<pin_list>
<pin id="297" dir="0" index="0" bw="1" slack="1"/>
<pin id="298" dir="1" index="1" bw="1" slack="1"/>
</pin_list>
<bind>
<opset="icmp_ln32_3 "/>
</bind>
</comp>

<comp id="301" class="1005" name="and_ln32_10_reg_301">
<pin_list>
<pin id="302" dir="0" index="0" bw="1" slack="1"/>
<pin id="303" dir="1" index="1" bw="1" slack="1"/>
</pin_list>
<bind>
<opset="and_ln32_10 "/>
</bind>
</comp>

<comp id="307" class="1005" name="xor_ln32_10_reg_307">
<pin_list>
<pin id="308" dir="0" index="0" bw="1" slack="1"/>
<pin id="309" dir="1" index="1" bw="1" slack="1"/>
</pin_list>
<bind>
<opset="xor_ln32_10 "/>
</bind>
</comp>

</comp_list>

<net_list>
<net id="56"><net_src comp="2" pin="0"/><net_sink comp="52" pin=0"/></net>

<net id="57"><net_src comp="0" pin="0"/><net_sink comp="52" pin=1"/></net>

<net id="63"><net_src comp="4" pin="0"/><net_sink comp="58" pin=0"/></net>

<net id="64"><net_src comp="52" pin="2"/><net_sink comp="58" pin=1"/></net>

<net id="65"><net_src comp="6" pin="0"/><net_sink comp="58" pin=2"/></net>

<net id="72"><net_src comp="8" pin="0"/><net_sink comp="66" pin=0"/></net>

<net id="73"><net_src comp="52" pin="2"/><net_sink comp="66" pin=1"/></net>

<net id="74"><net_src comp="10" pin="0"/><net_sink comp="66" pin=2"/></net>

<net id="75"><net_src comp="12" pin="0"/><net_sink comp="66" pin=3"/></net>

<net id="79"><net_src comp="52" pin="2"/><net_sink comp="76" pin=0"/></net>

<net id="85"><net_src comp="14" pin="0"/><net_sink comp="80" pin=0"/></net>

<net id="86"><net_src comp="52" pin="2"/><net_sink comp="80" pin=1"/></net>

<net id="87"><net_src comp="12" pin="0"/><net_sink comp="80" pin=2"/></net>

<net id="93"><net_src comp="14" pin="0"/><net_sink comp="88" pin=0"/></net>

<net id="94"><net_src comp="52" pin="2"/><net_sink comp="88" pin=1"/></net>

<net id="95"><net_src comp="10" pin="0"/><net_sink comp="88" pin=2"/></net>

<net id="100"><net_src comp="88" pin="3"/><net_sink comp="96" pin=0"/></net>

<net id="101"><net_src comp="76" pin="1"/><net_sink comp="96" pin=1"/></net>

<net id="105"><net_src comp="96" pin="2"/><net_sink comp="102" pin=0"/></net>

<net id="110"><net_src comp="66" pin="4"/><net_sink comp="106" pin=0"/></net>

<net id="111"><net_src comp="102" pin="1"/><net_sink comp="106" pin=1"/></net>

<net id="117"><net_src comp="16" pin="0"/><net_sink comp="112" pin=0"/></net>

<net id="118"><net_src comp="106" pin="2"/><net_sink comp="112" pin=1"/></net>

<net id="119"><net_src comp="18" pin="0"/><net_sink comp="112" pin=2"/></net>

<net id="124"><net_src comp="112" pin="3"/><net_sink comp="120" pin=0"/></net>

<net id="125"><net_src comp="20" pin="0"/><net_sink comp="120" pin=1"/></net>

<net id="130"><net_src comp="80" pin="3"/><net_sink comp="126" pin=0"/></net>

<net id="131"><net_src comp="120" pin="2"/><net_sink comp="126" pin=1"/></net>

<net id="137"><net_src comp="4" pin="0"/><net_sink comp="132" pin=0"/></net>

<net id="138"><net_src comp="52" pin="2"/><net_sink comp="132" pin=1"/></net>

<net id="139"><net_src comp="22" pin="0"/><net_sink comp="132" pin=2"/></net>

<net id="146"><net_src comp="24" pin="0"/><net_sink comp="140" pin=0"/></net>

<net id="147"><net_src comp="52" pin="2"/><net_sink comp="140" pin=1"/></net>

<net id="148"><net_src comp="26" pin="0"/><net_sink comp="140" pin=2"/></net>

<net id="149"><net_src comp="28" pin="0"/><net_sink comp="140" pin=3"/></net>

<net id="154"><net_src comp="140" pin="4"/><net_sink comp="150" pin=0"/></net>

<net id="155"><net_src comp="30" pin="0"/><net_sink comp="150" pin=1"/></net>

<net id="162"><net_src comp="32" pin="0"/><net_sink comp="156" pin=0"/></net>

<net id="163"><net_src comp="52" pin="2"/><net_sink comp="156" pin=1"/></net>

<net id="164"><net_src comp="34" pin="0"/><net_sink comp="156" pin=2"/></net>

<net id="165"><net_src comp="28" pin="0"/><net_sink comp="156" pin=3"/></net>

<net id="170"><net_src comp="156" pin="4"/><net_sink comp="166" pin=0"/></net>

<net id="171"><net_src comp="36" pin="0"/><net_sink comp="166" pin=1"/></net>

<net id="176"><net_src comp="156" pin="4"/><net_sink comp="172" pin=0"/></net>

<net id="177"><net_src comp="38" pin="0"/><net_sink comp="172" pin=1"/></net>

<net id="183"><net_src comp="126" pin="2"/><net_sink comp="178" pin=0"/></net>

<net id="184"><net_src comp="166" pin="2"/><net_sink comp="178" pin=1"/></net>

<net id="185"><net_src comp="172" pin="2"/><net_sink comp="178" pin=2"/></net>

<net id="190"><net_src comp="132" pin="3"/><net_sink comp="186" pin=0"/></net>

<net id="191"><net_src comp="20" pin="0"/><net_sink comp="186" pin=1"/></net>

<net id="196"><net_src comp="150" pin="2"/><net_sink comp="192" pin=0"/></net>

<net id="197"><net_src comp="186" pin="2"/><net_sink comp="192" pin=1"/></net>

<net id="203"><net_src comp="126" pin="2"/><net_sink comp="198" pin=0"/></net>

<net id="204"><net_src comp="192" pin="2"/><net_sink comp="198" pin=1"/></net>

<net id="205"><net_src comp="166" pin="2"/><net_sink comp="198" pin=2"/></net>

<net id="210"><net_src comp="178" pin="3"/><net_sink comp="206" pin=0"/></net>

<net id="211"><net_src comp="20" pin="0"/><net_sink comp="206" pin=1"/></net>

<net id="216"><net_src comp="112" pin="3"/><net_sink comp="212" pin=0"/></net>

<net id="217"><net_src comp="206" pin="2"/><net_sink comp="212" pin=1"/></net>

<net id="222"><net_src comp="58" pin="3"/><net_sink comp="218" pin=0"/></net>

<net id="223"><net_src comp="20" pin="0"/><net_sink comp="218" pin=1"/></net>

<net id="228"><net_src comp="212" pin="2"/><net_sink comp="224" pin=0"/></net>

<net id="229"><net_src comp="218" pin="2"/><net_sink comp="224" pin=1"/></net>

<net id="234"><net_src comp="112" pin="3"/><net_sink comp="230" pin=0"/></net>

<net id="235"><net_src comp="198" pin="3"/><net_sink comp="230" pin=1"/></net>

<net id="240"><net_src comp="230" pin="2"/><net_sink comp="236" pin=0"/></net>

<net id="241"><net_src comp="20" pin="0"/><net_sink comp="236" pin=1"/></net>

<net id="250"><net_src comp="242" pin="2"/><net_sink comp="246" pin=0"/></net>

<net id="251"><net_src comp="20" pin="0"/><net_sink comp="246" pin=1"/></net>

<net id="256"><net_src comp="246" pin="2"/><net_sink comp="252" pin=1"/></net>

<net id="261"><net_src comp="252" pin="2"/><net_sink comp="257" pin=0"/></net>

<net id="267"><net_src comp="48" pin="0"/><net_sink comp="262" pin=1"/></net>

<net id="268"><net_src comp="50" pin="0"/><net_sink comp="262" pin=2"/></net>

<net id="273"><net_src comp="257" pin="2"/><net_sink comp="269" pin=1"/></net>

<net id="279"><net_src comp="269" pin="2"/><net_sink comp="274" pin=0"/></net>

<net id="280"><net_src comp="262" pin="3"/><net_sink comp="274" pin=1"/></net>

<net id="284"><net_src comp="58" pin="3"/><net_sink comp="281" pin=0"/></net>

<net id="285"><net_src comp="281" pin="1"/><net_sink comp="252" pin=0"/></net>

<net id="289"><net_src comp="106" pin="2"/><net_sink comp="286" pin=0"/></net>

<net id="290"><net_src comp="286" pin="1"/><net_sink comp="274" pin=2"/></net>

<net id="294"><net_src comp="126" pin="2"/><net_sink comp="291" pin=0"/></net>

<net id="295"><net_src comp="291" pin="1"/><net_sink comp="242" pin=0"/></net>

<net id="299"><net_src comp="166" pin="2"/><net_sink comp="296" pin=0"/></net>

<net id="300"><net_src comp="296" pin="1"/><net_sink comp="242" pin=1"/></net>

<net id="304"><net_src comp="224" pin="2"/><net_sink comp="301" pin=0"/></net>

<net id="305"><net_src comp="301" pin="1"/><net_sink comp="262" pin=0"/></net>

<net id="306"><net_src comp="301" pin="1"/><net_sink comp="269" pin=0"/></net>

<net id="310"><net_src comp="236" pin="2"/><net_sink comp="307" pin=0"/></net>

<net id="311"><net_src comp="307" pin="1"/><net_sink comp="257" pin=1"/></net>

</net_list>

</model> 
---------------- Datapath Model END ------------------

* FSMD analyzer results:
  - Output states:
 - Input state : 
	Port: linear<ap_fixed<16, 6, 5, 3, 0>, ap_fixed<10, 1, 4, 0, 0>, linear_config6> : nModule | {1 }
  - Chain level:
	State 1
		and_ln32 : 1
		zext_ln32 : 1
		add_ln32 : 2
		tmp_6878 : 3
		xor_ln32 : 4
		and_ln32_7 : 4
		icmp_ln32 : 1
		icmp_ln32_3 : 1
		icmp_ln32_4 : 1
		select_ln32 : 4
		xor_ln32_6 : 1
		and_ln32_8 : 2
		select_ln32_4 : 4
		xor_ln32_8 : 5
		or_ln32 : 5
		xor_ln32_9 : 1
		and_ln32_10 : 5
		and_ln32_11 : 5
		xor_ln32_10 : 5
	State 2
		ret_ln34 : 1


============================================================
+ Verbose Summary: Datapath Resource usage 
============================================================

* Functional unit list:
|----------|-------------------------|---------|---------|
| Operation|     Functional Unit     |    FF   |   LUT   |
|----------|-------------------------|---------|---------|
|          |     icmp_ln32_fu_150    |    0    |    13   |
|   icmp   |    icmp_ln32_3_fu_166   |    0    |    13   |
|          |    icmp_ln32_4_fu_172   |    0    |    13   |
|----------|-------------------------|---------|---------|
|          |    select_ln32_fu_178   |    0    |    2    |
|  select  |   select_ln32_4_fu_198  |    0    |    2    |
|          |   select_ln32_5_fu_262  |    0    |    10   |
|          |   select_ln32_6_fu_274  |    0    |    10   |
|----------|-------------------------|---------|---------|
|          |      and_ln32_fu_96     |    0    |    2    |
|          |    and_ln32_7_fu_126    |    0    |    2    |
|          |    and_ln32_8_fu_192    |    0    |    2    |
|    and   |    and_ln32_10_fu_224   |    0    |    2    |
|          |    and_ln32_11_fu_230   |    0    |    2    |
|          |    and_ln32_9_fu_242    |    0    |    2    |
|          |       empty_fu_252      |    0    |    2    |
|          |    and_ln32_12_fu_257   |    0    |    2    |
|----------|-------------------------|---------|---------|
|    add   |     add_ln32_fu_106     |    0    |    13   |
|----------|-------------------------|---------|---------|
|          |     xor_ln32_fu_120     |    0    |    2    |
|          |    xor_ln32_6_fu_186    |    0    |    2    |
|    xor   |    xor_ln32_8_fu_206    |    0    |    2    |
|          |    xor_ln32_9_fu_218    |    0    |    2    |
|          |    xor_ln32_10_fu_236   |    0    |    2    |
|          |    xor_ln32_7_fu_246    |    0    |    2    |
|----------|-------------------------|---------|---------|
|    or    |      or_ln32_fu_212     |    0    |    2    |
|          |     or_ln32_2_fu_269    |    0    |    2    |
|----------|-------------------------|---------|---------|
|   read   | nModule_read_read_fu_52 |    0    |    0    |
|----------|-------------------------|---------|---------|
|          |        tmp_fu_58        |    0    |    0    |
|          |      tmp_6876_fu_80     |    0    |    0    |
| bitselect|      tmp_6877_fu_88     |    0    |    0    |
|          |     tmp_6878_fu_112     |    0    |    0    |
|          |     tmp_6879_fu_132     |    0    |    0    |
|----------|-------------------------|---------|---------|
|          |      trunc_ln_fu_66     |    0    |    0    |
|partselect|       tmp_s_fu_140      |    0    |    0    |
|          |     tmp_7289_fu_156     |    0    |    0    |
|----------|-------------------------|---------|---------|
|   trunc  |     trunc_ln32_fu_76    |    0    |    0    |
|----------|-------------------------|---------|---------|
|   zext   |     zext_ln32_fu_102    |    0    |    0    |
|----------|-------------------------|---------|---------|
|   Total  |                         |    0    |   108   |
|----------|-------------------------|---------|---------|

Memories:
N/A

* Register list:
+-------------------+--------+
|                   |   FF   |
+-------------------+--------+
|  add_ln32_reg_286 |   10   |
|and_ln32_10_reg_301|    1   |
| and_ln32_7_reg_291|    1   |
|icmp_ln32_3_reg_296|    1   |
|    tmp_reg_281    |    1   |
|xor_ln32_10_reg_307|    1   |
+-------------------+--------+
|       Total       |   15   |
+-------------------+--------+

* Multiplexer (MUX) list: 
|--------|------|------|------|--------|
|  Comp  |  Pin | Size |  BW  | S x BW |
|--------|------|------|------|--------|
|  Total |      |      |      |    0   |
|--------|------|------|------|--------|



* Summary:
+-----------+--------+--------+
|           |   FF   |   LUT  |
+-----------+--------+--------+
|  Function |    0   |   108  |
|   Memory  |    -   |    -   |
|Multiplexer|    -   |    -   |
|  Register |   15   |    -   |
+-----------+--------+--------+
|   Total   |   15   |   108  |
+-----------+--------+--------+
