WARN: Unable to import optimizer(s) from expr_templates.py: No module named 'sympy'
WARNING: Failed to import handlers from convolution.py: No module named 'torch'.
WARNING: Failed to import handlers from core.py: No module named 'torch'.
WARNING: Failed to import handlers from merge.py: No module named 'torch'.
WARNING: Failed to import handlers from pooling.py: No module named 'torch'.
WARNING: Failed to import handlers from reshape.py: No module named 'torch'.
Total time: 5289.082567214966
Time per execution: 105.78165148735046
Time per epoch: 4.231266063308716
Total time: 5757.450637102127
Time per execution: 115.1490128660202
Time per epoch: 4.605960517692566
Total time: 6114.408184289932
Time per execution: 122.28816384792327
Time per epoch: 4.891526557350159
Total time: 5508.377338647842
Time per execution: 110.16754694938659
Time per epoch: 4.406701881217956
Total time: 5563.858931541443
Time per execution: 111.27717878341674
Time per epoch: 4.4510871540069585
Total time: 28319.59990978241
